#
# A fatal error has been detected by the Java Runtime Environment:
#
#  EXCEPTION_ACCESS_VIOLATION (0xc0000005) at pc=0x00007ffe7de13716, pid=20920, tid=27048
#
# JRE version: Java(TM) SE Runtime Environment (8.0_51-b16) (build 1.8.0_51-b16)
# Java VM: Java HotSpot(TM) 64-Bit Server VM (25.51-b03 mixed mode windows-amd64 compressed oops)
# Problematic frame:
# C  [PhysXJniBindings_64.dll+0x53716]
#
# Failed to write core dump. Minidumps are not enabled by default on client versions of Windows
#
# If you would like to submit a bug report, please visit:
#   http://bugreport.java.com/bugreport/crash.jsp
# The crash happened outside the Java Virtual Machine in native code.
# See problematic frame for where to report the bug.
#

---------------  T H R E A D  ---------------

Current thread (0x0000000002de4000):  JavaThread "Render thread" [_thread_in_native, id=27048, stack(0x0000000002ce0000,0x0000000002de0000)]

siginfo: ExceptionCode=0xc0000005, reading address 0x0000000000000000

Registers:
RAX=0x0000000000000000, RBX=0x0000000000000018, RCX=0x0000000000000000, RDX=0x0000000000000000
RSP=0x0000000002ddde60, RBP=0x0000000002dddf10, RSI=0x0000000000000003, RDI=0x0000000000000000
R8 =0x0000000000000003, R9 =0x0000000027ee0070, R10=0x0000000002ef57c8, R11=0x0000000052947bb0
R12=0x0000000000000000, R13=0x0000000046234fb8, R14=0x0000000002dddf30, R15=0x0000000002de4000
RIP=0x00007ffe7de13716, EFLAGS=0x0000000000010206

Top of Stack: (sp=0x0000000002ddde60)
0x0000000002ddde60:   000000003e80a7e0 0000000000000000
0x0000000002ddde70:   000000003efff99a 0000000000000000
0x0000000002ddde80:   000000003f00a4a9 0000000000000000
0x0000000002ddde90:   0000000002ee7ced 0000000002ef57f4
0x0000000002dddea0:   0000000046234fb8 00000006552bbaf0
0x0000000002dddeb0:   0000000000000000 0000000002dddf20
0x0000000002dddec0:   00000000a1bba900 0000000000000000
0x0000000002ddded0:   0000000002ddded0 0000000000000000
0x0000000002dddee0:   0000000002dddf30 0000000046237698
0x0000000002dddef0:   0000000000000000 0000000046234fb8
0x0000000002dddf00:   0000000000000000 0000000002dddf30
0x0000000002dddf10:   0000000002dddf78 0000000002ee7800
0x0000000002dddf20:   0000000655296108 0000000002eef977
0x0000000002dddf30:   0000000000000003 0000000002dddf38
0x0000000002dddf40:   0000000046234f11 0000000002dddf88
0x0000000002dddf50:   0000000046237698 0000000000000000 

Instructions: (pc=0x00007ffe7de13716)
0x00007ffe7de136f6:   89 74 24 10 57 48 83 ec 30 48 8b fa 8b f1 ff 15
0x00007ffe7de13706:   86 3c 19 00 48 8b d8 ff 15 35 3c 19 00 48 8b c8
0x00007ffe7de13716:   4c 8b 00 41 ff 50 28 84 c0 75 09 48 8d 05 a0 5e
0x00007ffe7de13726:   12 00 eb 13 48 8d 15 8f 3f 19 00 48 8d 0d 20 2d 


Register to memory mapping:

RAX=0x0000000000000000 is an unknown value
RBX=0x0000000000000018 is an unknown value
RCX=0x0000000000000000 is an unknown value
RDX=0x0000000000000000 is an unknown value
RSP=0x0000000002ddde60 is pointing into the stack for thread: 0x0000000002de4000
RBP=0x0000000002dddf10 is pointing into the stack for thread: 0x0000000002de4000
RSI=0x0000000000000003 is an unknown value
RDI=0x0000000000000000 is an unknown value
R8 =0x0000000000000003 is an unknown value
R9 =0x0000000027ee0070 is an unknown value
R10=0x0000000002ef57c8 is at code_begin+840 in an Interpreter codelet
method entry point (kind = native)  [0x0000000002ef5480, 0x0000000002ef5de0]  2400 bytes
R11=0x0000000052947bb0 is an unknown value
R12=0x0000000000000000 is an unknown value
R13={method} {0x0000000046234fc0} '_DefaultCpuDispatcherCreate' '(I)J' in 'physx/PxTopLevelFunctions'
R14=0x0000000002dddf30 is pointing into the stack for thread: 0x0000000002de4000
R15=0x0000000002de4000 is a thread


Stack: [0x0000000002ce0000,0x0000000002de0000],  sp=0x0000000002ddde60,  free space=1015k
Native frames: (J=compiled Java code, j=interpreted, Vv=VM code, C=native code)
C  [PhysXJniBindings_64.dll+0x53716]
C  0x0000000002ef57f4

Java frames: (J=compiled Java code, j=interpreted, Vv=VM code)
j  physx.PxTopLevelFunctions._DefaultCpuDispatcherCreate(I)J+0
j  physx.PxTopLevelFunctions.DefaultCpuDispatcherCreate(I)Lphysx/extensions/PxDefaultCpuDispatcher;+1
J 59118 C2 net.minecraft.client.renderer.WorldRenderer.handler$bjc000$renderChunkLayerSolid(Lnet/minecraft/client/renderer/RenderType;Lcom/mojang/blaze3d/matrix/MatrixStack;DDDLorg/spongepowered/asm/mixin/injection/callback/CallbackInfo;)V (721 bytes) @ 0x000000000c1298b4 [0x000000000c126920+0x2f94]
J 59018 C2 net.minecraft.client.renderer.WorldRenderer.func_228441_a_(Lnet/minecraft/client/renderer/RenderType;Lcom/mojang/blaze3d/matrix/MatrixStack;DDD)V (186 bytes) @ 0x00000000096b25e8 [0x00000000096b1900+0xce8]
J 58528 C2 net.minecraft.client.renderer.WorldRenderer.func_228426_a_(Lcom/mojang/blaze3d/matrix/MatrixStack;FJZLnet/minecraft/client/renderer/ActiveRenderInfo;Lnet/minecraft/client/renderer/GameRenderer;Lnet/minecraft/client/renderer/LightTexture;Lnet/minecraft/util/math/vector/Matrix4f;)V (4063 bytes) @ 0x000000000c8b4efc [0x000000000c8b2800+0x26fc]
J 58697 C2 net.minecraft.client.renderer.GameRenderer.func_228378_a_(FJLcom/mojang/blaze3d/matrix/MatrixStack;)V (707 bytes) @ 0x000000000c981348 [0x000000000c97ff60+0x13e8]
J 58695 C2 net.minecraft.client.renderer.GameRenderer.func_195458_a(FJZ)V (899 bytes) @ 0x000000000c96e2d4 [0x000000000c96d900+0x9d4]
j  net.minecraft.client.Minecraft.func_195542_b(Z)V+385
j  net.minecraft.client.Minecraft.handler$cdg000$unloadWorldScreenshot(Lnet/minecraft/client/gui/screen/Screen;Lorg/spongepowered/asm/mixin/injection/callback/CallbackInfo;)V+21
j  net.minecraft.client.Minecraft.func_213231_b(Lnet/minecraft/client/gui/screen/Screen;)V+49
j  net.minecraft.client.Minecraft.func_213254_o()V+8
j  net.minecraft.client.Minecraft.func_71405_e()V+66
j  net.minecraft.client.main.Main.main([Ljava/lang/String;)V+1445
v  ~StubRoutines::call_stub
j  sun.reflect.NativeMethodAccessorImpl.invoke0(Ljava/lang/reflect/Method;Ljava/lang/Object;[Ljava/lang/Object;)Ljava/lang/Object;+0
j  sun.reflect.NativeMethodAccessorImpl.invoke(Ljava/lang/Object;[Ljava/lang/Object;)Ljava/lang/Object;+100
J 2375 C1 sun.reflect.DelegatingMethodAccessorImpl.invoke(Ljava/lang/Object;[Ljava/lang/Object;)Ljava/lang/Object; (10 bytes) @ 0x000000000380de8c [0x000000000380dd80+0x10c]
J 2374 C1 java.lang.reflect.Method.invoke(Ljava/lang/Object;[Ljava/lang/Object;)Ljava/lang/Object; (62 bytes) @ 0x000000000380e62c [0x000000000380e240+0x3ec]
j  net.minecraftforge.fml.loading.FMLClientLaunchProvider.lambda$launchService$0(Lcpw/mods/modlauncher/api/ITransformingClassLoader;[Ljava/lang/String;)Ljava/lang/Void;+50
j  net.minecraftforge.fml.loading.FMLClientLaunchProvider$$Lambda$502.call()Ljava/lang/Object;+12
j  cpw.mods.modlauncher.LaunchServiceHandlerDecorator.launch([Ljava/lang/String;Lcpw/mods/modlauncher/api/ITransformingClassLoader;)V+11
j  cpw.mods.modlauncher.LaunchServiceHandler.launch(Ljava/lang/String;[Ljava/lang/String;Lcpw/mods/modlauncher/TransformingClassLoader;Lcpw/mods/modlauncher/LaunchPluginHandler;)V+57
j  cpw.mods.modlauncher.LaunchServiceHandler.launch(Lcpw/mods/modlauncher/ArgumentHandler;Lcpw/mods/modlauncher/TransformingClassLoader;Lcpw/mods/modlauncher/LaunchPluginHandler;)V+19
j  cpw.mods.modlauncher.Launcher.run([Ljava/lang/String;)V+116
j  cpw.mods.modlauncher.Launcher.main([Ljava/lang/String;)V+37
v  ~StubRoutines::call_stub

---------------  P R O C E S S  ---------------

Java Threads: ( => current thread )
  0x000000014642f000 JavaThread "AWT-Windows" daemon [_thread_in_native, id=10444, stack(0x000000015bf10000,0x000000015c010000)]
  0x0000000146422800 JavaThread "ForkJoinPool.commonPool-worker-10" daemon [_thread_blocked, id=26076, stack(0x00000000a2350000,0x00000000a2450000)]
  0x0000000146421000 JavaThread "Chunk Render Task Executor #9" [_thread_blocked, id=10660, stack(0x000000005d330000,0x000000005d430000)]
  0x0000000146415800 JavaThread "Chunk Render Task Executor #8" [_thread_blocked, id=9920, stack(0x0000000055c00000,0x0000000055d00000)]
  0x000000014641c800 JavaThread "Chunk Render Task Executor #7" [_thread_blocked, id=30052, stack(0x0000000055700000,0x0000000055800000)]
  0x0000000146413800 JavaThread "Chunk Render Task Executor #6" [_thread_blocked, id=10516, stack(0x00000000554b0000,0x00000000555b0000)]
  0x0000000146419800 JavaThread "Chunk Render Task Executor #5" [_thread_blocked, id=24008, stack(0x000000004e2f0000,0x000000004e3f0000)]
  0x0000000146418800 JavaThread "Chunk Render Task Executor #4" [_thread_blocked, id=21608, stack(0x0000000044540000,0x0000000044640000)]
  0x000000014641a000 JavaThread "Chunk Render Task Executor #3" [_thread_blocked, id=27472, stack(0x0000000044280000,0x0000000044380000)]
  0x0000000146418000 JavaThread "Chunk Render Task Executor #2" [_thread_blocked, id=30564, stack(0x0000000043d40000,0x0000000043e40000)]
  0x0000000146412000 JavaThread "Chunk Render Task Executor #1" [_thread_blocked, id=29904, stack(0x00000000404a0000,0x00000000405a0000)]
  0x0000000032bd9000 JavaThread "Chunk Render Task Executor #0" [_thread_blocked, id=28248, stack(0x0000000029c00000,0x0000000029d00000)]
  0x0000000026e92800 JavaThread "ForkJoinPool.commonPool-worker-15" daemon [_thread_blocked, id=10948, stack(0x00000000409b0000,0x0000000040ab0000)]
  0x0000000033e2c000 JavaThread "ForkJoinPool.commonPool-worker-9" daemon [_thread_blocked, id=8776, stack(0x000000003c6d0000,0x000000003c7d0000)]
  0x0000000026e91000 JavaThread "pool-12-thread-1" [_thread_blocked, id=10260, stack(0x0000000043b40000,0x0000000043c40000)]
  0x000000014642a800 JavaThread "ForkJoinPool.commonPool-worker-0" daemon [_thread_blocked, id=14984, stack(0x00000001473a0000,0x00000001474a0000)]
  0x000000014642e800 JavaThread "ForkJoinPool.commonPool-worker-7" daemon [_thread_blocked, id=12864, stack(0x00000001472a0000,0x00000001473a0000)]
  0x000000014642d000 JavaThread "ForkJoinPool.commonPool-worker-5" daemon [_thread_blocked, id=26880, stack(0x00000000c0050000,0x00000000c0150000)]
  0x000000014642d800 JavaThread "ForkJoinPool.commonPool-worker-3" daemon [_thread_blocked, id=13972, stack(0x00000000bfce0000,0x00000000bfde0000)]
  0x000000014642b800 JavaThread "ForkJoinPool.commonPool-worker-12" daemon [_thread_blocked, id=21728, stack(0x00000000bfbe0000,0x00000000bfce0000)]
  0x000000014642a000 JavaThread "ForkJoinPool.commonPool-worker-1" daemon [_thread_blocked, id=10328, stack(0x00000000bfae0000,0x00000000bfbe0000)]
  0x0000000146428800 JavaThread "ForkJoinPool.commonPool-worker-8" daemon [_thread_blocked, id=27328, stack(0x00000000bf8e0000,0x00000000bf9e0000)]
  0x0000000146427800 JavaThread "ForkJoinPool.commonPool-worker-6" daemon [_thread_blocked, id=24788, stack(0x00000000bf6e0000,0x00000000bf7e0000)]
  0x0000000146427000 JavaThread "ForkJoinPool.commonPool-worker-13" daemon [_thread_blocked, id=21276, stack(0x00000000bf5e0000,0x00000000bf6e0000)]
  0x000000014641f800 JavaThread "ForkJoinPool.commonPool-worker-4" daemon [_thread_blocked, id=11336, stack(0x00000000bf4e0000,0x00000000bf5e0000)]
  0x0000000146426000 JavaThread "ForkJoinPool.commonPool-worker-11" daemon [_thread_blocked, id=17204, stack(0x00000000bf3e0000,0x00000000bf4e0000)]
  0x000000014641e800 JavaThread "ForkJoinPool.commonPool-worker-2" daemon [_thread_blocked, id=1640, stack(0x00000000ba9a0000,0x00000000baaa0000)]
  0x0000000075155000 JavaThread "Litematica Chunk Batcher 15" daemon [_thread_blocked, id=11232, stack(0x00000000bc0a0000,0x00000000bc1a0000)]
  0x0000000075152000 JavaThread "Litematica Chunk Batcher 14" daemon [_thread_blocked, id=21072, stack(0x00000000bbfa0000,0x00000000bc0a0000)]
  0x000000007514f000 JavaThread "Litematica Chunk Batcher 13" daemon [_thread_blocked, id=29976, stack(0x00000000bbea0000,0x00000000bbfa0000)]
  0x0000000075151800 JavaThread "Litematica Chunk Batcher 12" daemon [_thread_blocked, id=15600, stack(0x00000000bbda0000,0x00000000bbea0000)]
  0x0000000075154800 JavaThread "Litematica Chunk Batcher 11" daemon [_thread_blocked, id=20004, stack(0x00000000bbca0000,0x00000000bbda0000)]
  0x0000000075153800 JavaThread "Litematica Chunk Batcher 10" daemon [_thread_blocked, id=9300, stack(0x00000000bbba0000,0x00000000bbca0000)]
  0x0000000075153000 JavaThread "Litematica Chunk Batcher 9" daemon [_thread_blocked, id=27616, stack(0x00000000bbaa0000,0x00000000bbba0000)]
  0x0000000075150800 JavaThread "Litematica Chunk Batcher 8" daemon [_thread_blocked, id=9716, stack(0x00000000bb9a0000,0x00000000bbaa0000)]
  0x0000000075150000 JavaThread "Litematica Chunk Batcher 7" daemon [_thread_blocked, id=13152, stack(0x00000000bb8a0000,0x00000000bb9a0000)]
  0x0000000036401800 JavaThread "Litematica Chunk Batcher 6" daemon [_thread_blocked, id=17444, stack(0x00000000bb7a0000,0x00000000bb8a0000)]
  0x0000000033e2f000 JavaThread "Litematica Chunk Batcher 5" daemon [_thread_blocked, id=17900, stack(0x00000000bb6a0000,0x00000000bb7a0000)]
  0x00000000364a5000 JavaThread "Litematica Chunk Batcher 4" daemon [_thread_blocked, id=11992, stack(0x00000000bb5a0000,0x00000000bb6a0000)]
  0x00000000364a3000 JavaThread "Litematica Chunk Batcher 3" daemon [_thread_blocked, id=21064, stack(0x00000000bb4a0000,0x00000000bb5a0000)]
  0x0000000026e96000 JavaThread "Litematica Chunk Batcher 2" daemon [_thread_blocked, id=19328, stack(0x00000000bb3a0000,0x00000000bb4a0000)]
  0x0000000026e94800 JavaThread "Litematica Chunk Batcher 1" daemon [_thread_blocked, id=4128, stack(0x00000000bb2a0000,0x00000000bb3a0000)]
  0x0000000026e94000 JavaThread "Litematica Chunk Batcher 0" daemon [_thread_blocked, id=2656, stack(0x00000000bb1a0000,0x00000000bb2a0000)]
  0x0000000026e8d000 JavaThread "Sound engine" daemon [_thread_blocked, id=8528, stack(0x0000000055600000,0x0000000055700000)]
  0x0000000026e8a800 JavaThread "Netty Client IO #4" daemon [_thread_in_native, id=25528, stack(0x00000000a0bf0000,0x00000000a0cf0000)]
  0x0000000026e8e800 JavaThread "Netty Client IO #3" daemon [_thread_in_native, id=3864, stack(0x0000000044640000,0x0000000044740000)]
  0x0000000026e8b800 JavaThread "Netty Client IO #2" daemon [_thread_in_native, id=20860, stack(0x00000000a0af0000,0x00000000a0bf0000)]
  0x0000000036497800 JavaThread "Netty Client IO #1" daemon [_thread_in_native, id=1156, stack(0x0000000099550000,0x0000000099650000)]
  0x00000000363f6000 JavaThread "Netty Client IO #0" daemon [_thread_in_native, id=24428, stack(0x00000000973a0000,0x00000000974a0000)]
  0x0000000035215800 JavaThread "ObjectCleanerThread" daemon [_thread_blocked, id=25032, stack(0x0000000096880000,0x0000000096980000)]
  0x0000000033e30800 JavaThread "Server Pinger #3" daemon [_thread_blocked, id=1728, stack(0x00000000962a0000,0x00000000963a0000)]
  0x0000000033e27800 JavaThread "Server Pinger #2" daemon [_thread_blocked, id=15136, stack(0x0000000065960000,0x0000000065a60000)]
  0x0000000032be7800 JavaThread "Server Pinger #1" daemon [_thread_blocked, id=6392, stack(0x0000000055800000,0x0000000055900000)]
  0x0000000032bec000 JavaThread "Thread-65" daemon [_thread_in_native, id=28916, stack(0x00000000552e0000,0x00000000553e0000)]
  0x0000000032be4800 JavaThread "Server Pinger #0" daemon [_thread_blocked, id=21896, stack(0x000000004dab0000,0x000000004dbb0000)]
  0x0000000033e29000 JavaThread "spark-worker-pool-1-thread-4" daemon [_thread_blocked, id=28024, stack(0x0000000064c40000,0x0000000064d40000)]
  0x0000000032bdb000 JavaThread "spark-worker-pool-1-thread-3" daemon [_thread_blocked, id=1316, stack(0x0000000076ca0000,0x0000000076da0000)]
  0x0000000033e28000 JavaThread "Thread-62" daemon [_thread_blocked, id=10780, stack(0x0000000073030000,0x0000000073130000)]
  0x0000000032bd5000 JavaThread "Java2D Disposer" daemon [_thread_blocked, id=15180, stack(0x00000000744d0000,0x00000000745d0000)]
  0x00000000364a2000 JavaThread "Thread-60" daemon [_thread_blocked, id=22916, stack(0x0000000072d30000,0x0000000072e30000)]
  0x00000000364a1800 JavaThread "spark-worker-pool-1-thread-2" daemon [_thread_blocked, id=20964, stack(0x0000000074a00000,0x0000000074b00000)]
  0x00000000364a0800 JavaThread "spark-worker-pool-1-thread-1" daemon [_thread_blocked, id=22048, stack(0x00000000743d0000,0x00000000744d0000)]
  0x000000003649e800 JavaThread "spark-monitor" daemon [_thread_blocked, id=26168, stack(0x0000000072a30000,0x0000000072b30000)]
  0x00000000364a0000 JavaThread "pool-5-thread-1" [_thread_blocked, id=15120, stack(0x0000000072930000,0x0000000072a30000)]
  0x0000000036499000 JavaThread "Thread-56" daemon [_thread_in_native, id=15364, stack(0x000000006d5e0000,0x000000006d6e0000)]
  0x000000003649d800 JavaThread "Thread-55" daemon [_thread_in_native, id=10192, stack(0x00000000665a0000,0x00000000666a0000)]
  0x0000000036496000 JavaThread "Thread-54" daemon [_thread_in_native, id=21256, stack(0x000000005ed80000,0x000000005ee80000)]
  0x000000003649c000 JavaThread "Thread-53" daemon [_thread_in_native, id=11144, stack(0x0000000065c80000,0x0000000065d80000)]
  0x000000003649a800 JavaThread "Thread-52" daemon [_thread_in_native, id=25796, stack(0x00000000560e0000,0x00000000561e0000)]
  0x000000003649a000 JavaThread "Thread-51" daemon [_thread_in_native, id=12300, stack(0x0000000055d40000,0x0000000055e40000)]
  0x0000000032bd9800 JavaThread "Thread-50" daemon [_thread_in_native, id=28844, stack(0x0000000055900000,0x0000000055a00000)]
  0x0000000033e29800 JavaThread "Config Lib config file watcher" daemon [_thread_blocked, id=13892, stack(0x00000000549a0000,0x0000000054aa0000)]
  0x0000000033e2a800 JavaThread "Thread-47" daemon [_thread_in_native, id=15868, stack(0x00000000548a0000,0x00000000549a0000)]
  0x0000000033e23000 JavaThread "pool-4-thread-16" [_thread_blocked, id=14104, stack(0x000000004dbf0000,0x000000004dcf0000)]
  0x0000000033e26000 JavaThread "pool-4-thread-15" [_thread_blocked, id=13564, stack(0x0000000043c40000,0x0000000043d40000)]
  0x0000000033e25000 JavaThread "pool-4-thread-14" [_thread_blocked, id=24956, stack(0x000000004d7b0000,0x000000004d8b0000)]
  0x0000000036400000 JavaThread "pool-4-thread-13" [_thread_blocked, id=22332, stack(0x000000004d0c0000,0x000000004d1c0000)]
  0x0000000032bd4800 JavaThread "pool-4-thread-12" [_thread_blocked, id=26008, stack(0x000000004d2b0000,0x000000004d3b0000)]
  0x0000000032be8000 JavaThread "pool-4-thread-11" [_thread_blocked, id=4672, stack(0x000000004cdc0000,0x000000004cec0000)]
  0x00000000370f7000 JavaThread "pool-4-thread-10" [_thread_blocked, id=16828, stack(0x000000004ccc0000,0x000000004cdc0000)]
  0x00000000370f8000 JavaThread "Thread-45" daemon [_thread_in_native, id=27052, stack(0x000000004cbc0000,0x000000004ccc0000)]
  0x00000000370f5000 JavaThread "Thread-44" daemon [_thread_in_native, id=11696, stack(0x000000004cac0000,0x000000004cbc0000)]
  0x00000000370f4000 JavaThread "Thread-43" daemon [_thread_in_native, id=24296, stack(0x000000004c9c0000,0x000000004cac0000)]
  0x00000000370ec800 JavaThread "pool-4-thread-9" [_thread_blocked, id=29024, stack(0x000000004c8c0000,0x000000004c9c0000)]
  0x00000000370f3800 JavaThread "Thread-42" daemon [_thread_in_native, id=27288, stack(0x000000004c5c0000,0x000000004c6c0000)]
  0x00000000370f2800 JavaThread "Thread-41" daemon [_thread_in_native, id=2140, stack(0x000000004c4c0000,0x000000004c5c0000)]
  0x00000000370eb000 JavaThread "Thread-40" daemon [_thread_in_native, id=11524, stack(0x000000004c3c0000,0x000000004c4c0000)]
  0x00000000370f2000 JavaThread "Thread-39" daemon [_thread_in_native, id=30596, stack(0x000000004c2c0000,0x000000004c3c0000)]
  0x00000000370ee000 JavaThread "Thread-38" daemon [_thread_in_native, id=18668, stack(0x0000000049610000,0x0000000049710000)]
  0x00000000370ea800 JavaThread "pool-4-thread-8" [_thread_blocked, id=5948, stack(0x000000004c1c0000,0x000000004c2c0000)]
  0x00000000370ed800 JavaThread "Thread-37" daemon [_thread_in_native, id=21176, stack(0x000000004c0c0000,0x000000004c1c0000)]
  0x00000000370ef800 JavaThread "Thread-36" daemon [_thread_in_native, id=27792, stack(0x000000004bdc0000,0x000000004bec0000)]
  0x00000000370f1000 JavaThread "Thread-35" daemon [_thread_in_native, id=25892, stack(0x000000004ba10000,0x000000004bb10000)]
  0x00000000370f0800 JavaThread "Thread-34" daemon [_thread_in_native, id=29144, stack(0x000000004b4b0000,0x000000004b5b0000)]
  0x00000000370ec000 JavaThread "pool-4-thread-6" [_thread_blocked, id=9740, stack(0x000000004b910000,0x000000004ba10000)]
  0x00000000370e9000 JavaThread "pool-4-thread-7" [_thread_blocked, id=27408, stack(0x000000004b810000,0x000000004b910000)]
  0x0000000032bd0000 JavaThread "pool-4-thread-5" [_thread_blocked, id=13176, stack(0x000000004adc0000,0x000000004aec0000)]
  0x0000000032be9000 JavaThread "Thread-33" daemon [_thread_in_native, id=27684, stack(0x000000004aa70000,0x000000004ab70000)]
  0x0000000032bde800 JavaThread "pool-4-thread-4" [_thread_blocked, id=13632, stack(0x000000004a2a0000,0x000000004a3a0000)]
  0x0000000036400800 JavaThread "Thread-32" daemon [_thread_in_native, id=23240, stack(0x0000000049ef0000,0x0000000049ff0000)]
  0x00000000363ff000 JavaThread "pool-4-thread-3" [_thread_blocked, id=30044, stack(0x000000004af90000,0x000000004b090000)]
  0x00000000363fe800 JavaThread "Thread-30" daemon [_thread_in_native, id=23824, stack(0x000000004acc0000,0x000000004adc0000)]
  0x00000000363fd800 JavaThread "pool-4-thread-2" [_thread_blocked, id=26860, stack(0x000000004abc0000,0x000000004acc0000)]
  0x00000000363fd000 JavaThread "pool-4-thread-1" [_thread_blocked, id=20044, stack(0x000000004a3c0000,0x000000004a4c0000)]
  0x00000000363f5800 JavaThread "Thread-29" daemon [_thread_in_native, id=7892, stack(0x0000000049510000,0x0000000049610000)]
  0x00000000363fc000 JavaThread "Thread-28" daemon [_thread_in_native, id=12744, stack(0x00000000497f0000,0x00000000498f0000)]
  0x00000000363fa000 JavaThread "Thread-27" daemon [_thread_blocked, id=22648, stack(0x00000000478d0000,0x00000000479d0000)]
  0x00000000363f9000 JavaThread "Java Sound Event Dispatcher" daemon [_thread_blocked, id=23616, stack(0x0000000046ba0000,0x0000000046ca0000)]
  0x00000000363f7800 JavaThread "Thread-25" daemon [_thread_blocked, id=17196, stack(0x0000000046dc0000,0x0000000046ec0000)]
  0x00000000363fa800 JavaThread "lava-daemon-pool-info-loader-5-thread-1" daemon [_thread_blocked, id=25896, stack(0x00000000464a0000,0x00000000465a0000)]
  0x00000000363f2800 JavaThread "LavaPlayer Audio Thread" daemon [_thread_blocked, id=10416, stack(0x00000000463a0000,0x00000000464a0000)]
  0x00000000363f4000 JavaThread "lava-daemon-pool-manager-6-thread-1" daemon [_thread_blocked, id=23040, stack(0x00000000462a0000,0x00000000463a0000)]
  0x00000000363f8800 JavaThread "LavaPlayer Audio Thread" daemon [_thread_blocked, id=17528, stack(0x0000000044f40000,0x0000000045040000)]
  0x00000000363f3000 JavaThread "Thread-24" daemon [_thread_in_native, id=1652, stack(0x0000000045130000,0x0000000045230000)]
  0x00000000363f4800 JavaThread "lava-daemon-pool-manager-3-thread-1" daemon [_thread_blocked, id=26408, stack(0x0000000045230000,0x0000000045330000)]
  0x0000000032bd0800 JavaThread "Snooper Timer" daemon [_thread_blocked, id=14468, stack(0x0000000035b00000,0x0000000035c00000)]
  0x0000000032bcf000 JavaThread "Timer hack thread" daemon [_thread_blocked, id=10220, stack(0x00000000329c0000,0x0000000032ac0000)]
  0x0000000032be3800 JavaThread "Thread-20" daemon [_thread_in_native, id=12568, stack(0x000000003bfa0000,0x000000003c0a0000)]
  0x0000000032be2000 JavaThread "Thread-19" daemon [_thread_in_native, id=20924, stack(0x000000003be30000,0x000000003bf30000)]
  0x0000000032be1800 JavaThread "Thread-18" daemon [_thread_in_native, id=10164, stack(0x000000003bd30000,0x000000003be30000)]
  0x0000000032be0800 JavaThread "Thread-17" daemon [_thread_in_native, id=8236, stack(0x000000003bc30000,0x000000003bd30000)]
  0x0000000032bdd800 JavaThread "Thread-16" daemon [_thread_in_native, id=16332, stack(0x000000003bb30000,0x000000003bc30000)]
  0x0000000032be0000 JavaThread "Thread-15" daemon [_thread_in_native, id=19204, stack(0x000000003ba30000,0x000000003bb30000)]
  0x0000000023412800 JavaThread "Thread-14" daemon [_thread_in_native, id=5768, stack(0x000000003b930000,0x000000003ba30000)]
  0x0000000023411000 JavaThread "Thread-13" daemon [_thread_in_native, id=716, stack(0x000000003b830000,0x000000003b930000)]
  0x0000000023413800 JavaThread "Thread-12" daemon [_thread_in_native, id=7008, stack(0x000000003a560000,0x000000003a660000)]
  0x0000000023412000 JavaThread "Thread-11" daemon [_thread_in_native, id=10060, stack(0x000000003a460000,0x000000003a560000)]
  0x000000002340f800 JavaThread "Thread-10" daemon [_thread_in_native, id=1684, stack(0x000000003a360000,0x000000003a460000)]
  0x00000000267ac800 JavaThread "Thread-9" daemon [_thread_in_native, id=13664, stack(0x000000003a260000,0x000000003a360000)]
  0x000000003ab43800 JavaThread "Thread-8" daemon [_thread_in_native, id=28956, stack(0x00000000381c0000,0x00000000382c0000)]
  0x0000000025f33000 JavaThread "Thread-7" daemon [_thread_in_native, id=9808, stack(0x00000000380c0000,0x00000000381c0000)]
  0x000000002614c000 JavaThread "Thread-6" daemon [_thread_in_native, id=7876, stack(0x0000000037fc0000,0x00000000380c0000)]
  0x00000000263fb800 JavaThread "Thread-5" daemon [_thread_in_native, id=17596, stack(0x0000000032850000,0x0000000032950000)]
  0x00000000331fa800 JavaThread "Thread-4" daemon [_thread_in_native, id=20524, stack(0x0000000030ea0000,0x0000000030fa0000)]
  0x00000000268f1800 JavaThread "Thread-2" daemon [_thread_in_native, id=7988, stack(0x00000000292a0000,0x00000000293a0000)]
  0x000000002827e800 JavaThread "Thread-1" daemon [_thread_blocked, id=22812, stack(0x00000000291a0000,0x00000000292a0000)]
  0x0000000023439800 JavaThread "Service Thread" daemon [_thread_blocked, id=18888, stack(0x0000000025bc0000,0x0000000025cc0000)]
  0x0000000023415000 JavaThread "C1 CompilerThread11" daemon [_thread_blocked, id=29852, stack(0x0000000025ac0000,0x0000000025bc0000)]
  0x00000000233e4000 JavaThread "C1 CompilerThread10" daemon [_thread_blocked, id=3296, stack(0x00000000259c0000,0x0000000025ac0000)]
  0x00000000233d5000 JavaThread "C1 CompilerThread9" daemon [_thread_blocked, id=23008, stack(0x00000000258c0000,0x00000000259c0000)]
  0x00000000233d4800 JavaThread "C1 CompilerThread8" daemon [_thread_blocked, id=3056, stack(0x00000000256c0000,0x00000000257c0000)]
  0x00000000233a1800 JavaThread "C2 CompilerThread7" daemon [_thread_blocked, id=14808, stack(0x00000000255c0000,0x00000000256c0000)]
  0x0000000023391000 JavaThread "C2 CompilerThread6" daemon [_thread_blocked, id=4896, stack(0x00000000254c0000,0x00000000255c0000)]
  0x0000000023388000 JavaThread "C2 CompilerThread5" daemon [_thread_blocked, id=28636, stack(0x00000000253c0000,0x00000000254c0000)]
  0x0000000023383000 JavaThread "C2 CompilerThread4" daemon [_thread_blocked, id=16784, stack(0x00000000252c0000,0x00000000253c0000)]
  0x0000000023379800 JavaThread "C2 CompilerThread3" daemon [_thread_blocked, id=16952, stack(0x00000000251c0000,0x00000000252c0000)]
  0x0000000023377000 JavaThread "C2 CompilerThread2" daemon [_thread_blocked, id=26396, stack(0x00000000250c0000,0x00000000251c0000)]
  0x0000000023373000 JavaThread "C2 CompilerThread1" daemon [_thread_blocked, id=11968, stack(0x0000000024fc0000,0x00000000250c0000)]
  0x0000000023371800 JavaThread "C2 CompilerThread0" daemon [_thread_blocked, id=27284, stack(0x0000000024ec0000,0x0000000024fc0000)]
  0x0000000023370800 JavaThread "Attach Listener" daemon [_thread_blocked, id=11348, stack(0x0000000024dc0000,0x0000000024ec0000)]
  0x000000002336d000 JavaThread "Signal Dispatcher" daemon [_thread_blocked, id=5128, stack(0x0000000024cc0000,0x0000000024dc0000)]
  0x0000000021906000 JavaThread "Finalizer" daemon [_thread_blocked, id=28556, stack(0x0000000024bc0000,0x0000000024cc0000)]
  0x00000000218fd000 JavaThread "Reference Handler" daemon [_thread_blocked, id=15052, stack(0x0000000024ac0000,0x0000000024bc0000)]
=>0x0000000002de4000 JavaThread "Render thread" [_thread_in_native, id=27048, stack(0x0000000002ce0000,0x0000000002de0000)]

Other Threads:
  0x0000000023334000 VMThread [stack: 0x00000000249c0000,0x0000000024ac0000] [id=25256]
  0x0000000023440800 WatcherThread [stack: 0x0000000025cc0000,0x0000000025dc0000] [id=28384]

VM state:not at safepoint (normal execution)

VM Mutex/Monitor currently owned by a thread: None

Heap:
 PSYoungGen      total 2051072K, used 873031K [0x0000000740b00000, 0x00000007bfe80000, 0x00000007c0000000)
  eden space 2022400K, 43% used [0x0000000740b00000,0x0000000775c99c70,0x00000007bc200000)
  from space 28672K, 10% used [0x00000007bc200000,0x00000007bc4f8000,0x00000007bde00000)
  to   space 26624K, 0% used [0x00000007be480000,0x00000007be480000,0x00000007bfe80000)
 ParOldGen       total 4112384K, used 3585103K [0x0000000642000000, 0x000000073d000000, 0x0000000740b00000)
  object space 4112384K, 87% used [0x0000000642000000,0x000000071cd13e30,0x000000073d000000)
 Metaspace       used 260687K, capacity 296266K, committed 296448K, reserved 1292288K
  class space    used 44423K, capacity 53954K, committed 54016K, reserved 1048576K

Card table byte_map: [0x00000000122a0000,0x0000000012ea0000] byte_map_base: 0x000000000f090000

Marking Bits: (ParMarkBitMap*) 0x0000000052f24040
 Begin Bits: [0x00000000143a0000, 0x000000001a320000)
 End Bits:   [0x000000001a320000, 0x00000000202a0000)

Polling page: 0x0000000001250000

CodeCache: size=245760Kb used=156076Kb max_used=157737Kb free=89683Kb
 bounds [0x0000000002ee0000, 0x000000000ca10000, 0x0000000011ee0000]
 total_blobs=42439 nmethods=39744 adapters=2596
 compilation: enabled

Compilation events (10 events):
Event: 3395.948 Thread 0x00000000233a1800 nmethod 59120 0x00000000058ecf50 code [0x00000000058ed0a0, 0x00000000058ed218]
Event: 3395.959 Thread 0x0000000023388000 nmethod 59121 0x000000000a90e490 code [0x000000000a90e720, 0x000000000a90ef68]
Event: 3397.097 Thread 0x0000000023391000 59122   !   4       net.diebuddies.physics.PhysicsWorld::update (1258 bytes)
Event: 3397.588 Thread 0x0000000023391000 nmethod 59122 0x000000000c3f4bd0 code [0x000000000c3f53e0, 0x000000000c3fbba8]
Event: 3399.500 Thread 0x00000000233e4000 59123       3       net.diebuddies.physics.verlet.VerletHelper::movePointOutOfBoxInvFastZ (361 bytes)
Event: 3399.500 Thread 0x00000000233e4000 nmethod 59123 0x000000000a9f2950 code [0x000000000a9f2b00, 0x000000000a9f33b0]
Event: 3399.699 Thread 0x0000000023379800 59124       4       net.diebuddies.physics.verlet.VerletHelper::movePointOutOfBoxInvFastZ (361 bytes)
Event: 3399.706 Thread 0x0000000023379800 nmethod 59124 0x00000000084780d0 code [0x0000000008478220, 0x0000000008478678]
Event: 3400.230 Thread 0x0000000023415000 59125       3       net.minecraft.network.PacketThreadUtil$$Lambda$17970/1146442130::run (12 bytes)
Event: 3400.230 Thread 0x0000000023415000 nmethod 59125 0x0000000009659d50 code [0x0000000009659ec0, 0x000000000965a068]

GC Heap History (10 events):
Event: 3357.856 GC heap before
{Heap before GC invocations=621 (full 10):
 PSYoungGen      total 2037760K, used 2006464K [0x0000000740b00000, 0x00000007bf880000, 0x00000007c0000000)
  eden space 2003456K, 100% used [0x0000000740b00000,0x00000007baf80000,0x00000007baf80000)
  from space 34304K, 8% used [0x00000007bd700000,0x00000007bd9f0000,0x00000007bf880000)
  to   space 37376K, 0% used [0x00000007baf80000,0x00000007baf80000,0x00000007bd400000)
 ParOldGen       total 4112384K, used 3584703K [0x0000000642000000, 0x000000073d000000, 0x0000000740b00000)
  object space 4112384K, 87% used [0x0000000642000000,0x000000071ccafe30,0x000000073d000000)
 Metaspace       used 260609K, capacity 296198K, committed 296448K, reserved 1292288K
  class space    used 44405K, capacity 53930K, committed 54016K, reserved 1048576K
Event: 3357.873 GC heap after
Heap after GC invocations=621 (full 10):
 PSYoungGen      total 2040832K, used 2880K [0x0000000740b00000, 0x00000007bfe00000, 0x00000007c0000000)
  eden space 2003456K, 0% used [0x0000000740b00000,0x0000000740b00000,0x00000007baf80000)
  from space 37376K, 7% used [0x00000007baf80000,0x00000007bb250000,0x00000007bd400000)
  to   space 34816K, 0% used [0x00000007bdc00000,0x00000007bdc00000,0x00000007bfe00000)
 ParOldGen       total 4112384K, used 3584767K [0x0000000642000000, 0x000000073d000000, 0x0000000740b00000)
  object space 4112384K, 87% used [0x0000000642000000,0x000000071ccbfe30,0x000000073d000000)
 Metaspace       used 260609K, capacity 296198K, committed 296448K, reserved 1292288K
  class space    used 44405K, capacity 53930K, committed 54016K, reserved 1048576K
}
Event: 3365.769 GC heap before
{Heap before GC invocations=622 (full 10):
 PSYoungGen      total 2040832K, used 2006336K [0x0000000740b00000, 0x00000007bfe00000, 0x00000007c0000000)
  eden space 2003456K, 100% used [0x0000000740b00000,0x00000007baf80000,0x00000007baf80000)
  from space 37376K, 7% used [0x00000007baf80000,0x00000007bb250000,0x00000007bd400000)
  to   space 34816K, 0% used [0x00000007bdc00000,0x00000007bdc00000,0x00000007bfe00000)
 ParOldGen       total 4112384K, used 3584767K [0x0000000642000000, 0x000000073d000000, 0x0000000740b00000)
  object space 4112384K, 87% used [0x0000000642000000,0x000000071ccbfe30,0x000000073d000000)
 Metaspace       used 260609K, capacity 296198K, committed 296448K, reserved 1292288K
  class space    used 44405K, capacity 53930K, committed 54016K, reserved 1048576K
Event: 3365.787 GC heap after
Heap after GC invocations=622 (full 10):
 PSYoungGen      total 2043904K, used 2944K [0x0000000740b00000, 0x00000007bf980000, 0x00000007c0000000)
  eden space 2013696K, 0% used [0x0000000740b00000,0x0000000740b00000,0x00000007bb980000)
  from space 30208K, 9% used [0x00000007bdc00000,0x00000007bdee0000,0x00000007bf980000)
  to   space 32768K, 0% used [0x00000007bb980000,0x00000007bb980000,0x00000007bd980000)
 ParOldGen       total 4112384K, used 3584831K [0x0000000642000000, 0x000000073d000000, 0x0000000740b00000)
  object space 4112384K, 87% used [0x0000000642000000,0x000000071cccfe30,0x000000073d000000)
 Metaspace       used 260609K, capacity 296198K, committed 296448K, reserved 1292288K
  class space    used 44405K, capacity 53930K, committed 54016K, reserved 1048576K
}
Event: 3376.000 GC heap before
{Heap before GC invocations=623 (full 10):
 PSYoungGen      total 2043904K, used 2016640K [0x0000000740b00000, 0x00000007bf980000, 0x00000007c0000000)
  eden space 2013696K, 100% used [0x0000000740b00000,0x00000007bb980000,0x00000007bb980000)
  from space 30208K, 9% used [0x00000007bdc00000,0x00000007bdee0000,0x00000007bf980000)
  to   space 32768K, 0% used [0x00000007bb980000,0x00000007bb980000,0x00000007bd980000)
 ParOldGen       total 4112384K, used 3584831K [0x0000000642000000, 0x000000073d000000, 0x0000000740b00000)
  object space 4112384K, 87% used [0x0000000642000000,0x000000071cccfe30,0x000000073d000000)
 Metaspace       used 260609K, capacity 296198K, committed 296448K, reserved 1292288K
  class space    used 44405K, capacity 53930K, committed 54016K, reserved 1048576K
Event: 3376.016 GC heap after
Heap after GC invocations=623 (full 10):
 PSYoungGen      total 2046464K, used 3136K [0x0000000740b00000, 0x00000007bfe80000, 0x00000007c0000000)
  eden space 2013696K, 0% used [0x0000000740b00000,0x0000000740b00000,0x00000007bb980000)
  from space 32768K, 9% used [0x00000007bb980000,0x00000007bbc90000,0x00000007bd980000)
  to   space 30720K, 0% used [0x00000007be080000,0x00000007be080000,0x00000007bfe80000)
 ParOldGen       total 4112384K, used 3584911K [0x0000000642000000, 0x000000073d000000, 0x0000000740b00000)
  object space 4112384K, 87% used [0x0000000642000000,0x000000071cce3e30,0x000000073d000000)
 Metaspace       used 260609K, capacity 296198K, committed 296448K, reserved 1292288K
  class space    used 44405K, capacity 53930K, committed 54016K, reserved 1048576K
}
Event: 3389.661 GC heap before
{Heap before GC invocations=624 (full 10):
 PSYoungGen      total 2046464K, used 2016832K [0x0000000740b00000, 0x00000007bfe80000, 0x00000007c0000000)
  eden space 2013696K, 100% used [0x0000000740b00000,0x00000007bb980000,0x00000007bb980000)
  from space 32768K, 9% used [0x00000007bb980000,0x00000007bbc90000,0x00000007bd980000)
  to   space 30720K, 0% used [0x00000007be080000,0x00000007be080000,0x00000007bfe80000)
 ParOldGen       total 4112384K, used 3584911K [0x0000000642000000, 0x000000073d000000, 0x0000000740b00000)
  object space 4112384K, 87% used [0x0000000642000000,0x000000071cce3e30,0x000000073d000000)
 Metaspace       used 260654K, capacity 296222K, committed 296448K, reserved 1292288K
  class space    used 44414K, capacity 53942K, committed 54016K, reserved 1048576K
Event: 3389.678 GC heap after
Heap after GC invocations=624 (full 10):
 PSYoungGen      total 2048512K, used 3936K [0x0000000740b00000, 0x00000007bfa00000, 0x00000007c0000000)
  eden space 2022400K, 0% used [0x0000000740b00000,0x0000000740b00000,0x00000007bc200000)
  from space 26112K, 15% used [0x00000007be080000,0x00000007be458000,0x00000007bfa00000)
  to   space 28672K, 0% used [0x00000007bc200000,0x00000007bc200000,0x00000007bde00000)
 ParOldGen       total 4112384K, used 3585023K [0x0000000642000000, 0x000000073d000000, 0x0000000740b00000)
  object space 4112384K, 87% used [0x0000000642000000,0x000000071ccffe30,0x000000073d000000)
 Metaspace       used 260654K, capacity 296222K, committed 296448K, reserved 1292288K
  class space    used 44414K, capacity 53942K, committed 54016K, reserved 1048576K
}
Event: 3397.257 GC heap before
{Heap before GC invocations=625 (full 10):
 PSYoungGen      total 2048512K, used 2026336K [0x0000000740b00000, 0x00000007bfa00000, 0x00000007c0000000)
  eden space 2022400K, 100% used [0x0000000740b00000,0x00000007bc200000,0x00000007bc200000)
  from space 26112K, 15% used [0x00000007be080000,0x00000007be458000,0x00000007bfa00000)
  to   space 28672K, 0% used [0x00000007bc200000,0x00000007bc200000,0x00000007bde00000)
 ParOldGen       total 4112384K, used 3585023K [0x0000000642000000, 0x000000073d000000, 0x0000000740b00000)
  object space 4112384K, 87% used [0x0000000642000000,0x000000071ccffe30,0x000000073d000000)
 Metaspace       used 260654K, capacity 296222K, committed 296448K, reserved 1292288K
  class space    used 44414K, capacity 53942K, committed 54016K, reserved 1048576K
Event: 3397.275 GC heap after
Heap after GC invocations=625 (full 10):
 PSYoungGen      total 2051072K, used 3040K [0x0000000740b00000, 0x00000007bfe80000, 0x00000007c0000000)
  eden space 2022400K, 0% used [0x0000000740b00000,0x0000000740b00000,0x00000007bc200000)
  from space 28672K, 10% used [0x00000007bc200000,0x00000007bc4f8000,0x00000007bde00000)
  to   space 26624K, 0% used [0x00000007be480000,0x00000007be480000,0x00000007bfe80000)
 ParOldGen       total 4112384K, used 3585103K [0x0000000642000000, 0x000000073d000000, 0x0000000740b00000)
  object space 4112384K, 87% used [0x0000000642000000,0x000000071cd13e30,0x000000073d000000)
 Metaspace       used 260654K, capacity 296222K, committed 296448K, reserved 1292288K
  class space    used 44414K, capacity 53942K, committed 54016K, reserved 1048576K
}

Deoptimization events (10 events):
Event: 3388.587 Thread 0x0000000002de4000 Uncommon trap: reason=unstable_if action=reinterpret pc=0x00000000083e1b40 method=net.diebuddies.physics.PhysicsWorld.blockUpdate(Lnet/minecraft/util/math/BlockPos;)V @ 70
Event: 3393.940 Thread 0x0000000002de4000 Uncommon trap: reason=unstable_if action=reinterpret pc=0x000000000c0b55f0 method=net.diebuddies.physics.PhysicsWorld.update(D)V @ 1219
Event: 3399.499 Thread 0x0000000026e91000 Uncommon trap: reason=unstable_if action=reinterpret pc=0x000000000ba1f814 method=net.diebuddies.physics.verlet.VerletHelper.movePointOutOfBoxInvFastZ(Lorg/joml/Vector3d;FFFFFF)Z @ 263
Event: 3400.201 Thread 0x0000000002de4000 Uncommon trap: reason=unstable_if action=reinterpret pc=0x000000000c963e08 method=org.lwjgl.glfw.GLFW.glfwWindowShouldClose(J)Z @ 20
Event: 3400.205 Thread 0x000000003649d000 Uncommon trap: reason=unstable_if action=reinterpret pc=0x000000000c49ff08 method=dev.tr7zw.entityculling.CullTask.run()V @ 7
Event: 3400.209 Thread 0x0000000002de4000 Uncommon trap: reason=unstable_if action=reinterpret pc=0x0000000006d07f58 method=net.minecraft.client.Minecraft.func_99999_d()V @ 56
Event: 3400.212 Thread 0x0000000036497800 Uncommon trap: reason=unstable_if action=reinterpret pc=0x0000000009502eb4 method=io.netty.channel.nio.NioEventLoop.wakeup(Z)V @ 1
Event: 3400.228 Thread 0x0000000002de4000 Uncommon trap: reason=unstable_if action=reinterpret pc=0x0000000009c71c40 method=net.minecraft.network.NetworkManager.func_150724_d()Z @ 16
Event: 3400.230 Thread 0x0000000002de4000 Uncommon trap: reason=unstable_if action=reinterpret pc=0x00000000088cdfec method=org.lwjgl.glfw.GLFW.glfwWindowShouldClose(J)Z @ 20
Event: 3400.230 Thread 0x0000000002de4000 Uncommon trap: reason=unstable_if action=reinterpret pc=0x0000000008a313b0 method=net.minecraft.network.NetworkManager.func_150724_d()Z @ 16

Internal exceptions (10 events):
Event: 3363.368 Thread 0x0000000033e28000 Exception <a 'sun/nio/fs/WindowsException'> (0x000000079d10e280) thrown at [C:\re\workspace\8-2-build-windows-amd64-cygwin\jdk8u51\3951\hotspot\src\share\vm\prims\jni.cpp, line 709]
Event: 3363.368 Thread 0x0000000033e28000 Exception <a 'sun/nio/fs/WindowsException'> (0x000000079d10eb48) thrown at [C:\re\workspace\8-2-build-windows-amd64-cygwin\jdk8u51\3951\hotspot\src\share\vm\prims\jni.cpp, line 709]
Event: 3363.368 Thread 0x0000000033e28000 Exception <a 'sun/nio/fs/WindowsException'> (0x000000079d10f340) thrown at [C:\re\workspace\8-2-build-windows-amd64-cygwin\jdk8u51\3951\hotspot\src\share\vm\prims\jni.cpp, line 709]
Event: 3363.369 Thread 0x0000000033e28000 Exception <a 'sun/nio/fs/WindowsException'> (0x000000079d1103a0) thrown at [C:\re\workspace\8-2-build-windows-amd64-cygwin\jdk8u51\3951\hotspot\src\share\vm\prims\jni.cpp, line 709]
Event: 3363.369 Thread 0x0000000033e28000 Exception <a 'sun/nio/fs/WindowsException'> (0x000000079d110c38) thrown at [C:\re\workspace\8-2-build-windows-amd64-cygwin\jdk8u51\3951\hotspot\src\share\vm\prims\jni.cpp, line 709]
Event: 3363.369 Thread 0x0000000033e28000 Exception <a 'sun/nio/fs/WindowsException'> (0x000000079d16e320) thrown at [C:\re\workspace\8-2-build-windows-amd64-cygwin\jdk8u51\3951\hotspot\src\share\vm\prims\jni.cpp, line 709]
Event: 3363.370 Thread 0x0000000033e28000 Exception <a 'sun/nio/fs/WindowsException'> (0x000000079d16e9f8) thrown at [C:\re\workspace\8-2-build-windows-amd64-cygwin\jdk8u51\3951\hotspot\src\share\vm\prims\jni.cpp, line 709]
Event: 3400.227 Thread 0x0000000002de4000 Exception <a 'java/lang/IllegalArgumentException': Wrong type at constant pool index> (0x00000007743b9860) thrown at [C:\re\workspace\8-2-build-windows-amd64-cygwin\jdk8u51\3951\hotspot\src\share\vm\prims\jvm.cpp, line 2143]
Event: 3400.227 Thread 0x0000000002de4000 Exception <a 'java/lang/IllegalArgumentException': Wrong type at constant pool index> (0x00000007743ba7b0) thrown at [C:\re\workspace\8-2-build-windows-amd64-cygwin\jdk8u51\3951\hotspot\src\share\vm\prims\jvm.cpp, line 2143]
Event: 3400.228 Thread 0x0000000002de4000 Exception <a 'java/lang/IllegalArgumentException': Wrong type at constant pool index> (0x00000007743d8130) thrown at [C:\re\workspace\8-2-build-windows-amd64-cygwin\jdk8u51\3951\hotspot\src\share\vm\prims\jvm.cpp, line 2143]

Events (10 events):
Event: 3400.227 loading class com/daderpduck/seamless_loading_screen/ScreenshotTaker done
Event: 3400.228 Thread 0x0000000002de4000 Uncommon trap: trap_request=0xffffff65 fr.pc=0x0000000009c71c40
Event: 3400.228 Thread 0x0000000002de4000 DEOPT PACKING pc=0x0000000009c71c40 sp=0x0000000002dddf20
Event: 3400.228 Thread 0x0000000002de4000 DEOPT UNPACKING pc=0x0000000002f2582a sp=0x0000000002dddec0 mode 2
Event: 3400.230 Thread 0x0000000002de4000 Uncommon trap: trap_request=0xffffff65 fr.pc=0x00000000088cdfec
Event: 3400.230 Thread 0x0000000002de4000 DEOPT PACKING pc=0x00000000088cdfec sp=0x0000000002dde460
Event: 3400.230 Thread 0x0000000002de4000 DEOPT UNPACKING pc=0x0000000002f2582a sp=0x0000000002dde340 mode 2
Event: 3400.230 Thread 0x0000000002de4000 Uncommon trap: trap_request=0xffffff65 fr.pc=0x0000000008a313b0
Event: 3400.230 Thread 0x0000000002de4000 DEOPT PACKING pc=0x0000000008a313b0 sp=0x0000000002dde410
Event: 3400.230 Thread 0x0000000002de4000 DEOPT UNPACKING pc=0x0000000002f2582a sp=0x0000000002dde2f8 mode 2


Dynamic libraries:
0x00007ff771e40000 - 0x00007ff771e77000 	C:\Games\CurseForge\Minecraft\Install\runtime\jre-legacy\windows-x64\jre-legacy\bin\javaw.exe
0x00007fff18230000 - 0x00007fff18428000 	C:\Windows\SYSTEM32\ntdll.dll
0x00007fff16b30000 - 0x00007fff16bed000 	C:\Windows\System32\KERNEL32.DLL
0x00007fff15da0000 - 0x00007fff1606e000 	C:\Windows\System32\KERNELBASE.dll
0x00007fff17ff0000 - 0x00007fff1809e000 	C:\Windows\System32\ADVAPI32.dll
0x00007fff180a0000 - 0x00007fff1813e000 	C:\Windows\System32\msvcrt.dll
0x00007fff170a0000 - 0x00007fff1713c000 	C:\Windows\System32\sechost.dll
0x00007fff16a00000 - 0x00007fff16b25000 	C:\Windows\System32\RPCRT4.dll
0x00007fff17150000 - 0x00007fff172f0000 	C:\Windows\System32\USER32.dll
0x00007fff15950000 - 0x00007fff15972000 	C:\Windows\System32\win32u.dll
0x00007fff16ca0000 - 0x00007fff16cca000 	C:\Windows\System32\GDI32.dll
0x00007fff15ae0000 - 0x00007fff15beb000 	C:\Windows\System32\gdi32full.dll
0x00007fff161f0000 - 0x00007fff1628d000 	C:\Windows\System32\msvcp_win.dll
0x00007fff15ca0000 - 0x00007fff15da0000 	C:\Windows\System32\ucrtbase.dll
0x00007fff00d10000 - 0x00007fff00faa000 	C:\Windows\WinSxS\amd64_microsoft.windows.common-controls_6595b64144ccf1df_6.0.19041.1110_none_60b5254171f9507e\COMCTL32.dll
0x00007fff16cd0000 - 0x00007fff16d00000 	C:\Windows\System32\IMM32.DLL
0x00000000535e0000 - 0x00000000536b2000 	C:\Games\CurseForge\Minecraft\Install\runtime\jre-legacy\windows-x64\jre-legacy\bin\msvcr100.dll
0x0000000052720000 - 0x0000000052fa3000 	C:\Games\CurseForge\Minecraft\Install\runtime\jre-legacy\windows-x64\jre-legacy\bin\server\jvm.dll
0x00007fff16440000 - 0x00007fff16448000 	C:\Windows\System32\PSAPI.DLL
0x00007fff08f10000 - 0x00007fff08f1a000 	C:\Windows\SYSTEM32\VERSION.dll
0x00007fff080e0000 - 0x00007fff08107000 	C:\Windows\SYSTEM32\WINMM.dll
0x00007fff0f430000 - 0x00007fff0f439000 	C:\Windows\SYSTEM32\WSOCK32.dll
0x00007fff16e90000 - 0x00007fff16efb000 	C:\Windows\System32\WS2_32.dll
0x00000000535d0000 - 0x00000000535df000 	C:\Games\CurseForge\Minecraft\Install\runtime\jre-legacy\windows-x64\jre-legacy\bin\verify.dll
0x00000000535a0000 - 0x00000000535c9000 	C:\Games\CurseForge\Minecraft\Install\runtime\jre-legacy\windows-x64\jre-legacy\bin\java.dll
0x0000000053580000 - 0x0000000053596000 	C:\Games\CurseForge\Minecraft\Install\runtime\jre-legacy\windows-x64\jre-legacy\bin\zip.dll
0x00007fff17840000 - 0x00007fff17f84000 	C:\Windows\System32\SHELL32.dll
0x00007fff13a20000 - 0x00007fff141b4000 	C:\Windows\SYSTEM32\windows.storage.dll
0x00007fff16640000 - 0x00007fff16994000 	C:\Windows\System32\combase.dll
0x00007fff153b0000 - 0x00007fff153e0000 	C:\Windows\SYSTEM32\Wldp.dll
0x00007fff16bf0000 - 0x00007fff16c9d000 	C:\Windows\System32\SHCORE.dll
0x00007fff16d00000 - 0x00007fff16d55000 	C:\Windows\System32\shlwapi.dll
0x00007fff15890000 - 0x00007fff158af000 	C:\Windows\SYSTEM32\profapi.dll
0x0000000053570000 - 0x000000005357d000 	C:\Games\CurseForge\Minecraft\Install\runtime\jre-legacy\windows-x64\jre-legacy\bin\management.dll
0x0000000053550000 - 0x000000005356a000 	C:\Games\CurseForge\Minecraft\Install\runtime\jre-legacy\windows-x64\jre-legacy\bin\net.dll
0x00007fff15110000 - 0x00007fff1517a000 	C:\Windows\system32\mswsock.dll
0x00007ffed3dd0000 - 0x00007ffed3de7000 	C:\Windows\system32\napinsp.dll
0x00007ffed3db0000 - 0x00007ffed3dcb000 	C:\Windows\system32\pnrpnsp.dll
0x00007fff108d0000 - 0x00007fff108e5000 	C:\Windows\system32\wshbth.dll
0x00007fff10dc0000 - 0x00007fff10ddd000 	C:\Windows\system32\NLAapi.dll
0x00007fff14db0000 - 0x00007fff14deb000 	C:\Windows\SYSTEM32\IPHLPAPI.DLL
0x00007fff14df0000 - 0x00007fff14ebb000 	C:\Windows\SYSTEM32\DNSAPI.dll
0x00007fff16630000 - 0x00007fff16638000 	C:\Windows\System32\NSI.dll
0x00007ffed3d90000 - 0x00007ffed3da2000 	C:\Windows\System32\winrnr.dll
0x00007fff0efd0000 - 0x00007fff0efda000 	C:\Windows\System32\rasadhlp.dll
0x00007fff06bc0000 - 0x00007fff06c40000 	C:\Windows\System32\fwpuclnt.dll
0x00007fff161c0000 - 0x00007fff161e7000 	C:\Windows\System32\bcrypt.dll
0x0000000053530000 - 0x0000000053541000 	C:\Games\CurseForge\Minecraft\Install\runtime\jre-legacy\windows-x64\jre-legacy\bin\nio.dll
0x0000000053500000 - 0x0000000053524000 	C:\Games\CurseForge\Minecraft\Install\runtime\jre-legacy\windows-x64\jre-legacy\bin\sunec.dll
0x00007fff15300000 - 0x00007fff15318000 	C:\Windows\SYSTEM32\CRYPTSP.dll
0x00007fff14a20000 - 0x00007fff14a54000 	C:\Windows\system32\rsaenh.dll
0x00007fff15850000 - 0x00007fff1587e000 	C:\Windows\SYSTEM32\USERENV.dll
0x00007fff16130000 - 0x00007fff161b2000 	C:\Windows\System32\bcryptprimitives.dll
0x00007fff15320000 - 0x00007fff1532c000 	C:\Windows\SYSTEM32\CRYPTBASE.dll
0x00007fff0c010000 - 0x00007fff0c027000 	C:\Windows\SYSTEM32\dhcpcsvc6.DLL
0x00007fff0d2f0000 - 0x00007fff0d30d000 	C:\Windows\SYSTEM32\dhcpcsvc.DLL
0x00007ffeb9d30000 - 0x00007ffeb9da2000 	C:\Games\CurseForge\Minecraft\Install\bin\2cf85f2f4c1c7fac0dbfa319927859f161445c59\lwjgl.dll
0x00007ffeac120000 - 0x00007ffeac371000 	C:\Games\CurseForge\Minecraft\Install\bin\2cf85f2f4c1c7fac0dbfa319927859f161445c59\jemalloc.dll
0x00007fff0d3e0000 - 0x00007fff0d43e000 	C:\Games\CurseForge\Minecraft\Install\bin\2cf85f2f4c1c7fac0dbfa319927859f161445c59\glfw.dll
0x00007fff12290000 - 0x00007fff1232e000 	C:\Windows\system32\uxtheme.dll
0x00007ffeacd10000 - 0x00007ffeacd55000 	C:\Windows\SYSTEM32\dinput8.dll
0x00007ffecaa10000 - 0x00007ffecaa21000 	C:\Windows\SYSTEM32\xinput1_4.dll
0x00007fff160e0000 - 0x00007fff1612e000 	C:\Windows\System32\cfgmgr32.dll
0x00007fff15700000 - 0x00007fff1572c000 	C:\Windows\SYSTEM32\DEVOBJ.dll
0x00007fff12880000 - 0x00007fff128af000 	C:\Windows\SYSTEM32\dwmapi.dll
0x00007ffef72e0000 - 0x00007ffef7432000 	C:\Windows\SYSTEM32\inputhost.dll
0x00007fff16450000 - 0x00007fff1651d000 	C:\Windows\System32\OLEAUT32.dll
0x00007fff10cb0000 - 0x00007fff10da6000 	C:\Windows\SYSTEM32\PROPSYS.dll
0x00007fff11540000 - 0x00007fff11694000 	C:\Windows\SYSTEM32\wintypes.dll
0x00007fff12070000 - 0x00007fff12162000 	C:\Windows\SYSTEM32\CoreMessaging.dll
0x00007fff11c10000 - 0x00007fff11f6e000 	C:\Windows\SYSTEM32\CoreUIComponents.dll
0x00007fff14640000 - 0x00007fff14673000 	C:\Windows\SYSTEM32\ntmarta.dll
0x00007fff14200000 - 0x00007fff14212000 	C:\Windows\SYSTEM32\kernel.appcore.dll
0x00007ffeb9ff0000 - 0x00007ffeba128000 	C:\ProgramData\A-Volute\A-Volute.Nahimic\Modules\Scheduled\x64\AudioDevProps2.dll
0x00007fff16d60000 - 0x00007fff16e8a000 	C:\Windows\System32\ole32.dll
0x00007ffeb9020000 - 0x00007ffeb9173000 	C:\Program Files (x86)\Stardock\Fences\FencesMenu64.dll
0x00007fff103d0000 - 0x00007fff103e4000 	C:\Windows\SYSTEM32\WTSAPI32.dll
0x00007fff00fb0000 - 0x00007fff01155000 	C:\Windows\WinSxS\amd64_microsoft.windows.gdiplus_6595b64144ccf1df_1.1.19041.1706_none_919e8e54cc8d4ca1\gdiplus.dll
0x00007fff0b790000 - 0x00007fff0b8a8000 	C:\Program Files (x86)\Stardock\Groupy\groupy_64.dll
0x00007fff16f60000 - 0x00007fff17075000 	C:\Windows\System32\MSCTF.dll
0x00007fff141c0000 - 0x00007fff141cd000 	C:\Windows\SYSTEM32\HID.DLL
0x00007fff172f0000 - 0x00007fff1775f000 	C:\Windows\System32\SETUPAPI.DLL
0x00007fff16070000 - 0x00007fff160d7000 	C:\Windows\System32\WINTRUST.dll
0x00007fff15980000 - 0x00007fff15ad6000 	C:\Windows\System32\CRYPT32.dll
0x00007fff15540000 - 0x00007fff15552000 	C:\Windows\SYSTEM32\MSASN1.dll
0x00007ffeb8a60000 - 0x00007ffeb8b87000 	C:\Windows\SYSTEM32\opengl32.dll
0x00007ffeca530000 - 0x00007ffeca55c000 	C:\Windows\SYSTEM32\GLU32.dll
0x00007fff18140000 - 0x00007fff181e9000 	C:\Windows\System32\clbcatq.dll
0x00007ffe89ae0000 - 0x00007ffe8cc99000 	C:\Windows\System32\DriverStore\FileRepository\nvlt.inf_amd64_e7d8c0512da64e7d\nvoglv64.dll
0x00007fff08ed0000 - 0x00007fff08f01000 	C:\Windows\SYSTEM32\cryptnet.dll
0x00007fff08d30000 - 0x00007fff08e78000 	C:\Windows\SYSTEM32\drvstore.dll
0x00007fff09db0000 - 0x00007fff09deb000 	C:\Windows\SYSTEM32\dxcore.dll
0x00007ffec0260000 - 0x00007ffec0531000 	C:\Windows\system32\nvspcap64.dll
0x00007fff14f20000 - 0x00007fff14f6b000 	C:\Windows\SYSTEM32\powrprof.dll
0x00007fff14d90000 - 0x00007fff14da2000 	C:\Windows\SYSTEM32\UMPDC.dll
0x00007fff146f0000 - 0x00007fff1474a000 	C:\Windows\SYSTEM32\WINSTA.dll
0x00007ffeb9700000 - 0x00007ffeb977f000 	C:\Games\CurseForge\Minecraft\Install\bin\2cf85f2f4c1c7fac0dbfa319927859f161445c59\lwjgl_stb.dll
0x00007fff0f8b0000 - 0x00007fff0f95e000 	C:\Windows\SYSTEM32\mscms.dll
0x00007fff0ef90000 - 0x00007fff0efa1000 	C:\Windows\SYSTEM32\ColorAdapterClient.dll
0x00007fff0fa00000 - 0x00007fff0fa43000 	C:\Windows\SYSTEM32\icm32.dll
0x00007ffef6b70000 - 0x00007ffef6c69000 	C:\Windows\SYSTEM32\textinputframework.dll
0x00007fff0d440000 - 0x00007fff0d4a6000 	C:\Windows\system32\Oleacc.dll
0x00007ffeb96a0000 - 0x00007ffeb96f8000 	C:\Games\CurseForge\Minecraft\Install\bin\2cf85f2f4c1c7fac0dbfa319927859f161445c59\lwjgl_opengl.dll
0x00007ffeb5410000 - 0x00007ffeb5452000 	C:\Users\NukelordBrown\AppData\Local\Temp\jna--1590639904\jna1505191254878925978.dll
0x00000000534f0000 - 0x00000000534fc000 	C:\Games\CurseForge\Minecraft\Install\runtime\jre-legacy\windows-x64\jre-legacy\bin\jsound.dll
0x00000000534e0000 - 0x00000000534eb000 	C:\Games\CurseForge\Minecraft\Install\runtime\jre-legacy\windows-x64\jre-legacy\bin\jsoundds.dll
0x00007ffefdd40000 - 0x00007ffefdddc000 	C:\Windows\SYSTEM32\DSOUND.dll
0x00007ffefdeb0000 - 0x00007ffefded6000 	C:\Windows\SYSTEM32\winmmbase.dll
0x00007fff0f3a0000 - 0x00007fff0f425000 	C:\Windows\SYSTEM32\MMDevAPI.DLL
0x00007ffeb53c0000 - 0x00007ffeb5406000 	C:\Windows\SYSTEM32\wdmaud.drv
0x00007fff10f90000 - 0x00007fff10f99000 	C:\Windows\SYSTEM32\ksuser.dll
0x00007fff13a00000 - 0x00007fff13a0a000 	C:\Windows\SYSTEM32\AVRT.dll
0x00007fff0f520000 - 0x00007fff0f6a2000 	C:\Windows\SYSTEM32\AUDIOSES.DLL
0x00007fff0f6b0000 - 0x00007fff0f6bd000 	C:\Windows\SYSTEM32\msacm32.drv
0x00007ffeb5280000 - 0x00007ffeb529e000 	C:\Windows\SYSTEM32\MSACM32.dll
0x00007fff06e60000 - 0x00007fff06e6b000 	C:\Windows\SYSTEM32\midimap.dll
0x00007ffe7dfd0000 - 0x00007ffe7e236000 	C:\Users\NukelordBrown\AppData\Local\Temp\de.fabmax.physx-jni\0.4.15\PhysX_64.dll
0x00007ffea7750000 - 0x00007ffea7927000 	C:\Users\NukelordBrown\AppData\Local\Temp\de.fabmax.physx-jni\0.4.15\PhysXCommon_64.dll
0x00007ffeb4e70000 - 0x00007ffeb4f1a000 	C:\Users\NukelordBrown\AppData\Local\Temp\de.fabmax.physx-jni\0.4.15\PhysXCooking_64.dll
0x00007ffeb5320000 - 0x00007ffeb53b1000 	C:\Users\NukelordBrown\AppData\Local\Temp\de.fabmax.physx-jni\0.4.15\PhysXFoundation_64.dll
0x00007ffe7ddc0000 - 0x00007ffe7dfc4000 	C:\Users\NukelordBrown\AppData\Local\Temp\de.fabmax.physx-jni\0.4.15\PhysXJniBindings_64.dll
0x00007fff065d0000 - 0x00007fff06637000 	C:\ProgramData\A-Volute\A-Volute.Nahimic\Modules\Scheduled\x64\ProductInfo.dll
0x00007ffeb9cc0000 - 0x00007ffeb9d03000 	C:\ProgramData\A-Volute\A-Volute.Nahimic\Modules\Scheduled\x64\ASM.Plugin.AudioDevProps2.dll
0x0000000053340000 - 0x00000000534d8000 	C:\Games\CurseForge\Minecraft\Install\runtime\jre-legacy\windows-x64\jre-legacy\bin\awt.dll
0x00007fff121a0000 - 0x00007fff12230000 	C:\Windows\SYSTEM32\apphelp.dll
0x00007fff12660000 - 0x00007fff12674000 	C:\Windows\SYSTEM32\resourcepolicyclient.dll
0x00007ffeedad0000 - 0x00007ffeedc11000 	C:\Windows\System32\Windows.UI.dll
0x00007fff0e5e0000 - 0x00007fff0e681000 	C:\Windows\System32\WindowManagementAPI.dll

VM Arguments:
jvm_args: -XX:HeapDumpPath=MojangTricksIntelDriversForPerformance_javaw.exe_minecraft.exe.heapdump -Dos.name=Windows 10 -Dos.version=10.0 -Xss1M -Djava.library.path=C:\Games\CurseForge\Minecraft\Install\bin\2cf85f2f4c1c7fac0dbfa319927859f161445c59 -Dminecraft.launcher.brand=minecraft-launcher -Dminecraft.launcher.version=2.4.36 -Xmx6112m -Xms256m -Dminecraft.applet.TargetDirectory=C:\Games\CurseForge\Minecraft\Instances\Blood-N-Wine-2 -Dfml.ignorePatchDiscrepancies=true -Dfml.ignoreInvalidMinecraftCertificates=true -Duser.language=en -Duser.country=US -Dlog4j.configurationFile=C:\Games\CurseForge\Minecraft\Install\assets\log_configs\client-1.12.xml 
java_command: cpw.mods.modlauncher.Launcher --username Nukelord420 --version forge-36.2.35 --gameDir C:\Games\CurseForge\Minecraft\Instances\Blood-N-Wine-2 --assetsDir C:\Games\CurseForge\Minecraft\Install\assets --assetIndex 1.16 --uuid 29e423c126c942d89e776772bd06df02 --accessToken eyJraWQiOiJhYzg0YSIsImFsZyI6IkhTMjU2In0.eyJ4dWlkIjoiMjUzNTQyODE5MjM2MjEyNiIsImFnZyI6IkFkdWx0Iiwic3ViIjoiZmNhNGVlNjItYzI4Zi00NzI0LWJkZTktNGU3ZDBiYWQ0ODBjIiwiYXV0aCI6IlhCT1giLCJucyI6ImRlZmF1bHQiLCJyb2xlcyI6W10sImlzcyI6ImF1dGhlbnRpY2F0aW9uIiwicGxhdGZvcm0iOiJQQ19MQVVOQ0hFUiIsInl1aWQiOiI3YTRkMzAxOTgyNzg0NmNjYjZjZDdjZjg4Njc0OWMwZSIsIm5iZiI6MTY4MTg1NDkwMCwiZXhwIjoxNjgxOTQxMzAwLCJpYXQiOjE2ODE4NTQ5MDB9.w9ovGOMFe3y8HOtK2X5cAczp-mbc8-hRnin2Wkd_1Ro --userType msa --versionType release --width 1024 --height 768 --launchTarget fmlclient --fml.forgeVersion 36.2.35 --fml.mcVersion 1.16.5 --fml.forgeGroup net.minecraftforge --fml.mcpVersion 20210115.111550
java_class_path (initial): C:\Games\CurseForge\Minecraft\Install\libraries\net\minecraftforge\forge\1.16.5-36.2.35\forge-1.16.5-36.2.35.jar;C:\Games\CurseForge\Minecraft\Install\libraries\org\ow2\asm\asm\9.1\asm-9.1.jar;C:\Games\CurseForge\Minecraft\Install\libraries\org\ow2\asm\asm-commons\9.1\asm-commons-9.1.jar;C:\Games\CurseForge\Minecraft\Install\libraries\org\ow2\asm\asm-tree\9.1\asm-tree-9.1.jar;C:\Games\CurseForge\Minecraft\Install\libraries\org\ow2\asm\asm-util\9.1\asm-util-9.1.jar;C:\Games\CurseForge\Minecraft\Install\libraries\org\ow2\asm\asm-analysis\9.1\asm-analysis-9.1.jar;C:\Games\CurseForge\Minecraft\Install\libraries\cpw\mods\modlauncher\8.1.3\modlauncher-8.1.3.jar;C:\Games\CurseForge\Minecraft\Install\libraries\cpw\mods\grossjava9hacks\1.3.3\grossjava9hacks-1.3.3.jar;C:\Games\CurseForge\Minecraft\Install\libraries\net\minecraftforge\accesstransformers\3.0.1\accesstransformers-3.0.1.jar;C:\Games\CurseForge\Minecraft\Install\libraries\org\antlr\antlr4-runtime\4.9.1\antlr4-runtime-4.9.1.jar;C:\Games\CurseForge\Minecraft\Install\libraries\net\minecraftforge\eventbus\4.0.0\eventbus-4.0.0.jar;C:\Games\CurseForge\Minecraft\Install\libraries\net\minecraftforge\forgespi\3.2.0\forgespi-3.2.0.jar;C:\Games\CurseForge\Minecraft\Install\libraries\net\minecraftforge\coremods\4.0.6\coremods-4.0.6.jar;C:\Games\CurseForge\Minecraft\Install\libraries\net\minecraftforge\unsafe\0.2.0\unsafe-0.2.0.jar;C:\Games\CurseForge\Minecraft\Install\libraries\com\electronwill\night-config\core\3.6.3\core-3.6.3.jar;C:\Games\CurseForge\Minecraft\Install\libraries\com\electronwill\night-config\toml\3.6.3\toml-3.6.3.jar;C:\Games\CurseForge\Minecraft\Install\libraries\org\jline\jline\3.12.1\jline-3.12.1.jar;C:\Games\CurseForge\Minecraft\Install\libraries\org\apache\maven\maven-artifact\3.6.3\maven-artifact-3.6.3.jar;C:\Games\CurseForge\Minecraft\Install\libraries\net\jodah\typetools\0.8.3\typetools-0.8.3.jar;C:\Games\CurseForge\Minecraft\Install\libraries\org\apache\logging\log4j\log
Launcher Type: SUN_STANDARD

Environment Variables:
PATH=C:\VulkanSDK\1.3.236.0\Bin;C:\Program Files (x86)\Razer Chroma SDK\bin;C:\Program Files\Razer Chroma SDK\bin;C:\Program Files\Common Files\Oracle\Java\javapath;C:\Program Files (x86)\Common Files\Oracle\Java\javapath;C:\Program Files (x86)\Razer\ChromaBroadcast\bin;C:\Program Files\Razer\ChromaBroadcast\bin;C:\Windows\system32;C:\Windows;C:\Windows\System32\Wbem;C:\Windows\System32\WindowsPowerShell\v1.0\;C:\Windows\System32\OpenSSH\;C:\Program Files (x86)\NVIDIA Corporation\PhysX\Common;C:\Program Files\NVIDIA Corporation\NVIDIA NvDLISR;C:\Program Files\PuTTY\;C:\Windows\system32\config\systemprofile\AppData\Local\Microsoft\WindowsApps;C:\Program Files\dotnet\;C:\Program Files\Common Files\Autodesk Shared\;C:\Program Files\Microsoft SQL Server\120\Tools\Binn\;G:\Bethesda-Game-Modding-Tools\Ruby26-x64\bin;C:\Users\NukelordBrown\AppData\Local\Programs\Python\Python310\Scripts\;C:\Users\NukelordBrown\AppData\Local\Programs\Python\Python310\;C:\Users\NukelordBrown\AppData\Local\Microsoft\WindowsApps;C:\Users\NukelordBrown\AppData\Local\Programs\Microsoft VS Code\bin;C:\Users\NukelordBrown\.dotnet\tools;C:\Users\NukelordBrown\AppData\Local\GitHubDesktop\bin;C:\Program Files\Perforce\;C:\Program Files\Git\cmd;G:\Bethesda-Game-Modding-Tools\Ruby26-x64\bin;C:\Users\NukelordBrown\AppData\Local\Programs\Python\Python310\Scripts\;C:\Users\NukelordBrown\AppData\Local\Programs\Python\Python310\;C:\Users\NukelordBrown\AppData\Local\Microsoft\WindowsApps;C:\Users\NukelordBrown\AppData\Local\Programs\Microsoft VS Code\bin;C:\Users\NukelordBrown\.dotnet\tools;C:\Users\NukelordBrown\AppData\Local\GitHubDesktop\bin
USERNAME=NukelordBrown
OS=Windows_NT
PROCESSOR_IDENTIFIER=AMD64 Family 25 Model 80 Stepping 0, AuthenticAMD



---------------  S Y S T E M  ---------------

OS: Windows 10.0 , 64 bit Build 19041 (10.0.19041.1806)

CPU:total 16 (16 cores per cpu, 1 threads per core) family 25 model 80 stepping 0, cmov, cx8, fxsr, mmx, sse, sse2, sse3, ssse3, sse4.1, sse4.2, popcnt, avx, avx2, aes, clmul, erms, mmxext, 3dnowpref, lzcnt, sse4a, tsc, tscinvbit, tscinv, bmi1

Memory: 4k page, physical 33402940k(12850200k free), swap 41005116k(5223592k free)

vm_info: Java HotSpot(TM) 64-Bit Server VM (25.51-b03) for windows-amd64 JRE (1.8.0_51-b16), built on Jun  8 2015 18:03:07 by "java_re" with MS VC++ 10.0 (VS2010)

time: Tue Apr 18 16:20:56 2023
elapsed time: 3400 seconds (0d 0h 56m 40s)

