#
# A fatal error has been detected by the Java Runtime Environment:
#
#  EXCEPTION_ACCESS_VIOLATION (0xc0000005) at pc=0x00007ffe82343716, pid=22764, tid=19996
#
# JRE version: Java(TM) SE Runtime Environment (8.0_51-b16) (build 1.8.0_51-b16)
# Java VM: Java HotSpot(TM) 64-Bit Server VM (25.51-b03 mixed mode windows-amd64 compressed oops)
# Problematic frame:
# C  [PhysXJniBindings_64.dll+0x53716]
#
# Failed to write core dump. Minidumps are not enabled by default on client versions of Windows
#
# If you would like to submit a bug report, please visit:
#   http://bugreport.java.com/bugreport/crash.jsp
# The crash happened outside the Java Virtual Machine in native code.
# See problematic frame for where to report the bug.
#

---------------  T H R E A D  ---------------

Current thread (0x00000000026f4000):  JavaThread "Render thread" [_thread_in_native, id=19996, stack(0x00000000025f0000,0x00000000026f0000)]

siginfo: ExceptionCode=0xc0000005, reading address 0x0000000000000000

Registers:
RAX=0x0000000000000000, RBX=0x0000000000000018, RCX=0x0000000000000000, RDX=0x0000000000000000
RSP=0x00000000026ede80, RBP=0x00000000026edf30, RSI=0x0000000000000003, RDI=0x0000000000000000
R8 =0x0000000000000003, R9 =0x0000000026c30f50, R10=0x00000000028057c8, R11=0x0000000051fd7bb0
R12=0x0000000000000000, R13=0x0000000043e04668, R14=0x00000000026edf50, R15=0x00000000026f4000
RIP=0x00007ffe82343716, EFLAGS=0x0000000000010206

Top of Stack: (sp=0x00000000026ede80)
0x00000000026ede80:   00000000026edf50 00000000026f0000
0x00000000026ede90:   000000065913d400 000000065913d440
0x00000000026edea0:   0000000000200021 00000000f861e585
0x00000000026edeb0:   00000000027f7ced 00000000028057f4
0x00000000026edec0:   0000000043e04668 000000065913d710
0x00000000026eded0:   0000000000000000 00000000026edf40
0x00000000026edee0:   000000009e9a2f90 0000000000000000
0x00000000026edef0:   00000000026edef0 0000000000000000
0x00000000026edf00:   00000000026edf50 0000000043e064a0
0x00000000026edf10:   0000000000000000 0000000043e04668
0x00000000026edf20:   0000000000000000 00000000026edf50
0x00000000026edf30:   00000000026edf98 00000000027f7800
0x00000000026edf40:   0000000658d05fc8 00000000027ff977
0x00000000026edf50:   0000000000000003 00000000026edf58
0x00000000026edf60:   0000000043e04551 00000000026edfa8
0x00000000026edf70:   0000000043e064a0 0000000000000000 

Instructions: (pc=0x00007ffe82343716)
0x00007ffe823436f6:   89 74 24 10 57 48 83 ec 30 48 8b fa 8b f1 ff 15
0x00007ffe82343706:   86 3c 19 00 48 8b d8 ff 15 35 3c 19 00 48 8b c8
0x00007ffe82343716:   4c 8b 00 41 ff 50 28 84 c0 75 09 48 8d 05 a0 5e
0x00007ffe82343726:   12 00 eb 13 48 8d 15 8f 3f 19 00 48 8d 0d 20 2d 


Register to memory mapping:

RAX=0x0000000000000000 is an unknown value
RBX=0x0000000000000018 is an unknown value
RCX=0x0000000000000000 is an unknown value
RDX=0x0000000000000000 is an unknown value
RSP=0x00000000026ede80 is pointing into the stack for thread: 0x00000000026f4000
RBP=0x00000000026edf30 is pointing into the stack for thread: 0x00000000026f4000
RSI=0x0000000000000003 is an unknown value
RDI=0x0000000000000000 is an unknown value
R8 =0x0000000000000003 is an unknown value
R9 =0x0000000026c30f50 is an unknown value
R10=0x00000000028057c8 is at code_begin+840 in an Interpreter codelet
method entry point (kind = native)  [0x0000000002805480, 0x0000000002805de0]  2400 bytes
R11=0x0000000051fd7bb0 is an unknown value
R12=0x0000000000000000 is an unknown value
R13={method} {0x0000000043e04670} '_DefaultCpuDispatcherCreate' '(I)J' in 'physx/PxTopLevelFunctions'
R14=0x00000000026edf50 is pointing into the stack for thread: 0x00000000026f4000
R15=0x00000000026f4000 is a thread


Stack: [0x00000000025f0000,0x00000000026f0000],  sp=0x00000000026ede80,  free space=1015k
Native frames: (J=compiled Java code, j=interpreted, Vv=VM code, C=native code)
C  [PhysXJniBindings_64.dll+0x53716]
C  0x00000000028057f4

Java frames: (J=compiled Java code, j=interpreted, Vv=VM code)
j  physx.PxTopLevelFunctions._DefaultCpuDispatcherCreate(I)J+0
j  physx.PxTopLevelFunctions.DefaultCpuDispatcherCreate(I)Lphysx/extensions/PxDefaultCpuDispatcher;+1
J 58068 C2 net.minecraft.client.renderer.WorldRenderer.handler$bjc000$renderChunkLayerSolid(Lnet/minecraft/client/renderer/RenderType;Lcom/mojang/blaze3d/matrix/MatrixStack;DDDLorg/spongepowered/asm/mixin/injection/callback/CallbackInfo;)V (721 bytes) @ 0x00000000088f8e54 [0x00000000088f5e20+0x3034]
J 57362 C2 net.minecraft.client.renderer.WorldRenderer.func_228441_a_(Lnet/minecraft/client/renderer/RenderType;Lcom/mojang/blaze3d/matrix/MatrixStack;DDD)V (186 bytes) @ 0x000000000b98d14c [0x000000000b98ce80+0x2cc]
J 58698 C2 net.minecraft.client.renderer.WorldRenderer.func_228426_a_(Lcom/mojang/blaze3d/matrix/MatrixStack;FJZLnet/minecraft/client/renderer/ActiveRenderInfo;Lnet/minecraft/client/renderer/GameRenderer;Lnet/minecraft/client/renderer/LightTexture;Lnet/minecraft/util/math/vector/Matrix4f;)V (4063 bytes) @ 0x000000000bc73aec [0x000000000bc71320+0x27cc]
j  net.minecraft.client.renderer.GameRenderer.func_228378_a_(FJLcom/mojang/blaze3d/matrix/MatrixStack;)V+620
J 55632 C2 net.minecraft.client.renderer.GameRenderer.func_195458_a(FJZ)V (899 bytes) @ 0x0000000009c3581c [0x0000000009c35220+0x5fc]
j  net.minecraft.client.Minecraft.func_195542_b(Z)V+385
j  net.minecraft.client.Minecraft.handler$cdg000$unloadWorldScreenshot(Lnet/minecraft/client/gui/screen/Screen;Lorg/spongepowered/asm/mixin/injection/callback/CallbackInfo;)V+21
j  net.minecraft.client.Minecraft.func_213231_b(Lnet/minecraft/client/gui/screen/Screen;)V+49
j  net.minecraft.client.Minecraft.func_213254_o()V+8
j  net.minecraft.client.Minecraft.func_71405_e()V+66
j  net.minecraft.client.main.Main.main([Ljava/lang/String;)V+1445
v  ~StubRoutines::call_stub
j  sun.reflect.NativeMethodAccessorImpl.invoke0(Ljava/lang/reflect/Method;Ljava/lang/Object;[Ljava/lang/Object;)Ljava/lang/Object;+0
j  sun.reflect.NativeMethodAccessorImpl.invoke(Ljava/lang/Object;[Ljava/lang/Object;)Ljava/lang/Object;+100
J 2389 C1 sun.reflect.DelegatingMethodAccessorImpl.invoke(Ljava/lang/Object;[Ljava/lang/Object;)Ljava/lang/Object; (10 bytes) @ 0x0000000003124f0c [0x0000000003124e00+0x10c]
J 2388 C1 java.lang.reflect.Method.invoke(Ljava/lang/Object;[Ljava/lang/Object;)Ljava/lang/Object; (62 bytes) @ 0x00000000031256ac [0x00000000031252c0+0x3ec]
j  net.minecraftforge.fml.loading.FMLClientLaunchProvider.lambda$launchService$0(Lcpw/mods/modlauncher/api/ITransformingClassLoader;[Ljava/lang/String;)Ljava/lang/Void;+50
j  net.minecraftforge.fml.loading.FMLClientLaunchProvider$$Lambda$502.call()Ljava/lang/Object;+12
j  cpw.mods.modlauncher.LaunchServiceHandlerDecorator.launch([Ljava/lang/String;Lcpw/mods/modlauncher/api/ITransformingClassLoader;)V+11
j  cpw.mods.modlauncher.LaunchServiceHandler.launch(Ljava/lang/String;[Ljava/lang/String;Lcpw/mods/modlauncher/TransformingClassLoader;Lcpw/mods/modlauncher/LaunchPluginHandler;)V+57
j  cpw.mods.modlauncher.LaunchServiceHandler.launch(Lcpw/mods/modlauncher/ArgumentHandler;Lcpw/mods/modlauncher/TransformingClassLoader;Lcpw/mods/modlauncher/LaunchPluginHandler;)V+19
j  cpw.mods.modlauncher.Launcher.run([Ljava/lang/String;)V+116
j  cpw.mods.modlauncher.Launcher.main([Ljava/lang/String;)V+37
v  ~StubRoutines::call_stub

---------------  P R O C E S S  ---------------

Java Threads: ( => current thread )
  0x0000000037882000 JavaThread "ForkJoinPool.commonPool-worker-2" daemon [_thread_blocked, id=20256, stack(0x000000004e780000,0x000000004e880000)]
  0x00000000390fc000 JavaThread "Chunk Render Task Executor #9" [_thread_blocked, id=25256, stack(0x0000000055200000,0x0000000055300000)]
  0x00000000390f4800 JavaThread "Chunk Render Task Executor #8" [_thread_blocked, id=5644, stack(0x0000000054d00000,0x0000000054e00000)]
  0x00000000390fa800 JavaThread "Chunk Render Task Executor #7" [_thread_blocked, id=28756, stack(0x0000000054c00000,0x0000000054d00000)]
  0x00000000390fa000 JavaThread "Chunk Render Task Executor #6" [_thread_blocked, id=28772, stack(0x0000000054010000,0x0000000054110000)]
  0x00000000390f9000 JavaThread "Chunk Render Task Executor #5" [_thread_blocked, id=29172, stack(0x0000000041ff0000,0x00000000420f0000)]
  0x00000000390f8800 JavaThread "Chunk Render Task Executor #4" [_thread_blocked, id=23892, stack(0x0000000041ef0000,0x0000000041ff0000)]
  0x00000000390f7800 JavaThread "Chunk Render Task Executor #3" [_thread_blocked, id=4084, stack(0x00000000417f0000,0x00000000418f0000)]
  0x00000000390fb800 JavaThread "Chunk Render Task Executor #2" [_thread_blocked, id=2652, stack(0x00000000415f0000,0x00000000416f0000)]
  0x00000000390f4000 JavaThread "Chunk Render Task Executor #1" [_thread_blocked, id=20596, stack(0x0000000041170000,0x0000000041270000)]
  0x00000000390f3000 JavaThread "Chunk Render Task Executor #0" [_thread_blocked, id=3036, stack(0x000000003f070000,0x000000003f170000)]
  0x0000000072938000 JavaThread "Sound engine" daemon [_thread_blocked, id=27556, stack(0x000000003ed50000,0x000000003ee50000)]
  0x0000000035b59800 JavaThread "ForkJoinPool.commonPool-worker-9" daemon [_thread_blocked, id=25780, stack(0x0000000031c80000,0x0000000031d80000)]
  0x0000000034dc8800 JavaThread "pool-12-thread-1" [_thread_blocked, id=16032, stack(0x00000000b6be0000,0x00000000b6ce0000)]
  0x0000000037874800 JavaThread "Narrator" [_thread_blocked, id=12648, stack(0x00000000bbbd0000,0x00000000bbcd0000)]
  0x0000000037886000 JavaThread "ForkJoinPool.commonPool-worker-7" daemon [_thread_blocked, id=21392, stack(0x00000000bb1d0000,0x00000000bb2d0000)]
  0x000000003788c000 JavaThread "ForkJoinPool.commonPool-worker-0" daemon [_thread_blocked, id=24092, stack(0x00000000bb0d0000,0x00000000bb1d0000)]
  0x000000003788a800 JavaThread "ForkJoinPool.commonPool-worker-12" daemon [_thread_blocked, id=24424, stack(0x00000000bafd0000,0x00000000bb0d0000)]
  0x000000003788b000 JavaThread "ForkJoinPool.commonPool-worker-5" daemon [_thread_blocked, id=4456, stack(0x00000000baed0000,0x00000000bafd0000)]
  0x000000003788c800 JavaThread "ForkJoinPool.commonPool-worker-14" daemon [_thread_blocked, id=648, stack(0x00000000badd0000,0x00000000baed0000)]
  0x0000000037882800 JavaThread "ForkJoinPool.commonPool-worker-3" daemon [_thread_blocked, id=14952, stack(0x00000000bacd0000,0x00000000badd0000)]
  0x0000000037889800 JavaThread "ForkJoinPool.commonPool-worker-10" daemon [_thread_blocked, id=10912, stack(0x00000000babd0000,0x00000000bacd0000)]
  0x0000000037889000 JavaThread "ForkJoinPool.commonPool-worker-8" daemon [_thread_blocked, id=16776, stack(0x000000009f410000,0x000000009f510000)]
  0x0000000037884000 JavaThread "ForkJoinPool.commonPool-worker-15" daemon [_thread_blocked, id=23440, stack(0x000000009f310000,0x000000009f410000)]
  0x0000000037883800 JavaThread "ForkJoinPool.commonPool-worker-6" daemon [_thread_blocked, id=22204, stack(0x000000009f210000,0x000000009f310000)]
  0x0000000037885000 JavaThread "ForkJoinPool.commonPool-worker-13" daemon [_thread_blocked, id=19012, stack(0x000000009f110000,0x000000009f210000)]
  0x0000000037888000 JavaThread "ForkJoinPool.commonPool-worker-4" daemon [_thread_blocked, id=24488, stack(0x000000009f010000,0x000000009f110000)]
  0x000000003787b000 JavaThread "ForkJoinPool.commonPool-worker-11" daemon [_thread_blocked, id=30388, stack(0x000000009ef10000,0x000000009f010000)]
  0x0000000034dd3000 JavaThread "Netty Client IO #4" daemon [_thread_in_native, id=4256, stack(0x00000000c8570000,0x00000000c8670000)]
  0x0000000034dd5800 JavaThread "Litematica Chunk Batcher 15" daemon [_thread_blocked, id=28632, stack(0x00000000b7de0000,0x00000000b7ee0000)]
  0x0000000034dd1800 JavaThread "Litematica Chunk Batcher 14" daemon [_thread_blocked, id=13004, stack(0x00000000b7ce0000,0x00000000b7de0000)]
  0x0000000034dcf800 JavaThread "Litematica Chunk Batcher 13" daemon [_thread_blocked, id=18952, stack(0x00000000b7be0000,0x00000000b7ce0000)]
  0x0000000034dd0000 JavaThread "Litematica Chunk Batcher 12" daemon [_thread_blocked, id=22604, stack(0x00000000b7ae0000,0x00000000b7be0000)]
  0x0000000034dce800 JavaThread "Litematica Chunk Batcher 11" daemon [_thread_blocked, id=24052, stack(0x00000000b79e0000,0x00000000b7ae0000)]
  0x0000000034dd1000 JavaThread "Litematica Chunk Batcher 10" daemon [_thread_blocked, id=27772, stack(0x00000000b78e0000,0x00000000b79e0000)]
  0x0000000034dd2800 JavaThread "Litematica Chunk Batcher 9" daemon [_thread_blocked, id=21352, stack(0x00000000b77e0000,0x00000000b78e0000)]
  0x0000000034dc7000 JavaThread "Litematica Chunk Batcher 8" daemon [_thread_blocked, id=16036, stack(0x00000000b76e0000,0x00000000b77e0000)]
  0x0000000034dce000 JavaThread "Litematica Chunk Batcher 7" daemon [_thread_blocked, id=28564, stack(0x00000000b75e0000,0x00000000b76e0000)]
  0x0000000034dc6800 JavaThread "Litematica Chunk Batcher 6" daemon [_thread_blocked, id=29324, stack(0x00000000b74e0000,0x00000000b75e0000)]
  0x0000000034dcc800 JavaThread "Litematica Chunk Batcher 5" daemon [_thread_blocked, id=11744, stack(0x00000000b73e0000,0x00000000b74e0000)]
  0x0000000034dcb800 JavaThread "Litematica Chunk Batcher 4" daemon [_thread_blocked, id=15252, stack(0x00000000b72e0000,0x00000000b73e0000)]
  0x0000000034dcb000 JavaThread "Litematica Chunk Batcher 3" daemon [_thread_blocked, id=8524, stack(0x00000000b71e0000,0x00000000b72e0000)]
  0x0000000034dcd000 JavaThread "Litematica Chunk Batcher 2" daemon [_thread_blocked, id=4212, stack(0x00000000b70e0000,0x00000000b71e0000)]
  0x0000000034dc9800 JavaThread "Litematica Chunk Batcher 1" daemon [_thread_blocked, id=26168, stack(0x00000000b6fe0000,0x00000000b70e0000)]
  0x0000000034dc8000 JavaThread "Litematica Chunk Batcher 0" daemon [_thread_blocked, id=27828, stack(0x00000000b6ee0000,0x00000000b6fe0000)]
  0x00000000357ff000 JavaThread "Netty Client IO #3" daemon [_thread_in_native, id=27268, stack(0x0000000062c60000,0x0000000062d60000)]
  0x00000000357fc800 JavaThread "Netty Client IO #2" daemon [_thread_in_native, id=11660, stack(0x0000000041270000,0x0000000041370000)]
  0x00000000357fb000 JavaThread "Netty Client IO #1" daemon [_thread_in_native, id=15496, stack(0x000000009c260000,0x000000009c360000)]
  0x00000000357fa000 JavaThread "Netty Client IO #0" daemon [_thread_in_native, id=29608, stack(0x000000009bac0000,0x000000009bbc0000)]
  0x0000000037d79000 JavaThread "ObjectCleanerThread" daemon [_thread_blocked, id=19480, stack(0x000000009b9c0000,0x000000009bac0000)]
  0x00000000361bb000 JavaThread "Server Pinger #3" daemon [_thread_blocked, id=12592, stack(0x00000000955f0000,0x00000000956f0000)]
  0x00000000361bf800 JavaThread "Server Pinger #2" daemon [_thread_blocked, id=18696, stack(0x00000000954f0000,0x00000000955f0000)]
  0x00000000365b1000 JavaThread "Server Pinger #1" daemon [_thread_blocked, id=1776, stack(0x00000000953f0000,0x00000000954f0000)]
  0x00000000365b6000 JavaThread "Thread-65" daemon [_thread_in_native, id=17844, stack(0x0000000094760000,0x0000000094860000)]
  0x00000000365b4000 JavaThread "Server Pinger #0" daemon [_thread_blocked, id=30204, stack(0x0000000093ba0000,0x0000000093ca0000)]
  0x0000000039384800 JavaThread "spark-worker-pool-1-thread-4" daemon [_thread_blocked, id=23680, stack(0x000000005d1e0000,0x000000005d2e0000)]
  0x0000000037d79800 JavaThread "spark-worker-pool-1-thread-3" daemon [_thread_blocked, id=10048, stack(0x0000000070c50000,0x0000000070d50000)]
  0x0000000037d77800 JavaThread "Thread-62" daemon [_thread_blocked, id=16964, stack(0x00000000287e0000,0x00000000288e0000)]
  0x0000000037d74800 JavaThread "Thread-61" daemon [_thread_blocked, id=14500, stack(0x0000000070610000,0x0000000070710000)]
  0x0000000037d72000 JavaThread "spark-worker-pool-1-thread-2" daemon [_thread_blocked, id=3708, stack(0x0000000071ee0000,0x0000000071fe0000)]
  0x0000000037d73000 JavaThread "spark-worker-pool-1-thread-1" daemon [_thread_blocked, id=7016, stack(0x0000000072070000,0x0000000072170000)]
  0x0000000037d70000 JavaThread "spark-monitor" daemon [_thread_blocked, id=22632, stack(0x0000000070310000,0x0000000070410000)]
  0x0000000037d6f000 JavaThread "pool-5-thread-1" [_thread_blocked, id=14196, stack(0x0000000070210000,0x0000000070310000)]
  0x0000000037d6e800 JavaThread "Thread-57" daemon [_thread_in_native, id=9796, stack(0x00000000668f0000,0x00000000669f0000)]
  0x00000000390ff000 JavaThread "Thread-56" daemon [_thread_in_native, id=2744, stack(0x00000000651a0000,0x00000000652a0000)]
  0x0000000039386000 JavaThread "Java2D Disposer" daemon [_thread_blocked, id=20300, stack(0x0000000064ea0000,0x0000000064fa0000)]
  0x0000000039385000 JavaThread "Thread-54" daemon [_thread_in_native, id=29868, stack(0x0000000055800000,0x0000000055900000)]
  0x0000000039382000 JavaThread "Thread-53" daemon [_thread_in_native, id=20492, stack(0x0000000055700000,0x0000000055800000)]
  0x0000000039383800 JavaThread "Thread-52" daemon [_thread_in_native, id=23984, stack(0x0000000055cd0000,0x0000000055dd0000)]
  0x0000000039380800 JavaThread "Thread-51" daemon [_thread_in_native, id=524, stack(0x0000000055600000,0x0000000055700000)]
  0x0000000039379000 JavaThread "Thread-50" daemon [_thread_in_native, id=25616, stack(0x0000000055300000,0x0000000055400000)]
  0x000000003937b800 JavaThread "Narrator" [_thread_blocked, id=23484, stack(0x0000000053ed0000,0x0000000053fd0000)]
  0x0000000039378800 JavaThread "Config Lib config file watcher" daemon [_thread_blocked, id=17216, stack(0x000000004e3c0000,0x000000004e4c0000)]
  0x00000000361b3800 JavaThread "Thread-47" daemon [_thread_in_native, id=11424, stack(0x000000004e2c0000,0x000000004e3c0000)]
  0x00000000365b4800 JavaThread "pool-4-thread-16" [_thread_blocked, id=12832, stack(0x000000004d6c0000,0x000000004d7c0000)]
  0x00000000365b3000 JavaThread "pool-4-thread-15" [_thread_blocked, id=3672, stack(0x000000004c1f0000,0x000000004c2f0000)]
  0x00000000365b0000 JavaThread "pool-4-thread-14" [_thread_blocked, id=25648, stack(0x000000004bdd0000,0x000000004bed0000)]
  0x0000000037c9b800 JavaThread "pool-4-thread-13" [_thread_blocked, id=30296, stack(0x000000004c320000,0x000000004c420000)]
  0x0000000037c9a000 JavaThread "pool-4-thread-12" [_thread_blocked, id=13380, stack(0x000000004bef0000,0x000000004bff0000)]
  0x0000000037c98800 JavaThread "pool-4-thread-11" [_thread_blocked, id=21192, stack(0x000000004b6d0000,0x000000004b7d0000)]
  0x0000000037c98000 JavaThread "pool-4-thread-10" [_thread_blocked, id=28736, stack(0x000000004b5d0000,0x000000004b6d0000)]
  0x0000000037c90000 JavaThread "Thread-45" daemon [_thread_in_native, id=19292, stack(0x000000004b4d0000,0x000000004b5d0000)]
  0x0000000037c91000 JavaThread "Thread-44" daemon [_thread_in_native, id=10192, stack(0x000000004b3d0000,0x000000004b4d0000)]
  0x0000000037c91800 JavaThread "Thread-43" daemon [_thread_in_native, id=7096, stack(0x000000004b2d0000,0x000000004b3d0000)]
  0x0000000037c95000 JavaThread "pool-4-thread-9" [_thread_blocked, id=12564, stack(0x000000004b1d0000,0x000000004b2d0000)]
  0x0000000037c95800 JavaThread "Thread-42" daemon [_thread_in_native, id=5772, stack(0x000000004ada0000,0x000000004aea0000)]
  0x0000000037c8e800 JavaThread "Thread-41" daemon [_thread_in_native, id=6872, stack(0x000000004aaf0000,0x000000004abf0000)]
  0x0000000037c94000 JavaThread "Thread-40" daemon [_thread_in_native, id=4320, stack(0x000000004b0d0000,0x000000004b1d0000)]
  0x0000000037c92800 JavaThread "Thread-39" daemon [_thread_in_native, id=26532, stack(0x000000004aca0000,0x000000004ada0000)]
  0x0000000037c93000 JavaThread "Thread-38" daemon [_thread_in_native, id=19792, stack(0x000000004a9f0000,0x000000004aaf0000)]
  0x0000000037c8e000 JavaThread "pool-4-thread-8" [_thread_blocked, id=30716, stack(0x0000000048840000,0x0000000048940000)]
  0x0000000037c8d000 JavaThread "Thread-37" daemon [_thread_in_native, id=26024, stack(0x000000004a8f0000,0x000000004a9f0000)]
  0x0000000022d04800 JavaThread "Thread-36" daemon [_thread_in_native, id=18092, stack(0x000000004a440000,0x000000004a540000)]
  0x00000000361c1000 JavaThread "Thread-35" daemon [_thread_in_native, id=21500, stack(0x000000004a5f0000,0x000000004a6f0000)]
  0x00000000361bc800 JavaThread "pool-4-thread-7" [_thread_blocked, id=1728, stack(0x000000004a340000,0x000000004a440000)]
  0x00000000361c2800 JavaThread "pool-4-thread-6" [_thread_blocked, id=15076, stack(0x000000004a240000,0x000000004a340000)]
  0x00000000361c1800 JavaThread "pool-4-thread-5" [_thread_blocked, id=17512, stack(0x0000000049630000,0x0000000049730000)]
  0x00000000361c0000 JavaThread "Thread-34" daemon [_thread_in_native, id=4128, stack(0x0000000048be0000,0x0000000048ce0000)]
  0x00000000361b8800 JavaThread "Thread-33" daemon [_thread_in_native, id=12524, stack(0x0000000049060000,0x0000000049160000)]
  0x00000000361be000 JavaThread "Thread-31" daemon [_thread_in_native, id=20528, stack(0x0000000048740000,0x0000000048840000)]
  0x00000000361bd000 JavaThread "pool-4-thread-4" [_thread_blocked, id=29060, stack(0x0000000048640000,0x0000000048740000)]
  0x00000000361bb800 JavaThread "pool-4-thread-3" [_thread_blocked, id=29356, stack(0x0000000047f10000,0x0000000048010000)]
  0x00000000361ba000 JavaThread "pool-4-thread-2" [_thread_blocked, id=25708, stack(0x0000000049530000,0x0000000049630000)]
  0x00000000361b8000 JavaThread "pool-4-thread-1" [_thread_blocked, id=12664, stack(0x0000000049430000,0x0000000049530000)]
  0x00000000361b9800 JavaThread "Thread-30" daemon [_thread_in_native, id=25312, stack(0x0000000049230000,0x0000000049330000)]
  0x00000000361be800 JavaThread "Thread-29" daemon [_thread_in_native, id=24688, stack(0x0000000047a40000,0x0000000047b40000)]
  0x00000000361b7000 JavaThread "Thread-28" daemon [_thread_in_native, id=16040, stack(0x0000000047be0000,0x0000000047ce0000)]
  0x00000000361b5000 JavaThread "Thread-27" daemon [_thread_blocked, id=25744, stack(0x0000000047700000,0x0000000047800000)]
  0x00000000361b4000 JavaThread "Java Sound Event Dispatcher" daemon [_thread_blocked, id=25476, stack(0x00000000452f0000,0x00000000453f0000)]
  0x00000000361b5800 JavaThread "Thread-25" daemon [_thread_blocked, id=26136, stack(0x0000000044000000,0x0000000044100000)]
  0x0000000039101800 JavaThread "lava-daemon-pool-info-loader-5-thread-1" daemon [_thread_blocked, id=8252, stack(0x0000000043b00000,0x0000000043c00000)]
  0x00000000390fe800 JavaThread "LavaPlayer Audio Thread" daemon [_thread_blocked, id=6244, stack(0x00000000434f0000,0x00000000435f0000)]
  0x0000000039100800 JavaThread "lava-daemon-pool-manager-6-thread-1" daemon [_thread_blocked, id=18404, stack(0x00000000433f0000,0x00000000434f0000)]
  0x0000000039100000 JavaThread "LavaPlayer Audio Thread" daemon [_thread_blocked, id=2952, stack(0x0000000042ef0000,0x0000000042ff0000)]
  0x0000000039102800 JavaThread "Thread-24" daemon [_thread_in_native, id=29568, stack(0x00000000429f0000,0x0000000042af0000)]
  0x00000000390f7000 JavaThread "lava-daemon-pool-manager-3-thread-1" daemon [_thread_blocked, id=6112, stack(0x00000000428f0000,0x00000000429f0000)]
  0x0000000035b57000 JavaThread "Snooper Timer" daemon [_thread_blocked, id=13200, stack(0x00000000308d0000,0x00000000309d0000)]
  0x0000000035b56800 JavaThread "Timer hack thread" daemon [_thread_blocked, id=14872, stack(0x00000000305d0000,0x00000000306d0000)]
  0x0000000035b53800 JavaThread "Thread-20" daemon [_thread_in_native, id=7828, stack(0x000000003b0e0000,0x000000003b1e0000)]
  0x0000000035b4c000 JavaThread "Thread-19" daemon [_thread_in_native, id=16820, stack(0x000000003afe0000,0x000000003b0e0000)]
  0x0000000035b52800 JavaThread "Thread-18" daemon [_thread_in_native, id=18152, stack(0x000000003aee0000,0x000000003afe0000)]
  0x0000000035b52000 JavaThread "Thread-17" daemon [_thread_in_native, id=21224, stack(0x000000003ade0000,0x000000003aee0000)]
  0x0000000035b51000 JavaThread "Thread-16" daemon [_thread_in_native, id=8556, stack(0x000000003ace0000,0x000000003ade0000)]
  0x0000000035b4e000 JavaThread "Thread-15" daemon [_thread_in_native, id=26444, stack(0x000000003abe0000,0x000000003ace0000)]
  0x0000000035b4b000 JavaThread "Thread-14" daemon [_thread_in_native, id=21704, stack(0x000000003aae0000,0x000000003abe0000)]
  0x0000000035b4f800 JavaThread "Thread-13" daemon [_thread_in_native, id=27204, stack(0x000000003a9e0000,0x000000003aae0000)]
  0x0000000035b50800 JavaThread "Thread-12" daemon [_thread_in_native, id=10528, stack(0x000000003a8e0000,0x000000003a9e0000)]
  0x0000000035b4f000 JavaThread "Thread-11" daemon [_thread_in_native, id=7368, stack(0x000000003a7e0000,0x000000003a8e0000)]
  0x0000000035b4d800 JavaThread "Thread-10" daemon [_thread_in_native, id=14308, stack(0x0000000038670000,0x0000000038770000)]
  0x0000000035b4c800 JavaThread "Thread-9" daemon [_thread_in_native, id=11804, stack(0x0000000038570000,0x0000000038670000)]
  0x0000000022da5000 JavaThread "Thread-8" daemon [_thread_in_native, id=14856, stack(0x0000000037480000,0x0000000037580000)]
  0x00000000257c5800 JavaThread "Thread-7" daemon [_thread_in_native, id=26012, stack(0x0000000034330000,0x0000000034430000)]
  0x0000000026715800 JavaThread "Thread-6" daemon [_thread_in_native, id=20232, stack(0x0000000034230000,0x0000000034330000)]
  0x0000000025ecf000 JavaThread "Thread-5" daemon [_thread_in_native, id=23844, stack(0x0000000033880000,0x0000000033980000)]
  0x0000000026e61800 JavaThread "Thread-4" daemon [_thread_in_native, id=27624, stack(0x0000000033570000,0x0000000033670000)]
  0x0000000026d22800 JavaThread "Thread-2" daemon [_thread_in_native, id=24328, stack(0x0000000028be0000,0x0000000028ce0000)]
  0x0000000026ad8800 JavaThread "Thread-1" daemon [_thread_blocked, id=10992, stack(0x0000000028ae0000,0x0000000028be0000)]
  0x0000000022d81000 JavaThread "Service Thread" daemon [_thread_blocked, id=28064, stack(0x0000000025500000,0x0000000025600000)]
  0x0000000022d05800 JavaThread "C1 CompilerThread11" daemon [_thread_blocked, id=2560, stack(0x0000000025400000,0x0000000025500000)]
  0x0000000022d01800 JavaThread "C1 CompilerThread10" daemon [_thread_blocked, id=20404, stack(0x0000000025300000,0x0000000025400000)]
  0x0000000022d07800 JavaThread "C1 CompilerThread9" daemon [_thread_blocked, id=5072, stack(0x0000000025200000,0x0000000025300000)]
  0x0000000022d03000 JavaThread "C1 CompilerThread8" daemon [_thread_blocked, id=22656, stack(0x0000000025000000,0x0000000025100000)]
  0x0000000022d02800 JavaThread "C2 CompilerThread7" daemon [_thread_blocked, id=8988, stack(0x0000000024f00000,0x0000000025000000)]
  0x0000000022ce1000 JavaThread "C2 CompilerThread6" daemon [_thread_blocked, id=18800, stack(0x0000000024e00000,0x0000000024f00000)]
  0x0000000022cd0000 JavaThread "C2 CompilerThread5" daemon [_thread_blocked, id=10080, stack(0x0000000024d00000,0x0000000024e00000)]
  0x0000000022cc3000 JavaThread "C2 CompilerThread4" daemon [_thread_blocked, id=27656, stack(0x0000000024c00000,0x0000000024d00000)]
  0x0000000022cb9800 JavaThread "C2 CompilerThread3" daemon [_thread_blocked, id=28616, stack(0x0000000024b00000,0x0000000024c00000)]
  0x0000000022cb7000 JavaThread "C2 CompilerThread2" daemon [_thread_blocked, id=14956, stack(0x0000000024a00000,0x0000000024b00000)]
  0x0000000022cb3000 JavaThread "C2 CompilerThread1" daemon [_thread_blocked, id=29800, stack(0x0000000024900000,0x0000000024a00000)]
  0x0000000022cb1800 JavaThread "C2 CompilerThread0" daemon [_thread_blocked, id=1032, stack(0x0000000024800000,0x0000000024900000)]
  0x0000000022cb0800 JavaThread "Attach Listener" daemon [_thread_blocked, id=12076, stack(0x0000000024700000,0x0000000024800000)]
  0x0000000022cad000 JavaThread "Signal Dispatcher" daemon [_thread_blocked, id=7788, stack(0x0000000024600000,0x0000000024700000)]
  0x0000000021216000 JavaThread "Finalizer" daemon [_thread_blocked, id=18512, stack(0x0000000024500000,0x0000000024600000)]
  0x000000002120d000 JavaThread "Reference Handler" daemon [_thread_blocked, id=12400, stack(0x0000000024400000,0x0000000024500000)]
=>0x00000000026f4000 JavaThread "Render thread" [_thread_in_native, id=19996, stack(0x00000000025f0000,0x00000000026f0000)]

Other Threads:
  0x0000000022c74000 VMThread [stack: 0x0000000024300000,0x0000000024400000] [id=27776]
  0x0000000022d88000 WatcherThread [stack: 0x0000000025600000,0x0000000025700000] [id=11560]

VM state:not at safepoint (normal execution)

VM Mutex/Monitor currently owned by a thread: None

Heap:
 PSYoungGen      total 1594880K, used 746525K [0x0000000740b00000, 0x00000007c0000000, 0x00000007c0000000)
  eden space 1108992K, 35% used [0x0000000740b00000,0x0000000758bd7750,0x0000000784600000)
  from space 485888K, 72% used [0x00000007a2580000,0x00000007b7db0000,0x00000007c0000000)
  to   space 488448K, 0% used [0x0000000784600000,0x0000000784600000,0x00000007a2300000)
 ParOldGen       total 3399680K, used 2849666K [0x0000000642000000, 0x0000000711800000, 0x0000000740b00000)
  object space 3399680K, 83% used [0x0000000642000000,0x00000006efee0a98,0x0000000711800000)
 Metaspace       used 262347K, capacity 298520K, committed 298744K, reserved 1294336K
  class space    used 44418K, capacity 54038K, committed 54068K, reserved 1048576K

Card table byte_map: [0x0000000011bb0000,0x00000000127b0000] byte_map_base: 0x000000000e9a0000

Marking Bits: (ParMarkBitMap*) 0x00000000525b4040
 Begin Bits: [0x0000000013cb0000, 0x0000000019c30000)
 End Bits:   [0x0000000019c30000, 0x000000001fbb0000)

Polling page: 0x0000000000bd0000

CodeCache: size=245760Kb used=165396Kb max_used=166243Kb free=80363Kb
 bounds [0x00000000027f0000, 0x000000000cb80000, 0x00000000117f0000]
 total_blobs=45279 nmethods=42584 adapters=2595
 compilation: enabled

Compilation events (10 events):
Event: 2834.140 Thread 0x0000000022ce1000 63599       4       me.hypherionmc.simplerpclib.integrations.launchers.LauncherUtils::getLauncherOverrides (69 bytes)
Event: 2834.141 Thread 0x0000000022ce1000 nmethod 63599 0x000000000510f5d0 code [0x000000000510f720, 0x000000000510f818]
Event: 2835.081 Thread 0x0000000022cc3000 63600       4       me.hypherionmc.simplerpclib.configuration.presence.MultiPlayerSection::buildPresence (1751 bytes)
Event: 2835.114 Thread 0x0000000022cc3000 nmethod 63600 0x0000000003476350 code [0x00000000034766e0, 0x0000000003478318]
Event: 2836.440 Thread 0x0000000022cb7000 63601       4       com.github.alexthe666.iceandfire.entity.EntityMyrmexSentinel::isHiding (17 bytes)
Event: 2836.442 Thread 0x0000000022cb7000 nmethod 63601 0x000000000c22a1d0 code [0x000000000c22a320, 0x000000000c22a408]
Event: 2838.375 Thread 0x0000000022d05800 63602       3       com.github.alexthe666.iceandfire.entity.EntityMyrmexSentinel::func_70636_d (581 bytes)
Event: 2838.380 Thread 0x0000000022d05800 nmethod 63602 0x000000000c3676d0 code [0x000000000c368260, 0x000000000c371498]
Event: 2845.396 Thread 0x0000000022cc3000 63603   !   4       com.sun.jmx.mbeanserver.ConvertingMethod::invokeWithOpenReturn (35 bytes)
Event: 2845.412 Thread 0x0000000022cc3000 nmethod 63603 0x0000000006f3c310 code [0x0000000006f3c5c0, 0x0000000006f3d628]

GC Heap History (10 events):
Event: 2827.793 GC heap before
{Heap before GC invocations=485 (full 9):
 PSYoungGen      total 1619968K, used 1619456K [0x0000000740b00000, 0x00000007c0000000, 0x00000007c0000000)
  eden space 1261568K, 100% used [0x0000000740b00000,0x000000078db00000,0x000000078db00000)
  from space 358400K, 99% used [0x000000078db00000,0x00000007a3880010,0x00000007a3900000)
  to   space 436224K, 0% used [0x00000007a5600000,0x00000007a5600000,0x00000007c0000000)
 ParOldGen       total 3399680K, used 2735330K [0x0000000642000000, 0x0000000711800000, 0x0000000740b00000)
  object space 3399680K, 80% used [0x0000000642000000,0x00000006e8f38a88,0x0000000711800000)
 Metaspace       used 262314K, capacity 298476K, committed 298744K, reserved 1294336K
  class space    used 44408K, capacity 54026K, committed 54068K, reserved 1048576K
Event: 2827.941 GC heap after
Heap after GC invocations=485 (full 9):
 PSYoungGen      total 1611776K, used 359168K [0x0000000740b00000, 0x00000007c0000000, 0x00000007c0000000)
  eden space 1175552K, 0% used [0x0000000740b00000,0x0000000740b00000,0x0000000788700000)
  from space 436224K, 82% used [0x00000007a5600000,0x00000007bb4c0000,0x00000007c0000000)
  to   space 455168K, 0% used [0x0000000788700000,0x0000000788700000,0x00000007a4380000)
 ParOldGen       total 3399680K, used 2757202K [0x0000000642000000, 0x0000000711800000, 0x0000000740b00000)
  object space 3399680K, 81% used [0x0000000642000000,0x00000006ea494a98,0x0000000711800000)
 Metaspace       used 262314K, capacity 298476K, committed 298744K, reserved 1294336K
  class space    used 44408K, capacity 54026K, committed 54068K, reserved 1048576K
}
Event: 2833.045 GC heap before
{Heap before GC invocations=486 (full 9):
 PSYoungGen      total 1611776K, used 1534720K [0x0000000740b00000, 0x00000007c0000000, 0x00000007c0000000)
  eden space 1175552K, 100% used [0x0000000740b00000,0x0000000788700000,0x0000000788700000)
  from space 436224K, 82% used [0x00000007a5600000,0x00000007bb4c0000,0x00000007c0000000)
  to   space 455168K, 0% used [0x0000000788700000,0x0000000788700000,0x00000007a4380000)
 ParOldGen       total 3399680K, used 2757202K [0x0000000642000000, 0x0000000711800000, 0x0000000740b00000)
  object space 3399680K, 81% used [0x0000000642000000,0x00000006ea494a98,0x0000000711800000)
 Metaspace       used 262314K, capacity 298476K, committed 298744K, reserved 1294336K
  class space    used 44408K, capacity 54026K, committed 54068K, reserved 1048576K
Event: 2833.189 GC heap after
Heap after GC invocations=486 (full 9):
 PSYoungGen      total 1533440K, used 357888K [0x0000000740b00000, 0x00000007c0000000, 0x00000007c0000000)
  eden space 1175552K, 0% used [0x0000000740b00000,0x0000000740b00000,0x0000000788700000)
  from space 357888K, 100% used [0x0000000788700000,0x000000079e480000,0x000000079e480000)
  to   space 469504K, 0% used [0x00000007a3580000,0x00000007a3580000,0x00000007c0000000)
 ParOldGen       total 3399680K, used 2780514K [0x0000000642000000, 0x0000000711800000, 0x0000000740b00000)
  object space 3399680K, 81% used [0x0000000642000000,0x00000006ebb58a98,0x0000000711800000)
 Metaspace       used 262314K, capacity 298476K, committed 298744K, reserved 1294336K
  class space    used 44408K, capacity 54026K, committed 54068K, reserved 1048576K
}
Event: 2838.228 GC heap before
{Heap before GC invocations=487 (full 9):
 PSYoungGen      total 1533440K, used 1533440K [0x0000000740b00000, 0x00000007c0000000, 0x00000007c0000000)
  eden space 1175552K, 100% used [0x0000000740b00000,0x0000000788700000,0x0000000788700000)
  from space 357888K, 100% used [0x0000000788700000,0x000000079e480000,0x000000079e480000)
  to   space 469504K, 0% used [0x00000007a3580000,0x00000007a3580000,0x00000007c0000000)
 ParOldGen       total 3399680K, used 2780514K [0x0000000642000000, 0x0000000711800000, 0x0000000740b00000)
  object space 3399680K, 81% used [0x0000000642000000,0x00000006ebb58a98,0x0000000711800000)
 Metaspace       used 262314K, capacity 298476K, committed 298744K, reserved 1294336K
  class space    used 44408K, capacity 54026K, committed 54068K, reserved 1048576K
Event: 2838.371 GC heap after
Heap after GC invocations=487 (full 9):
 PSYoungGen      total 1595904K, used 358080K [0x0000000740b00000, 0x00000007c0000000, 0x00000007c0000000)
  eden space 1126400K, 0% used [0x0000000740b00000,0x0000000740b00000,0x0000000785700000)
  from space 469504K, 76% used [0x00000007a3580000,0x00000007b9330000,0x00000007c0000000)
  to   space 479744K, 0% used [0x0000000785700000,0x0000000785700000,0x00000007a2b80000)
 ParOldGen       total 3399680K, used 2802338K [0x0000000642000000, 0x0000000711800000, 0x0000000740b00000)
  object space 3399680K, 82% used [0x0000000642000000,0x00000006ed0a8a98,0x0000000711800000)
 Metaspace       used 262314K, capacity 298476K, committed 298744K, reserved 1294336K
  class space    used 44408K, capacity 54026K, committed 54068K, reserved 1048576K
}
Event: 2843.318 GC heap before
{Heap before GC invocations=488 (full 9):
 PSYoungGen      total 1595904K, used 1484480K [0x0000000740b00000, 0x00000007c0000000, 0x00000007c0000000)
  eden space 1126400K, 100% used [0x0000000740b00000,0x0000000785700000,0x0000000785700000)
  from space 469504K, 76% used [0x00000007a3580000,0x00000007b9330000,0x00000007c0000000)
  to   space 479744K, 0% used [0x0000000785700000,0x0000000785700000,0x00000007a2b80000)
 ParOldGen       total 3399680K, used 2802338K [0x0000000642000000, 0x0000000711800000, 0x0000000740b00000)
  object space 3399680K, 82% used [0x0000000642000000,0x00000006ed0a8a98,0x0000000711800000)
 Metaspace       used 262314K, capacity 298476K, committed 298744K, reserved 1294336K
  class space    used 44408K, capacity 54026K, committed 54068K, reserved 1048576K
Event: 2843.478 GC heap after
Heap after GC invocations=488 (full 9):
 PSYoungGen      total 1481728K, used 355200K [0x0000000740b00000, 0x00000007c0000000, 0x00000007c0000000)
  eden space 1126400K, 0% used [0x0000000740b00000,0x0000000740b00000,0x0000000785700000)
  from space 355328K, 99% used [0x0000000785700000,0x000000079b1e0000,0x000000079b200000)
  to   space 485888K, 0% used [0x00000007a2580000,0x00000007a2580000,0x00000007c0000000)
 ParOldGen       total 3399680K, used 2826186K [0x0000000642000000, 0x0000000711800000, 0x0000000740b00000)
  object space 3399680K, 83% used [0x0000000642000000,0x00000006ee7f2a98,0x0000000711800000)
 Metaspace       used 262314K, capacity 298476K, committed 298744K, reserved 1294336K
  class space    used 44408K, capacity 54026K, committed 54068K, reserved 1048576K
}
Event: 2848.385 GC heap before
{Heap before GC invocations=489 (full 9):
 PSYoungGen      total 1481728K, used 1481600K [0x0000000740b00000, 0x00000007c0000000, 0x00000007c0000000)
  eden space 1126400K, 100% used [0x0000000740b00000,0x0000000785700000,0x0000000785700000)
  from space 355328K, 99% used [0x0000000785700000,0x000000079b1e0000,0x000000079b200000)
  to   space 485888K, 0% used [0x00000007a2580000,0x00000007a2580000,0x00000007c0000000)
 ParOldGen       total 3399680K, used 2826186K [0x0000000642000000, 0x0000000711800000, 0x0000000740b00000)
  object space 3399680K, 83% used [0x0000000642000000,0x00000006ee7f2a98,0x0000000711800000)
 Metaspace       used 262314K, capacity 298476K, committed 298744K, reserved 1294336K
  class space    used 44408K, capacity 54026K, committed 54068K, reserved 1048576K
Event: 2848.528 GC heap after
Heap after GC invocations=489 (full 9):
 PSYoungGen      total 1594880K, used 352448K [0x0000000740b00000, 0x00000007c0000000, 0x00000007c0000000)
  eden space 1108992K, 0% used [0x0000000740b00000,0x0000000740b00000,0x0000000784600000)
  from space 485888K, 72% used [0x00000007a2580000,0x00000007b7db0000,0x00000007c0000000)
  to   space 488448K, 0% used [0x0000000784600000,0x0000000784600000,0x00000007a2300000)
 ParOldGen       total 3399680K, used 2849666K [0x0000000642000000, 0x0000000711800000, 0x0000000740b00000)
  object space 3399680K, 83% used [0x0000000642000000,0x00000006efee0a98,0x0000000711800000)
 Metaspace       used 262314K, capacity 298476K, committed 298744K, reserved 1294336K
  class space    used 44408K, capacity 54026K, committed 54068K, reserved 1048576K
}

Deoptimization events (10 events):
Event: 2831.890 Thread 0x00000000026f4000 Uncommon trap: reason=unstable_if action=reinterpret pc=0x000000000a19dd0c method=com.github.alexthe666.iceandfire.entity.EntityMyrmexBase.isOnResin()Z @ 32
Event: 2850.346 Thread 0x00000000026f4000 Uncommon trap: reason=unstable_if action=reinterpret pc=0x000000000b68cd94 method=org.lwjgl.glfw.GLFW.glfwWindowShouldClose(J)Z @ 20
Event: 2850.350 Thread 0x00000000026f4000 Uncommon trap: reason=unstable_if action=reinterpret pc=0x000000000a1735d8 method=net.minecraft.client.Minecraft.func_99999_d()V @ 56
Event: 2850.353 Thread 0x00000000357fb000 Uncommon trap: reason=unstable_if action=reinterpret pc=0x000000000a7f08b4 method=io.netty.channel.nio.NioEventLoop.wakeup(Z)V @ 1
Event: 2850.355 Thread 0x0000000037d6d800 Uncommon trap: reason=unstable_if action=reinterpret pc=0x000000000b766758 method=dev.tr7zw.entityculling.CullTask.run()V @ 7
Event: 2850.370 Thread 0x00000000026f4000 Uncommon trap: reason=unstable_if action=reinterpret pc=0x000000000a8d68fc method=net.minecraft.network.NetworkManager.func_150724_d()Z @ 16
Event: 2850.371 Thread 0x00000000026f4000 Uncommon trap: reason=unstable_if action=reinterpret pc=0x00000000091dfe9c method=net.minecraft.network.NetworkManager.func_150724_d()Z @ 16
Event: 2850.372 Thread 0x00000000026f4000 Uncommon trap: reason=unstable_if action=reinterpret pc=0x0000000007a0dcac method=org.lwjgl.glfw.GLFW.glfwWindowShouldClose(J)Z @ 20
Event: 2850.372 Thread 0x00000000026f4000 Uncommon trap: reason=unstable_if action=reinterpret pc=0x00000000081fb3f0 method=net.minecraft.network.NetworkManager.func_150724_d()Z @ 16
Event: 2850.372 Thread 0x00000000026f4000 Uncommon trap: reason=unstable_if action=reinterpret pc=0x000000000a101e00 method=net.minecraft.client.renderer.GameRenderer.func_175070_n()Z @ 34

Internal exceptions (10 events):
Event: 2807.812 Thread 0x0000000037d77800 Exception <a 'sun/nio/fs/WindowsException'> (0x000000077730cf10) thrown at [C:\re\workspace\8-2-build-windows-amd64-cygwin\jdk8u51\3951\hotspot\src\share\vm\prims\jni.cpp, line 709]
Event: 2807.812 Thread 0x0000000037d77800 Exception <a 'sun/nio/fs/WindowsException'> (0x000000077730d940) thrown at [C:\re\workspace\8-2-build-windows-amd64-cygwin\jdk8u51\3951\hotspot\src\share\vm\prims\jni.cpp, line 709]
Event: 2807.812 Thread 0x0000000037d77800 Exception <a 'sun/nio/fs/WindowsException'> (0x000000077730e1c8) thrown at [C:\re\workspace\8-2-build-windows-amd64-cygwin\jdk8u51\3951\hotspot\src\share\vm\prims\jni.cpp, line 709]
Event: 2807.813 Thread 0x0000000037d77800 Exception <a 'sun/nio/fs/WindowsException'> (0x0000000777315480) thrown at [C:\re\workspace\8-2-build-windows-amd64-cygwin\jdk8u51\3951\hotspot\src\share\vm\prims\jni.cpp, line 709]
Event: 2807.813 Thread 0x0000000037d77800 Exception <a 'sun/nio/fs/WindowsException'> (0x0000000777315e80) thrown at [C:\re\workspace\8-2-build-windows-amd64-cygwin\jdk8u51\3951\hotspot\src\share\vm\prims\jni.cpp, line 709]
Event: 2807.813 Thread 0x0000000037d77800 Exception <a 'sun/nio/fs/WindowsException'> (0x00000007773166e8) thrown at [C:\re\workspace\8-2-build-windows-amd64-cygwin\jdk8u51\3951\hotspot\src\share\vm\prims\jni.cpp, line 709]
Event: 2807.814 Thread 0x0000000037d77800 Exception <a 'sun/nio/fs/WindowsException'> (0x0000000777316ee0) thrown at [C:\re\workspace\8-2-build-windows-amd64-cygwin\jdk8u51\3951\hotspot\src\share\vm\prims\jni.cpp, line 709]
Event: 2850.370 Thread 0x00000000026f4000 Exception <a 'java/lang/IllegalArgumentException': Wrong type at constant pool index> (0x00000007589ef0f8) thrown at [C:\re\workspace\8-2-build-windows-amd64-cygwin\jdk8u51\3951\hotspot\src\share\vm\prims\jvm.cpp, line 2143]
Event: 2850.370 Thread 0x00000000026f4000 Exception <a 'java/lang/IllegalArgumentException': Wrong type at constant pool index> (0x00000007589f0048) thrown at [C:\re\workspace\8-2-build-windows-amd64-cygwin\jdk8u51\3951\hotspot\src\share\vm\prims\jvm.cpp, line 2143]
Event: 2850.370 Thread 0x00000000026f4000 Exception <a 'java/lang/IllegalArgumentException': Wrong type at constant pool index> (0x0000000758a0d9c8) thrown at [C:\re\workspace\8-2-build-windows-amd64-cygwin\jdk8u51\3951\hotspot\src\share\vm\prims\jvm.cpp, line 2143]

Events (10 events):
Event: 2850.371 Thread 0x00000000026f4000 DEOPT UNPACKING pc=0x000000000283582a sp=0x00000000026edeb8 mode 2
Event: 2850.372 Thread 0x00000000026f4000 Uncommon trap: trap_request=0xffffff65 fr.pc=0x0000000007a0dcac
Event: 2850.372 Thread 0x00000000026f4000 DEOPT PACKING pc=0x0000000007a0dcac sp=0x00000000026ee4b0
Event: 2850.372 Thread 0x00000000026f4000 DEOPT UNPACKING pc=0x000000000283582a sp=0x00000000026ee390 mode 2
Event: 2850.372 Thread 0x00000000026f4000 Uncommon trap: trap_request=0xffffff65 fr.pc=0x00000000081fb3f0
Event: 2850.372 Thread 0x00000000026f4000 DEOPT PACKING pc=0x00000000081fb3f0 sp=0x00000000026ee460
Event: 2850.372 Thread 0x00000000026f4000 DEOPT UNPACKING pc=0x000000000283582a sp=0x00000000026ee348 mode 2
Event: 2850.372 Thread 0x00000000026f4000 Uncommon trap: trap_request=0xffffff65 fr.pc=0x000000000a101e00
Event: 2850.372 Thread 0x00000000026f4000 DEOPT PACKING pc=0x000000000a101e00 sp=0x00000000026ee340
Event: 2850.372 Thread 0x00000000026f4000 DEOPT UNPACKING pc=0x000000000283582a sp=0x00000000026ee270 mode 2


Dynamic libraries:
0x00007ff62b3b0000 - 0x00007ff62b3e7000 	C:\Games\CurseForge\Minecraft\Install\runtime\jre-legacy\windows-x64\jre-legacy\bin\javaw.exe
0x00007fff18230000 - 0x00007fff18428000 	C:\Windows\SYSTEM32\ntdll.dll
0x00007fff16b30000 - 0x00007fff16bed000 	C:\Windows\System32\KERNEL32.DLL
0x00007fff15da0000 - 0x00007fff1606e000 	C:\Windows\System32\KERNELBASE.dll
0x00007fff17ff0000 - 0x00007fff1809e000 	C:\Windows\System32\ADVAPI32.dll
0x00007fff180a0000 - 0x00007fff1813e000 	C:\Windows\System32\msvcrt.dll
0x00007fff170a0000 - 0x00007fff1713c000 	C:\Windows\System32\sechost.dll
0x00007fff16a00000 - 0x00007fff16b25000 	C:\Windows\System32\RPCRT4.dll
0x00007fff17150000 - 0x00007fff172f0000 	C:\Windows\System32\USER32.dll
0x00007fff15950000 - 0x00007fff15972000 	C:\Windows\System32\win32u.dll
0x00007fff16ca0000 - 0x00007fff16cca000 	C:\Windows\System32\GDI32.dll
0x00007fff15ae0000 - 0x00007fff15beb000 	C:\Windows\System32\gdi32full.dll
0x00007fff161f0000 - 0x00007fff1628d000 	C:\Windows\System32\msvcp_win.dll
0x00007fff15ca0000 - 0x00007fff15da0000 	C:\Windows\System32\ucrtbase.dll
0x00007fff00d10000 - 0x00007fff00faa000 	C:\Windows\WinSxS\amd64_microsoft.windows.common-controls_6595b64144ccf1df_6.0.19041.1110_none_60b5254171f9507e\COMCTL32.dll
0x00007fff16cd0000 - 0x00007fff16d00000 	C:\Windows\System32\IMM32.DLL
0x00000000535e0000 - 0x00000000536b2000 	C:\Games\CurseForge\Minecraft\Install\runtime\jre-legacy\windows-x64\jre-legacy\bin\msvcr100.dll
0x0000000051db0000 - 0x0000000052633000 	C:\Games\CurseForge\Minecraft\Install\runtime\jre-legacy\windows-x64\jre-legacy\bin\server\jvm.dll
0x00007fff16440000 - 0x00007fff16448000 	C:\Windows\System32\PSAPI.DLL
0x00007fff0f430000 - 0x00007fff0f439000 	C:\Windows\SYSTEM32\WSOCK32.dll
0x00007fff08f10000 - 0x00007fff08f1a000 	C:\Windows\SYSTEM32\VERSION.dll
0x00007fff080e0000 - 0x00007fff08107000 	C:\Windows\SYSTEM32\WINMM.dll
0x00007fff16e90000 - 0x00007fff16efb000 	C:\Windows\System32\WS2_32.dll
0x00000000535d0000 - 0x00000000535df000 	C:\Games\CurseForge\Minecraft\Install\runtime\jre-legacy\windows-x64\jre-legacy\bin\verify.dll
0x00000000535a0000 - 0x00000000535c9000 	C:\Games\CurseForge\Minecraft\Install\runtime\jre-legacy\windows-x64\jre-legacy\bin\java.dll
0x0000000053580000 - 0x0000000053596000 	C:\Games\CurseForge\Minecraft\Install\runtime\jre-legacy\windows-x64\jre-legacy\bin\zip.dll
0x00007fff17840000 - 0x00007fff17f84000 	C:\Windows\System32\SHELL32.dll
0x00007fff13a20000 - 0x00007fff141b4000 	C:\Windows\SYSTEM32\windows.storage.dll
0x00007fff16640000 - 0x00007fff16994000 	C:\Windows\System32\combase.dll
0x00007fff153b0000 - 0x00007fff153e0000 	C:\Windows\SYSTEM32\Wldp.dll
0x00007fff16bf0000 - 0x00007fff16c9d000 	C:\Windows\System32\SHCORE.dll
0x00007fff16d00000 - 0x00007fff16d55000 	C:\Windows\System32\shlwapi.dll
0x00007fff15890000 - 0x00007fff158af000 	C:\Windows\SYSTEM32\profapi.dll
0x0000000053570000 - 0x000000005357d000 	C:\Games\CurseForge\Minecraft\Install\runtime\jre-legacy\windows-x64\jre-legacy\bin\management.dll
0x0000000053550000 - 0x000000005356a000 	C:\Games\CurseForge\Minecraft\Install\runtime\jre-legacy\windows-x64\jre-legacy\bin\net.dll
0x00007fff15110000 - 0x00007fff1517a000 	C:\Windows\system32\mswsock.dll
0x00007ffed3dd0000 - 0x00007ffed3de7000 	C:\Windows\system32\napinsp.dll
0x00007ffed3db0000 - 0x00007ffed3dcb000 	C:\Windows\system32\pnrpnsp.dll
0x00007fff108d0000 - 0x00007fff108e5000 	C:\Windows\system32\wshbth.dll
0x00007fff10dc0000 - 0x00007fff10ddd000 	C:\Windows\system32\NLAapi.dll
0x00007fff14db0000 - 0x00007fff14deb000 	C:\Windows\SYSTEM32\IPHLPAPI.DLL
0x00007fff14df0000 - 0x00007fff14ebb000 	C:\Windows\SYSTEM32\DNSAPI.dll
0x00007fff16630000 - 0x00007fff16638000 	C:\Windows\System32\NSI.dll
0x00007ffed3d90000 - 0x00007ffed3da2000 	C:\Windows\System32\winrnr.dll
0x00007fff0efd0000 - 0x00007fff0efda000 	C:\Windows\System32\rasadhlp.dll
0x00007fff06bc0000 - 0x00007fff06c40000 	C:\Windows\System32\fwpuclnt.dll
0x00007fff161c0000 - 0x00007fff161e7000 	C:\Windows\System32\bcrypt.dll
0x0000000053530000 - 0x0000000053541000 	C:\Games\CurseForge\Minecraft\Install\runtime\jre-legacy\windows-x64\jre-legacy\bin\nio.dll
0x0000000053500000 - 0x0000000053524000 	C:\Games\CurseForge\Minecraft\Install\runtime\jre-legacy\windows-x64\jre-legacy\bin\sunec.dll
0x00007fff15300000 - 0x00007fff15318000 	C:\Windows\SYSTEM32\CRYPTSP.dll
0x00007fff14a20000 - 0x00007fff14a54000 	C:\Windows\system32\rsaenh.dll
0x00007fff15850000 - 0x00007fff1587e000 	C:\Windows\SYSTEM32\USERENV.dll
0x00007fff16130000 - 0x00007fff161b2000 	C:\Windows\System32\bcryptprimitives.dll
0x00007fff15320000 - 0x00007fff1532c000 	C:\Windows\SYSTEM32\CRYPTBASE.dll
0x00007fff0c010000 - 0x00007fff0c027000 	C:\Windows\SYSTEM32\dhcpcsvc6.DLL
0x00007fff0d2f0000 - 0x00007fff0d30d000 	C:\Windows\SYSTEM32\dhcpcsvc.DLL
0x00007fff0ad40000 - 0x00007fff0adb2000 	C:\Games\CurseForge\Minecraft\Install\bin\2cf85f2f4c1c7fac0dbfa319927859f161445c59\lwjgl.dll
0x00007ffeb4a90000 - 0x00007ffeb4ce1000 	C:\Games\CurseForge\Minecraft\Install\bin\2cf85f2f4c1c7fac0dbfa319927859f161445c59\jemalloc.dll
0x00007fff0ace0000 - 0x00007fff0ad3e000 	C:\Games\CurseForge\Minecraft\Install\bin\2cf85f2f4c1c7fac0dbfa319927859f161445c59\glfw.dll
0x00007fff12290000 - 0x00007fff1232e000 	C:\Windows\system32\uxtheme.dll
0x00007ffeb3020000 - 0x00007ffeb3065000 	C:\Windows\SYSTEM32\dinput8.dll
0x00007ffeca540000 - 0x00007ffeca551000 	C:\Windows\SYSTEM32\xinput1_4.dll
0x00007fff160e0000 - 0x00007fff1612e000 	C:\Windows\System32\cfgmgr32.dll
0x00007fff15700000 - 0x00007fff1572c000 	C:\Windows\SYSTEM32\DEVOBJ.dll
0x00007fff12880000 - 0x00007fff128af000 	C:\Windows\SYSTEM32\dwmapi.dll
0x00007ffef72e0000 - 0x00007ffef7432000 	C:\Windows\SYSTEM32\inputhost.dll
0x00007fff16450000 - 0x00007fff1651d000 	C:\Windows\System32\OLEAUT32.dll
0x00007fff11540000 - 0x00007fff11694000 	C:\Windows\SYSTEM32\wintypes.dll
0x00007fff12070000 - 0x00007fff12162000 	C:\Windows\SYSTEM32\CoreMessaging.dll
0x00007fff10cb0000 - 0x00007fff10da6000 	C:\Windows\SYSTEM32\PROPSYS.dll
0x00007fff11c10000 - 0x00007fff11f6e000 	C:\Windows\SYSTEM32\CoreUIComponents.dll
0x00007fff14640000 - 0x00007fff14673000 	C:\Windows\SYSTEM32\ntmarta.dll
0x00007fff14200000 - 0x00007fff14212000 	C:\Windows\SYSTEM32\kernel.appcore.dll
0x00007ffeac7b0000 - 0x00007ffeac8e8000 	C:\ProgramData\A-Volute\A-Volute.Nahimic\Modules\Scheduled\x64\AudioDevProps2.dll
0x00007fff16d60000 - 0x00007fff16e8a000 	C:\Windows\System32\ole32.dll
0x00007ffeb90f0000 - 0x00007ffeb9243000 	C:\Program Files (x86)\Stardock\Fences\FencesMenu64.dll
0x00007fff103d0000 - 0x00007fff103e4000 	C:\Windows\SYSTEM32\WTSAPI32.dll
0x00007fff00fb0000 - 0x00007fff01155000 	C:\Windows\WinSxS\amd64_microsoft.windows.gdiplus_6595b64144ccf1df_1.1.19041.1706_none_919e8e54cc8d4ca1\gdiplus.dll
0x00007ffef3010000 - 0x00007ffef3128000 	C:\Program Files (x86)\Stardock\Groupy\groupy_64.dll
0x00007fff16f60000 - 0x00007fff17075000 	C:\Windows\System32\MSCTF.dll
0x00007fff141c0000 - 0x00007fff141cd000 	C:\Windows\SYSTEM32\HID.DLL
0x00007fff172f0000 - 0x00007fff1775f000 	C:\Windows\System32\SETUPAPI.DLL
0x00007fff16070000 - 0x00007fff160d7000 	C:\Windows\System32\WINTRUST.dll
0x00007fff15980000 - 0x00007fff15ad6000 	C:\Windows\System32\CRYPT32.dll
0x00007fff15540000 - 0x00007fff15552000 	C:\Windows\SYSTEM32\MSASN1.dll
0x00007ffeb8530000 - 0x00007ffeb8657000 	C:\Windows\SYSTEM32\opengl32.dll
0x00007ffeb84e0000 - 0x00007ffeb850c000 	C:\Windows\SYSTEM32\GLU32.dll
0x00007fff18140000 - 0x00007fff181e9000 	C:\Windows\System32\clbcatq.dll
0x00007ffe8dbd0000 - 0x00007ffe90d89000 	C:\Windows\System32\DriverStore\FileRepository\nvlt.inf_amd64_e7d8c0512da64e7d\nvoglv64.dll
0x00007fff08ed0000 - 0x00007fff08f01000 	C:\Windows\SYSTEM32\cryptnet.dll
0x00007fff08d30000 - 0x00007fff08e78000 	C:\Windows\SYSTEM32\drvstore.dll
0x00007fff09db0000 - 0x00007fff09deb000 	C:\Windows\SYSTEM32\dxcore.dll
0x00007ffebfb50000 - 0x00007ffebfe21000 	C:\Windows\system32\nvspcap64.dll
0x00007fff14f20000 - 0x00007fff14f6b000 	C:\Windows\SYSTEM32\powrprof.dll
0x00007fff14d90000 - 0x00007fff14da2000 	C:\Windows\SYSTEM32\UMPDC.dll
0x00007fff146f0000 - 0x00007fff1474a000 	C:\Windows\SYSTEM32\WINSTA.dll
0x00007fff07450000 - 0x00007fff074cf000 	C:\Games\CurseForge\Minecraft\Install\bin\2cf85f2f4c1c7fac0dbfa319927859f161445c59\lwjgl_stb.dll
0x00007fff0f8b0000 - 0x00007fff0f95e000 	C:\Windows\SYSTEM32\mscms.dll
0x00007fff0ef90000 - 0x00007fff0efa1000 	C:\Windows\SYSTEM32\ColorAdapterClient.dll
0x00007fff0a7c0000 - 0x00007fff0a803000 	C:\Windows\SYSTEM32\icm32.dll
0x00007ffef6b70000 - 0x00007ffef6c69000 	C:\Windows\SYSTEM32\textinputframework.dll
0x00007fff0f9e0000 - 0x00007fff0fa46000 	C:\Windows\system32\Oleacc.dll
0x00007fff073f0000 - 0x00007fff07448000 	C:\Games\CurseForge\Minecraft\Install\bin\2cf85f2f4c1c7fac0dbfa319927859f161445c59\lwjgl_opengl.dll
0x00007ffeb2330000 - 0x00007ffeb2372000 	C:\Users\NukelordBrown\AppData\Local\Temp\jna--1590639904\jna8423252363619299285.dll
0x00000000534f0000 - 0x00000000534fc000 	C:\Games\CurseForge\Minecraft\Install\runtime\jre-legacy\windows-x64\jre-legacy\bin\jsound.dll
0x0000000051da0000 - 0x0000000051dab000 	C:\Games\CurseForge\Minecraft\Install\runtime\jre-legacy\windows-x64\jre-legacy\bin\jsoundds.dll
0x00007ffefdd40000 - 0x00007ffefdddc000 	C:\Windows\SYSTEM32\DSOUND.dll
0x00007ffefdeb0000 - 0x00007ffefded6000 	C:\Windows\SYSTEM32\winmmbase.dll
0x00007fff0f3a0000 - 0x00007fff0f425000 	C:\Windows\SYSTEM32\MMDevAPI.DLL
0x00007ffeb22e0000 - 0x00007ffeb2326000 	C:\Windows\SYSTEM32\wdmaud.drv
0x00007fff10f90000 - 0x00007fff10f99000 	C:\Windows\SYSTEM32\ksuser.dll
0x00007fff13a00000 - 0x00007fff13a0a000 	C:\Windows\SYSTEM32\AVRT.dll
0x00007fff0f520000 - 0x00007fff0f6a2000 	C:\Windows\SYSTEM32\AUDIOSES.DLL
0x00007fff0f050000 - 0x00007fff0f05d000 	C:\Windows\SYSTEM32\msacm32.drv
0x00007ffeac560000 - 0x00007ffeac57e000 	C:\Windows\SYSTEM32\MSACM32.dll
0x00007fff0dfe0000 - 0x00007fff0dfeb000 	C:\Windows\SYSTEM32\midimap.dll
0x00007ffe826e0000 - 0x00007ffe82946000 	C:\Users\NukelordBrown\AppData\Local\Temp\de.fabmax.physx-jni\0.4.15\PhysX_64.dll
0x00007ffe82500000 - 0x00007ffe826d7000 	C:\Users\NukelordBrown\AppData\Local\Temp\de.fabmax.physx-jni\0.4.15\PhysXCommon_64.dll
0x00007ffeb1c30000 - 0x00007ffeb1cda000 	C:\Users\NukelordBrown\AppData\Local\Temp\de.fabmax.physx-jni\0.4.15\PhysXCooking_64.dll
0x00007ffeae020000 - 0x00007ffeae0b1000 	C:\Users\NukelordBrown\AppData\Local\Temp\de.fabmax.physx-jni\0.4.15\PhysXFoundation_64.dll
0x00007ffe822f0000 - 0x00007ffe824f4000 	C:\Users\NukelordBrown\AppData\Local\Temp\de.fabmax.physx-jni\0.4.15\PhysXJniBindings_64.dll
0x00007ffe8b2a0000 - 0x00007ffe8b307000 	C:\ProgramData\A-Volute\A-Volute.Nahimic\Modules\Scheduled\x64\ProductInfo.dll
0x00007ffeaaff0000 - 0x00007ffeab033000 	C:\ProgramData\A-Volute\A-Volute.Nahimic\Modules\Scheduled\x64\ASM.Plugin.AudioDevProps2.dll
0x0000000051c00000 - 0x0000000051d98000 	C:\Games\CurseForge\Minecraft\Install\runtime\jre-legacy\windows-x64\jre-legacy\bin\awt.dll
0x00007fff121a0000 - 0x00007fff12230000 	C:\Windows\SYSTEM32\apphelp.dll
0x00007fff12660000 - 0x00007fff12674000 	C:\Windows\SYSTEM32\resourcepolicyclient.dll
0x00007ffeac620000 - 0x00007ffeac6bc000 	C:\Users\NUKELO~1\AppData\Local\Temp\jna--1590639904\jna9186778162963925121.dll
0x00007ffeedad0000 - 0x00007ffeedc11000 	C:\Windows\System32\Windows.UI.dll

VM Arguments:
jvm_args: -XX:HeapDumpPath=MojangTricksIntelDriversForPerformance_javaw.exe_minecraft.exe.heapdump -Dos.name=Windows 10 -Dos.version=10.0 -Xss1M -Djava.library.path=C:\Games\CurseForge\Minecraft\Install\bin\2cf85f2f4c1c7fac0dbfa319927859f161445c59 -Dminecraft.launcher.brand=minecraft-launcher -Dminecraft.launcher.version=2.4.36 -Xmx6112m -Xms256m -Dminecraft.applet.TargetDirectory=C:\Games\CurseForge\Minecraft\Instances\Blood-N-Wine-2 -Dfml.ignorePatchDiscrepancies=true -Dfml.ignoreInvalidMinecraftCertificates=true -Duser.language=en -Duser.country=US -Dlog4j.configurationFile=C:\Games\CurseForge\Minecraft\Install\assets\log_configs\client-1.12.xml 
java_command: cpw.mods.modlauncher.Launcher --username Nukelord420 --version forge-36.2.35 --gameDir C:\Games\CurseForge\Minecraft\Instances\Blood-N-Wine-2 --assetsDir C:\Games\CurseForge\Minecraft\Install\assets --assetIndex 1.16 --uuid 29e423c126c942d89e776772bd06df02 --accessToken eyJraWQiOiJhYzg0YSIsImFsZyI6IkhTMjU2In0.eyJ4dWlkIjoiMjUzNTQyODE5MjM2MjEyNiIsImFnZyI6IkFkdWx0Iiwic3ViIjoiZmNhNGVlNjItYzI4Zi00NzI0LWJkZTktNGU3ZDBiYWQ0ODBjIiwiYXV0aCI6IlhCT1giLCJucyI6ImRlZmF1bHQiLCJyb2xlcyI6W10sImlzcyI6ImF1dGhlbnRpY2F0aW9uIiwicGxhdGZvcm0iOiJQQ19MQVVOQ0hFUiIsInl1aWQiOiI3YTRkMzAxOTgyNzg0NmNjYjZjZDdjZjg4Njc0OWMwZSIsIm5iZiI6MTY4MTgzNjY5NCwiZXhwIjoxNjgxOTIzMDk0LCJpYXQiOjE2ODE4MzY2OTR9.3CD-zKiDaKrVZ0XLKTFw_bDa5NTxiNOr6bFIfdpZjv4 --userType msa --versionType release --width 1024 --height 768 --launchTarget fmlclient --fml.forgeVersion 36.2.35 --fml.mcVersion 1.16.5 --fml.forgeGroup net.minecraftforge --fml.mcpVersion 20210115.111550
java_class_path (initial): C:\Games\CurseForge\Minecraft\Install\libraries\net\minecraftforge\forge\1.16.5-36.2.35\forge-1.16.5-36.2.35.jar;C:\Games\CurseForge\Minecraft\Install\libraries\org\ow2\asm\asm\9.1\asm-9.1.jar;C:\Games\CurseForge\Minecraft\Install\libraries\org\ow2\asm\asm-commons\9.1\asm-commons-9.1.jar;C:\Games\CurseForge\Minecraft\Install\libraries\org\ow2\asm\asm-tree\9.1\asm-tree-9.1.jar;C:\Games\CurseForge\Minecraft\Install\libraries\org\ow2\asm\asm-util\9.1\asm-util-9.1.jar;C:\Games\CurseForge\Minecraft\Install\libraries\org\ow2\asm\asm-analysis\9.1\asm-analysis-9.1.jar;C:\Games\CurseForge\Minecraft\Install\libraries\cpw\mods\modlauncher\8.1.3\modlauncher-8.1.3.jar;C:\Games\CurseForge\Minecraft\Install\libraries\cpw\mods\grossjava9hacks\1.3.3\grossjava9hacks-1.3.3.jar;C:\Games\CurseForge\Minecraft\Install\libraries\net\minecraftforge\accesstransformers\3.0.1\accesstransformers-3.0.1.jar;C:\Games\CurseForge\Minecraft\Install\libraries\org\antlr\antlr4-runtime\4.9.1\antlr4-runtime-4.9.1.jar;C:\Games\CurseForge\Minecraft\Install\libraries\net\minecraftforge\eventbus\4.0.0\eventbus-4.0.0.jar;C:\Games\CurseForge\Minecraft\Install\libraries\net\minecraftforge\forgespi\3.2.0\forgespi-3.2.0.jar;C:\Games\CurseForge\Minecraft\Install\libraries\net\minecraftforge\coremods\4.0.6\coremods-4.0.6.jar;C:\Games\CurseForge\Minecraft\Install\libraries\net\minecraftforge\unsafe\0.2.0\unsafe-0.2.0.jar;C:\Games\CurseForge\Minecraft\Install\libraries\com\electronwill\night-config\core\3.6.3\core-3.6.3.jar;C:\Games\CurseForge\Minecraft\Install\libraries\com\electronwill\night-config\toml\3.6.3\toml-3.6.3.jar;C:\Games\CurseForge\Minecraft\Install\libraries\org\jline\jline\3.12.1\jline-3.12.1.jar;C:\Games\CurseForge\Minecraft\Install\libraries\org\apache\maven\maven-artifact\3.6.3\maven-artifact-3.6.3.jar;C:\Games\CurseForge\Minecraft\Install\libraries\net\jodah\typetools\0.8.3\typetools-0.8.3.jar;C:\Games\CurseForge\Minecraft\Install\libraries\org\apache\logging\log4j\log
Launcher Type: SUN_STANDARD

Environment Variables:
PATH=C:\VulkanSDK\1.3.236.0\Bin;C:\Program Files (x86)\Razer Chroma SDK\bin;C:\Program Files\Razer Chroma SDK\bin;C:\Program Files\Common Files\Oracle\Java\javapath;C:\Program Files (x86)\Common Files\Oracle\Java\javapath;C:\Program Files (x86)\Razer\ChromaBroadcast\bin;C:\Program Files\Razer\ChromaBroadcast\bin;C:\Windows\system32;C:\Windows;C:\Windows\System32\Wbem;C:\Windows\System32\WindowsPowerShell\v1.0\;C:\Windows\System32\OpenSSH\;C:\Program Files (x86)\NVIDIA Corporation\PhysX\Common;C:\Program Files\NVIDIA Corporation\NVIDIA NvDLISR;C:\Program Files\PuTTY\;C:\Windows\system32\config\systemprofile\AppData\Local\Microsoft\WindowsApps;C:\Program Files\dotnet\;C:\Program Files\Common Files\Autodesk Shared\;C:\Program Files\Microsoft SQL Server\120\Tools\Binn\;G:\Bethesda-Game-Modding-Tools\Ruby26-x64\bin;C:\Users\NukelordBrown\AppData\Local\Programs\Python\Python310\Scripts\;C:\Users\NukelordBrown\AppData\Local\Programs\Python\Python310\;C:\Users\NukelordBrown\AppData\Local\Microsoft\WindowsApps;C:\Users\NukelordBrown\AppData\Local\Programs\Microsoft VS Code\bin;C:\Users\NukelordBrown\.dotnet\tools;C:\Users\NukelordBrown\AppData\Local\GitHubDesktop\bin;C:\Program Files\Perforce\;C:\Program Files\Git\cmd;G:\Bethesda-Game-Modding-Tools\Ruby26-x64\bin;C:\Users\NukelordBrown\AppData\Local\Programs\Python\Python310\Scripts\;C:\Users\NukelordBrown\AppData\Local\Programs\Python\Python310\;C:\Users\NukelordBrown\AppData\Local\Microsoft\WindowsApps;C:\Users\NukelordBrown\AppData\Local\Programs\Microsoft VS Code\bin;C:\Users\NukelordBrown\.dotnet\tools;C:\Users\NukelordBrown\AppData\Local\GitHubDesktop\bin
USERNAME=NukelordBrown
OS=Windows_NT
PROCESSOR_IDENTIFIER=AMD64 Family 25 Model 80 Stepping 0, AuthenticAMD



---------------  S Y S T E M  ---------------

OS: Windows 10.0 , 64 bit Build 19041 (10.0.19041.1806)

CPU:total 16 (16 cores per cpu, 1 threads per core) family 25 model 80 stepping 0, cmov, cx8, fxsr, mmx, sse, sse2, sse3, ssse3, sse4.1, sse4.2, popcnt, avx, avx2, aes, clmul, erms, mmxext, 3dnowpref, lzcnt, sse4a, tsc, tscinvbit, tscinv, bmi1

Memory: 4k page, physical 33402940k(16727992k free), swap 41005116k(13488940k free)

vm_info: Java HotSpot(TM) 64-Bit Server VM (25.51-b03) for windows-amd64 JRE (1.8.0_51-b16), built on Jun  8 2015 18:03:07 by "java_re" with MS VC++ 10.0 (VS2010)

time: Tue Apr 18 10:57:44 2023
elapsed time: 2850 seconds (0d 0h 47m 30s)

