#
# A fatal error has been detected by the Java Runtime Environment:
#
#  EXCEPTION_ACCESS_VIOLATION (0xc0000005) at pc=0x00007ffd25023716, pid=10768, tid=43996
#
# JRE version: Java(TM) SE Runtime Environment (8.0_51-b16) (build 1.8.0_51-b16)
# Java VM: Java HotSpot(TM) 64-Bit Server VM (25.51-b03 mixed mode windows-amd64 compressed oops)
# Problematic frame:
# C  [PhysXJniBindings_64.dll+0x53716]
#
# Failed to write core dump. Minidumps are not enabled by default on client versions of Windows
#
# If you would like to submit a bug report, please visit:
#   http://bugreport.java.com/bugreport/crash.jsp
# The crash happened outside the Java Virtual Machine in native code.
# See problematic frame for where to report the bug.
#

---------------  T H R E A D  ---------------

Current thread (0x0000000003274000):  JavaThread "Render thread" [_thread_in_native, id=43996, stack(0x0000000003170000,0x0000000003270000)]

siginfo: ExceptionCode=0xc0000005, reading address 0x0000000000000000

Registers:
RAX=0x0000000000000000, RBX=0x0000000000000018, RCX=0x0000000000000000, RDX=0x0000000000000000
RSP=0x000000000326de90, RBP=0x000000000326df40, RSI=0x0000000000000003, RDI=0x0000000000000000
R8 =0x0000000000000003, R9 =0x00000000250be3f0, R10=0x00000000033857c8, R11=0x00000000744b7bb0
R12=0x0000000000000000, R13=0x0000000043838708, R14=0x000000000326df60, R15=0x0000000003274000
RIP=0x00007ffd25023716, EFLAGS=0x0000000000010206

Top of Stack: (sp=0x000000000326de90)
0x000000000326de90:   00000000c11cf5c3 0000000003385d20
0x000000000326dea0:   000000000326df18 0000000003377800
0x000000000326deb0:   0000000000000000 0000000003377800
0x000000000326dec0:   0000000003377ced 00000000033857f4
0x000000000326ded0:   0000000043838708 00000000f80bd9e1
0x000000000326dee0:   0000000094077246 000000000326dee8
0x000000000326def0:   0000000000000000 000000000326df60
0x000000000326df00:   000000000326df00 0000000000000000
0x000000000326df10:   000000000326df60 0000000043847a70
0x000000000326df20:   0000000000000000 0000000043838708
0x000000000326df30:   0000000000000000 000000000326df60
0x000000000326df40:   000000000326dfa8 0000000003377800
0x000000000326df50:   000000069853d980 000000000337f977
0x000000000326df60:   0000000000000003 000000000326df68
0x000000000326df70:   0000000043838661 000000000326dfb8
0x000000000326df80:   0000000043847a70 0000000000000000 

Instructions: (pc=0x00007ffd25023716)
0x00007ffd250236f6:   89 74 24 10 57 48 83 ec 30 48 8b fa 8b f1 ff 15
0x00007ffd25023706:   86 3c 19 00 48 8b d8 ff 15 35 3c 19 00 48 8b c8
0x00007ffd25023716:   4c 8b 00 41 ff 50 28 84 c0 75 09 48 8d 05 a0 5e
0x00007ffd25023726:   12 00 eb 13 48 8d 15 8f 3f 19 00 48 8d 0d 20 2d 


Register to memory mapping:

RAX=0x0000000000000000 is an unknown value
RBX=0x0000000000000018 is an unknown value
RCX=0x0000000000000000 is an unknown value
RDX=0x0000000000000000 is an unknown value
RSP=0x000000000326de90 is pointing into the stack for thread: 0x0000000003274000
RBP=0x000000000326df40 is pointing into the stack for thread: 0x0000000003274000
RSI=0x0000000000000003 is an unknown value
RDI=0x0000000000000000 is an unknown value
R8 =0x0000000000000003 is an unknown value
R9 =0x00000000250be3f0 is an unknown value
R10=0x00000000033857c8 is at code_begin+840 in an Interpreter codelet
method entry point (kind = native)  [0x0000000003385480, 0x0000000003385de0]  2400 bytes
R11=0x00000000744b7bb0 is an unknown value
R12=0x0000000000000000 is an unknown value
R13={method} {0x0000000043838710} '_DefaultCpuDispatcherCreate' '(I)J' in 'physx/PxTopLevelFunctions'
R14=0x000000000326df60 is pointing into the stack for thread: 0x0000000003274000
R15=0x0000000003274000 is a thread


Stack: [0x0000000003170000,0x0000000003270000],  sp=0x000000000326de90,  free space=1015k
Native frames: (J=compiled Java code, j=interpreted, Vv=VM code, C=native code)
C  [PhysXJniBindings_64.dll+0x53716]
C  0x00000000033857f4

Java frames: (J=compiled Java code, j=interpreted, Vv=VM code)
j  physx.PxTopLevelFunctions._DefaultCpuDispatcherCreate(I)J+0
j  physx.PxTopLevelFunctions.DefaultCpuDispatcherCreate(I)Lphysx/extensions/PxDefaultCpuDispatcher;+1
j  net.diebuddies.physics.DynamicsWorld.<init>(Lnet/minecraft/world/World;F)V+211
j  net.diebuddies.physics.PhysicsWorld.<init>(Lnet/minecraft/world/World;)V+83
j  net.diebuddies.physics.PhysicsMod.<init>(Lnet/minecraft/world/World;)V+180
j  net.diebuddies.physics.PhysicsMod.getInstance(Lnet/minecraft/world/World;)Lnet/diebuddies/physics/PhysicsMod;+22
j  net.minecraft.client.renderer.WorldRenderer.handler$bjd000$renderChunkLayerSolid(Lnet/minecraft/client/renderer/RenderType;Lcom/mojang/blaze3d/matrix/MatrixStack;DDDLorg/spongepowered/asm/mixin/injection/callback/CallbackInfo;)V+226
J 60833 C2 net.minecraft.client.renderer.WorldRenderer.func_228441_a_(Lnet/minecraft/client/renderer/RenderType;Lcom/mojang/blaze3d/matrix/MatrixStack;DDD)V (186 bytes) @ 0x000000000d522ffc [0x000000000d520640+0x29bc]
J 65346 C2 net.coderbot.iris.pipeline.ShadowRenderer.renderShadows(Lnet/coderbot/iris/mixin/LevelRendererAccessor;Lnet/minecraft/client/renderer/ActiveRenderInfo;)V (808 bytes) @ 0x000000000df47ab4 [0x000000000df46f20+0xb94]
J 69922 C2 net.minecraft.client.renderer.WorldRenderer.handler$zpb000$iris$renderTerrainShadows(Lcom/mojang/blaze3d/matrix/MatrixStack;FJZLnet/minecraft/client/renderer/ActiveRenderInfo;Lnet/minecraft/client/renderer/GameRenderer;Lnet/minecraft/client/renderer/LightTexture;Lnet/minecraft/util/math/vector/Matrix4f;Lorg/spongepowered/asm/mixin/injection/callback/CallbackInfo;)V (16 bytes) @ 0x000000000b0cf4c0 [0x000000000b0cf440+0x80]
J 69120 C2 net.minecraft.client.renderer.WorldRenderer.func_228426_a_(Lcom/mojang/blaze3d/matrix/MatrixStack;FJZLnet/minecraft/client/renderer/ActiveRenderInfo;Lnet/minecraft/client/renderer/GameRenderer;Lnet/minecraft/client/renderer/LightTexture;Lnet/minecraft/util/math/vector/Matrix4f;)V (4063 bytes) @ 0x000000000e2c2924 [0x000000000e2c0a60+0x1ec4]
j  net.minecraft.client.renderer.GameRenderer.func_228378_a_(FJLcom/mojang/blaze3d/matrix/MatrixStack;)V+620
j  net.minecraft.client.renderer.GameRenderer.func_195458_a(FJZ)V+250
J 69985 C2 net.minecraft.client.Minecraft.func_195542_b(Z)V (1013 bytes) @ 0x000000000697be2c [0x000000000697a140+0x1cec]
j  net.minecraft.client.Minecraft.handler$cdh000$unloadWorldScreenshot(Lnet/minecraft/client/gui/screen/Screen;Lorg/spongepowered/asm/mixin/injection/callback/CallbackInfo;)V+21
j  net.minecraft.client.Minecraft.func_213231_b(Lnet/minecraft/client/gui/screen/Screen;)V+49
j  net.minecraft.client.Minecraft.func_213254_o()V+8
j  net.minecraft.client.Minecraft.func_71405_e()V+66
j  net.minecraft.client.main.Main.main([Ljava/lang/String;)V+1445
v  ~StubRoutines::call_stub
j  sun.reflect.NativeMethodAccessorImpl.invoke0(Ljava/lang/reflect/Method;Ljava/lang/Object;[Ljava/lang/Object;)Ljava/lang/Object;+0
j  sun.reflect.NativeMethodAccessorImpl.invoke(Ljava/lang/Object;[Ljava/lang/Object;)Ljava/lang/Object;+100
J 2394 C1 sun.reflect.DelegatingMethodAccessorImpl.invoke(Ljava/lang/Object;[Ljava/lang/Object;)Ljava/lang/Object; (10 bytes) @ 0x0000000003caddcc [0x0000000003cadcc0+0x10c]
J 2393 C1 java.lang.reflect.Method.invoke(Ljava/lang/Object;[Ljava/lang/Object;)Ljava/lang/Object; (62 bytes) @ 0x0000000003cb116c [0x0000000003cb0d80+0x3ec]
j  net.minecraftforge.fml.loading.FMLClientLaunchProvider.lambda$launchService$0(Lcpw/mods/modlauncher/api/ITransformingClassLoader;[Ljava/lang/String;)Ljava/lang/Void;+50
j  net.minecraftforge.fml.loading.FMLClientLaunchProvider$$Lambda$502.call()Ljava/lang/Object;+12
j  cpw.mods.modlauncher.LaunchServiceHandlerDecorator.launch([Ljava/lang/String;Lcpw/mods/modlauncher/api/ITransformingClassLoader;)V+11
j  cpw.mods.modlauncher.LaunchServiceHandler.launch(Ljava/lang/String;[Ljava/lang/String;Lcpw/mods/modlauncher/TransformingClassLoader;Lcpw/mods/modlauncher/LaunchPluginHandler;)V+57
j  cpw.mods.modlauncher.LaunchServiceHandler.launch(Lcpw/mods/modlauncher/ArgumentHandler;Lcpw/mods/modlauncher/TransformingClassLoader;Lcpw/mods/modlauncher/LaunchPluginHandler;)V+19
j  cpw.mods.modlauncher.Launcher.run([Ljava/lang/String;)V+116
j  cpw.mods.modlauncher.Launcher.main([Ljava/lang/String;)V+37
v  ~StubRoutines::call_stub

---------------  P R O C E S S  ---------------

Java Threads: ( => current thread )
  0x0000000107c1e800 JavaThread "IO-Worker-23" [_thread_blocked, id=43360, stack(0x00000000410c0000,0x00000000411c0000)]
  0x0000000107c0b000 JavaThread "Netty Server IO #2" daemon [_thread_in_native, id=3096, stack(0x00000000cda40000,0x00000000cdb40000)]
  0x0000000107c18000 JavaThread "ForkJoinPool.commonPool-worker-0" daemon [_thread_blocked, id=29432, stack(0x0000000174190000,0x0000000174290000)]
  0x0000000107c03800 JavaThread "ForkJoinPool.commonPool-worker-7" daemon [_thread_blocked, id=4112, stack(0x000000017f350000,0x000000017f450000)]
  0x0000000107c0a800 JavaThread "Narrator" [_thread_blocked, id=46132, stack(0x00000000cd840000,0x00000000cd940000)]
  0x0000000107c06000 JavaThread "ForkJoinPool.commonPool-worker-14" daemon [_thread_blocked, id=7160, stack(0x0000000175ab0000,0x0000000175bb0000)]
  0x0000000107c00800 JavaThread "ForkJoinPool.commonPool-worker-5" daemon [_thread_blocked, id=17976, stack(0x00000000f0f70000,0x00000000f1070000)]
  0x0000000107c02800 JavaThread "ForkJoinPool.commonPool-worker-12" daemon [_thread_blocked, id=11812, stack(0x0000000171c40000,0x0000000171d40000)]
  0x0000000107c05000 JavaThread "ForkJoinPool.commonPool-worker-3" daemon [_thread_blocked, id=12836, stack(0x000000016e620000,0x000000016e720000)]
  0x0000000107c04800 JavaThread "ForkJoinPool.commonPool-worker-10" daemon [_thread_blocked, id=36452, stack(0x00000000c25a0000,0x00000000c26a0000)]
  0x0000000107c01000 JavaThread "ForkJoinPool.commonPool-worker-1" daemon [_thread_blocked, id=35360, stack(0x0000000171650000,0x0000000171750000)]
  0x00000000374bb000 JavaThread "ForkJoinPool.commonPool-worker-8" daemon [_thread_blocked, id=1780, stack(0x00000000b08a0000,0x00000000b09a0000)]
  0x00000000711c8800 JavaThread "ForkJoinPool.commonPool-worker-15" daemon [_thread_blocked, id=2060, stack(0x00000000b0690000,0x00000000b0790000)]
  0x00000000374c6000 JavaThread "ForkJoinPool.commonPool-worker-6" daemon [_thread_blocked, id=14132, stack(0x000000005bdc0000,0x000000005bec0000)]
  0x00000000708e6000 JavaThread "Chunk Render Task Executor #9" [_thread_blocked, id=23396, stack(0x00000001693c0000,0x00000001694c0000)]
  0x00000000708e1800 JavaThread "Chunk Render Task Executor #8" [_thread_blocked, id=56204, stack(0x00000000f4070000,0x00000000f4170000)]
  0x00000000708e5800 JavaThread "Chunk Render Task Executor #7" [_thread_blocked, id=21404, stack(0x00000000c3440000,0x00000000c3540000)]
  0x00000000708e7000 JavaThread "Chunk Render Task Executor #6" [_thread_blocked, id=46468, stack(0x00000000c3340000,0x00000000c3440000)]
  0x00000000708e3000 JavaThread "Chunk Render Task Executor #5" [_thread_blocked, id=11084, stack(0x00000000c3240000,0x00000000c3340000)]
  0x00000000708e8800 JavaThread "Chunk Render Task Executor #4" [_thread_blocked, id=3840, stack(0x00000000c2910000,0x00000000c2a10000)]
  0x00000000708e4000 JavaThread "Chunk Render Task Executor #3" [_thread_blocked, id=34272, stack(0x00000000c2810000,0x00000000c2910000)]
  0x00000000711d1800 JavaThread "Chunk Render Task Executor #2" [_thread_blocked, id=15584, stack(0x00000000c2710000,0x00000000c2810000)]
  0x00000000711c9000 JavaThread "Chunk Render Task Executor #1" [_thread_blocked, id=23804, stack(0x00000000b07a0000,0x00000000b08a0000)]
  0x00000000711cc000 JavaThread "Chunk Render Task Executor #0" [_thread_blocked, id=50648, stack(0x00000000adf80000,0x00000000ae080000)]
  0x00000000708f0000 JavaThread "Worker-Main-22" daemon [_thread_blocked, id=44564, stack(0x000000009cf80000,0x000000009d080000)]
  0x0000000034384800 JavaThread "ForkJoinPool.commonPool-worker-13" daemon [_thread_blocked, id=5180, stack(0x0000000092760000,0x0000000092860000)]
  0x00000000711d0800 JavaThread "ForkJoinPool.commonPool-worker-4" daemon [_thread_blocked, id=25840, stack(0x0000000053310000,0x0000000053410000)]
  0x00000000711cf000 JavaThread "ForkJoinPool.commonPool-worker-11" daemon [_thread_blocked, id=50856, stack(0x00000000411c0000,0x00000000412c0000)]
  0x00000000711d2000 JavaThread "ForkJoinPool.commonPool-worker-2" daemon [_thread_blocked, id=19016, stack(0x000000003ea50000,0x000000003eb50000)]
  0x00000000711b3800 JavaThread "Litematica Chunk Batcher 15" daemon [_thread_blocked, id=50256, stack(0x00000000ed380000,0x00000000ed480000)]
  0x00000000711b5000 JavaThread "Litematica Chunk Batcher 14" daemon [_thread_blocked, id=16800, stack(0x00000000ed280000,0x00000000ed380000)]
  0x00000000711b5800 JavaThread "Litematica Chunk Batcher 13" daemon [_thread_blocked, id=12632, stack(0x00000000ed180000,0x00000000ed280000)]
  0x00000000711b6800 JavaThread "Litematica Chunk Batcher 12" daemon [_thread_blocked, id=57672, stack(0x00000000e1ab0000,0x00000000e1bb0000)]
  0x00000000711b7000 JavaThread "Litematica Chunk Batcher 11" daemon [_thread_blocked, id=8812, stack(0x00000000e19b0000,0x00000000e1ab0000)]
  0x00000000711ba000 JavaThread "Litematica Chunk Batcher 10" daemon [_thread_blocked, id=37624, stack(0x00000000e18b0000,0x00000000e19b0000)]
  0x00000000711b9800 JavaThread "Litematica Chunk Batcher 9" daemon [_thread_blocked, id=12660, stack(0x00000000e17b0000,0x00000000e18b0000)]
  0x00000000711b8000 JavaThread "Litematica Chunk Batcher 8" daemon [_thread_blocked, id=56976, stack(0x00000000c5820000,0x00000000c5920000)]
  0x00000000252c3800 JavaThread "Litematica Chunk Batcher 7" daemon [_thread_blocked, id=37296, stack(0x00000000c5720000,0x00000000c5820000)]
  0x000000003587b800 JavaThread "Litematica Chunk Batcher 6" daemon [_thread_blocked, id=55624, stack(0x00000000c5620000,0x00000000c5720000)]
  0x00000000708f0800 JavaThread "Litematica Chunk Batcher 5" daemon [_thread_blocked, id=46780, stack(0x00000000c5520000,0x00000000c5620000)]
  0x00000000708ed800 JavaThread "Litematica Chunk Batcher 4" daemon [_thread_blocked, id=44936, stack(0x00000000c5420000,0x00000000c5520000)]
  0x00000000708ed000 JavaThread "Litematica Chunk Batcher 3" daemon [_thread_blocked, id=29680, stack(0x00000000c5320000,0x00000000c5420000)]
  0x00000000708e4800 JavaThread "Litematica Chunk Batcher 2" daemon [_thread_blocked, id=11408, stack(0x00000000c5220000,0x00000000c5320000)]
  0x00000000708eb800 JavaThread "Litematica Chunk Batcher 1" daemon [_thread_blocked, id=38184, stack(0x00000000c38a0000,0x00000000c39a0000)]
  0x00000000708ea800 JavaThread "Litematica Chunk Batcher 0" daemon [_thread_blocked, id=11748, stack(0x00000000412c0000,0x00000000413c0000)]
  0x00000000708e2800 JavaThread "Sound engine" daemon [_thread_blocked, id=26532, stack(0x000000002f9c0000,0x000000002fac0000)]
  0x0000000075d7b000 JavaThread "Worker-Main-20" daemon [_thread_blocked, id=17396, stack(0x000000005c6e0000,0x000000005c7e0000)]
  0x0000000026e80800 JavaThread "Netty Server IO #1" daemon [_thread_in_native, id=42848, stack(0x00000000add50000,0x00000000ade50000)]
  0x0000000075d79000 JavaThread "Netty Local Client IO #0" daemon [_thread_blocked, id=13020, stack(0x00000000ade80000,0x00000000adf80000)]
  0x0000000075d7d800 JavaThread "Netty Server IO #0" daemon [_thread_in_native, id=49460, stack(0x00000000adc50000,0x00000000add50000)]
  0x0000000075d7c800 JavaThread "ObjectCleanerThread" daemon [_thread_blocked, id=27124, stack(0x00000000adb50000,0x00000000adc50000)]
  0x0000000075d70000 JavaThread "Worker-Main-18" daemon [_thread_blocked, id=52140, stack(0x000000004d1f0000,0x000000004d2f0000)]
  0x0000000075d73800 JavaThread "TF-Task-Worker-8" daemon [_thread_blocked, id=57084, stack(0x00000000ad650000,0x00000000ad750000)]
  0x0000000075d6a800 JavaThread "TF-Task-Worker-7" daemon [_thread_blocked, id=38096, stack(0x00000000ad550000,0x00000000ad650000)]
  0x0000000075d6f000 JavaThread "TF-Task-Worker-6" daemon [_thread_blocked, id=28936, stack(0x00000000ad450000,0x00000000ad550000)]
  0x0000000075d6b800 JavaThread "TF-Task-Worker-5" daemon [_thread_blocked, id=40536, stack(0x00000000aa210000,0x00000000aa310000)]
  0x0000000075d6c000 JavaThread "TF-Task-Worker-4" daemon [_thread_blocked, id=47864, stack(0x00000000aa110000,0x00000000aa210000)]
  0x0000000075d6d000 JavaThread "TF-Task-Worker-3" daemon [_thread_blocked, id=51808, stack(0x00000000aa010000,0x00000000aa110000)]
  0x0000000075d71800 JavaThread "TF-Task-Worker-2" daemon [_thread_blocked, id=41508, stack(0x00000000a7f10000,0x00000000a8010000)]
  0x0000000075d70800 JavaThread "TF-Batch-Worker-16" daemon [_thread_blocked, id=35420, stack(0x00000000937a0000,0x00000000938a0000)]
  0x0000000075d6e800 JavaThread "TF-Batch-Worker-15" daemon [_thread_blocked, id=23316, stack(0x00000000936a0000,0x00000000937a0000)]
  0x0000000075d69000 JavaThread "TF-Batch-Worker-14" daemon [_thread_blocked, id=55192, stack(0x00000000935a0000,0x00000000936a0000)]
  0x0000000075d61800 JavaThread "TF-Batch-Worker-13" daemon [_thread_blocked, id=41148, stack(0x00000000934a0000,0x00000000935a0000)]
  0x0000000075d68800 JavaThread "TF-Batch-Worker-12" daemon [_thread_blocked, id=53008, stack(0x0000000092f80000,0x0000000093080000)]
  0x0000000075d67800 JavaThread "TF-Batch-Worker-11" daemon [_thread_blocked, id=51592, stack(0x0000000092e80000,0x0000000092f80000)]
  0x0000000075d64000 JavaThread "TF-Batch-Worker-10" daemon [_thread_blocked, id=38372, stack(0x0000000092d80000,0x0000000092e80000)]
  0x0000000075d61000 JavaThread "TF-Batch-Worker-9" daemon [_thread_blocked, id=36332, stack(0x0000000092b00000,0x0000000092c00000)]
  0x0000000075d67000 JavaThread "TF-Batch-Worker-8" daemon [_thread_blocked, id=46216, stack(0x000000005fb90000,0x000000005fc90000)]
  0x0000000075d60000 JavaThread "TF-Batch-Worker-7" daemon [_thread_blocked, id=10080, stack(0x000000005eb80000,0x000000005ec80000)]
  0x0000000075d5f800 JavaThread "TF-Batch-Worker-6" daemon [_thread_blocked, id=41728, stack(0x000000005ea80000,0x000000005eb80000)]
  0x0000000075d63000 JavaThread "TF-Batch-Worker-5" daemon [_thread_blocked, id=50752, stack(0x000000005e980000,0x000000005ea80000)]
  0x0000000075d66000 JavaThread "TF-Batch-Worker-4" daemon [_thread_blocked, id=20508, stack(0x000000005e880000,0x000000005e980000)]
  0x0000000075d62800 JavaThread "TF-Batch-Worker-3" daemon [_thread_blocked, id=47060, stack(0x000000005e780000,0x000000005e880000)]
  0x0000000075d65800 JavaThread "TF-Batch-Worker-2" daemon [_thread_blocked, id=22424, stack(0x000000005e680000,0x000000005e780000)]
  0x0000000075d64800 JavaThread "TF-Batch-Worker-1" daemon [_thread_blocked, id=12748, stack(0x000000005e370000,0x000000005e470000)]
  0x0000000075d5e800 JavaThread "TF-Task-Worker-1" daemon [_thread_blocked, id=21296, stack(0x000000005e140000,0x000000005e240000)]
  0x0000000035877000 JavaThread "IO-Worker-16" [_thread_blocked, id=46668, stack(0x000000005de40000,0x000000005df40000)]
  0x0000000026e85000 JavaThread "IO-Worker-15" [_thread_blocked, id=41724, stack(0x000000005dd40000,0x000000005de40000)]
  0x0000000026e84800 JavaThread "Worker-Main-14" daemon [_thread_blocked, id=47736, stack(0x000000005dc40000,0x000000005dd40000)]
  0x000000003438c000 JavaThread "Thread-68" daemon [_thread_in_native, id=19404, stack(0x0000000053410000,0x0000000053510000)]
  0x00000000252c6800 JavaThread "Server thread" [_thread_in_Java, id=50464, stack(0x00000000415c0000,0x00000000416c0000)]
  0x00000000252bd800 JavaThread "Snooper Timer" daemon [_thread_blocked, id=41436, stack(0x000000003eec0000,0x000000003efc0000)]
  0x0000000036af5800 JavaThread "TF-Scheduler" [_thread_blocked, id=50172, stack(0x0000000001590000,0x0000000001690000)]
  0x000000003438b000 JavaThread "lava-daemon-pool-playback-4-thread-1" daemon [_thread_in_native, id=22128, stack(0x000000005ef30000,0x000000005f030000)]
  0x000000003438a800 JavaThread "spark-worker-pool-1-thread-4" daemon [_thread_blocked, id=11304, stack(0x000000003e910000,0x000000003ea10000)]
  0x0000000034383000 JavaThread "Worker-Main-8" daemon [_thread_blocked, id=42384, stack(0x0000000025c40000,0x0000000025d40000)]
  0x00000000374be000 JavaThread "spark-worker-pool-1-thread-3" daemon [_thread_blocked, id=43588, stack(0x0000000039c30000,0x0000000039d30000)]
  0x00000000252cb800 JavaThread "Thread-62" daemon [_thread_blocked, id=30968, stack(0x0000000071990000,0x0000000071a90000)]
  0x00000000252c2800 JavaThread "Java2D Disposer" daemon [_thread_blocked, id=44044, stack(0x0000000071330000,0x0000000071430000)]
  0x00000000252c8800 JavaThread "Thread-60" daemon [_thread_blocked, id=41224, stack(0x000000006fcc0000,0x000000006fdc0000)]
  0x00000000252c8000 JavaThread "spark-worker-pool-1-thread-2" daemon [_thread_blocked, id=38616, stack(0x0000000071230000,0x0000000071330000)]
  0x00000000252c7000 JavaThread "spark-worker-pool-1-thread-1" daemon [_thread_blocked, id=28848, stack(0x0000000071680000,0x0000000071780000)]
  0x00000000252c5800 JavaThread "spark-monitor" daemon [_thread_blocked, id=53608, stack(0x000000006f9c0000,0x000000006fac0000)]
  0x00000000252c5000 JavaThread "pool-5-thread-1" [_thread_blocked, id=26344, stack(0x000000006a3b0000,0x000000006a4b0000)]
  0x00000000252c1000 JavaThread "Thread-56" daemon [_thread_in_native, id=46888, stack(0x00000000651d0000,0x00000000652d0000)]
  0x000000003af57800 JavaThread "Thread-55" daemon [_thread_in_native, id=51356, stack(0x0000000056040000,0x0000000056140000)]
  0x000000003af53000 JavaThread "Thread-54" daemon [_thread_in_native, id=28748, stack(0x0000000054a00000,0x0000000054b00000)]
  0x000000003af59000 JavaThread "Thread-53" daemon [_thread_in_native, id=54564, stack(0x0000000053fc0000,0x00000000540c0000)]
  0x000000003af58800 JavaThread "Thread-52" daemon [_thread_in_native, id=33392, stack(0x0000000053b00000,0x0000000053c00000)]
  0x000000003af52800 JavaThread "Thread-51" daemon [_thread_in_native, id=6000, stack(0x0000000053c20000,0x0000000053d20000)]
  0x000000003af57000 JavaThread "Thread-50" daemon [_thread_in_native, id=316, stack(0x0000000053a00000,0x0000000053b00000)]
  0x000000003af56000 JavaThread "Worker-Main-7" daemon [_thread_blocked, id=24368, stack(0x0000000053610000,0x0000000053710000)]
  0x0000000026e86800 JavaThread "Worker-Main-2" daemon [_thread_blocked, id=44916, stack(0x0000000053110000,0x0000000053210000)]
  0x0000000026e86000 JavaThread "Narrator" [_thread_blocked, id=40776, stack(0x00000000526f0000,0x00000000527f0000)]
  0x0000000026e82000 JavaThread "Config Lib config file watcher" daemon [_thread_blocked, id=36580, stack(0x000000004d3f0000,0x000000004d4f0000)]
  0x0000000026e81800 JavaThread "Thread-47" daemon [_thread_in_native, id=25280, stack(0x000000004d2f0000,0x000000004d3f0000)]
  0x0000000026e80000 JavaThread "pool-4-thread-16" [_thread_blocked, id=16040, stack(0x000000004caf0000,0x000000004cbf0000)]
  0x0000000026e7f000 JavaThread "pool-4-thread-15" [_thread_blocked, id=38408, stack(0x000000004c9f0000,0x000000004caf0000)]
  0x0000000026e7b800 JavaThread "pool-4-thread-14" [_thread_blocked, id=38300, stack(0x0000000040fc0000,0x00000000410c0000)]
  0x0000000026e7d800 JavaThread "pool-4-thread-13" [_thread_blocked, id=57252, stack(0x000000004bfc0000,0x000000004c0c0000)]
  0x0000000026e78800 JavaThread "pool-4-thread-12" [_thread_blocked, id=45204, stack(0x000000004bec0000,0x000000004bfc0000)]
  0x0000000026e7d000 JavaThread "pool-4-thread-11" [_thread_blocked, id=20040, stack(0x000000004bbc0000,0x000000004bcc0000)]
  0x0000000026e7e800 JavaThread "pool-4-thread-10" [_thread_blocked, id=46728, stack(0x000000004c0f0000,0x000000004c1f0000)]
  0x000000003586f000 JavaThread "pool-4-thread-9" [_thread_blocked, id=53620, stack(0x000000004b8c0000,0x000000004b9c0000)]
  0x0000000037461800 JavaThread "Thread-45" daemon [_thread_in_native, id=43212, stack(0x000000004b7c0000,0x000000004b8c0000)]
  0x0000000037461000 JavaThread "Thread-44" daemon [_thread_in_native, id=51988, stack(0x000000004b6c0000,0x000000004b7c0000)]
  0x0000000037460000 JavaThread "Thread-43" daemon [_thread_in_native, id=59620, stack(0x000000004b5c0000,0x000000004b6c0000)]
  0x000000003745f800 JavaThread "Thread-42" daemon [_thread_in_native, id=27864, stack(0x000000004b2c0000,0x000000004b3c0000)]
  0x0000000037457000 JavaThread "pool-4-thread-8" [_thread_blocked, id=28340, stack(0x000000004b1c0000,0x000000004b2c0000)]
  0x000000003745e000 JavaThread "Thread-41" daemon [_thread_in_native, id=2556, stack(0x000000004b0c0000,0x000000004b1c0000)]
  0x000000003745d000 JavaThread "Thread-40" daemon [_thread_in_native, id=17020, stack(0x00000000496a0000,0x00000000497a0000)]
  0x0000000037458000 JavaThread "Thread-39" daemon [_thread_in_native, id=48344, stack(0x000000004afc0000,0x000000004b0c0000)]
  0x000000003745b800 JavaThread "Thread-38" daemon [_thread_in_native, id=56712, stack(0x000000004acc0000,0x000000004adc0000)]
  0x000000003745b000 JavaThread "Thread-37" daemon [_thread_in_native, id=24384, stack(0x000000004abc0000,0x000000004acc0000)]
  0x000000003745c800 JavaThread "Thread-36" daemon [_thread_in_native, id=48432, stack(0x000000004a110000,0x000000004a210000)]
  0x0000000037458800 JavaThread "pool-4-thread-7" [_thread_blocked, id=15656, stack(0x000000004aac0000,0x000000004abc0000)]
  0x0000000037456800 JavaThread "Thread-35" daemon [_thread_in_native, id=41244, stack(0x000000004a7c0000,0x000000004a8c0000)]
  0x0000000037453800 JavaThread "pool-4-thread-6" [_thread_blocked, id=38352, stack(0x000000004a6c0000,0x000000004a7c0000)]
  0x000000003745a000 JavaThread "pool-4-thread-5" [_thread_blocked, id=25628, stack(0x000000004a5c0000,0x000000004a6c0000)]
  0x0000000037455000 JavaThread "Thread-34" daemon [_thread_in_native, id=22084, stack(0x000000004a2c0000,0x000000004a3c0000)]
  0x0000000037459800 JavaThread "pool-4-thread-4" [_thread_blocked, id=22180, stack(0x0000000049e10000,0x0000000049f10000)]
  0x0000000037454000 JavaThread "Thread-33" daemon [_thread_in_native, id=26160, stack(0x0000000049d10000,0x0000000049e10000)]
  0x0000000036b00000 JavaThread "Thread-31" daemon [_thread_in_native, id=21648, stack(0x0000000049a10000,0x0000000049b10000)]
  0x0000000036afe800 JavaThread "pool-4-thread-3" [_thread_blocked, id=13152, stack(0x00000000486b0000,0x00000000487b0000)]
  0x0000000036afb000 JavaThread "pool-4-thread-2" [_thread_blocked, id=2168, stack(0x0000000048c00000,0x0000000048d00000)]
  0x0000000036afc800 JavaThread "pool-4-thread-1" [_thread_blocked, id=12128, stack(0x0000000048330000,0x0000000048430000)]
  0x0000000036afe000 JavaThread "Thread-30" daemon [_thread_in_native, id=27728, stack(0x00000000493a0000,0x00000000494a0000)]
  0x0000000036afd000 JavaThread "Thread-29" daemon [_thread_in_native, id=15144, stack(0x00000000442c0000,0x00000000443c0000)]
  0x0000000036aff800 JavaThread "Thread-28" daemon [_thread_in_native, id=48272, stack(0x0000000046f00000,0x0000000047000000)]
  0x0000000036afb800 JavaThread "Thread-27" daemon [_thread_blocked, id=24768, stack(0x0000000046e00000,0x0000000046f00000)]
  0x0000000036af7000 JavaThread "Java Sound Event Dispatcher" daemon [_thread_blocked, id=23032, stack(0x00000000439a0000,0x0000000043aa0000)]
  0x0000000036afa000 JavaThread "Thread-25" daemon [_thread_blocked, id=28028, stack(0x0000000043b00000,0x0000000043c00000)]
  0x0000000036af9800 JavaThread "lava-daemon-pool-info-loader-5-thread-8" daemon [_thread_blocked, id=53832, stack(0x0000000044d00000,0x0000000044e00000)]
  0x00000000374c5800 JavaThread "LavaPlayer Audio Thread" daemon [_thread_blocked, id=11992, stack(0x00000000438a0000,0x00000000439a0000)]
  0x00000000374c3000 JavaThread "lava-daemon-pool-manager-6-thread-1" daemon [_thread_blocked, id=1712, stack(0x0000000043080000,0x0000000043180000)]
  0x00000000374c2800 JavaThread "LavaPlayer Audio Thread" daemon [_thread_blocked, id=55644, stack(0x0000000042ce0000,0x0000000042de0000)]
  0x00000000374c4800 JavaThread "Thread-24" daemon [_thread_in_native, id=33952, stack(0x00000000423c0000,0x00000000424c0000)]
  0x00000000374c1800 JavaThread "lava-daemon-pool-manager-3-thread-1" daemon [_thread_blocked, id=41356, stack(0x00000000422c0000,0x00000000423c0000)]
  0x0000000035875800 JavaThread "Snooper Timer" daemon [_thread_blocked, id=42088, stack(0x000000002eea0000,0x000000002efa0000)]
  0x0000000035874000 JavaThread "Timer hack thread" daemon [_thread_blocked, id=34900, stack(0x000000002ed10000,0x000000002ee10000)]
  0x00000000252f1000 JavaThread "Thread-20" daemon [_thread_in_native, id=24816, stack(0x0000000039930000,0x0000000039a30000)]
  0x00000000252f0800 JavaThread "Thread-19" daemon [_thread_in_native, id=54608, stack(0x0000000039830000,0x0000000039930000)]
  0x00000000252ed800 JavaThread "Thread-18" daemon [_thread_in_native, id=11460, stack(0x0000000039730000,0x0000000039830000)]
  0x00000000252f2800 JavaThread "Thread-17" daemon [_thread_in_native, id=33084, stack(0x0000000039630000,0x0000000039730000)]
  0x00000000252ef800 JavaThread "Thread-16" daemon [_thread_in_native, id=58612, stack(0x0000000039530000,0x0000000039630000)]
  0x00000000252ef000 JavaThread "Thread-15" daemon [_thread_in_native, id=54048, stack(0x0000000039430000,0x0000000039530000)]
  0x00000000252f3800 JavaThread "Thread-14" daemon [_thread_in_native, id=42752, stack(0x0000000039330000,0x0000000039430000)]
  0x000000002130c000 JavaThread "Thread-13" daemon [_thread_in_native, id=27912, stack(0x0000000039230000,0x0000000039330000)]
  0x000000002130b000 JavaThread "Thread-12" daemon [_thread_in_native, id=29728, stack(0x0000000039130000,0x0000000039230000)]
  0x000000002130a800 JavaThread "Thread-11" daemon [_thread_in_native, id=59608, stack(0x0000000039030000,0x0000000039130000)]
  0x0000000021307800 JavaThread "Thread-10" daemon [_thread_in_native, id=38744, stack(0x0000000038df0000,0x0000000038ef0000)]
  0x0000000021309800 JavaThread "Thread-9" daemon [_thread_in_native, id=34076, stack(0x0000000038cf0000,0x0000000038df0000)]
  0x00000000319bf800 JavaThread "Thread-8" daemon [_thread_in_native, id=14228, stack(0x0000000038bf0000,0x0000000038cf0000)]
  0x0000000024041000 JavaThread "Thread-7" daemon [_thread_in_native, id=42584, stack(0x0000000038af0000,0x0000000038bf0000)]
  0x0000000024d50800 JavaThread "Thread-6" daemon [_thread_in_native, id=28720, stack(0x00000000389f0000,0x0000000038af0000)]
  0x000000002546b800 JavaThread "Thread-5" daemon [_thread_in_native, id=8220, stack(0x0000000036470000,0x0000000036570000)]
  0x000000003268e800 JavaThread "Thread-4" daemon [_thread_in_native, id=37140, stack(0x0000000035330000,0x0000000035430000)]
  0x0000000024f74000 JavaThread "Thread-2" daemon [_thread_in_native, id=56356, stack(0x0000000027210000,0x0000000027310000)]
  0x0000000024f73000 JavaThread "Thread-1" daemon [_thread_blocked, id=47840, stack(0x0000000027110000,0x0000000027210000)]
  0x0000000021392000 JavaThread "Service Thread" daemon [_thread_blocked, id=45980, stack(0x0000000023b30000,0x0000000023c30000)]
  0x0000000021306800 JavaThread "C1 CompilerThread11" daemon [_thread_blocked, id=8028, stack(0x0000000023a30000,0x0000000023b30000)]
  0x0000000021308000 JavaThread "C1 CompilerThread10" daemon [_thread_blocked, id=43532, stack(0x0000000023930000,0x0000000023a30000)]
  0x00000000212e6000 JavaThread "C1 CompilerThread9" daemon [_thread_blocked, id=42216, stack(0x0000000023830000,0x0000000023930000)]
  0x00000000212c5000 JavaThread "C1 CompilerThread8" daemon [_thread_blocked, id=57940, stack(0x0000000023630000,0x0000000023730000)]
  0x00000000212ba800 JavaThread "C2 CompilerThread7" daemon [_thread_blocked, id=13396, stack(0x0000000023530000,0x0000000023630000)]
  0x00000000212b9800 JavaThread "C2 CompilerThread6" daemon [_thread_blocked, id=19128, stack(0x0000000023430000,0x0000000023530000)]
  0x00000000212b9000 JavaThread "C2 CompilerThread5" daemon [_thread_blocked, id=46068, stack(0x0000000023330000,0x0000000023430000)]
  0x00000000212ab800 JavaThread "C2 CompilerThread4" daemon [_thread_blocked, id=24296, stack(0x0000000023230000,0x0000000023330000)]
  0x00000000212ab000 JavaThread "C2 CompilerThread3" daemon [_thread_blocked, id=31756, stack(0x0000000023130000,0x0000000023230000)]
  0x00000000212a7800 JavaThread "C2 CompilerThread2" daemon [_thread_blocked, id=48456, stack(0x0000000023030000,0x0000000023130000)]
  0x00000000212a3800 JavaThread "C2 CompilerThread1" daemon [_thread_blocked, id=12488, stack(0x0000000022f30000,0x0000000023030000)]
  0x00000000212a2000 JavaThread "C2 CompilerThread0" daemon [_thread_blocked, id=18048, stack(0x0000000022e30000,0x0000000022f30000)]
  0x000000002129d800 JavaThread "Attach Listener" daemon [_thread_blocked, id=40316, stack(0x0000000022d30000,0x0000000022e30000)]
  0x0000000021299800 JavaThread "Signal Dispatcher" daemon [_thread_blocked, id=24348, stack(0x0000000022c30000,0x0000000022d30000)]
  0x000000001f823000 JavaThread "Finalizer" daemon [_thread_blocked, id=12512, stack(0x0000000022b30000,0x0000000022c30000)]
  0x000000001f81a000 JavaThread "Reference Handler" daemon [_thread_blocked, id=53580, stack(0x0000000022a30000,0x0000000022b30000)]
=>0x0000000003274000 JavaThread "Render thread" [_thread_in_native, id=43996, stack(0x0000000003170000,0x0000000003270000)]

Other Threads:
  0x0000000021264000 VMThread [stack: 0x0000000022930000,0x0000000022a30000] [id=45572]
  0x0000000021373800 WatcherThread [stack: 0x0000000023c30000,0x0000000023d30000] [id=43404]

VM state:not at safepoint (normal execution)

VM Mutex/Monitor currently owned by a thread: None

Heap:
 PSYoungGen      total 1438720K, used 573379K [0x0000000756000000, 0x00000007b7f80000, 0x00000007c0000000)
  eden space 1282560K, 36% used [0x0000000756000000,0x0000000772f5fba8,0x00000007a4480000)
  from space 156160K, 63% used [0x00000007a4480000,0x00000007aa511078,0x00000007add00000)
  to   space 154624K, 0% used [0x00000007ae880000,0x00000007ae880000,0x00000007b7f80000)
 ParOldGen       total 3236864K, used 2500660K [0x0000000682000000, 0x0000000747900000, 0x0000000756000000)
  object space 3236864K, 77% used [0x0000000682000000,0x000000071aa0d3a0,0x0000000747900000)
 Metaspace       used 287486K, capacity 333366K, committed 333508K, reserved 1323008K
  class space    used 48772K, capacity 60136K, committed 60160K, reserved 1048576K

Card table byte_map: [0x0000000012730000,0x0000000013130000] byte_map_base: 0x000000000f320000

Marking Bits: (ParMarkBitMap*) 0x0000000074a94040
 Begin Bits: [0x00000000144d0000, 0x0000000019450000)
 End Bits:   [0x0000000019450000, 0x000000001e3d0000)

Polling page: 0x0000000001180000

CodeCache: size=245760Kb used=178034Kb max_used=179629Kb free=67725Kb
 bounds [0x0000000003370000, 0x000000000e450000, 0x0000000012370000]
 total_blobs=49278 nmethods=46492 adapters=2683
 compilation: enabled

Compilation events (10 events):
Event: 327.883 Thread 0x00000000212a7800 70409       4       mod.beethoven92.betterendforge.common.block.StalactiteBlock::func_220053_a (18 bytes)
Event: 327.885 Thread 0x00000000212a7800 nmethod 70409 0x000000000bf4bdd0 code [0x000000000bf4bf20, 0x000000000bf4c008]
Event: 327.964 Thread 0x00000000212a3800 70410       4       mod.beethoven92.betterendforge.common.block.ModLanternBlock::func_220053_a (26 bytes)
Event: 327.966 Thread 0x00000000212a3800 nmethod 70410 0x000000000c119f50 code [0x000000000c11a0a0, 0x000000000c11a188]
Event: 328.031 Thread 0x00000000212a2000 70411       4       net.minecraftforge.fml.loading.moddiscovery.ModFile::getModInfos (10 bytes)
Event: 328.032 Thread 0x00000000212ab800 70412       4       net.minecraftforge.fml.ModList::getModContainerById (14 bytes)
Event: 328.033 Thread 0x00000000212a2000 nmethod 70411 0x000000000c182e90 code [0x000000000c182fe0, 0x000000000c183078]
Event: 328.041 Thread 0x00000000212ab800 nmethod 70412 0x00000000094b36d0 code [0x00000000094b38a0, 0x00000000094b41e8]
Event: 328.058 Thread 0x0000000021308000 70413       3       io.netty.channel.local.LocalChannel::isOpen (16 bytes)
Event: 328.059 Thread 0x0000000021308000 nmethod 70413 0x0000000009f27450 code [0x0000000009f275a0, 0x0000000009f27770]

GC Heap History (10 events):
Event: 315.239 GC heap before
{Heap before GC invocations=230 (full 10):
 PSYoungGen      total 1429504K, used 1352768K [0x0000000756000000, 0x00000007b8480000, 0x00000007c0000000)
  eden space 1255936K, 100% used [0x0000000756000000,0x00000007a2a80000,0x00000007a2a80000)
  from space 173568K, 55% used [0x00000007adb00000,0x00000007b39903f8,0x00000007b8480000)
  to   space 177152K, 0% used [0x00000007a2a80000,0x00000007a2a80000,0x00000007ad780000)
 ParOldGen       total 3236864K, used 2492439K [0x0000000682000000, 0x0000000747900000, 0x0000000756000000)
  object space 3236864K, 77% used [0x0000000682000000,0x000000071a205dc0,0x0000000747900000)
 Metaspace       used 287175K, capacity 332870K, committed 333252K, reserved 1323008K
  class space    used 48715K, capacity 60028K, committed 60160K, reserved 1048576K
Event: 315.264 GC heap after
Heap after GC invocations=230 (full 10):
 PSYoungGen      total 1433088K, used 94076K [0x0000000756000000, 0x00000007b8a00000, 0x00000007c0000000)
  eden space 1255936K, 0% used [0x0000000756000000,0x0000000756000000,0x00000007a2a80000)
  from space 177152K, 53% used [0x00000007a2a80000,0x00000007a865f3e8,0x00000007ad780000)
  to   space 173056K, 0% used [0x00000007ae100000,0x00000007ae100000,0x00000007b8a00000)
 ParOldGen       total 3236864K, used 2495126K [0x0000000682000000, 0x0000000747900000, 0x0000000756000000)
  object space 3236864K, 77% used [0x0000000682000000,0x000000071a4a58a0,0x0000000747900000)
 Metaspace       used 287175K, capacity 332870K, committed 333252K, reserved 1323008K
  class space    used 48715K, capacity 60028K, committed 60160K, reserved 1048576K
}
Event: 318.088 GC heap before
{Heap before GC invocations=231 (full 10):
 PSYoungGen      total 1433088K, used 1350012K [0x0000000756000000, 0x00000007b8a00000, 0x00000007c0000000)
  eden space 1255936K, 100% used [0x0000000756000000,0x00000007a2a80000,0x00000007a2a80000)
  from space 177152K, 53% used [0x00000007a2a80000,0x00000007a865f3e8,0x00000007ad780000)
  to   space 173056K, 0% used [0x00000007ae100000,0x00000007ae100000,0x00000007b8a00000)
 ParOldGen       total 3236864K, used 2495126K [0x0000000682000000, 0x0000000747900000, 0x0000000756000000)
  object space 3236864K, 77% used [0x0000000682000000,0x000000071a4a58a0,0x0000000747900000)
 Metaspace       used 287175K, capacity 332870K, committed 333252K, reserved 1323008K
  class space    used 48715K, capacity 60028K, committed 60160K, reserved 1048576K
Event: 318.113 GC heap after
Heap after GC invocations=231 (full 10):
 PSYoungGen      total 1430528K, used 89196K [0x0000000756000000, 0x00000007b7e00000, 0x00000007c0000000)
  eden space 1269760K, 0% used [0x0000000756000000,0x0000000756000000,0x00000007a3800000)
  from space 160768K, 55% used [0x00000007ae100000,0x00000007b381b3d0,0x00000007b7e00000)
  to   space 166912K, 0% used [0x00000007a3800000,0x00000007a3800000,0x00000007adb00000)
 ParOldGen       total 3236864K, used 2500204K [0x0000000682000000, 0x0000000747900000, 0x0000000756000000)
  object space 3236864K, 77% used [0x0000000682000000,0x000000071a99b3a0,0x0000000747900000)
 Metaspace       used 287175K, capacity 332870K, committed 333252K, reserved 1323008K
  class space    used 48715K, capacity 60028K, committed 60160K, reserved 1048576K
}
Event: 321.048 GC heap before
{Heap before GC invocations=232 (full 10):
 PSYoungGen      total 1430528K, used 1358956K [0x0000000756000000, 0x00000007b7e00000, 0x00000007c0000000)
  eden space 1269760K, 100% used [0x0000000756000000,0x00000007a3800000,0x00000007a3800000)
  from space 160768K, 55% used [0x00000007ae100000,0x00000007b381b3d0,0x00000007b7e00000)
  to   space 166912K, 0% used [0x00000007a3800000,0x00000007a3800000,0x00000007adb00000)
 ParOldGen       total 3236864K, used 2500204K [0x0000000682000000, 0x0000000747900000, 0x0000000756000000)
  object space 3236864K, 77% used [0x0000000682000000,0x000000071a99b3a0,0x0000000747900000)
 Metaspace       used 287187K, capacity 332870K, committed 333252K, reserved 1323008K
  class space    used 48715K, capacity 60028K, committed 60160K, reserved 1048576K
Event: 321.073 GC heap after
Heap after GC invocations=232 (full 10):
 PSYoungGen      total 1436672K, used 89180K [0x0000000756000000, 0x00000007b8080000, 0x00000007c0000000)
  eden space 1269760K, 0% used [0x0000000756000000,0x0000000756000000,0x00000007a3800000)
  from space 166912K, 53% used [0x00000007a3800000,0x00000007a8f173e8,0x00000007adb00000)
  to   space 161280K, 0% used [0x00000007ae300000,0x00000007ae300000,0x00000007b8080000)
 ParOldGen       total 3236864K, used 2500356K [0x0000000682000000, 0x0000000747900000, 0x0000000756000000)
  object space 3236864K, 77% used [0x0000000682000000,0x000000071a9c13a0,0x0000000747900000)
 Metaspace       used 287187K, capacity 332870K, committed 333252K, reserved 1323008K
  class space    used 48715K, capacity 60028K, committed 60160K, reserved 1048576K
}
Event: 324.355 GC heap before
{Heap before GC invocations=233 (full 10):
 PSYoungGen      total 1436672K, used 1358940K [0x0000000756000000, 0x00000007b8080000, 0x00000007c0000000)
  eden space 1269760K, 100% used [0x0000000756000000,0x00000007a3800000,0x00000007a3800000)
  from space 166912K, 53% used [0x00000007a3800000,0x00000007a8f173e8,0x00000007adb00000)
  to   space 161280K, 0% used [0x00000007ae300000,0x00000007ae300000,0x00000007b8080000)
 ParOldGen       total 3236864K, used 2500356K [0x0000000682000000, 0x0000000747900000, 0x0000000756000000)
  object space 3236864K, 77% used [0x0000000682000000,0x000000071a9c13a0,0x0000000747900000)
 Metaspace       used 287196K, capacity 332870K, committed 333252K, reserved 1323008K
  class space    used 48715K, capacity 60028K, committed 60160K, reserved 1048576K
Event: 324.377 GC heap after
Heap after GC invocations=233 (full 10):
 PSYoungGen      total 1432576K, used 89248K [0x0000000756000000, 0x00000007b7580000, 0x00000007c0000000)
  eden space 1282560K, 0% used [0x0000000756000000,0x0000000756000000,0x00000007a4480000)
  from space 150016K, 59% used [0x00000007ae300000,0x00000007b3a283f8,0x00000007b7580000)
  to   space 156160K, 0% used [0x00000007a4480000,0x00000007a4480000,0x00000007add00000)
 ParOldGen       total 3236864K, used 2500524K [0x0000000682000000, 0x0000000747900000, 0x0000000756000000)
  object space 3236864K, 77% used [0x0000000682000000,0x000000071a9eb3a0,0x0000000747900000)
 Metaspace       used 287196K, capacity 332870K, committed 333252K, reserved 1323008K
  class space    used 48715K, capacity 60028K, committed 60160K, reserved 1048576K
}
Event: 327.547 GC heap before
{Heap before GC invocations=234 (full 10):
 PSYoungGen      total 1432576K, used 1371808K [0x0000000756000000, 0x00000007b7580000, 0x00000007c0000000)
  eden space 1282560K, 100% used [0x0000000756000000,0x00000007a4480000,0x00000007a4480000)
  from space 150016K, 59% used [0x00000007ae300000,0x00000007b3a283f8,0x00000007b7580000)
  to   space 156160K, 0% used [0x00000007a4480000,0x00000007a4480000,0x00000007add00000)
 ParOldGen       total 3236864K, used 2500524K [0x0000000682000000, 0x0000000747900000, 0x0000000756000000)
  object space 3236864K, 77% used [0x0000000682000000,0x000000071a9eb3a0,0x0000000747900000)
 Metaspace       used 287471K, capacity 333354K, committed 333508K, reserved 1323008K
  class space    used 48772K, capacity 60136K, committed 60160K, reserved 1048576K
Event: 327.574 GC heap after
Heap after GC invocations=234 (full 10):
 PSYoungGen      total 1438720K, used 98884K [0x0000000756000000, 0x00000007b7f80000, 0x00000007c0000000)
  eden space 1282560K, 0% used [0x0000000756000000,0x0000000756000000,0x00000007a4480000)
  from space 156160K, 63% used [0x00000007a4480000,0x00000007aa511078,0x00000007add00000)
  to   space 154624K, 0% used [0x00000007ae880000,0x00000007ae880000,0x00000007b7f80000)
 ParOldGen       total 3236864K, used 2500660K [0x0000000682000000, 0x0000000747900000, 0x0000000756000000)
  object space 3236864K, 77% used [0x0000000682000000,0x000000071aa0d3a0,0x0000000747900000)
 Metaspace       used 287471K, capacity 333354K, committed 333508K, reserved 1323008K
  class space    used 48772K, capacity 60136K, committed 60160K, reserved 1048576K
}

Deoptimization events (10 events):
Event: 327.286 Thread 0x0000000003274000 Uncommon trap: reason=class_check action=maybe_recompile pc=0x000000000c28a714 method=java.util.stream.Streams$StreamBuilderImpl.tryAdvance(Ljava/util/function/Consumer;)Z @ 19
Event: 327.286 Thread 0x0000000003274000 Uncommon trap: reason=class_check action=maybe_recompile pc=0x000000000c28a714 method=java.util.stream.Streams$StreamBuilderImpl.tryAdvance(Ljava/util/function/Consumer;)Z @ 19
Event: 327.302 Thread 0x0000000003274000 Uncommon trap: reason=uninitialized action=reinterpret pc=0x000000000bf72c88 method=net.minecraft.client.gui.screen.Screen.func_231153_a_(Ljava/lang/Runnable;Ljava/lang/String;Ljava/lang/String;)V @ 33
Event: 327.344 Thread 0x0000000003274000 Uncommon trap: reason=unstable_if action=reinterpret pc=0x00000000065296a0 method=org.joml.Matrix4f.determineProperties()Lorg/joml/Matrix4f; @ 48
Event: 327.344 Thread 0x0000000003274000 Uncommon trap: reason=null_check action=make_not_entrant pc=0x00000000081caea0 method=net.diebuddies.physics.PhysicsMod.getInstance(Lnet/minecraft/world/World;)Lnet/diebuddies/physics/PhysicsMod; @ 9
Event: 327.373 Thread 0x0000000003274000 Uncommon trap: reason=unstable_if action=reinterpret pc=0x000000000379ce60 method=net.minecraft.client.renderer.texture.NativeImage.func_195717_a(IZ)V @ 73
Event: 327.943 Thread 0x0000000003274000 Uncommon trap: reason=unstable_if action=reinterpret pc=0x0000000007b623e8 method=java.nio.Bits.copyFromArray(Ljava/lang/Object;JJJJ)V @ 18
Event: 328.043 Thread 0x0000000003274000 Uncommon trap: reason=unstable_if action=reinterpret pc=0x000000000bb48750 method=org.apache.logging.log4j.core.impl.ExtendedStackTraceElement.render(Ljava/lang/StackTraceElement;Ljava/lang/StringBuilder;Lorg/apache/logging/log4j/core/pattern/TextRenderer;˜J∞Ät@
Event: 328.043 Thread 0x0000000003274000 Uncommon trap: reason=unstable_if action=reinterpret pc=0x000000000bae4d2c method=org.apache.logging.log4j.core.impl.ExtendedStackTraceElement.render(Ljava/lang/StackTraceElement;Ljava/lang/StringBuilder;Lorg/apache/logging/log4j/core/pattern/TextRenderer;(¸≤¥Ät@
Event: 328.044 Thread 0x00000000252bf800 Uncommon trap: reason=unstable_if action=reinterpret pc=0x000000000e30efa0 method=dev.tr7zw.entityculling.CullTask.run()V @ 7

Internal exceptions (10 events):
Event: 327.226 Thread 0x00000000252c6800 Exception <a 'java/lang/IncompatibleClassChangeError': Found class java.lang.Object, but interface was expected> (0x0000000794909fe8) thrown at [C:\re\workspace\8-2-build-windows-amd64-cygwin\jdk8u51\3951\hotspot\src\share\vm\interpreter\linkResolver.cpp, 
Event: 327.300 Thread 0x0000000003274000 Exception <a 'java/lang/ClassNotFoundException': net.minecraft.client.gui.screen.IngameMenuScreen$$Lambda$16906/2110903557> (0x0000000796ddd048) thrown at [C:\re\workspace\8-2-build-windows-amd64-cygwin\jdk8u51\3951\hotspot\src\share\vm\prims\jni.cpp, line<Ù›≠Ãtt@
Event: 327.300 Thread 0x0000000003274000 Exception <a 'java/lang/ClassNotFoundException': net.minecraft.client.MouseHelper$$Lambda$18297/908316477> (0x0000000796ddd618) thrown at [C:\re\workspace\8-2-build-windows-amd64-cygwin\jdk8u51\3951\hotspot\src\share\vm\prims\jni.cpp, line 735]
Event: 327.300 Thread 0x0000000003274000 Exception <a 'java/lang/ClassNotFoundException': net.minecraft.client.MouseHelper$$Lambda$18295/42746068> (0x0000000796dddba8) thrown at [C:\re\workspace\8-2-build-windows-amd64-cygwin\jdk8u51\3951\hotspot\src\share\vm\prims\jni.cpp, line 735]
Event: 327.300 Thread 0x0000000003274000 Exception <a 'java/lang/ClassNotFoundException': net.minecraft.client.MouseHelper$$Lambda$13787/2125449452> (0x0000000796dde140) thrown at [C:\re\workspace\8-2-build-windows-amd64-cygwin\jdk8u51\3951\hotspot\src\share\vm\prims\jni.cpp, line 735]
Event: 327.300 Thread 0x0000000003274000 Exception <a 'java/lang/ClassNotFoundException': net.minecraftforge.fml.loading.FMLClientLaunchProvider$$Lambda$502/1280730191> (0x0000000796de3170) thrown at [C:\re\workspace\8-2-build-windows-amd64-cygwin\jdk8u51\3951\hotspot\src\share\vm\prims\jni.cpp, Êk‡Xut@
Event: 327.313 Thread 0x0000000003274000 Exception <a 'java/lang/NoSuchMethodError': java.lang.Object.func_210211_Z()Ljava/lang/String;> (0x0000000796e2eea8) thrown at [C:\re\workspace\8-2-build-windows-amd64-cygwin\jdk8u51\3951\hotspot\src\share\vm\interpreter\linkResolver.cpp, line 582]
Event: 327.313 Thread 0x0000000003274000 Exception <a 'java/lang/NoSuchMethodError': java.lang.Object.func_210215_Y()Ljava/lang/String;> (0x0000000796e35f68) thrown at [C:\re\workspace\8-2-build-windows-amd64-cygwin\jdk8u51\3951\hotspot\src\share\vm\interpreter\linkResolver.cpp, line 582]
Event: 327.344 Thread 0x0000000003274000 Implicit null exception at 0x00000000081cad07 to 0x00000000081cae91
Event: 328.042 Thread 0x0000000003274000 Exception <a 'java/lang/ClassNotFoundException': net.minecraftforge.fml.loading.FMLClientLaunchProvider$$Lambda$502/1280730191> (0x000000076a308050) thrown at [C:\re\workspace\8-2-build-windows-amd64-cygwin\jdk8u51\3951\hotspot\src\share\vm\prims\jni.cpp, Òês¨úst@

Events (10 events):
Event: 328.043 Thread 0x0000000003274000 DEOPT UNPACKING pc=0x00000000033b582a sp=0x000000000326e240 mode 2
Event: 328.043 Thread 0x0000000003274000 Uncommon trap: trap_request=0xffffff65 fr.pc=0x000000000bae4d2c
Event: 328.043 Thread 0x0000000003274000 DEOPT PACKING pc=0x000000000bae4d2c sp=0x000000000326e220
Event: 328.043 Thread 0x0000000003274000 DEOPT UNPACKING pc=0x00000000033b582a sp=0x000000000326e218 mode 2
Event: 328.044 Thread 0x00000000252bf800 Uncommon trap: trap_request=0xffffff65 fr.pc=0x000000000e30efa0
Event: 328.044 Thread 0x00000000252bf800 DEOPT PACKING pc=0x000000000e30efa0 sp=0x000000006a05f430
Event: 328.044 Thread 0x00000000252bf800 DEOPT UNPACKING pc=0x00000000033b582a sp=0x000000006a05f438 mode 2
Event: 328.044 Thread 0x00000000252bf800 Thread exited: 0x00000000252bf800
Event: 328.059 loading class java/util/AbstractList$SubList
Event: 328.059 loading class java/util/AbstractList$SubList done


Dynamic libraries:
0x00007ff626220000 - 0x00007ff626257000 	C:\Games\CurseForge\Minecraft\Install\runtime\jre-legacy\windows-x64\jre-legacy\bin\javaw.exe
0x00007ffde14b0000 - 0x00007ffde16a8000 	C:\Windows\SYSTEM32\ntdll.dll
0x00007ffddfe50000 - 0x00007ffddff0d000 	C:\Windows\System32\KERNEL32.DLL
0x00007ffddee80000 - 0x00007ffddf14e000 	C:\Windows\System32\KERNELBASE.dll
0x00007ffddffd0000 - 0x00007ffde007e000 	C:\Windows\System32\ADVAPI32.dll
0x00007ffde02b0000 - 0x00007ffde034e000 	C:\Windows\System32\msvcrt.dll
0x00007ffde07c0000 - 0x00007ffde085c000 	C:\Windows\System32\sechost.dll
0x00007ffde10e0000 - 0x00007ffde1205000 	C:\Windows\System32\RPCRT4.dll
0x00007ffde0110000 - 0x00007ffde02b0000 	C:\Windows\System32\USER32.dll
0x00007ffddf3e0000 - 0x00007ffddf402000 	C:\Windows\System32\win32u.dll
0x00007ffde0790000 - 0x00007ffde07ba000 	C:\Windows\System32\GDI32.dll
0x00007ffddec80000 - 0x00007ffdded8b000 	C:\Windows\System32\gdi32full.dll
0x00007ffddf340000 - 0x00007ffddf3dd000 	C:\Windows\System32\msvcp_win.dll
0x00007ffddf410000 - 0x00007ffddf510000 	C:\Windows\System32\ucrtbase.dll
0x00007ffdce800000 - 0x00007ffdcea9a000 	C:\Windows\WinSxS\amd64_microsoft.windows.common-controls_6595b64144ccf1df_6.0.19041.1110_none_60b5254171f9507e\COMCTL32.dll
0x00007ffde1430000 - 0x00007ffde1460000 	C:\Windows\System32\IMM32.DLL
0x0000000075120000 - 0x00000000751f2000 	C:\Games\CurseForge\Minecraft\Install\runtime\jre-legacy\windows-x64\jre-legacy\bin\msvcr100.dll
0x0000000074290000 - 0x0000000074b13000 	C:\Games\CurseForge\Minecraft\Install\runtime\jre-legacy\windows-x64\jre-legacy\bin\server\jvm.dll
0x00007ffddf5f0000 - 0x00007ffddf5f8000 	C:\Windows\System32\PSAPI.DLL
0x00007ffdb0ca0000 - 0x00007ffdb0ca9000 	C:\Windows\SYSTEM32\WSOCK32.dll
0x00007ffdd0120000 - 0x00007ffdd0147000 	C:\Windows\SYSTEM32\WINMM.dll
0x00007ffdd2500000 - 0x00007ffdd250a000 	C:\Windows\SYSTEM32\VERSION.dll
0x00007ffde13c0000 - 0x00007ffde142b000 	C:\Windows\System32\WS2_32.dll
0x0000000075110000 - 0x000000007511f000 	C:\Games\CurseForge\Minecraft\Install\runtime\jre-legacy\windows-x64\jre-legacy\bin\verify.dll
0x00000000750e0000 - 0x0000000075109000 	C:\Games\CurseForge\Minecraft\Install\runtime\jre-legacy\windows-x64\jre-legacy\bin\java.dll
0x00000000750c0000 - 0x00000000750d6000 	C:\Games\CurseForge\Minecraft\Install\runtime\jre-legacy\windows-x64\jre-legacy\bin\zip.dll
0x00007ffde0990000 - 0x00007ffde10d4000 	C:\Windows\System32\SHELL32.dll
0x00007ffddca10000 - 0x00007ffddd1a4000 	C:\Windows\SYSTEM32\windows.storage.dll
0x00007ffde0430000 - 0x00007ffde0784000 	C:\Windows\System32\combase.dll
0x00007ffdde630000 - 0x00007ffdde660000 	C:\Windows\SYSTEM32\Wldp.dll
0x00007ffde08c0000 - 0x00007ffde096d000 	C:\Windows\System32\SHCORE.dll
0x00007ffde0860000 - 0x00007ffde08b5000 	C:\Windows\System32\shlwapi.dll
0x00007ffddeb10000 - 0x00007ffddeb2f000 	C:\Windows\SYSTEM32\profapi.dll
0x00000000750b0000 - 0x00000000750bd000 	C:\Games\CurseForge\Minecraft\Install\runtime\jre-legacy\windows-x64\jre-legacy\bin\management.dll
0x0000000075090000 - 0x00000000750aa000 	C:\Games\CurseForge\Minecraft\Install\runtime\jre-legacy\windows-x64\jre-legacy\bin\net.dll
0x00007ffdde390000 - 0x00007ffdde3fa000 	C:\Windows\system32\mswsock.dll
0x00007ffdbabb0000 - 0x00007ffdbabc7000 	C:\Windows\system32\napinsp.dll
0x00007ffdb7bc0000 - 0x00007ffdb7bdb000 	C:\Windows\system32\pnrpnsp.dll
0x00007ffdd9c80000 - 0x00007ffdd9c95000 	C:\Windows\system32\wshbth.dll
0x00007ffdd9e30000 - 0x00007ffdd9e4d000 	C:\Windows\system32\NLAapi.dll
0x00007ffdde030000 - 0x00007ffdde06b000 	C:\Windows\SYSTEM32\IPHLPAPI.DLL
0x00007ffdde070000 - 0x00007ffdde13b000 	C:\Windows\SYSTEM32\DNSAPI.dll
0x00007ffde1460000 - 0x00007ffde1468000 	C:\Windows\System32\NSI.dll
0x00007ffdb6290000 - 0x00007ffdb62a2000 	C:\Windows\System32\winrnr.dll
0x00007ffdd7940000 - 0x00007ffdd794a000 	C:\Windows\System32\rasadhlp.dll
0x00007ffdcfd90000 - 0x00007ffdcfe10000 	C:\Windows\System32\fwpuclnt.dll
0x00007ffddee00000 - 0x00007ffddee27000 	C:\Windows\System32\bcrypt.dll
0x0000000075070000 - 0x0000000075081000 	C:\Games\CurseForge\Minecraft\Install\runtime\jre-legacy\windows-x64\jre-legacy\bin\nio.dll
0x0000000075040000 - 0x0000000075064000 	C:\Games\CurseForge\Minecraft\Install\runtime\jre-legacy\windows-x64\jre-legacy\bin\sunec.dll
0x00007ffdde580000 - 0x00007ffdde598000 	C:\Windows\SYSTEM32\CRYPTSP.dll
0x00007ffdddca0000 - 0x00007ffdddcd4000 	C:\Windows\system32\rsaenh.dll
0x00007ffddead0000 - 0x00007ffddeafe000 	C:\Windows\SYSTEM32\USERENV.dll
0x00007ffddf150000 - 0x00007ffddf1d2000 	C:\Windows\System32\bcryptprimitives.dll
0x00007ffdde5a0000 - 0x00007ffdde5ac000 	C:\Windows\SYSTEM32\CRYPTBASE.dll
0x00007ffdd3e90000 - 0x00007ffdd3ea7000 	C:\Windows\SYSTEM32\dhcpcsvc6.DLL
0x00007ffdd4200000 - 0x00007ffdd421d000 	C:\Windows\SYSTEM32\dhcpcsvc.DLL
0x00007ffdd0620000 - 0x00007ffdd0692000 	C:\Games\CurseForge\Minecraft\Install\bin\400bfa34b81004aabb21f7dd792d5eb2eb8d7b12\lwjgl.dll
0x00007ffd56b80000 - 0x00007ffd56dd1000 	C:\Games\CurseForge\Minecraft\Install\bin\400bfa34b81004aabb21f7dd792d5eb2eb8d7b12\jemalloc.dll
0x00007ffdd0530000 - 0x00007ffdd058e000 	C:\Games\CurseForge\Minecraft\Install\bin\400bfa34b81004aabb21f7dd792d5eb2eb8d7b12\glfw.dll
0x00007ffddb510000 - 0x00007ffddb5ae000 	C:\Windows\system32\uxtheme.dll
0x00007ffdaebf0000 - 0x00007ffdaec35000 	C:\Windows\SYSTEM32\dinput8.dll
0x00007ffdad800000 - 0x00007ffdad811000 	C:\Windows\SYSTEM32\xinput1_4.dll
0x00007ffddee30000 - 0x00007ffddee7e000 	C:\Windows\System32\cfgmgr32.dll
0x00007ffdde980000 - 0x00007ffdde9ac000 	C:\Windows\SYSTEM32\DEVOBJ.dll
0x00007ffddbac0000 - 0x00007ffddbaef000 	C:\Windows\SYSTEM32\dwmapi.dll
0x00007ffdc9870000 - 0x00007ffdc99c2000 	C:\Windows\SYSTEM32\inputhost.dll
0x00007ffde0350000 - 0x00007ffde041d000 	C:\Windows\System32\OLEAUT32.dll
0x00007ffdd9f50000 - 0x00007ffdda046000 	C:\Windows\SYSTEM32\PROPSYS.dll
0x00007ffdda360000 - 0x00007ffdda4b4000 	C:\Windows\SYSTEM32\wintypes.dll
0x00007ffddb1f0000 - 0x00007ffddb2e2000 	C:\Windows\SYSTEM32\CoreMessaging.dll
0x00007ffddae90000 - 0x00007ffddb1ee000 	C:\Windows\SYSTEM32\CoreUIComponents.dll
0x00007ffddd8c0000 - 0x00007ffddd8f3000 	C:\Windows\SYSTEM32\ntmarta.dll
0x00007ffddd450000 - 0x00007ffddd462000 	C:\Windows\SYSTEM32\kernel.appcore.dll
0x00007ffda9d60000 - 0x00007ffda9e99000 	C:\ProgramData\A-Volute\A-Volute.Nahimic\Modules\Scheduled\x64\AudioDevProps2.dll
0x00007ffddf600000 - 0x00007ffddf72a000 	C:\Windows\System32\ole32.dll
0x00007ffd82750000 - 0x00007ffd828a3000 	C:\Program Files (x86)\Stardock\Fences\FencesMenu64.dll
0x00007ffdd96b0000 - 0x00007ffdd96c4000 	C:\Windows\SYSTEM32\WTSAPI32.dll
0x00007ffdceaa0000 - 0x00007ffdcec45000 	C:\Windows\WinSxS\amd64_microsoft.windows.gdiplus_6595b64144ccf1df_1.1.19041.1706_none_919e8e54cc8d4ca1\gdiplus.dll
0x00007ffdce180000 - 0x00007ffdce298000 	C:\Program Files (x86)\Stardock\Groupy\groupy_64.dll
0x00007ffddf810000 - 0x00007ffddf925000 	C:\Windows\System32\MSCTF.dll
0x00007ffddd420000 - 0x00007ffddd42d000 	C:\Windows\SYSTEM32\HID.DLL
0x00007ffddf9e0000 - 0x00007ffddfe4f000 	C:\Windows\System32\SETUPAPI.DLL
0x00007ffdded90000 - 0x00007ffddedf7000 	C:\Windows\System32\WINTRUST.dll
0x00007ffddf1e0000 - 0x00007ffddf336000 	C:\Windows\System32\CRYPT32.dll
0x00007ffdde7c0000 - 0x00007ffdde7d2000 	C:\Windows\SYSTEM32\MSASN1.dll
0x00007ffd78a10000 - 0x00007ffd78b37000 	C:\Windows\SYSTEM32\opengl32.dll
0x00007ffd79170000 - 0x00007ffd7919c000 	C:\Windows\SYSTEM32\GLU32.dll
0x00007ffddf930000 - 0x00007ffddf9d9000 	C:\Windows\System32\clbcatq.dll
0x00007ffd426f0000 - 0x00007ffd4697a000 	C:\Windows\System32\DriverStore\FileRepository\nvlti.inf_amd64_f313b6b92f428254\nvoglv64.dll
0x00007ffdd24c0000 - 0x00007ffdd24f1000 	C:\Windows\SYSTEM32\cryptnet.dll
0x00007ffdd21b0000 - 0x00007ffdd22f8000 	C:\Windows\SYSTEM32\drvstore.dll
0x00007ffdd2560000 - 0x00007ffdd259b000 	C:\Windows\SYSTEM32\dxcore.dll
0x00007ffd99bc0000 - 0x00007ffd99e91000 	C:\Windows\system32\nvspcap64.dll
0x00007ffdde1a0000 - 0x00007ffdde1eb000 	C:\Windows\SYSTEM32\powrprof.dll
0x00007ffdde010000 - 0x00007ffdde022000 	C:\Windows\SYSTEM32\UMPDC.dll
0x00007ffddd970000 - 0x00007ffddd9ca000 	C:\Windows\SYSTEM32\WINSTA.dll
0x00007ffdcf5d0000 - 0x00007ffdcf64f000 	C:\Games\CurseForge\Minecraft\Install\bin\400bfa34b81004aabb21f7dd792d5eb2eb8d7b12\lwjgl_stb.dll
0x00007ffdd8ad0000 - 0x00007ffdd8b7e000 	C:\Windows\SYSTEM32\mscms.dll
0x00007ffdd8a50000 - 0x00007ffdd8a61000 	C:\Windows\SYSTEM32\ColorAdapterClient.dll
0x00007ffdda310000 - 0x00007ffdda353000 	C:\Windows\SYSTEM32\icm32.dll
0x00007ffdc9770000 - 0x00007ffdc9869000 	C:\Windows\SYSTEM32\textinputframework.dll
0x00007ffdd7060000 - 0x00007ffdd70c6000 	C:\Windows\system32\Oleacc.dll
0x00007ffdce590000 - 0x00007ffdce5e8000 	C:\Games\CurseForge\Minecraft\Install\bin\400bfa34b81004aabb21f7dd792d5eb2eb8d7b12\lwjgl_opengl.dll
0x00007ffd5ab40000 - 0x00007ffd5ab82000 	C:\Users\NukelordBrown\AppData\Local\Temp\jna--1590639904\jna6363491482446903535.dll
0x0000000075030000 - 0x000000007503c000 	C:\Games\CurseForge\Minecraft\Install\runtime\jre-legacy\windows-x64\jre-legacy\bin\jsound.dll
0x0000000075020000 - 0x000000007502b000 	C:\Games\CurseForge\Minecraft\Install\runtime\jre-legacy\windows-x64\jre-legacy\bin\jsoundds.dll
0x00007ffdcb300000 - 0x00007ffdcb39c000 	C:\Windows\SYSTEM32\DSOUND.dll
0x00007ffdcb200000 - 0x00007ffdcb226000 	C:\Windows\SYSTEM32\winmmbase.dll
0x00007ffdd81f0000 - 0x00007ffdd8275000 	C:\Windows\SYSTEM32\MMDevAPI.DLL
0x00007ffd05eb0000 - 0x00007ffd05ef6000 	C:\Windows\SYSTEM32\wdmaud.drv
0x00007ffdd7c80000 - 0x00007ffdd7c89000 	C:\Windows\SYSTEM32\ksuser.dll
0x00007ffddd430000 - 0x00007ffddd43a000 	C:\Windows\SYSTEM32\AVRT.dll
0x00007ffdd8550000 - 0x00007ffdd86d2000 	C:\Windows\SYSTEM32\AUDIOSES.DLL
0x00007ffdd0820000 - 0x00007ffdd082d000 	C:\Windows\SYSTEM32\msacm32.drv
0x00007ffda9d10000 - 0x00007ffda9d2e000 	C:\Windows\SYSTEM32\MSACM32.dll
0x00007ffdb1850000 - 0x00007ffdb185b000 	C:\Windows\SYSTEM32\midimap.dll
0x00007ffd25ae0000 - 0x00007ffd25d46000 	C:\Users\NukelordBrown\AppData\Local\Temp\de.fabmax.physx-jni\0.4.15\PhysX_64.dll
0x00007ffd47cb0000 - 0x00007ffd47e87000 	C:\Users\NukelordBrown\AppData\Local\Temp\de.fabmax.physx-jni\0.4.15\PhysXCommon_64.dll
0x00007ffd49360000 - 0x00007ffd4940a000 	C:\Users\NukelordBrown\AppData\Local\Temp\de.fabmax.physx-jni\0.4.15\PhysXCooking_64.dll
0x00007ffd4d4a0000 - 0x00007ffd4d531000 	C:\Users\NukelordBrown\AppData\Local\Temp\de.fabmax.physx-jni\0.4.15\PhysXFoundation_64.dll
0x00007ffd24fd0000 - 0x00007ffd251d4000 	C:\Users\NukelordBrown\AppData\Local\Temp\de.fabmax.physx-jni\0.4.15\PhysXJniBindings_64.dll
0x00007ffd68960000 - 0x00007ffd689c7000 	C:\ProgramData\A-Volute\A-Volute.Nahimic\Modules\Scheduled\x64\ProductInfo.dll
0x00007ffd66e40000 - 0x00007ffd66e83000 	C:\ProgramData\A-Volute\A-Volute.Nahimic\Modules\Scheduled\x64\ASM.Plugin.AudioDevProps2.dll
0x0000000074e80000 - 0x0000000075018000 	C:\Games\CurseForge\Minecraft\Install\runtime\jre-legacy\windows-x64\jre-legacy\bin\awt.dll
0x00007ffddb420000 - 0x00007ffddb4b0000 	C:\Windows\SYSTEM32\apphelp.dll
0x00007ffddb870000 - 0x00007ffddb884000 	C:\Windows\SYSTEM32\resourcepolicyclient.dll
0x00007ffd492c0000 - 0x00007ffd4935c000 	C:\Users\NUKELO~1\AppData\Local\Temp\jna--1590639904\jna8190559851837449416.dll
0x00007ffdc99d0000 - 0x00007ffdc9b11000 	C:\Windows\System32\Windows.UI.dll

VM Arguments:
jvm_args: -XX:HeapDumpPath=MojangTricksIntelDriversForPerformance_javaw.exe_minecraft.exe.heapdump -Dos.name=Windows 10 -Dos.version=10.0 -Xss1M -Djava.library.path=C:\Games\CurseForge\Minecraft\Install\bin\400bfa34b81004aabb21f7dd792d5eb2eb8d7b12 -Dminecraft.launcher.brand=minecraft-launcher -Dminecraft.launcher.version=2.5.9 -Xmx5088m -Xms256m -Dminecraft.applet.TargetDirectory=C:\Games\CurseForge\Minecraft\Instances\Blood-N-Wine-2 -Dfml.ignorePatchDiscrepancies=true -Dfml.ignoreInvalidMinecraftCertificates=true -Duser.language=en -Duser.country=US -Dlog4j.configurationFile=C:\Games\CurseForge\Minecraft\Install\assets\log_configs\client-1.12.xml 
java_command: cpw.mods.modlauncher.Launcher --username Nukelord420 --version forge-36.2.35 --gameDir C:\Games\CurseForge\Minecraft\Instances\Blood-N-Wine-2 --assetsDir C:\Games\CurseForge\Minecraft\Install\assets --assetIndex 1.16 --uuid 29e423c126c942d89e776772bd06df02 --accessToken eyJraWQiOiJhYzg0YSIsImFsZyI6IkhTMjU2In0.eyJ4dWlkIjoiMjUzNTQyODE5MjM2MjEyNiIsImFnZyI6IkFkdWx0Iiwic3ViIjoiZmNhNGVlNjItYzI4Zi00NzI0LWJkZTktNGU3ZDBiYWQ0ODBjIiwiYXV0aCI6IlhCT1giLCJucyI6ImRlZmF1bHQiLCJyb2xlcyI6W10sImlzcyI6ImF1dGhlbnRpY2F0aW9uIiwiZmxhZ3MiOlsidHdvZmFjdG9yYXV0aCIsIm9yZGVyc18yMDIyIl0sInBsYXRmb3JtIjoiUENfTEFVTkNIRVIiLCJ5dWlkIjoiN2E0ZDMwMTk4Mjc4NDZjY2I2Y2Q3Y2Y4ODY3NDljMGUiLCJuYmYiOjE2ODk4MTg2NjUsImV4cCI6MTY4OTkwNTA2NSwiaWF0IjoxNjg5ODE4NjY1fQ.D9nHEtSSuheBsF_1hr8yhXPPkCtWzi5evQ_UTlno9RE --userType msa --versionType release --width 1024 --height 768 --launchTarget fmlclient --fml.forgeVersion 36.2.35 --fml.mcVersion 1.16.5 --fml.forgeGroup net.minecraftforge --fml.mcpVersion 20210115.111550
java_class_path (initial): C:\Games\CurseForge\Minecraft\Install\libraries\net\minecraftforge\forge\1.16.5-36.2.35\forge-1.16.5-36.2.35.jar;C:\Games\CurseForge\Minecraft\Install\libraries\org\ow2\asm\asm\9.1\asm-9.1.jar;C:\Games\CurseForge\Minecraft\Install\libraries\org\ow2\asm\asm-commons\9.1\asm-commons-9.1.jar;C:\Games\CurseForge\Minecraft\Install\libraries\org\ow2\asm\asm-tree\9.1\asm-tree-9.1.jar;C:\Games\CurseForge\Minecraft\Install\libraries\org\ow2\asm\asm-util\9.1\asm-util-9.1.jar;C:\Games\CurseForge\Minecraft\Install\libraries\org\ow2\asm\asm-analysis\9.1\asm-analysis-9.1.jar;C:\Games\CurseForge\Minecraft\Install\libraries\cpw\mods\modlauncher\8.1.3\modlauncher-8.1.3.jar;C:\Games\CurseForge\Minecraft\Install\libraries\cpw\mods\grossjava9hacks\1.3.3\grossjava9hacks-1.3.3.jar;C:\Games\CurseForge\Minecraft\Install\libraries\net\minecraftforge\accesstransformers\3.0.1\accesstransformers-3.0.1.jar;C:\Games\CurseForge\Minecraft\Install\libraries\org\antlr\antlr4-runtime\4.9.1\antlr4-runtime-4.9.1.jar;C:\Games\CurseForge\Minecraft\Install\libraries\net\minecraftforge\eventbus\4.0.0\eventbus-4.0.0.jar;C:\Games\CurseForge\Minecraft\Install\libraries\net\minecraftforge\forgespi\3.2.0\forgespi-3.2.0.jar;C:\Games\CurseForge\Minecraft\Install\libraries\net\minecraftforge\coremods\4.0.6\coremods-4.0.6.jar;C:\Games\CurseForge\Minecraft\Install\libraries\net\minecraftforge\unsafe\0.2.0\unsafe-0.2.0.jar;C:\Games\CurseForge\Minecraft\Install\libraries\com\electronwill\night-config\core\3.6.3\core-3.6.3.jar;C:\Games\CurseForge\Minecraft\Install\libraries\com\electronwill\night-config\toml\3.6.3\toml-3.6.3.jar;C:\Games\CurseForge\Minecraft\Install\libraries\org\jline\jline\3.12.1\jline-3.12.1.jar;C:\Games\CurseForge\Minecraft\Install\libraries\org\apache\maven\maven-artifact\3.6.3\maven-artifact-3.6.3.jar;C:\Games\CurseForge\Minecraft\Install\libraries\net\jodah\typetools\0.8.3\typetools-0.8.3.jar;C:\Games\CurseForge\Minecraft\Install\libraries\org\apache\logging\log4j\log
Launcher Type: SUN_STANDARD

Environment Variables:
PATH=C:\VulkanSDK\1.3.236.0\Bin;C:\Program Files (x86)\Razer Chroma SDK\bin;C:\Program Files\Razer Chroma SDK\bin;C:\Program Files\Common Files\Oracle\Java\javapath;C:\Program Files (x86)\Common Files\Oracle\Java\javapath;C:\Program Files (x86)\Razer\ChromaBroadcast\bin;C:\Program Files\Razer\ChromaBroadcast\bin;C:\Windows\system32;C:\Windows;C:\Windows\System32\Wbem;C:\Windows\System32\WindowsPowerShell\v1.0\;C:\Windows\System32\OpenSSH\;C:\Program Files (x86)\NVIDIA Corporation\PhysX\Common;C:\Program Files\NVIDIA Corporation\NVIDIA NvDLISR;C:\Program Files\PuTTY\;C:\Windows\system32\config\systemprofile\AppData\Local\Microsoft\WindowsApps;C:\Program Files\dotnet\;C:\Program Files\Common Files\Autodesk Shared\;C:\Program Files\Microsoft SQL Server\120\Tools\Binn\;G:\Bethesda-Game-Modding-Tools\Ruby26-x64\bin;C:\Users\NukelordBrown\AppData\Local\Programs\Python\Python310\Scripts\;C:\Users\NukelordBrown\AppData\Local\Programs\Python\Python310\;C:\Users\NukelordBrown\AppData\Local\Microsoft\WindowsApps;C:\Users\NukelordBrown\AppData\Local\Programs\Microsoft VS Code\bin;C:\Users\NukelordBrown\.dotnet\tools;C:\Users\NukelordBrown\AppData\Local\GitHubDesktop\bin;C:\Program Files\Perforce\;C:\Program Files\Git\cmd;G:\Bethesda-Game-Modding-Tools\Ruby26-x64\bin;C:\Users\NukelordBrown\AppData\Local\Programs\Python\Python310\Scripts\;C:\Users\NukelordBrown\AppData\Local\Programs\Python\Python310\;C:\Users\NukelordBrown\AppData\Local\Microsoft\WindowsApps;C:\Users\NukelordBrown\AppData\Local\Programs\Microsoft VS Code\bin;C:\Users\NukelordBrown\.dotnet\tools;C:\Users\NukelordBrown\AppData\Local\GitHubDesktop\bin
USERNAME=NukelordBrown
OS=Windows_NT
PROCESSOR_IDENTIFIER=AMD64 Family 25 Model 80 Stepping 0, AuthenticAMD



---------------  S Y S T E M  ---------------

OS: Windows 10.0 , 64 bit Build 19041 (10.0.19041.1806)

CPU:total 16 (16 cores per cpu, 1 threads per core) family 25 model 80 stepping 0, cmov, cx8, fxsr, mmx, sse, sse2, sse3, ssse3, sse4.1, sse4.2, popcnt, avx, avx2, aes, clmul, erms, mmxext, 3dnowpref, lzcnt, sse4a, tsc, tscinvbit, tscinv, bmi1

Memory: 4k page, physical 33402940k(10959720k free), swap 40617040k(4570340k free)

vm_info: Java HotSpot(TM) 64-Bit Server VM (25.51-b03) for windows-amd64 JRE (1.8.0_51-b16), built on Jun  8 2015 18:03:07 by "java_re" with MS VC++ 10.0 (VS2010)

time: Wed Jul 19 19:10:02 2023
elapsed time: 328 seconds (0d 0h 5m 28s)

