#
# A fatal error has been detected by the Java Runtime Environment:
#
#  EXCEPTION_ACCESS_VIOLATION (0xc0000005) at pc=0x00007ffd48043716, pid=51796, tid=54780
#
# JRE version: Java(TM) SE Runtime Environment (8.0_51-b16) (build 1.8.0_51-b16)
# Java VM: Java HotSpot(TM) 64-Bit Server VM (25.51-b03 mixed mode windows-amd64 compressed oops)
# Problematic frame:
# C  [PhysXJniBindings_64.dll+0x53716]
#
# Failed to write core dump. Minidumps are not enabled by default on client versions of Windows
#
# If you would like to submit a bug report, please visit:
#   http://bugreport.java.com/bugreport/crash.jsp
# The crash happened outside the Java Virtual Machine in native code.
# See problematic frame for where to report the bug.
#

---------------  T H R E A D  ---------------

Current thread (0x0000000003494000):  JavaThread "Render thread" [_thread_in_native, id=54780, stack(0x0000000003300000,0x0000000003400000)]

siginfo: ExceptionCode=0xc0000005, reading address 0x0000000000000000

Registers:
RAX=0x0000000000000000, RBX=0x0000000000000018, RCX=0x0000000000000000, RDX=0x0000000000000000
RSP=0x00000000033fdb70, RBP=0x00000000033fdc20, RSI=0x0000000000000003, RDI=0x0000000000000000
R8 =0x0000000000000003, R9 =0x00000000253f82c0, R10=0x00000000035a57c8, R11=0x00000000744b7bb0
R12=0x0000000000000000, R13=0x00000000429b6c98, R14=0x00000000033fdc40, R15=0x0000000003494000
RIP=0x00007ffd48043716, EFLAGS=0x0000000000010206

Top of Stack: (sp=0x00000000033fdb70)
0x00000000033fdb70:   00000006c3c8a5f0 00000006920c0000
0x00000000033fdb80:   00000006984c3b80 d30987d448108adb
0x00000000033fdb90:   00000007609ecf90 0000000006a0a443
0x00000000033fdba0:   0000000003597ced 00000000035a57f4
0x00000000033fdbb0:   00000000429b6c98 00000006984c3d40
0x00000000033fdbc0:   0000000000000000 00000000033fdc30
0x00000000033fdbd0:   00000001553bfe78 0000000000000000
0x00000000033fdbe0:   00000000033fdbe0 0000000000000000
0x00000000033fdbf0:   00000000033fdc40 00000000429b8910
0x00000000033fdc00:   0000000000000000 00000000429b6c98
0x00000000033fdc10:   0000000000000000 00000000033fdc40
0x00000000033fdc20:   00000000033fdc88 0000000003597800
0x00000000033fdc30:   000000069818d9c8 000000000359f977
0x00000000033fdc40:   0000000000000003 00000000033fdc48
0x00000000033fdc50:   00000000429b6bf1 00000000033fdc98
0x00000000033fdc60:   00000000429b8910 0000000000000000 

Instructions: (pc=0x00007ffd48043716)
0x00007ffd480436f6:   89 74 24 10 57 48 83 ec 30 48 8b fa 8b f1 ff 15
0x00007ffd48043706:   86 3c 19 00 48 8b d8 ff 15 35 3c 19 00 48 8b c8
0x00007ffd48043716:   4c 8b 00 41 ff 50 28 84 c0 75 09 48 8d 05 a0 5e
0x00007ffd48043726:   12 00 eb 13 48 8d 15 8f 3f 19 00 48 8d 0d 20 2d 


Register to memory mapping:

RAX=0x0000000000000000 is an unknown value
RBX=0x0000000000000018 is an unknown value
RCX=0x0000000000000000 is an unknown value
RDX=0x0000000000000000 is an unknown value
RSP=0x00000000033fdb70 is pointing into the stack for thread: 0x0000000003494000
RBP=0x00000000033fdc20 is pointing into the stack for thread: 0x0000000003494000
RSI=0x0000000000000003 is an unknown value
RDI=0x0000000000000000 is an unknown value
R8 =0x0000000000000003 is an unknown value
R9 =0x00000000253f82c0 is an unknown value
R10=0x00000000035a57c8 is at code_begin+840 in an Interpreter codelet
method entry point (kind = native)  [0x00000000035a5480, 0x00000000035a5de0]  2400 bytes
R11=0x00000000744b7bb0 is an unknown value
R12=0x0000000000000000 is an unknown value
R13={method} {0x00000000429b6ca0} '_DefaultCpuDispatcherCreate' '(I)J' in 'physx/PxTopLevelFunctions'
R14=0x00000000033fdc40 is pointing into the stack for thread: 0x0000000003494000
R15=0x0000000003494000 is a thread


Stack: [0x0000000003300000,0x0000000003400000],  sp=0x00000000033fdb70,  free space=1014k
Native frames: (J=compiled Java code, j=interpreted, Vv=VM code, C=native code)
C  [PhysXJniBindings_64.dll+0x53716]
C  0x00000000035a57f4

Java frames: (J=compiled Java code, j=interpreted, Vv=VM code)
j  physx.PxTopLevelFunctions._DefaultCpuDispatcherCreate(I)J+0
j  physx.PxTopLevelFunctions.DefaultCpuDispatcherCreate(I)Lphysx/extensions/PxDefaultCpuDispatcher;+1
J 56389 C2 net.minecraft.client.renderer.WorldRenderer.handler$bjd000$renderChunkLayerSolid(Lnet/minecraft/client/renderer/RenderType;Lcom/mojang/blaze3d/matrix/MatrixStack;DDDLorg/spongepowered/asm/mixin/injection/callback/CallbackInfo;)V (721 bytes) @ 0x000000000cbe3ad0 [0x000000000cbe0de0+0x2cf0]
J 51813 C2 net.minecraft.client.renderer.WorldRenderer.func_228441_a_(Lnet/minecraft/client/renderer/RenderType;Lcom/mojang/blaze3d/matrix/MatrixStack;DDD)V (186 bytes) @ 0x000000000c48cd9c [0x000000000c48c120+0xc7c]
J 52825 C2 net.coderbot.iris.pipeline.ShadowRenderer.renderShadows(Lnet/coderbot/iris/mixin/LevelRendererAccessor;Lnet/minecraft/client/renderer/ActiveRenderInfo;)V (808 bytes) @ 0x000000000ba905f0 [0x000000000ba8fb20+0xad0]
J 52802 C2 net.minecraft.client.renderer.WorldRenderer.handler$zpb000$iris$renderTerrainShadows(Lcom/mojang/blaze3d/matrix/MatrixStack;FJZLnet/minecraft/client/renderer/ActiveRenderInfo;Lnet/minecraft/client/renderer/GameRenderer;Lnet/minecraft/client/renderer/LightTexture;Lnet/minecraft/util/math/vector/Matrix4f;Lorg/spongepowered/asm/mixin/injection/callback/CallbackInfo;)V (16 bytes) @ 0x000000000bdff740 [0x000000000bdff6c0+0x80]
j  net.minecraft.client.renderer.WorldRenderer.func_228426_a_(Lcom/mojang/blaze3d/matrix/MatrixStack;FJZLnet/minecraft/client/renderer/ActiveRenderInfo;Lnet/minecraft/client/renderer/GameRenderer;Lnet/minecraft/client/renderer/LightTexture;Lnet/minecraft/util/math/vector/Matrix4f;)V+880
j  net.minecraft.client.renderer.GameRenderer.func_228378_a_(FJLcom/mojang/blaze3d/matrix/MatrixStack;)V+620
j  net.minecraft.client.renderer.GameRenderer.func_195458_a(FJZ)V+250
J 58383 C2 net.minecraft.client.Minecraft.func_195542_b(Z)V (1013 bytes) @ 0x000000000d1ba3c4 [0x000000000d1b8b20+0x18a4]
j  net.minecraft.client.Minecraft.handler$cdh000$unloadWorldScreenshot(Lnet/minecraft/client/gui/screen/Screen;Lorg/spongepowered/asm/mixin/injection/callback/CallbackInfo;)V+21
j  net.minecraft.client.Minecraft.func_213231_b(Lnet/minecraft/client/gui/screen/Screen;)V+49
j  net.minecraft.client.Minecraft.func_213254_o()V+8
j  net.minecraft.client.Minecraft.func_71405_e()V+66
j  net.minecraft.client.main.Main.main([Ljava/lang/String;)V+1445
v  ~StubRoutines::call_stub
j  sun.reflect.NativeMethodAccessorImpl.invoke0(Ljava/lang/reflect/Method;Ljava/lang/Object;[Ljava/lang/Object;)Ljava/lang/Object;+0
j  sun.reflect.NativeMethodAccessorImpl.invoke(Ljava/lang/Object;[Ljava/lang/Object;)Ljava/lang/Object;+100
J 2389 C1 sun.reflect.DelegatingMethodAccessorImpl.invoke(Ljava/lang/Object;[Ljava/lang/Object;)Ljava/lang/Object; (10 bytes) @ 0x0000000003ebc14c [0x0000000003ebc040+0x10c]
J 2388 C1 java.lang.reflect.Method.invoke(Ljava/lang/Object;[Ljava/lang/Object;)Ljava/lang/Object; (62 bytes) @ 0x0000000003ebc8ec [0x0000000003ebc500+0x3ec]
j  net.minecraftforge.fml.loading.FMLClientLaunchProvider.lambda$launchService$0(Lcpw/mods/modlauncher/api/ITransformingClassLoader;[Ljava/lang/String;)Ljava/lang/Void;+50
j  net.minecraftforge.fml.loading.FMLClientLaunchProvider$$Lambda$502.call()Ljava/lang/Object;+12
j  cpw.mods.modlauncher.LaunchServiceHandlerDecorator.launch([Ljava/lang/String;Lcpw/mods/modlauncher/api/ITransformingClassLoader;)V+11
j  cpw.mods.modlauncher.LaunchServiceHandler.launch(Ljava/lang/String;[Ljava/lang/String;Lcpw/mods/modlauncher/TransformingClassLoader;Lcpw/mods/modlauncher/LaunchPluginHandler;)V+57
j  cpw.mods.modlauncher.LaunchServiceHandler.launch(Lcpw/mods/modlauncher/ArgumentHandler;Lcpw/mods/modlauncher/TransformingClassLoader;Lcpw/mods/modlauncher/LaunchPluginHandler;)V+19
j  cpw.mods.modlauncher.Launcher.run([Ljava/lang/String;)V+116
j  cpw.mods.modlauncher.Launcher.main([Ljava/lang/String;)V+37
v  ~StubRoutines::call_stub

---------------  P R O C E S S  ---------------

Java Threads: ( => current thread )
  0x00000000cb51d000 JavaThread "IO-Worker-40" [_thread_blocked, id=28892, stack(0x0000000040df0000,0x0000000040ef0000)]
  0x00000000cb510000 JavaThread "IO-Worker-39" [_thread_blocked, id=14976, stack(0x000000003d4b0000,0x000000003d5b0000)]
  0x00000000cb511800 JavaThread "Worker-Main-38" daemon [_thread_blocked, id=16004, stack(0x0000000099350000,0x0000000099450000)]
  0x00000000cb511000 JavaThread "Worker-Main-37" daemon [_thread_blocked, id=41908, stack(0x0000000096a50000,0x0000000096b50000)]
  0x00000000cb516000 JavaThread "Worker-Main-36" daemon [_thread_blocked, id=31640, stack(0x0000000054780000,0x0000000054880000)]
  0x00000000cb50e800 JavaThread "Worker-Main-35" daemon [_thread_blocked, id=30156, stack(0x0000000040bf0000,0x0000000040cf0000)]
  0x00000000cb50c800 JavaThread "Worker-Main-34" daemon [_thread_blocked, id=27048, stack(0x0000000040af0000,0x0000000040bf0000)]
  0x00000000cb505000 JavaThread "Worker-Main-33" daemon [_thread_blocked, id=25128, stack(0x00000000409f0000,0x0000000040af0000)]
  0x00000000cb514000 JavaThread "Netty Server IO #2" daemon [_thread_in_native, id=50108, stack(0x000000008d150000,0x000000008d250000)]
  0x00000000cb512800 JavaThread "ForkJoinPool.commonPool-worker-7" daemon [_thread_blocked, id=24244, stack(0x000000015b3a0000,0x000000015b4a0000)]
  0x00000000cb50f800 JavaThread "ForkJoinPool.commonPool-worker-0" daemon [_thread_blocked, id=33012, stack(0x000000015b2a0000,0x000000015b3a0000)]
  0x00000000cb505800 JavaThread "ForkJoinPool.commonPool-worker-14" daemon [_thread_blocked, id=14348, stack(0x000000015afa0000,0x000000015b0a0000)]
  0x00000000cb50b000 JavaThread "ForkJoinPool.commonPool-worker-8" daemon [_thread_blocked, id=44680, stack(0x000000015aba0000,0x000000015aca0000)]
  0x00000000cb50a000 JavaThread "ForkJoinPool.commonPool-worker-15" daemon [_thread_blocked, id=7136, stack(0x000000015a6a0000,0x000000015a7a0000)]
  0x00000000cb50b800 JavaThread "ForkJoinPool.commonPool-worker-6" daemon [_thread_blocked, id=5244, stack(0x000000015a5a0000,0x000000015a6a0000)]
  0x00000000327e6000 JavaThread "Worker-Main-28" daemon [_thread_blocked, id=12580, stack(0x0000000058000000,0x0000000058100000)]
  0x000000006c767800 JavaThread "Litematica Chunk Batcher 15" daemon [_thread_blocked, id=37092, stack(0x00000000e1a00000,0x00000000e1b00000)]
  0x000000006c76e800 JavaThread "Litematica Chunk Batcher 14" daemon [_thread_blocked, id=5272, stack(0x00000000e1900000,0x00000000e1a00000)]
  0x000000006c76c000 JavaThread "Litematica Chunk Batcher 13" daemon [_thread_blocked, id=42580, stack(0x00000000e1800000,0x00000000e1900000)]
  0x000000006c76d800 JavaThread "Litematica Chunk Batcher 12" daemon [_thread_blocked, id=38056, stack(0x00000000e1700000,0x00000000e1800000)]
  0x000000006c767000 JavaThread "Litematica Chunk Batcher 11" daemon [_thread_blocked, id=56980, stack(0x00000000e1600000,0x00000000e1700000)]
  0x000000006c76d000 JavaThread "Litematica Chunk Batcher 10" daemon [_thread_blocked, id=43752, stack(0x00000000e1500000,0x00000000e1600000)]
  0x000000006c76b800 JavaThread "Litematica Chunk Batcher 9" daemon [_thread_blocked, id=24152, stack(0x00000000e1400000,0x00000000e1500000)]
  0x000000006c76a800 JavaThread "Litematica Chunk Batcher 8" daemon [_thread_blocked, id=46252, stack(0x00000000e1300000,0x00000000e1400000)]
  0x000000006c75f800 JavaThread "Litematica Chunk Batcher 7" daemon [_thread_blocked, id=16748, stack(0x00000000e1200000,0x00000000e1300000)]
  0x000000006c766000 JavaThread "Litematica Chunk Batcher 6" daemon [_thread_blocked, id=17956, stack(0x00000000e1100000,0x00000000e1200000)]
  0x000000006c761800 JavaThread "Litematica Chunk Batcher 5" daemon [_thread_blocked, id=33400, stack(0x00000000deec0000,0x00000000defc0000)]
  0x000000006c765800 JavaThread "Litematica Chunk Batcher 4" daemon [_thread_blocked, id=40076, stack(0x00000000dedc0000,0x00000000deec0000)]
  0x000000006c764000 JavaThread "Litematica Chunk Batcher 3" daemon [_thread_blocked, id=43840, stack(0x00000000decc0000,0x00000000dedc0000)]
  0x000000006c763000 JavaThread "Litematica Chunk Batcher 2" daemon [_thread_blocked, id=52184, stack(0x00000000debc0000,0x00000000decc0000)]
  0x000000006c760000 JavaThread "Litematica Chunk Batcher 1" daemon [_thread_blocked, id=45064, stack(0x00000000deac0000,0x00000000debc0000)]
  0x000000006c761000 JavaThread "Litematica Chunk Batcher 0" daemon [_thread_blocked, id=33380, stack(0x00000000de9c0000,0x00000000deac0000)]
  0x000000006c75e800 JavaThread "Chunk Render Task Executor #9" [_thread_blocked, id=26316, stack(0x00000000de8c0000,0x00000000de9c0000)]
  0x000000006c762800 JavaThread "Chunk Render Task Executor #8" [_thread_blocked, id=29176, stack(0x00000000de7c0000,0x00000000de8c0000)]
  0x000000006c757000 JavaThread "Chunk Render Task Executor #7" [_thread_blocked, id=15216, stack(0x00000000de6c0000,0x00000000de7c0000)]
  0x000000006c75e000 JavaThread "Chunk Render Task Executor #6" [_thread_blocked, id=49032, stack(0x00000000dd3d0000,0x00000000dd4d0000)]
  0x000000006c756800 JavaThread "Chunk Render Task Executor #5" [_thread_blocked, id=2268, stack(0x00000000dd2d0000,0x00000000dd3d0000)]
  0x000000006c75d000 JavaThread "Chunk Render Task Executor #4" [_thread_blocked, id=31320, stack(0x00000000dd1d0000,0x00000000dd2d0000)]
  0x000000006c75b800 JavaThread "Chunk Render Task Executor #3" [_thread_blocked, id=19596, stack(0x00000000cf990000,0x00000000cfa90000)]
  0x000000006c75c800 JavaThread "Chunk Render Task Executor #2" [_thread_blocked, id=15476, stack(0x00000000b1ad0000,0x00000000b1bd0000)]
  0x000000006c755000 JavaThread "Chunk Render Task Executor #1" [_thread_blocked, id=35600, stack(0x000000009fbc0000,0x000000009fcc0000)]
  0x000000006c759800 JavaThread "Chunk Render Task Executor #0" [_thread_blocked, id=59972, stack(0x0000000040cf0000,0x0000000040df0000)]
  0x000000006c758800 JavaThread "Sound engine" daemon [_thread_blocked, id=58456, stack(0x0000000053400000,0x0000000053500000)]
  0x000000004339d000 JavaThread "Netty Server IO #1" daemon [_thread_in_native, id=3656, stack(0x00000000408f0000,0x00000000409f0000)]
  0x0000000043398800 JavaThread "Netty Local Client IO #0" daemon [_thread_blocked, id=37436, stack(0x00000000407f0000,0x00000000408f0000)]
  0x000000004339c000 JavaThread "Netty Server IO #0" daemon [_thread_in_native, id=51296, stack(0x0000000053750000,0x0000000053850000)]
  0x000000004339f000 JavaThread "ObjectCleanerThread" daemon [_thread_blocked, id=16264, stack(0x0000000053200000,0x0000000053300000)]
  0x0000000031ed9000 JavaThread "Thread-68" daemon [_thread_in_native, id=56708, stack(0x000000008d890000,0x000000008d990000)]
  0x00000000327eb000 JavaThread "Server thread" [_thread_in_Java, id=39008, stack(0x000000008d620000,0x000000008d720000)]
  0x00000000327e9000 JavaThread "Snooper Timer" daemon [_thread_blocked, id=5868, stack(0x0000000053500000,0x0000000053600000)]
  0x0000000031fae000 JavaThread "TF-Scheduler" [_thread_blocked, id=52304, stack(0x000000003cf90000,0x000000003d090000)]
  0x00000000471ff000 JavaThread "lava-daemon-pool-playback-4-thread-1" daemon [_thread_blocked, id=32068, stack(0x000000009aca0000,0x000000009ada0000)]
  0x0000000047201000 JavaThread "spark-worker-pool-1-thread-4" daemon [_thread_blocked, id=7824, stack(0x0000000053300000,0x0000000053400000)]
  0x00000000471f8000 JavaThread "spark-worker-pool-1-thread-3" daemon [_thread_blocked, id=17652, stack(0x000000006b4c0000,0x000000006b5c0000)]
  0x00000000439c9000 JavaThread "Thread-62" daemon [_thread_blocked, id=53828, stack(0x000000006ada0000,0x000000006aea0000)]
  0x0000000031fb1800 JavaThread "Java2D Disposer" daemon [_thread_blocked, id=38716, stack(0x000000006a9c0000,0x000000006aac0000)]
  0x0000000031fb3000 JavaThread "Thread-60" daemon [_thread_blocked, id=51220, stack(0x000000006a6c0000,0x000000006a7c0000)]
  0x0000000031faf800 JavaThread "spark-worker-pool-1-thread-2" daemon [_thread_blocked, id=52824, stack(0x000000006afc0000,0x000000006b0c0000)]
  0x0000000031fa8000 JavaThread "spark-worker-pool-1-thread-1" daemon [_thread_blocked, id=8556, stack(0x000000006aec0000,0x000000006afc0000)]
  0x0000000031fae800 JavaThread "spark-monitor" daemon [_thread_blocked, id=17176, stack(0x0000000068d40000,0x0000000068e40000)]
  0x0000000031fa8800 JavaThread "pool-5-thread-1" [_thread_blocked, id=15944, stack(0x0000000068b00000,0x0000000068c00000)]
  0x0000000031fa5000 JavaThread "Thread-56" daemon [_thread_in_native, id=36004, stack(0x0000000060c80000,0x0000000060d80000)]
  0x0000000031faa000 JavaThread "Thread-55" daemon [_thread_in_native, id=27464, stack(0x000000005f5d0000,0x000000005f6d0000)]
  0x0000000031edb800 JavaThread "Thread-54" daemon [_thread_in_native, id=43896, stack(0x0000000055bb0000,0x0000000055cb0000)]
  0x0000000037c3f000 JavaThread "Thread-53" daemon [_thread_in_native, id=34332, stack(0x0000000055200000,0x0000000055300000)]
  0x000000003412a000 JavaThread "Thread-52" daemon [_thread_in_native, id=4384, stack(0x0000000054680000,0x0000000054780000)]
  0x0000000031663800 JavaThread "Thread-51" daemon [_thread_in_native, id=49296, stack(0x0000000053d20000,0x0000000053e20000)]
  0x00000000327ea800 JavaThread "Thread-50" daemon [_thread_in_native, id=17084, stack(0x0000000053900000,0x0000000053a00000)]
  0x0000000037c43000 JavaThread "Config Lib config file watcher" daemon [_thread_blocked, id=2184, stack(0x00000000524e0000,0x00000000525e0000)]
  0x0000000037c3b800 JavaThread "Thread-47" daemon [_thread_in_native, id=19320, stack(0x00000000523e0000,0x00000000524e0000)]
  0x0000000037c3d800 JavaThread "pool-4-thread-16" [_thread_blocked, id=42940, stack(0x000000004cb90000,0x000000004cc90000)]
  0x0000000037c3d000 JavaThread "pool-4-thread-15" [_thread_blocked, id=35608, stack(0x000000004c6f0000,0x000000004c7f0000)]
  0x0000000037c3e800 JavaThread "pool-4-thread-14" [_thread_blocked, id=42540, stack(0x000000004c3f0000,0x000000004c4f0000)]
  0x00000000214d6000 JavaThread "pool-4-thread-13" [_thread_blocked, id=16096, stack(0x000000004ca90000,0x000000004cb90000)]
  0x0000000031665800 JavaThread "pool-4-thread-12" [_thread_blocked, id=54736, stack(0x000000004bef0000,0x000000004bff0000)]
  0x0000000031662000 JavaThread "pool-4-thread-11" [_thread_blocked, id=18820, stack(0x000000004bbf0000,0x000000004bcf0000)]
  0x0000000031666800 JavaThread "pool-4-thread-10" [_thread_blocked, id=60064, stack(0x000000004baf0000,0x000000004bbf0000)]
  0x0000000031665000 JavaThread "Thread-45" daemon [_thread_in_native, id=7152, stack(0x000000004b9f0000,0x000000004baf0000)]
  0x0000000031664000 JavaThread "Thread-44" daemon [_thread_in_native, id=29056, stack(0x000000004b8f0000,0x000000004b9f0000)]
  0x0000000031662800 JavaThread "Thread-43" daemon [_thread_in_native, id=45600, stack(0x000000004b7f0000,0x000000004b8f0000)]
  0x0000000031667000 JavaThread "Thread-42" daemon [_thread_in_native, id=8432, stack(0x000000004b6f0000,0x000000004b7f0000)]
  0x000000003165a800 JavaThread "Thread-41" daemon [_thread_in_native, id=14416, stack(0x000000004b3f0000,0x000000004b4f0000)]
  0x0000000031661000 JavaThread "Thread-40" daemon [_thread_in_native, id=37540, stack(0x000000004b2f0000,0x000000004b3f0000)]
  0x000000003165c000 JavaThread "pool-4-thread-9" [_thread_blocked, id=43104, stack(0x000000004b1f0000,0x000000004b2f0000)]
  0x0000000031660800 JavaThread "Thread-39" daemon [_thread_in_native, id=25768, stack(0x000000004b0f0000,0x000000004b1f0000)]
  0x000000003165b000 JavaThread "Thread-38" daemon [_thread_in_native, id=9440, stack(0x000000004aff0000,0x000000004b0f0000)]
  0x000000003165f800 JavaThread "Thread-37" daemon [_thread_in_native, id=49140, stack(0x000000004a040000,0x000000004a140000)]
  0x000000003165c800 JavaThread "Thread-36" daemon [_thread_in_native, id=37468, stack(0x000000004acf0000,0x000000004adf0000)]
  0x0000000031659000 JavaThread "pool-4-thread-8" [_thread_blocked, id=35868, stack(0x000000004aa40000,0x000000004ab40000)]
  0x000000003165f000 JavaThread "Thread-35" daemon [_thread_in_native, id=22424, stack(0x000000004abf0000,0x000000004acf0000)]
  0x000000003165e000 JavaThread "pool-4-thread-7" [_thread_blocked, id=30348, stack(0x000000004a940000,0x000000004aa40000)]
  0x000000003165d800 JavaThread "pool-4-thread-6" [_thread_blocked, id=1940, stack(0x000000004a840000,0x000000004a940000)]
  0x00000000214d5800 JavaThread "pool-4-thread-5" [_thread_blocked, id=32, stack(0x000000004a740000,0x000000004a840000)]
  0x0000000034130000 JavaThread "Thread-34" daemon [_thread_in_native, id=8500, stack(0x000000004a640000,0x000000004a740000)]
  0x000000003412b800 JavaThread "Thread-33" daemon [_thread_in_native, id=10100, stack(0x000000004a340000,0x000000004a440000)]
  0x00000000439c7000 JavaThread "Thread-31" daemon [_thread_in_native, id=57736, stack(0x0000000048100000,0x0000000048200000)]
  0x00000000439c6000 JavaThread "pool-4-thread-4" [_thread_blocked, id=37996, stack(0x0000000047a60000,0x0000000047b60000)]
  0x00000000439c5800 JavaThread "pool-4-thread-3" [_thread_blocked, id=53844, stack(0x0000000047960000,0x0000000047a60000)]
  0x00000000439c4800 JavaThread "pool-4-thread-2" [_thread_blocked, id=53280, stack(0x0000000047290000,0x0000000047390000)]
  0x00000000439c2800 JavaThread "pool-4-thread-1" [_thread_blocked, id=57680, stack(0x0000000044350000,0x0000000044450000)]
  0x00000000439c3000 JavaThread "Thread-30" daemon [_thread_in_native, id=19292, stack(0x000000003dbb0000,0x000000003dcb0000)]
  0x00000000439c4000 JavaThread "Thread-29" daemon [_thread_in_native, id=53344, stack(0x0000000042a50000,0x0000000042b50000)]
  0x00000000439c8800 JavaThread "Thread-28" daemon [_thread_in_native, id=39440, stack(0x0000000042600000,0x0000000042700000)]
  0x00000000439bb000 JavaThread "Thread-27" daemon [_thread_blocked, id=40720, stack(0x000000003e670000,0x000000003e770000)]
  0x00000000439ba000 JavaThread "Java Sound Event Dispatcher" daemon [_thread_blocked, id=45708, stack(0x000000003e170000,0x000000003e270000)]
  0x00000000439be800 JavaThread "Thread-25" daemon [_thread_blocked, id=18976, stack(0x000000003d850000,0x000000003d950000)]
  0x00000000439c1000 JavaThread "lava-daemon-pool-info-loader-5-thread-8" daemon [_thread_blocked, id=17164, stack(0x0000000044bf0000,0x0000000044cf0000)]
  0x00000000327e9800 JavaThread "LavaPlayer Audio Thread" daemon [_thread_blocked, id=58744, stack(0x0000000042d20000,0x0000000042e20000)]
  0x00000000327ec000 JavaThread "lava-daemon-pool-manager-6-thread-1" daemon [_thread_blocked, id=43228, stack(0x0000000042c20000,0x0000000042d20000)]
  0x00000000327ed800 JavaThread "LavaPlayer Audio Thread" daemon [_thread_blocked, id=56104, stack(0x0000000042400000,0x0000000042500000)]
  0x00000000327e0800 JavaThread "Thread-24" daemon [_thread_in_native, id=58344, stack(0x00000000416f0000,0x00000000417f0000)]
  0x00000000327ec800 JavaThread "lava-daemon-pool-manager-3-thread-1" daemon [_thread_blocked, id=58052, stack(0x00000000419f0000,0x0000000041af0000)]
  0x0000000031edd800 JavaThread "modloading-worker-15" daemon [_thread_blocked, id=6504, stack(0x000000003d2b0000,0x000000003d3b0000)]
  0x0000000034132800 JavaThread "Snooper Timer" daemon [_thread_blocked, id=45628, stack(0x00000000350a0000,0x00000000351a0000)]
  0x0000000034135800 JavaThread "Timer hack thread" daemon [_thread_blocked, id=34188, stack(0x0000000032fa0000,0x00000000330a0000)]
  0x000000003412e800 JavaThread "Thread-20" daemon [_thread_in_native, id=43284, stack(0x0000000039b20000,0x0000000039c20000)]
  0x0000000034128800 JavaThread "Thread-19" daemon [_thread_in_native, id=48756, stack(0x0000000039a20000,0x0000000039b20000)]
  0x000000003412e000 JavaThread "Thread-18" daemon [_thread_in_native, id=51204, stack(0x00000000398b0000,0x00000000399b0000)]
  0x000000003412d000 JavaThread "Thread-17" daemon [_thread_in_native, id=44580, stack(0x00000000397b0000,0x00000000398b0000)]
  0x000000003412f800 JavaThread "Thread-16" daemon [_thread_in_native, id=57916, stack(0x00000000396b0000,0x00000000397b0000)]
  0x0000000034129800 JavaThread "Thread-15" daemon [_thread_in_native, id=20088, stack(0x00000000395b0000,0x00000000396b0000)]
  0x0000000034128000 JavaThread "Thread-14" daemon [_thread_in_native, id=43232, stack(0x00000000394b0000,0x00000000395b0000)]
  0x000000003412c800 JavaThread "Thread-13" daemon [_thread_in_native, id=26080, stack(0x00000000393b0000,0x00000000394b0000)]
  0x0000000034127000 JavaThread "Thread-12" daemon [_thread_in_native, id=27032, stack(0x00000000392b0000,0x00000000393b0000)]
  0x00000000214d7800 JavaThread "Thread-11" daemon [_thread_in_native, id=4264, stack(0x00000000391b0000,0x00000000392b0000)]
  0x00000000214d7000 JavaThread "Thread-10" daemon [_thread_in_native, id=7800, stack(0x00000000390b0000,0x00000000391b0000)]
  0x0000000024213800 JavaThread "Thread-9" daemon [_thread_in_native, id=16324, stack(0x0000000038fb0000,0x00000000390b0000)]
  0x0000000031ae4000 JavaThread "Thread-8" daemon [_thread_in_native, id=36452, stack(0x0000000038eb0000,0x0000000038fb0000)]
  0x0000000026966800 JavaThread "Thread-7" daemon [_thread_in_native, id=18156, stack(0x0000000038db0000,0x0000000038eb0000)]
  0x0000000023fa0800 JavaThread "Thread-6" daemon [_thread_in_native, id=23032, stack(0x0000000038cb0000,0x0000000038db0000)]
  0x000000002445d000 JavaThread "Thread-5" daemon [_thread_in_native, id=26536, stack(0x0000000038bb0000,0x0000000038cb0000)]
  0x00000000249e1800 JavaThread "Thread-4" daemon [_thread_in_native, id=31588, stack(0x00000000368e0000,0x00000000369e0000)]
  0x0000000024ade000 JavaThread "Thread-2" daemon [_thread_in_native, id=17308, stack(0x00000000273b0000,0x00000000274b0000)]
  0x0000000024a2c800 JavaThread "Thread-1" daemon [_thread_blocked, id=24424, stack(0x00000000272b0000,0x00000000273b0000)]
  0x000000002155d000 JavaThread "Service Thread" daemon [_thread_blocked, id=56976, stack(0x0000000023cd0000,0x0000000023dd0000)]
  0x00000000214db800 JavaThread "C1 CompilerThread11" daemon [_thread_blocked, id=16380, stack(0x0000000023bd0000,0x0000000023cd0000)]
  0x00000000214da800 JavaThread "C1 CompilerThread10" daemon [_thread_blocked, id=36252, stack(0x0000000023ad0000,0x0000000023bd0000)]
  0x00000000214d9000 JavaThread "C1 CompilerThread9" daemon [_thread_blocked, id=6644, stack(0x00000000239d0000,0x0000000023ad0000)]
  0x00000000214da000 JavaThread "C1 CompilerThread8" daemon [_thread_blocked, id=38164, stack(0x00000000237d0000,0x00000000238d0000)]
  0x00000000214ba800 JavaThread "C2 CompilerThread7" daemon [_thread_blocked, id=51908, stack(0x00000000236d0000,0x00000000237d0000)]
  0x0000000021492000 JavaThread "C2 CompilerThread6" daemon [_thread_blocked, id=20340, stack(0x00000000235d0000,0x00000000236d0000)]
  0x0000000021489000 JavaThread "C2 CompilerThread5" daemon [_thread_blocked, id=44972, stack(0x00000000234d0000,0x00000000235d0000)]
  0x0000000021488000 JavaThread "C2 CompilerThread4" daemon [_thread_blocked, id=43756, stack(0x00000000233d0000,0x00000000234d0000)]
  0x000000002147f000 JavaThread "C2 CompilerThread3" daemon [_thread_blocked, id=23272, stack(0x00000000232d0000,0x00000000233d0000)]
  0x000000002147c000 JavaThread "C2 CompilerThread2" daemon [_thread_blocked, id=29672, stack(0x00000000231d0000,0x00000000232d0000)]
  0x000000002146f800 JavaThread "C2 CompilerThread1" daemon [_thread_blocked, id=25652, stack(0x00000000230d0000,0x00000000231d0000)]
  0x000000002146e000 JavaThread "C2 CompilerThread0" daemon [_thread_blocked, id=47564, stack(0x0000000022fd0000,0x00000000230d0000)]
  0x000000002146d800 JavaThread "Attach Listener" daemon [_thread_blocked, id=49960, stack(0x0000000022ed0000,0x0000000022fd0000)]
  0x0000000021469800 JavaThread "Signal Dispatcher" daemon [_thread_blocked, id=54064, stack(0x0000000022dd0000,0x0000000022ed0000)]
  0x000000001f9d3000 JavaThread "Finalizer" daemon [_thread_blocked, id=3112, stack(0x0000000022cd0000,0x0000000022dd0000)]
  0x000000001f9ca000 JavaThread "Reference Handler" daemon [_thread_blocked, id=52288, stack(0x0000000022bd0000,0x0000000022cd0000)]
=>0x0000000003494000 JavaThread "Render thread" [_thread_in_native, id=54780, stack(0x0000000003300000,0x0000000003400000)]

Other Threads:
  0x0000000021434000 VMThread [stack: 0x0000000022ad0000,0x0000000022bd0000] [id=23976]
  0x0000000021548800 WatcherThread [stack: 0x0000000023dd0000,0x0000000023ed0000] [id=20444]

VM state:not at safepoint (normal execution)

VM Mutex/Monitor currently owned by a thread: None

Heap:
 PSYoungGen      total 1453568K, used 251947K [0x0000000756000000, 0x00000007be900000, 0x00000007c0000000)
  eden space 1189376K, 18% used [0x0000000756000000,0x0000000763ba3210,0x000000079e980000)
  from space 264192K, 10% used [0x000000079e980000,0x00000007a03e7aa8,0x00000007aeb80000)
  to   space 254464K, 0% used [0x00000007af080000,0x00000007af080000,0x00000007be900000)
 ParOldGen       total 2524672K, used 2101721K [0x0000000682000000, 0x000000071c180000, 0x0000000756000000)
  object space 2524672K, 83% used [0x0000000682000000,0x00000007024764a0,0x000000071c180000)
 Metaspace       used 279309K, capacity 322384K, committed 322528K, reserved 1312768K
  class space    used 47842K, capacity 58831K, committed 58848K, reserved 1048576K

Card table byte_map: [0x0000000012950000,0x0000000013350000] byte_map_base: 0x000000000f540000

Marking Bits: (ParMarkBitMap*) 0x0000000074a94040
 Begin Bits: [0x00000000146f0000, 0x0000000019670000)
 End Bits:   [0x0000000019670000, 0x000000001e5f0000)

Polling page: 0x0000000001930000

CodeCache: size=245760Kb used=158089Kb max_used=159480Kb free=87670Kb
 bounds [0x0000000003590000, 0x000000000d240000, 0x0000000012590000]
 total_blobs=44236 nmethods=41489 adapters=2646
 compilation: enabled

Compilation events (10 events):
Event: 314.134 Thread 0x00000000214db800 nmethod 59074 0x000000000ba16790 code [0x000000000ba16a20, 0x000000000ba17e88]
Event: 314.134 Thread 0x00000000214da000 nmethod 59072 0x0000000009c66650 code [0x0000000009c66b00, 0x0000000009c6b938]
Event: 314.134 Thread 0x00000000214da800 nmethod 59077 0x000000000d1639d0 code [0x000000000d163cc0, 0x000000000d165658]
Event: 314.135 Thread 0x00000000214d9000 nmethod 59078 0x00000000083a5210 code [0x00000000083a54e0, 0x00000000083a6bd8]
Event: 314.136 Thread 0x00000000214ba800 59079       4       java.lang.Throwable$WrappedPrintWriter::println (9 bytes)
Event: 314.136 Thread 0x000000002147f000 59080   !   4       java.io.PrintWriter::newLine (66 bytes)
Event: 314.137 Thread 0x000000002147f000 nmethod 59080 0x0000000007c7ef90 code [0x0000000007c7f0e0, 0x0000000007c7f4d8]
Event: 314.138 Thread 0x00000000214db800 59081       1       net.minecraft.client.audio.ChannelManager$Entry::func_217886_a (5 bytes)
Event: 314.139 Thread 0x00000000214db800 nmethod 59081 0x000000000c37d190 code [0x000000000c37d2e0, 0x000000000c37d3d0]
Event: 314.139 Thread 0x00000000214ba800 nmethod 59079 0x000000000cacb210 code [0x000000000cacb380, 0x000000000cacbe58]

GC Heap History (10 events):
Event: 288.150 GC heap before
{Heap before GC invocations=129 (full 8):
 PSYoungGen      total 1452544K, used 1190976K [0x0000000756000000, 0x00000007c0000000, 0x00000007c0000000)
  eden space 1179136K, 100% used [0x0000000756000000,0x000000079df80000,0x000000079df80000)
  from space 273408K, 4% used [0x00000007aee80000,0x00000007afa10210,0x00000007bf980000)
  to   space 277504K, 0% used [0x000000079df80000,0x000000079df80000,0x00000007aee80000)
 ParOldGen       total 2524672K, used 2101177K [0x0000000682000000, 0x000000071c180000, 0x0000000756000000)
  object space 2524672K, 83% used [0x0000000682000000,0x00000007023ee4a0,0x000000071c180000)
 Metaspace       used 278777K, capacity 321636K, committed 321760K, reserved 1312768K
  class space    used 47762K, capacity 58737K, committed 58848K, reserved 1048576K
Event: 288.165 GC heap after
Heap after GC invocations=129 (full 8):
 PSYoungGen      total 1456640K, used 11984K [0x0000000756000000, 0x00000007c0000000, 0x00000007c0000000)
  eden space 1179136K, 0% used [0x0000000756000000,0x0000000756000000,0x000000079df80000)
  from space 277504K, 4% used [0x000000079df80000,0x000000079eb341f0,0x00000007aee80000)
  to   space 277504K, 0% used [0x00000007af100000,0x00000007af100000,0x00000007c0000000)
 ParOldGen       total 2524672K, used 2101313K [0x0000000682000000, 0x000000071c180000, 0x0000000756000000)
  object space 2524672K, 83% used [0x0000000682000000,0x00000007024104a0,0x000000071c180000)
 Metaspace       used 278777K, capacity 321636K, committed 321760K, reserved 1312768K
  class space    used 47762K, capacity 58737K, committed 58848K, reserved 1048576K
}
Event: 296.087 GC heap before
{Heap before GC invocations=130 (full 8):
 PSYoungGen      total 1456640K, used 1191120K [0x0000000756000000, 0x00000007c0000000, 0x00000007c0000000)
  eden space 1179136K, 100% used [0x0000000756000000,0x000000079df80000,0x000000079df80000)
  from space 277504K, 4% used [0x000000079df80000,0x000000079eb341f0,0x00000007aee80000)
  to   space 277504K, 0% used [0x00000007af100000,0x00000007af100000,0x00000007c0000000)
 ParOldGen       total 2524672K, used 2101313K [0x0000000682000000, 0x000000071c180000, 0x0000000756000000)
  object space 2524672K, 83% used [0x0000000682000000,0x00000007024104a0,0x000000071c180000)
 Metaspace       used 278840K, capacity 321722K, committed 322016K, reserved 1312768K
  class space    used 47766K, capacity 58740K, committed 58848K, reserved 1048576K
Event: 296.104 GC heap after
Heap after GC invocations=130 (full 8):
 PSYoungGen      total 1455104K, used 12496K [0x0000000756000000, 0x00000007bfc00000, 0x00000007c0000000)
  eden space 1181696K, 0% used [0x0000000756000000,0x0000000756000000,0x000000079e200000)
  from space 273408K, 4% used [0x00000007af100000,0x00000007afd34248,0x00000007bfc00000)
  to   space 275456K, 0% used [0x000000079e200000,0x000000079e200000,0x00000007aef00000)
 ParOldGen       total 2524672K, used 2101417K [0x0000000682000000, 0x000000071c180000, 0x0000000756000000)
  object space 2524672K, 83% used [0x0000000682000000,0x000000070242a4a0,0x000000071c180000)
 Metaspace       used 278840K, capacity 321722K, committed 322016K, reserved 1312768K
  class space    used 47766K, capacity 58740K, committed 58848K, reserved 1048576K
}
Event: 303.887 GC heap before
{Heap before GC invocations=131 (full 8):
 PSYoungGen      total 1455104K, used 1194192K [0x0000000756000000, 0x00000007bfc00000, 0x00000007c0000000)
  eden space 1181696K, 100% used [0x0000000756000000,0x000000079e200000,0x000000079e200000)
  from space 273408K, 4% used [0x00000007af100000,0x00000007afd34248,0x00000007bfc00000)
  to   space 275456K, 0% used [0x000000079e200000,0x000000079e200000,0x00000007aef00000)
 ParOldGen       total 2524672K, used 2101417K [0x0000000682000000, 0x000000071c180000, 0x0000000756000000)
  object space 2524672K, 83% used [0x0000000682000000,0x000000070242a4a0,0x000000071c180000)
 Metaspace       used 278849K, capacity 321722K, committed 322016K, reserved 1312768K
  class space    used 47766K, capacity 58740K, committed 58848K, reserved 1048576K
Event: 303.903 GC heap after
Heap after GC invocations=131 (full 8):
 PSYoungGen      total 1457152K, used 12672K [0x0000000756000000, 0x00000007bf900000, 0x00000007c0000000)
  eden space 1181696K, 0% used [0x0000000756000000,0x0000000756000000,0x000000079e200000)
  from space 275456K, 4% used [0x000000079e200000,0x000000079ee60298,0x00000007aef00000)
  to   space 270848K, 0% used [0x00000007af080000,0x00000007af080000,0x00000007bf900000)
 ParOldGen       total 2524672K, used 2101529K [0x0000000682000000, 0x000000071c180000, 0x0000000756000000)
  object space 2524672K, 83% used [0x0000000682000000,0x00000007024464a0,0x000000071c180000)
 Metaspace       used 278849K, capacity 321722K, committed 322016K, reserved 1312768K
  class space    used 47766K, capacity 58740K, committed 58848K, reserved 1048576K
}
Event: 311.684 GC heap before
{Heap before GC invocations=132 (full 8):
 PSYoungGen      total 1457152K, used 1194368K [0x0000000756000000, 0x00000007bf900000, 0x00000007c0000000)
  eden space 1181696K, 100% used [0x0000000756000000,0x000000079e200000,0x000000079e200000)
  from space 275456K, 4% used [0x000000079e200000,0x000000079ee60298,0x00000007aef00000)
  to   space 270848K, 0% used [0x00000007af080000,0x00000007af080000,0x00000007bf900000)
 ParOldGen       total 2524672K, used 2101529K [0x0000000682000000, 0x000000071c180000, 0x0000000756000000)
  object space 2524672K, 83% used [0x0000000682000000,0x00000007024464a0,0x000000071c180000)
 Metaspace       used 278929K, capacity 321820K, committed 322016K, reserved 1312768K
  class space    used 47778K, capacity 58745K, committed 58848K, reserved 1048576K
Event: 311.700 GC heap after
Heap after GC invocations=132 (full 8):
 PSYoungGen      total 1448448K, used 13296K [0x0000000756000000, 0x00000007bed80000, 0x00000007c0000000)
  eden space 1189376K, 0% used [0x0000000756000000,0x0000000756000000,0x000000079e980000)
  from space 259072K, 5% used [0x00000007af080000,0x00000007afd7c2e8,0x00000007bed80000)
  to   space 264192K, 0% used [0x000000079e980000,0x000000079e980000,0x00000007aeb80000)
 ParOldGen       total 2524672K, used 2101633K [0x0000000682000000, 0x000000071c180000, 0x0000000756000000)
  object space 2524672K, 83% used [0x0000000682000000,0x00000007024604a0,0x000000071c180000)
 Metaspace       used 278929K, capacity 321820K, committed 322016K, reserved 1312768K
  class space    used 47778K, capacity 58745K, committed 58848K, reserved 1048576K
}
Event: 313.924 GC heap before
{Heap before GC invocations=133 (full 8):
 PSYoungGen      total 1448448K, used 1202672K [0x0000000756000000, 0x00000007bed80000, 0x00000007c0000000)
  eden space 1189376K, 100% used [0x0000000756000000,0x000000079e980000,0x000000079e980000)
  from space 259072K, 5% used [0x00000007af080000,0x00000007afd7c2e8,0x00000007bed80000)
  to   space 264192K, 0% used [0x000000079e980000,0x000000079e980000,0x00000007aeb80000)
 ParOldGen       total 2524672K, used 2101633K [0x0000000682000000, 0x000000071c180000, 0x0000000756000000)
  object space 2524672K, 83% used [0x0000000682000000,0x00000007024604a0,0x000000071c180000)
 Metaspace       used 279288K, capacity 322348K, committed 322528K, reserved 1312768K
  class space    used 47842K, capacity 58831K, committed 58848K, reserved 1048576K
Event: 313.958 GC heap after
Heap after GC invocations=133 (full 8):
 PSYoungGen      total 1453568K, used 27038K [0x0000000756000000, 0x00000007be900000, 0x00000007c0000000)
  eden space 1189376K, 0% used [0x0000000756000000,0x0000000756000000,0x000000079e980000)
  from space 264192K, 10% used [0x000000079e980000,0x00000007a03e7aa8,0x00000007aeb80000)
  to   space 254464K, 0% used [0x00000007af080000,0x00000007af080000,0x00000007be900000)
 ParOldGen       total 2524672K, used 2101721K [0x0000000682000000, 0x000000071c180000, 0x0000000756000000)
  object space 2524672K, 83% used [0x0000000682000000,0x00000007024764a0,0x000000071c180000)
 Metaspace       used 279288K, capacity 322348K, committed 322528K, reserved 1312768K
  class space    used 47842K, capacity 58831K, committed 58848K, reserved 1048576K
}

Deoptimization events (10 events):
Event: 313.335 Thread 0x0000000003494000 Uncommon trap: reason=unstable_if action=reinterpret pc=0x000000000a984a88 method=net.minecraft.client.renderer.GameRenderer.func_175070_n()Z @ 34
Event: 313.335 Thread 0x0000000003494000 Uncommon trap: reason=unstable_if action=reinterpret pc=0x000000000820bf68 method=net.minecraft.client.gui.overlay.BossOverlayGui.func_184056_f()Z @ 9
Event: 313.335 Thread 0x0000000003494000 Uncommon trap: reason=unstable_if action=reinterpret pc=0x000000000a2f64e8 method=net.minecraft.client.renderer.FogRenderer.setupFog(Lnet/minecraft/client/renderer/ActiveRenderInfo;Lnet/minecraft/client/renderer/FogRenderer$FogType;FZF)V @ 354
Event: 313.335 Thread 0x0000000003494000 Uncommon trap: reason=unstable_if action=reinterpret pc=0x000000000bb9afb4 method=net.minecraft.client.gui.overlay.BossOverlayGui.func_184056_f()Z @ 9
Event: 313.335 Thread 0x0000000003494000 Uncommon trap: reason=unstable_if action=reinterpret pc=0x000000000bdffdc0 method=net.minecraft.client.renderer.WorldRenderer.func_228424_a_(Lcom/mojang/blaze3d/matrix/MatrixStack;F)V @ 26
Event: 313.387 Thread 0x0000000003494000 Uncommon trap: reason=unstable_if action=reinterpret pc=0x0000000004289390 method=net.coderbot.iris.pipeline.HandRenderer.canRender(Lnet/minecraft/client/renderer/ActiveRenderInfo;Lnet/minecraft/client/renderer/GameRenderer;)Z @ 50
Event: 313.387 Thread 0x0000000003494000 Uncommon trap: reason=unstable_if action=reinterpret pc=0x000000000bdeb5cc method=net.coderbot.iris.pipeline.HandRenderer.canRender(Lnet/minecraft/client/renderer/ActiveRenderInfo;Lnet/minecraft/client/renderer/GameRenderer;)Z @ 50
Event: 314.070 Thread 0x0000000003494000 Uncommon trap: reason=unstable_if action=reinterpret pc=0x00000000088e2328 method=java.nio.Bits.copyFromArray(Ljava/lang/Object;JJJJ)V @ 18
Event: 314.136 Thread 0x0000000003494000 Uncommon trap: reason=unstable_if action=reinterpret pc=0x000000000b911f90 method=org.apache.logging.log4j.core.impl.ExtendedStackTraceElement.render(Ljava/lang/StackTraceElement;Ljava/lang/StringBuilder;Lorg/apache/logging/log4j/core/pattern/TextRenderer;ﬁ¡Ùb-¢s@
Event: 314.136 Thread 0x0000000003494000 Uncommon trap: reason=unstable_if action=reinterpret pc=0x000000000a7a31a0 method=org.apache.logging.log4j.core.impl.ExtendedStackTraceElement.render(Ljava/lang/StackTraceElement;Ljava/lang/StringBuilder;Lorg/apache/logging/log4j/core/pattern/TextRenderer;

Internal exceptions (10 events):
Event: 312.814 Thread 0x00000000327eb000 Exception <a 'sun/nio/fs/WindowsException'> (0x00000007633852b8) thrown at [C:\re\workspace\8-2-build-windows-amd64-cygwin\jdk8u51\3951\hotspot\src\share\vm\prims\jni.cpp, line 709]
Event: 312.818 Thread 0x00000000327eb000 Exception <a 'java/lang/IncompatibleClassChangeError': Found class java.lang.Object, but interface was expected> (0x00000007633dc570) thrown at [C:\re\workspace\8-2-build-windows-amd64-cygwin\jdk8u51\3951\hotspot\src\share\vm\interpreter\linkResolver.cpp, kÿÔâ5ïs@
Event: 313.326 Thread 0x0000000003494000 Exception <a 'java/lang/ClassNotFoundException': net.minecraft.client.gui.screen.IngameMenuScreen$$Lambda$23001/2073034844> (0x000000077c9a2df8) thrown at [C:\re\workspace\8-2-build-windows-amd64-cygwin\jdk8u51\3951\hotspot\src\share\vm\prims\jni.cpp, line‰ﬂ¬5ïs@
Event: 313.326 Thread 0x0000000003494000 Exception <a 'java/lang/ClassNotFoundException': net.minecraft.client.MouseHelper$$Lambda$18289/1852826229> (0x000000077c9a3240) thrown at [C:\re\workspace\8-2-build-windows-amd64-cygwin\jdk8u51\3951\hotspot\src\share\vm\prims\jni.cpp, line 735]
Event: 313.326 Thread 0x0000000003494000 Exception <a 'java/lang/ClassNotFoundException': net.minecraft.client.MouseHelper$$Lambda$18287/452960289> (0x000000077c9a3640) thrown at [C:\re\workspace\8-2-build-windows-amd64-cygwin\jdk8u51\3951\hotspot\src\share\vm\prims\jni.cpp, line 735]
Event: 313.326 Thread 0x0000000003494000 Exception <a 'java/lang/ClassNotFoundException': net.minecraft.client.MouseHelper$$Lambda$13784/609653875> (0x000000077c9a3a40) thrown at [C:\re\workspace\8-2-build-windows-amd64-cygwin\jdk8u51\3951\hotspot\src\share\vm\prims\jni.cpp, line 735]
Event: 313.326 Thread 0x0000000003494000 Exception <a 'java/lang/ClassNotFoundException': net.minecraftforge.fml.loading.FMLClientLaunchProvider$$Lambda$502/1280730191> (0x000000077c9a88e0) thrown at [C:\re\workspace\8-2-build-windows-amd64-cygwin\jdk8u51\3951\hotspot\src\share\vm\prims\jni.cpp, Á—=Kïs@
Event: 313.331 Thread 0x0000000003494000 Exception <a 'java/lang/NoSuchMethodError': java.lang.Object.func_210211_Z()Ljava/lang/String;> (0x000000077c9f3440) thrown at [C:\re\workspace\8-2-build-windows-amd64-cygwin\jdk8u51\3951\hotspot\src\share\vm\interpreter\linkResolver.cpp, line 582]
Event: 313.331 Thread 0x0000000003494000 Exception <a 'java/lang/NoSuchMethodError': java.lang.Object.func_210215_Y()Ljava/lang/String;> (0x000000077c9fa440) thrown at [C:\re\workspace\8-2-build-windows-amd64-cygwin\jdk8u51\3951\hotspot\src\share\vm\interpreter\linkResolver.cpp, line 582]
Event: 314.135 Thread 0x0000000003494000 Exception <a 'java/lang/ClassNotFoundException': net.minecraftforge.fml.loading.FMLClientLaunchProvider$$Lambda$502/1280730191> (0x000000076076b098) thrown at [C:\re\workspace\8-2-build-windows-amd64-cygwin\jdk8u51\3951\hotspot\src\share\vm\prims\jni.cpp, Ü∫YÕçs@

Events (10 events):
Event: 314.072 Executing VM operation: RevokeBias done
Event: 314.087 loading class java/util/AbstractList$SubList
Event: 314.087 loading class java/util/AbstractList$SubList done
Event: 314.136 Thread 0x0000000003494000 Uncommon trap: trap_request=0xffffff65 fr.pc=0x000000000b911f90
Event: 314.136 Thread 0x0000000003494000 DEOPT PACKING pc=0x000000000b911f90 sp=0x00000000033fe030
Event: 314.136 Thread 0x0000000003494000 DEOPT UNPACKING pc=0x00000000035d582a sp=0x00000000033fdf60 mode 2
Event: 314.136 Thread 0x0000000003494000 Uncommon trap: trap_request=0xffffff65 fr.pc=0x000000000a7a31a0
Event: 314.136 Thread 0x0000000003494000 DEOPT PACKING pc=0x000000000a7a31a0 sp=0x00000000033fdf40
Event: 314.136 Thread 0x0000000003494000 DEOPT UNPACKING pc=0x00000000035d582a sp=0x00000000033fdf38 mode 2
Event: 314.138 Thread 0x0000000031fac800 Thread exited: 0x0000000031fac800


Dynamic libraries:
0x00007ff626220000 - 0x00007ff626257000 	C:\Games\CurseForge\Minecraft\Install\runtime\jre-legacy\windows-x64\jre-legacy\bin\javaw.exe
0x00007ffde14b0000 - 0x00007ffde16a8000 	C:\Windows\SYSTEM32\ntdll.dll
0x00007ffddfe50000 - 0x00007ffddff0d000 	C:\Windows\System32\KERNEL32.DLL
0x00007ffddee80000 - 0x00007ffddf14e000 	C:\Windows\System32\KERNELBASE.dll
0x00007ffddffd0000 - 0x00007ffde007e000 	C:\Windows\System32\ADVAPI32.dll
0x00007ffde02b0000 - 0x00007ffde034e000 	C:\Windows\System32\msvcrt.dll
0x00007ffde07c0000 - 0x00007ffde085c000 	C:\Windows\System32\sechost.dll
0x00007ffde10e0000 - 0x00007ffde1205000 	C:\Windows\System32\RPCRT4.dll
0x00007ffde0110000 - 0x00007ffde02b0000 	C:\Windows\System32\USER32.dll
0x00007ffddf3e0000 - 0x00007ffddf402000 	C:\Windows\System32\win32u.dll
0x00007ffde0790000 - 0x00007ffde07ba000 	C:\Windows\System32\GDI32.dll
0x00007ffddec80000 - 0x00007ffdded8b000 	C:\Windows\System32\gdi32full.dll
0x00007ffddf340000 - 0x00007ffddf3dd000 	C:\Windows\System32\msvcp_win.dll
0x00007ffddf410000 - 0x00007ffddf510000 	C:\Windows\System32\ucrtbase.dll
0x00007ffdce800000 - 0x00007ffdcea9a000 	C:\Windows\WinSxS\amd64_microsoft.windows.common-controls_6595b64144ccf1df_6.0.19041.1110_none_60b5254171f9507e\COMCTL32.dll
0x00007ffde1430000 - 0x00007ffde1460000 	C:\Windows\System32\IMM32.DLL
0x0000000075120000 - 0x00000000751f2000 	C:\Games\CurseForge\Minecraft\Install\runtime\jre-legacy\windows-x64\jre-legacy\bin\msvcr100.dll
0x0000000074290000 - 0x0000000074b13000 	C:\Games\CurseForge\Minecraft\Install\runtime\jre-legacy\windows-x64\jre-legacy\bin\server\jvm.dll
0x00007ffddf5f0000 - 0x00007ffddf5f8000 	C:\Windows\System32\PSAPI.DLL
0x00007ffdb0ca0000 - 0x00007ffdb0ca9000 	C:\Windows\SYSTEM32\WSOCK32.dll
0x00007ffdd2500000 - 0x00007ffdd250a000 	C:\Windows\SYSTEM32\VERSION.dll
0x00007ffdd0120000 - 0x00007ffdd0147000 	C:\Windows\SYSTEM32\WINMM.dll
0x00007ffde13c0000 - 0x00007ffde142b000 	C:\Windows\System32\WS2_32.dll
0x0000000075110000 - 0x000000007511f000 	C:\Games\CurseForge\Minecraft\Install\runtime\jre-legacy\windows-x64\jre-legacy\bin\verify.dll
0x00000000750e0000 - 0x0000000075109000 	C:\Games\CurseForge\Minecraft\Install\runtime\jre-legacy\windows-x64\jre-legacy\bin\java.dll
0x00000000750c0000 - 0x00000000750d6000 	C:\Games\CurseForge\Minecraft\Install\runtime\jre-legacy\windows-x64\jre-legacy\bin\zip.dll
0x00007ffde0990000 - 0x00007ffde10d4000 	C:\Windows\System32\SHELL32.dll
0x00007ffddca10000 - 0x00007ffddd1a4000 	C:\Windows\SYSTEM32\windows.storage.dll
0x00007ffde0430000 - 0x00007ffde0784000 	C:\Windows\System32\combase.dll
0x00007ffdde630000 - 0x00007ffdde660000 	C:\Windows\SYSTEM32\Wldp.dll
0x00007ffde08c0000 - 0x00007ffde096d000 	C:\Windows\System32\SHCORE.dll
0x00007ffde0860000 - 0x00007ffde08b5000 	C:\Windows\System32\shlwapi.dll
0x00007ffddeb10000 - 0x00007ffddeb2f000 	C:\Windows\SYSTEM32\profapi.dll
0x00000000750b0000 - 0x00000000750bd000 	C:\Games\CurseForge\Minecraft\Install\runtime\jre-legacy\windows-x64\jre-legacy\bin\management.dll
0x0000000075090000 - 0x00000000750aa000 	C:\Games\CurseForge\Minecraft\Install\runtime\jre-legacy\windows-x64\jre-legacy\bin\net.dll
0x00007ffdde390000 - 0x00007ffdde3fa000 	C:\Windows\system32\mswsock.dll
0x00007ffdbabb0000 - 0x00007ffdbabc7000 	C:\Windows\system32\napinsp.dll
0x00007ffdb7bc0000 - 0x00007ffdb7bdb000 	C:\Windows\system32\pnrpnsp.dll
0x00007ffdd9c80000 - 0x00007ffdd9c95000 	C:\Windows\system32\wshbth.dll
0x00007ffdd9e30000 - 0x00007ffdd9e4d000 	C:\Windows\system32\NLAapi.dll
0x00007ffdde030000 - 0x00007ffdde06b000 	C:\Windows\SYSTEM32\IPHLPAPI.DLL
0x00007ffdde070000 - 0x00007ffdde13b000 	C:\Windows\SYSTEM32\DNSAPI.dll
0x00007ffde1460000 - 0x00007ffde1468000 	C:\Windows\System32\NSI.dll
0x00007ffdb6290000 - 0x00007ffdb62a2000 	C:\Windows\System32\winrnr.dll
0x00007ffdd7940000 - 0x00007ffdd794a000 	C:\Windows\System32\rasadhlp.dll
0x00007ffdcfd90000 - 0x00007ffdcfe10000 	C:\Windows\System32\fwpuclnt.dll
0x00007ffddee00000 - 0x00007ffddee27000 	C:\Windows\System32\bcrypt.dll
0x0000000075070000 - 0x0000000075081000 	C:\Games\CurseForge\Minecraft\Install\runtime\jre-legacy\windows-x64\jre-legacy\bin\nio.dll
0x0000000075040000 - 0x0000000075064000 	C:\Games\CurseForge\Minecraft\Install\runtime\jre-legacy\windows-x64\jre-legacy\bin\sunec.dll
0x00007ffdde580000 - 0x00007ffdde598000 	C:\Windows\SYSTEM32\CRYPTSP.dll
0x00007ffdddca0000 - 0x00007ffdddcd4000 	C:\Windows\system32\rsaenh.dll
0x00007ffddead0000 - 0x00007ffddeafe000 	C:\Windows\SYSTEM32\USERENV.dll
0x00007ffddf150000 - 0x00007ffddf1d2000 	C:\Windows\System32\bcryptprimitives.dll
0x00007ffdde5a0000 - 0x00007ffdde5ac000 	C:\Windows\SYSTEM32\CRYPTBASE.dll
0x00007ffdd3e90000 - 0x00007ffdd3ea7000 	C:\Windows\SYSTEM32\dhcpcsvc6.DLL
0x00007ffdd4200000 - 0x00007ffdd421d000 	C:\Windows\SYSTEM32\dhcpcsvc.DLL
0x00007ffdd77c0000 - 0x00007ffdd7832000 	C:\Games\CurseForge\Minecraft\Install\bin\400bfa34b81004aabb21f7dd792d5eb2eb8d7b12\lwjgl.dll
0x00007ffd60ad0000 - 0x00007ffd60d21000 	C:\Games\CurseForge\Minecraft\Install\bin\400bfa34b81004aabb21f7dd792d5eb2eb8d7b12\jemalloc.dll
0x00007ffdd9cb0000 - 0x00007ffdd9d0e000 	C:\Games\CurseForge\Minecraft\Install\bin\400bfa34b81004aabb21f7dd792d5eb2eb8d7b12\glfw.dll
0x00007ffddb510000 - 0x00007ffddb5ae000 	C:\Windows\system32\uxtheme.dll
0x00007ffdaebf0000 - 0x00007ffdaec35000 	C:\Windows\SYSTEM32\dinput8.dll
0x00007ffdad800000 - 0x00007ffdad811000 	C:\Windows\SYSTEM32\xinput1_4.dll
0x00007ffddee30000 - 0x00007ffddee7e000 	C:\Windows\System32\cfgmgr32.dll
0x00007ffdde980000 - 0x00007ffdde9ac000 	C:\Windows\SYSTEM32\DEVOBJ.dll
0x00007ffddbac0000 - 0x00007ffddbaef000 	C:\Windows\SYSTEM32\dwmapi.dll
0x00007ffdc9870000 - 0x00007ffdc99c2000 	C:\Windows\SYSTEM32\inputhost.dll
0x00007ffde0350000 - 0x00007ffde041d000 	C:\Windows\System32\OLEAUT32.dll
0x00007ffdd9f50000 - 0x00007ffdda046000 	C:\Windows\SYSTEM32\PROPSYS.dll
0x00007ffdda360000 - 0x00007ffdda4b4000 	C:\Windows\SYSTEM32\wintypes.dll
0x00007ffddb1f0000 - 0x00007ffddb2e2000 	C:\Windows\SYSTEM32\CoreMessaging.dll
0x00007ffddae90000 - 0x00007ffddb1ee000 	C:\Windows\SYSTEM32\CoreUIComponents.dll
0x00007ffddd8c0000 - 0x00007ffddd8f3000 	C:\Windows\SYSTEM32\ntmarta.dll
0x00007ffddd450000 - 0x00007ffddd462000 	C:\Windows\SYSTEM32\kernel.appcore.dll
0x00007ffda9d60000 - 0x00007ffda9e99000 	C:\ProgramData\A-Volute\A-Volute.Nahimic\Modules\Scheduled\x64\AudioDevProps2.dll
0x00007ffddf600000 - 0x00007ffddf72a000 	C:\Windows\System32\ole32.dll
0x00007ffd82750000 - 0x00007ffd828a3000 	C:\Program Files (x86)\Stardock\Fences\FencesMenu64.dll
0x00007ffdd96b0000 - 0x00007ffdd96c4000 	C:\Windows\SYSTEM32\WTSAPI32.dll
0x00007ffdceaa0000 - 0x00007ffdcec45000 	C:\Windows\WinSxS\amd64_microsoft.windows.gdiplus_6595b64144ccf1df_1.1.19041.1706_none_919e8e54cc8d4ca1\gdiplus.dll
0x00007ffdce180000 - 0x00007ffdce298000 	C:\Program Files (x86)\Stardock\Groupy\groupy_64.dll
0x00007ffddf810000 - 0x00007ffddf925000 	C:\Windows\System32\MSCTF.dll
0x00007ffddd420000 - 0x00007ffddd42d000 	C:\Windows\SYSTEM32\HID.DLL
0x00007ffddf9e0000 - 0x00007ffddfe4f000 	C:\Windows\System32\SETUPAPI.DLL
0x00007ffdded90000 - 0x00007ffddedf7000 	C:\Windows\System32\WINTRUST.dll
0x00007ffddf1e0000 - 0x00007ffddf336000 	C:\Windows\System32\CRYPT32.dll
0x00007ffdde7c0000 - 0x00007ffdde7d2000 	C:\Windows\SYSTEM32\MSASN1.dll
0x00007ffd78a10000 - 0x00007ffd78b37000 	C:\Windows\SYSTEM32\opengl32.dll
0x00007ffd79170000 - 0x00007ffd7919c000 	C:\Windows\SYSTEM32\GLU32.dll
0x00007ffddf930000 - 0x00007ffddf9d9000 	C:\Windows\System32\clbcatq.dll
0x00007ffd426f0000 - 0x00007ffd4697a000 	C:\Windows\System32\DriverStore\FileRepository\nvlti.inf_amd64_f313b6b92f428254\nvoglv64.dll
0x00007ffdd24c0000 - 0x00007ffdd24f1000 	C:\Windows\SYSTEM32\cryptnet.dll
0x00007ffdd21b0000 - 0x00007ffdd22f8000 	C:\Windows\SYSTEM32\drvstore.dll
0x00007ffdd2560000 - 0x00007ffdd259b000 	C:\Windows\SYSTEM32\dxcore.dll
0x00007ffd99bc0000 - 0x00007ffd99e91000 	C:\Windows\system32\nvspcap64.dll
0x00007ffdde1a0000 - 0x00007ffdde1eb000 	C:\Windows\SYSTEM32\powrprof.dll
0x00007ffdde010000 - 0x00007ffdde022000 	C:\Windows\SYSTEM32\UMPDC.dll
0x00007ffddd970000 - 0x00007ffddd9ca000 	C:\Windows\SYSTEM32\WINSTA.dll
0x00007ffdd6f60000 - 0x00007ffdd6fdf000 	C:\Games\CurseForge\Minecraft\Install\bin\400bfa34b81004aabb21f7dd792d5eb2eb8d7b12\lwjgl_stb.dll
0x00007ffdd8ad0000 - 0x00007ffdd8b7e000 	C:\Windows\SYSTEM32\mscms.dll
0x00007ffdd8a50000 - 0x00007ffdd8a61000 	C:\Windows\SYSTEM32\ColorAdapterClient.dll
0x00007ffdda310000 - 0x00007ffdda353000 	C:\Windows\SYSTEM32\icm32.dll
0x00007ffdc9770000 - 0x00007ffdc9869000 	C:\Windows\SYSTEM32\textinputframework.dll
0x00007ffdd7060000 - 0x00007ffdd70c6000 	C:\Windows\system32\Oleacc.dll
0x00007ffdd4b50000 - 0x00007ffdd4ba8000 	C:\Games\CurseForge\Minecraft\Install\bin\400bfa34b81004aabb21f7dd792d5eb2eb8d7b12\lwjgl_opengl.dll
0x00007ffdd6f10000 - 0x00007ffdd6f52000 	C:\Users\NukelordBrown\AppData\Local\Temp\jna--1590639904\jna2448973770015620699.dll
0x0000000075030000 - 0x000000007503c000 	C:\Games\CurseForge\Minecraft\Install\runtime\jre-legacy\windows-x64\jre-legacy\bin\jsound.dll
0x0000000075020000 - 0x000000007502b000 	C:\Games\CurseForge\Minecraft\Install\runtime\jre-legacy\windows-x64\jre-legacy\bin\jsoundds.dll
0x00007ffdcb300000 - 0x00007ffdcb39c000 	C:\Windows\SYSTEM32\DSOUND.dll
0x00007ffdcb200000 - 0x00007ffdcb226000 	C:\Windows\SYSTEM32\winmmbase.dll
0x00007ffdd81f0000 - 0x00007ffdd8275000 	C:\Windows\SYSTEM32\MMDevAPI.DLL
0x00007ffd05eb0000 - 0x00007ffd05ef6000 	C:\Windows\SYSTEM32\wdmaud.drv
0x00007ffdd7c80000 - 0x00007ffdd7c89000 	C:\Windows\SYSTEM32\ksuser.dll
0x00007ffddd430000 - 0x00007ffddd43a000 	C:\Windows\SYSTEM32\AVRT.dll
0x00007ffdd8550000 - 0x00007ffdd86d2000 	C:\Windows\SYSTEM32\AUDIOSES.DLL
0x00007ffdd0820000 - 0x00007ffdd082d000 	C:\Windows\SYSTEM32\msacm32.drv
0x00007ffda9d10000 - 0x00007ffda9d2e000 	C:\Windows\SYSTEM32\MSACM32.dll
0x00007ffdb1850000 - 0x00007ffdb185b000 	C:\Windows\SYSTEM32\midimap.dll
0x00007ffd507a0000 - 0x00007ffd50a06000 	C:\Users\NukelordBrown\AppData\Local\Temp\de.fabmax.physx-jni\0.4.15\PhysX_64.dll
0x00007ffd4d9e0000 - 0x00007ffd4dbb7000 	C:\Users\NukelordBrown\AppData\Local\Temp\de.fabmax.physx-jni\0.4.15\PhysXCommon_64.dll
0x00007ffdd4f70000 - 0x00007ffdd501a000 	C:\Users\NukelordBrown\AppData\Local\Temp\de.fabmax.physx-jni\0.4.15\PhysXCooking_64.dll
0x00007ffdd4ab0000 - 0x00007ffdd4b41000 	C:\Users\NukelordBrown\AppData\Local\Temp\de.fabmax.physx-jni\0.4.15\PhysXFoundation_64.dll
0x00007ffd47ff0000 - 0x00007ffd481f4000 	C:\Users\NukelordBrown\AppData\Local\Temp\de.fabmax.physx-jni\0.4.15\PhysXJniBindings_64.dll
0x00007ffd68960000 - 0x00007ffd689c7000 	C:\ProgramData\A-Volute\A-Volute.Nahimic\Modules\Scheduled\x64\ProductInfo.dll
0x00007ffd66e40000 - 0x00007ffd66e83000 	C:\ProgramData\A-Volute\A-Volute.Nahimic\Modules\Scheduled\x64\ASM.Plugin.AudioDevProps2.dll
0x0000000074e80000 - 0x0000000075018000 	C:\Games\CurseForge\Minecraft\Install\runtime\jre-legacy\windows-x64\jre-legacy\bin\awt.dll
0x00007ffddb420000 - 0x00007ffddb4b0000 	C:\Windows\SYSTEM32\apphelp.dll
0x00007ffddb870000 - 0x00007ffddb884000 	C:\Windows\SYSTEM32\resourcepolicyclient.dll
0x00007ffdc99d0000 - 0x00007ffdc9b11000 	C:\Windows\System32\Windows.UI.dll
0x00007ffdd7400000 - 0x00007ffdd74a1000 	C:\Windows\System32\WindowManagementAPI.dll

VM Arguments:
jvm_args: -XX:HeapDumpPath=MojangTricksIntelDriversForPerformance_javaw.exe_minecraft.exe.heapdump -Dos.name=Windows 10 -Dos.version=10.0 -Xss1M -Djava.library.path=C:\Games\CurseForge\Minecraft\Install\bin\400bfa34b81004aabb21f7dd792d5eb2eb8d7b12 -Dminecraft.launcher.brand=minecraft-launcher -Dminecraft.launcher.version=2.5.9 -Xmx5088m -Xms256m -Dminecraft.applet.TargetDirectory=C:\Games\CurseForge\Minecraft\Instances\Blood-N-Wine-2 -Dfml.ignorePatchDiscrepancies=true -Dfml.ignoreInvalidMinecraftCertificates=true -Duser.language=en -Duser.country=US -Dlog4j.configurationFile=C:\Games\CurseForge\Minecraft\Install\assets\log_configs\client-1.12.xml 
java_command: cpw.mods.modlauncher.Launcher --username Nukelord420 --version forge-36.2.35 --gameDir C:\Games\CurseForge\Minecraft\Instances\Blood-N-Wine-2 --assetsDir C:\Games\CurseForge\Minecraft\Install\assets --assetIndex 1.16 --uuid 29e423c126c942d89e776772bd06df02 --accessToken eyJraWQiOiJhYzg0YSIsImFsZyI6IkhTMjU2In0.eyJ4dWlkIjoiMjUzNTQyODE5MjM2MjEyNiIsImFnZyI6IkFkdWx0Iiwic3ViIjoiZmNhNGVlNjItYzI4Zi00NzI0LWJkZTktNGU3ZDBiYWQ0ODBjIiwiYXV0aCI6IlhCT1giLCJucyI6ImRlZmF1bHQiLCJyb2xlcyI6W10sImlzcyI6ImF1dGhlbnRpY2F0aW9uIiwiZmxhZ3MiOlsidHdvZmFjdG9yYXV0aCIsIm9yZGVyc18yMDIyIl0sInBsYXRmb3JtIjoiUENfTEFVTkNIRVIiLCJ5dWlkIjoiN2E0ZDMwMTk4Mjc4NDZjY2I2Y2Q3Y2Y4ODY3NDljMGUiLCJuYmYiOjE2ODk3ODg1MDMsImV4cCI6MTY4OTg3NDkwMywiaWF0IjoxNjg5Nzg4NTAzfQ.cKV9V29EqHRYE1_CbtzOB8Qxsy-mBWiotNcixsDRyQs --userType msa --versionType release --width 1024 --height 768 --launchTarget fmlclient --fml.forgeVersion 36.2.35 --fml.mcVersion 1.16.5 --fml.forgeGroup net.minecraftforge --fml.mcpVersion 20210115.111550
java_class_path (initial): C:\Games\CurseForge\Minecraft\Install\libraries\net\minecraftforge\forge\1.16.5-36.2.35\forge-1.16.5-36.2.35.jar;C:\Games\CurseForge\Minecraft\Install\libraries\org\ow2\asm\asm\9.1\asm-9.1.jar;C:\Games\CurseForge\Minecraft\Install\libraries\org\ow2\asm\asm-commons\9.1\asm-commons-9.1.jar;C:\Games\CurseForge\Minecraft\Install\libraries\org\ow2\asm\asm-tree\9.1\asm-tree-9.1.jar;C:\Games\CurseForge\Minecraft\Install\libraries\org\ow2\asm\asm-util\9.1\asm-util-9.1.jar;C:\Games\CurseForge\Minecraft\Install\libraries\org\ow2\asm\asm-analysis\9.1\asm-analysis-9.1.jar;C:\Games\CurseForge\Minecraft\Install\libraries\cpw\mods\modlauncher\8.1.3\modlauncher-8.1.3.jar;C:\Games\CurseForge\Minecraft\Install\libraries\cpw\mods\grossjava9hacks\1.3.3\grossjava9hacks-1.3.3.jar;C:\Games\CurseForge\Minecraft\Install\libraries\net\minecraftforge\accesstransformers\3.0.1\accesstransformers-3.0.1.jar;C:\Games\CurseForge\Minecraft\Install\libraries\org\antlr\antlr4-runtime\4.9.1\antlr4-runtime-4.9.1.jar;C:\Games\CurseForge\Minecraft\Install\libraries\net\minecraftforge\eventbus\4.0.0\eventbus-4.0.0.jar;C:\Games\CurseForge\Minecraft\Install\libraries\net\minecraftforge\forgespi\3.2.0\forgespi-3.2.0.jar;C:\Games\CurseForge\Minecraft\Install\libraries\net\minecraftforge\coremods\4.0.6\coremods-4.0.6.jar;C:\Games\CurseForge\Minecraft\Install\libraries\net\minecraftforge\unsafe\0.2.0\unsafe-0.2.0.jar;C:\Games\CurseForge\Minecraft\Install\libraries\com\electronwill\night-config\core\3.6.3\core-3.6.3.jar;C:\Games\CurseForge\Minecraft\Install\libraries\com\electronwill\night-config\toml\3.6.3\toml-3.6.3.jar;C:\Games\CurseForge\Minecraft\Install\libraries\org\jline\jline\3.12.1\jline-3.12.1.jar;C:\Games\CurseForge\Minecraft\Install\libraries\org\apache\maven\maven-artifact\3.6.3\maven-artifact-3.6.3.jar;C:\Games\CurseForge\Minecraft\Install\libraries\net\jodah\typetools\0.8.3\typetools-0.8.3.jar;C:\Games\CurseForge\Minecraft\Install\libraries\org\apache\logging\log4j\log
Launcher Type: SUN_STANDARD

Environment Variables:
PATH=C:\VulkanSDK\1.3.236.0\Bin;C:\Program Files (x86)\Razer Chroma SDK\bin;C:\Program Files\Razer Chroma SDK\bin;C:\Program Files\Common Files\Oracle\Java\javapath;C:\Program Files (x86)\Common Files\Oracle\Java\javapath;C:\Program Files (x86)\Razer\ChromaBroadcast\bin;C:\Program Files\Razer\ChromaBroadcast\bin;C:\Windows\system32;C:\Windows;C:\Windows\System32\Wbem;C:\Windows\System32\WindowsPowerShell\v1.0\;C:\Windows\System32\OpenSSH\;C:\Program Files (x86)\NVIDIA Corporation\PhysX\Common;C:\Program Files\NVIDIA Corporation\NVIDIA NvDLISR;C:\Program Files\PuTTY\;C:\Windows\system32\config\systemprofile\AppData\Local\Microsoft\WindowsApps;C:\Program Files\dotnet\;C:\Program Files\Common Files\Autodesk Shared\;C:\Program Files\Microsoft SQL Server\120\Tools\Binn\;G:\Bethesda-Game-Modding-Tools\Ruby26-x64\bin;C:\Users\NukelordBrown\AppData\Local\Programs\Python\Python310\Scripts\;C:\Users\NukelordBrown\AppData\Local\Programs\Python\Python310\;C:\Users\NukelordBrown\AppData\Local\Microsoft\WindowsApps;C:\Users\NukelordBrown\AppData\Local\Programs\Microsoft VS Code\bin;C:\Users\NukelordBrown\.dotnet\tools;C:\Users\NukelordBrown\AppData\Local\GitHubDesktop\bin;C:\Program Files\Perforce\;C:\Program Files\Git\cmd;G:\Bethesda-Game-Modding-Tools\Ruby26-x64\bin;C:\Users\NukelordBrown\AppData\Local\Programs\Python\Python310\Scripts\;C:\Users\NukelordBrown\AppData\Local\Programs\Python\Python310\;C:\Users\NukelordBrown\AppData\Local\Microsoft\WindowsApps;C:\Users\NukelordBrown\AppData\Local\Programs\Microsoft VS Code\bin;C:\Users\NukelordBrown\.dotnet\tools;C:\Users\NukelordBrown\AppData\Local\GitHubDesktop\bin
USERNAME=NukelordBrown
OS=Windows_NT
PROCESSOR_IDENTIFIER=AMD64 Family 25 Model 80 Stepping 0, AuthenticAMD



---------------  S Y S T E M  ---------------

OS: Windows 10.0 , 64 bit Build 19041 (10.0.19041.1806)

CPU:total 16 (16 cores per cpu, 1 threads per core) family 25 model 80 stepping 0, cmov, cx8, fxsr, mmx, sse, sse2, sse3, ssse3, sse4.1, sse4.2, popcnt, avx, avx2, aes, clmul, erms, mmxext, 3dnowpref, lzcnt, sse4a, tsc, tscinvbit, tscinv, bmi1

Memory: 4k page, physical 33402940k(12467932k free), swap 38383676k(6303404k free)

vm_info: Java HotSpot(TM) 64-Bit Server VM (25.51-b03) for windows-amd64 JRE (1.8.0_51-b16), built on Jun  8 2015 18:03:07 by "java_re" with MS VC++ 10.0 (VS2010)

time: Wed Jul 19 10:47:06 2023
elapsed time: 314 seconds (0d 0h 5m 14s)

