#
# A fatal error has been detected by the Java Runtime Environment:
#
#  EXCEPTION_ACCESS_VIOLATION (0xc0000005) at pc=0x00007ffdcac23716, pid=13240, tid=10944
#
# JRE version: Java(TM) SE Runtime Environment (8.0_51-b16) (build 1.8.0_51-b16)
# Java VM: Java HotSpot(TM) 64-Bit Server VM (25.51-b03 mixed mode windows-amd64 compressed oops)
# Problematic frame:
# C  [PhysXJniBindings_64.dll+0x53716]
#
# Failed to write core dump. Minidumps are not enabled by default on client versions of Windows
#
# If you would like to submit a bug report, please visit:
#   http://bugreport.java.com/bugreport/crash.jsp
# The crash happened outside the Java Virtual Machine in native code.
# See problematic frame for where to report the bug.
#

---------------  T H R E A D  ---------------

Current thread (0x00000000025d4000):  JavaThread "Render thread" [_thread_in_native, id=10944, stack(0x00000000024d0000,0x00000000025d0000)]

siginfo: ExceptionCode=0xc0000005, reading address 0x0000000000000000

Registers:
RAX=0x0000000000000000, RBX=0x0000000000000018, RCX=0x0000000000000000, RDX=0x0000000000000000
RSP=0x00000000025cde10, RBP=0x00000000025cdec0, RSI=0x0000000000000003, RDI=0x0000000000000000
R8 =0x0000000000000003, R9 =0x0000000025f6f640, R10=0x00000000026e57c8, R11=0x0000000054247bb0
R12=0x0000000000000000, R13=0x000000003f7c6900, R14=0x00000000025cdee0, R15=0x00000000025d4000
RIP=0x00007ffdcac23716, EFLAGS=0x0000000000010206

Top of Stack: (sp=0x00000000025cde10)
0x00000000025cde10:   00000000bebf0350 0000000000000000
0x00000000025cde20:   000000003efff998 0000000000000000
0x00000000025cde30:   00000000bf3efe8a 0000000000000000
0x00000000025cde40:   00000000026d7ced 00000000026e57f4
0x00000000025cde50:   000000003f7c6900 00000006597782f8
0x00000000025cde60:   0000000000000000 00000000025cded0
0x00000000025cde70:   00000000a268fd38 0000000000000000
0x00000000025cde80:   00000000025cde80 0000000000000000
0x00000000025cde90:   00000000025cdee0 000000003f7d5640
0x00000000025cdea0:   0000000000000000 000000003f7c6900
0x00000000025cdeb0:   0000000000000000 00000000025cdee0
0x00000000025cdec0:   00000000025cdf28 00000000026d7800
0x00000000025cded0:   0000000659756da8 00000000026df977
0x00000000025cdee0:   0000000000000003 00000000025cdee8
0x00000000025cdef0:   000000003f7c6859 00000000025cdf38
0x00000000025cdf00:   000000003f7d5640 0000000000000000 

Instructions: (pc=0x00007ffdcac23716)
0x00007ffdcac236f6:   89 74 24 10 57 48 83 ec 30 48 8b fa 8b f1 ff 15
0x00007ffdcac23706:   86 3c 19 00 48 8b d8 ff 15 35 3c 19 00 48 8b c8
0x00007ffdcac23716:   4c 8b 00 41 ff 50 28 84 c0 75 09 48 8d 05 a0 5e
0x00007ffdcac23726:   12 00 eb 13 48 8d 15 8f 3f 19 00 48 8d 0d 20 2d 


Register to memory mapping:

RAX=0x0000000000000000 is an unknown value
RBX=0x0000000000000018 is an unknown value
RCX=0x0000000000000000 is an unknown value
RDX=0x0000000000000000 is an unknown value
RSP=0x00000000025cde10 is pointing into the stack for thread: 0x00000000025d4000
RBP=0x00000000025cdec0 is pointing into the stack for thread: 0x00000000025d4000
RSI=0x0000000000000003 is an unknown value
RDI=0x0000000000000000 is an unknown value
R8 =0x0000000000000003 is an unknown value
R9 =0x0000000025f6f640 is an unknown value
R10=0x00000000026e57c8 is at code_begin+840 in an Interpreter codelet
method entry point (kind = native)  [0x00000000026e5480, 0x00000000026e5de0]  2400 bytes
R11=0x0000000054247bb0 is an unknown value
R12=0x0000000000000000 is an unknown value
R13={method} {0x000000003f7c6908} '_DefaultCpuDispatcherCreate' '(I)J' in 'physx/PxTopLevelFunctions'
R14=0x00000000025cdee0 is pointing into the stack for thread: 0x00000000025d4000
R15=0x00000000025d4000 is a thread


Stack: [0x00000000024d0000,0x00000000025d0000],  sp=0x00000000025cde10,  free space=1015k
Native frames: (J=compiled Java code, j=interpreted, Vv=VM code, C=native code)
C  [PhysXJniBindings_64.dll+0x53716]
C  0x00000000026e57f4

Java frames: (J=compiled Java code, j=interpreted, Vv=VM code)
j  physx.PxTopLevelFunctions._DefaultCpuDispatcherCreate(I)J+0
j  physx.PxTopLevelFunctions.DefaultCpuDispatcherCreate(I)Lphysx/extensions/PxDefaultCpuDispatcher;+1
J 51498 C2 net.diebuddies.physics.PhysicsMod.getInstance(Lnet/minecraft/world/World;)Lnet/diebuddies/physics/PhysicsMod; (39 bytes) @ 0x000000000ab57d78 [0x000000000ab55e80+0x1ef8]
J 54822 C2 net.minecraft.client.renderer.WorldRenderer.handler$bjc000$renderChunkLayerSolid(Lnet/minecraft/client/renderer/RenderType;Lcom/mojang/blaze3d/matrix/MatrixStack;DDDLorg/spongepowered/asm/mixin/injection/callback/CallbackInfo;)V (721 bytes) @ 0x0000000007002edc [0x00000000070026e0+0x7fc]
J 54418 C2 net.minecraft.client.renderer.WorldRenderer.func_228441_a_(Lnet/minecraft/client/renderer/RenderType;Lcom/mojang/blaze3d/matrix/MatrixStack;DDD)V (186 bytes) @ 0x00000000087a2ad8 [0x00000000087a1f00+0xbd8]
J 54229 C2 net.minecraft.client.renderer.WorldRenderer.func_228426_a_(Lcom/mojang/blaze3d/matrix/MatrixStack;FJZLnet/minecraft/client/renderer/ActiveRenderInfo;Lnet/minecraft/client/renderer/GameRenderer;Lnet/minecraft/client/renderer/LightTexture;Lnet/minecraft/util/math/vector/Matrix4f;)V (4063 bytes) @ 0x000000000b2642a0 [0x000000000b2617a0+0x2b00]
j  net.minecraft.client.renderer.GameRenderer.func_228378_a_(FJLcom/mojang/blaze3d/matrix/MatrixStack;)V+620
J 52745 C2 net.minecraft.client.renderer.GameRenderer.func_195458_a(FJZ)V (899 bytes) @ 0x000000000b045e44 [0x000000000b045480+0x9c4]
j  net.minecraft.client.Minecraft.func_195542_b(Z)V+385
j  net.minecraft.client.Minecraft.handler$cdg000$unloadWorldScreenshot(Lnet/minecraft/client/gui/screen/Screen;Lorg/spongepowered/asm/mixin/injection/callback/CallbackInfo;)V+21
j  net.minecraft.client.Minecraft.func_213231_b(Lnet/minecraft/client/gui/screen/Screen;)V+49
j  net.minecraft.client.Minecraft.func_213254_o()V+8
j  net.minecraft.client.network.play.ClientPlayNetHandler.func_147231_a(Lnet/minecraft/util/text/ITextComponent;)V+19
j  net.minecraft.network.NetworkManager.func_179293_l()V+60
j  net.minecraft.client.multiplayer.PlayerController.func_78765_e()V+37
j  net.minecraft.client.Minecraft.func_71407_l()V+153
j  net.minecraft.client.Minecraft.func_195542_b(Z)V+183
j  net.minecraft.client.Minecraft.handler$cdg000$unloadWorldScreenshot(Lnet/minecraft/client/gui/screen/Screen;Lorg/spongepowered/asm/mixin/injection/callback/CallbackInfo;)V+21
j  net.minecraft.client.Minecraft.func_213231_b(Lnet/minecraft/client/gui/screen/Screen;)V+49
j  net.minecraft.client.Minecraft.func_213254_o()V+8
j  net.minecraft.client.Minecraft.func_71405_e()V+66
j  net.minecraft.client.main.Main.main([Ljava/lang/String;)V+1445
v  ~StubRoutines::call_stub
j  sun.reflect.NativeMethodAccessorImpl.invoke0(Ljava/lang/reflect/Method;Ljava/lang/Object;[Ljava/lang/Object;)Ljava/lang/Object;+0
j  sun.reflect.NativeMethodAccessorImpl.invoke(Ljava/lang/Object;[Ljava/lang/Object;)Ljava/lang/Object;+100
J 2369 C1 sun.reflect.DelegatingMethodAccessorImpl.invoke(Ljava/lang/Object;[Ljava/lang/Object;)Ljava/lang/Object; (10 bytes) @ 0x0000000003005c4c [0x0000000003005b40+0x10c]
J 2368 C1 java.lang.reflect.Method.invoke(Ljava/lang/Object;[Ljava/lang/Object;)Ljava/lang/Object; (62 bytes) @ 0x00000000030063ec [0x0000000003006000+0x3ec]
j  net.minecraftforge.fml.loading.FMLClientLaunchProvider.lambda$launchService$0(Lcpw/mods/modlauncher/api/ITransformingClassLoader;[Ljava/lang/String;)Ljava/lang/Void;+50
j  net.minecraftforge.fml.loading.FMLClientLaunchProvider$$Lambda$502.call()Ljava/lang/Object;+12
j  cpw.mods.modlauncher.LaunchServiceHandlerDecorator.launch([Ljava/lang/String;Lcpw/mods/modlauncher/api/ITransformingClassLoader;)V+11
j  cpw.mods.modlauncher.LaunchServiceHandler.launch(Ljava/lang/String;[Ljava/lang/String;Lcpw/mods/modlauncher/TransformingClassLoader;Lcpw/mods/modlauncher/LaunchPluginHandler;)V+57
j  cpw.mods.modlauncher.LaunchServiceHandler.launch(Lcpw/mods/modlauncher/ArgumentHandler;Lcpw/mods/modlauncher/TransformingClassLoader;Lcpw/mods/modlauncher/LaunchPluginHandler;)V+19
j  cpw.mods.modlauncher.Launcher.run([Ljava/lang/String;)V+116
j  cpw.mods.modlauncher.Launcher.main([Ljava/lang/String;)V+37
v  ~StubRoutines::call_stub

---------------  P R O C E S S  ---------------

Java Threads: ( => current thread )
  0x00000000797f0800 JavaThread "Worker-Main-18" daemon [_thread_blocked, id=17344, stack(0x00000000604a0000,0x00000000605a0000)]
  0x0000000166542000 JavaThread "lava-daemon-pool-info-loader-59-thread-6" daemon [_thread_blocked, id=17796, stack(0x0000000151ff0000,0x00000001520f0000)]
  0x00000000267b7000 JavaThread "LavaPlayer Audio Thread" [_thread_blocked, id=19328, stack(0x00000000603a0000,0x00000000604a0000)]
  0x00000000267b9000 JavaThread "lava-daemon-pool-manager-60-thread-1" daemon [_thread_blocked, id=11568, stack(0x00000000602a0000,0x00000000603a0000)]
  0x00000000267b4800 JavaThread "LavaPlayer Audio Thread" [_thread_blocked, id=15784, stack(0x000000005fc90000,0x000000005fd90000)]
  0x00000000267b4000 JavaThread "lava-daemon-pool-manager-57-thread-1" daemon [_thread_blocked, id=21704, stack(0x000000005fb90000,0x000000005fc90000)]
  0x0000000036bc0000 JavaThread "lava-daemon-pool-info-loader-53-thread-10" daemon [_thread_blocked, id=24052, stack(0x000000015b5f0000,0x000000015b6f0000)]
  0x000000003b2a2800 JavaThread "LavaPlayer Audio Thread" [_thread_blocked, id=28172, stack(0x000000005f290000,0x000000005f390000)]
  0x000000003b2a5800 JavaThread "lava-daemon-pool-manager-54-thread-1" daemon [_thread_blocked, id=36564, stack(0x000000005f190000,0x000000005f290000)]
  0x000000003b2a4000 JavaThread "LavaPlayer Audio Thread" [_thread_blocked, id=17420, stack(0x000000005f090000,0x000000005f190000)]
  0x000000003b29b000 JavaThread "lava-daemon-pool-manager-51-thread-1" daemon [_thread_blocked, id=30424, stack(0x000000005ef90000,0x000000005f090000)]
  0x0000000034b9f000 JavaThread "lava-daemon-pool-info-loader-47-thread-9" daemon [_thread_blocked, id=23020, stack(0x00000001531c0000,0x00000001532c0000)]
  0x0000000166548000 JavaThread "LavaPlayer Audio Thread" [_thread_blocked, id=27976, stack(0x00000000601a0000,0x00000000602a0000)]
  0x0000000166545800 JavaThread "lava-daemon-pool-manager-48-thread-1" daemon [_thread_blocked, id=26788, stack(0x00000000600a0000,0x00000000601a0000)]
  0x0000000166547000 JavaThread "LavaPlayer Audio Thread" [_thread_blocked, id=1812, stack(0x000000005fea0000,0x000000005ffa0000)]
  0x0000000166545000 JavaThread "lava-daemon-pool-manager-45-thread-1" daemon [_thread_blocked, id=33740, stack(0x0000000029300000,0x0000000029400000)]
  0x0000000166537800 JavaThread "Chunk Render Task Executor #9" [_thread_blocked, id=35716, stack(0x00000000998e0000,0x00000000999e0000)]
  0x0000000166536800 JavaThread "Chunk Render Task Executor #8" [_thread_blocked, id=33244, stack(0x0000000098f80000,0x0000000099080000)]
  0x000000016653c800 JavaThread "Chunk Render Task Executor #7" [_thread_blocked, id=33644, stack(0x0000000098ac0000,0x0000000098bc0000)]
  0x000000016653d800 JavaThread "Chunk Render Task Executor #6" [_thread_blocked, id=24740, stack(0x00000000989c0000,0x0000000098ac0000)]
  0x0000000166539000 JavaThread "Chunk Render Task Executor #5" [_thread_blocked, id=1768, stack(0x00000000988c0000,0x00000000989c0000)]
  0x0000000166536000 JavaThread "Chunk Render Task Executor #4" [_thread_blocked, id=2776, stack(0x00000000980a0000,0x00000000981a0000)]
  0x000000016653a800 JavaThread "Chunk Render Task Executor #3" [_thread_blocked, id=35104, stack(0x0000000097b50000,0x0000000097c50000)]
  0x0000000166531800 JavaThread "Chunk Render Task Executor #2" [_thread_blocked, id=16516, stack(0x0000000097a50000,0x0000000097b50000)]
  0x0000000166532000 JavaThread "Chunk Render Task Executor #1" [_thread_blocked, id=10380, stack(0x00000000970a0000,0x00000000971a0000)]
  0x0000000166535000 JavaThread "Chunk Render Task Executor #0" [_thread_blocked, id=16060, stack(0x0000000044dd0000,0x0000000044ed0000)]
  0x0000000166533800 JavaThread "pool-12-thread-1" [_thread_blocked, id=3496, stack(0x0000000151bf0000,0x0000000151cf0000)]
  0x000000016652f000 JavaThread "ForkJoinPool.commonPool-worker-7" daemon [_thread_blocked, id=13964, stack(0x0000000151650000,0x0000000151750000)]
  0x000000016652d000 JavaThread "ForkJoinPool.commonPool-worker-0" daemon [_thread_blocked, id=28572, stack(0x0000000151550000,0x0000000151650000)]
  0x0000000166530800 JavaThread "ForkJoinPool.commonPool-worker-12" daemon [_thread_blocked, id=36244, stack(0x0000000151110000,0x0000000151210000)]
  0x000000016652c000 JavaThread "ForkJoinPool.commonPool-worker-5" daemon [_thread_blocked, id=10096, stack(0x0000000151010000,0x0000000151110000)]
  0x000000016652b800 JavaThread "ForkJoinPool.commonPool-worker-14" daemon [_thread_blocked, id=14736, stack(0x0000000150f10000,0x0000000151010000)]
  0x000000016652a800 JavaThread "ForkJoinPool.commonPool-worker-10" daemon [_thread_blocked, id=15004, stack(0x0000000150e10000,0x0000000150f10000)]
  0x000000003641d800 JavaThread "ForkJoinPool.commonPool-worker-3" daemon [_thread_blocked, id=32120, stack(0x0000000150d10000,0x0000000150e10000)]
  0x00000000797e9800 JavaThread "ForkJoinPool.commonPool-worker-8" daemon [_thread_blocked, id=5300, stack(0x0000000150c10000,0x0000000150d10000)]
  0x00000000797ef800 JavaThread "ForkJoinPool.commonPool-worker-1" daemon [_thread_blocked, id=34900, stack(0x0000000150b10000,0x0000000150c10000)]
  0x0000000038d3d000 JavaThread "ForkJoinPool.commonPool-worker-15" daemon [_thread_blocked, id=36272, stack(0x0000000150a10000,0x0000000150b10000)]
  0x0000000038d3c000 JavaThread "ForkJoinPool.commonPool-worker-6" daemon [_thread_blocked, id=14560, stack(0x0000000150910000,0x0000000150a10000)]
  0x0000000038d42000 JavaThread "ForkJoinPool.commonPool-worker-13" daemon [_thread_blocked, id=25076, stack(0x0000000150810000,0x0000000150910000)]
  0x0000000036bcb000 JavaThread "ForkJoinPool.commonPool-worker-4" daemon [_thread_blocked, id=14064, stack(0x0000000150710000,0x0000000150810000)]
  0x0000000036bcd800 JavaThread "ForkJoinPool.commonPool-worker-11" daemon [_thread_blocked, id=11148, stack(0x0000000150610000,0x0000000150710000)]
  0x0000000036bc9800 JavaThread "ForkJoinPool.commonPool-worker-2" daemon [_thread_blocked, id=26568, stack(0x00000000bbce0000,0x00000000bbde0000)]
  0x000000003b29e000 JavaThread "Sound engine" daemon [_thread_blocked, id=31316, stack(0x00000000609a0000,0x0000000060aa0000)]
  0x0000000035dd5000 JavaThread "lava-daemon-pool-info-loader-41-thread-2" daemon [_thread_blocked, id=22828, stack(0x000000005ffa0000,0x00000000600a0000)]
  0x0000000035dd4800 JavaThread "LavaPlayer Audio Thread" [_thread_blocked, id=3120, stack(0x000000005fda0000,0x000000005fea0000)]
  0x0000000035dda800 JavaThread "lava-daemon-pool-manager-42-thread-1" daemon [_thread_blocked, id=35220, stack(0x0000000057320000,0x0000000057420000)]
  0x0000000035dc8800 JavaThread "LavaPlayer Audio Thread" [_thread_blocked, id=23372, stack(0x0000000057220000,0x0000000057320000)]
  0x0000000036bc8000 JavaThread "lava-daemon-pool-manager-39-thread-1" daemon [_thread_blocked, id=21976, stack(0x00000000441d0000,0x00000000442d0000)]
  0x0000000035ddd800 JavaThread "lava-daemon-pool-info-loader-35-thread-7" daemon [_thread_blocked, id=12816, stack(0x00000000982a0000,0x00000000983a0000)]
  0x0000000035dd9800 JavaThread "LavaPlayer Audio Thread" [_thread_blocked, id=27012, stack(0x0000000056960000,0x0000000056a60000)]
  0x0000000035dd3800 JavaThread "lava-daemon-pool-manager-36-thread-1" daemon [_thread_blocked, id=9896, stack(0x0000000056760000,0x0000000056860000)]
  0x0000000035dd6000 JavaThread "LavaPlayer Audio Thread" [_thread_blocked, id=13268, stack(0x0000000053410000,0x0000000053510000)]
  0x0000000035dd2000 JavaThread "lava-daemon-pool-manager-33-thread-1" daemon [_thread_blocked, id=24780, stack(0x000000003ea10000,0x000000003eb10000)]
  0x0000000035dd3000 JavaThread "lava-daemon-pool-info-loader-29-thread-7" daemon [_thread_blocked, id=15832, stack(0x0000000097950000,0x0000000097a50000)]
  0x0000000035dcd800 JavaThread "LavaPlayer Audio Thread" [_thread_blocked, id=12628, stack(0x0000000053100000,0x0000000053200000)]
  0x0000000035dce800 JavaThread "lava-daemon-pool-manager-30-thread-1" daemon [_thread_blocked, id=14748, stack(0x0000000044fd0000,0x00000000450d0000)]
  0x0000000035dcc000 JavaThread "LavaPlayer Audio Thread" [_thread_blocked, id=19420, stack(0x0000000044bd0000,0x0000000044cd0000)]
  0x0000000035dc6000 JavaThread "lava-daemon-pool-manager-27-thread-1" daemon [_thread_blocked, id=21632, stack(0x00000000333d0000,0x00000000334d0000)]
  0x0000000035ddf000 JavaThread "lava-daemon-pool-info-loader-23-thread-5" daemon [_thread_blocked, id=28212, stack(0x00000000981a0000,0x00000000982a0000)]
  0x0000000035dd9000 JavaThread "LavaPlayer Audio Thread" [_thread_blocked, id=4272, stack(0x0000000097850000,0x0000000097950000)]
  0x0000000035ddc000 JavaThread "lava-daemon-pool-manager-24-thread-1" daemon [_thread_blocked, id=1152, stack(0x00000000974f0000,0x00000000975f0000)]
  0x0000000035dd8000 JavaThread "LavaPlayer Audio Thread" [_thread_blocked, id=1216, stack(0x00000000971b0000,0x00000000972b0000)]
  0x0000000035dd7800 JavaThread "lava-daemon-pool-manager-21-thread-1" daemon [_thread_blocked, id=23732, stack(0x00000000446d0000,0x00000000447d0000)]
  0x0000000035dd6800 JavaThread "Narrator" [_thread_blocked, id=26176, stack(0x000000005cfe0000,0x000000005d0e0000)]
  0x0000000035dc7000 JavaThread "lava-daemon-pool-info-loader-17-thread-5" daemon [_thread_blocked, id=12636, stack(0x0000000056860000,0x0000000056960000)]
  0x0000000035dc7800 JavaThread "LavaPlayer Audio Thread" [_thread_blocked, id=35948, stack(0x0000000044ed0000,0x0000000044fd0000)]
  0x0000000035dcb800 JavaThread "lava-daemon-pool-manager-18-thread-1" daemon [_thread_blocked, id=28496, stack(0x0000000044ad0000,0x0000000044bd0000)]
  0x0000000035dc4000 JavaThread "LavaPlayer Audio Thread" [_thread_blocked, id=12552, stack(0x00000000444d0000,0x00000000445d0000)]
  0x0000000035dc3000 JavaThread "lava-daemon-pool-manager-15-thread-1" daemon [_thread_blocked, id=30432, stack(0x00000000442d0000,0x00000000443d0000)]
  0x0000000035dc9000 JavaThread "lava-daemon-pool-info-loader-11-thread-7" daemon [_thread_blocked, id=34012, stack(0x00000001520f0000,0x00000001521f0000)]
  0x0000000036bc9000 JavaThread "LavaPlayer Audio Thread" [_thread_blocked, id=35596, stack(0x00000001483e0000,0x00000001484e0000)]
  0x0000000034ba5800 JavaThread "lava-daemon-pool-manager-12-thread-1" daemon [_thread_blocked, id=32344, stack(0x00000000c1fc0000,0x00000000c20c0000)]
  0x0000000022904800 JavaThread "LavaPlayer Audio Thread" [_thread_blocked, id=24048, stack(0x000000005d0e0000,0x000000005d1e0000)]
  0x00000000267b7800 JavaThread "lava-daemon-pool-manager-9-thread-1" daemon [_thread_blocked, id=8368, stack(0x0000000044cd0000,0x0000000044dd0000)]
  0x00000000797eb000 JavaThread "Netty Client IO #4" daemon [_thread_in_native, id=11608, stack(0x0000000149d90000,0x0000000149e90000)]
  0x00000000797e8000 JavaThread "Litematica Chunk Batcher 15" daemon [_thread_blocked, id=35200, stack(0x00000000c2210000,0x00000000c2310000)]
  0x00000000797e7800 JavaThread "Litematica Chunk Batcher 14" daemon [_thread_blocked, id=35780, stack(0x00000000c2110000,0x00000000c2210000)]
  0x00000000797dd800 JavaThread "Litematica Chunk Batcher 13" daemon [_thread_blocked, id=14628, stack(0x00000000bdec0000,0x00000000bdfc0000)]
  0x00000000797e0800 JavaThread "Litematica Chunk Batcher 12" daemon [_thread_blocked, id=10540, stack(0x00000000bddc0000,0x00000000bdec0000)]
  0x00000000797e4800 JavaThread "Litematica Chunk Batcher 11" daemon [_thread_blocked, id=16284, stack(0x00000000bdcc0000,0x00000000bddc0000)]
  0x00000000797e3800 JavaThread "Litematica Chunk Batcher 10" daemon [_thread_blocked, id=34740, stack(0x00000000bdbc0000,0x00000000bdcc0000)]
  0x00000000797e1800 JavaThread "Litematica Chunk Batcher 9" daemon [_thread_blocked, id=9436, stack(0x00000000bdac0000,0x00000000bdbc0000)]
  0x00000000797e3000 JavaThread "Litematica Chunk Batcher 8" daemon [_thread_blocked, id=35460, stack(0x00000000bd9c0000,0x00000000bdac0000)]
  0x00000000797e0000 JavaThread "Litematica Chunk Batcher 7" daemon [_thread_blocked, id=9960, stack(0x00000000bd8c0000,0x00000000bd9c0000)]
  0x00000000797dc000 JavaThread "Litematica Chunk Batcher 6" daemon [_thread_blocked, id=33856, stack(0x00000000bd7c0000,0x00000000bd8c0000)]
  0x00000000797e2000 JavaThread "Litematica Chunk Batcher 5" daemon [_thread_blocked, id=24876, stack(0x00000000bd6c0000,0x00000000bd7c0000)]
  0x00000000797dd000 JavaThread "Litematica Chunk Batcher 4" daemon [_thread_blocked, id=18820, stack(0x00000000bd5c0000,0x00000000bd6c0000)]
  0x00000000797df000 JavaThread "Litematica Chunk Batcher 3" daemon [_thread_blocked, id=6112, stack(0x00000000bd4c0000,0x00000000bd5c0000)]
  0x00000000797de800 JavaThread "Litematica Chunk Batcher 2" daemon [_thread_blocked, id=29756, stack(0x00000000bd3c0000,0x00000000bd4c0000)]
  0x0000000036f09000 JavaThread "Litematica Chunk Batcher 1" daemon [_thread_blocked, id=12176, stack(0x00000000bd2c0000,0x00000000bd3c0000)]
  0x0000000038d3f000 JavaThread "Litematica Chunk Batcher 0" daemon [_thread_blocked, id=12052, stack(0x00000000bd1c0000,0x00000000bd2c0000)]
  0x00000000267bd800 JavaThread "Netty Client IO #3" daemon [_thread_in_native, id=35988, stack(0x0000000040de0000,0x0000000040ee0000)]
  0x00000000267be800 JavaThread "Netty Client IO #2" daemon [_thread_in_native, id=22324, stack(0x0000000097fa0000,0x00000000980a0000)]
  0x00000000267bd000 JavaThread "Netty Client IO #1" daemon [_thread_in_native, id=15028, stack(0x0000000097d10000,0x0000000097e10000)]
  0x0000000038d40800 JavaThread "Netty Client IO #0" daemon [_thread_in_native, id=34516, stack(0x0000000066920000,0x0000000066a20000)]
  0x0000000038d41800 JavaThread "ObjectCleanerThread" daemon [_thread_blocked, id=29736, stack(0x00000000666c0000,0x00000000667c0000)]
  0x0000000038d40000 JavaThread "Server Pinger #3" daemon [_thread_blocked, id=32840, stack(0x000000005b600000,0x000000005b700000)]
  0x0000000038d43000 JavaThread "Server Pinger #2" daemon [_thread_blocked, id=15064, stack(0x0000000053710000,0x0000000053810000)]
  0x0000000038d44800 JavaThread "Server Pinger #1" daemon [_thread_blocked, id=19396, stack(0x0000000053310000,0x0000000053410000)]
  0x0000000038d3a000 JavaThread "Thread-65" daemon [_thread_in_native, id=27480, stack(0x0000000053000000,0x0000000053100000)]
  0x0000000038d3d800 JavaThread "Server Pinger #0" daemon [_thread_blocked, id=20952, stack(0x00000000445d0000,0x00000000446d0000)]
  0x0000000038d3b800 JavaThread "spark-worker-pool-1-thread-4" daemon [_thread_blocked, id=34796, stack(0x0000000040a10000,0x0000000040b10000)]
  0x0000000038d3a800 JavaThread "lava-daemon-pool-playback-4-thread-1" daemon [_thread_blocked, id=1708, stack(0x0000000040690000,0x0000000040790000)]
  0x0000000034b9d800 JavaThread "spark-worker-pool-1-thread-3" daemon [_thread_blocked, id=21912, stack(0x00000000443d0000,0x00000000444d0000)]
  0x0000000034ba5000 JavaThread "Thread-62" daemon [_thread_blocked, id=29484, stack(0x0000000064310000,0x0000000064410000)]
  0x0000000034ba8000 JavaThread "Java2D Disposer" daemon [_thread_blocked, id=3236, stack(0x0000000063d20000,0x0000000063e20000)]
  0x0000000034ba6800 JavaThread "Thread-60" daemon [_thread_blocked, id=33884, stack(0x0000000063a20000,0x0000000063b20000)]
  0x0000000034b9c000 JavaThread "spark-worker-pool-1-thread-2" daemon [_thread_blocked, id=4628, stack(0x0000000076a80000,0x0000000076b80000)]
  0x0000000034ba2000 JavaThread "spark-worker-pool-1-thread-1" daemon [_thread_blocked, id=33724, stack(0x0000000076c40000,0x0000000076d40000)]
  0x0000000034b9b000 JavaThread "spark-monitor" daemon [_thread_blocked, id=13800, stack(0x0000000074180000,0x0000000074280000)]
  0x0000000034ba0800 JavaThread "pool-5-thread-1" [_thread_blocked, id=29000, stack(0x0000000074080000,0x0000000074180000)]
  0x0000000034b9e000 JavaThread "Thread-56" daemon [_thread_in_native, id=28884, stack(0x000000006b5d0000,0x000000006b6d0000)]
  0x00000000267ba800 JavaThread "Thread-55" daemon [_thread_in_native, id=34472, stack(0x0000000061ca0000,0x0000000061da0000)]
  0x0000000036422000 JavaThread "Thread-54" daemon [_thread_in_native, id=25084, stack(0x0000000058a20000,0x0000000058b20000)]
  0x000000003b2a8000 JavaThread "Thread-53" daemon [_thread_in_native, id=25916, stack(0x0000000056260000,0x0000000056360000)]
  0x000000003b2a7000 JavaThread "Thread-52" daemon [_thread_in_native, id=20964, stack(0x0000000059aa0000,0x0000000059ba0000)]
  0x000000003b2a8800 JavaThread "Thread-51" daemon [_thread_in_native, id=11268, stack(0x0000000053c00000,0x0000000053d00000)]
  0x000000003b2a6800 JavaThread "Thread-50" daemon [_thread_in_native, id=25148, stack(0x0000000053810000,0x0000000053910000)]
  0x000000003b29c800 JavaThread "Config Lib config file watcher" daemon [_thread_blocked, id=32200, stack(0x0000000052550000,0x0000000052650000)]
  0x000000003b2a3800 JavaThread "Thread-47" daemon [_thread_in_native, id=30692, stack(0x00000000522a0000,0x00000000523a0000)]
  0x0000000027c61800 JavaThread "pool-4-thread-16" [_thread_blocked, id=11180, stack(0x000000004c640000,0x000000004c740000)]
  0x0000000027c60000 JavaThread "pool-4-thread-15" [_thread_blocked, id=33456, stack(0x000000004c540000,0x000000004c640000)]
  0x0000000027c61000 JavaThread "pool-4-thread-14" [_thread_blocked, id=19620, stack(0x000000004be50000,0x000000004bf50000)]
  0x0000000027c5e800 JavaThread "pool-4-thread-13" [_thread_blocked, id=29176, stack(0x000000004c040000,0x000000004c140000)]
  0x0000000027c5e000 JavaThread "pool-4-thread-12" [_thread_blocked, id=31172, stack(0x000000004bb50000,0x000000004bc50000)]
  0x0000000027c63000 JavaThread "Thread-45" daemon [_thread_in_native, id=30628, stack(0x000000004ba50000,0x000000004bb50000)]
  0x0000000027c62800 JavaThread "Thread-44" daemon [_thread_in_native, id=4776, stack(0x000000004b950000,0x000000004ba50000)]
  0x0000000027c56800 JavaThread "Thread-43" daemon [_thread_in_native, id=8628, stack(0x000000004b850000,0x000000004b950000)]
  0x0000000027c5b000 JavaThread "pool-4-thread-11" [_thread_blocked, id=35312, stack(0x000000004b750000,0x000000004b850000)]
  0x0000000027c5a000 JavaThread "pool-4-thread-10" [_thread_blocked, id=13984, stack(0x000000004b650000,0x000000004b750000)]
  0x0000000027c58000 JavaThread "Thread-42" daemon [_thread_in_native, id=28616, stack(0x000000004b550000,0x000000004b650000)]
  0x0000000027c5b800 JavaThread "Thread-41" daemon [_thread_in_native, id=11208, stack(0x000000004b450000,0x000000004b550000)]
  0x0000000027c59800 JavaThread "Thread-40" daemon [_thread_in_native, id=36608, stack(0x000000004b150000,0x000000004b250000)]
  0x0000000027c58800 JavaThread "Thread-39" daemon [_thread_in_native, id=32416, stack(0x000000004b050000,0x000000004b150000)]
  0x0000000027c55800 JavaThread "Thread-38" daemon [_thread_in_native, id=21136, stack(0x000000004af50000,0x000000004b050000)]
  0x0000000036bc6000 JavaThread "pool-4-thread-9" [_thread_blocked, id=28320, stack(0x000000004ae50000,0x000000004af50000)]
  0x0000000036f0b000 JavaThread "Thread-37" daemon [_thread_in_native, id=21756, stack(0x0000000049ef0000,0x0000000049ff0000)]
  0x000000003641d000 JavaThread "Thread-36" daemon [_thread_in_native, id=18640, stack(0x000000004ab50000,0x000000004ac50000)]
  0x0000000036f16800 JavaThread "Thread-35" daemon [_thread_in_native, id=3156, stack(0x000000004a2f0000,0x000000004a3f0000)]
  0x0000000036f15800 JavaThread "pool-4-thread-6" [_thread_blocked, id=9796, stack(0x000000004aa50000,0x000000004ab50000)]
  0x0000000036f15000 JavaThread "pool-4-thread-8" [_thread_blocked, id=27016, stack(0x000000004a950000,0x000000004aa50000)]
  0x0000000036f12800 JavaThread "pool-4-thread-7" [_thread_blocked, id=35416, stack(0x000000004a850000,0x000000004a950000)]
  0x0000000036f17000 JavaThread "pool-4-thread-5" [_thread_blocked, id=16852, stack(0x000000004a750000,0x000000004a850000)]
  0x0000000036f0d800 JavaThread "Thread-34" daemon [_thread_in_native, id=21544, stack(0x000000004a650000,0x000000004a750000)]
  0x0000000036f14000 JavaThread "Thread-33" daemon [_thread_in_native, id=11880, stack(0x000000004a1f0000,0x000000004a2f0000)]
  0x0000000036f13800 JavaThread "Thread-31" daemon [_thread_in_native, id=16056, stack(0x00000000493c0000,0x00000000494c0000)]
  0x0000000036f12000 JavaThread "pool-4-thread-4" [_thread_blocked, id=25096, stack(0x0000000040ee0000,0x0000000040fe0000)]
  0x0000000036f0a800 JavaThread "Thread-30" daemon [_thread_in_native, id=10324, stack(0x00000000492c0000,0x00000000493c0000)]
  0x0000000036f11000 JavaThread "pool-4-thread-3" [_thread_blocked, id=5368, stack(0x00000000488f0000,0x00000000489f0000)]
  0x0000000036f09800 JavaThread "pool-4-thread-2" [_thread_blocked, id=31924, stack(0x00000000487f0000,0x00000000488f0000)]
  0x0000000036f10800 JavaThread "pool-4-thread-1" [_thread_blocked, id=3276, stack(0x00000000470e0000,0x00000000471e0000)]
  0x0000000036f0c800 JavaThread "Thread-29" daemon [_thread_in_native, id=18408, stack(0x0000000048dc0000,0x0000000048ec0000)]
  0x0000000036f0e000 JavaThread "Thread-28" daemon [_thread_in_native, id=20424, stack(0x0000000048cc0000,0x0000000048dc0000)]
  0x0000000036f0f800 JavaThread "Thread-27" daemon [_thread_blocked, id=22932, stack(0x0000000048bc0000,0x0000000048cc0000)]
  0x0000000036f08000 JavaThread "Java Sound Event Dispatcher" daemon [_thread_blocked, id=22224, stack(0x00000000458d0000,0x00000000459d0000)]
  0x0000000036f0f000 JavaThread "Thread-25" daemon [_thread_blocked, id=15860, stack(0x000000003ff10000,0x0000000040010000)]
  0x000000003641e800 JavaThread "lava-daemon-pool-info-loader-5-thread-9" daemon [_thread_blocked, id=33340, stack(0x0000000040ce0000,0x0000000040de0000)]
  0x00000000267ba000 JavaThread "LavaPlayer Audio Thread" daemon [_thread_blocked, id=5708, stack(0x000000003fc10000,0x000000003fd10000)]
  0x00000000267b1800 JavaThread "lava-daemon-pool-manager-6-thread-1" daemon [_thread_blocked, id=33928, stack(0x000000003fb10000,0x000000003fc10000)]
  0x00000000267b8800 JavaThread "LavaPlayer Audio Thread" daemon [_thread_blocked, id=21252, stack(0x000000003f520000,0x000000003f620000)]
  0x00000000267b5800 JavaThread "Thread-24" daemon [_thread_in_native, id=23568, stack(0x000000003ed10000,0x000000003ee10000)]
  0x00000000267b2800 JavaThread "lava-daemon-pool-manager-3-thread-1" daemon [_thread_blocked, id=11120, stack(0x0000000045ac0000,0x0000000045bc0000)]
  0x0000000036bc4800 JavaThread "Snooper Timer" daemon [_thread_blocked, id=34712, stack(0x0000000039a10000,0x0000000039b10000)]
  0x0000000036bc6800 JavaThread "Timer hack thread" daemon [_thread_blocked, id=28268, stack(0x0000000032150000,0x0000000032250000)]
  0x0000000036415800 JavaThread "Thread-20" daemon [_thread_in_native, id=29852, stack(0x000000003aac0000,0x000000003abc0000)]
  0x0000000036419000 JavaThread "Thread-19" daemon [_thread_in_native, id=4244, stack(0x000000003a9c0000,0x000000003aac0000)]
  0x0000000036417800 JavaThread "Thread-18" daemon [_thread_in_native, id=11648, stack(0x000000003a8c0000,0x000000003a9c0000)]
  0x0000000036417000 JavaThread "Thread-17" daemon [_thread_in_native, id=9532, stack(0x000000003a7c0000,0x000000003a8c0000)]
  0x0000000036418800 JavaThread "Thread-16" daemon [_thread_in_native, id=34028, stack(0x000000003a6c0000,0x000000003a7c0000)]
  0x0000000036413000 JavaThread "Thread-15" daemon [_thread_in_native, id=544, stack(0x000000003a5c0000,0x000000003a6c0000)]
  0x0000000036414800 JavaThread "Thread-14" daemon [_thread_in_native, id=6240, stack(0x000000003a4c0000,0x000000003a5c0000)]
  0x0000000036416000 JavaThread "Thread-13" daemon [_thread_in_native, id=28444, stack(0x000000003a3c0000,0x000000003a4c0000)]
  0x000000003641a000 JavaThread "Thread-12" daemon [_thread_in_native, id=20520, stack(0x000000003a2c0000,0x000000003a3c0000)]
  0x0000000022906000 JavaThread "Thread-11" daemon [_thread_in_native, id=18348, stack(0x000000003a1c0000,0x000000003a2c0000)]
  0x0000000022907800 JavaThread "Thread-10" daemon [_thread_in_native, id=22232, stack(0x000000003a0c0000,0x000000003a1c0000)]
  0x0000000022905800 JavaThread "Thread-9" daemon [_thread_in_native, id=15712, stack(0x0000000039fc0000,0x000000003a0c0000)]
  0x00000000347bc000 JavaThread "Thread-8" daemon [_thread_in_native, id=25892, stack(0x0000000039ec0000,0x0000000039fc0000)]
  0x000000002799a000 JavaThread "Thread-7" daemon [_thread_in_native, id=20580, stack(0x0000000039dc0000,0x0000000039ec0000)]
  0x000000002fdcb000 JavaThread "Thread-6" daemon [_thread_in_native, id=12456, stack(0x0000000039cc0000,0x0000000039dc0000)]
  0x0000000035f6f800 JavaThread "Thread-5" daemon [_thread_in_native, id=30016, stack(0x0000000039bc0000,0x0000000039cc0000)]
  0x00000000279c6800 JavaThread "Thread-4" daemon [_thread_in_native, id=13288, stack(0x0000000032a00000,0x0000000032b00000)]
  0x0000000026035000 JavaThread "Thread-2" daemon [_thread_in_native, id=24556, stack(0x00000000287e0000,0x00000000288e0000)]
  0x0000000025e5d000 JavaThread "Thread-1" daemon [_thread_blocked, id=30384, stack(0x00000000286e0000,0x00000000287e0000)]
  0x000000002299f800 JavaThread "Service Thread" daemon [_thread_blocked, id=30176, stack(0x0000000025100000,0x0000000025200000)]
  0x0000000022908800 JavaThread "C1 CompilerThread11" daemon [_thread_blocked, id=10012, stack(0x0000000025000000,0x0000000025100000)]
  0x0000000022904000 JavaThread "C1 CompilerThread10" daemon [_thread_blocked, id=12220, stack(0x0000000024f00000,0x0000000025000000)]
  0x0000000022903000 JavaThread "C1 CompilerThread9" daemon [_thread_blocked, id=24996, stack(0x0000000024e00000,0x0000000024f00000)]
  0x0000000022909000 JavaThread "C1 CompilerThread8" daemon [_thread_blocked, id=35056, stack(0x0000000024c00000,0x0000000024d00000)]
  0x0000000022907000 JavaThread "C2 CompilerThread7" daemon [_thread_blocked, id=14268, stack(0x0000000024b00000,0x0000000024c00000)]
  0x00000000228d9800 JavaThread "C2 CompilerThread6" daemon [_thread_blocked, id=20396, stack(0x0000000024a00000,0x0000000024b00000)]
  0x00000000228d1000 JavaThread "C2 CompilerThread5" daemon [_thread_blocked, id=28340, stack(0x0000000024900000,0x0000000024a00000)]
  0x00000000228c3800 JavaThread "C2 CompilerThread4" daemon [_thread_blocked, id=30132, stack(0x0000000024800000,0x0000000024900000)]
  0x00000000228ba800 JavaThread "C2 CompilerThread3" daemon [_thread_blocked, id=9404, stack(0x0000000024700000,0x0000000024800000)]
  0x00000000228b7800 JavaThread "C2 CompilerThread2" daemon [_thread_blocked, id=17280, stack(0x0000000024600000,0x0000000024700000)]
  0x00000000228b3800 JavaThread "C2 CompilerThread1" daemon [_thread_blocked, id=12748, stack(0x0000000024500000,0x0000000024600000)]
  0x00000000228ae000 JavaThread "C2 CompilerThread0" daemon [_thread_blocked, id=36024, stack(0x0000000024400000,0x0000000024500000)]
  0x00000000228ad800 JavaThread "Attach Listener" daemon [_thread_blocked, id=18452, stack(0x0000000024300000,0x0000000024400000)]
  0x00000000228a9800 JavaThread "Signal Dispatcher" daemon [_thread_blocked, id=22060, stack(0x0000000024200000,0x0000000024300000)]
  0x0000000020e13000 JavaThread "Finalizer" daemon [_thread_blocked, id=14880, stack(0x0000000024100000,0x0000000024200000)]
  0x0000000020e0a000 JavaThread "Reference Handler" daemon [_thread_blocked, id=5092, stack(0x0000000024000000,0x0000000024100000)]
=>0x00000000025d4000 JavaThread "Render thread" [_thread_in_native, id=10944, stack(0x00000000024d0000,0x00000000025d0000)]

Other Threads:
  0x0000000022874000 VMThread [stack: 0x0000000023f00000,0x0000000024000000] [id=36172]
  0x00000000229a0800 WatcherThread [stack: 0x0000000025200000,0x0000000025300000] [id=10640]

VM state:not at safepoint (normal execution)

VM Mutex/Monitor currently owned by a thread: None

Heap:
 PSYoungGen      total 1368064K, used 169659K [0x0000000742000000, 0x0000000798100000, 0x00000007c0000000)
  eden space 1331712K, 11% used [0x0000000742000000,0x000000074b802b48,0x0000000793480000)
  from space 36352K, 38% used [0x0000000793480000,0x000000079422c280,0x0000000795800000)
  to   space 35328K, 0% used [0x0000000795e80000,0x0000000795e80000,0x0000000798100000)
 ParOldGen       total 1937408K, used 1649080K [0x0000000646000000, 0x00000006bc400000, 0x0000000742000000)
  object space 1937408K, 85% used [0x0000000646000000,0x00000006aaa6e018,0x00000006bc400000)
 Metaspace       used 258108K, capacity 293152K, committed 293260K, reserved 1288192K
  class space    used 44267K, capacity 53815K, committed 53900K, reserved 1048576K

Card table byte_map: [0x0000000011a90000,0x0000000012670000] byte_map_base: 0x000000000e860000

Marking Bits: (ParMarkBitMap*) 0x0000000054824040
 Begin Bits: [0x0000000013b50000, 0x00000000199d0000)
 End Bits:   [0x00000000199d0000, 0x000000001f850000)

Polling page: 0x0000000000a30000

CodeCache: size=245760Kb used=142279Kb max_used=142726Kb free=103480Kb
 bounds [0x00000000026d0000, 0x000000000b310000, 0x00000000116d0000]
 total_blobs=40772 nmethods=38094 adapters=2580
 compilation: enabled

Compilation events (10 events):
Event: 1084.164 Thread 0x0000000022907000 nmethod 55280 0x000000000a323710 code [0x000000000a323880, 0x000000000a323ce8]
Event: 1084.365 Thread 0x00000000228b3800 55281       4       cjminecraft.doubleslabs.common.config.DSConfig$$Lambda$17176/1877113306::test (12 bytes)
Event: 1084.365 Thread 0x00000000228d9800 55282       4       cjminecraft.doubleslabs.common.config.DSConfig::lambda$isBlockPresent$1 (75 bytes)
Event: 1084.380 Thread 0x00000000228d9800 nmethod 55282 0x000000000b128190 code [0x000000000b1283c0, 0x000000000b1291c0]
Event: 1084.380 Thread 0x00000000228b3800 nmethod 55281 0x000000000a1fad10 code [0x000000000a1faf40, 0x000000000a1fbe60]
Event: 1084.708 Thread 0x00000000228c3800 55283       4       net.minecraft.world.lighting.BlockLightEngine::getPropagatedLevel (243 bytes)
Event: 1084.779 Thread 0x00000000228c3800 nmethod 55283 0x000000000b230c10 code [0x000000000b231040, 0x000000000b234b60]
Event: 1085.304 Thread 0x00000000228ae000 55284       4       net.diebuddies.physics.DynamicsWorld::removeActor (9 bytes)
Event: 1085.306 Thread 0x00000000228ae000 nmethod 55284 0x0000000009b89810 code [0x0000000009b89960, 0x0000000009b89a48]
Event: 1085.331 Thread 0x0000000022907000 55285       4       net.coderbot.iris.Iris::getCurrentDimension (85 bytes)

GC Heap History (10 events):
Event: 1061.214 GC heap before
{Heap before GC invocations=204 (full 7):
 PSYoungGen      total 1356800K, used 1333328K [0x0000000742000000, 0x0000000797800000, 0x00000007c0000000)
  eden space 1316864K, 100% used [0x0000000742000000,0x0000000792600000,0x0000000792600000)
  from space 39936K, 41% used [0x0000000795100000,0x0000000796114270,0x0000000797800000)
  to   space 41984K, 0% used [0x0000000792600000,0x0000000792600000,0x0000000794f00000)
 ParOldGen       total 1937408K, used 1647167K [0x0000000646000000, 0x00000006bc400000, 0x0000000742000000)
  object space 1937408K, 85% used [0x0000000646000000,0x00000006aa88fde0,0x00000006bc400000)
 Metaspace       used 258069K, capacity 293104K, committed 293260K, reserved 1288192K
  class space    used 44257K, capacity 53803K, committed 53900K, reserved 1048576K
Event: 1061.228 GC heap after
Heap after GC invocations=204 (full 7):
 PSYoungGen      total 1358848K, used 14608K [0x0000000742000000, 0x0000000797c80000, 0x00000007c0000000)
  eden space 1316864K, 0% used [0x0000000742000000,0x0000000742000000,0x0000000792600000)
  from space 41984K, 34% used [0x0000000792600000,0x0000000793444270,0x0000000794f00000)
  to   space 40448K, 0% used [0x0000000795500000,0x0000000795500000,0x0000000797c80000)
 ParOldGen       total 1937408K, used 1647643K [0x0000000646000000, 0x00000006bc400000, 0x0000000742000000)
  object space 1937408K, 85% used [0x0000000646000000,0x00000006aa906cc0,0x00000006bc400000)
 Metaspace       used 258069K, capacity 293104K, committed 293260K, reserved 1288192K
  class space    used 44257K, capacity 53803K, committed 53900K, reserved 1048576K
}
Event: 1066.830 GC heap before
{Heap before GC invocations=205 (full 7):
 PSYoungGen      total 1358848K, used 1331472K [0x0000000742000000, 0x0000000797c80000, 0x00000007c0000000)
  eden space 1316864K, 100% used [0x0000000742000000,0x0000000792600000,0x0000000792600000)
  from space 41984K, 34% used [0x0000000792600000,0x0000000793444270,0x0000000794f00000)
  to   space 40448K, 0% used [0x0000000795500000,0x0000000795500000,0x0000000797c80000)
 ParOldGen       total 1937408K, used 1647643K [0x0000000646000000, 0x00000006bc400000, 0x0000000742000000)
  object space 1937408K, 85% used [0x0000000646000000,0x00000006aa906cc0,0x00000006bc400000)
 Metaspace       used 258069K, capacity 293104K, committed 293260K, reserved 1288192K
  class space    used 44257K, capacity 53803K, committed 53900K, reserved 1048576K
Event: 1066.843 GC heap after
Heap after GC invocations=205 (full 7):
 PSYoungGen      total 1361920K, used 14640K [0x0000000742000000, 0x0000000797980000, 0x00000007c0000000)
  eden space 1324544K, 0% used [0x0000000742000000,0x0000000742000000,0x0000000792d80000)
  from space 37376K, 39% used [0x0000000795500000,0x000000079634c270,0x0000000797980000)
  to   space 38912K, 0% used [0x0000000792d80000,0x0000000792d80000,0x0000000795380000)
 ParOldGen       total 1937408K, used 1647779K [0x0000000646000000, 0x00000006bc400000, 0x0000000742000000)
  object space 1937408K, 85% used [0x0000000646000000,0x00000006aa928cc0,0x00000006bc400000)
 Metaspace       used 258069K, capacity 293104K, committed 293260K, reserved 1288192K
  class space    used 44257K, capacity 53803K, committed 53900K, reserved 1048576K
}
Event: 1072.497 GC heap before
{Heap before GC invocations=206 (full 7):
 PSYoungGen      total 1361920K, used 1339184K [0x0000000742000000, 0x0000000797980000, 0x00000007c0000000)
  eden space 1324544K, 100% used [0x0000000742000000,0x0000000792d80000,0x0000000792d80000)
  from space 37376K, 39% used [0x0000000795500000,0x000000079634c270,0x0000000797980000)
  to   space 38912K, 0% used [0x0000000792d80000,0x0000000792d80000,0x0000000795380000)
 ParOldGen       total 1937408K, used 1647779K [0x0000000646000000, 0x00000006bc400000, 0x0000000742000000)
  object space 1937408K, 85% used [0x0000000646000000,0x00000006aa928cc0,0x00000006bc400000)
 Metaspace       used 258073K, capacity 293108K, committed 293260K, reserved 1288192K
  class space    used 44257K, capacity 53803K, committed 53900K, reserved 1048576K
Event: 1072.511 GC heap after
Heap after GC invocations=206 (full 7):
 PSYoungGen      total 1363456K, used 14640K [0x0000000742000000, 0x0000000797f00000, 0x00000007c0000000)
  eden space 1324544K, 0% used [0x0000000742000000,0x0000000742000000,0x0000000792d80000)
  from space 38912K, 37% used [0x0000000792d80000,0x0000000793bcc280,0x0000000795380000)
  to   space 37888K, 0% used [0x0000000795a00000,0x0000000795a00000,0x0000000797f00000)
 ParOldGen       total 1937408K, used 1647944K [0x0000000646000000, 0x00000006bc400000, 0x0000000742000000)
  object space 1937408K, 85% used [0x0000000646000000,0x00000006aa952018,0x00000006bc400000)
 Metaspace       used 258073K, capacity 293108K, committed 293260K, reserved 1288192K
  class space    used 44257K, capacity 53803K, committed 53900K, reserved 1048576K
}
Event: 1078.614 GC heap before
{Heap before GC invocations=207 (full 7):
 PSYoungGen      total 1363456K, used 1339184K [0x0000000742000000, 0x0000000797f00000, 0x00000007c0000000)
  eden space 1324544K, 100% used [0x0000000742000000,0x0000000792d80000,0x0000000792d80000)
  from space 38912K, 37% used [0x0000000792d80000,0x0000000793bcc280,0x0000000795380000)
  to   space 37888K, 0% used [0x0000000795a00000,0x0000000795a00000,0x0000000797f00000)
 ParOldGen       total 1937408K, used 1647944K [0x0000000646000000, 0x00000006bc400000, 0x0000000742000000)
  object space 1937408K, 85% used [0x0000000646000000,0x00000006aa952018,0x00000006bc400000)
 Metaspace       used 258074K, capacity 293108K, committed 293260K, reserved 1288192K
  class space    used 44257K, capacity 53803K, committed 53900K, reserved 1048576K
Event: 1078.628 GC heap after
Heap after GC invocations=207 (full 7):
 PSYoungGen      total 1366016K, used 14608K [0x0000000742000000, 0x0000000797b80000, 0x00000007c0000000)
  eden space 1331712K, 0% used [0x0000000742000000,0x0000000742000000,0x0000000793480000)
  from space 34304K, 42% used [0x0000000795a00000,0x0000000796844280,0x0000000797b80000)
  to   space 36352K, 0% used [0x0000000793480000,0x0000000793480000,0x0000000795800000)
 ParOldGen       total 1937408K, used 1648088K [0x0000000646000000, 0x00000006bc400000, 0x0000000742000000)
  object space 1937408K, 85% used [0x0000000646000000,0x00000006aa976018,0x00000006bc400000)
 Metaspace       used 258074K, capacity 293108K, committed 293260K, reserved 1288192K
  class space    used 44257K, capacity 53803K, committed 53900K, reserved 1048576K
}
Event: 1084.540 GC heap before
{Heap before GC invocations=208 (full 7):
 PSYoungGen      total 1366016K, used 1346320K [0x0000000742000000, 0x0000000797b80000, 0x00000007c0000000)
  eden space 1331712K, 100% used [0x0000000742000000,0x0000000793480000,0x0000000793480000)
  from space 34304K, 42% used [0x0000000795a00000,0x0000000796844280,0x0000000797b80000)
  to   space 36352K, 0% used [0x0000000793480000,0x0000000793480000,0x0000000795800000)
 ParOldGen       total 1937408K, used 1648088K [0x0000000646000000, 0x00000006bc400000, 0x0000000742000000)
  object space 1937408K, 85% used [0x0000000646000000,0x00000006aa976018,0x00000006bc400000)
 Metaspace       used 258075K, capacity 293108K, committed 293260K, reserved 1288192K
  class space    used 44257K, capacity 53803K, committed 53900K, reserved 1048576K
Event: 1084.556 GC heap after
Heap after GC invocations=208 (full 7):
 PSYoungGen      total 1368064K, used 14000K [0x0000000742000000, 0x0000000798100000, 0x00000007c0000000)
  eden space 1331712K, 0% used [0x0000000742000000,0x0000000742000000,0x0000000793480000)
  from space 36352K, 38% used [0x0000000793480000,0x000000079422c280,0x0000000795800000)
  to   space 35328K, 0% used [0x0000000795e80000,0x0000000795e80000,0x0000000798100000)
 ParOldGen       total 1937408K, used 1649080K [0x0000000646000000, 0x00000006bc400000, 0x0000000742000000)
  object space 1937408K, 85% used [0x0000000646000000,0x00000006aaa6e018,0x00000006bc400000)
 Metaspace       used 258075K, capacity 293108K, committed 293260K, reserved 1288192K
  class space    used 44257K, capacity 53803K, committed 53900K, reserved 1048576K
}

Deoptimization events (10 events):
Event: 1080.751 Thread 0x00000000025d4000 Uncommon trap: reason=speculate_class_check action=maybe_recompile pc=0x000000000abf266c method=net.minecraft.entity.LivingEntity.func_70030_z()V @ 314
Event: 1080.751 Thread 0x00000000025d4000 Uncommon trap: reason=speculate_class_check action=maybe_recompile pc=0x000000000abf266c method=net.minecraft.entity.LivingEntity.func_70030_z()V @ 314
Event: 1085.296 Thread 0x00000000025d4000 Uncommon trap: reason=unstable_if action=reinterpret pc=0x00000000091a3bc0 method=org.lwjgl.glfw.GLFW.glfwWindowShouldClose(J)Z @ 20
Event: 1085.303 Thread 0x00000000025d4000 Uncommon trap: reason=unstable_if action=reinterpret pc=0x0000000004e0a158 method=net.minecraft.client.Minecraft.func_99999_d()V @ 56
Event: 1085.306 Thread 0x0000000034b9c800 Uncommon trap: reason=unstable_if action=reinterpret pc=0x000000000adf02e8 method=dev.tr7zw.entityculling.CullTask.run()V @ 7
Event: 1085.330 Thread 0x00000000025d4000 Uncommon trap: reason=unstable_if action=reinterpret pc=0x0000000008a6236c method=org.lwjgl.glfw.GLFW.glfwWindowShouldClose(J)Z @ 20
Event: 1085.331 Thread 0x00000000025d4000 Uncommon trap: reason=unstable_if action=reinterpret pc=0x0000000005a9be9c method=de.keksuccino.drippyloadingscreen.customization.CustomizationHandlerEvents.onTick(Lnet/minecraftforge/event/TickEvent$ClientTickEvent;)V @ 33
Event: 1085.331 Thread 0x00000000025d4000 Uncommon trap: reason=unstable_if action=reinterpret pc=0x000000000a8c2b24 method=net.minecraft.network.NetworkManager.func_150724_d()Z @ 16
Event: 1085.331 Thread 0x00000000025d4000 Uncommon trap: reason=unstable_if action=reinterpret pc=0x000000000a93918c method=org.lwjgl.glfw.GLFW.glfwWindowShouldClose(J)Z @ 20
Event: 1085.331 Thread 0x00000000025d4000 Uncommon trap: reason=unstable_if action=reinterpret pc=0x0000000009f57cc4 method=net.minecraft.client.renderer.GameRenderer.func_175070_n()Z @ 34

Internal exceptions (10 events):
Event: 1049.901 Thread 0x00000000025d4000 Exception <a 'java/lang/ClassCastException'> (0x0000000748dd14e8) thrown at [C:\re\workspace\8-2-build-windows-amd64-cygwin\jdk8u51\3951\hotspot\src\share\vm\runtime\sharedRuntime.cpp, line 605]
Event: 1049.901 Thread 0x00000000025d4000 Exception <a 'java/lang/ClassCastException'> (0x0000000748ddfe08) thrown at [C:\re\workspace\8-2-build-windows-amd64-cygwin\jdk8u51\3951\hotspot\src\share\vm\runtime\sharedRuntime.cpp, line 605]
Event: 1049.901 Thread 0x00000000025d4000 Exception <a 'java/lang/ClassCastException'> (0x0000000748de01d8) thrown at [C:\re\workspace\8-2-build-windows-amd64-cygwin\jdk8u51\3951\hotspot\src\share\vm\runtime\sharedRuntime.cpp, line 605]
Event: 1049.901 Thread 0x00000000025d4000 Exception <a 'java/lang/ClassCastException'> (0x0000000748de05a8) thrown at [C:\re\workspace\8-2-build-windows-amd64-cygwin\jdk8u51\3951\hotspot\src\share\vm\runtime\sharedRuntime.cpp, line 605]
Event: 1049.901 Thread 0x00000000025d4000 Exception <a 'java/lang/ClassCastException'> (0x0000000748de0bb8) thrown at [C:\re\workspace\8-2-build-windows-amd64-cygwin\jdk8u51\3951\hotspot\src\share\vm\runtime\sharedRuntime.cpp, line 605]
Event: 1049.901 Thread 0x00000000025d4000 Exception <a 'java/lang/ClassCastException'> (0x0000000748de0f88) thrown at [C:\re\workspace\8-2-build-windows-amd64-cygwin\jdk8u51\3951\hotspot\src\share\vm\runtime\sharedRuntime.cpp, line 605]
Event: 1049.901 Thread 0x00000000025d4000 Exception <a 'java/lang/ClassCastException'> (0x0000000748de1358) thrown at [C:\re\workspace\8-2-build-windows-amd64-cygwin\jdk8u51\3951\hotspot\src\share\vm\runtime\sharedRuntime.cpp, line 605]
Event: 1085.328 Thread 0x00000000025d4000 Exception <a 'java/lang/IllegalArgumentException': Wrong type at constant pool index> (0x000000074a7effd8) thrown at [C:\re\workspace\8-2-build-windows-amd64-cygwin\jdk8u51\3951\hotspot\src\share\vm\prims\jvm.cpp, line 2143]
Event: 1085.328 Thread 0x00000000025d4000 Exception <a 'java/lang/IllegalArgumentException': Wrong type at constant pool index> (0x000000074a7f0f08) thrown at [C:\re\workspace\8-2-build-windows-amd64-cygwin\jdk8u51\3951\hotspot\src\share\vm\prims\jvm.cpp, line 2143]
Event: 1085.328 Thread 0x00000000025d4000 Exception <a 'java/lang/IllegalArgumentException': Wrong type at constant pool index> (0x000000074a80e888) thrown at [C:\re\workspace\8-2-build-windows-amd64-cygwin\jdk8u51\3951\hotspot\src\share\vm\prims\jvm.cpp, line 2143]

Events (10 events):
Event: 1085.331 Thread 0x00000000025d4000 DEOPT UNPACKING pc=0x000000000271582a sp=0x00000000025ce6e8 mode 2
Event: 1085.331 Thread 0x00000000025d4000 Uncommon trap: trap_request=0xffffff65 fr.pc=0x000000000a8c2b24
Event: 1085.331 Thread 0x00000000025d4000 DEOPT PACKING pc=0x000000000a8c2b24 sp=0x00000000025ce840
Event: 1085.331 Thread 0x00000000025d4000 DEOPT UNPACKING pc=0x000000000271582a sp=0x00000000025ce7b0 mode 2
Event: 1085.331 Thread 0x00000000025d4000 Uncommon trap: trap_request=0xffffff65 fr.pc=0x000000000a93918c
Event: 1085.331 Thread 0x00000000025d4000 DEOPT PACKING pc=0x000000000a93918c sp=0x00000000025ce500
Event: 1085.331 Thread 0x00000000025d4000 DEOPT UNPACKING pc=0x000000000271582a sp=0x00000000025ce438 mode 2
Event: 1085.331 Thread 0x00000000025d4000 Uncommon trap: trap_request=0xffffff65 fr.pc=0x0000000009f57cc4
Event: 1085.331 Thread 0x00000000025d4000 DEOPT PACKING pc=0x0000000009f57cc4 sp=0x00000000025ce3d0
Event: 1085.331 Thread 0x00000000025d4000 DEOPT UNPACKING pc=0x000000000271582a sp=0x00000000025ce320 mode 2


Dynamic libraries:
0x00007ff6bb570000 - 0x00007ff6bb5a7000 	C:\Games\CurseForge\Minecraft\Install\runtime\jre-legacy\windows-x64\jre-legacy\bin\javaw.exe
0x00007ffe51310000 - 0x00007ffe51508000 	C:\Windows\SYSTEM32\ntdll.dll
0x00007ffe508b0000 - 0x00007ffe5096d000 	C:\Windows\System32\KERNEL32.DLL
0x00007ffe4eb70000 - 0x00007ffe4ee3e000 	C:\Windows\System32\KERNELBASE.dll
0x00007ffe506b0000 - 0x00007ffe5075e000 	C:\Windows\System32\ADVAPI32.dll
0x00007ffe50810000 - 0x00007ffe508ae000 	C:\Windows\System32\msvcrt.dll
0x00007ffe50760000 - 0x00007ffe507fc000 	C:\Windows\System32\sechost.dll
0x00007ffe4fda0000 - 0x00007ffe4fec5000 	C:\Windows\System32\RPCRT4.dll
0x00007ffe51130000 - 0x00007ffe512d0000 	C:\Windows\System32\USER32.dll
0x00007ffe4f2b0000 - 0x00007ffe4f2d2000 	C:\Windows\System32\win32u.dll
0x00007ffe50060000 - 0x00007ffe5008a000 	C:\Windows\System32\GDI32.dll
0x00007ffe4ea30000 - 0x00007ffe4eb3b000 	C:\Windows\System32\gdi32full.dll
0x00007ffe4f050000 - 0x00007ffe4f0ed000 	C:\Windows\System32\msvcp_win.dll
0x00007ffe4f0f0000 - 0x00007ffe4f1f0000 	C:\Windows\System32\ucrtbase.dll
0x00007ffe3da00000 - 0x00007ffe3dc9a000 	C:\Windows\WinSxS\amd64_microsoft.windows.common-controls_6595b64144ccf1df_6.0.19041.1110_none_60b5254171f9507e\COMCTL32.dll
0x00007ffe50970000 - 0x00007ffe509a0000 	C:\Windows\System32\IMM32.DLL
0x0000000054ef0000 - 0x0000000054fc2000 	C:\Games\CurseForge\Minecraft\Install\runtime\jre-legacy\windows-x64\jre-legacy\bin\msvcr100.dll
0x0000000054020000 - 0x00000000548a3000 	C:\Games\CurseForge\Minecraft\Install\runtime\jre-legacy\windows-x64\jre-legacy\bin\server\jvm.dll
0x00007ffe50800000 - 0x00007ffe50808000 	C:\Windows\System32\PSAPI.DLL
0x00007ffe45360000 - 0x00007ffe4536a000 	C:\Windows\SYSTEM32\VERSION.dll
0x00007ffe483d0000 - 0x00007ffe483d9000 	C:\Windows\SYSTEM32\WSOCK32.dll
0x00007ffe3faa0000 - 0x00007ffe3fac7000 	C:\Windows\SYSTEM32\WINMM.dll
0x00007ffe509a0000 - 0x00007ffe50a0b000 	C:\Windows\System32\WS2_32.dll
0x0000000054ee0000 - 0x0000000054eef000 	C:\Games\CurseForge\Minecraft\Install\runtime\jre-legacy\windows-x64\jre-legacy\bin\verify.dll
0x0000000054eb0000 - 0x0000000054ed9000 	C:\Games\CurseForge\Minecraft\Install\runtime\jre-legacy\windows-x64\jre-legacy\bin\java.dll
0x0000000054e90000 - 0x0000000054ea6000 	C:\Games\CurseForge\Minecraft\Install\runtime\jre-legacy\windows-x64\jre-legacy\bin\zip.dll
0x00007ffe4f370000 - 0x00007ffe4fab4000 	C:\Windows\System32\SHELL32.dll
0x00007ffe4c560000 - 0x00007ffe4ccf4000 	C:\Windows\SYSTEM32\windows.storage.dll
0x00007ffe50dc0000 - 0x00007ffe51114000 	C:\Windows\System32\combase.dll
0x00007ffe4e490000 - 0x00007ffe4e4c0000 	C:\Windows\SYSTEM32\Wldp.dll
0x00007ffe4fae0000 - 0x00007ffe4fb8d000 	C:\Windows\System32\SHCORE.dll
0x00007ffe50cd0000 - 0x00007ffe50d25000 	C:\Windows\System32\shlwapi.dll
0x00007ffe4e970000 - 0x00007ffe4e98f000 	C:\Windows\SYSTEM32\profapi.dll
0x0000000054e80000 - 0x0000000054e8d000 	C:\Games\CurseForge\Minecraft\Install\runtime\jre-legacy\windows-x64\jre-legacy\bin\management.dll
0x0000000054e60000 - 0x0000000054e7a000 	C:\Games\CurseForge\Minecraft\Install\runtime\jre-legacy\windows-x64\jre-legacy\bin\net.dll
0x00007ffe4e1f0000 - 0x00007ffe4e25a000 	C:\Windows\system32\mswsock.dll
0x00007ffe2eb40000 - 0x00007ffe2eb57000 	C:\Windows\system32\napinsp.dll
0x00007ffe2ea20000 - 0x00007ffe2ea3b000 	C:\Windows\system32\pnrpnsp.dll
0x00007ffe49870000 - 0x00007ffe49885000 	C:\Windows\system32\wshbth.dll
0x00007ffe49dc0000 - 0x00007ffe49ddd000 	C:\Windows\system32\NLAapi.dll
0x00007ffe4de90000 - 0x00007ffe4decb000 	C:\Windows\SYSTEM32\IPHLPAPI.DLL
0x00007ffe4ded0000 - 0x00007ffe4df9b000 	C:\Windows\SYSTEM32\DNSAPI.dll
0x00007ffe51120000 - 0x00007ffe51128000 	C:\Windows\System32\NSI.dll
0x00007ffe26b60000 - 0x00007ffe26b72000 	C:\Windows\System32\winrnr.dll
0x00007ffe47320000 - 0x00007ffe4732a000 	C:\Windows\System32\rasadhlp.dll
0x00007ffe3f5b0000 - 0x00007ffe3f630000 	C:\Windows\System32\fwpuclnt.dll
0x00007ffe4eb40000 - 0x00007ffe4eb67000 	C:\Windows\System32\bcrypt.dll
0x0000000054e40000 - 0x0000000054e51000 	C:\Games\CurseForge\Minecraft\Install\runtime\jre-legacy\windows-x64\jre-legacy\bin\nio.dll
0x0000000054e10000 - 0x0000000054e34000 	C:\Games\CurseForge\Minecraft\Install\runtime\jre-legacy\windows-x64\jre-legacy\bin\sunec.dll
0x00007ffe4e3e0000 - 0x00007ffe4e3f8000 	C:\Windows\SYSTEM32\CRYPTSP.dll
0x00007ffe4db00000 - 0x00007ffe4db34000 	C:\Windows\system32\rsaenh.dll
0x00007ffe4e930000 - 0x00007ffe4e95e000 	C:\Windows\SYSTEM32\USERENV.dll
0x00007ffe4f2e0000 - 0x00007ffe4f362000 	C:\Windows\System32\bcryptprimitives.dll
0x00007ffe4e400000 - 0x00007ffe4e40c000 	C:\Windows\SYSTEM32\CRYPTBASE.dll
0x00007ffe43970000 - 0x00007ffe43987000 	C:\Windows\SYSTEM32\dhcpcsvc6.DLL
0x00007ffe45370000 - 0x00007ffe4538d000 	C:\Windows\SYSTEM32\dhcpcsvc.DLL
0x00007ffde7160000 - 0x00007ffde71d2000 	C:\Games\CurseForge\Minecraft\Install\bin\a9df0ea5baea7f084f05425a59f37203022f1291\lwjgl.dll
0x00007ffde3740000 - 0x00007ffde3991000 	C:\Games\CurseForge\Minecraft\Install\bin\a9df0ea5baea7f084f05425a59f37203022f1291\jemalloc.dll
0x00007ffdf5180000 - 0x00007ffdf51de000 	C:\Games\CurseForge\Minecraft\Install\bin\a9df0ea5baea7f084f05425a59f37203022f1291\glfw.dll
0x00007ffe4b370000 - 0x00007ffe4b40e000 	C:\Windows\system32\uxtheme.dll
0x00007ffe13300000 - 0x00007ffe13345000 	C:\Windows\SYSTEM32\dinput8.dll
0x00007ffe00e30000 - 0x00007ffe00e41000 	C:\Windows\SYSTEM32\xinput1_4.dll
0x00007ffe4f1f0000 - 0x00007ffe4f23e000 	C:\Windows\System32\cfgmgr32.dll
0x00007ffe4e7e0000 - 0x00007ffe4e80c000 	C:\Windows\SYSTEM32\DEVOBJ.dll
0x00007ffe4b960000 - 0x00007ffe4b98f000 	C:\Windows\SYSTEM32\dwmapi.dll
0x00007ffe30250000 - 0x00007ffe303a2000 	C:\Windows\SYSTEM32\inputhost.dll
0x00007ffe4ff90000 - 0x00007ffe5005d000 	C:\Windows\System32\OLEAUT32.dll
0x00007ffe4a540000 - 0x00007ffe4a694000 	C:\Windows\SYSTEM32\wintypes.dll
0x00007ffe49bb0000 - 0x00007ffe49ca6000 	C:\Windows\SYSTEM32\PROPSYS.dll
0x00007ffe4b150000 - 0x00007ffe4b242000 	C:\Windows\SYSTEM32\CoreMessaging.dll
0x00007ffe4acf0000 - 0x00007ffe4b04e000 	C:\Windows\SYSTEM32\CoreUIComponents.dll
0x00007ffe4d720000 - 0x00007ffe4d753000 	C:\Windows\SYSTEM32\ntmarta.dll
0x00007ffe4d2e0000 - 0x00007ffe4d2f2000 	C:\Windows\SYSTEM32\kernel.appcore.dll
0x00007ffde9c20000 - 0x00007ffde9d58000 	C:\ProgramData\A-Volute\A-Volute.Nahimic\Modules\Scheduled\x64\AudioDevProps2.dll
0x00007ffe50110000 - 0x00007ffe5023a000 	C:\Windows\System32\ole32.dll
0x00007ffdf3220000 - 0x00007ffdf3373000 	C:\Program Files (x86)\Stardock\Fences\FencesMenu64.dll
0x00007ffe49850000 - 0x00007ffe49864000 	C:\Windows\SYSTEM32\WTSAPI32.dll
0x00007ffe3dca0000 - 0x00007ffe3de45000 	C:\Windows\WinSxS\amd64_microsoft.windows.gdiplus_6595b64144ccf1df_1.1.19041.1706_none_919e8e54cc8d4ca1\gdiplus.dll
0x00007ffe3fc50000 - 0x00007ffe3fd68000 	C:\Program Files (x86)\Stardock\Groupy\groupy_64.dll
0x00007ffe50a10000 - 0x00007ffe50b25000 	C:\Windows\System32\MSCTF.dll
0x00007ffe4cd60000 - 0x00007ffe4cd6d000 	C:\Windows\SYSTEM32\HID.DLL
0x00007ffe50240000 - 0x00007ffe506af000 	C:\Windows\System32\SETUPAPI.DLL
0x00007ffe4f240000 - 0x00007ffe4f2a7000 	C:\Windows\System32\WINTRUST.dll
0x00007ffe4eef0000 - 0x00007ffe4f046000 	C:\Windows\System32\CRYPT32.dll
0x00007ffe4e620000 - 0x00007ffe4e632000 	C:\Windows\SYSTEM32\MSASN1.dll
0x00007ffdf2b60000 - 0x00007ffdf2c87000 	C:\Windows\SYSTEM32\opengl32.dll
0x00007ffe265f0000 - 0x00007ffe2661c000 	C:\Windows\SYSTEM32\GLU32.dll
0x00007ffe4fed0000 - 0x00007ffe4ff79000 	C:\Windows\System32\clbcatq.dll
0x00007ffdb95b0000 - 0x00007ffdbc769000 	C:\Windows\System32\DriverStore\FileRepository\nvlt.inf_amd64_e7d8c0512da64e7d\nvoglv64.dll
0x00007ffe42ed0000 - 0x00007ffe42f01000 	C:\Windows\SYSTEM32\cryptnet.dll
0x00007ffe41fb0000 - 0x00007ffe420f8000 	C:\Windows\SYSTEM32\drvstore.dll
0x00007ffe41f30000 - 0x00007ffe41f6b000 	C:\Windows\SYSTEM32\dxcore.dll
0x00007ffe00ea0000 - 0x00007ffe01171000 	C:\Windows\system32\nvspcap64.dll
0x00007ffe4e000000 - 0x00007ffe4e04b000 	C:\Windows\SYSTEM32\powrprof.dll
0x00007ffe4de70000 - 0x00007ffe4de82000 	C:\Windows\SYSTEM32\UMPDC.dll
0x00007ffe4d7d0000 - 0x00007ffe4d82a000 	C:\Windows\SYSTEM32\WINSTA.dll
0x00007ffde70e0000 - 0x00007ffde715f000 	C:\Games\CurseForge\Minecraft\Install\bin\a9df0ea5baea7f084f05425a59f37203022f1291\lwjgl_stb.dll
0x00007ffe48970000 - 0x00007ffe48a1e000 	C:\Windows\SYSTEM32\mscms.dll
0x00007ffe48540000 - 0x00007ffe48551000 	C:\Windows\SYSTEM32\ColorAdapterClient.dll
0x00007ffe438a0000 - 0x00007ffe438e3000 	C:\Windows\SYSTEM32\icm32.dll
0x00007ffe2f730000 - 0x00007ffe2f829000 	C:\Windows\SYSTEM32\textinputframework.dll
0x00007ffe46fa0000 - 0x00007ffe47006000 	C:\Windows\system32\Oleacc.dll
0x00007ffde84a0000 - 0x00007ffde84f8000 	C:\Games\CurseForge\Minecraft\Install\bin\a9df0ea5baea7f084f05425a59f37203022f1291\lwjgl_opengl.dll
0x00007ffde6f70000 - 0x00007ffde6fb2000 	C:\Users\NukelordBrown\AppData\Local\Temp\jna--1590639904\jna7974744107763389690.dll
0x0000000054e00000 - 0x0000000054e0c000 	C:\Games\CurseForge\Minecraft\Install\runtime\jre-legacy\windows-x64\jre-legacy\bin\jsound.dll
0x0000000054df0000 - 0x0000000054dfb000 	C:\Games\CurseForge\Minecraft\Install\runtime\jre-legacy\windows-x64\jre-legacy\bin\jsoundds.dll
0x00007ffe36930000 - 0x00007ffe369cc000 	C:\Windows\SYSTEM32\DSOUND.dll
0x00007ffe368e0000 - 0x00007ffe36906000 	C:\Windows\SYSTEM32\winmmbase.dll
0x00007ffe47ca0000 - 0x00007ffe47d25000 	C:\Windows\SYSTEM32\MMDevAPI.DLL
0x00007ffde5550000 - 0x00007ffde5596000 	C:\Windows\SYSTEM32\wdmaud.drv
0x00007ffe49350000 - 0x00007ffe49359000 	C:\Windows\SYSTEM32\ksuser.dll
0x00007ffe4d290000 - 0x00007ffe4d29a000 	C:\Windows\SYSTEM32\AVRT.dll
0x00007ffe481c0000 - 0x00007ffe48342000 	C:\Windows\SYSTEM32\AUDIOSES.DLL
0x00007ffddf6c0000 - 0x00007ffddf926000 	C:\Users\NukelordBrown\AppData\Local\Temp\de.fabmax.physx-jni\0.4.15\PhysX_64.dll
0x00007ffde2450000 - 0x00007ffde2627000 	C:\Users\NukelordBrown\AppData\Local\Temp\de.fabmax.physx-jni\0.4.15\PhysXCommon_64.dll
0x00007ffde3470000 - 0x00007ffde351a000 	C:\Users\NukelordBrown\AppData\Local\Temp\de.fabmax.physx-jni\0.4.15\PhysXCooking_64.dll
0x00007ffde2e90000 - 0x00007ffde2f21000 	C:\Users\NukelordBrown\AppData\Local\Temp\de.fabmax.physx-jni\0.4.15\PhysXFoundation_64.dll
0x00007ffdcabd0000 - 0x00007ffdcadd4000 	C:\Users\NukelordBrown\AppData\Local\Temp\de.fabmax.physx-jni\0.4.15\PhysXJniBindings_64.dll
0x00007ffe3d220000 - 0x00007ffe3d22d000 	C:\Windows\SYSTEM32\msacm32.drv
0x00007ffe22bb0000 - 0x00007ffe22bce000 	C:\Windows\SYSTEM32\MSACM32.dll
0x00007ffe23700000 - 0x00007ffe2370b000 	C:\Windows\SYSTEM32\midimap.dll
0x00007ffdebac0000 - 0x00007ffdebb27000 	C:\ProgramData\A-Volute\A-Volute.Nahimic\Modules\Scheduled\x64\ProductInfo.dll
0x00007ffde6530000 - 0x00007ffde6573000 	C:\ProgramData\A-Volute\A-Volute.Nahimic\Modules\Scheduled\x64\ASM.Plugin.AudioDevProps2.dll
0x0000000054c50000 - 0x0000000054de8000 	C:\Games\CurseForge\Minecraft\Install\runtime\jre-legacy\windows-x64\jre-legacy\bin\awt.dll
0x00007ffe4b280000 - 0x00007ffe4b310000 	C:\Windows\SYSTEM32\apphelp.dll
0x00007ffe4b6d0000 - 0x00007ffe4b6e4000 	C:\Windows\SYSTEM32\resourcepolicyclient.dll
0x00007ffe26330000 - 0x00007ffe26471000 	C:\Windows\System32\Windows.UI.dll
0x00007ffe47930000 - 0x00007ffe479d1000 	C:\Windows\System32\WindowManagementAPI.dll

VM Arguments:
jvm_args: -XX:HeapDumpPath=MojangTricksIntelDriversForPerformance_javaw.exe_minecraft.exe.heapdump -Dos.name=Windows 10 -Dos.version=10.0 -Xss1M -Djava.library.path=C:\Games\CurseForge\Minecraft\Install\bin\a9df0ea5baea7f084f05425a59f37203022f1291 -Dminecraft.launcher.brand=minecraft-launcher -Dminecraft.launcher.version=2.4.39 -Xmx6048m -Xms256m -Dminecraft.applet.TargetDirectory=C:\Games\CurseForge\Minecraft\Instances\Blood-N-Wine-2 -Dfml.ignorePatchDiscrepancies=true -Dfml.ignoreInvalidMinecraftCertificates=true -Duser.language=en -Duser.country=US -Dlog4j.configurationFile=C:\Games\CurseForge\Minecraft\Install\assets\log_configs\client-1.12.xml 
java_command: cpw.mods.modlauncher.Launcher --username Nukelord420 --version forge-36.2.35 --gameDir C:\Games\CurseForge\Minecraft\Instances\Blood-N-Wine-2 --assetsDir C:\Games\CurseForge\Minecraft\Install\assets --assetIndex 1.16 --uuid 29e423c126c942d89e776772bd06df02 --accessToken eyJraWQiOiJhYzg0YSIsImFsZyI6IkhTMjU2In0.eyJ4dWlkIjoiMjUzNTQyODE5MjM2MjEyNiIsImFnZyI6IkFkdWx0Iiwic3ViIjoiZmNhNGVlNjItYzI4Zi00NzI0LWJkZTktNGU3ZDBiYWQ0ODBjIiwiYXV0aCI6IlhCT1giLCJucyI6ImRlZmF1bHQiLCJyb2xlcyI6W10sImlzcyI6ImF1dGhlbnRpY2F0aW9uIiwicGxhdGZvcm0iOiJQQ19MQVVOQ0hFUiIsInl1aWQiOiI3YTRkMzAxOTgyNzg0NmNjYjZjZDdjZjg4Njc0OWMwZSIsIm5iZiI6MTY4MjcwOTY4MywiZXhwIjoxNjgyNzk2MDgzLCJpYXQiOjE2ODI3MDk2ODN9.gmwe07SvB0uBFUon6FYXwYsp0nQVgNPCz8UGHhP7voE --userType msa --versionType release --width 1024 --height 768 --launchTarget fmlclient --fml.forgeVersion 36.2.35 --fml.mcVersion 1.16.5 --fml.forgeGroup net.minecraftforge --fml.mcpVersion 20210115.111550
java_class_path (initial): C:\Games\CurseForge\Minecraft\Install\libraries\net\minecraftforge\forge\1.16.5-36.2.35\forge-1.16.5-36.2.35.jar;C:\Games\CurseForge\Minecraft\Install\libraries\org\ow2\asm\asm\9.1\asm-9.1.jar;C:\Games\CurseForge\Minecraft\Install\libraries\org\ow2\asm\asm-commons\9.1\asm-commons-9.1.jar;C:\Games\CurseForge\Minecraft\Install\libraries\org\ow2\asm\asm-tree\9.1\asm-tree-9.1.jar;C:\Games\CurseForge\Minecraft\Install\libraries\org\ow2\asm\asm-util\9.1\asm-util-9.1.jar;C:\Games\CurseForge\Minecraft\Install\libraries\org\ow2\asm\asm-analysis\9.1\asm-analysis-9.1.jar;C:\Games\CurseForge\Minecraft\Install\libraries\cpw\mods\modlauncher\8.1.3\modlauncher-8.1.3.jar;C:\Games\CurseForge\Minecraft\Install\libraries\cpw\mods\grossjava9hacks\1.3.3\grossjava9hacks-1.3.3.jar;C:\Games\CurseForge\Minecraft\Install\libraries\net\minecraftforge\accesstransformers\3.0.1\accesstransformers-3.0.1.jar;C:\Games\CurseForge\Minecraft\Install\libraries\org\antlr\antlr4-runtime\4.9.1\antlr4-runtime-4.9.1.jar;C:\Games\CurseForge\Minecraft\Install\libraries\net\minecraftforge\eventbus\4.0.0\eventbus-4.0.0.jar;C:\Games\CurseForge\Minecraft\Install\libraries\net\minecraftforge\forgespi\3.2.0\forgespi-3.2.0.jar;C:\Games\CurseForge\Minecraft\Install\libraries\net\minecraftforge\coremods\4.0.6\coremods-4.0.6.jar;C:\Games\CurseForge\Minecraft\Install\libraries\net\minecraftforge\unsafe\0.2.0\unsafe-0.2.0.jar;C:\Games\CurseForge\Minecraft\Install\libraries\com\electronwill\night-config\core\3.6.3\core-3.6.3.jar;C:\Games\CurseForge\Minecraft\Install\libraries\com\electronwill\night-config\toml\3.6.3\toml-3.6.3.jar;C:\Games\CurseForge\Minecraft\Install\libraries\org\jline\jline\3.12.1\jline-3.12.1.jar;C:\Games\CurseForge\Minecraft\Install\libraries\org\apache\maven\maven-artifact\3.6.3\maven-artifact-3.6.3.jar;C:\Games\CurseForge\Minecraft\Install\libraries\net\jodah\typetools\0.8.3\typetools-0.8.3.jar;C:\Games\CurseForge\Minecraft\Install\libraries\org\apache\logging\log4j\log
Launcher Type: SUN_STANDARD

Environment Variables:
PATH=C:\VulkanSDK\1.3.236.0\Bin;C:\Program Files (x86)\Razer Chroma SDK\bin;C:\Program Files\Razer Chroma SDK\bin;C:\Program Files\Common Files\Oracle\Java\javapath;C:\Program Files (x86)\Common Files\Oracle\Java\javapath;C:\Program Files (x86)\Razer\ChromaBroadcast\bin;C:\Program Files\Razer\ChromaBroadcast\bin;C:\Windows\system32;C:\Windows;C:\Windows\System32\Wbem;C:\Windows\System32\WindowsPowerShell\v1.0\;C:\Windows\System32\OpenSSH\;C:\Program Files (x86)\NVIDIA Corporation\PhysX\Common;C:\Program Files\NVIDIA Corporation\NVIDIA NvDLISR;C:\Program Files\PuTTY\;C:\Windows\system32\config\systemprofile\AppData\Local\Microsoft\WindowsApps;C:\Program Files\dotnet\;C:\Program Files\Common Files\Autodesk Shared\;C:\Program Files\Microsoft SQL Server\120\Tools\Binn\;G:\Bethesda-Game-Modding-Tools\Ruby26-x64\bin;C:\Users\NukelordBrown\AppData\Local\Programs\Python\Python310\Scripts\;C:\Users\NukelordBrown\AppData\Local\Programs\Python\Python310\;C:\Users\NukelordBrown\AppData\Local\Microsoft\WindowsApps;C:\Users\NukelordBrown\AppData\Local\Programs\Microsoft VS Code\bin;C:\Users\NukelordBrown\.dotnet\tools;C:\Users\NukelordBrown\AppData\Local\GitHubDesktop\bin;C:\Program Files\Perforce\;C:\Program Files\Git\cmd;G:\Bethesda-Game-Modding-Tools\Ruby26-x64\bin;C:\Users\NukelordBrown\AppData\Local\Programs\Python\Python310\Scripts\;C:\Users\NukelordBrown\AppData\Local\Programs\Python\Python310\;C:\Users\NukelordBrown\AppData\Local\Microsoft\WindowsApps;C:\Users\NukelordBrown\AppData\Local\Programs\Microsoft VS Code\bin;C:\Users\NukelordBrown\.dotnet\tools;C:\Users\NukelordBrown\AppData\Local\GitHubDesktop\bin
USERNAME=NukelordBrown
OS=Windows_NT
PROCESSOR_IDENTIFIER=AMD64 Family 25 Model 80 Stepping 0, AuthenticAMD



---------------  S Y S T E M  ---------------

OS: Windows 10.0 , 64 bit Build 19041 (10.0.19041.1806)

CPU:total 16 (16 cores per cpu, 1 threads per core) family 25 model 80 stepping 0, cmov, cx8, fxsr, mmx, sse, sse2, sse3, ssse3, sse4.1, sse4.2, popcnt, avx, avx2, aes, clmul, erms, mmxext, 3dnowpref, lzcnt, sse4a, tsc, tscinvbit, tscinv, bmi1

Memory: 4k page, physical 33402940k(13742272k free), swap 43364412k(15566364k free)

vm_info: Java HotSpot(TM) 64-Bit Server VM (25.51-b03) for windows-amd64 JRE (1.8.0_51-b16), built on Jun  8 2015 18:03:07 by "java_re" with MS VC++ 10.0 (VS2010)

time: Fri Apr 28 12:40:30 2023
elapsed time: 1085 seconds (0d 0h 18m 5s)

