#
# A fatal error has been detected by the Java Runtime Environment:
#
#  EXCEPTION_ACCESS_VIOLATION (0xc0000005) at pc=0x00007ffa080c3716, pid=31008, tid=26556
#
# JRE version: Java(TM) SE Runtime Environment (8.0_51-b16) (build 1.8.0_51-b16)
# Java VM: Java HotSpot(TM) 64-Bit Server VM (25.51-b03 mixed mode windows-amd64 compressed oops)
# Problematic frame:
# C  [PhysXJniBindings_64.dll+0x53716]
#
# Failed to write core dump. Minidumps are not enabled by default on client versions of Windows
#
# If you would like to submit a bug report, please visit:
#   http://bugreport.java.com/bugreport/crash.jsp
# The crash happened outside the Java Virtual Machine in native code.
# See problematic frame for where to report the bug.
#

---------------  T H R E A D  ---------------

Current thread (0x0000000002ea4000):  JavaThread "Render thread" [_thread_in_native, id=26556, stack(0x0000000002da0000,0x0000000002ea0000)]

siginfo: ExceptionCode=0xc0000005, reading address 0x0000000000000000

Registers:
RAX=0x0000000000000000, RBX=0x0000000000000018, RCX=0x0000000000000000, RDX=0x0000000000000000
RSP=0x0000000002e9e0a0, RBP=0x0000000002e9e150, RSI=0x0000000000000003, RDI=0x0000000000000000
R8 =0x0000000000000003, R9 =0x0000000022c5f890, R10=0x0000000002fb57c8, R11=0x000000005e2f7bb0
R12=0x0000000000000000, R13=0x000000004125a550, R14=0x0000000002e9e170, R15=0x0000000002ea4000
RIP=0x00007ffa080c3716, EFLAGS=0x0000000000010206

Top of Stack: (sp=0x0000000002e9e0a0)
0x0000000002e9e0a0:   00000000d31254a4 0000000004e5f404
0x0000000002e9e0b0:   000000069892a4e0 0000000765869180
0x0000000002e9e0c0:   00000011d31254a4 00007ff900000021
0x0000000002e9e0d0:   0000000002fa7ced 0000000002fb57f4
0x0000000002e9e0e0:   000000004125a550 0000000000000011
0x0000000002e9e0f0:   0000000000000000 0000000002e9e160
0x0000000002e9e100:   00000000a7609068 0000000000000000
0x0000000002e9e110:   0000000002e9e110 0000000000000000
0x0000000002e9e120:   0000000002e9e170 000000004125b8f8
0x0000000002e9e130:   0000000000000000 000000004125a550
0x0000000002e9e140:   0000000000000000 0000000002e9e170
0x0000000002e9e150:   0000000002e9e1b8 0000000002fa7800
0x0000000002e9e160:   000000069831eda0 0000000002faf977
0x0000000002e9e170:   0000000000000003 0000000002e9e178
0x0000000002e9e180:   000000004125a4a9 0000000002e9e1c8
0x0000000002e9e190:   000000004125b8f8 0000000000000000 

Instructions: (pc=0x00007ffa080c3716)
0x00007ffa080c36f6:   89 74 24 10 57 48 83 ec 30 48 8b fa 8b f1 ff 15
0x00007ffa080c3706:   86 3c 19 00 48 8b d8 ff 15 35 3c 19 00 48 8b c8
0x00007ffa080c3716:   4c 8b 00 41 ff 50 28 84 c0 75 09 48 8d 05 a0 5e
0x00007ffa080c3726:   12 00 eb 13 48 8d 15 8f 3f 19 00 48 8d 0d 20 2d 


Register to memory mapping:

RAX=0x0000000000000000 is an unknown value
RBX=0x0000000000000018 is an unknown value
RCX=0x0000000000000000 is an unknown value
RDX=0x0000000000000000 is an unknown value
RSP=0x0000000002e9e0a0 is pointing into the stack for thread: 0x0000000002ea4000
RBP=0x0000000002e9e150 is pointing into the stack for thread: 0x0000000002ea4000
RSI=0x0000000000000003 is an unknown value
RDI=0x0000000000000000 is an unknown value
R8 =0x0000000000000003 is an unknown value
R9 =0x0000000022c5f890 is an unknown value
R10=0x0000000002fb57c8 is at code_begin+840 in an Interpreter codelet
method entry point (kind = native)  [0x0000000002fb5480, 0x0000000002fb5de0]  2400 bytes
R11=0x000000005e2f7bb0 is an unknown value
R12=0x0000000000000000 is an unknown value
R13={method} {0x000000004125a558} '_DefaultCpuDispatcherCreate' '(I)J' in 'physx/PxTopLevelFunctions'
R14=0x0000000002e9e170 is pointing into the stack for thread: 0x0000000002ea4000
R15=0x0000000002ea4000 is a thread


Stack: [0x0000000002da0000,0x0000000002ea0000],  sp=0x0000000002e9e0a0,  free space=1016k
Native frames: (J=compiled Java code, j=interpreted, Vv=VM code, C=native code)
C  [PhysXJniBindings_64.dll+0x53716]
C  0x0000000002fb57f4

Java frames: (J=compiled Java code, j=interpreted, Vv=VM code)
j  physx.PxTopLevelFunctions._DefaultCpuDispatcherCreate(I)J+0
j  physx.PxTopLevelFunctions.DefaultCpuDispatcherCreate(I)Lphysx/extensions/PxDefaultCpuDispatcher;+1
J 61709 C2 net.diebuddies.physics.PhysicsMod.getInstance(Lnet/minecraft/world/World;)Lnet/diebuddies/physics/PhysicsMod; (39 bytes) @ 0x000000000b72ce30 [0x000000000b72af40+0x1ef0]
J 62336 C2 net.minecraft.client.renderer.WorldRenderer.handler$bii000$renderChunkLayerSolid(Lnet/minecraft/client/renderer/RenderType;Lcom/mojang/blaze3d/matrix/MatrixStack;DDDLorg/spongepowered/asm/mixin/injection/callback/CallbackInfo;)V (721 bytes) @ 0x000000000c8a4af0 [0x000000000c8a4280+0x870]
J 62281 C2 net.minecraft.client.renderer.WorldRenderer.func_228441_a_(Lnet/minecraft/client/renderer/RenderType;Lcom/mojang/blaze3d/matrix/MatrixStack;DDD)V (186 bytes) @ 0x000000000c7e1cb4 [0x000000000c7e1040+0xc74]
J 67131 C2 net.minecraft.client.renderer.WorldRenderer.func_228426_a_(Lcom/mojang/blaze3d/matrix/MatrixStack;FJZLnet/minecraft/client/renderer/ActiveRenderInfo;Lnet/minecraft/client/renderer/GameRenderer;Lnet/minecraft/client/renderer/LightTexture;Lnet/minecraft/util/math/vector/Matrix4f;)V (4068 bytes) @ 0x000000000cf45658 [0x000000000cf439e0+0x1c78]
j  net.minecraft.client.renderer.GameRenderer.func_228378_a_(FJLcom/mojang/blaze3d/matrix/MatrixStack;)V+620
j  net.minecraft.client.renderer.GameRenderer.func_195458_a(FJZ)V+250
J 62492 C2 net.minecraft.client.Minecraft.func_195542_b(Z)V (1013 bytes) @ 0x000000000c269194 [0x000000000c2673a0+0x1df4]
j  net.minecraft.client.Minecraft.handler$ccm000$unloadWorldScreenshot(Lnet/minecraft/client/gui/screen/Screen;Lorg/spongepowered/asm/mixin/injection/callback/CallbackInfo;)V+21
j  net.minecraft.client.Minecraft.func_213231_b(Lnet/minecraft/client/gui/screen/Screen;)V+49
j  net.minecraft.client.Minecraft.func_213254_o()V+8
j  net.minecraft.client.Minecraft.func_71405_e()V+66
j  net.minecraft.client.main.Main.main([Ljava/lang/String;)V+1445
v  ~StubRoutines::call_stub
j  sun.reflect.NativeMethodAccessorImpl.invoke0(Ljava/lang/reflect/Method;Ljava/lang/Object;[Ljava/lang/Object;)Ljava/lang/Object;+0
j  sun.reflect.NativeMethodAccessorImpl.invoke(Ljava/lang/Object;[Ljava/lang/Object;)Ljava/lang/Object;+100
J 2180 C1 sun.reflect.DelegatingMethodAccessorImpl.invoke(Ljava/lang/Object;[Ljava/lang/Object;)Ljava/lang/Object; (10 bytes) @ 0x000000000369794c [0x0000000003697840+0x10c]
J 2179 C1 java.lang.reflect.Method.invoke(Ljava/lang/Object;[Ljava/lang/Object;)Ljava/lang/Object; (62 bytes) @ 0x00000000036980ec [0x0000000003697d00+0x3ec]
j  net.minecraftforge.fml.loading.FMLClientLaunchProvider.lambda$launchService$0(Lcpw/mods/modlauncher/api/ITransformingClassLoader;[Ljava/lang/String;)Ljava/lang/Void;+50
j  net.minecraftforge.fml.loading.FMLClientLaunchProvider$$Lambda$502.call()Ljava/lang/Object;+12
j  cpw.mods.modlauncher.LaunchServiceHandlerDecorator.launch([Ljava/lang/String;Lcpw/mods/modlauncher/api/ITransformingClassLoader;)V+11
j  cpw.mods.modlauncher.LaunchServiceHandler.launch(Ljava/lang/String;[Ljava/lang/String;Lcpw/mods/modlauncher/TransformingClassLoader;Lcpw/mods/modlauncher/LaunchPluginHandler;)V+57
j  cpw.mods.modlauncher.LaunchServiceHandler.launch(Lcpw/mods/modlauncher/ArgumentHandler;Lcpw/mods/modlauncher/TransformingClassLoader;Lcpw/mods/modlauncher/LaunchPluginHandler;)V+19
j  cpw.mods.modlauncher.Launcher.run([Ljava/lang/String;)V+116
j  cpw.mods.modlauncher.Launcher.main([Ljava/lang/String;)V+37
v  ~StubRoutines::call_stub

---------------  P R O C E S S  ---------------

Java Threads: ( => current thread )
  0x000000006b2e5000 JavaThread "ForkJoinPool.commonPool-worker-7" daemon [_thread_blocked, id=33372, stack(0x000000011ed50000,0x000000011ee50000)]
  0x0000000068bf5800 JavaThread "ForkJoinPool.commonPool-worker-14" daemon [_thread_blocked, id=23216, stack(0x000000011cf60000,0x000000011d060000)]
  0x0000000068bf3800 JavaThread "ForkJoinPool.commonPool-worker-5" daemon [_thread_blocked, id=8812, stack(0x00000000a4900000,0x00000000a4a00000)]
  0x000000011de63000 JavaThread "IO-Worker-31" [_thread_blocked, id=35380, stack(0x00000000a5bd0000,0x00000000a5cd0000)]
  0x000000011de47000 JavaThread "Chunk Render Task Executor #5" [_thread_blocked, id=34808, stack(0x000000008b680000,0x000000008b780000)]
  0x000000011de4c000 JavaThread "Chunk Render Task Executor #4" [_thread_blocked, id=11372, stack(0x000000008b250000,0x000000008b350000)]
  0x000000011de4a800 JavaThread "Chunk Render Task Executor #3" [_thread_blocked, id=7900, stack(0x000000008ae30000,0x000000008af30000)]
  0x000000011de47800 JavaThread "Chunk Render Task Executor #2" [_thread_blocked, id=12452, stack(0x000000008ad30000,0x000000008ae30000)]
  0x000000011de4d000 JavaThread "Chunk Render Task Executor #1" [_thread_blocked, id=14504, stack(0x0000000089790000,0x0000000089890000)]
  0x000000011de4a000 JavaThread "Chunk Render Task Executor #0" [_thread_blocked, id=12444, stack(0x000000004de40000,0x000000004df40000)]
  0x000000011de53800 JavaThread "Sound engine" daemon [_thread_blocked, id=13660, stack(0x000000004e1e0000,0x000000004e2e0000)]
  0x000000011de5b800 JavaThread "Netty Server IO #2" daemon [_thread_in_native, id=3312, stack(0x000000008c300000,0x000000008c400000)]
  0x0000000067ff5000 JavaThread "Narrator" [_thread_blocked, id=38720, stack(0x000000008c200000,0x000000008c300000)]
  0x0000000037b66800 JavaThread "Worker-Main-28" daemon [_thread_blocked, id=8828, stack(0x000000008b350000,0x000000008b450000)]
  0x0000000037b60800 JavaThread "Worker-Main-29" daemon [_thread_blocked, id=3976, stack(0x0000000089240000,0x0000000089340000)]
  0x000000006b239800 JavaThread "Worker-Main-27" daemon [_thread_blocked, id=18124, stack(0x0000000053950000,0x0000000053a50000)]
  0x0000000032efd000 JavaThread "pool-14-thread-1" [_thread_blocked, id=31084, stack(0x000000004e2e0000,0x000000004e3e0000)]
  0x0000000032ef8000 JavaThread "IO-Worker-25" [_thread_blocked, id=10196, stack(0x000000003d7f0000,0x000000003d8f0000)]
  0x0000000032fbb800 JavaThread "IO-Worker-24" [_thread_blocked, id=12744, stack(0x000000003a5a0000,0x000000003a6a0000)]
  0x0000000032fbb000 JavaThread "Worker-Main-23" daemon [_thread_blocked, id=14940, stack(0x00000000399f0000,0x0000000039af0000)]
  0x0000000032fb0800 JavaThread "Worker-Main-22" daemon [_thread_blocked, id=30624, stack(0x0000000034a20000,0x0000000034b20000)]
  0x0000000032fb5800 JavaThread "Worker-Main-21" daemon [_thread_blocked, id=34332, stack(0x0000000032130000,0x0000000032230000)]
  0x0000000032fb7000 JavaThread "Worker-Main-20" daemon [_thread_blocked, id=23692, stack(0x0000000025e00000,0x0000000025f00000)]
  0x0000000067ff3000 JavaThread "ForkJoinPool.commonPool-worker-12" daemon [_thread_blocked, id=22448, stack(0x00000000a7e80000,0x00000000a7f80000)]
  0x0000000067feb800 JavaThread "ForkJoinPool.commonPool-worker-3" daemon [_thread_blocked, id=38400, stack(0x00000000a7480000,0x00000000a7580000)]
  0x0000000067ff0800 JavaThread "ForkJoinPool.commonPool-worker-10" daemon [_thread_blocked, id=9424, stack(0x00000000a5ad0000,0x00000000a5bd0000)]
  0x0000000067ff0000 JavaThread "ForkJoinPool.commonPool-worker-8" daemon [_thread_blocked, id=17104, stack(0x00000000a59d0000,0x00000000a5ad0000)]
  0x0000000067fed800 JavaThread "ForkJoinPool.commonPool-worker-6" daemon [_thread_blocked, id=13680, stack(0x000000009c9c0000,0x000000009cac0000)]
  0x0000000067fef000 JavaThread "ForkJoinPool.commonPool-worker-13" daemon [_thread_blocked, id=26968, stack(0x0000000096590000,0x0000000096690000)]
  0x00000000342ab000 JavaThread "ForkJoinPool.commonPool-worker-11" daemon [_thread_blocked, id=27344, stack(0x000000008ba60000,0x000000008bb60000)]
  0x0000000031798800 JavaThread "ForkJoinPool.commonPool-worker-2" daemon [_thread_blocked, id=37940, stack(0x000000008b960000,0x000000008ba60000)]
  0x000000006b233800 JavaThread "TF-Task-Worker-6" daemon [_thread_blocked, id=38640, stack(0x0000000051fa0000,0x00000000520a0000)]
  0x0000000068c07000 JavaThread "TF-Task-Worker-5" daemon [_thread_blocked, id=27368, stack(0x00000001108c0000,0x00000001109c0000)]
  0x0000000068c08800 JavaThread "TF-Batch-Worker-12" daemon [_thread_blocked, id=9936, stack(0x00000001107c0000,0x00000001108c0000)]
  0x0000000068c05800 JavaThread "TF-Batch-Worker-9" daemon [_thread_blocked, id=19412, stack(0x00000001106c0000,0x00000001107c0000)]
  0x0000000068c08000 JavaThread "TF-Batch-Worker-11" daemon [_thread_blocked, id=8428, stack(0x00000001105c0000,0x00000001106c0000)]
  0x0000000068c05000 JavaThread "TF-Batch-Worker-10" daemon [_thread_blocked, id=34268, stack(0x00000001104c0000,0x00000001105c0000)]
  0x0000000068c04000 JavaThread "TF-Batch-Worker-7" daemon [_thread_blocked, id=34312, stack(0x00000001103c0000,0x00000001104c0000)]
  0x0000000068c06800 JavaThread "TF-Batch-Worker-8" daemon [_thread_blocked, id=21672, stack(0x00000001102c0000,0x00000001103c0000)]
  0x0000000068bfb800 JavaThread "TF-Batch-Worker-6" daemon [_thread_blocked, id=37616, stack(0x00000001101c0000,0x00000001102c0000)]
  0x0000000068c02800 JavaThread "TF-Batch-Worker-5" daemon [_thread_blocked, id=18128, stack(0x00000001100c0000,0x00000001101c0000)]
  0x0000000068bfb000 JavaThread "TF-Batch-Worker-3" daemon [_thread_blocked, id=7272, stack(0x000000010ffc0000,0x00000001100c0000)]
  0x0000000068c02000 JavaThread "TF-Batch-Worker-4" daemon [_thread_blocked, id=34248, stack(0x000000010fec0000,0x000000010ffc0000)]
  0x0000000068c01000 JavaThread "TF-Batch-Worker-2" daemon [_thread_blocked, id=2248, stack(0x000000010fdc0000,0x000000010fec0000)]
  0x0000000068c00800 JavaThread "TF-Batch-Worker-1" daemon [_thread_blocked, id=23012, stack(0x000000010fcc0000,0x000000010fdc0000)]
  0x0000000068bff800 JavaThread "TF-Task-Worker-4" daemon [_thread_blocked, id=13748, stack(0x000000010fbc0000,0x000000010fcc0000)]
  0x0000000068bfd000 JavaThread "TF-Task-Worker-3" daemon [_thread_blocked, id=11180, stack(0x000000010fac0000,0x000000010fbc0000)]
  0x0000000068bfe000 JavaThread "TF-Task-Worker-2" daemon [_thread_blocked, id=12936, stack(0x00000000bd3d0000,0x00000000bd4d0000)]
  0x0000000068bf2000 JavaThread "TF-Task-Worker-1" daemon [_thread_blocked, id=29484, stack(0x000000002f800000,0x000000002f900000)]
  0x0000000068bf1000 JavaThread "Litematica Chunk Batcher 11" daemon [_thread_blocked, id=12860, stack(0x00000000a87d0000,0x00000000a88d0000)]
  0x0000000068beb000 JavaThread "Litematica Chunk Batcher 10" daemon [_thread_blocked, id=2040, stack(0x00000000a86d0000,0x00000000a87d0000)]
  0x0000000068be9800 JavaThread "Litematica Chunk Batcher 9" daemon [_thread_blocked, id=25152, stack(0x00000000a85d0000,0x00000000a86d0000)]
  0x0000000068bef800 JavaThread "Litematica Chunk Batcher 8" daemon [_thread_blocked, id=32228, stack(0x00000000a84d0000,0x00000000a85d0000)]
  0x0000000068bec000 JavaThread "Litematica Chunk Batcher 7" daemon [_thread_blocked, id=32292, stack(0x00000000a83d0000,0x00000000a84d0000)]
  0x0000000068bed800 JavaThread "Litematica Chunk Batcher 6" daemon [_thread_blocked, id=25680, stack(0x00000000a82d0000,0x00000000a83d0000)]
  0x0000000068bec800 JavaThread "Litematica Chunk Batcher 5" daemon [_thread_blocked, id=22208, stack(0x00000000a81d0000,0x00000000a82d0000)]
  0x000000006b2e9800 JavaThread "Litematica Chunk Batcher 4" daemon [_thread_blocked, id=15348, stack(0x00000000a80d0000,0x00000000a81d0000)]
  0x000000006b2e8800 JavaThread "Litematica Chunk Batcher 3" daemon [_thread_blocked, id=14820, stack(0x00000000a7fd0000,0x00000000a80d0000)]
  0x000000006b2e8000 JavaThread "Litematica Chunk Batcher 2" daemon [_thread_blocked, id=38396, stack(0x00000000a5ed0000,0x00000000a5fd0000)]
  0x000000006b2e2800 JavaThread "Litematica Chunk Batcher 1" daemon [_thread_blocked, id=27824, stack(0x00000000a5dd0000,0x00000000a5ed0000)]
  0x000000006b2e7000 JavaThread "Litematica Chunk Batcher 0" daemon [_thread_blocked, id=6672, stack(0x00000000a5cd0000,0x00000000a5dd0000)]
  0x000000006b235800 JavaThread "Netty Server IO #1" daemon [_thread_in_native, id=35864, stack(0x00000000500b0000,0x00000000501b0000)]
  0x000000006b22e000 JavaThread "Netty Local Client IO #0" daemon [_thread_blocked, id=37632, stack(0x000000004ef00000,0x000000004f000000)]
  0x000000006b235000 JavaThread "Netty Server IO #0" daemon [_thread_in_native, id=13892, stack(0x000000004e700000,0x000000004e800000)]
  0x000000006b234000 JavaThread "ObjectCleanerThread" daemon [_thread_blocked, id=30012, stack(0x000000003a3f0000,0x000000003a4f0000)]
  0x000000006b22a800 JavaThread "Thread-73" daemon [_thread_in_native, id=12180, stack(0x000000003d3e0000,0x000000003d4e0000)]
  0x000000006b230800 JavaThread "Thread-72" daemon [_thread_in_native, id=31468, stack(0x000000003abf0000,0x000000003acf0000)]
  0x000000006b22d800 JavaThread "Thread-71" daemon [_thread_in_native, id=16280, stack(0x000000003aaf0000,0x000000003abf0000)]
  0x000000006b22c000 JavaThread "Thread-70" daemon [_thread_in_native, id=29324, stack(0x000000003a9f0000,0x000000003aaf0000)]
  0x000000006b22f800 JavaThread "Thread-69" daemon [_thread_in_native, id=34296, stack(0x000000003a8f0000,0x000000003a9f0000)]
  0x0000000023960800 JavaThread "Thread-66" daemon [_thread_in_native, id=3372, stack(0x0000000039ff0000,0x000000003a0f0000)]
  0x00000000342ac800 JavaThread "Server thread" [_thread_in_Java, id=35304, stack(0x0000000039ef0000,0x0000000039ff0000)]
  0x00000000342a3800 JavaThread "Snooper Timer" daemon [_thread_blocked, id=4708, stack(0x0000000039df0000,0x0000000039ef0000)]
  0x0000000031bd0800 JavaThread "TF-Scheduler" [_thread_blocked, id=4336, stack(0x0000000001120000,0x0000000001220000)]
  0x0000000032fb8000 JavaThread "spark-worker-pool-1-thread-4" daemon [_thread_blocked, id=19872, stack(0x000000003ece0000,0x000000003ede0000)]
  0x0000000032fb5000 JavaThread "lava-daemon-pool-playback-4-thread-1" daemon [_thread_blocked, id=31724, stack(0x0000000059670000,0x0000000059770000)]
  0x0000000031bd2000 JavaThread "spark-worker-pool-1-thread-3" daemon [_thread_blocked, id=16084, stack(0x00000000888b0000,0x00000000889b0000)]
  0x000000002396b000 JavaThread "Thread-60" daemon [_thread_blocked, id=27252, stack(0x000000006aed0000,0x000000006afd0000)]
  0x0000000037b58000 JavaThread "Java2D Disposer" daemon [_thread_blocked, id=18340, stack(0x0000000066060000,0x0000000066160000)]
  0x000000002396f000 JavaThread "Thread-58" daemon [_thread_blocked, id=12672, stack(0x00000000665f0000,0x00000000666f0000)]
  0x000000002396d800 JavaThread "spark-worker-pool-1-thread-2" daemon [_thread_blocked, id=21944, stack(0x0000000067910000,0x0000000067a10000)]
  0x000000002396c800 JavaThread "spark-worker-pool-1-thread-1" daemon [_thread_blocked, id=29836, stack(0x0000000067ae0000,0x0000000067be0000)]
  0x0000000023962000 JavaThread "spark-monitor" daemon [_thread_blocked, id=10980, stack(0x0000000064dd0000,0x0000000064ed0000)]
  0x0000000023969000 JavaThread "pool-5-thread-1" [_thread_blocked, id=13564, stack(0x00000000642f0000,0x00000000643f0000)]
  0x000000002396a800 JavaThread "Thread-55" daemon [_thread_in_native, id=13676, stack(0x0000000065970000,0x0000000065a70000)]
  0x0000000023968000 JavaThread "Thread-53" daemon [_thread_in_native, id=30688, stack(0x0000000060390000,0x0000000060490000)]
  0x0000000023960000 JavaThread "Thread-52" daemon [_thread_in_native, id=29668, stack(0x000000004f840000,0x000000004f940000)]
  0x0000000023966000 JavaThread "Thread-51" daemon [_thread_in_native, id=10716, stack(0x000000004ff90000,0x0000000050090000)]
  0x0000000023965000 JavaThread "Thread-50" daemon [_thread_in_native, id=28500, stack(0x00000000504b0000,0x00000000505b0000)]
  0x0000000023964800 JavaThread "Thread-49" daemon [_thread_in_native, id=16848, stack(0x000000004f740000,0x000000004f840000)]
  0x0000000023963800 JavaThread "Thread-48" daemon [_thread_in_native, id=17732, stack(0x000000004f530000,0x000000004f630000)]
  0x0000000023966800 JavaThread "Thread-47" daemon [_thread_in_native, id=4200, stack(0x000000004f200000,0x000000004f300000)]
  0x0000000037b65800 JavaThread "Narrator" [_thread_blocked, id=1180, stack(0x000000004db30000,0x000000004dc30000)]
  0x0000000037b63800 JavaThread "Config Lib config file watcher" daemon [_thread_blocked, id=7464, stack(0x000000004e600000,0x000000004e700000)]
  0x0000000037b64000 JavaThread "Thread-44" daemon [_thread_in_native, id=13696, stack(0x000000004e500000,0x000000004e600000)]
  0x0000000037b5d800 JavaThread "pool-4-thread-12" [_thread_blocked, id=30356, stack(0x0000000047910000,0x0000000047a10000)]
  0x0000000037b5a800 JavaThread "pool-4-thread-11" [_thread_blocked, id=18832, stack(0x0000000047810000,0x0000000047910000)]
  0x0000000037b5c000 JavaThread "pool-4-thread-10" [_thread_blocked, id=16864, stack(0x0000000047710000,0x0000000047810000)]
  0x0000000037b5e000 JavaThread "pool-4-thread-9" [_thread_blocked, id=19868, stack(0x00000000470a0000,0x00000000471a0000)]
  0x0000000037b57800 JavaThread "Thread-42" daemon [_thread_in_native, id=3412, stack(0x0000000047610000,0x0000000047710000)]
  0x00000000317a7000 JavaThread "Thread-41" daemon [_thread_in_native, id=19752, stack(0x0000000046fa0000,0x00000000470a0000)]
  0x00000000317a5800 JavaThread "pool-4-thread-8" [_thread_blocked, id=764, stack(0x0000000046ea0000,0x0000000046fa0000)]
  0x00000000317a6000 JavaThread "Thread-40" daemon [_thread_in_native, id=31224, stack(0x0000000046c10000,0x0000000046d10000)]
  0x000000003179e000 JavaThread "Thread-39" daemon [_thread_in_native, id=36616, stack(0x0000000046910000,0x0000000046a10000)]
  0x00000000317a4800 JavaThread "Thread-38" daemon [_thread_in_native, id=38424, stack(0x00000000456d0000,0x00000000457d0000)]
  0x00000000317a7800 JavaThread "Thread-37" daemon [_thread_in_native, id=21956, stack(0x0000000046da0000,0x0000000046ea0000)]
  0x000000003179d000 JavaThread "Thread-36" daemon [_thread_in_native, id=37792, stack(0x0000000046810000,0x0000000046910000)]
  0x00000000317a4000 JavaThread "Thread-35" daemon [_thread_in_native, id=14144, stack(0x0000000046710000,0x0000000046810000)]
  0x00000000317a3000 JavaThread "pool-4-thread-7" [_thread_blocked, id=31012, stack(0x0000000046610000,0x0000000046710000)]
  0x000000003179b800 JavaThread "pool-4-thread-6" [_thread_blocked, id=25068, stack(0x0000000046510000,0x0000000046610000)]
  0x00000000317a2800 JavaThread "pool-4-thread-5" [_thread_blocked, id=8564, stack(0x0000000046410000,0x0000000046510000)]
  0x00000000317a1800 JavaThread "Thread-34" daemon [_thread_in_native, id=17628, stack(0x00000000460e0000,0x00000000461e0000)]
  0x000000003179c800 JavaThread "Thread-33" daemon [_thread_in_native, id=30196, stack(0x0000000045b90000,0x0000000045c90000)]
  0x00000000317a1000 JavaThread "Thread-32" daemon [_thread_in_native, id=25844, stack(0x00000000458d0000,0x00000000459d0000)]
  0x0000000031799800 JavaThread "pool-4-thread-4" [_thread_blocked, id=12940, stack(0x00000000457d0000,0x00000000458d0000)]
  0x000000003179e800 JavaThread "Thread-31" daemon [_thread_in_native, id=11304, stack(0x0000000044b90000,0x0000000044c90000)]
  0x00000000317a0000 JavaThread "Thread-30" daemon [_thread_in_native, id=33296, stack(0x0000000043af0000,0x0000000043bf0000)]
  0x000000003179b000 JavaThread "Thread-29" daemon [_thread_in_native, id=18556, stack(0x0000000045a90000,0x0000000045b90000)]
  0x000000003179a000 JavaThread "Thread-27" daemon [_thread_in_native, id=27052, stack(0x00000000455d0000,0x00000000456d0000)]
  0x000000003179f800 JavaThread "Thread-26" daemon [_thread_in_native, id=38624, stack(0x0000000044cb0000,0x0000000044db0000)]
  0x00000000342a8000 JavaThread "pool-4-thread-3" [_thread_blocked, id=29028, stack(0x0000000044a90000,0x0000000044b90000)]
  0x0000000031bd2800 JavaThread "pool-4-thread-2" [_thread_blocked, id=30004, stack(0x0000000044990000,0x0000000044a90000)]
  0x0000000031bd8000 JavaThread "pool-4-thread-1" [_thread_blocked, id=38320, stack(0x0000000044690000,0x0000000044790000)]
  0x0000000031bd6800 JavaThread "Thread-25" daemon [_thread_in_native, id=16644, stack(0x00000000433b0000,0x00000000434b0000)]
  0x0000000031bd4000 JavaThread "Thread-24" daemon [_thread_in_native, id=10040, stack(0x0000000044290000,0x0000000044390000)]
  0x0000000031bd7000 JavaThread "Thread-23" daemon [_thread_blocked, id=19252, stack(0x00000000418b0000,0x00000000419b0000)]
  0x0000000031bd3800 JavaThread "Thread-22" daemon [_thread_blocked, id=19340, stack(0x000000003f930000,0x000000003fa30000)]
  0x0000000031bc9800 JavaThread "Java Sound Event Dispatcher" daemon [_thread_blocked, id=8724, stack(0x0000000041390000,0x0000000041490000)]
  0x0000000031bcf000 JavaThread "lava-daemon-pool-info-loader-5-thread-8" daemon [_thread_blocked, id=10800, stack(0x000000003f630000,0x000000003f730000)]
  0x0000000032efe000 JavaThread "Thread-20" daemon [_thread_in_native, id=5868, stack(0x000000003ebe0000,0x000000003ece0000)]
  0x0000000032efb800 JavaThread "LavaPlayer Audio Thread" daemon [_thread_blocked, id=12376, stack(0x000000003eae0000,0x000000003ebe0000)]
  0x0000000032ef9800 JavaThread "lava-daemon-pool-manager-6-thread-1" daemon [_thread_blocked, id=12832, stack(0x000000003e9e0000,0x000000003eae0000)]
  0x0000000032efa000 JavaThread "LavaPlayer Audio Thread" daemon [_thread_blocked, id=18192, stack(0x000000003dfe0000,0x000000003e0e0000)]
  0x0000000032efc800 JavaThread "lava-daemon-pool-manager-3-thread-1" daemon [_thread_blocked, id=17832, stack(0x000000003e0e0000,0x000000003e1e0000)]
  0x00000000342a1000 JavaThread "Snooper Timer" daemon [_thread_blocked, id=20908, stack(0x000000002daa0000,0x000000002dba0000)]
  0x00000000342a4000 JavaThread "Timer hack thread" daemon [_thread_blocked, id=27612, stack(0x000000002cd10000,0x000000002ce10000)]
  0x00000000342a0800 JavaThread "Thread-16" daemon [_thread_in_native, id=34452, stack(0x000000002d930000,0x000000002da30000)]
  0x00000000342a2000 JavaThread "Thread-15" daemon [_thread_in_native, id=3524, stack(0x000000002d830000,0x000000002d930000)]
  0x00000000206ba000 JavaThread "Thread-14" daemon [_thread_in_native, id=8584, stack(0x000000002d730000,0x000000002d830000)]
  0x00000000206bc000 JavaThread "Thread-13" daemon [_thread_in_native, id=21492, stack(0x000000002d630000,0x000000002d730000)]
  0x00000000206b9000 JavaThread "Thread-12" daemon [_thread_in_native, id=36624, stack(0x000000002d530000,0x000000002d630000)]
  0x00000000206b7800 JavaThread "Thread-11" daemon [_thread_in_native, id=14916, stack(0x000000002d430000,0x000000002d530000)]
  0x00000000206bb800 JavaThread "Thread-10" daemon [_thread_in_native, id=24108, stack(0x000000002d330000,0x000000002d430000)]
  0x00000000206b7000 JavaThread "Thread-9" daemon [_thread_in_native, id=15920, stack(0x000000002d230000,0x000000002d330000)]
  0x00000000206b8800 JavaThread "Thread-8" daemon [_thread_in_native, id=18080, stack(0x000000002d130000,0x000000002d230000)]
  0x0000000030a7a800 JavaThread "Thread-7" daemon [_thread_in_native, id=13096, stack(0x000000002d030000,0x000000002d130000)]
  0x0000000030a79800 JavaThread "Thread-6" daemon [_thread_in_native, id=19092, stack(0x000000002cf30000,0x000000002d030000)]
  0x000000002ff5a000 JavaThread "Thread-5" daemon [_thread_in_native, id=35952, stack(0x000000002ce30000,0x000000002cf30000)]
  0x0000000033c7b800 JavaThread "Thread-4" daemon [_thread_in_native, id=3288, stack(0x000000002c990000,0x000000002ca90000)]
  0x0000000022d88000 JavaThread "Thread-2" daemon [_thread_in_native, id=16068, stack(0x00000000256e0000,0x00000000257e0000)]
  0x0000000022f3f000 JavaThread "Thread-1" daemon [_thread_blocked, id=11928, stack(0x00000000255e0000,0x00000000256e0000)]
  0x0000000020739000 JavaThread "Service Thread" daemon [_thread_blocked, id=20536, stack(0x0000000022000000,0x0000000022100000)]
  0x00000000206bd000 JavaThread "C1 CompilerThread3" daemon [_thread_blocked, id=19716, stack(0x0000000021f00000,0x0000000022000000)]
  0x00000000206bd800 JavaThread "C2 CompilerThread2" daemon [_thread_blocked, id=25756, stack(0x0000000021e00000,0x0000000021f00000)]
  0x00000000206b1000 JavaThread "C2 CompilerThread1" daemon [_thread_blocked, id=29808, stack(0x0000000021d00000,0x0000000021e00000)]
  0x00000000206b0800 JavaThread "C2 CompilerThread0" daemon [_thread_blocked, id=27268, stack(0x0000000021c00000,0x0000000021d00000)]
  0x00000000206af800 JavaThread "Attach Listener" daemon [_thread_blocked, id=33080, stack(0x0000000021b00000,0x0000000021c00000)]
  0x00000000206ae800 JavaThread "Signal Dispatcher" daemon [_thread_blocked, id=3592, stack(0x0000000021a00000,0x0000000021b00000)]
  0x000000001efbf800 JavaThread "Finalizer" daemon [_thread_blocked, id=23444, stack(0x0000000021900000,0x0000000021a00000)]
  0x000000001efb8800 JavaThread "Reference Handler" daemon [_thread_blocked, id=30084, stack(0x0000000021800000,0x0000000021900000)]
=>0x0000000002ea4000 JavaThread "Render thread" [_thread_in_native, id=26556, stack(0x0000000002da0000,0x0000000002ea0000)]

Other Threads:
  0x0000000020672800 VMThread [stack: 0x0000000021700000,0x0000000021800000] [id=13180]
  0x0000000020743000 WatcherThread [stack: 0x0000000022100000,0x0000000022200000] [id=9888]

VM state:not at safepoint (normal execution)

VM Mutex/Monitor currently owned by a thread: None

Heap:
 PSYoungGen      total 1682944K, used 322234K [0x0000000756b00000, 0x00000007c0000000, 0x00000007c0000000)
  eden space 1646080K, 17% used [0x0000000756b00000,0x00000007684488e8,0x00000007bb280000)
  from space 36864K, 92% used [0x00000007bb280000,0x00000007bd3e6008,0x00000007bd680000)
  to   space 40960K, 0% used [0x00000007bd800000,0x00000007bd800000,0x00000007c0000000)
 ParOldGen       total 2863104K, used 2708343K [0x0000000684000000, 0x0000000732c00000, 0x0000000756b00000)
  object space 2863104K, 94% used [0x0000000684000000,0x00000007294ddc50,0x0000000732c00000)
 Metaspace       used 279927K, capacity 323440K, committed 323756K, reserved 1314816K
  class space    used 47670K, capacity 58731K, committed 58796K, reserved 1048576K

Card table byte_map: [0x0000000012360000,0x0000000012d50000] byte_map_base: 0x000000000ef40000

Marking Bits: (ParMarkBitMap*) 0x000000005e8d4040
 Begin Bits: [0x0000000013df0000, 0x0000000018cf0000)
 End Bits:   [0x0000000018cf0000, 0x000000001dbf0000)

Polling page: 0x00000000009e0000

CodeCache: size=245760Kb used=161683Kb max_used=163393Kb free=84076Kb
 bounds [0x0000000002fa0000, 0x000000000d010000, 0x0000000011fa0000]
 total_blobs=45784 nmethods=42978 adapters=2709
 compilation: enabled

Compilation events (10 events):
Event: 1007.695 Thread 0x00000000206bd000 67988       3       fudge.notenoughcrashes.forge.platform.ForgePlatform$$Lambda$23528/1589770867::apply (8 bytes)
Event: 1007.695 Thread 0x00000000206bd000 nmethod 67988 0x000000000c960b50 code [0x000000000c960d00, 0x000000000c961330]
Event: 1007.696 Thread 0x00000000206bd800 67989       4       java.net.URI::quote (208 bytes)
Event: 1007.701 Thread 0x00000000206bd800 nmethod 67989 0x0000000008880d10 code [0x0000000008880ec0, 0x0000000008881980]
Event: 1007.701 Thread 0x00000000206b0800 67990   !   4       java.io.PrintWriter::write (58 bytes)
Event: 1007.701 Thread 0x00000000206b1000 67991       4       java.io.PrintWriter::ensureOpen (18 bytes)
Event: 1007.701 Thread 0x00000000206bd800 67992       4       java.lang.Throwable$WrappedPrintWriter::println (9 bytes)
Event: 1007.702 Thread 0x00000000206b1000 nmethod 67991 0x000000000a5974d0 code [0x000000000a597600, 0x000000000a597678]
Event: 1007.702 Thread 0x00000000206b0800 nmethod 67990 0x000000000c960490 code [0x000000000c9605e0, 0x000000000c9609b8]
Event: 1007.704 Thread 0x00000000206bd800 nmethod 67992 0x000000000cdb2b10 code [0x000000000cdb2c80, 0x000000000cdb3758]

GC Heap History (10 events):
Event: 994.808 GC heap before
{Heap before GC invocations=382 (full 9):
 PSYoungGen      total 1673216K, used 1646337K [0x0000000756b00000, 0x00000007bf980000, 0x00000007c0000000)
  eden space 1628672K, 100% used [0x0000000756b00000,0x00000007ba180000,0x00000007ba180000)
  from space 44544K, 39% used [0x00000007bce00000,0x00000007bdf40510,0x00000007bf980000)
  to   space 45056K, 0% used [0x00000007ba180000,0x00000007ba180000,0x00000007bcd80000)
 ParOldGen       total 2863104K, used 2705320K [0x0000000684000000, 0x0000000732c00000, 0x0000000756b00000)
  object space 2863104K, 94% used [0x0000000684000000,0x00000007291ea170,0x0000000732c00000)
 Metaspace       used 279575K, capacity 322932K, committed 323116K, reserved 1314816K
  class space    used 47610K, capacity 58651K, committed 58668K, reserved 1048576K
Event: 994.821 GC heap after
Heap after GC invocations=382 (full 9):
 PSYoungGen      total 1673728K, used 18945K [0x0000000756b00000, 0x00000007bfb80000, 0x00000007c0000000)
  eden space 1628672K, 0% used [0x0000000756b00000,0x0000000756b00000,0x00000007ba180000)
  from space 45056K, 42% used [0x00000007ba180000,0x00000007bb4005a0,0x00000007bcd80000)
  to   space 42496K, 0% used [0x00000007bd200000,0x00000007bd200000,0x00000007bfb80000)
 ParOldGen       total 2863104K, used 2705856K [0x0000000684000000, 0x0000000732c00000, 0x0000000756b00000)
  object space 2863104K, 94% used [0x0000000684000000,0x0000000729270260,0x0000000732c00000)
 Metaspace       used 279575K, capacity 322932K, committed 323116K, reserved 1314816K
  class space    used 47610K, capacity 58651K, committed 58668K, reserved 1048576K
}
Event: 998.206 GC heap before
{Heap before GC invocations=383 (full 9):
 PSYoungGen      total 1673728K, used 1647617K [0x0000000756b00000, 0x00000007bfb80000, 0x00000007c0000000)
  eden space 1628672K, 100% used [0x0000000756b00000,0x00000007ba180000,0x00000007ba180000)
  from space 45056K, 42% used [0x00000007ba180000,0x00000007bb4005a0,0x00000007bcd80000)
  to   space 42496K, 0% used [0x00000007bd200000,0x00000007bd200000,0x00000007bfb80000)
 ParOldGen       total 2863104K, used 2705856K [0x0000000684000000, 0x0000000732c00000, 0x0000000756b00000)
  object space 2863104K, 94% used [0x0000000684000000,0x0000000729270260,0x0000000732c00000)
 Metaspace       used 279577K, capacity 322932K, committed 323116K, reserved 1314816K
  class space    used 47611K, capacity 58651K, committed 58668K, reserved 1048576K
Event: 998.220 GC heap after
Heap after GC invocations=383 (full 9):
 PSYoungGen      total 1678336K, used 18353K [0x0000000756b00000, 0x00000007bf980000, 0x00000007c0000000)
  eden space 1637888K, 0% used [0x0000000756b00000,0x0000000756b00000,0x00000007baa80000)
  from space 40448K, 45% used [0x00000007bd200000,0x00000007be3ec4f8,0x00000007bf980000)
  to   space 40448K, 0% used [0x00000007baa80000,0x00000007baa80000,0x00000007bd200000)
 ParOldGen       total 2863104K, used 2706620K [0x0000000684000000, 0x0000000732c00000, 0x0000000756b00000)
  object space 2863104K, 94% used [0x0000000684000000,0x000000072932f2d8,0x0000000732c00000)
 Metaspace       used 279577K, capacity 322932K, committed 323116K, reserved 1314816K
  class space    used 47611K, capacity 58651K, committed 58668K, reserved 1048576K
}
Event: 1001.629 GC heap before
{Heap before GC invocations=384 (full 9):
 PSYoungGen      total 1678336K, used 1656241K [0x0000000756b00000, 0x00000007bf980000, 0x00000007c0000000)
  eden space 1637888K, 100% used [0x0000000756b00000,0x00000007baa80000,0x00000007baa80000)
  from space 40448K, 45% used [0x00000007bd200000,0x00000007be3ec4f8,0x00000007bf980000)
  to   space 40448K, 0% used [0x00000007baa80000,0x00000007baa80000,0x00000007bd200000)
 ParOldGen       total 2863104K, used 2706620K [0x0000000684000000, 0x0000000732c00000, 0x0000000756b00000)
  object space 2863104K, 94% used [0x0000000684000000,0x000000072932f310,0x0000000732c00000)
 Metaspace       used 279580K, capacity 322932K, committed 323116K, reserved 1314816K
  class space    used 47611K, capacity 58651K, committed 58668K, reserved 1048576K
Event: 1001.642 GC heap after
Heap after GC invocations=384 (full 9):
 PSYoungGen      total 1678336K, used 18641K [0x0000000756b00000, 0x00000007bfd00000, 0x00000007c0000000)
  eden space 1637888K, 0% used [0x0000000756b00000,0x0000000756b00000,0x00000007baa80000)
  from space 40448K, 46% used [0x00000007baa80000,0x00000007bbcb4468,0x00000007bd200000)
  to   space 38912K, 0% used [0x00000007bd700000,0x00000007bd700000,0x00000007bfd00000)
 ParOldGen       total 2863104K, used 2707349K [0x0000000684000000, 0x0000000732c00000, 0x0000000756b00000)
  object space 2863104K, 94% used [0x0000000684000000,0x00000007293e5490,0x0000000732c00000)
 Metaspace       used 279580K, capacity 322932K, committed 323116K, reserved 1314816K
  class space    used 47611K, capacity 58651K, committed 58668K, reserved 1048576K
}
Event: 1005.000 GC heap before
{Heap before GC invocations=385 (full 9):
 PSYoungGen      total 1678336K, used 1656529K [0x0000000756b00000, 0x00000007bfd00000, 0x00000007c0000000)
  eden space 1637888K, 100% used [0x0000000756b00000,0x00000007baa80000,0x00000007baa80000)
  from space 40448K, 46% used [0x00000007baa80000,0x00000007bbcb4468,0x00000007bd200000)
  to   space 38912K, 0% used [0x00000007bd700000,0x00000007bd700000,0x00000007bfd00000)
 ParOldGen       total 2863104K, used 2707350K [0x0000000684000000, 0x0000000732c00000, 0x0000000756b00000)
  object space 2863104K, 94% used [0x0000000684000000,0x00000007293e5b48,0x0000000732c00000)
 Metaspace       used 279614K, capacity 322932K, committed 323116K, reserved 1314816K
  class space    used 47611K, capacity 58651K, committed 58668K, reserved 1048576K
Event: 1005.014 GC heap after
Heap after GC invocations=385 (full 9):
 PSYoungGen      total 1682432K, used 18400K [0x0000000756b00000, 0x00000007bfa80000, 0x00000007c0000000)
  eden space 1646080K, 0% used [0x0000000756b00000,0x0000000756b00000,0x00000007bb280000)
  from space 36352K, 50% used [0x00000007bd700000,0x00000007be8f83f0,0x00000007bfa80000)
  to   space 36864K, 0% used [0x00000007bb280000,0x00000007bb280000,0x00000007bd680000)
 ParOldGen       total 2863104K, used 2707975K [0x0000000684000000, 0x0000000732c00000, 0x0000000756b00000)
  object space 2863104K, 94% used [0x0000000684000000,0x0000000729481c50,0x0000000732c00000)
 Metaspace       used 279614K, capacity 322932K, committed 323116K, reserved 1314816K
  class space    used 47611K, capacity 58651K, committed 58668K, reserved 1048576K
}
Event: 1007.541 GC heap before
{Heap before GC invocations=386 (full 9):
 PSYoungGen      total 1682432K, used 1664480K [0x0000000756b00000, 0x00000007bfa80000, 0x00000007c0000000)
  eden space 1646080K, 100% used [0x0000000756b00000,0x00000007bb280000,0x00000007bb280000)
  from space 36352K, 50% used [0x00000007bd700000,0x00000007be8f83f0,0x00000007bfa80000)
  to   space 36864K, 0% used [0x00000007bb280000,0x00000007bb280000,0x00000007bd680000)
 ParOldGen       total 2863104K, used 2707975K [0x0000000684000000, 0x0000000732c00000, 0x0000000756b00000)
  object space 2863104K, 94% used [0x0000000684000000,0x0000000729481c50,0x0000000732c00000)
 Metaspace       used 279911K, capacity 323428K, committed 323500K, reserved 1314816K
  class space    used 47670K, capacity 58731K, committed 58796K, reserved 1048576K
Event: 1007.573 GC heap after
Heap after GC invocations=386 (full 9):
 PSYoungGen      total 1682944K, used 34200K [0x0000000756b00000, 0x00000007c0000000, 0x00000007c0000000)
  eden space 1646080K, 0% used [0x0000000756b00000,0x0000000756b00000,0x00000007bb280000)
  from space 36864K, 92% used [0x00000007bb280000,0x00000007bd3e6008,0x00000007bd680000)
  to   space 40960K, 0% used [0x00000007bd800000,0x00000007bd800000,0x00000007c0000000)
 ParOldGen       total 2863104K, used 2708343K [0x0000000684000000, 0x0000000732c00000, 0x0000000756b00000)
  object space 2863104K, 94% used [0x0000000684000000,0x00000007294ddc50,0x0000000732c00000)
 Metaspace       used 279911K, capacity 323428K, committed 323500K, reserved 1314816K
  class space    used 47670K, capacity 58731K, committed 58796K, reserved 1048576K
}

Deoptimization events (10 events):
Event: 1006.923 Thread 0x0000000002ea4000 Uncommon trap: reason=unstable_if action=reinterpret pc=0x000000000bbfb93c method=net.coderbot.iris.pipeline.HandRenderer.canRender(Lnet/minecraft/client/renderer/ActiveRenderInfo;Lnet/minecraft/client/renderer/GameRenderer;)Z @ 50
Event: 1006.923 Thread 0x0000000002ea4000 Uncommon trap: reason=unstable_if action=reinterpret pc=0x000000000bbfc850 method=net.coderbot.iris.pipeline.HandRenderer.canRender(Lnet/minecraft/client/renderer/ActiveRenderInfo;Lnet/minecraft/client/renderer/GameRenderer;)Z @ 50
Event: 1006.923 Thread 0x0000000002ea4000 Uncommon trap: reason=unstable_if action=reinterpret pc=0x0000000006bda768 method=xaero.common.settings.ModSettings.getAutoUIScale()I @ 35
Event: 1006.950 Thread 0x0000000002ea4000 Uncommon trap: reason=unstable_if action=reinterpret pc=0x0000000007fd492c method=net.minecraft.client.renderer.texture.NativeImage.func_195717_a(IZ)V @ 61
Event: 1007.097 Thread 0x00000000342ac800 Uncommon trap: reason=unstable_if action=reinterpret pc=0x000000000b753cbc method=com.blackgear.cavesandcliffs.common.blocks.AmethystClusterBlock.func_204507_t(Lnet/minecraft/block/BlockState;)Lnet/minecraft/fluid/FluidState; @ 13
Event: 1007.167 Thread 0x00000000342ac800 Uncommon trap: reason=unstable_if action=reinterpret pc=0x000000000b6d73fc method=de.maxhenkel.gravestone.blocks.GraveStoneBlock.func_204507_t(Lnet/minecraft/block/BlockState;)Lnet/minecraft/fluid/FluidState; @ 13
Event: 1007.642 Thread 0x0000000002ea4000 Uncommon trap: reason=unstable_if action=reinterpret pc=0x00000000070f7a38 method=java.nio.Bits.copyFromArray(Ljava/lang/Object;JJJJ)V @ 18
Event: 1007.701 Thread 0x0000000002ea4000 Uncommon trap: reason=unstable_if action=reinterpret pc=0x0000000009fea650 method=org.apache.logging.log4j.core.impl.ExtendedStackTraceElement.render(Ljava/lang/StackTraceElement;Ljava/lang/StringBuilder;Lorg/apache/logging/log4j/core/pattern/TextRenderer;"¶ú}è@
Event: 1007.701 Thread 0x0000000002ea4000 Uncommon trap: reason=unstable_if action=reinterpret pc=0x0000000009fc9f48 method=org.apache.logging.log4j.core.impl.ExtendedStackTraceElement.render(Ljava/lang/StackTraceElement;Ljava/lang/StringBuilder;Lorg/apache/logging/log4j/core/pattern/TextRenderer;
Event: 1007.704 Thread 0x0000000023961800 Uncommon trap: reason=unstable_if action=reinterpret pc=0x00000000088ceb44 method=dev.tr7zw.entityculling.CullTask.run()V @ 7

Internal exceptions (10 events):
Event: 1006.465 Thread 0x00000000342ac800 Exception <a 'sun/nio/fs/WindowsException'> (0x000000077cdc6648) thrown at [C:\re\workspace\8-2-build-windows-amd64-cygwin\jdk8u51\3951\hotspot\src\share\vm\prims\jni.cpp, line 709]
Event: 1006.470 Thread 0x00000000342ac800 Exception <a 'java/lang/IncompatibleClassChangeError': Found class java.lang.Object, but interface was expected> (0x000000077ce1c398) thrown at [C:\re\workspace\8-2-build-windows-amd64-cygwin\jdk8u51\3951\hotspot\src\share\vm\interpreter\linkResolver.cpp, 9Vs Mwè@
Event: 1006.913 Thread 0x0000000002ea4000 Exception <a 'java/lang/ClassNotFoundException': net.minecraft.client.gui.screen.IngameMenuScreen$$Lambda$22840/1123168018> (0x000000079360aae0) thrown at [C:\re\workspace\8-2-build-windows-amd64-cygwin\jdk8u51\3951\hotspot\src\share\vm\prims\jni.cpp, line¢.≠·Mwè@
Event: 1006.913 Thread 0x0000000002ea4000 Exception <a 'java/lang/ClassNotFoundException': net.minecraft.client.MouseHelper$$Lambda$17668/400965790> (0x000000079360af20) thrown at [C:\re\workspace\8-2-build-windows-amd64-cygwin\jdk8u51\3951\hotspot\src\share\vm\prims\jni.cpp, line 735]
Event: 1006.913 Thread 0x0000000002ea4000 Exception <a 'java/lang/ClassNotFoundException': net.minecraft.client.MouseHelper$$Lambda$17666/236414499> (0x000000079360b320) thrown at [C:\re\workspace\8-2-build-windows-amd64-cygwin\jdk8u51\3951\hotspot\src\share\vm\prims\jni.cpp, line 735]
Event: 1006.913 Thread 0x0000000002ea4000 Exception <a 'java/lang/ClassNotFoundException': net.minecraft.client.MouseHelper$$Lambda$13524/1007414186> (0x000000079360b728) thrown at [C:\re\workspace\8-2-build-windows-amd64-cygwin\jdk8u51\3951\hotspot\src\share\vm\prims\jni.cpp, line 735]
Event: 1006.913 Thread 0x0000000002ea4000 Exception <a 'java/lang/ClassNotFoundException': net.minecraftforge.fml.loading.FMLClientLaunchProvider$$Lambda$502/1452232618> (0x00000007936105c8) thrown at [C:\re\workspace\8-2-build-windows-amd64-cygwin\jdk8u51\3951\hotspot\src\share\vm\prims\jni.cpp, æπd¡Ywè@
Event: 1006.919 Thread 0x0000000002ea4000 Exception <a 'java/lang/NoSuchMethodError': java.lang.Object.func_210211_Z()Ljava/lang/String;> (0x00000007936be368) thrown at [C:\re\workspace\8-2-build-windows-amd64-cygwin\jdk8u51\3951\hotspot\src\share\vm\interpreter\linkResolver.cpp, line 582]
Event: 1006.919 Thread 0x0000000002ea4000 Exception <a 'java/lang/NoSuchMethodError': java.lang.Object.func_210215_Y()Ljava/lang/String;> (0x00000007936c5398) thrown at [C:\re\workspace\8-2-build-windows-amd64-cygwin\jdk8u51\3951\hotspot\src\share\vm\interpreter\linkResolver.cpp, line 582]
Event: 1007.701 Thread 0x0000000002ea4000 Exception <a 'java/lang/ClassNotFoundException': net.minecraftforge.fml.loading.FMLClientLaunchProvider$$Lambda$502/1452232618> (0x0000000760107168) thrown at [C:\re\workspace\8-2-build-windows-amd64-cygwin\jdk8u51\3951\hotspot\src\share\vm\prims\jni.cpp, ,e‚∏sè@

Events (10 events):
Event: 1007.701 Thread 0x0000000002ea4000 Uncommon trap: trap_request=0xffffff65 fr.pc=0x0000000009fea650
Event: 1007.701 Thread 0x0000000002ea4000 DEOPT PACKING pc=0x0000000009fea650 sp=0x0000000002e9e120
Event: 1007.701 Thread 0x0000000002ea4000 DEOPT UNPACKING pc=0x0000000002fe582a sp=0x0000000002e9e050 mode 2
Event: 1007.701 Thread 0x0000000002ea4000 Uncommon trap: trap_request=0xffffff65 fr.pc=0x0000000009fc9f48
Event: 1007.701 Thread 0x0000000002ea4000 DEOPT PACKING pc=0x0000000009fc9f48 sp=0x0000000002e9e030
Event: 1007.701 Thread 0x0000000002ea4000 DEOPT UNPACKING pc=0x0000000002fe582a sp=0x0000000002e9e028 mode 2
Event: 1007.704 Thread 0x0000000023961800 Uncommon trap: trap_request=0xffffff65 fr.pc=0x00000000088ceb44
Event: 1007.704 Thread 0x0000000023961800 DEOPT PACKING pc=0x00000000088ceb44 sp=0x000000006305efe0
Event: 1007.704 Thread 0x0000000023961800 DEOPT UNPACKING pc=0x0000000002fe582a sp=0x000000006305efd8 mode 2
Event: 1007.704 Thread 0x0000000023961800 Thread exited: 0x0000000023961800


Dynamic libraries:
0x00007ff7cb2b0000 - 0x00007ff7cb2e7000 	C:\Games\CurseForge\Minecraft\Install\runtime\jre-legacy\windows-x64\jre-legacy\bin\javaw.exe
0x00007ffa7d3d0000 - 0x00007ffa7d5c8000 	C:\WINDOWS\SYSTEM32\ntdll.dll
0x00007ffa7cd50000 - 0x00007ffa7ce0f000 	C:\WINDOWS\System32\KERNEL32.DLL
0x00007ffa7aab0000 - 0x00007ffa7ada6000 	C:\WINDOWS\System32\KERNELBASE.dll
0x00007ffa7d2e0000 - 0x00007ffa7d38f000 	C:\WINDOWS\System32\ADVAPI32.dll
0x00007ffa7c850000 - 0x00007ffa7c8ee000 	C:\WINDOWS\System32\msvcrt.dll
0x00007ffa7b600000 - 0x00007ffa7b69c000 	C:\WINDOWS\System32\sechost.dll
0x00007ffa7b750000 - 0x00007ffa7b876000 	C:\WINDOWS\System32\RPCRT4.dll
0x00007ffa7c170000 - 0x00007ffa7c30d000 	C:\WINDOWS\System32\USER32.dll
0x00007ffa7b400000 - 0x00007ffa7b422000 	C:\WINDOWS\System32\win32u.dll
0x00007ffa7cc00000 - 0x00007ffa7cc2c000 	C:\WINDOWS\System32\GDI32.dll
0x00007ffa7b0f0000 - 0x00007ffa7b205000 	C:\WINDOWS\System32\gdi32full.dll
0x00007ffa7b360000 - 0x00007ffa7b3fd000 	C:\WINDOWS\System32\msvcp_win.dll
0x00007ffa7b260000 - 0x00007ffa7b360000 	C:\WINDOWS\System32\ucrtbase.dll
0x00007ffa672f0000 - 0x00007ffa6758a000 	C:\WINDOWS\WinSxS\amd64_microsoft.windows.common-controls_6595b64144ccf1df_6.0.19041.1110_none_60b5254171f9507e\COMCTL32.dll
0x00007ffa7cca0000 - 0x00007ffa7ccd0000 	C:\WINDOWS\System32\IMM32.DLL
0x000000005e960000 - 0x000000005ea32000 	C:\Games\CurseForge\Minecraft\Install\runtime\jre-legacy\windows-x64\jre-legacy\bin\msvcr100.dll
0x000000005e0d0000 - 0x000000005e953000 	C:\Games\CurseForge\Minecraft\Install\runtime\jre-legacy\windows-x64\jre-legacy\bin\server\jvm.dll
0x00007ffa7cef0000 - 0x00007ffa7cef8000 	C:\WINDOWS\System32\PSAPI.DLL
0x00007ffa64f30000 - 0x00007ffa64f39000 	C:\WINDOWS\SYSTEM32\WSOCK32.dll
0x00007ffa73380000 - 0x00007ffa733a7000 	C:\WINDOWS\SYSTEM32\WINMM.dll
0x00007ffa748e0000 - 0x00007ffa748ea000 	C:\WINDOWS\SYSTEM32\VERSION.dll
0x00007ffa7bfd0000 - 0x00007ffa7c03b000 	C:\WINDOWS\System32\WS2_32.dll
0x000000005e0c0000 - 0x000000005e0cf000 	C:\Games\CurseForge\Minecraft\Install\runtime\jre-legacy\windows-x64\jre-legacy\bin\verify.dll
0x000000005e090000 - 0x000000005e0b9000 	C:\Games\CurseForge\Minecraft\Install\runtime\jre-legacy\windows-x64\jre-legacy\bin\java.dll
0x000000005e070000 - 0x000000005e086000 	C:\Games\CurseForge\Minecraft\Install\runtime\jre-legacy\windows-x64\jre-legacy\bin\zip.dll
0x00007ffa7b880000 - 0x00007ffa7bfc4000 	C:\WINDOWS\System32\SHELL32.dll
0x00007ffa78b40000 - 0x00007ffa792d4000 	C:\WINDOWS\SYSTEM32\windows.storage.dll
0x00007ffa7cf80000 - 0x00007ffa7d2d4000 	C:\WINDOWS\System32\combase.dll
0x00007ffa7a4f0000 - 0x00007ffa7a51e000 	C:\WINDOWS\SYSTEM32\Wldp.dll
0x00007ffa7b550000 - 0x00007ffa7b5fd000 	C:\WINDOWS\System32\SHCORE.dll
0x00007ffa7c960000 - 0x00007ffa7c9b5000 	C:\WINDOWS\System32\shlwapi.dll
0x00007ffa7a9e0000 - 0x00007ffa7aa05000 	C:\WINDOWS\SYSTEM32\profapi.dll
0x000000005e060000 - 0x000000005e06d000 	C:\Games\CurseForge\Minecraft\Install\runtime\jre-legacy\windows-x64\jre-legacy\bin\management.dll
0x000000005e040000 - 0x000000005e05a000 	C:\Games\CurseForge\Minecraft\Install\runtime\jre-legacy\windows-x64\jre-legacy\bin\net.dll
0x00007ffa7a250000 - 0x00007ffa7a2ba000 	C:\WINDOWS\system32\mswsock.dll
0x00007ffa52510000 - 0x00007ffa52527000 	C:\WINDOWS\system32\napinsp.dll
0x00007ffa524e0000 - 0x00007ffa524fb000 	C:\WINDOWS\system32\pnrpnsp.dll
0x00007ffa553a0000 - 0x00007ffa553b5000 	C:\WINDOWS\system32\wshbth.dll
0x00007ffa76540000 - 0x00007ffa7655d000 	C:\WINDOWS\system32\NLAapi.dll
0x00007ffa79ef0000 - 0x00007ffa79f2c000 	C:\WINDOWS\SYSTEM32\IPHLPAPI.DLL
0x00007ffa79f40000 - 0x00007ffa7a00a000 	C:\WINDOWS\SYSTEM32\DNSAPI.dll
0x00007ffa7cc90000 - 0x00007ffa7cc98000 	C:\WINDOWS\System32\NSI.dll
0x00007ffa52480000 - 0x00007ffa52492000 	C:\WINDOWS\System32\winrnr.dll
0x00007ffa63810000 - 0x00007ffa6381a000 	C:\Windows\System32\rasadhlp.dll
0x00007ffa629a0000 - 0x00007ffa62a22000 	C:\WINDOWS\System32\fwpuclnt.dll
0x00007ffa7b030000 - 0x00007ffa7b057000 	C:\WINDOWS\System32\bcrypt.dll
0x000000005e020000 - 0x000000005e031000 	C:\Games\CurseForge\Minecraft\Install\runtime\jre-legacy\windows-x64\jre-legacy\bin\nio.dll
0x000000005dff0000 - 0x000000005e014000 	C:\Games\CurseForge\Minecraft\Install\runtime\jre-legacy\windows-x64\jre-legacy\bin\sunec.dll
0x00007ffa7a440000 - 0x00007ffa7a458000 	C:\WINDOWS\SYSTEM32\CRYPTSP.dll
0x00007ffa79b00000 - 0x00007ffa79b34000 	C:\WINDOWS\system32\rsaenh.dll
0x00007ffa7a9a0000 - 0x00007ffa7a9ce000 	C:\WINDOWS\SYSTEM32\USERENV.dll
0x00007ffa7b060000 - 0x00007ffa7b0e2000 	C:\WINDOWS\System32\bcryptprimitives.dll
0x00007ffa7a460000 - 0x00007ffa7a46c000 	C:\WINDOWS\SYSTEM32\CRYPTBASE.dll
0x00007ffa748c0000 - 0x00007ffa748d7000 	C:\WINDOWS\SYSTEM32\dhcpcsvc6.DLL
0x00007ffa75060000 - 0x00007ffa7507d000 	C:\WINDOWS\SYSTEM32\dhcpcsvc.DLL
0x00007ffa68e40000 - 0x00007ffa68eb2000 	C:\Games\CurseForge\Minecraft\Install\bin\01082be0353d713e14cc7c605815ac4791fb533d\lwjgl.dll
0x00007ffa11440000 - 0x00007ffa11691000 	C:\Games\CurseForge\Minecraft\Install\bin\01082be0353d713e14cc7c605815ac4791fb533d\jemalloc.dll
0x00007ffa4f590000 - 0x00007ffa4f5ee000 	C:\Games\CurseForge\Minecraft\Install\bin\01082be0353d713e14cc7c605815ac4791fb533d\glfw.dll
0x00007ffa775a0000 - 0x00007ffa7763e000 	C:\WINDOWS\system32\uxtheme.dll
0x00007ffa305e0000 - 0x00007ffa30625000 	C:\WINDOWS\SYSTEM32\dinput8.dll
0x00007ffa3aef0000 - 0x00007ffa3af01000 	C:\WINDOWS\SYSTEM32\xinput1_4.dll
0x00007ffa7b210000 - 0x00007ffa7b25e000 	C:\WINDOWS\System32\cfgmgr32.dll
0x00007ffa7a840000 - 0x00007ffa7a873000 	C:\WINDOWS\SYSTEM32\DEVOBJ.dll
0x00007ffa77980000 - 0x00007ffa779af000 	C:\WINDOWS\SYSTEM32\dwmapi.dll
0x00007ffa670f0000 - 0x00007ffa67242000 	C:\WINDOWS\SYSTEM32\inputhost.dll
0x00007ffa7c310000 - 0x00007ffa7c3dd000 	C:\WINDOWS\System32\OLEAUT32.dll
0x00007ffa77130000 - 0x00007ffa77222000 	C:\WINDOWS\SYSTEM32\CoreMessaging.dll
0x00007ffa76700000 - 0x00007ffa76854000 	C:\WINDOWS\SYSTEM32\wintypes.dll
0x00007ffa75a40000 - 0x00007ffa75b36000 	C:\WINDOWS\SYSTEM32\PROPSYS.dll
0x00007ffa76dd0000 - 0x00007ffa7712e000 	C:\WINDOWS\SYSTEM32\CoreUIComponents.dll
0x00007ffa79c20000 - 0x00007ffa79c53000 	C:\WINDOWS\SYSTEM32\ntmarta.dll
0x00007ffa79330000 - 0x00007ffa79342000 	C:\WINDOWS\SYSTEM32\kernel.appcore.dll
0x00007ffa35920000 - 0x00007ffa35a73000 	C:\Programs\Stardock\Fences\FencesMenu64.dll
0x00007ffa7c040000 - 0x00007ffa7c16a000 	C:\WINDOWS\System32\ole32.dll
0x00007ffa75e50000 - 0x00007ffa75e64000 	C:\WINDOWS\SYSTEM32\WTSAPI32.dll
0x00007ffa67590000 - 0x00007ffa67735000 	C:\WINDOWS\WinSxS\amd64_microsoft.windows.gdiplus_6595b64144ccf1df_1.1.19041.2251_none_91a40448cc8846c1\gdiplus.dll
0x00007ffa63cb0000 - 0x00007ffa63dc8000 	C:\Programs\Stardock\Groupy\groupy_64.dll
0x00007ffa7b430000 - 0x00007ffa7b544000 	C:\WINDOWS\System32\MSCTF.dll
0x00007ffa792f0000 - 0x00007ffa792fd000 	C:\WINDOWS\SYSTEM32\HID.DLL
0x00007ffa7c3e0000 - 0x00007ffa7c84e000 	C:\WINDOWS\System32\SETUPAPI.DLL
0x00007ffa7afc0000 - 0x00007ffa7b027000 	C:\WINDOWS\System32\WINTRUST.dll
0x00007ffa7ae60000 - 0x00007ffa7afbe000 	C:\WINDOWS\System32\CRYPT32.dll
0x00007ffa7a680000 - 0x00007ffa7a692000 	C:\WINDOWS\SYSTEM32\MSASN1.dll
0x00007ffa348f0000 - 0x00007ffa34a15000 	C:\WINDOWS\SYSTEM32\opengl32.dll
0x00007ffa358d0000 - 0x00007ffa358fc000 	C:\WINDOWS\SYSTEM32\GLU32.dll
0x00007ffa7b6a0000 - 0x00007ffa7b749000 	C:\WINDOWS\System32\clbcatq.dll
0x00007ff9d71f0000 - 0x00007ff9dae47000 	C:\WINDOWS\System32\DriverStore\FileRepository\nv_dispig.inf_amd64_19f3764f95906f94\nvoglv64.dll
0x00007ffa73ed0000 - 0x00007ffa73f01000 	C:\WINDOWS\SYSTEM32\cryptnet.dll
0x00007ffa73ca0000 - 0x00007ffa73de8000 	C:\WINDOWS\SYSTEM32\drvstore.dll
0x00007ffa71fa0000 - 0x00007ffa71fdb000 	C:\WINDOWS\SYSTEM32\dxcore.dll
0x00007ffa39980000 - 0x00007ffa39c51000 	C:\WINDOWS\system32\nvspcap64.dll
0x00007ffa7a010000 - 0x00007ffa7a05b000 	C:\WINDOWS\SYSTEM32\powrprof.dll
0x00007ffa79ed0000 - 0x00007ffa79ee2000 	C:\WINDOWS\SYSTEM32\UMPDC.dll
0x00007ffa79790000 - 0x00007ffa797eb000 	C:\WINDOWS\SYSTEM32\WINSTA.dll
0x00007ffa36ad0000 - 0x00007ffa36b4f000 	C:\Games\CurseForge\Minecraft\Install\bin\01082be0353d713e14cc7c605815ac4791fb533d\lwjgl_stb.dll
0x00007ffa73df0000 - 0x00007ffa73e9e000 	C:\WINDOWS\SYSTEM32\mscms.dll
0x00007ffa73f10000 - 0x00007ffa73f21000 	C:\WINDOWS\SYSTEM32\ColorAdapterClient.dll
0x00007ffa32ec0000 - 0x00007ffa32f03000 	C:\WINDOWS\SYSTEM32\icm32.dll
0x00007ffa67b40000 - 0x00007ffa67c39000 	C:\WINDOWS\SYSTEM32\textinputframework.dll
0x00007ffa71a80000 - 0x00007ffa71ae6000 	C:\WINDOWS\system32\Oleacc.dll
0x00007ffa36a70000 - 0x00007ffa36ac8000 	C:\Games\CurseForge\Minecraft\Install\bin\01082be0353d713e14cc7c605815ac4791fb533d\lwjgl_opengl.dll
0x00007ffa36900000 - 0x00007ffa36942000 	C:\Users\NukelordBrown\AppData\Local\Temp\jna--1590639904\jna6797712169527745945.dll
0x000000005dfe0000 - 0x000000005dfec000 	C:\Games\CurseForge\Minecraft\Install\runtime\jre-legacy\windows-x64\jre-legacy\bin\jsound.dll
0x000000005dfd0000 - 0x000000005dfdb000 	C:\Games\CurseForge\Minecraft\Install\runtime\jre-legacy\windows-x64\jre-legacy\bin\jsoundds.dll
0x00007ffa37ad0000 - 0x00007ffa37b6c000 	C:\WINDOWS\SYSTEM32\DSOUND.dll
0x00007ffa61490000 - 0x00007ffa614b6000 	C:\WINDOWS\SYSTEM32\winmmbase.dll
0x00007ffa74620000 - 0x00007ffa746a5000 	C:\WINDOWS\SYSTEM32\MMDevAPI.DLL
0x00007ffa35fa0000 - 0x00007ffa35fe6000 	C:\WINDOWS\SYSTEM32\wdmaud.drv
0x00007ffa77420000 - 0x00007ffa77429000 	C:\WINDOWS\SYSTEM32\ksuser.dll
0x00007ffa78b30000 - 0x00007ffa78b3a000 	C:\WINDOWS\SYSTEM32\AVRT.dll
0x00007ffa74400000 - 0x00007ffa74582000 	C:\WINDOWS\SYSTEM32\AUDIOSES.DLL
0x00007ffa76660000 - 0x00007ffa7666d000 	C:\WINDOWS\SYSTEM32\msacm32.drv
0x00007ffa34770000 - 0x00007ffa3478e000 	C:\WINDOWS\SYSTEM32\MSACM32.dll
0x00007ffa751e0000 - 0x00007ffa751eb000 	C:\WINDOWS\SYSTEM32\midimap.dll
0x00007ffa777a0000 - 0x00007ffa777b4000 	C:\WINDOWS\SYSTEM32\resourcepolicyclient.dll
0x00007ffa0a990000 - 0x00007ffa0abf6000 	C:\Users\NukelordBrown\AppData\Local\Temp\de.fabmax.physx-jni\0.4.15\PhysX_64.dll
0x00007ffa08280000 - 0x00007ffa08457000 	C:\Users\NukelordBrown\AppData\Local\Temp\de.fabmax.physx-jni\0.4.15\PhysXCommon_64.dll
0x00007ffa1fb60000 - 0x00007ffa1fc0a000 	C:\Users\NukelordBrown\AppData\Local\Temp\de.fabmax.physx-jni\0.4.15\PhysXCooking_64.dll
0x00007ffa12080000 - 0x00007ffa12111000 	C:\Users\NukelordBrown\AppData\Local\Temp\de.fabmax.physx-jni\0.4.15\PhysXFoundation_64.dll
0x00007ffa08070000 - 0x00007ffa08274000 	C:\Users\NukelordBrown\AppData\Local\Temp\de.fabmax.physx-jni\0.4.15\PhysXJniBindings_64.dll
0x00007ffa69130000 - 0x00007ffa69271000 	C:\Windows\System32\Windows.UI.dll
0x00007ffa74a50000 - 0x00007ffa74af1000 	C:\Windows\System32\WindowManagementAPI.dll
0x00007ffa746b0000 - 0x00007ffa748b7000 	C:\Windows\System32\twinapi.appcore.dll
0x000000005de30000 - 0x000000005dfc8000 	C:\Games\CurseForge\Minecraft\Install\runtime\jre-legacy\windows-x64\jre-legacy\bin\awt.dll
0x00007ffa77440000 - 0x00007ffa774d1000 	C:\WINDOWS\SYSTEM32\apphelp.dll
0x00007ffa11bd0000 - 0x00007ffa11c6c000 	C:\Users\NUKELO~1\AppData\Local\Temp\jna--1590639904\jna1119622963733669386.dll
0x00007ffa68e20000 - 0x00007ffa68e3a000 	C:\Games\CurseForge\Minecraft\Install\bin\01082be0353d713e14cc7c605815ac4791fb533d\SAPIWrapper_x64.dll

VM Arguments:
jvm_args: -XX:HeapDumpPath=MojangTricksIntelDriversForPerformance_javaw.exe_minecraft.exe.heapdump -Dos.name=Windows 10 -Dos.version=10.0 -Xss1M -Djava.library.path=C:\Games\CurseForge\Minecraft\Install\bin\01082be0353d713e14cc7c605815ac4791fb533d -Dminecraft.launcher.brand=minecraft-launcher -Dminecraft.launcher.version=2.5.9 -Xmx5056m -Xms256m -Dminecraft.applet.TargetDirectory=C:\Games\CurseForge\Minecraft\Instances\Blood-N-Wine-2 -Dfml.ignorePatchDiscrepancies=true -Dfml.ignoreInvalidMinecraftCertificates=true -Duser.language=en -Duser.country=US -Dlog4j.configurationFile=C:\Games\CurseForge\Minecraft\Install\assets\log_configs\client-1.12.xml 
java_command: cpw.mods.modlauncher.Launcher --username IH8teMinorities --version forge-36.2.35 --gameDir C:\Games\CurseForge\Minecraft\Instances\Blood-N-Wine-2 --assetsDir C:\Games\CurseForge\Minecraft\Install\assets --assetIndex 1.16 --uuid bd3a981d24f64dd1b12ee2e8cc29c653 --accessToken eyJraWQiOiJhYzg0YSIsImFsZyI6IkhTMjU2In0.eyJ4dWlkIjoiMjUzNTQwNzg5ODgwMzEzMyIsImFnZyI6IkFkdWx0Iiwic3ViIjoiMWQxZWZjYjItZTY1MC00ZmY1LTllNzUtYWIxMWE3ZTNmNmQ3IiwiYXV0aCI6IlhCT1giLCJucyI6ImRlZmF1bHQiLCJyb2xlcyI6W10sImlzcyI6ImF1dGhlbnRpY2F0aW9uIiwiZmxhZ3MiOlsidHdvZmFjdG9yYXV0aCIsIm9yZGVyc18yMDIyIl0sInBsYXRmb3JtIjoiUENfTEFVTkNIRVIiLCJ5dWlkIjoiOGM5NDBkYzI0NzI5NTdlMmYwNDQ3YmY2ZDA5YjlhMTQiLCJuYmYiOjE2OTAwMTA5NDMsImV4cCI6MTY5MDA5NzM0MywiaWF0IjoxNjkwMDEwOTQzfQ.2zVmWX7-OtBHrzYEfBN-8zHQnHSJYxh0ouS3iIXHNjM --userType msa --versionType release --width 1024 --height 768 --launchTarget fmlclient --fml.forgeVersion 36.2.35 --fml.mcVersion 1.16.5 --fml.forgeGroup net.minecraftforge --fml.mcpVersion 20210115.111550
java_class_path (initial): C:\Games\CurseForge\Minecraft\Install\libraries\net\minecraftforge\forge\1.16.5-36.2.35\forge-1.16.5-36.2.35.jar;C:\Games\CurseForge\Minecraft\Install\libraries\org\ow2\asm\asm\9.1\asm-9.1.jar;C:\Games\CurseForge\Minecraft\Install\libraries\org\ow2\asm\asm-commons\9.1\asm-commons-9.1.jar;C:\Games\CurseForge\Minecraft\Install\libraries\org\ow2\asm\asm-tree\9.1\asm-tree-9.1.jar;C:\Games\CurseForge\Minecraft\Install\libraries\org\ow2\asm\asm-util\9.1\asm-util-9.1.jar;C:\Games\CurseForge\Minecraft\Install\libraries\org\ow2\asm\asm-analysis\9.1\asm-analysis-9.1.jar;C:\Games\CurseForge\Minecraft\Install\libraries\cpw\mods\modlauncher\8.1.3\modlauncher-8.1.3.jar;C:\Games\CurseForge\Minecraft\Install\libraries\cpw\mods\grossjava9hacks\1.3.3\grossjava9hacks-1.3.3.jar;C:\Games\CurseForge\Minecraft\Install\libraries\net\minecraftforge\accesstransformers\3.0.1\accesstransformers-3.0.1.jar;C:\Games\CurseForge\Minecraft\Install\libraries\org\antlr\antlr4-runtime\4.9.1\antlr4-runtime-4.9.1.jar;C:\Games\CurseForge\Minecraft\Install\libraries\net\minecraftforge\eventbus\4.0.0\eventbus-4.0.0.jar;C:\Games\CurseForge\Minecraft\Install\libraries\net\minecraftforge\forgespi\3.2.0\forgespi-3.2.0.jar;C:\Games\CurseForge\Minecraft\Install\libraries\net\minecraftforge\coremods\4.0.6\coremods-4.0.6.jar;C:\Games\CurseForge\Minecraft\Install\libraries\net\minecraftforge\unsafe\0.2.0\unsafe-0.2.0.jar;C:\Games\CurseForge\Minecraft\Install\libraries\com\electronwill\night-config\core\3.6.3\core-3.6.3.jar;C:\Games\CurseForge\Minecraft\Install\libraries\com\electronwill\night-config\toml\3.6.3\toml-3.6.3.jar;C:\Games\CurseForge\Minecraft\Install\libraries\org\jline\jline\3.12.1\jline-3.12.1.jar;C:\Games\CurseForge\Minecraft\Install\libraries\org\apache\maven\maven-artifact\3.6.3\maven-artifact-3.6.3.jar;C:\Games\CurseForge\Minecraft\Install\libraries\net\jodah\typetools\0.8.3\typetools-0.8.3.jar;C:\Games\CurseForge\Minecraft\Install\libraries\org\apache\logging\log4j\log
Launcher Type: SUN_STANDARD

Environment Variables:
PATH=C:\Program Files\NVIDIA GPU Computing Toolkit\CUDA\v11.7\bin;C:\Program Files\NVIDIA GPU Computing Toolkit\CUDA\v11.7\libnvvp;C:\Program Files (x86)\Razer Chroma SDK\bin;C:\Program Files\Razer Chroma SDK\bin;C:\Program Files\Common Files\Oracle\Java\javapath;C:\Program Files (x86)\Razer\ChromaBroadcast\bin;C:\Program Files\Razer\ChromaBroadcast\bin;C:\Python39\Scripts\;C:\Python39\;C:\WINDOWS\system32;C:\WINDOWS;C:\WINDOWS\System32\Wbem;C:\WINDOWS\System32\WindowsPowerShell\v1.0\;C:\WINDOWS\System32\OpenSSH\;C:\Program Files\NVIDIA Corporation\NVIDIA NvDLISR;C:\Program Files (x86)\NVIDIA Corporation\PhysX\Common;C:\ProgramData\chocolatey\bin;C:\Programs\PuTTY\;C:\WINDOWS\system32\config\systemprofile\AppData\Local\Microsoft\WindowsApps;C:\Users\NukelordBrown\AppData\Local\Microsoft\WindowsApps;C:\Users\NukelordBrown\AppData\Local\atom\bin;C:\Users\NukelordBrown\AppData\Roaming\npm;C:\Programs\Java\jdk-17.0.2\bin;C:\Program Files\dotnet\;C:\Program Files\Git LFS;C:\Program Files (x86)\GitExtensions\;C:\Programs\nodejs\;G:\Bethesda-Game-Modding-Tools\Git LFS;C:\Program Files\NVIDIA Corporation\Nsight Compute 2022.2.1\;C:\Program Files\Git\cmd;C:\Users\NukelordBrown\AppData\Local\Microsoft\WindowsApps;C:\Users\NukelordBrown\AppData\Local\atom\bin;C:\Users\NukelordBrown\AppData\Local\Programs\Microsoft VS Code\bin;C:\Users\NukelordBrown\.dotnet\tools;C:\Users\NukelordBrown\AppData\Local\GitHubDesktop\bin;C:\Users\NukelordBrown\AppData\Roaming\npm;C:\Program Files\JetBrains\IntelliJ IDEA Community Edition 2023.1.4\bin;
USERNAME=NukelordBrown
OS=Windows_NT
PROCESSOR_IDENTIFIER=AMD64 Family 25 Model 33 Stepping 0, AuthenticAMD



---------------  S Y S T E M  ---------------

OS: Windows 10.0 , 64 bit Build 19041 (10.0.19041.3155)

CPU:total 12 (12 cores per cpu, 1 threads per core) family 25 model 33 stepping 0, cmov, cx8, fxsr, mmx, sse, sse2, sse3, ssse3, sse4.1, sse4.2, popcnt, avx, avx2, aes, clmul, erms, mmxext, 3dnowpref, lzcnt, sse4a, tsc, tscinvbit, tscinv, bmi1

Memory: 4k page, physical 33499580k(11264716k free), swap 38480316k(5780780k free)

vm_info: Java HotSpot(TM) 64-Bit Server VM (25.51-b03) for windows-amd64 JRE (1.8.0_51-b16), built on Jun  8 2015 18:03:07 by "java_re" with MS VC++ 10.0 (VS2010)

time: Sat Jul 22 00:48:08 2023
elapsed time: 1007 seconds (0d 0h 16m 47s)

