#
# A fatal error has been detected by the Java Runtime Environment:
#
#  EXCEPTION_ACCESS_VIOLATION (0xc0000005) at pc=0x00007ffdba183716, pid=33496, tid=15848
#
# JRE version: Java(TM) SE Runtime Environment (8.0_51-b16) (build 1.8.0_51-b16)
# Java VM: Java HotSpot(TM) 64-Bit Server VM (25.51-b03 mixed mode windows-amd64 compressed oops)
# Problematic frame:
# C  [PhysXJniBindings_64.dll+0x53716]
#
# Failed to write core dump. Minidumps are not enabled by default on client versions of Windows
#
# If you would like to submit a bug report, please visit:
#   http://bugreport.java.com/bugreport/crash.jsp
# The crash happened outside the Java Virtual Machine in native code.
# See problematic frame for where to report the bug.
#

---------------  T H R E A D  ---------------

Current thread (0x0000000002d84000):  JavaThread "Render thread" [_thread_in_native, id=15848, stack(0x0000000002c80000,0x0000000002d80000)]

siginfo: ExceptionCode=0xc0000005, reading address 0x0000000000000000

Registers:
RAX=0x0000000000000000, RBX=0x0000000000000018, RCX=0x0000000000000000, RDX=0x0000000000000000
RSP=0x0000000002d7dfc0, RBP=0x0000000002d7e070, RSI=0x0000000000000003, RDI=0x0000000000000000
R8 =0x0000000000000003, R9 =0x0000000024129430, R10=0x0000000002e957c8, R11=0x0000000050697bb0
R12=0x0000000000000000, R13=0x00000000455715a0, R14=0x0000000002d7e090, R15=0x0000000002d84000
RIP=0x00007ffdba183716, EFLAGS=0x0000000000010206

Top of Stack: (sp=0x0000000002d7dfc0)
0x0000000002d7dfc0:   00000000c11cf5c3 0000000002e95d20
0x0000000002d7dfd0:   0000000002d7e048 0000000002e87800
0x0000000002d7dfe0:   00000000d0c03c2b 0000000002e87800
0x0000000002d7dff0:   0000000002e87ced 0000000002e957f4
0x0000000002d7e000:   00000000455715a0 00000000f80bb5ee
0x0000000002d7e010:   000000009cab3e46 0000000002d7e018
0x0000000002d7e020:   0000000000000000 0000000002d7e090
0x0000000002d7e030:   0000000002d7e030 0000000000000000
0x0000000002d7e040:   0000000002d7e090 00000000455731b8
0x0000000002d7e050:   0000000000000000 00000000455715a0
0x0000000002d7e060:   0000000000000000 0000000002d7e090
0x0000000002d7e070:   0000000002d7e0d8 0000000002e87800
0x0000000002d7e080:   000000069d2d5258 0000000002e8f977
0x0000000002d7e090:   0000000000000003 0000000002d7e098
0x0000000002d7e0a0:   00000000455714f9 0000000002d7e0e8
0x0000000002d7e0b0:   00000000455731b8 0000000000000000 

Instructions: (pc=0x00007ffdba183716)
0x00007ffdba1836f6:   89 74 24 10 57 48 83 ec 30 48 8b fa 8b f1 ff 15
0x00007ffdba183706:   86 3c 19 00 48 8b d8 ff 15 35 3c 19 00 48 8b c8
0x00007ffdba183716:   4c 8b 00 41 ff 50 28 84 c0 75 09 48 8d 05 a0 5e
0x00007ffdba183726:   12 00 eb 13 48 8d 15 8f 3f 19 00 48 8d 0d 20 2d 


Register to memory mapping:

RAX=0x0000000000000000 is an unknown value
RBX=0x0000000000000018 is an unknown value
RCX=0x0000000000000000 is an unknown value
RDX=0x0000000000000000 is an unknown value
RSP=0x0000000002d7dfc0 is pointing into the stack for thread: 0x0000000002d84000
RBP=0x0000000002d7e070 is pointing into the stack for thread: 0x0000000002d84000
RSI=0x0000000000000003 is an unknown value
RDI=0x0000000000000000 is an unknown value
R8 =0x0000000000000003 is an unknown value
R9 =0x0000000024129430 is an unknown value
R10=0x0000000002e957c8 is at code_begin+840 in an Interpreter codelet
method entry point (kind = native)  [0x0000000002e95480, 0x0000000002e95de0]  2400 bytes
R11=0x0000000050697bb0 is an unknown value
R12=0x0000000000000000 is an unknown value
R13={method} {0x00000000455715a8} '_DefaultCpuDispatcherCreate' '(I)J' in 'physx/PxTopLevelFunctions'
R14=0x0000000002d7e090 is pointing into the stack for thread: 0x0000000002d84000
R15=0x0000000002d84000 is a thread


Stack: [0x0000000002c80000,0x0000000002d80000],  sp=0x0000000002d7dfc0,  free space=1015k
Native frames: (J=compiled Java code, j=interpreted, Vv=VM code, C=native code)
C  [PhysXJniBindings_64.dll+0x53716]
C  0x0000000002e957f4

Java frames: (J=compiled Java code, j=interpreted, Vv=VM code)
j  physx.PxTopLevelFunctions._DefaultCpuDispatcherCreate(I)J+0
j  physx.PxTopLevelFunctions.DefaultCpuDispatcherCreate(I)Lphysx/extensions/PxDefaultCpuDispatcher;+1
j  net.diebuddies.physics.DynamicsWorld.<init>(Lnet/minecraft/world/World;F)V+211
j  net.diebuddies.physics.PhysicsWorld.<init>(Lnet/minecraft/world/World;)V+83
j  net.diebuddies.physics.PhysicsMod.<init>(Lnet/minecraft/world/World;)V+180
j  net.diebuddies.physics.PhysicsMod.getInstance(Lnet/minecraft/world/World;)Lnet/diebuddies/physics/PhysicsMod;+22
j  net.minecraft.client.renderer.WorldRenderer.handler$bhj000$renderChunkLayerSolid(Lnet/minecraft/client/renderer/RenderType;Lcom/mojang/blaze3d/matrix/MatrixStack;DDDLorg/spongepowered/asm/mixin/injection/callback/CallbackInfo;)V+226
J 48747 C2 net.minecraft.client.renderer.WorldRenderer.func_228441_a_(Lnet/minecraft/client/renderer/RenderType;Lcom/mojang/blaze3d/matrix/MatrixStack;DDD)V (186 bytes) @ 0x0000000009981ed4 [0x00000000099818c0+0x614]
J 51704 C2 net.minecraft.client.renderer.WorldRenderer.func_228426_a_(Lcom/mojang/blaze3d/matrix/MatrixStack;FJZLnet/minecraft/client/renderer/ActiveRenderInfo;Lnet/minecraft/client/renderer/GameRenderer;Lnet/minecraft/client/renderer/LightTexture;Lnet/minecraft/util/math/vector/Matrix4f;)V (4002 bytes) @ 0x000000000b68af64 [0x000000000b689000+0x1f64]
J 51020 C2 net.minecraft.client.renderer.GameRenderer.func_228378_a_(FJLcom/mojang/blaze3d/matrix/MatrixStack;)V (707 bytes) @ 0x0000000009fcd590 [0x0000000009fcbcc0+0x18d0]
j  net.minecraft.client.renderer.GameRenderer.func_195458_a(FJZ)V+250
J 49278 C2 net.minecraft.client.Minecraft.func_195542_b(Z)V (1010 bytes) @ 0x0000000009c15df4 [0x0000000009c147c0+0x1634]
j  net.minecraft.client.Minecraft.handler$bon000$unloadWorldScreenshot(Lnet/minecraft/client/gui/screen/Screen;Lorg/spongepowered/asm/mixin/injection/callback/CallbackInfo;)V+21
j  net.minecraft.client.Minecraft.func_213231_b(Lnet/minecraft/client/gui/screen/Screen;)V+49
j  net.minecraft.client.Minecraft.func_213254_o()V+8
j  net.minecraft.client.Minecraft.func_71405_e()V+66
j  net.minecraft.client.main.Main.main([Ljava/lang/String;)V+1445
v  ~StubRoutines::call_stub
j  sun.reflect.NativeMethodAccessorImpl.invoke0(Ljava/lang/reflect/Method;Ljava/lang/Object;[Ljava/lang/Object;)Ljava/lang/Object;+0
j  sun.reflect.NativeMethodAccessorImpl.invoke(Ljava/lang/Object;[Ljava/lang/Object;)Ljava/lang/Object;+100
J 2397 C1 sun.reflect.DelegatingMethodAccessorImpl.invoke(Ljava/lang/Object;[Ljava/lang/Object;)Ljava/lang/Object; (10 bytes) @ 0x00000000037dc74c [0x00000000037dc640+0x10c]
J 2396 C1 java.lang.reflect.Method.invoke(Ljava/lang/Object;[Ljava/lang/Object;)Ljava/lang/Object; (62 bytes) @ 0x00000000037dceec [0x00000000037dcb00+0x3ec]
j  net.minecraftforge.fml.loading.FMLClientLaunchProvider.lambda$launchService$0(Lcpw/mods/modlauncher/api/ITransformingClassLoader;[Ljava/lang/String;)Ljava/lang/Void;+50
j  net.minecraftforge.fml.loading.FMLClientLaunchProvider$$Lambda$502.call()Ljava/lang/Object;+12
j  cpw.mods.modlauncher.LaunchServiceHandlerDecorator.launch([Ljava/lang/String;Lcpw/mods/modlauncher/api/ITransformingClassLoader;)V+11
j  cpw.mods.modlauncher.LaunchServiceHandler.launch(Ljava/lang/String;[Ljava/lang/String;Lcpw/mods/modlauncher/TransformingClassLoader;Lcpw/mods/modlauncher/LaunchPluginHandler;)V+57
j  cpw.mods.modlauncher.LaunchServiceHandler.launch(Lcpw/mods/modlauncher/ArgumentHandler;Lcpw/mods/modlauncher/TransformingClassLoader;Lcpw/mods/modlauncher/LaunchPluginHandler;)V+19
j  cpw.mods.modlauncher.Launcher.run([Ljava/lang/String;)V+116
j  cpw.mods.modlauncher.Launcher.main([Ljava/lang/String;)V+37
v  ~StubRoutines::call_stub

---------------  P R O C E S S  ---------------

Java Threads: ( => current thread )
  0x0000000126180800 JavaThread "Sound engine" daemon [_thread_blocked, id=27780, stack(0x000000003d2c0000,0x000000003d3c0000)]
  0x000000007516a800 JavaThread "ForkJoinPool.commonPool-worker-11" daemon [_thread_blocked, id=19624, stack(0x0000000176bc0000,0x0000000176cc0000)]
  0x0000000075167800 JavaThread "ForkJoinPool.commonPool-worker-2" daemon [_thread_blocked, id=31916, stack(0x0000000176ac0000,0x0000000176bc0000)]
  0x000000007516a000 JavaThread "ForkJoinPool.commonPool-worker-9" daemon [_thread_blocked, id=7964, stack(0x00000001769c0000,0x0000000176ac0000)]
  0x0000000075163000 JavaThread "ForkJoinPool.commonPool-worker-0" daemon [_thread_blocked, id=2536, stack(0x00000001768c0000,0x00000001769c0000)]
  0x000000007515b800 JavaThread "ForkJoinPool.commonPool-worker-7" daemon [_thread_blocked, id=32480, stack(0x00000001767c0000,0x00000001768c0000)]
  0x000000007515e800 JavaThread "ForkJoinPool.commonPool-worker-14" daemon [_thread_blocked, id=31064, stack(0x00000001766c0000,0x00000001767c0000)]
  0x000000007515a000 JavaThread "ForkJoinPool.commonPool-worker-5" daemon [_thread_blocked, id=29832, stack(0x00000001765c0000,0x00000001766c0000)]
  0x0000000075161000 JavaThread "ForkJoinPool.commonPool-worker-12" daemon [_thread_blocked, id=29244, stack(0x00000001764c0000,0x00000001765c0000)]
  0x0000000075152800 JavaThread "ForkJoinPool.commonPool-worker-3" daemon [_thread_blocked, id=13912, stack(0x00000001763c0000,0x00000001764c0000)]
  0x0000000075159800 JavaThread "ForkJoinPool.commonPool-worker-10" daemon [_thread_blocked, id=27156, stack(0x00000001762c0000,0x00000001763c0000)]
  0x00000000b304d800 JavaThread "ForkJoinPool.commonPool-worker-1" daemon [_thread_blocked, id=27304, stack(0x00000001761c0000,0x00000001762c0000)]
  0x00000000b304c000 JavaThread "ForkJoinPool.commonPool-worker-8" daemon [_thread_blocked, id=31024, stack(0x00000001760c0000,0x00000001761c0000)]
  0x00000000b3050800 JavaThread "ForkJoinPool.commonPool-worker-15" daemon [_thread_blocked, id=11600, stack(0x0000000175fc0000,0x00000001760c0000)]
  0x00000000b3049000 JavaThread "ForkJoinPool.commonPool-worker-6" daemon [_thread_blocked, id=30016, stack(0x0000000175ec0000,0x0000000175fc0000)]
  0x00000000b304a800 JavaThread "ForkJoinPool.commonPool-worker-13" daemon [_thread_blocked, id=26724, stack(0x0000000175dc0000,0x0000000175ec0000)]
  0x00000000b3048000 JavaThread "AWT-Windows" daemon [_thread_in_native, id=32080, stack(0x000000009d320000,0x000000009d420000)]
  0x00000000b3040000 JavaThread "pool-11-thread-1" [_thread_blocked, id=8692, stack(0x0000000093270000,0x0000000093370000)]
  0x0000000020b57800 JavaThread "Chunk Render Task Executor #9" [_thread_blocked, id=20136, stack(0x00000000b3770000,0x00000000b3870000)]
  0x0000000033f22000 JavaThread "Chunk Render Task Executor #8" [_thread_blocked, id=28708, stack(0x00000000b26a0000,0x00000000b27a0000)]
  0x0000000033f19800 JavaThread "Chunk Render Task Executor #7" [_thread_blocked, id=29764, stack(0x00000000b25a0000,0x00000000b26a0000)]
  0x0000000046e67800 JavaThread "Chunk Render Task Executor #6" [_thread_blocked, id=33312, stack(0x00000000b24a0000,0x00000000b25a0000)]
  0x0000000046e66800 JavaThread "Chunk Render Task Executor #5" [_thread_blocked, id=14664, stack(0x00000000b23a0000,0x00000000b24a0000)]
  0x0000000046e64800 JavaThread "Chunk Render Task Executor #4" [_thread_blocked, id=1688, stack(0x00000000b22a0000,0x00000000b23a0000)]
  0x0000000046e6b000 JavaThread "Chunk Render Task Executor #3" [_thread_blocked, id=11148, stack(0x00000000b21a0000,0x00000000b22a0000)]
  0x0000000046e66000 JavaThread "Chunk Render Task Executor #2" [_thread_blocked, id=10616, stack(0x00000000683e0000,0x00000000684e0000)]
  0x0000000046e69800 JavaThread "Chunk Render Task Executor #1" [_thread_blocked, id=12316, stack(0x0000000054300000,0x0000000054400000)]
  0x0000000075170800 JavaThread "Chunk Render Task Executor #0" [_thread_blocked, id=23892, stack(0x0000000043810000,0x0000000043910000)]
  0x0000000075157000 JavaThread "Litematica Chunk Batcher 15" daemon [_thread_blocked, id=31648, stack(0x00000000b4b70000,0x00000000b4c70000)]
  0x0000000046e72000 JavaThread "Litematica Chunk Batcher 14" daemon [_thread_blocked, id=23312, stack(0x00000000b4a70000,0x00000000b4b70000)]
  0x0000000046e71000 JavaThread "Litematica Chunk Batcher 13" daemon [_thread_blocked, id=11152, stack(0x00000000b4970000,0x00000000b4a70000)]
  0x0000000046e73800 JavaThread "Litematica Chunk Batcher 12" daemon [_thread_blocked, id=30804, stack(0x00000000b4870000,0x00000000b4970000)]
  0x0000000046e70800 JavaThread "Litematica Chunk Batcher 11" daemon [_thread_blocked, id=23384, stack(0x00000000b4770000,0x00000000b4870000)]
  0x0000000046e72800 JavaThread "Litematica Chunk Batcher 10" daemon [_thread_blocked, id=27104, stack(0x00000000b4670000,0x00000000b4770000)]
  0x0000000046e69000 JavaThread "Litematica Chunk Batcher 9" daemon [_thread_blocked, id=30652, stack(0x00000000b4570000,0x00000000b4670000)]
  0x0000000046e6f800 JavaThread "Litematica Chunk Batcher 8" daemon [_thread_blocked, id=3164, stack(0x00000000b4470000,0x00000000b4570000)]
  0x0000000046e6f000 JavaThread "Litematica Chunk Batcher 7" daemon [_thread_blocked, id=6896, stack(0x00000000b4370000,0x00000000b4470000)]
  0x0000000046e6d800 JavaThread "Litematica Chunk Batcher 6" daemon [_thread_blocked, id=25180, stack(0x00000000b4270000,0x00000000b4370000)]
  0x0000000046e6a800 JavaThread "Litematica Chunk Batcher 5" daemon [_thread_blocked, id=25708, stack(0x00000000b4170000,0x00000000b4270000)]
  0x0000000046e6e000 JavaThread "Litematica Chunk Batcher 4" daemon [_thread_blocked, id=33556, stack(0x00000000b4070000,0x00000000b4170000)]
  0x0000000046e6c800 JavaThread "Litematica Chunk Batcher 3" daemon [_thread_blocked, id=23652, stack(0x00000000b3f70000,0x00000000b4070000)]
  0x0000000046e65000 JavaThread "Litematica Chunk Batcher 2" daemon [_thread_blocked, id=14120, stack(0x00000000b3e70000,0x00000000b3f70000)]
  0x0000000046e68000 JavaThread "Litematica Chunk Batcher 1" daemon [_thread_blocked, id=21296, stack(0x00000000b3d70000,0x00000000b3e70000)]
  0x0000000046e6c000 JavaThread "Litematica Chunk Batcher 0" daemon [_thread_blocked, id=12952, stack(0x00000000b3c70000,0x00000000b3d70000)]
  0x0000000033d99800 JavaThread "Netty Client IO #3" daemon [_thread_in_native, id=32656, stack(0x0000000001040000,0x0000000001140000)]
  0x0000000038adf800 JavaThread "Netty Client IO #2" daemon [_thread_in_native, id=32828, stack(0x0000000000f40000,0x0000000001040000)]
  0x00000000474cc000 JavaThread "Netty Client IO #1" daemon [_thread_in_native, id=29948, stack(0x0000000091fc0000,0x00000000920c0000)]
  0x00000000392a6800 JavaThread "Netty Client IO #0" daemon [_thread_in_native, id=23732, stack(0x0000000053d00000,0x0000000053e00000)]
  0x0000000037b87800 JavaThread "ObjectCleanerThread" daemon [_thread_blocked, id=27048, stack(0x0000000043c10000,0x0000000043d10000)]
  0x0000000037b81800 JavaThread "Server Pinger #2" daemon [_thread_blocked, id=32880, stack(0x0000000094d60000,0x0000000094e60000)]
  0x0000000033d9e800 JavaThread "Server Pinger #1" daemon [_thread_blocked, id=11236, stack(0x0000000092360000,0x0000000092460000)]
  0x0000000033d9d000 JavaThread "Thread-72" daemon [_thread_in_native, id=32552, stack(0x0000000091a90000,0x0000000091b90000)]
  0x0000000033d9c800 JavaThread "Server Pinger #0" daemon [_thread_blocked, id=33156, stack(0x0000000091630000,0x0000000091730000)]
  0x0000000033d9f800 JavaThread "spark-worker-pool-1-thread-4" daemon [_thread_blocked, id=27416, stack(0x000000006edc0000,0x000000006eec0000)]
  0x00000000474c6000 JavaThread "spark-worker-pool-1-thread-3" daemon [_thread_blocked, id=4288, stack(0x0000000030ba0000,0x0000000030ca0000)]
  0x00000000474c9000 JavaThread "Thread-66" daemon [_thread_blocked, id=12400, stack(0x000000006b6a0000,0x000000006b7a0000)]
  0x00000000474cb000 JavaThread "Java2D Disposer" daemon [_thread_blocked, id=33320, stack(0x000000006b7a0000,0x000000006b8a0000)]
  0x00000000474c7800 JavaThread "Thread-64" daemon [_thread_blocked, id=29716, stack(0x000000006b500000,0x000000006b600000)]
  0x00000000474ca800 JavaThread "spark-worker-pool-1-thread-2" daemon [_thread_blocked, id=15120, stack(0x0000000070310000,0x0000000070410000)]
  0x0000000032af8800 JavaThread "spark-worker-pool-1-thread-1" daemon [_thread_blocked, id=27336, stack(0x0000000070210000,0x0000000070310000)]
  0x0000000037b88000 JavaThread "spark-monitor" daemon [_thread_blocked, id=17200, stack(0x0000000070110000,0x0000000070210000)]
  0x00000000392ac800 JavaThread "Thread-59" daemon [_thread_in_native, id=29128, stack(0x000000005e220000,0x000000005e320000)]
  0x00000000392af000 JavaThread "Thread-58" daemon [_thread_in_native, id=28784, stack(0x0000000058850000,0x0000000058950000)]
  0x00000000392ad800 JavaThread "Thread-57" daemon [_thread_in_native, id=33260, stack(0x00000000585e0000,0x00000000586e0000)]
  0x00000000392ae000 JavaThread "Thread-56" daemon [_thread_in_native, id=18936, stack(0x0000000058750000,0x0000000058850000)]
  0x00000000392b2000 JavaThread "Thread-55" daemon [_thread_in_native, id=27016, stack(0x0000000053c00000,0x0000000053d00000)]
  0x00000000392a5000 JavaThread "Thread-54" daemon [_thread_in_native, id=14056, stack(0x00000000559d0000,0x0000000055ad0000)]
  0x00000000392a6000 JavaThread "Thread-53" daemon [_thread_in_native, id=5736, stack(0x0000000054b00000,0x0000000054c00000)]
  0x00000000392ab000 JavaThread "Thread-52" daemon [_thread_in_native, id=21472, stack(0x0000000054a00000,0x0000000054b00000)]
  0x00000000392a3800 JavaThread "Config Lib config file watcher" daemon [_thread_blocked, id=32388, stack(0x0000000053080000,0x0000000053180000)]
  0x000000003906c800 JavaThread "Thread-49" daemon [_thread_in_native, id=27708, stack(0x0000000052e20000,0x0000000052f20000)]
  0x000000003a0a9800 JavaThread "pool-4-thread-16" [_thread_blocked, id=1636, stack(0x000000004bf20000,0x000000004c020000)]
  0x000000003a0ad800 JavaThread "Thread-47" daemon [_thread_in_native, id=7300, stack(0x000000004b910000,0x000000004ba10000)]
  0x000000003a0ac000 JavaThread "pool-4-thread-15" [_thread_blocked, id=24296, stack(0x000000004be20000,0x000000004bf20000)]
  0x000000003a0a6800 JavaThread "pool-4-thread-14" [_thread_blocked, id=5976, stack(0x000000004bbb0000,0x000000004bcb0000)]
  0x000000003a0a9000 JavaThread "Thread-46" daemon [_thread_in_native, id=23244, stack(0x000000004bd20000,0x000000004be20000)]
  0x000000003a0aa800 JavaThread "Thread-45" daemon [_thread_in_native, id=12204, stack(0x000000004bab0000,0x000000004bbb0000)]
  0x0000000037b7f000 JavaThread "Thread-44" daemon [_thread_in_native, id=32268, stack(0x000000004b6a0000,0x000000004b7a0000)]
  0x0000000039070800 JavaThread "Thread-43" daemon [_thread_in_native, id=19604, stack(0x0000000049870000,0x0000000049970000)]
  0x0000000032af7000 JavaThread "Thread-42" daemon [_thread_in_native, id=4472, stack(0x000000004b810000,0x000000004b910000)]
  0x0000000039077000 JavaThread "Thread-41" daemon [_thread_in_native, id=30620, stack(0x000000004b5a0000,0x000000004b6a0000)]
  0x0000000039076800 JavaThread "pool-4-thread-13" [_thread_blocked, id=32012, stack(0x000000004b4a0000,0x000000004b5a0000)]
  0x000000003906f800 JavaThread "Thread-40" daemon [_thread_in_native, id=33548, stack(0x000000004aea0000,0x000000004afa0000)]
  0x0000000039075800 JavaThread "Thread-39" daemon [_thread_in_native, id=10236, stack(0x000000004a590000,0x000000004a690000)]
  0x0000000039072800 JavaThread "Thread-38" daemon [_thread_in_native, id=15200, stack(0x0000000047f60000,0x0000000048060000)]
  0x000000003906e000 JavaThread "Thread-37" daemon [_thread_in_native, id=33236, stack(0x000000004b1a0000,0x000000004b2a0000)]
  0x0000000039075000 JavaThread "Thread-36" daemon [_thread_in_native, id=19068, stack(0x000000004a940000,0x000000004aa40000)]
  0x0000000039073800 JavaThread "Thread-35" daemon [_thread_in_native, id=28064, stack(0x000000004aba0000,0x000000004aca0000)]
  0x0000000039071000 JavaThread "pool-4-thread-12" [_thread_blocked, id=6756, stack(0x000000004aaa0000,0x000000004aba0000)]
  0x0000000039072000 JavaThread "Thread-33" daemon [_thread_in_native, id=15628, stack(0x00000000486f0000,0x00000000487f0000)]
  0x0000000039074000 JavaThread "pool-4-thread-11" [_thread_blocked, id=6460, stack(0x00000000469f0000,0x0000000046af0000)]
  0x000000003906c000 JavaThread "Thread-32" daemon [_thread_in_native, id=33016, stack(0x0000000045d20000,0x0000000045e20000)]
  0x0000000039068000 JavaThread "Thread-31" daemon [_thread_in_native, id=15636, stack(0x0000000046460000,0x0000000046560000)]
  0x000000003906b000 JavaThread "pool-4-thread-10" [_thread_blocked, id=29512, stack(0x0000000048140000,0x0000000048240000)]
  0x000000003906a800 JavaThread "Thread-30" daemon [_thread_blocked, id=4204, stack(0x00000000456c0000,0x00000000457c0000)]
  0x0000000039069800 JavaThread "Thread-29" daemon [_thread_blocked, id=24200, stack(0x0000000044710000,0x0000000044810000)]
  0x0000000039069000 JavaThread "pool-4-thread-9" [_thread_blocked, id=30272, stack(0x0000000045a20000,0x0000000045b20000)]
  0x0000000038ada800 JavaThread "Thread-28" daemon [_thread_in_native, id=3060, stack(0x0000000044610000,0x0000000044710000)]
  0x0000000038adb000 JavaThread "pool-4-thread-8" [_thread_blocked, id=10792, stack(0x0000000044ab0000,0x0000000044bb0000)]
  0x0000000038ae0800 JavaThread "pool-4-thread-7" [_thread_blocked, id=28472, stack(0x0000000044510000,0x0000000044610000)]
  0x0000000037b83800 JavaThread "pool-4-thread-6" [_thread_blocked, id=13824, stack(0x0000000040e10000,0x0000000040f10000)]
  0x0000000037b85000 JavaThread "pool-4-thread-5" [_thread_blocked, id=20804, stack(0x000000003b290000,0x000000003b390000)]
  0x0000000037b89000 JavaThread "pool-4-thread-4" [_thread_blocked, id=12792, stack(0x0000000034e70000,0x0000000034f70000)]
  0x0000000037b86800 JavaThread "pool-4-thread-3" [_thread_blocked, id=31364, stack(0x0000000037380000,0x0000000037480000)]
  0x0000000037b7d000 JavaThread "Thread-25" daemon [_thread_in_native, id=19220, stack(0x0000000037280000,0x0000000037380000)]
  0x0000000037b7c000 JavaThread "Thread-24" daemon [_thread_blocked, id=14816, stack(0x0000000036140000,0x0000000036240000)]
  0x0000000037b83000 JavaThread "Thread-23" daemon [_thread_in_native, id=2364, stack(0x0000000031df0000,0x0000000031ef0000)]
  0x0000000037b80000 JavaThread "Thread-22" daemon [_thread_blocked, id=22356, stack(0x00000000314a0000,0x00000000315a0000)]
  0x0000000037b82000 JavaThread "pool-4-thread-2" [_thread_blocked, id=7744, stack(0x00000000313a0000,0x00000000314a0000)]
  0x0000000037b80800 JavaThread "pool-4-thread-1" [_thread_blocked, id=28052, stack(0x00000000312a0000,0x00000000313a0000)]
  0x0000000033f19000 JavaThread "Snooper Timer" daemon [_thread_blocked, id=16676, stack(0x000000002dd70000,0x000000002de70000)]
  0x0000000033f18000 JavaThread "Timer hack thread" daemon [_thread_blocked, id=8784, stack(0x000000002d8a0000,0x000000002d9a0000)]
  0x0000000033f1d800 JavaThread "Thread-20" daemon [_thread_in_native, id=32320, stack(0x000000002fed0000,0x000000002ffd0000)]
  0x0000000033f1c800 JavaThread "Thread-19" daemon [_thread_in_native, id=24508, stack(0x000000002fdd0000,0x000000002fed0000)]
  0x0000000032b00000 JavaThread "Thread-18" daemon [_thread_in_native, id=32228, stack(0x000000002fcd0000,0x000000002fdd0000)]
  0x0000000032aff000 JavaThread "Thread-17" daemon [_thread_in_native, id=25184, stack(0x000000002fbd0000,0x000000002fcd0000)]
  0x0000000032afe800 JavaThread "Thread-16" daemon [_thread_in_native, id=31588, stack(0x000000002fad0000,0x000000002fbd0000)]
  0x0000000032b00800 JavaThread "Thread-15" daemon [_thread_in_native, id=32792, stack(0x000000002f9d0000,0x000000002fad0000)]
  0x0000000032afb800 JavaThread "Thread-14" daemon [_thread_in_native, id=13900, stack(0x000000002f8d0000,0x000000002f9d0000)]
  0x0000000032af9000 JavaThread "Thread-13" daemon [_thread_in_native, id=25536, stack(0x000000002f7d0000,0x000000002f8d0000)]
  0x0000000032afd000 JavaThread "Thread-12" daemon [_thread_in_native, id=7644, stack(0x000000002f6d0000,0x000000002f7d0000)]
  0x0000000032afa800 JavaThread "Thread-11" daemon [_thread_in_native, id=30116, stack(0x000000002f5d0000,0x000000002f6d0000)]
  0x0000000032afa000 JavaThread "Thread-10" daemon [_thread_in_native, id=32116, stack(0x000000002f4d0000,0x000000002f5d0000)]
  0x0000000032afd800 JavaThread "Thread-9" daemon [_thread_in_native, id=31312, stack(0x000000002f180000,0x000000002f280000)]
  0x0000000032af7800 JavaThread "Thread-8" daemon [_thread_in_native, id=32776, stack(0x000000002f080000,0x000000002f180000)]
  0x0000000032afc000 JavaThread "Thread-7" daemon [_thread_in_native, id=13960, stack(0x000000002ef80000,0x000000002f080000)]
  0x0000000032af1800 JavaThread "Thread-6" daemon [_thread_in_native, id=18416, stack(0x000000002de90000,0x000000002df90000)]
  0x0000000032af3000 JavaThread "Thread-5" daemon [_thread_in_native, id=30884, stack(0x000000002dc00000,0x000000002dd00000)]
  0x0000000032af2800 JavaThread "Thread-4" daemon [_thread_in_native, id=10008, stack(0x000000002da40000,0x000000002db40000)]
  0x0000000020b5c000 JavaThread "Thread-2" daemon [_thread_in_native, id=30088, stack(0x0000000026a10000,0x0000000026b10000)]
  0x0000000020b5a800 JavaThread "Thread-1" daemon [_thread_blocked, id=29844, stack(0x0000000026910000,0x0000000026a10000)]
  0x0000000020bdb000 JavaThread "Service Thread" daemon [_thread_blocked, id=22184, stack(0x0000000023230000,0x0000000023330000)]
  0x0000000020b56000 JavaThread "C1 CompilerThread11" daemon [_thread_blocked, id=32092, stack(0x0000000023130000,0x0000000023230000)]
  0x0000000020b5a000 JavaThread "C1 CompilerThread10" daemon [_thread_blocked, id=3284, stack(0x0000000023030000,0x0000000023130000)]
  0x0000000020b59000 JavaThread "C1 CompilerThread9" daemon [_thread_blocked, id=14588, stack(0x0000000022f30000,0x0000000023030000)]
  0x0000000020b55800 JavaThread "C1 CompilerThread8" daemon [_thread_blocked, id=9896, stack(0x0000000022e30000,0x0000000022f30000)]
  0x0000000020b57000 JavaThread "C2 CompilerThread7" daemon [_thread_blocked, id=1756, stack(0x0000000022d30000,0x0000000022e30000)]
  0x0000000020b34800 JavaThread "C2 CompilerThread6" daemon [_thread_blocked, id=12488, stack(0x0000000022c30000,0x0000000022d30000)]
  0x0000000020b20000 JavaThread "C2 CompilerThread5" daemon [_thread_blocked, id=32708, stack(0x0000000022b30000,0x0000000022c30000)]
  0x0000000020b02800 JavaThread "C2 CompilerThread4" daemon [_thread_blocked, id=27908, stack(0x0000000022a30000,0x0000000022b30000)]
  0x0000000020af1800 JavaThread "C2 CompilerThread3" daemon [_thread_blocked, id=29060, stack(0x0000000022930000,0x0000000022a30000)]
  0x0000000020ae6000 JavaThread "C2 CompilerThread2" daemon [_thread_blocked, id=31484, stack(0x0000000022830000,0x0000000022930000)]
  0x0000000020ae5000 JavaThread "C2 CompilerThread1" daemon [_thread_blocked, id=3108, stack(0x0000000022730000,0x0000000022830000)]
  0x0000000020ae3800 JavaThread "C2 CompilerThread0" daemon [_thread_blocked, id=30308, stack(0x0000000022630000,0x0000000022730000)]
  0x0000000020ade000 JavaThread "Attach Listener" daemon [_thread_blocked, id=7856, stack(0x0000000022530000,0x0000000022630000)]
  0x0000000020adb000 JavaThread "Signal Dispatcher" daemon [_thread_blocked, id=1348, stack(0x0000000022430000,0x0000000022530000)]
  0x000000001f073800 JavaThread "Finalizer" daemon [_thread_blocked, id=33200, stack(0x0000000022330000,0x0000000022430000)]
  0x000000001f06b000 JavaThread "Reference Handler" daemon [_thread_blocked, id=32520, stack(0x0000000022230000,0x0000000022330000)]
=>0x0000000002d84000 JavaThread "Render thread" [_thread_in_native, id=15848, stack(0x0000000002c80000,0x0000000002d80000)]

Other Threads:
  0x0000000020aa5000 VMThread [stack: 0x0000000022130000,0x0000000022230000] [id=25676]
  0x0000000020bd1000 WatcherThread [stack: 0x0000000023330000,0x0000000023430000] [id=32124]

VM state:not at safepoint (normal execution)

VM Mutex/Monitor currently owned by a thread: None

Heap:
 PSYoungGen      total 1668096K, used 1180119K [0x0000000757580000, 0x00000007bfd00000, 0x00000007c0000000)
  eden space 1626624K, 70% used [0x0000000757580000,0x000000079dbc5cc0,0x00000007baa00000)
  from space 41472K, 64% used [0x00000007baa00000,0x00000007bc430000,0x00000007bd280000)
  to   space 40448K, 0% used [0x00000007bd580000,0x00000007bd580000,0x00000007bfd00000)
 ParOldGen       total 2070016K, used 2023894K [0x0000000686000000, 0x0000000704580000, 0x0000000757580000)
  object space 2070016K, 97% used [0x0000000686000000,0x0000000701875b18,0x0000000704580000)
 Metaspace       used 252461K, capacity 286768K, committed 287020K, reserved 1284096K
  class space    used 43188K, capacity 52518K, committed 52524K, reserved 1048576K

Card table byte_map: [0x0000000012240000,0x0000000012c20000] byte_map_base: 0x000000000ee10000

Marking Bits: (ParMarkBitMap*) 0x0000000050c74040
 Begin Bits: [0x0000000013fb0000, 0x0000000018e30000)
 End Bits:   [0x0000000018e30000, 0x000000001dcb0000)

Polling page: 0x00000000009f0000

CodeCache: size=245760Kb used=143876Kb max_used=144856Kb free=101883Kb
 bounds [0x0000000002e80000, 0x000000000bd40000, 0x0000000011e80000]
 total_blobs=40351 nmethods=37703 adapters=2549
 compilation: enabled

Compilation events (10 events):
Event: 1286.093 Thread 0x0000000020b56000 nmethod 55306 0x000000000b98e9d0 code [0x000000000b98ee80, 0x000000000b993cb8]
Event: 1286.094 Thread 0x0000000020b59000 nmethod 55312 0x000000000ab3b850 code [0x000000000ab3bb20, 0x000000000ab3d218]
Event: 1286.094 Thread 0x0000000020b55800 nmethod 55311 0x000000000900c550 code [0x000000000900c840, 0x000000000900e1d8]
Event: 1286.100 Thread 0x0000000020b56000 55313       1       mezz.jei.input.IMouseHandler::handleMouseClickedOut (1 bytes)
Event: 1286.100 Thread 0x0000000020b56000 nmethod 55313 0x000000000afea4d0 code [0x000000000afea620, 0x000000000afea730]
Event: 1286.108 Thread 0x0000000020b59000 55314       3       com.mojang.blaze3d.platform.GlStateManager::func_227758_s_ (68 bytes)
Event: 1286.109 Thread 0x0000000020b59000 nmethod 55314 0x000000000baa8d50 code [0x000000000baa8fc0, 0x000000000baa9e78]
Event: 1286.112 Thread 0x0000000020af1800 nmethod 55305 0x000000000ba3dc50 code [0x000000000ba3de40, 0x000000000ba3f718]
Event: 1286.133 Thread 0x0000000020b02800 55315       4       java.util.stream.Streams$StreamBuilderImpl::tryAdvance (33 bytes)
Event: 1286.138 Thread 0x0000000020b02800 nmethod 55315 0x000000000bb0edd0 code [0x000000000bb0ef60, 0x000000000bb0f548]

GC Heap History (10 events):
Event: 1262.108 GC heap before
{Heap before GC invocations=356 (full 7):
 PSYoungGen      total 1661952K, used 1642112K [0x0000000757580000, 0x00000007c0000000, 0x00000007c0000000)
  eden space 1613312K, 100% used [0x0000000757580000,0x00000007b9d00000,0x00000007b9d00000)
  from space 48640K, 59% used [0x00000007bcb00000,0x00000007be720010,0x00000007bfa80000)
  to   space 47104K, 0% used [0x00000007b9d00000,0x00000007b9d00000,0x00000007bcb00000)
 ParOldGen       total 2070016K, used 2014646K [0x0000000686000000, 0x0000000704580000, 0x0000000757580000)
  object space 2070016K, 97% used [0x0000000686000000,0x0000000700f6db18,0x0000000704580000)
 Metaspace       used 252291K, capacity 286498K, committed 286764K, reserved 1284096K
  class space    used 43159K, capacity 52475K, committed 52524K, reserved 1048576K
Event: 1262.131 GC heap after
Heap after GC invocations=356 (full 7):
 PSYoungGen      total 1660416K, used 29344K [0x0000000757580000, 0x00000007bfb80000, 0x00000007c0000000)
  eden space 1613312K, 0% used [0x0000000757580000,0x0000000757580000,0x00000007b9d00000)
  from space 47104K, 62% used [0x00000007b9d00000,0x00000007bb9a8010,0x00000007bcb00000)
  to   space 45568K, 0% used [0x00000007bcf00000,0x00000007bcf00000,0x00000007bfb80000)
 ParOldGen       total 2070016K, used 2015702K [0x0000000686000000, 0x0000000704580000, 0x0000000757580000)
  object space 2070016K, 97% used [0x0000000686000000,0x0000000701075b18,0x0000000704580000)
 Metaspace       used 252291K, capacity 286498K, committed 286764K, reserved 1284096K
  class space    used 43159K, capacity 52475K, committed 52524K, reserved 1048576K
}
Event: 1267.181 GC heap before
{Heap before GC invocations=357 (full 7):
 PSYoungGen      total 1660416K, used 1642656K [0x0000000757580000, 0x00000007bfb80000, 0x00000007c0000000)
  eden space 1613312K, 100% used [0x0000000757580000,0x00000007b9d00000,0x00000007b9d00000)
  from space 47104K, 62% used [0x00000007b9d00000,0x00000007bb9a8010,0x00000007bcb00000)
  to   space 45568K, 0% used [0x00000007bcf00000,0x00000007bcf00000,0x00000007bfb80000)
 ParOldGen       total 2070016K, used 2015702K [0x0000000686000000, 0x0000000704580000, 0x0000000757580000)
  object space 2070016K, 97% used [0x0000000686000000,0x0000000701075b18,0x0000000704580000)
 Metaspace       used 252291K, capacity 286498K, committed 286764K, reserved 1284096K
  class space    used 43159K, capacity 52475K, committed 52524K, reserved 1048576K
Event: 1267.197 GC heap after
Heap after GC invocations=357 (full 7):
 PSYoungGen      total 1666048K, used 28640K [0x0000000757580000, 0x00000007bfb80000, 0x00000007c0000000)
  eden space 1620480K, 0% used [0x0000000757580000,0x0000000757580000,0x00000007ba400000)
  from space 45568K, 62% used [0x00000007bcf00000,0x00000007beaf8010,0x00000007bfb80000)
  to   space 44032K, 0% used [0x00000007ba400000,0x00000007ba400000,0x00000007bcf00000)
 ParOldGen       total 2070016K, used 2017558K [0x0000000686000000, 0x0000000704580000, 0x0000000757580000)
  object space 2070016K, 97% used [0x0000000686000000,0x0000000701245b18,0x0000000704580000)
 Metaspace       used 252291K, capacity 286498K, committed 286764K, reserved 1284096K
  class space    used 43159K, capacity 52475K, committed 52524K, reserved 1048576K
}
Event: 1272.132 GC heap before
{Heap before GC invocations=358 (full 7):
 PSYoungGen      total 1666048K, used 1649120K [0x0000000757580000, 0x00000007bfb80000, 0x00000007c0000000)
  eden space 1620480K, 100% used [0x0000000757580000,0x00000007ba400000,0x00000007ba400000)
  from space 45568K, 62% used [0x00000007bcf00000,0x00000007beaf8010,0x00000007bfb80000)
  to   space 44032K, 0% used [0x00000007ba400000,0x00000007ba400000,0x00000007bcf00000)
 ParOldGen       total 2070016K, used 2017558K [0x0000000686000000, 0x0000000704580000, 0x0000000757580000)
  object space 2070016K, 97% used [0x0000000686000000,0x0000000701245b18,0x0000000704580000)
 Metaspace       used 252291K, capacity 286498K, committed 286764K, reserved 1284096K
  class space    used 43159K, capacity 52475K, committed 52524K, reserved 1048576K
Event: 1272.148 GC heap after
Heap after GC invocations=358 (full 7):
 PSYoungGen      total 1664512K, used 28544K [0x0000000757580000, 0x00000007bfc80000, 0x00000007c0000000)
  eden space 1620480K, 0% used [0x0000000757580000,0x0000000757580000,0x00000007ba400000)
  from space 44032K, 64% used [0x00000007ba400000,0x00000007bbfe0000,0x00000007bcf00000)
  to   space 43008K, 0% used [0x00000007bd280000,0x00000007bd280000,0x00000007bfc80000)
 ParOldGen       total 2070016K, used 2019918K [0x0000000686000000, 0x0000000704580000, 0x0000000757580000)
  object space 2070016K, 97% used [0x0000000686000000,0x0000000701493b18,0x0000000704580000)
 Metaspace       used 252291K, capacity 286498K, committed 286764K, reserved 1284096K
  class space    used 43159K, capacity 52475K, committed 52524K, reserved 1048576K
}
Event: 1276.502 GC heap before
{Heap before GC invocations=359 (full 7):
 PSYoungGen      total 1664512K, used 1649024K [0x0000000757580000, 0x00000007bfc80000, 0x00000007c0000000)
  eden space 1620480K, 100% used [0x0000000757580000,0x00000007ba400000,0x00000007ba400000)
  from space 44032K, 64% used [0x00000007ba400000,0x00000007bbfe0000,0x00000007bcf00000)
  to   space 43008K, 0% used [0x00000007bd280000,0x00000007bd280000,0x00000007bfc80000)
 ParOldGen       total 2070016K, used 2019918K [0x0000000686000000, 0x0000000704580000, 0x0000000757580000)
  object space 2070016K, 97% used [0x0000000686000000,0x0000000701493b18,0x0000000704580000)
 Metaspace       used 252293K, capacity 286498K, committed 286764K, reserved 1284096K
  class space    used 43159K, capacity 52475K, committed 52524K, reserved 1048576K
Event: 1276.518 GC heap after
Heap after GC invocations=359 (full 7):
 PSYoungGen      total 1669120K, used 27552K [0x0000000757580000, 0x00000007bfc00000, 0x00000007c0000000)
  eden space 1626624K, 0% used [0x0000000757580000,0x0000000757580000,0x00000007baa00000)
  from space 42496K, 64% used [0x00000007bd280000,0x00000007bed68000,0x00000007bfc00000)
  to   space 41472K, 0% used [0x00000007baa00000,0x00000007baa00000,0x00000007bd280000)
 ParOldGen       total 2070016K, used 2021886K [0x0000000686000000, 0x0000000704580000, 0x0000000757580000)
  object space 2070016K, 97% used [0x0000000686000000,0x000000070167fb18,0x0000000704580000)
 Metaspace       used 252293K, capacity 286498K, committed 286764K, reserved 1284096K
  class space    used 43159K, capacity 52475K, committed 52524K, reserved 1048576K
}
Event: 1281.252 GC heap before
{Heap before GC invocations=360 (full 7):
 PSYoungGen      total 1669120K, used 1654176K [0x0000000757580000, 0x00000007bfc00000, 0x00000007c0000000)
  eden space 1626624K, 100% used [0x0000000757580000,0x00000007baa00000,0x00000007baa00000)
  from space 42496K, 64% used [0x00000007bd280000,0x00000007bed68000,0x00000007bfc00000)
  to   space 41472K, 0% used [0x00000007baa00000,0x00000007baa00000,0x00000007bd280000)
 ParOldGen       total 2070016K, used 2021886K [0x0000000686000000, 0x0000000704580000, 0x0000000757580000)
  object space 2070016K, 97% used [0x0000000686000000,0x000000070167fb18,0x0000000704580000)
 Metaspace       used 252297K, capacity 286498K, committed 286764K, reserved 1284096K
  class space    used 43159K, capacity 52475K, committed 52524K, reserved 1048576K
Event: 1281.269 GC heap after
Heap after GC invocations=360 (full 7):
 PSYoungGen      total 1668096K, used 26816K [0x0000000757580000, 0x00000007bfd00000, 0x00000007c0000000)
  eden space 1626624K, 0% used [0x0000000757580000,0x0000000757580000,0x00000007baa00000)
  from space 41472K, 64% used [0x00000007baa00000,0x00000007bc430000,0x00000007bd280000)
  to   space 40448K, 0% used [0x00000007bd580000,0x00000007bd580000,0x00000007bfd00000)
 ParOldGen       total 2070016K, used 2023894K [0x0000000686000000, 0x0000000704580000, 0x0000000757580000)
  object space 2070016K, 97% used [0x0000000686000000,0x0000000701875b18,0x0000000704580000)
 Metaspace       used 252297K, capacity 286498K, committed 286764K, reserved 1284096K
  class space    used 43159K, capacity 52475K, committed 52524K, reserved 1048576K
}

Deoptimization events (10 events):
Event: 1285.255 Thread 0x0000000002d84000 Uncommon trap: reason=bimorphic action=maybe_recompile pc=0x00000000063dd4f4 method=java.util.regex.Pattern$Behind.match(Ljava/util/regex/Matcher;ILjava/lang/CharSequence;)Z @ 125
Event: 1285.255 Thread 0x0000000002d84000 Uncommon trap: reason=bimorphic action=maybe_recompile pc=0x00000000063dd4f4 method=java.util.regex.Pattern$Behind.match(Ljava/util/regex/Matcher;ILjava/lang/CharSequence;)Z @ 125
Event: 1285.255 Thread 0x0000000002d84000 Uncommon trap: reason=bimorphic action=maybe_recompile pc=0x00000000063dd4f4 method=java.util.regex.Pattern$Behind.match(Ljava/util/regex/Matcher;ILjava/lang/CharSequence;)Z @ 125
Event: 1285.256 Thread 0x0000000002d84000 Uncommon trap: reason=class_check action=maybe_recompile pc=0x000000000ae09610 method=java.util.stream.Streams$StreamBuilderImpl.tryAdvance(Ljava/util/function/Consumer;)Z @ 19
Event: 1285.256 Thread 0x0000000002d84000 Uncommon trap: reason=class_check action=maybe_recompile pc=0x000000000ae09610 method=java.util.stream.Streams$StreamBuilderImpl.tryAdvance(Ljava/util/function/Consumer;)Z @ 19
Event: 1285.256 Thread 0x0000000002d84000 Uncommon trap: reason=class_check action=maybe_recompile pc=0x000000000ae09610 method=java.util.stream.Streams$StreamBuilderImpl.tryAdvance(Ljava/util/function/Consumer;)Z @ 19
Event: 1285.272 Thread 0x0000000002d84000 Uncommon trap: reason=uninitialized action=reinterpret pc=0x000000000abb84e4 method=net.minecraft.client.renderer.GameRenderer.func_195458_a(FJZ)V @ 845
Event: 1285.273 Thread 0x0000000002d84000 Uncommon trap: reason=uninitialized action=reinterpret pc=0x000000000a797ee4 method=net.minecraft.client.Minecraft.func_99999_d()V @ 220
Event: 1285.352 Thread 0x0000000002d84000 Uncommon trap: reason=null_check action=make_not_entrant pc=0x000000000317399c method=net.diebuddies.physics.PhysicsMod.getInstance(Lnet/minecraft/world/World;)Lnet/diebuddies/physics/PhysicsMod; @ 9
Event: 1286.078 Thread 0x0000000002d84000 Uncommon trap: reason=unstable_if action=reinterpret pc=0x0000000005da46a4 method=java.nio.Bits.copyFromArray(Ljava/lang/Object;JJJJ)V @ 18

Internal exceptions (10 events):
Event: 1253.168 Thread 0x00000000474c9000 Exception <a 'sun/nio/fs/WindowsException'> (0x000000076bed9c30) thrown at [C:\re\workspace\8-2-build-windows-amd64-cygwin\jdk8u51\3951\hotspot\src\share\vm\prims\jni.cpp, line 709]
Event: 1284.519 Thread 0x0000000002d84000 Exception <a 'java/lang/IllegalArgumentException': Wrong type at constant pool index> (0x000000079461e078) thrown at [C:\re\workspace\8-2-build-windows-amd64-cygwin\jdk8u51\3951\hotspot\src\share\vm\prims\jvm.cpp, line 2143]
Event: 1284.519 Thread 0x0000000002d84000 Exception <a 'java/lang/IllegalArgumentException': Wrong type at constant pool index> (0x000000079461efa8) thrown at [C:\re\workspace\8-2-build-windows-amd64-cygwin\jdk8u51\3951\hotspot\src\share\vm\prims\jvm.cpp, line 2143]
Event: 1284.519 Thread 0x0000000002d84000 Exception <a 'java/lang/IllegalArgumentException': Wrong type at constant pool index> (0x000000079463bae8) thrown at [C:\re\workspace\8-2-build-windows-amd64-cygwin\jdk8u51\3951\hotspot\src\share\vm\prims\jvm.cpp, line 2143]
Event: 1284.522 Thread 0x0000000002d84000 Implicit null exception at 0x000000000986e9c0 to 0x0000000009871915
Event: 1285.269 Thread 0x0000000002d84000 Exception <a 'java/lang/ClassNotFoundException': net.minecraftforge.fml.loading.FMLClientLaunchProvider$$Lambda$502/1651727123> (0x0000000796295060) thrown at [C:\re\workspace\8-2-build-windows-amd64-cygwin\jdk8u51\3951\hotspot\src\share\vm\prims\jni.cpp, 
Event: 1285.275 Thread 0x0000000002d84000 Exception <a 'java/lang/NoSuchMethodError': java.lang.Object.func_210211_Z()Ljava/lang/String;> (0x0000000796333df0) thrown at [C:\re\workspace\8-2-build-windows-amd64-cygwin\jdk8u51\3951\hotspot\src\share\vm\interpreter\linkResolver.cpp, line 582]
Event: 1285.275 Thread 0x0000000002d84000 Exception <a 'java/lang/NoSuchMethodError': java.lang.Object.func_210215_Y()Ljava/lang/String;> (0x000000079633afb8) thrown at [C:\re\workspace\8-2-build-windows-amd64-cygwin\jdk8u51\3951\hotspot\src\share\vm\interpreter\linkResolver.cpp, line 582]
Event: 1285.352 Thread 0x0000000002d84000 Implicit null exception at 0x0000000003173840 to 0x000000000317398d
Event: 1286.098 Thread 0x0000000002d84000 Exception <a 'java/lang/ClassNotFoundException': net.minecraftforge.fml.loading.FMLClientLaunchProvider$$Lambda$502/1651727123> (0x000000079a4f6e48) thrown at [C:\re\workspace\8-2-build-windows-amd64-cygwin\jdk8u51\3951\hotspot\src\share\vm\prims\jni.cpp, ê(ö«”“@

Events (10 events):
Event: 1286.097 Thread 0x0000000020b5a000 flushing nmethod 0x000000000bb59210
Event: 1286.097 Thread 0x0000000020b5a000 flushing nmethod 0x000000000bb5e390
Event: 1286.097 Thread 0x0000000020b5a000 flushing nmethod 0x000000000bb71e50
Event: 1286.097 Thread 0x0000000020b5a000 flushing nmethod 0x000000000bb72a50
Event: 1286.097 Thread 0x0000000020b5a000 flushing nmethod 0x000000000bb77090
Event: 1286.097 Thread 0x0000000020b5a000 flushing nmethod 0x000000000bb77bd0
Event: 1286.097 Thread 0x0000000020b5a000 flushing nmethod 0x000000000bb78750
Event: 1286.097 Thread 0x0000000020b5a000 flushing nmethod 0x000000000bb82390
Event: 1286.098 Thread 0x0000000002d84000 DEOPT PACKING pc=0x0000000003491f2c sp=0x0000000002d7d7b0
Event: 1286.098 Thread 0x0000000002d84000 DEOPT UNPACKING pc=0x0000000002ec747f sp=0x0000000002d7d570 mode 0


Dynamic libraries:
0x00007ff639e80000 - 0x00007ff639eb7000 	C:\Games\CurseForge\Minecraft\Install\runtime\jre-legacy\windows-x64\jre-legacy\bin\javaw.exe
0x00007ffe52d50000 - 0x00007ffe52f48000 	C:\Windows\SYSTEM32\ntdll.dll
0x00007ffe510e0000 - 0x00007ffe5119d000 	C:\Windows\System32\KERNEL32.DLL
0x00007ffe50ab0000 - 0x00007ffe50d7e000 	C:\Windows\System32\KERNELBASE.dll
0x00007ffe525c0000 - 0x00007ffe5266e000 	C:\Windows\System32\ADVAPI32.dll
0x00007ffe516e0000 - 0x00007ffe5177e000 	C:\Windows\System32\msvcrt.dll
0x00007ffe51780000 - 0x00007ffe5181c000 	C:\Windows\System32\sechost.dll
0x00007ffe51480000 - 0x00007ffe515a5000 	C:\Windows\System32\RPCRT4.dll
0x00007ffe50db0000 - 0x00007ffe50f50000 	C:\Windows\System32\USER32.dll
0x00007ffe508e0000 - 0x00007ffe50902000 	C:\Windows\System32\win32u.dll
0x00007ffe51080000 - 0x00007ffe510aa000 	C:\Windows\System32\GDI32.dll
0x00007ffe504c0000 - 0x00007ffe505cb000 	C:\Windows\System32\gdi32full.dll
0x00007ffe50a10000 - 0x00007ffe50aad000 	C:\Windows\System32\msvcp_win.dll
0x00007ffe50910000 - 0x00007ffe50a10000 	C:\Windows\System32\ucrtbase.dll
0x00007ffe3bc50000 - 0x00007ffe3beea000 	C:\Windows\WinSxS\amd64_microsoft.windows.common-controls_6595b64144ccf1df_6.0.19041.1110_none_60b5254171f9507e\COMCTL32.dll
0x00007ffe51440000 - 0x00007ffe51470000 	C:\Windows\System32\IMM32.DLL
0x0000000051190000 - 0x0000000051262000 	C:\Games\CurseForge\Minecraft\Install\runtime\jre-legacy\windows-x64\jre-legacy\bin\msvcr100.dll
0x0000000050470000 - 0x0000000050cf3000 	C:\Games\CurseForge\Minecraft\Install\runtime\jre-legacy\windows-x64\jre-legacy\bin\server\jvm.dll
0x00007ffe510b0000 - 0x00007ffe510b8000 	C:\Windows\System32\PSAPI.DLL
0x00007ffe2adf0000 - 0x00007ffe2adf9000 	C:\Windows\SYSTEM32\WSOCK32.dll
0x00007ffe47d00000 - 0x00007ffe47d0a000 	C:\Windows\SYSTEM32\VERSION.dll
0x00007ffe41c00000 - 0x00007ffe41c27000 	C:\Windows\SYSTEM32\WINMM.dll
0x00007ffe51b80000 - 0x00007ffe51beb000 	C:\Windows\System32\WS2_32.dll
0x0000000051180000 - 0x000000005118f000 	C:\Games\CurseForge\Minecraft\Install\runtime\jre-legacy\windows-x64\jre-legacy\bin\verify.dll
0x0000000051150000 - 0x0000000051179000 	C:\Games\CurseForge\Minecraft\Install\runtime\jre-legacy\windows-x64\jre-legacy\bin\java.dll
0x0000000051130000 - 0x0000000051146000 	C:\Games\CurseForge\Minecraft\Install\runtime\jre-legacy\windows-x64\jre-legacy\bin\zip.dll
0x00007ffe51bf0000 - 0x00007ffe52334000 	C:\Windows\System32\SHELL32.dll
0x00007ffe4e540000 - 0x00007ffe4ecd4000 	C:\Windows\SYSTEM32\windows.storage.dll
0x00007ffe51820000 - 0x00007ffe51b74000 	C:\Windows\System32\combase.dll
0x00007ffe4fed0000 - 0x00007ffe4ff00000 	C:\Windows\SYSTEM32\Wldp.dll
0x00007ffe50f50000 - 0x00007ffe50ffd000 	C:\Windows\System32\SHCORE.dll
0x00007ffe515b0000 - 0x00007ffe51605000 	C:\Windows\System32\shlwapi.dll
0x00007ffe503b0000 - 0x00007ffe503cf000 	C:\Windows\SYSTEM32\profapi.dll
0x0000000051120000 - 0x000000005112d000 	C:\Games\CurseForge\Minecraft\Install\runtime\jre-legacy\windows-x64\jre-legacy\bin\management.dll
0x0000000051100000 - 0x000000005111a000 	C:\Games\CurseForge\Minecraft\Install\runtime\jre-legacy\windows-x64\jre-legacy\bin\net.dll
0x00007ffe4fc30000 - 0x00007ffe4fc9a000 	C:\Windows\system32\mswsock.dll
0x00007ffe2ae20000 - 0x00007ffe2ae37000 	C:\Windows\system32\napinsp.dll
0x00007ffe2ae00000 - 0x00007ffe2ae1b000 	C:\Windows\system32\pnrpnsp.dll
0x00007ffe4b520000 - 0x00007ffe4b535000 	C:\Windows\system32\wshbth.dll
0x00007ffe4b8d0000 - 0x00007ffe4b8ed000 	C:\Windows\system32\NLAapi.dll
0x00007ffe4f8d0000 - 0x00007ffe4f90b000 	C:\Windows\SYSTEM32\IPHLPAPI.DLL
0x00007ffe4f910000 - 0x00007ffe4f9db000 	C:\Windows\SYSTEM32\DNSAPI.dll
0x00007ffe525b0000 - 0x00007ffe525b8000 	C:\Windows\System32\NSI.dll
0x00007ffe26320000 - 0x00007ffe26332000 	C:\Windows\System32\winrnr.dll
0x00007ffe45850000 - 0x00007ffe4585a000 	C:\Windows\System32\rasadhlp.dll
0x00007ffe417a0000 - 0x00007ffe41820000 	C:\Windows\System32\fwpuclnt.dll
0x00007ffe50d80000 - 0x00007ffe50da7000 	C:\Windows\System32\bcrypt.dll
0x00000000510e0000 - 0x00000000510f1000 	C:\Games\CurseForge\Minecraft\Install\runtime\jre-legacy\windows-x64\jre-legacy\bin\nio.dll
0x00000000510b0000 - 0x00000000510d4000 	C:\Games\CurseForge\Minecraft\Install\runtime\jre-legacy\windows-x64\jre-legacy\bin\sunec.dll
0x00007ffe4fe20000 - 0x00007ffe4fe38000 	C:\Windows\SYSTEM32\CRYPTSP.dll
0x00007ffe4f540000 - 0x00007ffe4f574000 	C:\Windows\system32\rsaenh.dll
0x00007ffe50370000 - 0x00007ffe5039e000 	C:\Windows\SYSTEM32\USERENV.dll
0x00007ffe505d0000 - 0x00007ffe50652000 	C:\Windows\System32\bcryptprimitives.dll
0x00007ffe4fe40000 - 0x00007ffe4fe4c000 	C:\Windows\SYSTEM32\CRYPTBASE.dll
0x00007ffe45970000 - 0x00007ffe45987000 	C:\Windows\SYSTEM32\dhcpcsvc6.DLL
0x00007ffe47bf0000 - 0x00007ffe47c0d000 	C:\Windows\SYSTEM32\dhcpcsvc.DLL
0x00007ffe40080000 - 0x00007ffe400f2000 	C:\Games\CurseForge\Minecraft\Install\bin\69bb-b0ae-f18b-b611\lwjgl.dll
0x00007ffdc17f0000 - 0x00007ffdc1a41000 	C:\Games\CurseForge\Minecraft\Install\bin\69bb-b0ae-f18b-b611\jemalloc.dll
0x00007ffe40c60000 - 0x00007ffe40cbe000 	C:\Games\CurseForge\Minecraft\Install\bin\69bb-b0ae-f18b-b611\glfw.dll
0x00007ffe4cdb0000 - 0x00007ffe4ce4e000 	C:\Windows\system32\uxtheme.dll
0x00007ffde2080000 - 0x00007ffde20c5000 	C:\Windows\SYSTEM32\dinput8.dll
0x00007ffdfa840000 - 0x00007ffdfa851000 	C:\Windows\SYSTEM32\xinput1_4.dll
0x00007ffe50470000 - 0x00007ffe504be000 	C:\Windows\System32\cfgmgr32.dll
0x00007ffe50240000 - 0x00007ffe5026c000 	C:\Windows\SYSTEM32\DEVOBJ.dll
0x00007ffe4d370000 - 0x00007ffe4d39f000 	C:\Windows\SYSTEM32\dwmapi.dll
0x00007ffe32f60000 - 0x00007ffe330b2000 	C:\Windows\SYSTEM32\inputhost.dll
0x00007ffe51610000 - 0x00007ffe516dd000 	C:\Windows\System32\OLEAUT32.dll
0x00007ffe4c060000 - 0x00007ffe4c1b4000 	C:\Windows\SYSTEM32\wintypes.dll
0x00007ffe4b7d0000 - 0x00007ffe4b8c6000 	C:\Windows\SYSTEM32\PROPSYS.dll
0x00007ffe4cb90000 - 0x00007ffe4cc82000 	C:\Windows\SYSTEM32\CoreMessaging.dll
0x00007ffe4c730000 - 0x00007ffe4ca8e000 	C:\Windows\SYSTEM32\CoreUIComponents.dll
0x00007ffe4f160000 - 0x00007ffe4f193000 	C:\Windows\SYSTEM32\ntmarta.dll
0x00007ffe4ed20000 - 0x00007ffe4ed32000 	C:\Windows\SYSTEM32\kernel.appcore.dll
0x00007ffde93b0000 - 0x00007ffde94e8000 	C:\ProgramData\A-Volute\A-Volute.Nahimic\Modules\Scheduled\x64\AudioDevProps2.dll
0x00007ffe52480000 - 0x00007ffe525aa000 	C:\Windows\System32\ole32.dll
0x00007ffdfa0e0000 - 0x00007ffdfa233000 	C:\Program Files (x86)\Stardock\Fences\FencesMenu64.dll
0x00007ffe4af50000 - 0x00007ffe4af64000 	C:\Windows\SYSTEM32\WTSAPI32.dll
0x00007ffe3bef0000 - 0x00007ffe3c095000 	C:\Windows\WinSxS\amd64_microsoft.windows.gdiplus_6595b64144ccf1df_1.1.19041.1706_none_919e8e54cc8d4ca1\gdiplus.dll
0x00007ffe47e10000 - 0x00007ffe47f28000 	C:\Program Files (x86)\Stardock\Groupy\groupy_64.dll
0x00007ffe52670000 - 0x00007ffe52785000 	C:\Windows\System32\MSCTF.dll
0x00007ffe4ece0000 - 0x00007ffe4eced000 	C:\Windows\SYSTEM32\HID.DLL
0x00007ffe52790000 - 0x00007ffe52bff000 	C:\Windows\System32\SETUPAPI.DLL
0x00007ffe507c0000 - 0x00007ffe50827000 	C:\Windows\System32\WINTRUST.dll
0x00007ffe50660000 - 0x00007ffe507b6000 	C:\Windows\System32\CRYPT32.dll
0x00007ffe50060000 - 0x00007ffe50072000 	C:\Windows\SYSTEM32\MSASN1.dll
0x00007ffdecc80000 - 0x00007ffdecda7000 	C:\Windows\SYSTEM32\opengl32.dll
0x00007ffdecc50000 - 0x00007ffdecc7c000 	C:\Windows\SYSTEM32\GLU32.dll
0x00007ffe52c60000 - 0x00007ffe52d09000 	C:\Windows\System32\clbcatq.dll
0x00007ffda1dd0000 - 0x00007ffda4f8a000 	C:\Windows\System32\DriverStore\FileRepository\nvlti.inf_amd64_d74aac347ce47cc1\nvoglv64.dll
0x00007ffe44550000 - 0x00007ffe44581000 	C:\Windows\SYSTEM32\cryptnet.dll
0x00007ffe443b0000 - 0x00007ffe444f8000 	C:\Windows\SYSTEM32\drvstore.dll
0x00007ffe431b0000 - 0x00007ffe431eb000 	C:\Windows\SYSTEM32\dxcore.dll
0x00007ffdff9f0000 - 0x00007ffdffcb7000 	C:\Windows\system32\nvspcap64.dll
0x00007ffe4fa40000 - 0x00007ffe4fa8b000 	C:\Windows\SYSTEM32\powrprof.dll
0x00007ffe4f8b0000 - 0x00007ffe4f8c2000 	C:\Windows\SYSTEM32\UMPDC.dll
0x00007ffe4f1d0000 - 0x00007ffe4f22a000 	C:\Windows\SYSTEM32\WINSTA.dll
0x00007ffe1f4f0000 - 0x00007ffe1f56f000 	C:\Games\CurseForge\Minecraft\Install\bin\69bb-b0ae-f18b-b611\lwjgl_stb.dll
0x00007ffe4a780000 - 0x00007ffe4a82e000 	C:\Windows\SYSTEM32\mscms.dll
0x00007ffe4a550000 - 0x00007ffe4a561000 	C:\Windows\SYSTEM32\ColorAdapterClient.dll
0x00007ffe445e0000 - 0x00007ffe44623000 	C:\Windows\SYSTEM32\icm32.dll
0x00007ffe30fd0000 - 0x00007ffe310c9000 	C:\Windows\SYSTEM32\textinputframework.dll
0x00007ffe41c90000 - 0x00007ffe41cf6000 	C:\Windows\system32\Oleacc.dll
0x00007ffe405f0000 - 0x00007ffe40648000 	C:\Games\CurseForge\Minecraft\Install\bin\69bb-b0ae-f18b-b611\lwjgl_opengl.dll
0x00007ffe1f4a0000 - 0x00007ffe1f4e2000 	C:\Users\NukelordBrown\AppData\Local\Temp\jna--1590639904\jna6762814452661704660.dll
0x00007ffe1d630000 - 0x00007ffe1d6cc000 	C:\Users\NUKELO~1\AppData\Local\Temp\jna--1590639904\jna5175797469038358454.dll
0x00007ffdc0350000 - 0x00007ffdc05b6000 	C:\Users\NukelordBrown\AppData\Local\Temp\de.fabmax.physx-jni\0.4.15\PhysX_64.dll
0x00007ffdc0170000 - 0x00007ffdc0347000 	C:\Users\NukelordBrown\AppData\Local\Temp\de.fabmax.physx-jni\0.4.15\PhysXCommon_64.dll
0x00007ffe1b1b0000 - 0x00007ffe1b25a000 	C:\Users\NukelordBrown\AppData\Local\Temp\de.fabmax.physx-jni\0.4.15\PhysXCooking_64.dll
0x00007ffe1a740000 - 0x00007ffe1a7d1000 	C:\Users\NukelordBrown\AppData\Local\Temp\de.fabmax.physx-jni\0.4.15\PhysXFoundation_64.dll
0x00007ffdba130000 - 0x00007ffdba334000 	C:\Users\NukelordBrown\AppData\Local\Temp\de.fabmax.physx-jni\0.4.15\PhysXJniBindings_64.dll
0x0000000050f10000 - 0x00000000510a8000 	C:\Games\CurseForge\Minecraft\Install\runtime\jre-legacy\windows-x64\jre-legacy\bin\awt.dll
0x00007ffe4ccc0000 - 0x00007ffe4cd50000 	C:\Windows\SYSTEM32\apphelp.dll
0x00007ffe3fea0000 - 0x00007ffe3feba000 	C:\Games\CurseForge\Minecraft\Install\bin\69bb-b0ae-f18b-b611\SAPIWrapper_x64.dll
0x00007ffdbf0f0000 - 0x00007ffdbf276000 	C:\Windows\System32\Speech\Common\sapi.dll
0x00007ffe40320000 - 0x00007ffe4033e000 	C:\Windows\SYSTEM32\MSACM32.dll
0x00007ffe11af0000 - 0x00007ffe11afb000 	C:\Windows\SYSTEM32\msdmo.dll
0x00007ffe39520000 - 0x00007ffe39546000 	C:\Windows\SYSTEM32\winmmbase.dll
0x00007ffe48930000 - 0x00007ffe489b5000 	C:\Windows\System32\MMDevApi.dll
0x00007ffe489c0000 - 0x00007ffe48b42000 	C:\Windows\SYSTEM32\AudioSes.dll
0x00007ffe255b0000 - 0x00007ffe25617000 	C:\ProgramData\A-Volute\A-Volute.Nahimic\Modules\Scheduled\x64\ProductInfo.dll
0x00007ffe48420000 - 0x00007ffe48463000 	C:\ProgramData\A-Volute\A-Volute.Nahimic\Modules\Scheduled\x64\ASM.Plugin.AudioDevProps2.dll
0x00007ffde8dd0000 - 0x00007ffde8ee4000 	C:\Games\CurseForge\Minecraft\Install\bin\69bb-b0ae-f18b-b611\OpenAL.dll
0x00007ffe4d190000 - 0x00007ffe4d1a4000 	C:\Windows\SYSTEM32\resourcepolicyclient.dll
0x000000006b200000 - 0x000000006b20b000 	C:\Games\CurseForge\Minecraft\Install\runtime\jre-legacy\windows-x64\jre-legacy\bin\sunmscapi.dll
0x00007ffe32ef0000 - 0x00007ffe32f39000 	C:\Windows\SYSTEM32\pdh.dll
0x00007ffe498d0000 - 0x00007ffe498df000 	C:\Windows\System32\perfproc.dll
0x00007ffe49830000 - 0x00007ffe4983f000 	C:\Windows\System32\perfos.dll
0x0000000093230000 - 0x0000000093261000 	C:\Games\CurseForge\Minecraft\Install\runtime\jre-legacy\windows-x64\jre-legacy\bin\jpeg.dll

VM Arguments:
jvm_args: -XX:HeapDumpPath=MojangTricksIntelDriversForPerformance_javaw.exe_minecraft.exe.heapdump -Dos.name=Windows 10 -Dos.version=10.0 -Xss1M -Djava.library.path=C:\Games\CurseForge\Minecraft\Install\bin\69bb-b0ae-f18b-b611 -Dminecraft.launcher.brand=minecraft-launcher -Dminecraft.launcher.version=2.3.462 -Xmx5024m -Xms256m -Dminecraft.applet.TargetDirectory=C:\Games\CurseForge\Minecraft\Instances\Blood N Wine 2 -Dfml.ignorePatchDiscrepancies=true -Dfml.ignoreInvalidMinecraftCertificates=true -Duser.language=en -Duser.country=US -Dlog4j.configurationFile=C:\Games\CurseForge\Minecraft\Install\assets\log_configs\client-1.12.xml 
java_command: cpw.mods.modlauncher.Launcher --username Nukelord420 --version forge-36.2.35 --gameDir C:\Games\CurseForge\Minecraft\Instances\Blood N Wine 2 --assetsDir C:\Games\CurseForge\Minecraft\Install\assets --assetIndex 1.16 --uuid 29e423c126c942d89e776772bd06df02 --accessToken eyJhbGciOiJIUzI1NiJ9.eyJ4dWlkIjoiMjUzNTQyODE5MjM2MjEyNiIsImFnZyI6IkFkdWx0Iiwic3ViIjoiZmNhNGVlNjItYzI4Zi00NzI0LWJkZTktNGU3ZDBiYWQ0ODBjIiwibmJmIjoxNjY3NzkyMjI5LCJhdXRoIjoiWEJPWCIsInJvbGVzIjpbXSwiaXNzIjoiYXV0aGVudGljYXRpb24iLCJleHAiOjE2Njc4Nzg2MjksImlhdCI6MTY2Nzc5MjIyOSwicGxhdGZvcm0iOiJQQ19MQVVOQ0hFUiIsInl1aWQiOiI3YTRkMzAxOTgyNzg0NmNjYjZjZDdjZjg4Njc0OWMwZSJ9.5-csPPtYXGKbkIC2ibM-ejN80AGBcyOB_5YFc8gX8-Y --userType msa --versionType release --width 1024 --height 768 --launchTarget fmlclient --fml.forgeVersion 36.2.35 --fml.mcVersion 1.16.5 --fml.forgeGroup net.minecraftforge --fml.mcpVersion 20210115.111550
java_class_path (initial): C:\Games\CurseForge\Minecraft\Install\libraries\net\minecraftforge\forge\1.16.5-36.2.35\forge-1.16.5-36.2.35.jar;C:\Games\CurseForge\Minecraft\Install\libraries\org\ow2\asm\asm\9.1\asm-9.1.jar;C:\Games\CurseForge\Minecraft\Install\libraries\org\ow2\asm\asm-commons\9.1\asm-commons-9.1.jar;C:\Games\CurseForge\Minecraft\Install\libraries\org\ow2\asm\asm-tree\9.1\asm-tree-9.1.jar;C:\Games\CurseForge\Minecraft\Install\libraries\org\ow2\asm\asm-util\9.1\asm-util-9.1.jar;C:\Games\CurseForge\Minecraft\Install\libraries\org\ow2\asm\asm-analysis\9.1\asm-analysis-9.1.jar;C:\Games\CurseForge\Minecraft\Install\libraries\cpw\mods\modlauncher\8.1.3\modlauncher-8.1.3.jar;C:\Games\CurseForge\Minecraft\Install\libraries\cpw\mods\grossjava9hacks\1.3.3\grossjava9hacks-1.3.3.jar;C:\Games\CurseForge\Minecraft\Install\libraries\net\minecraftforge\accesstransformers\3.0.1\accesstransformers-3.0.1.jar;C:\Games\CurseForge\Minecraft\Install\libraries\org\antlr\antlr4-runtime\4.9.1\antlr4-runtime-4.9.1.jar;C:\Games\CurseForge\Minecraft\Install\libraries\net\minecraftforge\eventbus\4.0.0\eventbus-4.0.0.jar;C:\Games\CurseForge\Minecraft\Install\libraries\net\minecraftforge\forgespi\3.2.0\forgespi-3.2.0.jar;C:\Games\CurseForge\Minecraft\Install\libraries\net\minecraftforge\coremods\4.0.6\coremods-4.0.6.jar;C:\Games\CurseForge\Minecraft\Install\libraries\net\minecraftforge\unsafe\0.2.0\unsafe-0.2.0.jar;C:\Games\CurseForge\Minecraft\Install\libraries\com\electronwill\night-config\core\3.6.3\core-3.6.3.jar;C:\Games\CurseForge\Minecraft\Install\libraries\com\electronwill\night-config\toml\3.6.3\toml-3.6.3.jar;C:\Games\CurseForge\Minecraft\Install\libraries\org\jline\jline\3.12.1\jline-3.12.1.jar;C:\Games\CurseForge\Minecraft\Install\libraries\org\apache\maven\maven-artifact\3.6.3\maven-artifact-3.6.3.jar;C:\Games\CurseForge\Minecraft\Install\libraries\net\jodah\typetools\0.8.3\typetools-0.8.3.jar;C:\Games\CurseForge\Minecraft\Install\libraries\org\apache\logging\log4j\log
Launcher Type: SUN_STANDARD

Environment Variables:
PATH=C:\Program Files\Common Files\Oracle\Java\javapath;C:\Program Files (x86)\Common Files\Oracle\Java\javapath;C:\Program Files (x86)\Razer\ChromaBroadcast\bin;C:\Program Files\Razer\ChromaBroadcast\bin;C:\Windows\system32;C:\Windows;C:\Windows\System32\Wbem;C:\Windows\System32\WindowsPowerShell\v1.0\;C:\Windows\System32\OpenSSH\;C:\Program Files (x86)\NVIDIA Corporation\PhysX\Common;C:\Program Files\NVIDIA Corporation\NVIDIA NvDLISR;C:\Program Files\PuTTY\;C:\Windows\system32\config\systemprofile\AppData\Local\Microsoft\WindowsApps;C:\Program Files\dotnet\;C:\Program Files\Common Files\Autodesk Shared\;C:\Program Files\Microsoft SQL Server\120\Tools\Binn\;C:\Users\NukelordBrown\AppData\Local\Programs\Python\Python310\Scripts\;C:\Users\NukelordBrown\AppData\Local\Programs\Python\Python310\;C:\Users\NukelordBrown\AppData\Local\Microsoft\WindowsApps;;C:\Users\NukelordBrown\AppData\Local\Programs\Microsoft VS Code\bin;C:\Users\NukelordBrown\.dotnet\tools
USERNAME=NukelordBrown
OS=Windows_NT
PROCESSOR_IDENTIFIER=AMD64 Family 25 Model 80 Stepping 0, AuthenticAMD



---------------  S Y S T E M  ---------------

OS: Windows 10.0 , 64 bit Build 19041 (10.0.19041.1806)

CPU:total 16 (16 cores per cpu, 1 threads per core) family 25 model 80 stepping 0, cmov, cx8, fxsr, mmx, sse, sse2, sse3, ssse3, sse4.1, sse4.2, popcnt, avx, avx2, aes, clmul, erms, mmxext, 3dnowpref, lzcnt, sse4a, tsc, tscinvbit, tscinv, bmi1

Memory: 4k page, physical 33402940k(12316984k free), swap 46125888k(9613360k free)

vm_info: Java HotSpot(TM) 64-Bit Server VM (25.51-b03) for windows-amd64 JRE (1.8.0_51-b16), built on Jun  8 2015 18:03:07 by "java_re" with MS VC++ 10.0 (VS2010)

time: Sun Nov 06 19:58:37 2022
elapsed time: 1286 seconds (0d 0h 21m 26s)

