#
# A fatal error has been detected by the Java Runtime Environment:
#
#  EXCEPTION_ACCESS_VIOLATION (0xc0000005) at pc=0x00007ffe1cf33716, pid=27488, tid=5108
#
# JRE version: Java(TM) SE Runtime Environment (8.0_51-b16) (build 1.8.0_51-b16)
# Java VM: Java HotSpot(TM) 64-Bit Server VM (25.51-b03 mixed mode windows-amd64 compressed oops)
# Problematic frame:
# C  [PhysXJniBindings_64.dll+0x53716]
#
# Failed to write core dump. Minidumps are not enabled by default on client versions of Windows
#
# If you would like to submit a bug report, please visit:
#   http://bugreport.java.com/bugreport/crash.jsp
# The crash happened outside the Java Virtual Machine in native code.
# See problematic frame for where to report the bug.
#

---------------  T H R E A D  ---------------

Current thread (0x0000000002b54000):  JavaThread "Render thread" [_thread_in_native, id=5108, stack(0x0000000002a50000,0x0000000002b50000)]

siginfo: ExceptionCode=0xc0000005, reading address 0x0000000000000000

Registers:
RAX=0x0000000000000000, RBX=0x0000000000000018, RCX=0x0000000000000000, RDX=0x0000000000000000
RSP=0x0000000002b4dc40, RBP=0x0000000002b4dcf0, RSI=0x0000000000000003, RDI=0x0000000000000000
R8 =0x0000000000000003, R9 =0x000000002640b350, R10=0x0000000002c657c8, R11=0x0000000054247bb0
R12=0x0000000000000000, R13=0x0000000046289710, R14=0x0000000002b4dd10, R15=0x0000000002b54000
RIP=0x00007ffe1cf33716, EFLAGS=0x0000000000010206

Top of Stack: (sp=0x0000000002b4dc40)
0x0000000002b4dc40:   00000000bb2c2d2b 0000000000000000
0x0000000002b4dc50:   000000003efff99a 0000000000000000
0x0000000002b4dc60:   00000000bbac28de 0000000000000000
0x0000000002b4dc70:   0000000002c57ced 0000000002c657f4
0x0000000002b4dc80:   0000000046289710 000000065d7c9a28
0x0000000002b4dc90:   0000000000000000 0000000002b4dd00
0x0000000002b4dca0:   00000000bfce4010 0000000000000000
0x0000000002b4dcb0:   0000000002b4dcb0 0000000000000000
0x0000000002b4dcc0:   0000000002b4dd10 000000004628cd40
0x0000000002b4dcd0:   0000000000000000 0000000046289710
0x0000000002b4dce0:   0000000000000000 0000000002b4dd10
0x0000000002b4dcf0:   0000000002b4dd58 0000000002c57800
0x0000000002b4dd00:   000000065c606ba0 0000000002c5f977
0x0000000002b4dd10:   0000000000000003 0000000002b4dd18
0x0000000002b4dd20:   0000000046289669 0000000002b4dd68
0x0000000002b4dd30:   000000004628cd40 0000000000000000 

Instructions: (pc=0x00007ffe1cf33716)
0x00007ffe1cf336f6:   89 74 24 10 57 48 83 ec 30 48 8b fa 8b f1 ff 15
0x00007ffe1cf33706:   86 3c 19 00 48 8b d8 ff 15 35 3c 19 00 48 8b c8
0x00007ffe1cf33716:   4c 8b 00 41 ff 50 28 84 c0 75 09 48 8d 05 a0 5e
0x00007ffe1cf33726:   12 00 eb 13 48 8d 15 8f 3f 19 00 48 8d 0d 20 2d 


Register to memory mapping:

RAX=0x0000000000000000 is an unknown value
RBX=0x0000000000000018 is an unknown value
RCX=0x0000000000000000 is an unknown value
RDX=0x0000000000000000 is an unknown value
RSP=0x0000000002b4dc40 is pointing into the stack for thread: 0x0000000002b54000
RBP=0x0000000002b4dcf0 is pointing into the stack for thread: 0x0000000002b54000
RSI=0x0000000000000003 is an unknown value
RDI=0x0000000000000000 is an unknown value
R8 =0x0000000000000003 is an unknown value
R9 =0x000000002640b350 is an unknown value
R10=0x0000000002c657c8 is at code_begin+840 in an Interpreter codelet
method entry point (kind = native)  [0x0000000002c65480, 0x0000000002c65de0]  2400 bytes
R11=0x0000000054247bb0 is an unknown value
R12=0x0000000000000000 is an unknown value
R13={method} {0x0000000046289718} '_DefaultCpuDispatcherCreate' '(I)J' in 'physx/PxTopLevelFunctions'
R14=0x0000000002b4dd10 is pointing into the stack for thread: 0x0000000002b54000
R15=0x0000000002b54000 is a thread


Stack: [0x0000000002a50000,0x0000000002b50000],  sp=0x0000000002b4dc40,  free space=1015k
Native frames: (J=compiled Java code, j=interpreted, Vv=VM code, C=native code)
C  [PhysXJniBindings_64.dll+0x53716]
C  0x0000000002c657f4

Java frames: (J=compiled Java code, j=interpreted, Vv=VM code)
j  physx.PxTopLevelFunctions._DefaultCpuDispatcherCreate(I)J+0
j  physx.PxTopLevelFunctions.DefaultCpuDispatcherCreate(I)Lphysx/extensions/PxDefaultCpuDispatcher;+1
J 46364 C2 net.diebuddies.physics.PhysicsMod.getInstance(Lnet/minecraft/world/World;)Lnet/diebuddies/physics/PhysicsMod; (39 bytes) @ 0x000000000a923238 [0x000000000a921340+0x1ef8]
J 46824 C2 net.minecraft.client.renderer.WorldRenderer.handler$bjc000$renderChunkLayerSolid(Lnet/minecraft/client/renderer/RenderType;Lcom/mojang/blaze3d/matrix/MatrixStack;DDDLorg/spongepowered/asm/mixin/injection/callback/CallbackInfo;)V (721 bytes) @ 0x000000000ae2a5e4 [0x000000000ae29740+0xea4]
J 46472 C2 net.minecraft.client.renderer.WorldRenderer.func_228441_a_(Lnet/minecraft/client/renderer/RenderType;Lcom/mojang/blaze3d/matrix/MatrixStack;DDD)V (186 bytes) @ 0x000000000ac88b30 [0x000000000ac87c60+0xed0]
J 46324 C2 net.minecraft.client.renderer.WorldRenderer.func_228426_a_(Lcom/mojang/blaze3d/matrix/MatrixStack;FJZLnet/minecraft/client/renderer/ActiveRenderInfo;Lnet/minecraft/client/renderer/GameRenderer;Lnet/minecraft/client/renderer/LightTexture;Lnet/minecraft/util/math/vector/Matrix4f;)V (4063 bytes) @ 0x000000000a2a9ca4 [0x000000000a2a81c0+0x1ae4]
j  net.minecraft.client.renderer.GameRenderer.func_228378_a_(FJLcom/mojang/blaze3d/matrix/MatrixStack;)V+620
J 47566 C2 net.minecraft.client.renderer.GameRenderer.func_195458_a(FJZ)V (899 bytes) @ 0x000000000af6cf74 [0x000000000af6c5a0+0x9d4]
j  net.minecraft.client.Minecraft.func_195542_b(Z)V+385
j  net.minecraft.client.Minecraft.handler$cdg000$unloadWorldScreenshot(Lnet/minecraft/client/gui/screen/Screen;Lorg/spongepowered/asm/mixin/injection/callback/CallbackInfo;)V+21
j  net.minecraft.client.Minecraft.func_213231_b(Lnet/minecraft/client/gui/screen/Screen;)V+49
j  net.minecraft.client.Minecraft.func_213254_o()V+8
j  net.minecraft.client.Minecraft.func_71405_e()V+66
j  net.minecraft.client.main.Main.main([Ljava/lang/String;)V+1445
v  ~StubRoutines::call_stub
j  sun.reflect.NativeMethodAccessorImpl.invoke0(Ljava/lang/reflect/Method;Ljava/lang/Object;[Ljava/lang/Object;)Ljava/lang/Object;+0
j  sun.reflect.NativeMethodAccessorImpl.invoke(Ljava/lang/Object;[Ljava/lang/Object;)Ljava/lang/Object;+100
J 2382 C1 sun.reflect.DelegatingMethodAccessorImpl.invoke(Ljava/lang/Object;[Ljava/lang/Object;)Ljava/lang/Object; (10 bytes) @ 0x0000000003583ecc [0x0000000003583dc0+0x10c]
J 2381 C1 java.lang.reflect.Method.invoke(Ljava/lang/Object;[Ljava/lang/Object;)Ljava/lang/Object; (62 bytes) @ 0x000000000358466c [0x0000000003584280+0x3ec]
j  net.minecraftforge.fml.loading.FMLClientLaunchProvider.lambda$launchService$0(Lcpw/mods/modlauncher/api/ITransformingClassLoader;[Ljava/lang/String;)Ljava/lang/Void;+50
j  net.minecraftforge.fml.loading.FMLClientLaunchProvider$$Lambda$502.call()Ljava/lang/Object;+12
j  cpw.mods.modlauncher.LaunchServiceHandlerDecorator.launch([Ljava/lang/String;Lcpw/mods/modlauncher/api/ITransformingClassLoader;)V+11
j  cpw.mods.modlauncher.LaunchServiceHandler.launch(Ljava/lang/String;[Ljava/lang/String;Lcpw/mods/modlauncher/TransformingClassLoader;Lcpw/mods/modlauncher/LaunchPluginHandler;)V+57
j  cpw.mods.modlauncher.LaunchServiceHandler.launch(Lcpw/mods/modlauncher/ArgumentHandler;Lcpw/mods/modlauncher/TransformingClassLoader;Lcpw/mods/modlauncher/LaunchPluginHandler;)V+19
j  cpw.mods.modlauncher.Launcher.run([Ljava/lang/String;)V+116
j  cpw.mods.modlauncher.Launcher.main([Ljava/lang/String;)V+37
v  ~StubRoutines::call_stub

---------------  P R O C E S S  ---------------

Java Threads: ( => current thread )
  0x0000000046acf800 JavaThread "Worker-Main-12" daemon [_thread_blocked, id=24452, stack(0x0000000037ab0000,0x0000000037bb0000)]
  0x0000000046abf000 JavaThread "ForkJoinPool.commonPool-worker-9" daemon [_thread_blocked, id=15588, stack(0x00000000c2360000,0x00000000c2460000)]
  0x0000000046ab8000 JavaThread "pool-12-thread-1" [_thread_blocked, id=31156, stack(0x0000000155200000,0x0000000155300000)]
  0x000000003d2e1000 JavaThread "Chunk Render Task Executor #9" [_thread_blocked, id=23756, stack(0x00000000bd8e0000,0x00000000bd9e0000)]
  0x00000000318d9000 JavaThread "Chunk Render Task Executor #8" [_thread_blocked, id=18488, stack(0x00000000bc7f0000,0x00000000bc8f0000)]
  0x0000000074f20800 JavaThread "Chunk Render Task Executor #7" [_thread_blocked, id=32392, stack(0x00000000bc6f0000,0x00000000bc7f0000)]
  0x0000000074f18000 JavaThread "Chunk Render Task Executor #6" [_thread_blocked, id=29992, stack(0x00000000bc4f0000,0x00000000bc5f0000)]
  0x00000000791da000 JavaThread "Chunk Render Task Executor #5" [_thread_blocked, id=19768, stack(0x00000000bc3f0000,0x00000000bc4f0000)]
  0x00000000791e1000 JavaThread "Chunk Render Task Executor #4" [_thread_blocked, id=2376, stack(0x00000000bc2f0000,0x00000000bc3f0000)]
  0x00000000791df800 JavaThread "Chunk Render Task Executor #3" [_thread_blocked, id=26852, stack(0x00000000bc1f0000,0x00000000bc2f0000)]
  0x00000000791db000 JavaThread "Chunk Render Task Executor #2" [_thread_blocked, id=25728, stack(0x00000000bc0f0000,0x00000000bc1f0000)]
  0x0000000031c83000 JavaThread "Chunk Render Task Executor #1" [_thread_blocked, id=34712, stack(0x0000000096810000,0x0000000096910000)]
  0x0000000031c86800 JavaThread "Chunk Render Task Executor #0" [_thread_blocked, id=27128, stack(0x00000000604d0000,0x00000000605d0000)]
  0x000000003d2e3000 JavaThread "ForkJoinPool.commonPool-worker-0" daemon [_thread_blocked, id=22996, stack(0x00000000c2760000,0x00000000c2860000)]
  0x000000003d2e2800 JavaThread "ForkJoinPool.commonPool-worker-7" daemon [_thread_blocked, id=25632, stack(0x00000000c2660000,0x00000000c2760000)]
  0x000000003d2e0000 JavaThread "ForkJoinPool.commonPool-worker-14" daemon [_thread_blocked, id=25732, stack(0x00000000c2560000,0x00000000c2660000)]
  0x000000003d2e1800 JavaThread "ForkJoinPool.commonPool-worker-12" daemon [_thread_blocked, id=30104, stack(0x00000000c2460000,0x00000000c2560000)]
  0x000000003d2e4000 JavaThread "ForkJoinPool.commonPool-worker-10" daemon [_thread_blocked, id=34508, stack(0x00000000c2260000,0x00000000c2360000)]
  0x000000003d2e4800 JavaThread "ForkJoinPool.commonPool-worker-3" daemon [_thread_blocked, id=31160, stack(0x00000000c2160000,0x00000000c2260000)]
  0x000000003d2d7800 JavaThread "ForkJoinPool.commonPool-worker-1" daemon [_thread_blocked, id=31400, stack(0x00000000c2060000,0x00000000c2160000)]
  0x000000003d2da800 JavaThread "ForkJoinPool.commonPool-worker-8" daemon [_thread_blocked, id=5920, stack(0x00000000c1f60000,0x00000000c2060000)]
  0x000000003d2de000 JavaThread "ForkJoinPool.commonPool-worker-15" daemon [_thread_blocked, id=35832, stack(0x00000000c0be0000,0x00000000c0ce0000)]
  0x000000003d2dd000 JavaThread "ForkJoinPool.commonPool-worker-6" daemon [_thread_blocked, id=25808, stack(0x00000000c0ae0000,0x00000000c0be0000)]
  0x000000003d2db800 JavaThread "ForkJoinPool.commonPool-worker-13" daemon [_thread_blocked, id=29920, stack(0x00000000c09e0000,0x00000000c0ae0000)]
  0x000000003d2de800 JavaThread "ForkJoinPool.commonPool-worker-4" daemon [_thread_blocked, id=30488, stack(0x00000000c08e0000,0x00000000c09e0000)]
  0x000000003d2d6000 JavaThread "ForkJoinPool.commonPool-worker-11" daemon [_thread_blocked, id=13040, stack(0x00000000c0580000,0x00000000c0680000)]
  0x000000003d2da000 JavaThread "ForkJoinPool.commonPool-worker-2" daemon [_thread_blocked, id=26844, stack(0x0000000056340000,0x0000000056440000)]
  0x000000003bb9c800 JavaThread "Netty Client IO #4" daemon [_thread_in_native, id=8024, stack(0x00000000445e0000,0x00000000446e0000)]
  0x00000000791e6800 JavaThread "Litematica Chunk Batcher 15" daemon [_thread_blocked, id=27456, stack(0x00000000be6e0000,0x00000000be7e0000)]
  0x00000000791e5000 JavaThread "Litematica Chunk Batcher 14" daemon [_thread_blocked, id=12640, stack(0x00000000be5e0000,0x00000000be6e0000)]
  0x00000000791e9800 JavaThread "Litematica Chunk Batcher 13" daemon [_thread_blocked, id=26476, stack(0x00000000be4e0000,0x00000000be5e0000)]
  0x00000000791e8000 JavaThread "Litematica Chunk Batcher 12" daemon [_thread_blocked, id=28312, stack(0x00000000be3e0000,0x00000000be4e0000)]
  0x00000000791e5800 JavaThread "Litematica Chunk Batcher 11" daemon [_thread_blocked, id=18780, stack(0x00000000be2e0000,0x00000000be3e0000)]
  0x00000000791e4000 JavaThread "Litematica Chunk Batcher 10" daemon [_thread_blocked, id=18828, stack(0x00000000be1e0000,0x00000000be2e0000)]
  0x00000000791e8800 JavaThread "Litematica Chunk Batcher 9" daemon [_thread_blocked, id=25700, stack(0x00000000be0e0000,0x00000000be1e0000)]
  0x00000000791e7000 JavaThread "Litematica Chunk Batcher 8" daemon [_thread_blocked, id=31180, stack(0x00000000bdfe0000,0x00000000be0e0000)]
  0x00000000791dc800 JavaThread "Litematica Chunk Batcher 7" daemon [_thread_blocked, id=21220, stack(0x00000000bdee0000,0x00000000bdfe0000)]
  0x00000000791de000 JavaThread "Litematica Chunk Batcher 6" daemon [_thread_blocked, id=33628, stack(0x00000000bdde0000,0x00000000bdee0000)]
  0x00000000791e3800 JavaThread "Litematica Chunk Batcher 5" daemon [_thread_blocked, id=6068, stack(0x00000000bdce0000,0x00000000bdde0000)]
  0x00000000791db800 JavaThread "Litematica Chunk Batcher 4" daemon [_thread_blocked, id=18332, stack(0x00000000bdbe0000,0x00000000bdce0000)]
  0x00000000791e2800 JavaThread "Litematica Chunk Batcher 3" daemon [_thread_blocked, id=20772, stack(0x00000000bdae0000,0x00000000bdbe0000)]
  0x00000000791dd000 JavaThread "Litematica Chunk Batcher 2" daemon [_thread_blocked, id=21396, stack(0x00000000bd9e0000,0x00000000bdae0000)]
  0x00000000791e2000 JavaThread "Litematica Chunk Batcher 1" daemon [_thread_blocked, id=32360, stack(0x00000000bc5f0000,0x00000000bc6f0000)]
  0x00000000791e0800 JavaThread "Litematica Chunk Batcher 0" daemon [_thread_blocked, id=26472, stack(0x00000000b8950000,0x00000000b8a50000)]
  0x000000003b617000 JavaThread "Sound engine" daemon [_thread_blocked, id=16016, stack(0x0000000053300000,0x0000000053400000)]
  0x000000003b60a000 JavaThread "Netty Client IO #3" daemon [_thread_in_native, id=16808, stack(0x0000000000b90000,0x0000000000c90000)]
  0x0000000031c81800 JavaThread "Netty Client IO #2" daemon [_thread_in_native, id=13140, stack(0x00000000664c0000,0x00000000665c0000)]
  0x0000000031c81000 JavaThread "Netty Client IO #1" daemon [_thread_in_native, id=3592, stack(0x00000000605d0000,0x00000000606d0000)]
  0x000000003bb9f800 JavaThread "Netty Client IO #0" daemon [_thread_in_native, id=18776, stack(0x00000000603d0000,0x00000000604d0000)]
  0x000000003bb9b000 JavaThread "ObjectCleanerThread" daemon [_thread_blocked, id=11644, stack(0x00000000602d0000,0x00000000603d0000)]
  0x000000003bb97000 JavaThread "Server Pinger #3" daemon [_thread_blocked, id=30040, stack(0x0000000053500000,0x0000000053600000)]
  0x000000003bb94800 JavaThread "Server Pinger #2" daemon [_thread_blocked, id=27616, stack(0x000000004cdc0000,0x000000004cec0000)]
  0x0000000074f23800 JavaThread "Thread-65" daemon [_thread_in_native, id=30940, stack(0x00000000440e0000,0x00000000441e0000)]
  0x0000000074f22800 JavaThread "Server Pinger #1" daemon [_thread_blocked, id=24428, stack(0x00000000377f0000,0x00000000378f0000)]
  0x0000000074f22000 JavaThread "Server Pinger #0" daemon [_thread_blocked, id=6464, stack(0x0000000000c90000,0x0000000000d90000)]
  0x0000000074f15800 JavaThread "spark-worker-pool-1-thread-4" daemon [_thread_blocked, id=22568, stack(0x0000000061310000,0x0000000061410000)]
  0x0000000074f19800 JavaThread "spark-worker-pool-1-thread-3" daemon [_thread_blocked, id=29368, stack(0x0000000028940000,0x0000000028a40000)]
  0x0000000074f17800 JavaThread "Thread-62" daemon [_thread_blocked, id=33980, stack(0x0000000074030000,0x0000000074130000)]
  0x0000000032238000 JavaThread "Thread-61" daemon [_thread_blocked, id=27972, stack(0x0000000072c30000,0x0000000072d30000)]
  0x0000000031c7b000 JavaThread "spark-worker-pool-1-thread-2" daemon [_thread_blocked, id=3600, stack(0x0000000073ee0000,0x0000000073fe0000)]
  0x000000003c5ca000 JavaThread "spark-worker-pool-1-thread-1" daemon [_thread_blocked, id=28664, stack(0x0000000073d90000,0x0000000073e90000)]
  0x000000003b614000 JavaThread "spark-monitor" daemon [_thread_blocked, id=23820, stack(0x0000000073b10000,0x0000000073c10000)]
  0x00000000318d8000 JavaThread "pool-5-thread-1" [_thread_blocked, id=25740, stack(0x000000006fd00000,0x000000006fe00000)]
  0x000000003b616000 JavaThread "Thread-57" daemon [_thread_in_native, id=29944, stack(0x00000000698e0000,0x00000000699e0000)]
  0x000000003b611000 JavaThread "Thread-56" daemon [_thread_in_native, id=29356, stack(0x000000005e870000,0x000000005e970000)]
  0x000000003b610000 JavaThread "Java2D Disposer" daemon [_thread_blocked, id=32044, stack(0x000000005f190000,0x000000005f290000)]
  0x000000003b60e800 JavaThread "Thread-54" daemon [_thread_in_native, id=3100, stack(0x000000005e770000,0x000000005e870000)]
  0x000000003b60c800 JavaThread "Thread-53" daemon [_thread_in_native, id=12132, stack(0x000000005e670000,0x000000005e770000)]
  0x000000003b60b000 JavaThread "Thread-52" daemon [_thread_in_native, id=22520, stack(0x0000000053b00000,0x0000000053c00000)]
  0x000000003b60e000 JavaThread "Thread-51" daemon [_thread_in_native, id=21132, stack(0x0000000053a00000,0x0000000053b00000)]
  0x000000003b60b800 JavaThread "Thread-50" daemon [_thread_in_native, id=29784, stack(0x0000000053700000,0x0000000053800000)]
  0x0000000031c85800 JavaThread "Config Lib config file watcher" daemon [_thread_blocked, id=31392, stack(0x000000004cfc0000,0x000000004d0c0000)]
  0x0000000031c85000 JavaThread "Thread-47" daemon [_thread_in_native, id=26328, stack(0x000000004cec0000,0x000000004cfc0000)]
  0x0000000031c7f800 JavaThread "pool-4-thread-16" [_thread_blocked, id=32096, stack(0x000000004cac0000,0x000000004cbc0000)]
  0x0000000031c7c800 JavaThread "pool-4-thread-15" [_thread_blocked, id=23540, stack(0x000000004c7c0000,0x000000004c8c0000)]
  0x0000000031c7a000 JavaThread "pool-4-thread-14" [_thread_blocked, id=2532, stack(0x00000000444e0000,0x00000000445e0000)]
  0x0000000031c7e000 JavaThread "pool-4-thread-13" [_thread_blocked, id=32052, stack(0x000000004ad30000,0x000000004ae30000)]
  0x0000000022e84000 JavaThread "pool-4-thread-12" [_thread_blocked, id=32180, stack(0x000000004a840000,0x000000004a940000)]
  0x000000003c5cb800 JavaThread "pool-4-thread-11" [_thread_blocked, id=3152, stack(0x000000004aef0000,0x000000004aff0000)]
  0x000000003c5ca800 JavaThread "pool-4-thread-10" [_thread_blocked, id=26440, stack(0x000000004aa30000,0x000000004ab30000)]
  0x000000003c5c9000 JavaThread "pool-4-thread-9" [_thread_blocked, id=29824, stack(0x000000004a540000,0x000000004a640000)]
  0x000000003c5c1000 JavaThread "Thread-45" daemon [_thread_in_native, id=34708, stack(0x000000004a240000,0x000000004a340000)]
  0x000000003c5c7800 JavaThread "Thread-44" daemon [_thread_in_native, id=35340, stack(0x000000004a140000,0x000000004a240000)]
  0x000000003c5c7000 JavaThread "Thread-43" daemon [_thread_in_native, id=2004, stack(0x000000004a040000,0x000000004a140000)]
  0x000000003c5bf800 JavaThread "pool-4-thread-8" [_thread_blocked, id=29516, stack(0x0000000049f40000,0x000000004a040000)]
  0x000000003c5c6000 JavaThread "Thread-42" daemon [_thread_in_native, id=22408, stack(0x0000000048b10000,0x0000000048c10000)]
  0x000000003c5c4800 JavaThread "Thread-41" daemon [_thread_in_native, id=29128, stack(0x0000000049ad0000,0x0000000049bd0000)]
  0x000000003c5c3000 JavaThread "Thread-40" daemon [_thread_in_native, id=23652, stack(0x0000000049820000,0x0000000049920000)]
  0x000000003c5c5800 JavaThread "Thread-39" daemon [_thread_in_native, id=26180, stack(0x0000000049c40000,0x0000000049d40000)]
  0x000000003c5bd000 JavaThread "Thread-38" daemon [_thread_in_native, id=8800, stack(0x00000000499d0000,0x0000000049ad0000)]
  0x000000003c5be000 JavaThread "Thread-37" daemon [_thread_in_native, id=13436, stack(0x0000000049720000,0x0000000049820000)]
  0x000000003c5c4000 JavaThread "pool-4-thread-7" [_thread_blocked, id=33508, stack(0x0000000049620000,0x0000000049720000)]
  0x000000003c5be800 JavaThread "pool-4-thread-6" [_thread_blocked, id=33192, stack(0x0000000049520000,0x0000000049620000)]
  0x000000003c5c2800 JavaThread "pool-4-thread-5" [_thread_blocked, id=29960, stack(0x0000000049420000,0x0000000049520000)]
  0x000000003c5c1800 JavaThread "Thread-36" daemon [_thread_in_native, id=29892, stack(0x0000000048f10000,0x0000000049010000)]
  0x00000000318db000 JavaThread "Thread-35" daemon [_thread_in_native, id=29272, stack(0x0000000049020000,0x0000000049120000)]
  0x0000000022e8a000 JavaThread "pool-4-thread-4" [_thread_blocked, id=6808, stack(0x0000000048c10000,0x0000000048d10000)]
  0x000000003223c800 JavaThread "Thread-33" daemon [_thread_in_native, id=13088, stack(0x0000000047f20000,0x0000000048020000)]
  0x000000003223e000 JavaThread "Thread-32" daemon [_thread_in_native, id=26540, stack(0x0000000047b90000,0x0000000047c90000)]
  0x000000003223b000 JavaThread "Thread-31" daemon [_thread_in_native, id=27896, stack(0x0000000047870000,0x0000000047970000)]
  0x000000003223e800 JavaThread "pool-4-thread-3" [_thread_blocked, id=26400, stack(0x0000000041070000,0x0000000041170000)]
  0x0000000032240000 JavaThread "pool-4-thread-2" [_thread_blocked, id=34588, stack(0x0000000047770000,0x0000000047870000)]
  0x0000000032241800 JavaThread "pool-4-thread-1" [_thread_blocked, id=31380, stack(0x00000000414b0000,0x00000000415b0000)]
  0x0000000032241000 JavaThread "Thread-30" daemon [_thread_in_native, id=24748, stack(0x0000000041bf0000,0x0000000041cf0000)]
  0x0000000032233800 JavaThread "Thread-29" daemon [_thread_in_native, id=28960, stack(0x0000000040850000,0x0000000040950000)]
  0x0000000032237000 JavaThread "Thread-28" daemon [_thread_in_native, id=8340, stack(0x0000000041d80000,0x0000000041e80000)]
  0x0000000032232800 JavaThread "Thread-27" daemon [_thread_blocked, id=29120, stack(0x0000000040f70000,0x0000000041070000)]
  0x0000000032239800 JavaThread "Java Sound Event Dispatcher" daemon [_thread_blocked, id=8920, stack(0x0000000040b70000,0x0000000040c70000)]
  0x0000000032238800 JavaThread "Thread-25" daemon [_thread_blocked, id=712, stack(0x000000003f110000,0x000000003f210000)]
  0x0000000032234000 JavaThread "lava-daemon-pool-info-loader-5-thread-1" daemon [_thread_blocked, id=8612, stack(0x00000000464a0000,0x00000000465a0000)]
  0x0000000032236800 JavaThread "LavaPlayer Audio Thread" daemon [_thread_blocked, id=3624, stack(0x00000000463a0000,0x00000000464a0000)]
  0x0000000032235000 JavaThread "lava-daemon-pool-manager-6-thread-1" daemon [_thread_blocked, id=22884, stack(0x00000000462a0000,0x00000000463a0000)]
  0x00000000318dc800 JavaThread "LavaPlayer Audio Thread" daemon [_thread_blocked, id=34700, stack(0x00000000452e0000,0x00000000453e0000)]
  0x000000003bb9e800 JavaThread "Thread-24" daemon [_thread_in_native, id=25180, stack(0x0000000045990000,0x0000000045a90000)]
  0x000000003bb9e000 JavaThread "lava-daemon-pool-manager-3-thread-1" daemon [_thread_blocked, id=30660, stack(0x0000000044fe0000,0x00000000450e0000)]
  0x000000003bb9b800 JavaThread "modloading-worker-5" daemon [_thread_blocked, id=16968, stack(0x00000000443e0000,0x00000000444e0000)]
  0x000000003bb98000 JavaThread "modloading-worker-15" daemon [_thread_blocked, id=27980, stack(0x000000003e6a0000,0x000000003e7a0000)]
  0x000000003bb95800 JavaThread "Snooper Timer" daemon [_thread_blocked, id=29816, stack(0x0000000032ba0000,0x0000000032ca0000)]
  0x00000000318d9800 JavaThread "Timer hack thread" daemon [_thread_blocked, id=25216, stack(0x00000000329f0000,0x0000000032af0000)]
  0x00000000318d6800 JavaThread "Thread-20" daemon [_thread_in_native, id=25696, stack(0x000000003e5a0000,0x000000003e6a0000)]
  0x00000000318d0800 JavaThread "Thread-19" daemon [_thread_in_native, id=29788, stack(0x000000003e4a0000,0x000000003e5a0000)]
  0x00000000318cf000 JavaThread "Thread-18" daemon [_thread_in_native, id=15064, stack(0x000000003e3a0000,0x000000003e4a0000)]
  0x00000000318d6000 JavaThread "Thread-17" daemon [_thread_in_native, id=25452, stack(0x000000003e2a0000,0x000000003e3a0000)]
  0x00000000318d2000 JavaThread "Thread-16" daemon [_thread_in_native, id=34980, stack(0x000000003e130000,0x000000003e230000)]
  0x00000000318ce800 JavaThread "Thread-15" daemon [_thread_in_native, id=34012, stack(0x000000003dfc0000,0x000000003e0c0000)]
  0x00000000318d5000 JavaThread "Thread-14" daemon [_thread_in_native, id=15800, stack(0x000000003dec0000,0x000000003dfc0000)]
  0x00000000318d3800 JavaThread "Thread-13" daemon [_thread_in_native, id=21036, stack(0x000000003ddc0000,0x000000003dec0000)]
  0x00000000318d3000 JavaThread "Thread-12" daemon [_thread_in_native, id=26908, stack(0x000000003dcc0000,0x000000003ddc0000)]
  0x00000000318d1800 JavaThread "Thread-11" daemon [_thread_in_native, id=13240, stack(0x000000003dbc0000,0x000000003dcc0000)]
  0x00000000318d4800 JavaThread "Thread-10" daemon [_thread_in_native, id=18196, stack(0x000000003dac0000,0x000000003dbc0000)]
  0x0000000022e86000 JavaThread "Thread-9" daemon [_thread_in_native, id=30824, stack(0x000000003d9c0000,0x000000003dac0000)]
  0x000000003857a000 JavaThread "Thread-8" daemon [_thread_in_native, id=26160, stack(0x000000003d8c0000,0x000000003d9c0000)]
  0x00000000262b1000 JavaThread "Thread-7" daemon [_thread_in_native, id=26980, stack(0x000000003d7c0000,0x000000003d8c0000)]
  0x000000002632f800 JavaThread "Thread-6" daemon [_thread_in_native, id=26896, stack(0x000000003d6c0000,0x000000003d7c0000)]
  0x0000000026188000 JavaThread "Thread-5" daemon [_thread_in_native, id=26128, stack(0x000000003d5c0000,0x000000003d6c0000)]
  0x00000000304cc000 JavaThread "Thread-4" daemon [_thread_in_native, id=26880, stack(0x0000000032f80000,0x0000000033080000)]
  0x00000000266a1800 JavaThread "Thread-2" daemon [_thread_in_native, id=12884, stack(0x0000000028d40000,0x0000000028e40000)]
  0x0000000026363800 JavaThread "Thread-1" daemon [_thread_blocked, id=27028, stack(0x0000000028c40000,0x0000000028d40000)]
  0x0000000022eff800 JavaThread "Service Thread" daemon [_thread_blocked, id=25188, stack(0x0000000025660000,0x0000000025760000)]
  0x0000000022e87800 JavaThread "C1 CompilerThread11" daemon [_thread_blocked, id=35180, stack(0x0000000025560000,0x0000000025660000)]
  0x0000000022e89000 JavaThread "C1 CompilerThread10" daemon [_thread_blocked, id=29520, stack(0x0000000025460000,0x0000000025560000)]
  0x0000000022e85800 JavaThread "C1 CompilerThread9" daemon [_thread_blocked, id=9780, stack(0x0000000025360000,0x0000000025460000)]
  0x0000000022e6f000 JavaThread "C1 CompilerThread8" daemon [_thread_blocked, id=7096, stack(0x0000000025160000,0x0000000025260000)]
  0x0000000022e34800 JavaThread "C2 CompilerThread7" daemon [_thread_blocked, id=27288, stack(0x0000000025060000,0x0000000025160000)]
  0x0000000022e27800 JavaThread "C2 CompilerThread6" daemon [_thread_blocked, id=27112, stack(0x0000000024f60000,0x0000000025060000)]
  0x0000000022e27000 JavaThread "C2 CompilerThread5" daemon [_thread_blocked, id=2100, stack(0x0000000024e60000,0x0000000024f60000)]
  0x0000000022e21800 JavaThread "C2 CompilerThread4" daemon [_thread_blocked, id=8824, stack(0x0000000024d60000,0x0000000024e60000)]
  0x0000000022e18800 JavaThread "C2 CompilerThread3" daemon [_thread_blocked, id=24772, stack(0x0000000024c60000,0x0000000024d60000)]
  0x0000000022e15800 JavaThread "C2 CompilerThread2" daemon [_thread_blocked, id=26156, stack(0x0000000024b60000,0x0000000024c60000)]
  0x0000000022e11800 JavaThread "C2 CompilerThread1" daemon [_thread_blocked, id=26132, stack(0x0000000024a60000,0x0000000024b60000)]
  0x0000000022e10000 JavaThread "C2 CompilerThread0" daemon [_thread_blocked, id=25028, stack(0x0000000024960000,0x0000000024a60000)]
  0x0000000022e0f800 JavaThread "Attach Listener" daemon [_thread_blocked, id=5000, stack(0x0000000024860000,0x0000000024960000)]
  0x0000000022e0b800 JavaThread "Signal Dispatcher" daemon [_thread_blocked, id=21088, stack(0x0000000024760000,0x0000000024860000)]
  0x0000000021395000 JavaThread "Finalizer" daemon [_thread_blocked, id=32844, stack(0x0000000024660000,0x0000000024760000)]
  0x000000002138a000 JavaThread "Reference Handler" daemon [_thread_blocked, id=24560, stack(0x0000000024560000,0x0000000024660000)]
=>0x0000000002b54000 JavaThread "Render thread" [_thread_in_native, id=5108, stack(0x0000000002a50000,0x0000000002b50000)]

Other Threads:
  0x0000000022dd4000 VMThread [stack: 0x0000000024460000,0x0000000024560000] [id=29472]
  0x0000000022ee9000 WatcherThread [stack: 0x0000000025760000,0x0000000025860000] [id=28580]

VM state:not at safepoint (normal execution)

VM Mutex/Monitor currently owned by a thread: None

Heap:
 PSYoungGen      total 1266688K, used 407411K [0x0000000742000000, 0x0000000794a80000, 0x00000007c0000000)
  eden space 1171968K, 34% used [0x0000000742000000,0x000000075a8fcc90,0x0000000789880000)
  from space 94720K, 5% used [0x0000000789880000,0x0000000789d60010,0x000000078f500000)
  to   space 87552K, 0% used [0x000000078f500000,0x000000078f500000,0x0000000794a80000)
 ParOldGen       total 2036224K, used 1568626K [0x0000000646000000, 0x00000006c2480000, 0x0000000742000000)
  object space 2036224K, 77% used [0x0000000646000000,0x00000006a5bdc938,0x00000006c2480000)
 Metaspace       used 255954K, capacity 290331K, committed 290628K, reserved 1286144K
  class space    used 44054K, capacity 53553K, committed 53632K, reserved 1048576K

Card table byte_map: [0x0000000012010000,0x0000000012bf0000] byte_map_base: 0x000000000ede0000

Marking Bits: (ParMarkBitMap*) 0x0000000054824040
 Begin Bits: [0x00000000140d0000, 0x0000000019f50000)
 End Bits:   [0x0000000019f50000, 0x000000001fdd0000)

Polling page: 0x0000000000a70000

CodeCache: size=245760Kb used=137071Kb max_used=137071Kb free=108688Kb
 bounds [0x0000000002c50000, 0x000000000b2f0000, 0x0000000011c50000]
 total_blobs=38697 nmethods=36048 adapters=2552
 compilation: enabled

Compilation events (10 events):
Event: 271.797 Thread 0x0000000022e27800 50447       4       fi.dy.masa.litematica.render.infohud.InfoHud::getOffsetY (7 bytes)
Event: 271.797 Thread 0x0000000022e27800 nmethod 50447 0x0000000009d8ed90 code [0x0000000009d8eec0, 0x0000000009d8ef38]
Event: 271.863 Thread 0x0000000022e87800 50448       1       dev.ftb.mods.ftbquests.client.ClientQuestFile::getSide (4 bytes)
Event: 271.863 Thread 0x0000000022e87800 nmethod 50448 0x000000000b291ed0 code [0x000000000b292020, 0x000000000b292130]
Event: 272.397 Thread 0x0000000022e21800 50449       4       dev.kosmx.playerAnim.api.layered.AnimationContainer::setupAnim (18 bytes)
Event: 272.399 Thread 0x0000000022e21800 nmethod 50449 0x000000000b2da910 code [0x000000000b2daa80, 0x000000000b2dabc8]
Event: 272.524 Thread 0x0000000022e89000 50450       3       net.minecraft.client.network.play.ClientPlayNetHandler::func_147285_a (38 bytes)
Event: 272.526 Thread 0x0000000022e89000 nmethod 50450 0x000000000b2e7c90 code [0x000000000b2e7f20, 0x000000000b2e92d8]
Event: 272.835 Thread 0x0000000022e85800 50451       3       net.minecraftforge.eventbus.api.EventListenerHelper::getListenerListInternal (106 bytes)
Event: 272.835 Thread 0x0000000022e85800 nmethod 50451 0x000000000b2e9cd0 code [0x000000000b2e9f20, 0x000000000b2eacc8]

GC Heap History (10 events):
Event: 254.198 GC heap before
{Heap before GC invocations=112 (full 7):
 PSYoungGen      total 1274368K, used 1161792K [0x0000000742000000, 0x0000000798180000, 0x00000007c0000000)
  eden space 1157632K, 100% used [0x0000000742000000,0x0000000788a80000,0x0000000788a80000)
  from space 116736K, 3% used [0x0000000790f80000,0x0000000791390010,0x0000000798180000)
  to   space 126464K, 0% used [0x0000000788a80000,0x0000000788a80000,0x0000000790600000)
 ParOldGen       total 2036224K, used 1567842K [0x0000000646000000, 0x00000006c2480000, 0x0000000742000000)
  object space 2036224K, 76% used [0x0000000646000000,0x00000006a5b18848,0x00000006c2480000)
 Metaspace       used 255577K, capacity 289823K, committed 290116K, reserved 1286144K
  class space    used 44035K, capacity 53525K, committed 53632K, reserved 1048576K
Event: 254.211 GC heap after
Heap after GC invocations=112 (full 7):
 PSYoungGen      total 1161728K, used 4064K [0x0000000742000000, 0x0000000797780000, 0x00000007c0000000)
  eden space 1157632K, 0% used [0x0000000742000000,0x0000000742000000,0x0000000788a80000)
  from space 4096K, 99% used [0x0000000788a80000,0x0000000788e78010,0x0000000788e80000)
  to   space 117760K, 0% used [0x0000000790480000,0x0000000790480000,0x0000000797780000)
 ParOldGen       total 2036224K, used 1568058K [0x0000000646000000, 0x00000006c2480000, 0x0000000742000000)
  object space 2036224K, 77% used [0x0000000646000000,0x00000006a5b4e938,0x00000006c2480000)
 Metaspace       used 255577K, capacity 289823K, committed 290116K, reserved 1286144K
  class space    used 44035K, capacity 53525K, committed 53632K, reserved 1048576K
}
Event: 258.108 GC heap before
{Heap before GC invocations=113 (full 7):
 PSYoungGen      total 1161728K, used 1161696K [0x0000000742000000, 0x0000000797780000, 0x00000007c0000000)
  eden space 1157632K, 100% used [0x0000000742000000,0x0000000788a80000,0x0000000788a80000)
  from space 4096K, 99% used [0x0000000788a80000,0x0000000788e78010,0x0000000788e80000)
  to   space 117760K, 0% used [0x0000000790480000,0x0000000790480000,0x0000000797780000)
 ParOldGen       total 2036224K, used 1568058K [0x0000000646000000, 0x00000006c2480000, 0x0000000742000000)
  object space 2036224K, 77% used [0x0000000646000000,0x00000006a5b4e938,0x00000006c2480000)
 Metaspace       used 255583K, capacity 289827K, committed 290116K, reserved 1286144K
  class space    used 44035K, capacity 53525K, committed 53632K, reserved 1048576K
Event: 258.120 GC heap after
Heap after GC invocations=113 (full 7):
 PSYoungGen      total 1266176K, used 4000K [0x0000000742000000, 0x0000000796780000, 0x00000007c0000000)
  eden space 1164800K, 0% used [0x0000000742000000,0x0000000742000000,0x0000000789180000)
  from space 101376K, 3% used [0x0000000790480000,0x0000000790868010,0x0000000796780000)
  to   space 109568K, 0% used [0x0000000789180000,0x0000000789180000,0x000000078fc80000)
 ParOldGen       total 2036224K, used 1568178K [0x0000000646000000, 0x00000006c2480000, 0x0000000742000000)
  object space 2036224K, 77% used [0x0000000646000000,0x00000006a5b6c938,0x00000006c2480000)
 Metaspace       used 255583K, capacity 289827K, committed 290116K, reserved 1286144K
  class space    used 44035K, capacity 53525K, committed 53632K, reserved 1048576K
}
Event: 262.375 GC heap before
{Heap before GC invocations=114 (full 7):
 PSYoungGen      total 1266176K, used 1168800K [0x0000000742000000, 0x0000000796780000, 0x00000007c0000000)
  eden space 1164800K, 100% used [0x0000000742000000,0x0000000789180000,0x0000000789180000)
  from space 101376K, 3% used [0x0000000790480000,0x0000000790868010,0x0000000796780000)
  to   space 109568K, 0% used [0x0000000789180000,0x0000000789180000,0x000000078fc80000)
 ParOldGen       total 2036224K, used 1568178K [0x0000000646000000, 0x00000006c2480000, 0x0000000742000000)
  object space 2036224K, 77% used [0x0000000646000000,0x00000006a5b6c938,0x00000006c2480000)
 Metaspace       used 255585K, capacity 289827K, committed 290116K, reserved 1286144K
  class space    used 44035K, capacity 53525K, committed 53632K, reserved 1048576K
Event: 262.387 GC heap after
Heap after GC invocations=114 (full 7):
 PSYoungGen      total 1168896K, used 4064K [0x0000000742000000, 0x0000000795f80000, 0x00000007c0000000)
  eden space 1164800K, 0% used [0x0000000742000000,0x0000000742000000,0x0000000789180000)
  from space 4096K, 99% used [0x0000000789180000,0x0000000789578010,0x0000000789580000)
  to   space 101888K, 0% used [0x000000078fc00000,0x000000078fc00000,0x0000000795f80000)
 ParOldGen       total 2036224K, used 1568354K [0x0000000646000000, 0x00000006c2480000, 0x0000000742000000)
  object space 2036224K, 77% used [0x0000000646000000,0x00000006a5b98938,0x00000006c2480000)
 Metaspace       used 255585K, capacity 289827K, committed 290116K, reserved 1286144K
  class space    used 44035K, capacity 53525K, committed 53632K, reserved 1048576K
}
Event: 266.529 GC heap before
{Heap before GC invocations=115 (full 7):
 PSYoungGen      total 1168896K, used 1168864K [0x0000000742000000, 0x0000000795f80000, 0x00000007c0000000)
  eden space 1164800K, 100% used [0x0000000742000000,0x0000000789180000,0x0000000789180000)
  from space 4096K, 99% used [0x0000000789180000,0x0000000789578010,0x0000000789580000)
  to   space 101888K, 0% used [0x000000078fc00000,0x000000078fc00000,0x0000000795f80000)
 ParOldGen       total 2036224K, used 1568354K [0x0000000646000000, 0x00000006c2480000, 0x0000000742000000)
  object space 2036224K, 77% used [0x0000000646000000,0x00000006a5b98938,0x00000006c2480000)
 Metaspace       used 255671K, capacity 289891K, committed 290116K, reserved 1286144K
  class space    used 44035K, capacity 53525K, committed 53632K, reserved 1048576K
Event: 266.541 GC heap after
Heap after GC invocations=115 (full 7):
 PSYoungGen      total 1259520K, used 3904K [0x0000000742000000, 0x0000000795180000, 0x00000007c0000000)
  eden space 1171968K, 0% used [0x0000000742000000,0x0000000742000000,0x0000000789880000)
  from space 87552K, 4% used [0x000000078fc00000,0x000000078ffd0000,0x0000000795180000)
  to   space 94720K, 0% used [0x0000000789880000,0x0000000789880000,0x000000078f500000)
 ParOldGen       total 2036224K, used 1568522K [0x0000000646000000, 0x00000006c2480000, 0x0000000742000000)
  object space 2036224K, 77% used [0x0000000646000000,0x00000006a5bc2938,0x00000006c2480000)
 Metaspace       used 255671K, capacity 289891K, committed 290116K, reserved 1286144K
  class space    used 44035K, capacity 53525K, committed 53632K, reserved 1048576K
}
Event: 271.229 GC heap before
{Heap before GC invocations=116 (full 7):
 PSYoungGen      total 1259520K, used 1175872K [0x0000000742000000, 0x0000000795180000, 0x00000007c0000000)
  eden space 1171968K, 100% used [0x0000000742000000,0x0000000789880000,0x0000000789880000)
  from space 87552K, 4% used [0x000000078fc00000,0x000000078ffd0000,0x0000000795180000)
  to   space 94720K, 0% used [0x0000000789880000,0x0000000789880000,0x000000078f500000)
 ParOldGen       total 2036224K, used 1568522K [0x0000000646000000, 0x00000006c2480000, 0x0000000742000000)
  object space 2036224K, 77% used [0x0000000646000000,0x00000006a5bc2938,0x00000006c2480000)
 Metaspace       used 255883K, capacity 290227K, committed 290372K, reserved 1286144K
  class space    used 44039K, capacity 53531K, committed 53632K, reserved 1048576K
Event: 271.242 GC heap after
Heap after GC invocations=116 (full 7):
 PSYoungGen      total 1266688K, used 4992K [0x0000000742000000, 0x0000000794a80000, 0x00000007c0000000)
  eden space 1171968K, 0% used [0x0000000742000000,0x0000000742000000,0x0000000789880000)
  from space 94720K, 5% used [0x0000000789880000,0x0000000789d60010,0x000000078f500000)
  to   space 87552K, 0% used [0x000000078f500000,0x000000078f500000,0x0000000794a80000)
 ParOldGen       total 2036224K, used 1568626K [0x0000000646000000, 0x00000006c2480000, 0x0000000742000000)
  object space 2036224K, 77% used [0x0000000646000000,0x00000006a5bdc938,0x00000006c2480000)
 Metaspace       used 255883K, capacity 290227K, committed 290372K, reserved 1286144K
  class space    used 44039K, capacity 53531K, committed 53632K, reserved 1048576K
}

Deoptimization events (10 events):
Event: 269.885 Thread 0x0000000002b54000 Uncommon trap: reason=speculate_class_check action=maybe_recompile pc=0x0000000003cf69a0 method=net.minecraft.world.lighting.SectionLightStorage.getOrAddLightmap(J)Lnet/minecraft/world/chunk/NibbleArray; @ 24
Event: 269.886 Thread 0x0000000002b54000 Uncommon trap: reason=speculate_class_check action=maybe_recompile pc=0x0000000003cf69a0 method=net.minecraft.world.lighting.SectionLightStorage.getOrAddLightmap(J)Lnet/minecraft/world/chunk/NibbleArray; @ 24
Event: 270.200 Thread 0x0000000002b54000 Uncommon trap: reason=speculate_class_check action=maybe_recompile pc=0x000000000b088f00 method=net.minecraft.entity.Entity.func_70066_B()V @ 2
Event: 271.498 Thread 0x0000000002b54000 Uncommon trap: reason=unstable_if action=reinterpret pc=0x000000000a3d795c method=java.util.ArrayDeque.delete(I)Z @ 140
Event: 271.548 Thread 0x0000000002b54000 Uncommon trap: reason=unstable_if action=reinterpret pc=0x000000000423fd9c method=java.util.ArrayDeque.delete(I)Z @ 140
Event: 271.651 Thread 0x0000000002b54000 Uncommon trap: reason=unstable_if action=reinterpret pc=0x000000000a7740c0 method=java.util.ArrayDeque.delete(I)Z @ 140
Event: 272.794 Thread 0x0000000002b54000 Uncommon trap: reason=unstable_if action=reinterpret pc=0x000000000af9338c method=org.lwjgl.glfw.GLFW.glfwWindowShouldClose(J)Z @ 20
Event: 272.799 Thread 0x000000003b619000 Uncommon trap: reason=unstable_if action=reinterpret pc=0x000000000b1962d0 method=dev.tr7zw.entityculling.CullTask.run()V @ 7
Event: 272.813 Thread 0x0000000002b54000 Uncommon trap: reason=unstable_if action=reinterpret pc=0x000000000956fe9c method=it.unimi.dsi.fastutil.ints.Int2ObjectOpenHashMap.values()Lit/unimi/dsi/fastutil/objects/ObjectCollection; @ 4
Event: 272.838 Thread 0x0000000002b54000 Uncommon trap: reason=unstable_if action=reinterpret pc=0x0000000009528904 method=net.minecraft.client.renderer.GameRenderer.func_175070_n()Z @ 34

Internal exceptions (10 events):
Event: 263.331 Thread 0x0000000002b54000 Exception <a 'java/lang/ClassCastException': java.lang.Boolean cannot be cast to java.lang.String> (0x0000000751322c98) thrown at [C:\re\workspace\8-2-build-windows-amd64-cygwin\jdk8u51\3951\hotspot\src\share\vm\interpreter\interpreterRuntime.cpp, line 381ÍwaKup@
Event: 263.331 Thread 0x0000000002b54000 Exception <a 'java/lang/ClassCastException': java.lang.Boolean cannot be cast to java.lang.Long> (0x0000000751323068) thrown at [C:\re\workspace\8-2-build-windows-amd64-cygwin\jdk8u51\3951\hotspot\src\share\vm\interpreter\interpreterRuntime.cpp, line 381]
Event: 263.331 Thread 0x0000000002b54000 Exception <a 'java/lang/ClassCastException': java.lang.Boolean cannot be cast to java.lang.Double> (0x0000000751323438) thrown at [C:\re\workspace\8-2-build-windows-amd64-cygwin\jdk8u51\3951\hotspot\src\share\vm\interpreter\interpreterRuntime.cpp, line 381k–<%Lup@
Event: 263.331 Thread 0x0000000002b54000 Exception <a 'java/lang/ClassCastException': java.lang.Boolean cannot be cast to java.lang.String> (0x0000000751323a48) thrown at [C:\re\workspace\8-2-build-windows-amd64-cygwin\jdk8u51\3951\hotspot\src\share\vm\interpreter\interpreterRuntime.cpp, line 381@aö3Lup@
Event: 263.331 Thread 0x0000000002b54000 Exception <a 'java/lang/ClassCastException': java.lang.Boolean cannot be cast to java.lang.Long> (0x0000000751323e18) thrown at [C:\re\workspace\8-2-build-windows-amd64-cygwin\jdk8u51\3951\hotspot\src\share\vm\interpreter\interpreterRuntime.cpp, line 381]
Event: 263.331 Thread 0x0000000002b54000 Exception <a 'java/lang/ClassCastException': java.lang.Boolean cannot be cast to java.lang.Double> (0x00000007513241e8) thrown at [C:\re\workspace\8-2-build-windows-amd64-cygwin\jdk8u51\3951\hotspot\src\share\vm\interpreter\interpreterRuntime.cpp, line 3817]óµp@
Event: 267.349 Thread 0x0000000002b54000 Implicit null exception at 0x000000000a9edd5c to 0x000000000a9f0615
Event: 272.832 Thread 0x0000000002b54000 Exception <a 'java/lang/IllegalArgumentException': Wrong type at constant pool index> (0x0000000759ea6110) thrown at [C:\re\workspace\8-2-build-windows-amd64-cygwin\jdk8u51\3951\hotspot\src\share\vm\prims\jvm.cpp, line 2143]
Event: 272.833 Thread 0x0000000002b54000 Exception <a 'java/lang/IllegalArgumentException': Wrong type at constant pool index> (0x0000000759ea7040) thrown at [C:\re\workspace\8-2-build-windows-amd64-cygwin\jdk8u51\3951\hotspot\src\share\vm\prims\jvm.cpp, line 2143]
Event: 272.833 Thread 0x0000000002b54000 Exception <a 'java/lang/IllegalArgumentException': Wrong type at constant pool index> (0x0000000759ec49c0) thrown at [C:\re\workspace\8-2-build-windows-amd64-cygwin\jdk8u51\3951\hotspot\src\share\vm\prims\jvm.cpp, line 2143]

Events (10 events):
Event: 272.831 loading class com/daderpduck/seamless_loading_screen/ScreenshotTaker done
Event: 272.831 loading class com/daderpduck/seamless_loading_screen/events/OFLagometerEvent
Event: 272.831 loading class com/daderpduck/seamless_loading_screen/events/OFLagometerEvent done
Event: 272.832 loading class com/daderpduck/seamless_loading_screen/events/OFLagometerEvent
Event: 272.832 loading class com/daderpduck/seamless_loading_screen/events/OFLagometerEvent done
Event: 272.832 loading class com/daderpduck/seamless_loading_screen/ScreenshotTaker
Event: 272.832 loading class com/daderpduck/seamless_loading_screen/ScreenshotTaker done
Event: 272.838 Thread 0x0000000002b54000 Uncommon trap: trap_request=0xffffff65 fr.pc=0x0000000009528904
Event: 272.838 Thread 0x0000000002b54000 DEOPT PACKING pc=0x0000000009528904 sp=0x0000000002b4e1d0
Event: 272.838 Thread 0x0000000002b54000 DEOPT UNPACKING pc=0x0000000002c9582a sp=0x0000000002b4e0f0 mode 2


Dynamic libraries:
0x00007ff6b42d0000 - 0x00007ff6b4307000 	C:\Games\CurseForge\Minecraft\Install\runtime\jre-legacy\windows-x64\jre-legacy\bin\javaw.exe
0x00007ffe51310000 - 0x00007ffe51508000 	C:\Windows\SYSTEM32\ntdll.dll
0x00007ffe508b0000 - 0x00007ffe5096d000 	C:\Windows\System32\KERNEL32.DLL
0x00007ffe4eb70000 - 0x00007ffe4ee3e000 	C:\Windows\System32\KERNELBASE.dll
0x00007ffe506b0000 - 0x00007ffe5075e000 	C:\Windows\System32\ADVAPI32.dll
0x00007ffe50810000 - 0x00007ffe508ae000 	C:\Windows\System32\msvcrt.dll
0x00007ffe50760000 - 0x00007ffe507fc000 	C:\Windows\System32\sechost.dll
0x00007ffe4fda0000 - 0x00007ffe4fec5000 	C:\Windows\System32\RPCRT4.dll
0x00007ffe51130000 - 0x00007ffe512d0000 	C:\Windows\System32\USER32.dll
0x00007ffe4f2b0000 - 0x00007ffe4f2d2000 	C:\Windows\System32\win32u.dll
0x00007ffe50060000 - 0x00007ffe5008a000 	C:\Windows\System32\GDI32.dll
0x00007ffe4ea30000 - 0x00007ffe4eb3b000 	C:\Windows\System32\gdi32full.dll
0x00007ffe4f050000 - 0x00007ffe4f0ed000 	C:\Windows\System32\msvcp_win.dll
0x00007ffe4f0f0000 - 0x00007ffe4f1f0000 	C:\Windows\System32\ucrtbase.dll
0x00007ffe3da00000 - 0x00007ffe3dc9a000 	C:\Windows\WinSxS\amd64_microsoft.windows.common-controls_6595b64144ccf1df_6.0.19041.1110_none_60b5254171f9507e\COMCTL32.dll
0x00007ffe50970000 - 0x00007ffe509a0000 	C:\Windows\System32\IMM32.DLL
0x0000000054e30000 - 0x0000000054f02000 	C:\Games\CurseForge\Minecraft\Install\runtime\jre-legacy\windows-x64\jre-legacy\bin\msvcr100.dll
0x0000000054020000 - 0x00000000548a3000 	C:\Games\CurseForge\Minecraft\Install\runtime\jre-legacy\windows-x64\jre-legacy\bin\server\jvm.dll
0x00007ffe50800000 - 0x00007ffe50808000 	C:\Windows\System32\PSAPI.DLL
0x00007ffe483d0000 - 0x00007ffe483d9000 	C:\Windows\SYSTEM32\WSOCK32.dll
0x00007ffe3faa0000 - 0x00007ffe3fac7000 	C:\Windows\SYSTEM32\WINMM.dll
0x00007ffe45360000 - 0x00007ffe4536a000 	C:\Windows\SYSTEM32\VERSION.dll
0x00007ffe509a0000 - 0x00007ffe50a0b000 	C:\Windows\System32\WS2_32.dll
0x0000000054e20000 - 0x0000000054e2f000 	C:\Games\CurseForge\Minecraft\Install\runtime\jre-legacy\windows-x64\jre-legacy\bin\verify.dll
0x0000000054df0000 - 0x0000000054e19000 	C:\Games\CurseForge\Minecraft\Install\runtime\jre-legacy\windows-x64\jre-legacy\bin\java.dll
0x0000000054dd0000 - 0x0000000054de6000 	C:\Games\CurseForge\Minecraft\Install\runtime\jre-legacy\windows-x64\jre-legacy\bin\zip.dll
0x00007ffe4f370000 - 0x00007ffe4fab4000 	C:\Windows\System32\SHELL32.dll
0x00007ffe4c560000 - 0x00007ffe4ccf4000 	C:\Windows\SYSTEM32\windows.storage.dll
0x00007ffe50dc0000 - 0x00007ffe51114000 	C:\Windows\System32\combase.dll
0x00007ffe4e490000 - 0x00007ffe4e4c0000 	C:\Windows\SYSTEM32\Wldp.dll
0x00007ffe4fae0000 - 0x00007ffe4fb8d000 	C:\Windows\System32\SHCORE.dll
0x00007ffe50cd0000 - 0x00007ffe50d25000 	C:\Windows\System32\shlwapi.dll
0x00007ffe4e970000 - 0x00007ffe4e98f000 	C:\Windows\SYSTEM32\profapi.dll
0x0000000054dc0000 - 0x0000000054dcd000 	C:\Games\CurseForge\Minecraft\Install\runtime\jre-legacy\windows-x64\jre-legacy\bin\management.dll
0x0000000054da0000 - 0x0000000054dba000 	C:\Games\CurseForge\Minecraft\Install\runtime\jre-legacy\windows-x64\jre-legacy\bin\net.dll
0x00007ffe4e1f0000 - 0x00007ffe4e25a000 	C:\Windows\system32\mswsock.dll
0x00007ffe10b80000 - 0x00007ffe10b97000 	C:\Windows\system32\napinsp.dll
0x00007ffe0ea80000 - 0x00007ffe0ea9b000 	C:\Windows\system32\pnrpnsp.dll
0x00007ffe49870000 - 0x00007ffe49885000 	C:\Windows\system32\wshbth.dll
0x00007ffe49dc0000 - 0x00007ffe49ddd000 	C:\Windows\system32\NLAapi.dll
0x00007ffe4de90000 - 0x00007ffe4decb000 	C:\Windows\SYSTEM32\IPHLPAPI.DLL
0x00007ffe4ded0000 - 0x00007ffe4df9b000 	C:\Windows\SYSTEM32\DNSAPI.dll
0x00007ffe51120000 - 0x00007ffe51128000 	C:\Windows\System32\NSI.dll
0x00007ffe0ea60000 - 0x00007ffe0ea72000 	C:\Windows\System32\winrnr.dll
0x00007ffe47320000 - 0x00007ffe4732a000 	C:\Windows\System32\rasadhlp.dll
0x00007ffe3f5b0000 - 0x00007ffe3f630000 	C:\Windows\System32\fwpuclnt.dll
0x00007ffe4eb40000 - 0x00007ffe4eb67000 	C:\Windows\System32\bcrypt.dll
0x0000000054d80000 - 0x0000000054d91000 	C:\Games\CurseForge\Minecraft\Install\runtime\jre-legacy\windows-x64\jre-legacy\bin\nio.dll
0x0000000054d50000 - 0x0000000054d74000 	C:\Games\CurseForge\Minecraft\Install\runtime\jre-legacy\windows-x64\jre-legacy\bin\sunec.dll
0x00007ffe4e3e0000 - 0x00007ffe4e3f8000 	C:\Windows\SYSTEM32\CRYPTSP.dll
0x00007ffe4db00000 - 0x00007ffe4db34000 	C:\Windows\system32\rsaenh.dll
0x00007ffe4e930000 - 0x00007ffe4e95e000 	C:\Windows\SYSTEM32\USERENV.dll
0x00007ffe4f2e0000 - 0x00007ffe4f362000 	C:\Windows\System32\bcryptprimitives.dll
0x00007ffe4e400000 - 0x00007ffe4e40c000 	C:\Windows\SYSTEM32\CRYPTBASE.dll
0x00007ffe43970000 - 0x00007ffe43987000 	C:\Windows\SYSTEM32\dhcpcsvc6.DLL
0x00007ffe45370000 - 0x00007ffe4538d000 	C:\Windows\SYSTEM32\dhcpcsvc.DLL
0x00007ffe233a0000 - 0x00007ffe23412000 	C:\Games\CurseForge\Minecraft\Install\bin\a9df0ea5baea7f084f05425a59f37203022f1291\lwjgl.dll
0x00007ffe23140000 - 0x00007ffe23391000 	C:\Games\CurseForge\Minecraft\Install\bin\a9df0ea5baea7f084f05425a59f37203022f1291\jemalloc.dll
0x00007ffe230e0000 - 0x00007ffe2313e000 	C:\Games\CurseForge\Minecraft\Install\bin\a9df0ea5baea7f084f05425a59f37203022f1291\glfw.dll
0x00007ffe4b370000 - 0x00007ffe4b40e000 	C:\Windows\system32\uxtheme.dll
0x00007ffde0460000 - 0x00007ffde04a5000 	C:\Windows\SYSTEM32\dinput8.dll
0x00007ffdebf50000 - 0x00007ffdebf61000 	C:\Windows\SYSTEM32\xinput1_4.dll
0x00007ffe4f1f0000 - 0x00007ffe4f23e000 	C:\Windows\System32\cfgmgr32.dll
0x00007ffe4e7e0000 - 0x00007ffe4e80c000 	C:\Windows\SYSTEM32\DEVOBJ.dll
0x00007ffe4b960000 - 0x00007ffe4b98f000 	C:\Windows\SYSTEM32\dwmapi.dll
0x00007ffe30250000 - 0x00007ffe303a2000 	C:\Windows\SYSTEM32\inputhost.dll
0x00007ffe4ff90000 - 0x00007ffe5005d000 	C:\Windows\System32\OLEAUT32.dll
0x00007ffe4a540000 - 0x00007ffe4a694000 	C:\Windows\SYSTEM32\wintypes.dll
0x00007ffe4b150000 - 0x00007ffe4b242000 	C:\Windows\SYSTEM32\CoreMessaging.dll
0x00007ffe49bb0000 - 0x00007ffe49ca6000 	C:\Windows\SYSTEM32\PROPSYS.dll
0x00007ffe4acf0000 - 0x00007ffe4b04e000 	C:\Windows\SYSTEM32\CoreUIComponents.dll
0x00007ffe4d720000 - 0x00007ffe4d753000 	C:\Windows\SYSTEM32\ntmarta.dll
0x00007ffe4d2e0000 - 0x00007ffe4d2f2000 	C:\Windows\SYSTEM32\kernel.appcore.dll
0x00007ffde50d0000 - 0x00007ffde5208000 	C:\ProgramData\A-Volute\A-Volute.Nahimic\Modules\Scheduled\x64\AudioDevProps2.dll
0x00007ffe50110000 - 0x00007ffe5023a000 	C:\Windows\System32\ole32.dll
0x00007ffde9c90000 - 0x00007ffde9de3000 	C:\Program Files (x86)\Stardock\Fences\FencesMenu64.dll
0x00007ffe49850000 - 0x00007ffe49864000 	C:\Windows\SYSTEM32\WTSAPI32.dll
0x00007ffe3dca0000 - 0x00007ffe3de45000 	C:\Windows\WinSxS\amd64_microsoft.windows.gdiplus_6595b64144ccf1df_1.1.19041.1706_none_919e8e54cc8d4ca1\gdiplus.dll
0x00007ffe213f0000 - 0x00007ffe21508000 	C:\Program Files (x86)\Stardock\Groupy\groupy_64.dll
0x00007ffe50a10000 - 0x00007ffe50b25000 	C:\Windows\System32\MSCTF.dll
0x00007ffe4cd60000 - 0x00007ffe4cd6d000 	C:\Windows\SYSTEM32\HID.DLL
0x00007ffe50240000 - 0x00007ffe506af000 	C:\Windows\System32\SETUPAPI.DLL
0x00007ffe4f240000 - 0x00007ffe4f2a7000 	C:\Windows\System32\WINTRUST.dll
0x00007ffe4eef0000 - 0x00007ffe4f046000 	C:\Windows\System32\CRYPT32.dll
0x00007ffe4e620000 - 0x00007ffe4e632000 	C:\Windows\SYSTEM32\MSASN1.dll
0x00007ffde9620000 - 0x00007ffde9747000 	C:\Windows\SYSTEM32\opengl32.dll
0x00007ffde95d0000 - 0x00007ffde95fc000 	C:\Windows\SYSTEM32\GLU32.dll
0x00007ffe4fed0000 - 0x00007ffe4ff79000 	C:\Windows\System32\clbcatq.dll
0x00007ffdc6380000 - 0x00007ffdc9539000 	C:\Windows\System32\DriverStore\FileRepository\nvlt.inf_amd64_e7d8c0512da64e7d\nvoglv64.dll
0x00007ffe42ed0000 - 0x00007ffe42f01000 	C:\Windows\SYSTEM32\cryptnet.dll
0x00007ffe41fb0000 - 0x00007ffe420f8000 	C:\Windows\SYSTEM32\drvstore.dll
0x00007ffe41f30000 - 0x00007ffe41f6b000 	C:\Windows\SYSTEM32\dxcore.dll
0x00007ffe130f0000 - 0x00007ffe133c1000 	C:\Windows\system32\nvspcap64.dll
0x00007ffe4e000000 - 0x00007ffe4e04b000 	C:\Windows\SYSTEM32\powrprof.dll
0x00007ffe4de70000 - 0x00007ffe4de82000 	C:\Windows\SYSTEM32\UMPDC.dll
0x00007ffe4d7d0000 - 0x00007ffe4d82a000 	C:\Windows\SYSTEM32\WINSTA.dll
0x00007ffe23060000 - 0x00007ffe230df000 	C:\Games\CurseForge\Minecraft\Install\bin\a9df0ea5baea7f084f05425a59f37203022f1291\lwjgl_stb.dll
0x00007ffe48970000 - 0x00007ffe48a1e000 	C:\Windows\SYSTEM32\mscms.dll
0x00007ffe48540000 - 0x00007ffe48551000 	C:\Windows\SYSTEM32\ColorAdapterClient.dll
0x00007ffe438a0000 - 0x00007ffe438e3000 	C:\Windows\SYSTEM32\icm32.dll
0x00007ffe2f730000 - 0x00007ffe2f829000 	C:\Windows\SYSTEM32\textinputframework.dll
0x00007ffe3d990000 - 0x00007ffe3d9f6000 	C:\Windows\system32\Oleacc.dll
0x00007ffe23000000 - 0x00007ffe23058000 	C:\Games\CurseForge\Minecraft\Install\bin\a9df0ea5baea7f084f05425a59f37203022f1291\lwjgl_opengl.dll
0x00007ffe265e0000 - 0x00007ffe26622000 	C:\Users\NukelordBrown\AppData\Local\Temp\jna--1590639904\jna3203006770627899190.dll
0x0000000054d40000 - 0x0000000054d4c000 	C:\Games\CurseForge\Minecraft\Install\runtime\jre-legacy\windows-x64\jre-legacy\bin\jsound.dll
0x0000000054d30000 - 0x0000000054d3b000 	C:\Games\CurseForge\Minecraft\Install\runtime\jre-legacy\windows-x64\jre-legacy\bin\jsoundds.dll
0x00007ffe36930000 - 0x00007ffe369cc000 	C:\Windows\SYSTEM32\DSOUND.dll
0x00007ffe368e0000 - 0x00007ffe36906000 	C:\Windows\SYSTEM32\winmmbase.dll
0x00007ffe47ca0000 - 0x00007ffe47d25000 	C:\Windows\SYSTEM32\MMDevAPI.DLL
0x00007ffddc970000 - 0x00007ffddc9b6000 	C:\Windows\SYSTEM32\wdmaud.drv
0x00007ffe47a70000 - 0x00007ffe47a79000 	C:\Windows\SYSTEM32\ksuser.dll
0x00007ffe4d290000 - 0x00007ffe4d29a000 	C:\Windows\SYSTEM32\AVRT.dll
0x00007ffe481c0000 - 0x00007ffe48342000 	C:\Windows\SYSTEM32\AUDIOSES.DLL
0x00007ffddc960000 - 0x00007ffddc96d000 	C:\Windows\SYSTEM32\msacm32.drv
0x00007ffddc940000 - 0x00007ffddc95e000 	C:\Windows\SYSTEM32\MSACM32.dll
0x00007ffddc930000 - 0x00007ffddc93b000 	C:\Windows\SYSTEM32\midimap.dll
0x00007ffe1d4c0000 - 0x00007ffe1d726000 	C:\Users\NukelordBrown\AppData\Local\Temp\de.fabmax.physx-jni\0.4.15\PhysX_64.dll
0x00007ffe1d920000 - 0x00007ffe1daf7000 	C:\Users\NukelordBrown\AppData\Local\Temp\de.fabmax.physx-jni\0.4.15\PhysXCommon_64.dll
0x00007ffe22e20000 - 0x00007ffe22eca000 	C:\Users\NukelordBrown\AppData\Local\Temp\de.fabmax.physx-jni\0.4.15\PhysXCooking_64.dll
0x00007ffe22d80000 - 0x00007ffe22e11000 	C:\Users\NukelordBrown\AppData\Local\Temp\de.fabmax.physx-jni\0.4.15\PhysXFoundation_64.dll
0x00007ffe1cee0000 - 0x00007ffe1d0e4000 	C:\Users\NukelordBrown\AppData\Local\Temp\de.fabmax.physx-jni\0.4.15\PhysXJniBindings_64.dll
0x00007ffde53f0000 - 0x00007ffde5457000 	C:\ProgramData\A-Volute\A-Volute.Nahimic\Modules\Scheduled\x64\ProductInfo.dll
0x00007ffe04fd0000 - 0x00007ffe05013000 	C:\ProgramData\A-Volute\A-Volute.Nahimic\Modules\Scheduled\x64\ASM.Plugin.AudioDevProps2.dll
0x0000000053e80000 - 0x0000000054018000 	C:\Games\CurseForge\Minecraft\Install\runtime\jre-legacy\windows-x64\jre-legacy\bin\awt.dll
0x00007ffe4b280000 - 0x00007ffe4b310000 	C:\Windows\SYSTEM32\apphelp.dll
0x00007ffe4b6d0000 - 0x00007ffe4b6e4000 	C:\Windows\SYSTEM32\resourcepolicyclient.dll
0x00007ffe1c800000 - 0x00007ffe1c89c000 	C:\Users\NUKELO~1\AppData\Local\Temp\jna--1590639904\jna2363943530591280439.dll
0x00007ffe26330000 - 0x00007ffe26471000 	C:\Windows\System32\Windows.UI.dll

VM Arguments:
jvm_args: -XX:HeapDumpPath=MojangTricksIntelDriversForPerformance_javaw.exe_minecraft.exe.heapdump -Dos.name=Windows 10 -Dos.version=10.0 -Xss1M -Djava.library.path=C:\Games\CurseForge\Minecraft\Install\bin\a9df0ea5baea7f084f05425a59f37203022f1291 -Dminecraft.launcher.brand=minecraft-launcher -Dminecraft.launcher.version=2.4.39 -Xmx6048m -Xms256m -Dminecraft.applet.TargetDirectory=C:\Games\CurseForge\Minecraft\Instances\Blood-N-Wine-2 -Dfml.ignorePatchDiscrepancies=true -Dfml.ignoreInvalidMinecraftCertificates=true -Duser.language=en -Duser.country=US -Dlog4j.configurationFile=C:\Games\CurseForge\Minecraft\Install\assets\log_configs\client-1.12.xml 
java_command: cpw.mods.modlauncher.Launcher --username Nukelord420 --version forge-36.2.35 --gameDir C:\Games\CurseForge\Minecraft\Instances\Blood-N-Wine-2 --assetsDir C:\Games\CurseForge\Minecraft\Install\assets --assetIndex 1.16 --uuid 29e423c126c942d89e776772bd06df02 --accessToken eyJraWQiOiJhYzg0YSIsImFsZyI6IkhTMjU2In0.eyJ4dWlkIjoiMjUzNTQyODE5MjM2MjEyNiIsImFnZyI6IkFkdWx0Iiwic3ViIjoiZmNhNGVlNjItYzI4Zi00NzI0LWJkZTktNGU3ZDBiYWQ0ODBjIiwiYXV0aCI6IlhCT1giLCJucyI6ImRlZmF1bHQiLCJyb2xlcyI6W10sImlzcyI6ImF1dGhlbnRpY2F0aW9uIiwicGxhdGZvcm0iOiJQQ19MQVVOQ0hFUiIsInl1aWQiOiI3YTRkMzAxOTgyNzg0NmNjYjZjZDdjZjg4Njc0OWMwZSIsIm5iZiI6MTY4MjY1ODY3NiwiZXhwIjoxNjgyNzQ1MDc2LCJpYXQiOjE2ODI2NTg2NzZ9.WpOqeZ-8i1UrHQgxaTIXJrPxh2zUy03ueqM7IZjNKPE --userType msa --versionType release --width 1024 --height 768 --launchTarget fmlclient --fml.forgeVersion 36.2.35 --fml.mcVersion 1.16.5 --fml.forgeGroup net.minecraftforge --fml.mcpVersion 20210115.111550
java_class_path (initial): C:\Games\CurseForge\Minecraft\Install\libraries\net\minecraftforge\forge\1.16.5-36.2.35\forge-1.16.5-36.2.35.jar;C:\Games\CurseForge\Minecraft\Install\libraries\org\ow2\asm\asm\9.1\asm-9.1.jar;C:\Games\CurseForge\Minecraft\Install\libraries\org\ow2\asm\asm-commons\9.1\asm-commons-9.1.jar;C:\Games\CurseForge\Minecraft\Install\libraries\org\ow2\asm\asm-tree\9.1\asm-tree-9.1.jar;C:\Games\CurseForge\Minecraft\Install\libraries\org\ow2\asm\asm-util\9.1\asm-util-9.1.jar;C:\Games\CurseForge\Minecraft\Install\libraries\org\ow2\asm\asm-analysis\9.1\asm-analysis-9.1.jar;C:\Games\CurseForge\Minecraft\Install\libraries\cpw\mods\modlauncher\8.1.3\modlauncher-8.1.3.jar;C:\Games\CurseForge\Minecraft\Install\libraries\cpw\mods\grossjava9hacks\1.3.3\grossjava9hacks-1.3.3.jar;C:\Games\CurseForge\Minecraft\Install\libraries\net\minecraftforge\accesstransformers\3.0.1\accesstransformers-3.0.1.jar;C:\Games\CurseForge\Minecraft\Install\libraries\org\antlr\antlr4-runtime\4.9.1\antlr4-runtime-4.9.1.jar;C:\Games\CurseForge\Minecraft\Install\libraries\net\minecraftforge\eventbus\4.0.0\eventbus-4.0.0.jar;C:\Games\CurseForge\Minecraft\Install\libraries\net\minecraftforge\forgespi\3.2.0\forgespi-3.2.0.jar;C:\Games\CurseForge\Minecraft\Install\libraries\net\minecraftforge\coremods\4.0.6\coremods-4.0.6.jar;C:\Games\CurseForge\Minecraft\Install\libraries\net\minecraftforge\unsafe\0.2.0\unsafe-0.2.0.jar;C:\Games\CurseForge\Minecraft\Install\libraries\com\electronwill\night-config\core\3.6.3\core-3.6.3.jar;C:\Games\CurseForge\Minecraft\Install\libraries\com\electronwill\night-config\toml\3.6.3\toml-3.6.3.jar;C:\Games\CurseForge\Minecraft\Install\libraries\org\jline\jline\3.12.1\jline-3.12.1.jar;C:\Games\CurseForge\Minecraft\Install\libraries\org\apache\maven\maven-artifact\3.6.3\maven-artifact-3.6.3.jar;C:\Games\CurseForge\Minecraft\Install\libraries\net\jodah\typetools\0.8.3\typetools-0.8.3.jar;C:\Games\CurseForge\Minecraft\Install\libraries\org\apache\logging\log4j\log
Launcher Type: SUN_STANDARD

Environment Variables:
PATH=C:\VulkanSDK\1.3.236.0\Bin;C:\Program Files (x86)\Razer Chroma SDK\bin;C:\Program Files\Razer Chroma SDK\bin;C:\Program Files\Common Files\Oracle\Java\javapath;C:\Program Files (x86)\Common Files\Oracle\Java\javapath;C:\Program Files (x86)\Razer\ChromaBroadcast\bin;C:\Program Files\Razer\ChromaBroadcast\bin;C:\Windows\system32;C:\Windows;C:\Windows\System32\Wbem;C:\Windows\System32\WindowsPowerShell\v1.0\;C:\Windows\System32\OpenSSH\;C:\Program Files (x86)\NVIDIA Corporation\PhysX\Common;C:\Program Files\NVIDIA Corporation\NVIDIA NvDLISR;C:\Program Files\PuTTY\;C:\Windows\system32\config\systemprofile\AppData\Local\Microsoft\WindowsApps;C:\Program Files\dotnet\;C:\Program Files\Common Files\Autodesk Shared\;C:\Program Files\Microsoft SQL Server\120\Tools\Binn\;G:\Bethesda-Game-Modding-Tools\Ruby26-x64\bin;C:\Users\NukelordBrown\AppData\Local\Programs\Python\Python310\Scripts\;C:\Users\NukelordBrown\AppData\Local\Programs\Python\Python310\;C:\Users\NukelordBrown\AppData\Local\Microsoft\WindowsApps;C:\Users\NukelordBrown\AppData\Local\Programs\Microsoft VS Code\bin;C:\Users\NukelordBrown\.dotnet\tools;C:\Users\NukelordBrown\AppData\Local\GitHubDesktop\bin;C:\Program Files\Perforce\;C:\Program Files\Git\cmd;G:\Bethesda-Game-Modding-Tools\Ruby26-x64\bin;C:\Users\NukelordBrown\AppData\Local\Programs\Python\Python310\Scripts\;C:\Users\NukelordBrown\AppData\Local\Programs\Python\Python310\;C:\Users\NukelordBrown\AppData\Local\Microsoft\WindowsApps;C:\Users\NukelordBrown\AppData\Local\Programs\Microsoft VS Code\bin;C:\Users\NukelordBrown\.dotnet\tools;C:\Users\NukelordBrown\AppData\Local\GitHubDesktop\bin
USERNAME=NukelordBrown
OS=Windows_NT
PROCESSOR_IDENTIFIER=AMD64 Family 25 Model 80 Stepping 0, AuthenticAMD



---------------  S Y S T E M  ---------------

OS: Windows 10.0 , 64 bit Build 19041 (10.0.19041.1806)

CPU:total 16 (16 cores per cpu, 1 threads per core) family 25 model 80 stepping 0, cmov, cx8, fxsr, mmx, sse, sse2, sse3, ssse3, sse4.1, sse4.2, popcnt, avx, avx2, aes, clmul, erms, mmxext, 3dnowpref, lzcnt, sse4a, tsc, tscinvbit, tscinv, bmi1

Memory: 4k page, physical 33402940k(17570484k free), swap 43364412k(22194424k free)

vm_info: Java HotSpot(TM) 64-Bit Server VM (25.51-b03) for windows-amd64 JRE (1.8.0_51-b16), built on Jun  8 2015 18:03:07 by "java_re" with MS VC++ 10.0 (VS2010)

time: Thu Apr 27 22:21:18 2023
elapsed time: 272 seconds (0d 0h 4m 32s)

