#
# A fatal error has been detected by the Java Runtime Environment:
#
#  EXCEPTION_ACCESS_VIOLATION (0xc0000005) at pc=0x00007ffdc9fb3716, pid=19084, tid=10600
#
# JRE version: Java(TM) SE Runtime Environment (8.0_51-b16) (build 1.8.0_51-b16)
# Java VM: Java HotSpot(TM) 64-Bit Server VM (25.51-b03 mixed mode windows-amd64 compressed oops)
# Problematic frame:
# C  [PhysXJniBindings_64.dll+0x53716]
#
# Failed to write core dump. Minidumps are not enabled by default on client versions of Windows
#
# If you would like to submit a bug report, please visit:
#   http://bugreport.java.com/bugreport/crash.jsp
# The crash happened outside the Java Virtual Machine in native code.
# See problematic frame for where to report the bug.
#

---------------  T H R E A D  ---------------

Current thread (0x0000000002a54000):  JavaThread "Render thread" [_thread_in_native, id=10600, stack(0x0000000002950000,0x0000000002a50000)]

siginfo: ExceptionCode=0xc0000005, reading address 0x0000000000000000

Registers:
RAX=0x0000000000000000, RBX=0x0000000000000018, RCX=0x0000000000000000, RDX=0x0000000000000000
RSP=0x0000000002a4dc10, RBP=0x0000000002a4dcc0, RSI=0x0000000000000003, RDI=0x0000000000000000
R8 =0x0000000000000003, R9 =0x000000002682a000, R10=0x0000000002b657c8, R11=0x0000000054247bb0
R12=0x0000000000000000, R13=0x0000000040a8e9d8, R14=0x0000000002a4dce0, R15=0x0000000002a54000
RIP=0x00007ffdc9fb3716, EFLAGS=0x0000000000010206

Top of Stack: (sp=0x0000000002a4dc10)
0x0000000002a4dc10:   0000000002a4dce0 0000000002a50000
0x0000000002a4dc20:   000000065b2ba4e0 000000065b2ba520
0x0000000002a4dc30:   0000000000200021 000000003f702b30
0x0000000002a4dc40:   0000000002b57ced 0000000002b657f4
0x0000000002a4dc50:   0000000040a8e9d8 000000065b2ba650
0x0000000002a4dc60:   0000000000000000 0000000002a4dcd0
0x0000000002a4dc70:   000000013c525580 0000000000000000
0x0000000002a4dc80:   0000000002a4dc80 0000000000000000
0x0000000002a4dc90:   0000000002a4dce0 0000000040a90730
0x0000000002a4dca0:   0000000000000000 0000000040a8e9d8
0x0000000002a4dcb0:   0000000000000000 0000000002a4dce0
0x0000000002a4dcc0:   0000000002a4dd28 0000000002b57800
0x0000000002a4dcd0:   000000065b170298 0000000002b5f977
0x0000000002a4dce0:   0000000000000003 0000000002a4dce8
0x0000000002a4dcf0:   0000000040a8e931 0000000002a4dd38
0x0000000002a4dd00:   0000000040a90730 0000000000000000 

Instructions: (pc=0x00007ffdc9fb3716)
0x00007ffdc9fb36f6:   89 74 24 10 57 48 83 ec 30 48 8b fa 8b f1 ff 15
0x00007ffdc9fb3706:   86 3c 19 00 48 8b d8 ff 15 35 3c 19 00 48 8b c8
0x00007ffdc9fb3716:   4c 8b 00 41 ff 50 28 84 c0 75 09 48 8d 05 a0 5e
0x00007ffdc9fb3726:   12 00 eb 13 48 8d 15 8f 3f 19 00 48 8d 0d 20 2d 


Register to memory mapping:

RAX=0x0000000000000000 is an unknown value
RBX=0x0000000000000018 is an unknown value
RCX=0x0000000000000000 is an unknown value
RDX=0x0000000000000000 is an unknown value
RSP=0x0000000002a4dc10 is pointing into the stack for thread: 0x0000000002a54000
RBP=0x0000000002a4dcc0 is pointing into the stack for thread: 0x0000000002a54000
RSI=0x0000000000000003 is an unknown value
RDI=0x0000000000000000 is an unknown value
R8 =0x0000000000000003 is an unknown value
R9 =0x000000002682a000 is an unknown value
R10=0x0000000002b657c8 is at code_begin+840 in an Interpreter codelet
method entry point (kind = native)  [0x0000000002b65480, 0x0000000002b65de0]  2400 bytes
R11=0x0000000054247bb0 is an unknown value
R12=0x0000000000000000 is an unknown value
R13={method} {0x0000000040a8e9e0} '_DefaultCpuDispatcherCreate' '(I)J' in 'physx/PxTopLevelFunctions'
R14=0x0000000002a4dce0 is pointing into the stack for thread: 0x0000000002a54000
R15=0x0000000002a54000 is a thread


Stack: [0x0000000002950000,0x0000000002a50000],  sp=0x0000000002a4dc10,  free space=1015k
Native frames: (J=compiled Java code, j=interpreted, Vv=VM code, C=native code)
C  [PhysXJniBindings_64.dll+0x53716]
C  0x0000000002b657f4

Java frames: (J=compiled Java code, j=interpreted, Vv=VM code)
j  physx.PxTopLevelFunctions._DefaultCpuDispatcherCreate(I)J+0
j  physx.PxTopLevelFunctions.DefaultCpuDispatcherCreate(I)Lphysx/extensions/PxDefaultCpuDispatcher;+1
J 66960 C2 net.minecraft.client.renderer.WorldRenderer.handler$bjc000$renderChunkLayerSolid(Lnet/minecraft/client/renderer/RenderType;Lcom/mojang/blaze3d/matrix/MatrixStack;DDDLorg/spongepowered/asm/mixin/injection/callback/CallbackInfo;)V (721 bytes) @ 0x000000000d4b44dc [0x000000000d4b1560+0x2f7c]
J 54875 C2 net.minecraft.client.renderer.WorldRenderer.func_228441_a_(Lnet/minecraft/client/renderer/RenderType;Lcom/mojang/blaze3d/matrix/MatrixStack;DDD)V (186 bytes) @ 0x000000000774513c [0x00000000077449e0+0x75c]
J 68448 C2 net.minecraft.client.renderer.WorldRenderer.func_228426_a_(Lcom/mojang/blaze3d/matrix/MatrixStack;FJZLnet/minecraft/client/renderer/ActiveRenderInfo;Lnet/minecraft/client/renderer/GameRenderer;Lnet/minecraft/client/renderer/LightTexture;Lnet/minecraft/util/math/vector/Matrix4f;)V (4063 bytes) @ 0x000000000d94b68c [0x000000000d94a1e0+0x14ac]
J 69476 C2 net.minecraft.client.renderer.GameRenderer.func_228378_a_(FJLcom/mojang/blaze3d/matrix/MatrixStack;)V (707 bytes) @ 0x000000000d86cb60 [0x000000000d86b760+0x1400]
j  net.minecraft.client.renderer.GameRenderer.func_195458_a(FJZ)V+250
J 70681 C2 net.minecraft.client.Minecraft.func_195542_b(Z)V (1013 bytes) @ 0x000000000bf767e0 [0x000000000bf753e0+0x1400]
j  net.minecraft.client.Minecraft.handler$cdg000$unloadWorldScreenshot(Lnet/minecraft/client/gui/screen/Screen;Lorg/spongepowered/asm/mixin/injection/callback/CallbackInfo;)V+21
j  net.minecraft.client.Minecraft.func_213231_b(Lnet/minecraft/client/gui/screen/Screen;)V+49
j  net.minecraft.client.Minecraft.func_213254_o()V+8
j  net.minecraft.client.Minecraft.func_71405_e()V+66
j  net.minecraft.client.main.Main.main([Ljava/lang/String;)V+1445
v  ~StubRoutines::call_stub
j  sun.reflect.NativeMethodAccessorImpl.invoke0(Ljava/lang/reflect/Method;Ljava/lang/Object;[Ljava/lang/Object;)Ljava/lang/Object;+0
j  sun.reflect.NativeMethodAccessorImpl.invoke(Ljava/lang/Object;[Ljava/lang/Object;)Ljava/lang/Object;+100
J 2375 C1 sun.reflect.DelegatingMethodAccessorImpl.invoke(Ljava/lang/Object;[Ljava/lang/Object;)Ljava/lang/Object; (10 bytes) @ 0x00000000034749cc [0x00000000034748c0+0x10c]
J 2374 C1 java.lang.reflect.Method.invoke(Ljava/lang/Object;[Ljava/lang/Object;)Ljava/lang/Object; (62 bytes) @ 0x000000000347516c [0x0000000003474d80+0x3ec]
j  net.minecraftforge.fml.loading.FMLClientLaunchProvider.lambda$launchService$0(Lcpw/mods/modlauncher/api/ITransformingClassLoader;[Ljava/lang/String;)Ljava/lang/Void;+50
j  net.minecraftforge.fml.loading.FMLClientLaunchProvider$$Lambda$502.call()Ljava/lang/Object;+12
j  cpw.mods.modlauncher.LaunchServiceHandlerDecorator.launch([Ljava/lang/String;Lcpw/mods/modlauncher/api/ITransformingClassLoader;)V+11
j  cpw.mods.modlauncher.LaunchServiceHandler.launch(Ljava/lang/String;[Ljava/lang/String;Lcpw/mods/modlauncher/TransformingClassLoader;Lcpw/mods/modlauncher/LaunchPluginHandler;)V+57
j  cpw.mods.modlauncher.LaunchServiceHandler.launch(Lcpw/mods/modlauncher/ArgumentHandler;Lcpw/mods/modlauncher/TransformingClassLoader;Lcpw/mods/modlauncher/LaunchPluginHandler;)V+19
j  cpw.mods.modlauncher.Launcher.run([Ljava/lang/String;)V+116
j  cpw.mods.modlauncher.Launcher.main([Ljava/lang/String;)V+37
v  ~StubRoutines::call_stub

---------------  P R O C E S S  ---------------

Java Threads: ( => current thread )
  0x0000000133cac800 JavaThread "LavaPlayer Audio Thread" [_thread_blocked, id=32116, stack(0x000000013e9a0000,0x000000013eaa0000)]
  0x0000000133c98000 JavaThread "lava-daemon-pool-manager-12-thread-1" daemon [_thread_blocked, id=1152, stack(0x000000013e8a0000,0x000000013e9a0000)]
  0x0000000133c9f000 JavaThread "LavaPlayer Audio Thread" [_thread_blocked, id=15820, stack(0x000000013e0a0000,0x000000013e1a0000)]
  0x0000000036d0a800 JavaThread "lava-daemon-pool-manager-9-thread-1" daemon [_thread_blocked, id=12416, stack(0x000000009c150000,0x000000009c250000)]
  0x0000000036d0c800 JavaThread "ForkJoinPool.commonPool-worker-9" daemon [_thread_blocked, id=10060, stack(0x00000001578e0000,0x00000001579e0000)]
  0x0000000036d0c000 JavaThread "ForkJoinPool.commonPool-worker-14" daemon [_thread_blocked, id=19104, stack(0x00000001577e0000,0x00000001578e0000)]
  0x0000000036d0b000 JavaThread "ForkJoinPool.commonPool-worker-0" daemon [_thread_blocked, id=10920, stack(0x00000001576e0000,0x00000001577e0000)]
  0x0000000036d0f000 JavaThread "ForkJoinPool.commonPool-worker-6" daemon [_thread_blocked, id=18500, stack(0x00000001575e0000,0x00000001576e0000)]
  0x0000000036d0e000 JavaThread "ForkJoinPool.commonPool-worker-8" daemon [_thread_blocked, id=10688, stack(0x00000001574e0000,0x00000001575e0000)]
  0x0000000036d09800 JavaThread "ForkJoinPool.commonPool-worker-1" daemon [_thread_blocked, id=29052, stack(0x00000001573e0000,0x00000001574e0000)]
  0x0000000036d00800 JavaThread "ForkJoinPool.commonPool-worker-3" daemon [_thread_blocked, id=8552, stack(0x000000013e2a0000,0x000000013e3a0000)]
  0x0000000036d06000 JavaThread "ForkJoinPool.commonPool-worker-13" daemon [_thread_blocked, id=516, stack(0x00000000ade60000,0x00000000adf60000)]
  0x0000000036cf5800 JavaThread "Worker-Main-23" daemon [_thread_blocked, id=33204, stack(0x0000000092070000,0x0000000092170000)]
  0x0000000036d09000 JavaThread "Worker-Main-22" daemon [_thread_blocked, id=3300, stack(0x0000000053b00000,0x0000000053c00000)]
  0x0000000036cfc000 JavaThread "IO-Worker-21" [_thread_blocked, id=28212, stack(0x0000000162620000,0x0000000162720000)]
  0x0000000036cf7800 JavaThread "Chunk Render Task Executor #9" [_thread_blocked, id=23448, stack(0x00000000b1910000,0x00000000b1a10000)]
  0x0000000036cfb800 JavaThread "Chunk Render Task Executor #8" [_thread_blocked, id=20408, stack(0x00000000b1810000,0x00000000b1910000)]
  0x0000000036cfe800 JavaThread "Chunk Render Task Executor #7" [_thread_blocked, id=14132, stack(0x00000000b1710000,0x00000000b1810000)]
  0x0000000036cfa800 JavaThread "Chunk Render Task Executor #6" [_thread_blocked, id=27396, stack(0x00000000b1610000,0x00000000b1710000)]
  0x0000000036cf8800 JavaThread "Chunk Render Task Executor #5" [_thread_blocked, id=1824, stack(0x00000000b1510000,0x00000000b1610000)]
  0x0000000036cfd000 JavaThread "Chunk Render Task Executor #4" [_thread_blocked, id=19452, stack(0x00000000b1410000,0x00000000b1510000)]
  0x0000000036cf9000 JavaThread "Chunk Render Task Executor #3" [_thread_blocked, id=29220, stack(0x00000000add60000,0x00000000ade60000)]
  0x0000000036cfa000 JavaThread "Chunk Render Task Executor #2" [_thread_blocked, id=34064, stack(0x000000009c280000,0x000000009c380000)]
  0x0000000036cf0000 JavaThread "Chunk Render Task Executor #1" [_thread_blocked, id=28916, stack(0x000000009bdc0000,0x000000009bec0000)]
  0x0000000036cf2800 JavaThread "Chunk Render Task Executor #0" [_thread_blocked, id=33132, stack(0x000000009bcc0000,0x000000009bdc0000)]
  0x0000000036cf3000 JavaThread "Litematica Chunk Batcher 31" daemon [_thread_blocked, id=27232, stack(0x00000000b3b00000,0x00000000b3c00000)]
  0x0000000046d1f800 JavaThread "Litematica Chunk Batcher 30" daemon [_thread_blocked, id=7944, stack(0x00000000b3a00000,0x00000000b3b00000)]
  0x000000004a1ea000 JavaThread "Litematica Chunk Batcher 29" daemon [_thread_blocked, id=24448, stack(0x00000000b3900000,0x00000000b3a00000)]
  0x0000000028037000 JavaThread "Litematica Chunk Batcher 28" daemon [_thread_blocked, id=33944, stack(0x00000000b3800000,0x00000000b3900000)]
  0x0000000049bfc800 JavaThread "Litematica Chunk Batcher 27" daemon [_thread_blocked, id=23488, stack(0x00000000b3700000,0x00000000b3800000)]
  0x000000003384c800 JavaThread "Litematica Chunk Batcher 26" daemon [_thread_blocked, id=30840, stack(0x00000000b3600000,0x00000000b3700000)]
  0x000000003383e000 JavaThread "Litematica Chunk Batcher 25" daemon [_thread_blocked, id=24316, stack(0x00000000b3500000,0x00000000b3600000)]
  0x00000000380a0800 JavaThread "Litematica Chunk Batcher 24" daemon [_thread_blocked, id=4316, stack(0x00000000b3400000,0x00000000b3500000)]
  0x000000003809d800 JavaThread "Litematica Chunk Batcher 23" daemon [_thread_blocked, id=13744, stack(0x00000000b3300000,0x00000000b3400000)]
  0x00000000380a2800 JavaThread "Litematica Chunk Batcher 22" daemon [_thread_blocked, id=11316, stack(0x00000000b3200000,0x00000000b3300000)]
  0x000000006cfc5800 JavaThread "Litematica Chunk Batcher 21" daemon [_thread_blocked, id=36120, stack(0x00000000b3100000,0x00000000b3200000)]
  0x000000006cfcb800 JavaThread "Litematica Chunk Batcher 20" daemon [_thread_blocked, id=36596, stack(0x00000000b3000000,0x00000000b3100000)]
  0x000000006cfbe000 JavaThread "Litematica Chunk Batcher 19" daemon [_thread_blocked, id=27512, stack(0x00000000b2f00000,0x00000000b3000000)]
  0x000000006cfb0000 JavaThread "Litematica Chunk Batcher 18" daemon [_thread_blocked, id=15348, stack(0x00000000b2e00000,0x00000000b2f00000)]
  0x0000000133bdc000 JavaThread "Litematica Chunk Batcher 17" daemon [_thread_blocked, id=28080, stack(0x00000000b1c50000,0x00000000b1d50000)]
  0x0000000133bd2800 JavaThread "Litematica Chunk Batcher 16" daemon [_thread_blocked, id=1844, stack(0x00000000b1b50000,0x00000000b1c50000)]
  0x0000000133cab800 JavaThread "Sound engine" daemon [_thread_blocked, id=35228, stack(0x000000009c050000,0x000000009c150000)]
  0x0000000133ca4000 JavaThread "Netty Server IO #1" daemon [_thread_in_native, id=30660, stack(0x0000000091960000,0x0000000091a60000)]
  0x0000000133ca3800 JavaThread "Netty Local Client IO #0" daemon [_thread_blocked, id=16088, stack(0x0000000090290000,0x0000000090390000)]
  0x0000000133c9d800 JavaThread "Netty Server IO #0" daemon [_thread_in_native, id=15444, stack(0x000000008fbf0000,0x000000008fcf0000)]
  0x0000000035d69000 JavaThread "TF-Task-Worker-8" daemon [_thread_blocked, id=19324, stack(0x000000015e400000,0x000000015e500000)]
  0x0000000035d6e800 JavaThread "TF-Task-Worker-7" daemon [_thread_blocked, id=24008, stack(0x000000015e300000,0x000000015e400000)]
  0x000000004a1ec000 JavaThread "TF-Task-Worker-6" daemon [_thread_blocked, id=12392, stack(0x000000015e200000,0x000000015e300000)]
  0x000000004a1ed800 JavaThread "TF-Task-Worker-5" daemon [_thread_blocked, id=22316, stack(0x000000015e100000,0x000000015e200000)]
  0x0000000026210800 JavaThread "Worker-Main-19" daemon [_thread_blocked, id=35804, stack(0x000000015e000000,0x000000015e100000)]
  0x0000000026212000 JavaThread "TF-Task-Worker-4" daemon [_thread_blocked, id=22224, stack(0x000000015d680000,0x000000015d780000)]
  0x0000000028039800 JavaThread "TF-Task-Worker-3" daemon [_thread_blocked, id=30228, stack(0x000000015d580000,0x000000015d680000)]
  0x0000000028031000 JavaThread "TF-Batch-Worker-16" daemon [_thread_blocked, id=20000, stack(0x000000015d480000,0x000000015d580000)]
  0x0000000028038000 JavaThread "TF-Batch-Worker-15" daemon [_thread_blocked, id=34016, stack(0x000000015d380000,0x000000015d480000)]
  0x0000000046d22800 JavaThread "TF-Batch-Worker-14" daemon [_thread_blocked, id=15464, stack(0x000000015d280000,0x000000015d380000)]
  0x0000000046d22000 JavaThread "TF-Batch-Worker-13" daemon [_thread_blocked, id=4012, stack(0x000000015d180000,0x000000015d280000)]
  0x0000000046d24000 JavaThread "TF-Batch-Worker-12" daemon [_thread_blocked, id=18260, stack(0x000000015d080000,0x000000015d180000)]
  0x0000000046d16000 JavaThread "TF-Batch-Worker-11" daemon [_thread_blocked, id=8876, stack(0x000000015cf80000,0x000000015d080000)]
  0x0000000133be3800 JavaThread "TF-Batch-Worker-10" daemon [_thread_blocked, id=8900, stack(0x000000015ce80000,0x000000015cf80000)]
  0x0000000133be1800 JavaThread "TF-Batch-Worker-9" daemon [_thread_blocked, id=8628, stack(0x000000015cd80000,0x000000015ce80000)]
  0x0000000133be2000 JavaThread "TF-Batch-Worker-8" daemon [_thread_blocked, id=2908, stack(0x000000015cc80000,0x000000015cd80000)]
  0x0000000133be3000 JavaThread "TF-Batch-Worker-7" daemon [_thread_blocked, id=23976, stack(0x000000015cb80000,0x000000015cc80000)]
  0x0000000133bd8800 JavaThread "TF-Batch-Worker-6" daemon [_thread_blocked, id=21892, stack(0x000000015ca80000,0x000000015cb80000)]
  0x0000000133bd7800 JavaThread "TF-Batch-Worker-5" daemon [_thread_blocked, id=31872, stack(0x000000015c980000,0x000000015ca80000)]
  0x0000000133bcc800 JavaThread "TF-Batch-Worker-4" daemon [_thread_blocked, id=29960, stack(0x000000015c880000,0x000000015c980000)]
  0x0000000133bce000 JavaThread "TF-Batch-Worker-3" daemon [_thread_blocked, id=36528, stack(0x000000015c780000,0x000000015c880000)]
  0x0000000133bd1800 JavaThread "TF-Batch-Worker-1" daemon [_thread_blocked, id=34072, stack(0x000000015c680000,0x000000015c780000)]
  0x000000006cfcc800 JavaThread "TF-Batch-Worker-2" daemon [_thread_blocked, id=8064, stack(0x000000015c580000,0x000000015c680000)]
  0x000000006cfca000 JavaThread "TF-Task-Worker-2" daemon [_thread_blocked, id=35504, stack(0x000000015c480000,0x000000015c580000)]
  0x000000006cfbf800 JavaThread "TF-Task-Worker-1" daemon [_thread_blocked, id=36608, stack(0x000000015c380000,0x000000015c480000)]
  0x000000006cfb1800 JavaThread "IO-Worker-17" [_thread_blocked, id=26388, stack(0x000000013e1a0000,0x000000013e2a0000)]
  0x000000006cfb6800 JavaThread "IO-Worker-16" [_thread_blocked, id=24400, stack(0x000000013dfa0000,0x000000013e0a0000)]
  0x00000000380a2000 JavaThread "Thread-76" daemon [_thread_in_native, id=5116, stack(0x000000013b380000,0x000000013b480000)]
  0x00000000380a3800 JavaThread "Server thread" [_thread_in_Java, id=32812, stack(0x00000000adf60000,0x00000000ae060000)]
  0x00000000380a4000 JavaThread "Snooper Timer" daemon [_thread_blocked, id=13732, stack(0x0000000000d60000,0x0000000000e60000)]
  0x000000003809c000 JavaThread "Worker-Main-12" daemon [_thread_blocked, id=31896, stack(0x00000000ad690000,0x00000000ad790000)]
  0x000000003809f800 JavaThread "Worker-Main-11" daemon [_thread_blocked, id=2864, stack(0x00000000ad180000,0x00000000ad280000)]
  0x000000003809f000 JavaThread "Worker-Main-10" daemon [_thread_blocked, id=34228, stack(0x0000000053d00000,0x0000000053e00000)]
  0x000000003809b000 JavaThread "Netty Client IO #8" daemon [_thread_in_native, id=24032, stack(0x0000000043d10000,0x0000000043e10000)]
  0x000000003384d000 JavaThread "Netty Client IO #7" daemon [_thread_in_native, id=24812, stack(0x00000000390d0000,0x00000000391d0000)]
  0x000000003383f800 JavaThread "TF-Scheduler" [_thread_blocked, id=34464, stack(0x0000000038df0000,0x0000000038ef0000)]
  0x000000003384b000 JavaThread "Netty Client IO #6" daemon [_thread_in_native, id=26620, stack(0x0000000053a00000,0x0000000053b00000)]
  0x0000000033848800 JavaThread "Netty Client IO #5" daemon [_thread_in_native, id=15540, stack(0x0000000048a00000,0x0000000048b00000)]
  0x0000000033848000 JavaThread "Server Pinger #4" daemon [_thread_blocked, id=1700, stack(0x000000003e510000,0x000000003e610000)]
  0x0000000049bfa000 JavaThread "pool-12-thread-1" [_thread_blocked, id=560, stack(0x0000000145c80000,0x0000000145d80000)]
  0x0000000038099000 JavaThread "ForkJoinPool.commonPool-worker-12" daemon [_thread_blocked, id=14056, stack(0x000000013e7a0000,0x000000013e8a0000)]
  0x000000003809c800 JavaThread "ForkJoinPool.commonPool-worker-5" daemon [_thread_blocked, id=14944, stack(0x000000013e6a0000,0x000000013e7a0000)]
  0x000000006cfcb000 JavaThread "ForkJoinPool.commonPool-worker-4" daemon [_thread_blocked, id=19448, stack(0x000000013dda0000,0x000000013dea0000)]
  0x000000006cfaf000 JavaThread "Netty Client IO #4" daemon [_thread_in_native, id=24532, stack(0x00000000e5000000,0x00000000e5100000)]
  0x0000000046d21000 JavaThread "Netty Client IO #3" daemon [_thread_in_native, id=21080, stack(0x000000008e6e0000,0x000000008e7e0000)]
  0x0000000046d1c000 JavaThread "Netty Client IO #2" daemon [_thread_in_native, id=33408, stack(0x000000009bf50000,0x000000009c050000)]
  0x0000000033846800 JavaThread "Netty Client IO #1" daemon [_thread_in_native, id=26716, stack(0x0000000099c10000,0x0000000099d10000)]
  0x0000000028034000 JavaThread "Netty Client IO #0" daemon [_thread_in_native, id=20492, stack(0x0000000099910000,0x0000000099a10000)]
  0x000000002803a000 JavaThread "ObjectCleanerThread" daemon [_thread_blocked, id=4272, stack(0x0000000099810000,0x0000000099910000)]
  0x000000002802c800 JavaThread "Server Pinger #3" daemon [_thread_blocked, id=12980, stack(0x0000000097b50000,0x0000000097c50000)]
  0x0000000028033000 JavaThread "Server Pinger #2" daemon [_thread_blocked, id=21868, stack(0x0000000091860000,0x0000000091960000)]
  0x0000000049bff800 JavaThread "Server Pinger #1" daemon [_thread_blocked, id=1196, stack(0x0000000091760000,0x0000000091860000)]
  0x0000000049c00000 JavaThread "Thread-65" daemon [_thread_in_native, id=13456, stack(0x00000000907b0000,0x00000000908b0000)]
  0x0000000049bfe800 JavaThread "Server Pinger #0" daemon [_thread_blocked, id=4268, stack(0x000000008ef50000,0x000000008f050000)]
  0x0000000049bfb800 JavaThread "spark-worker-pool-1-thread-4" daemon [_thread_blocked, id=36032, stack(0x0000000043c10000,0x0000000043d10000)]
  0x0000000049bfb000 JavaThread "lava-daemon-pool-playback-4-thread-1" daemon [_thread_blocked, id=28532, stack(0x0000000043b10000,0x0000000043c10000)]
  0x000000004a1e8800 JavaThread "spark-worker-pool-1-thread-3" daemon [_thread_blocked, id=13332, stack(0x00000000288d0000,0x00000000289d0000)]
  0x000000004a1ee800 JavaThread "Thread-62" daemon [_thread_blocked, id=25304, stack(0x000000006d530000,0x000000006d630000)]
  0x000000004a1ed000 JavaThread "Java2D Disposer" daemon [_thread_blocked, id=32032, stack(0x000000006bef0000,0x000000006bff0000)]
  0x0000000046d1a800 JavaThread "Thread-60" daemon [_thread_blocked, id=24988, stack(0x000000006c200000,0x000000006c300000)]
  0x0000000033842800 JavaThread "spark-worker-pool-1-thread-2" daemon [_thread_blocked, id=29664, stack(0x000000006d430000,0x000000006d530000)]
  0x0000000033842000 JavaThread "spark-worker-pool-1-thread-1" daemon [_thread_blocked, id=14444, stack(0x000000006c360000,0x000000006c460000)]
  0x0000000033845800 JavaThread "spark-monitor" daemon [_thread_blocked, id=1568, stack(0x000000006a260000,0x000000006a360000)]
  0x0000000035d6a000 JavaThread "pool-5-thread-1" [_thread_blocked, id=7960, stack(0x000000006a070000,0x000000006a170000)]
  0x0000000035d71800 JavaThread "Thread-56" daemon [_thread_in_native, id=23148, stack(0x00000000611a0000,0x00000000612a0000)]
  0x0000000035d70800 JavaThread "Thread-55" daemon [_thread_in_native, id=18072, stack(0x0000000056360000,0x0000000056460000)]
  0x0000000035d70000 JavaThread "Thread-54" daemon [_thread_in_native, id=24888, stack(0x0000000055fa0000,0x00000000560a0000)]
  0x0000000035d6f000 JavaThread "Thread-53" daemon [_thread_in_native, id=13376, stack(0x0000000054ab0000,0x0000000054bb0000)]
  0x0000000035d6a800 JavaThread "Thread-52" daemon [_thread_in_native, id=26984, stack(0x0000000056fd0000,0x00000000570d0000)]
  0x0000000035d6b800 JavaThread "Thread-51" daemon [_thread_in_native, id=33188, stack(0x00000000549b0000,0x0000000054ab0000)]
  0x0000000035d6c000 JavaThread "Thread-50" daemon [_thread_in_native, id=25336, stack(0x00000000548b0000,0x00000000549b0000)]
  0x0000000046d23800 JavaThread "Config Lib config file watcher" daemon [_thread_blocked, id=36440, stack(0x00000000528f0000,0x00000000529f0000)]
  0x0000000046d1e000 JavaThread "Thread-47" daemon [_thread_in_native, id=19016, stack(0x0000000052a10000,0x0000000052b10000)]
  0x0000000046d19000 JavaThread "pool-4-thread-16" [_thread_blocked, id=8556, stack(0x000000004d3a0000,0x000000004d4a0000)]
  0x0000000046d18000 JavaThread "pool-4-thread-15" [_thread_blocked, id=4104, stack(0x000000004d2a0000,0x000000004d3a0000)]
  0x000000002802d000 JavaThread "pool-4-thread-14" [_thread_blocked, id=33528, stack(0x000000003f110000,0x000000003f210000)]
  0x0000000028031800 JavaThread "pool-4-thread-13" [_thread_blocked, id=6004, stack(0x000000004cba0000,0x000000004cca0000)]
  0x0000000037aa7000 JavaThread "pool-4-thread-12" [_thread_blocked, id=18316, stack(0x000000004c8a0000,0x000000004c9a0000)]
  0x0000000037aa6800 JavaThread "pool-4-thread-11" [_thread_blocked, id=4808, stack(0x000000004c5a0000,0x000000004c6a0000)]
  0x0000000037aa2800 JavaThread "pool-4-thread-10" [_thread_blocked, id=14640, stack(0x000000004bf90000,0x000000004c090000)]
  0x0000000037aa5800 JavaThread "pool-4-thread-9" [_thread_blocked, id=32348, stack(0x000000004c0a0000,0x000000004c1a0000)]
  0x0000000037aa2000 JavaThread "Thread-45" daemon [_thread_in_native, id=36260, stack(0x000000004be90000,0x000000004bf90000)]
  0x0000000037aa4000 JavaThread "Thread-44" daemon [_thread_in_native, id=17380, stack(0x000000004bd90000,0x000000004be90000)]
  0x0000000037aa3800 JavaThread "Thread-43" daemon [_thread_in_native, id=21516, stack(0x000000004bc90000,0x000000004bd90000)]
  0x0000000037a9a000 JavaThread "pool-4-thread-8" [_thread_blocked, id=31092, stack(0x000000004b990000,0x000000004ba90000)]
  0x0000000037a9b800 JavaThread "Thread-42" daemon [_thread_in_native, id=26604, stack(0x000000004b890000,0x000000004b990000)]
  0x0000000037aa1000 JavaThread "Thread-41" daemon [_thread_in_native, id=18296, stack(0x00000000490e0000,0x00000000491e0000)]
  0x0000000037aa0000 JavaThread "Thread-40" daemon [_thread_in_native, id=35200, stack(0x000000004b790000,0x000000004b890000)]
  0x0000000037a99800 JavaThread "Thread-39" daemon [_thread_in_native, id=29328, stack(0x000000004b480000,0x000000004b580000)]
  0x0000000037a98800 JavaThread "Thread-38" daemon [_thread_in_native, id=4732, stack(0x000000004b380000,0x000000004b480000)]
  0x0000000037a9b000 JavaThread "Thread-37" daemon [_thread_in_native, id=5264, stack(0x000000004adc0000,0x000000004aec0000)]
  0x0000000037a9f800 JavaThread "Thread-36" daemon [_thread_in_native, id=23600, stack(0x000000004b280000,0x000000004b380000)]
  0x0000000037a98000 JavaThread "pool-4-thread-7" [_thread_blocked, id=25156, stack(0x000000004af80000,0x000000004b080000)]
  0x0000000037a9e800 JavaThread "Thread-35" daemon [_thread_in_native, id=25324, stack(0x000000004acc0000,0x000000004adc0000)]
  0x0000000037a9e000 JavaThread "pool-4-thread-6" [_thread_blocked, id=10524, stack(0x000000004abc0000,0x000000004acc0000)]
  0x0000000037a9c800 JavaThread "pool-4-thread-5" [_thread_blocked, id=15892, stack(0x000000004aac0000,0x000000004abc0000)]
  0x0000000037a9d000 JavaThread "Thread-34" daemon [_thread_in_native, id=10396, stack(0x000000004a550000,0x000000004a650000)]
  0x0000000033843800 JavaThread "pool-4-thread-4" [_thread_blocked, id=4292, stack(0x0000000048690000,0x0000000048790000)]
  0x000000002620e800 JavaThread "Thread-32" daemon [_thread_in_native, id=3316, stack(0x00000000483f0000,0x00000000484f0000)]
  0x0000000036b0c800 JavaThread "Thread-31" daemon [_thread_in_native, id=14416, stack(0x0000000047c00000,0x0000000047d00000)]
  0x0000000036b0b800 JavaThread "Thread-30" daemon [_thread_in_native, id=4692, stack(0x0000000049480000,0x0000000049580000)]
  0x0000000036b0e800 JavaThread "pool-4-thread-3" [_thread_blocked, id=34204, stack(0x0000000044010000,0x0000000044110000)]
  0x0000000036b0b000 JavaThread "pool-4-thread-2" [_thread_blocked, id=26768, stack(0x0000000048de0000,0x0000000048ee0000)]
  0x0000000036b0a000 JavaThread "pool-4-thread-1" [_thread_blocked, id=9880, stack(0x0000000048ce0000,0x0000000048de0000)]
  0x0000000036b09800 JavaThread "Thread-29" daemon [_thread_in_native, id=34812, stack(0x0000000048590000,0x0000000048690000)]
  0x0000000036b0e000 JavaThread "Thread-28" daemon [_thread_in_native, id=18628, stack(0x0000000045e70000,0x0000000045f70000)]
  0x0000000036b0d000 JavaThread "Thread-27" daemon [_thread_blocked, id=12800, stack(0x00000000448e0000,0x00000000449e0000)]
  0x0000000036b08000 JavaThread "Java Sound Event Dispatcher" daemon [_thread_blocked, id=1088, stack(0x0000000044370000,0x0000000044470000)]
  0x0000000028036000 JavaThread "Thread-25" daemon [_thread_blocked, id=10344, stack(0x00000000444a0000,0x00000000445a0000)]
  0x0000000028038800 JavaThread "lava-daemon-pool-info-loader-5-thread-5" daemon [_thread_blocked, id=18064, stack(0x0000000043a10000,0x0000000043b10000)]
  0x000000002802b000 JavaThread "LavaPlayer Audio Thread" daemon [_thread_blocked, id=24000, stack(0x0000000040e20000,0x0000000040f20000)]
  0x000000002802e000 JavaThread "lava-daemon-pool-manager-6-thread-1" daemon [_thread_blocked, id=31456, stack(0x0000000040d20000,0x0000000040e20000)]
  0x000000002802f800 JavaThread "LavaPlayer Audio Thread" daemon [_thread_blocked, id=27320, stack(0x0000000040820000,0x0000000040920000)]
  0x000000002802b800 JavaThread "Thread-24" daemon [_thread_in_native, id=31768, stack(0x000000003fb10000,0x000000003fc10000)]
  0x000000002802e800 JavaThread "lava-daemon-pool-manager-3-thread-1" daemon [_thread_blocked, id=6336, stack(0x000000003fe10000,0x000000003ff10000)]
  0x0000000033841000 JavaThread "Snooper Timer" daemon [_thread_blocked, id=32, stack(0x0000000036430000,0x0000000036530000)]
  0x0000000033845000 JavaThread "Timer hack thread" daemon [_thread_blocked, id=26124, stack(0x00000000350f0000,0x00000000351f0000)]
  0x0000000026211800 JavaThread "Thread-20" daemon [_thread_in_native, id=16572, stack(0x0000000039f50000,0x000000003a050000)]
  0x0000000026206000 JavaThread "Thread-19" daemon [_thread_in_native, id=10012, stack(0x0000000039e50000,0x0000000039f50000)]
  0x000000002620d000 JavaThread "Thread-18" daemon [_thread_in_native, id=12036, stack(0x0000000039d50000,0x0000000039e50000)]
  0x000000002620a000 JavaThread "Thread-17" daemon [_thread_in_native, id=33972, stack(0x0000000039c50000,0x0000000039d50000)]
  0x000000002620c000 JavaThread "Thread-16" daemon [_thread_in_native, id=25096, stack(0x0000000039b50000,0x0000000039c50000)]
  0x0000000026207000 JavaThread "Thread-15" daemon [_thread_in_native, id=8120, stack(0x0000000039a50000,0x0000000039b50000)]
  0x0000000026204800 JavaThread "Thread-14" daemon [_thread_in_native, id=33156, stack(0x0000000039950000,0x0000000039a50000)]
  0x0000000026209000 JavaThread "Thread-13" daemon [_thread_in_native, id=10888, stack(0x0000000039850000,0x0000000039950000)]
  0x000000002620b800 JavaThread "Thread-12" daemon [_thread_in_native, id=11060, stack(0x0000000039750000,0x0000000039850000)]
  0x000000002620a800 JavaThread "Thread-11" daemon [_thread_in_native, id=25624, stack(0x0000000039650000,0x0000000039750000)]
  0x0000000026203000 JavaThread "Thread-10" daemon [_thread_in_native, id=15380, stack(0x0000000039550000,0x0000000039650000)]
  0x0000000026205800 JavaThread "Thread-9" daemon [_thread_in_native, id=18556, stack(0x0000000039450000,0x0000000039550000)]
  0x0000000026208800 JavaThread "Thread-8" daemon [_thread_in_native, id=23312, stack(0x0000000039350000,0x0000000039450000)]
  0x000000002854d800 JavaThread "Thread-7" daemon [_thread_in_native, id=9388, stack(0x0000000039250000,0x0000000039350000)]
  0x00000000261e7800 JavaThread "Thread-6" daemon [_thread_in_native, id=15284, stack(0x0000000038f60000,0x0000000039060000)]
  0x0000000032113800 JavaThread "Thread-5" daemon [_thread_in_native, id=31832, stack(0x0000000038aa0000,0x0000000038ba0000)]
  0x00000000352ca800 JavaThread "Thread-4" daemon [_thread_in_native, id=9768, stack(0x0000000038780000,0x0000000038880000)]
  0x0000000026d42800 JavaThread "Thread-2" daemon [_thread_in_native, id=13980, stack(0x0000000028cd0000,0x0000000028dd0000)]
  0x0000000027aef000 JavaThread "Thread-1" daemon [_thread_blocked, id=1160, stack(0x0000000028bd0000,0x0000000028cd0000)]
  0x0000000022e9c800 JavaThread "Service Thread" daemon [_thread_blocked, id=9224, stack(0x00000000255f0000,0x00000000256f0000)]
  0x0000000022dbe000 JavaThread "C1 CompilerThread11" daemon [_thread_blocked, id=23476, stack(0x00000000254f0000,0x00000000255f0000)]
  0x0000000022dbc800 JavaThread "C1 CompilerThread10" daemon [_thread_blocked, id=36072, stack(0x00000000253f0000,0x00000000254f0000)]
  0x0000000022dbb800 JavaThread "C1 CompilerThread9" daemon [_thread_blocked, id=26312, stack(0x00000000252f0000,0x00000000253f0000)]
  0x0000000022dba000 JavaThread "C1 CompilerThread8" daemon [_thread_blocked, id=21872, stack(0x00000000250f0000,0x00000000251f0000)]
  0x0000000022dbe800 JavaThread "C2 CompilerThread7" daemon [_thread_blocked, id=18060, stack(0x0000000024ff0000,0x00000000250f0000)]
  0x0000000022dbd000 JavaThread "C2 CompilerThread6" daemon [_thread_blocked, id=30620, stack(0x0000000024ef0000,0x0000000024ff0000)]
  0x0000000022db9800 JavaThread "C2 CompilerThread5" daemon [_thread_blocked, id=17608, stack(0x0000000024df0000,0x0000000024ef0000)]
  0x0000000022db8800 JavaThread "C2 CompilerThread4" daemon [_thread_blocked, id=5684, stack(0x0000000024cf0000,0x0000000024df0000)]
  0x0000000022dbb000 JavaThread "C2 CompilerThread3" daemon [_thread_blocked, id=35396, stack(0x0000000024bf0000,0x0000000024cf0000)]
  0x0000000022db8000 JavaThread "C2 CompilerThread2" daemon [_thread_blocked, id=14188, stack(0x0000000024af0000,0x0000000024bf0000)]
  0x0000000022db2000 JavaThread "C2 CompilerThread1" daemon [_thread_blocked, id=28320, stack(0x00000000249f0000,0x0000000024af0000)]
  0x0000000022dae000 JavaThread "C2 CompilerThread0" daemon [_thread_blocked, id=3964, stack(0x00000000248f0000,0x00000000249f0000)]
  0x0000000022dad800 JavaThread "Attach Listener" daemon [_thread_blocked, id=33824, stack(0x00000000247f0000,0x00000000248f0000)]
  0x0000000022da9800 JavaThread "Signal Dispatcher" daemon [_thread_blocked, id=17384, stack(0x00000000246f0000,0x00000000247f0000)]
  0x0000000021313000 JavaThread "Finalizer" daemon [_thread_blocked, id=9040, stack(0x00000000245f0000,0x00000000246f0000)]
  0x000000002130a000 JavaThread "Reference Handler" daemon [_thread_blocked, id=15568, stack(0x00000000244f0000,0x00000000245f0000)]
=>0x0000000002a54000 JavaThread "Render thread" [_thread_in_native, id=10600, stack(0x0000000002950000,0x0000000002a50000)]

Other Threads:
  0x0000000022d74000 VMThread [stack: 0x00000000243f0000,0x00000000244f0000] [id=5304]
  0x0000000022e88000 WatcherThread [stack: 0x00000000256f0000,0x00000000257f0000] [id=1080]

VM state:not at safepoint (normal execution)

VM Mutex/Monitor currently owned by a thread: None

Heap:
 PSYoungGen      total 1208320K, used 115163K [0x0000000742000000, 0x000000079cc80000, 0x00000007c0000000)
  eden space 960000K, 9% used [0x0000000742000000,0x0000000747485a08,0x000000077c980000)
  from space 248320K, 11% used [0x000000078da00000,0x000000078f5f12f0,0x000000079cc80000)
  to   space 263680K, 0% used [0x000000077c980000,0x000000077c980000,0x000000078cb00000)
 ParOldGen       total 4128768K, used 3267594K [0x0000000646000000, 0x0000000742000000, 0x0000000742000000)
  object space 4128768K, 79% used [0x0000000646000000,0x000000070d702938,0x0000000742000000)
 Metaspace       used 283838K, capacity 328048K, committed 328704K, reserved 1318912K
  class space    used 48076K, capacity 59106K, committed 59392K, reserved 1048576K

Card table byte_map: [0x0000000011f10000,0x0000000012af0000] byte_map_base: 0x000000000ece0000

Marking Bits: (ParMarkBitMap*) 0x0000000054824040
 Begin Bits: [0x0000000013fd0000, 0x0000000019e50000)
 End Bits:   [0x0000000019e50000, 0x000000001fcd0000)

Polling page: 0x0000000000f70000

CodeCache: size=245760Kb used=181782Kb max_used=182571Kb free=63977Kb
 bounds [0x0000000002b50000, 0x000000000ded0000, 0x0000000011b50000]
 total_blobs=48896 nmethods=46034 adapters=2761
 compilation: enabled

Compilation events (10 events):
Event: 3382.852 Thread 0x0000000022dbc800 70810       3       net.minecraft.world.server.ChunkManager::func_222952_e (20 bytes)
Event: 3382.852 Thread 0x0000000022dbc800 nmethod 70810 0x000000000b396cd0 code [0x000000000b396e40, 0x000000000b3971f0]
Event: 3382.852 Thread 0x0000000022dba000 nmethod 70811 0x000000000b3967d0 code [0x000000000b396940, 0x000000000b396be8]
Event: 3382.852 Thread 0x0000000022dbe000 nmethod 70805 0x000000000d049ed0 code [0x000000000d04a0c0, 0x000000000d04a9c8]
Event: 3382.865 Thread 0x0000000022dbc800 70812   !   3       org.apache.logging.log4j.spi.AbstractLogger::logMessageTrackRecursion (34 bytes)
Event: 3382.866 Thread 0x0000000022dbc800 nmethod 70812 0x000000000da84590 code [0x000000000da847e0, 0x000000000da85548]
Event: 3382.906 Thread 0x0000000022dba000 70813       1       net.minecraftforge.common.loot.GlobalLootModifierSerializer::getRegistryName (5 bytes)
Event: 3382.906 Thread 0x0000000022dbe800 nmethod 70799 0x000000000dc99590 code [0x000000000dc99f40, 0x000000000dca0ee0]
Event: 3382.906 Thread 0x0000000022dba000 nmethod 70813 0x0000000005ddda10 code [0x0000000005dddb60, 0x0000000005dddc70]
Event: 3382.939 Thread 0x0000000022db2000 nmethod 70803 0x000000000dd43910 code [0x000000000dd43f20, 0x000000000dd47cd8]

GC Heap History (10 events):
Event: 3371.094 GC heap before
{Heap before GC invocations=564 (full 10):
 PSYoungGen      total 951808K, used 951447K [0x0000000742000000, 0x00000007a5300000, 0x00000007c0000000)
  eden space 925184K, 100% used [0x0000000742000000,0x000000077a780000,0x000000077a780000)
  from space 26624K, 98% used [0x000000077a780000,0x000000077c125ce8,0x000000077c180000)
  to   space 343040K, 0% used [0x0000000790400000,0x0000000790400000,0x00000007a5300000)
 ParOldGen       total 4128768K, used 3264473K [0x0000000646000000, 0x0000000742000000, 0x0000000742000000)
  object space 4128768K, 79% used [0x0000000646000000,0x000000070d3f6710,0x0000000742000000)
 Metaspace       used 283574K, capacity 327502K, committed 328192K, reserved 1318912K
  class space    used 48037K, capacity 59017K, committed 59392K, reserved 1048576K
Event: 3371.112 GC heap after
Heap after GC invocations=564 (full 10):
 PSYoungGen      total 1247232K, used 24455K [0x0000000742000000, 0x00000007a3280000, 0x00000007c0000000)
  eden space 937472K, 0% used [0x0000000742000000,0x0000000742000000,0x000000077b380000)
  from space 309760K, 7% used [0x0000000790400000,0x0000000791be1cd0,0x00000007a3280000)
  to   space 327168K, 0% used [0x000000077b380000,0x000000077b380000,0x000000078f300000)
 ParOldGen       total 4128768K, used 3265625K [0x0000000646000000, 0x0000000742000000, 0x0000000742000000)
  object space 4128768K, 79% used [0x0000000646000000,0x000000070d516728,0x0000000742000000)
 Metaspace       used 283574K, capacity 327502K, committed 328192K, reserved 1318912K
  class space    used 48037K, capacity 59017K, committed 59392K, reserved 1048576K
}
Event: 3373.808 GC heap before
{Heap before GC invocations=565 (full 10):
 PSYoungGen      total 1247232K, used 961927K [0x0000000742000000, 0x00000007a3280000, 0x00000007c0000000)
  eden space 937472K, 100% used [0x0000000742000000,0x000000077b380000,0x000000077b380000)
  from space 309760K, 7% used [0x0000000790400000,0x0000000791be1cd0,0x00000007a3280000)
  to   space 327168K, 0% used [0x000000077b380000,0x000000077b380000,0x000000078f300000)
 ParOldGen       total 4128768K, used 3265625K [0x0000000646000000, 0x0000000742000000, 0x0000000742000000)
  object space 4128768K, 79% used [0x0000000646000000,0x000000070d516728,0x0000000742000000)
 Metaspace       used 283613K, capacity 327586K, committed 328448K, reserved 1318912K
  class space    used 48037K, capacity 59017K, committed 59392K, reserved 1048576K
Event: 3373.824 GC heap after
Heap after GC invocations=565 (full 10):
 PSYoungGen      total 961536K, used 23687K [0x0000000742000000, 0x00000007a1e00000, 0x00000007c0000000)
  eden space 937472K, 0% used [0x0000000742000000,0x0000000742000000,0x000000077b380000)
  from space 24064K, 98% used [0x000000077b380000,0x000000077caa1d00,0x000000077cb00000)
  to   space 310784K, 0% used [0x000000078ee80000,0x000000078ee80000,0x00000007a1e00000)
 ParOldGen       total 4128768K, used 3266457K [0x0000000646000000, 0x0000000742000000, 0x0000000742000000)
  object space 4128768K, 79% used [0x0000000646000000,0x000000070d5e67e8,0x0000000742000000)
 Metaspace       used 283613K, capacity 327586K, committed 328448K, reserved 1318912K
  class space    used 48037K, capacity 59017K, committed 59392K, reserved 1048576K
}
Event: 3376.853 GC heap before
{Heap before GC invocations=566 (full 10):
 PSYoungGen      total 961536K, used 961159K [0x0000000742000000, 0x00000007a1e00000, 0x00000007c0000000)
  eden space 937472K, 100% used [0x0000000742000000,0x000000077b380000,0x000000077b380000)
  from space 24064K, 98% used [0x000000077b380000,0x000000077caa1d00,0x000000077cb00000)
  to   space 310784K, 0% used [0x000000078ee80000,0x000000078ee80000,0x00000007a1e00000)
 ParOldGen       total 4128768K, used 3266457K [0x0000000646000000, 0x0000000742000000, 0x0000000742000000)
  object space 4128768K, 79% used [0x0000000646000000,0x000000070d5e67e8,0x0000000742000000)
 Metaspace       used 283631K, capacity 327654K, committed 328448K, reserved 1318912K
  class space    used 48037K, capacity 59017K, committed 59392K, reserved 1048576K
Event: 3376.870 GC heap after
Heap after GC invocations=566 (full 10):
 PSYoungGen      total 1227264K, used 24039K [0x0000000742000000, 0x000000079fe80000, 0x00000007c0000000)
  eden space 948736K, 0% used [0x0000000742000000,0x0000000742000000,0x000000077be80000)
  from space 278528K, 8% used [0x000000078ee80000,0x00000007905f9ca0,0x000000079fe80000)
  to   space 294912K, 0% used [0x000000077be80000,0x000000077be80000,0x000000078de80000)
 ParOldGen       total 4128768K, used 3266942K [0x0000000646000000, 0x0000000742000000, 0x0000000742000000)
  object space 4128768K, 79% used [0x0000000646000000,0x000000070d65f818,0x0000000742000000)
 Metaspace       used 283631K, capacity 327654K, committed 328448K, reserved 1318912K
  class space    used 48037K, capacity 59017K, committed 59392K, reserved 1048576K
}
Event: 3379.912 GC heap before
{Heap before GC invocations=567 (full 10):
 PSYoungGen      total 1227264K, used 972775K [0x0000000742000000, 0x000000079fe80000, 0x00000007c0000000)
  eden space 948736K, 100% used [0x0000000742000000,0x000000077be80000,0x000000077be80000)
  from space 278528K, 8% used [0x000000078ee80000,0x00000007905f9ca0,0x000000079fe80000)
  to   space 294912K, 0% used [0x000000077be80000,0x000000077be80000,0x000000078de80000)
 ParOldGen       total 4128768K, used 3266942K [0x0000000646000000, 0x0000000742000000, 0x0000000742000000)
  object space 4128768K, 79% used [0x0000000646000000,0x000000070d65f818,0x0000000742000000)
 Metaspace       used 283641K, capacity 327658K, committed 328448K, reserved 1318912K
  class space    used 48037K, capacity 59017K, committed 59392K, reserved 1048576K
Event: 3379.927 GC heap after
Heap after GC invocations=567 (full 10):
 PSYoungGen      total 972800K, used 23756K [0x0000000742000000, 0x000000079eb00000, 0x00000007c0000000)
  eden space 948736K, 0% used [0x0000000742000000,0x0000000742000000,0x000000077be80000)
  from space 24064K, 98% used [0x000000077be80000,0x000000077d5b3270,0x000000077d600000)
  to   space 279552K, 0% used [0x000000078da00000,0x000000078da00000,0x000000079eb00000)
 ParOldGen       total 4128768K, used 3267382K [0x0000000646000000, 0x0000000742000000, 0x0000000742000000)
  object space 4128768K, 79% used [0x0000000646000000,0x000000070d6cd8f0,0x0000000742000000)
 Metaspace       used 283641K, capacity 327658K, committed 328448K, reserved 1318912K
  class space    used 48037K, capacity 59017K, committed 59392K, reserved 1048576K
}
Event: 3382.913 GC heap before
{Heap before GC invocations=568 (full 10):
 PSYoungGen      total 972800K, used 972492K [0x0000000742000000, 0x000000079eb00000, 0x00000007c0000000)
  eden space 948736K, 100% used [0x0000000742000000,0x000000077be80000,0x000000077be80000)
  from space 24064K, 98% used [0x000000077be80000,0x000000077d5b3270,0x000000077d600000)
  to   space 279552K, 0% used [0x000000078da00000,0x000000078da00000,0x000000079eb00000)
 ParOldGen       total 4128768K, used 3267382K [0x0000000646000000, 0x0000000742000000, 0x0000000742000000)
  object space 4128768K, 79% used [0x0000000646000000,0x000000070d6cd8f0,0x0000000742000000)
 Metaspace       used 283817K, capacity 328018K, committed 328704K, reserved 1318912K
  class space    used 48074K, capacity 59103K, committed 59392K, reserved 1048576K
Event: 3382.933 GC heap after
Heap after GC invocations=568 (full 10):
 PSYoungGen      total 1208320K, used 28612K [0x0000000742000000, 0x000000079cc80000, 0x00000007c0000000)
  eden space 960000K, 0% used [0x0000000742000000,0x0000000742000000,0x000000077c980000)
  from space 248320K, 11% used [0x000000078da00000,0x000000078f5f12f0,0x000000079cc80000)
  to   space 263680K, 0% used [0x000000077c980000,0x000000077c980000,0x000000078cb00000)
 ParOldGen       total 4128768K, used 3267594K [0x0000000646000000, 0x0000000742000000, 0x0000000742000000)
  object space 4128768K, 79% used [0x0000000646000000,0x000000070d702938,0x0000000742000000)
 Metaspace       used 283817K, capacity 328018K, committed 328704K, reserved 1318912K
  class space    used 48074K, capacity 59103K, committed 59392K, reserved 1048576K
}

Deoptimization events (10 events):
Event: 3382.784 Thread 0x000000006cfb1800 Uncommon trap: reason=bimorphic action=maybe_recompile pc=0x000000000d40caf8 method=net.minecraft.world.chunk.storage.IOWorker.func_235972_a_(Lnet/minecraft/util/concurrent/ITaskExecutor;Ljava/util/function/Supplier;)V @ 12
Event: 3382.787 Thread 0x000000006cfb9000 Uncommon trap: reason=unstable_if action=reinterpret pc=0x000000000c36ea58 method=java.util.concurrent.SynchronousQueue$TransferStack.awaitFulfill(Ljava/util/concurrent/SynchronousQueue$TransferStack$SNode;ZJ)Ljava/util/concurrent/SynchronousQueue$Transfer Z3è’mª@
Event: 3382.787 Thread 0x000000006cfb9000 Uncommon trap: reason=unstable_if action=reinterpret pc=0x000000000d324c04 method=java.util.concurrent.SynchronousQueue.poll(JLjava/util/concurrent/TimeUnit;)Ljava/lang/Object; @ 18
Event: 3382.854 Thread 0x00000000380a3800 Uncommon trap: reason=class_check action=maybe_recompile pc=0x00000000073a60ec method=net.minecraft.util.concurrent.ITaskExecutor.func_213141_a(Ljava/util/function/Function;)Ljava/util/concurrent/CompletableFuture; @ 25
Event: 3382.857 Thread 0x00000000380a3800 Uncommon trap: reason=class_check action=maybe_recompile pc=0x00000000073a60ec method=net.minecraft.util.concurrent.ITaskExecutor.func_213141_a(Ljava/util/function/Function;)Ljava/util/concurrent/CompletableFuture; @ 25
Event: 3382.864 Thread 0x00000000380a3800 Uncommon trap: reason=class_check action=maybe_recompile pc=0x00000000073a60ec method=net.minecraft.util.concurrent.ITaskExecutor.func_213141_a(Ljava/util/function/Function;)Ljava/util/concurrent/CompletableFuture; @ 25
Event: 3382.864 Thread 0x00000000380a3800 Uncommon trap: reason=class_check action=maybe_recompile pc=0x00000000073a60ec method=net.minecraft.util.concurrent.ITaskExecutor.func_213141_a(Ljava/util/function/Function;)Ljava/util/concurrent/CompletableFuture; @ 25
Event: 3382.977 Thread 0x0000000002a54000 Uncommon trap: reason=uninitialized action=reinterpret pc=0x000000000db9bd80 method=net.minecraft.client.renderer.GameRenderer.func_195458_a(FJZ)V @ 845
Event: 3382.980 Thread 0x0000000002a54000 Uncommon trap: reason=unstable_if action=reinterpret pc=0x0000000005bb3294 method=java.lang.ref.SoftReference.get()Ljava/lang/Object; @ 6
Event: 3382.983 Thread 0x0000000035d73000 Uncommon trap: reason=unstable_if action=reinterpret pc=0x000000000b8e7dcc method=dev.tr7zw.entityculling.CullTask.run()V @ 7

Internal exceptions (10 events):
Event: 3382.789 Thread 0x00000000380a3800 Exception <a 'sun/nio/fs/WindowsException'> (0x0000000779746a20) thrown at [C:\re\workspace\8-2-build-windows-amd64-cygwin\jdk8u51\3951\hotspot\src\share\vm\prims\jni.cpp, line 709]
Event: 3382.789 Thread 0x00000000380a3800 Exception <a 'sun/nio/fs/WindowsException'> (0x0000000779747330) thrown at [C:\re\workspace\8-2-build-windows-amd64-cygwin\jdk8u51\3951\hotspot\src\share\vm\prims\jni.cpp, line 709]
Event: 3382.846 Thread 0x00000000380a3800 Exception <a 'sun/nio/fs/WindowsException'> (0x000000077a0682e0) thrown at [C:\re\workspace\8-2-build-windows-amd64-cygwin\jdk8u51\3951\hotspot\src\share\vm\prims\jni.cpp, line 709]
Event: 3382.847 Thread 0x00000000380a3800 Exception <a 'sun/nio/fs/WindowsException'> (0x000000077a0689f8) thrown at [C:\re\workspace\8-2-build-windows-amd64-cygwin\jdk8u51\3951\hotspot\src\share\vm\prims\jni.cpp, line 709]
Event: 3382.847 Thread 0x00000000380a3800 Exception <a 'sun/nio/fs/WindowsException'> (0x000000077a068be0) thrown at [C:\re\workspace\8-2-build-windows-amd64-cygwin\jdk8u51\3951\hotspot\src\share\vm\prims\jni.cpp, line 709]
Event: 3382.847 Thread 0x00000000380a3800 Exception <a 'sun/nio/fs/WindowsException'> (0x000000077a0691d0) thrown at [C:\re\workspace\8-2-build-windows-amd64-cygwin\jdk8u51\3951\hotspot\src\share\vm\prims\jni.cpp, line 709]
Event: 3382.847 Thread 0x00000000380a3800 Exception <a 'sun/nio/fs/WindowsException'> (0x000000077a06a020) thrown at [C:\re\workspace\8-2-build-windows-amd64-cygwin\jdk8u51\3951\hotspot\src\share\vm\prims\jni.cpp, line 709]
Event: 3382.853 Thread 0x00000000380a3800 Exception <a 'java/lang/IncompatibleClassChangeError': Found class java.lang.Object, but interface was expected> (0x000000077a0c1ad8) thrown at [C:\re\workspace\8-2-build-windows-amd64-cygwin\jdk8u51\3951\hotspot\src\share\vm\interpreter\linkResolver.cpp, ç,òómª@
Event: 3382.976 Thread 0x0000000002a54000 Exception <a 'java/lang/ClassNotFoundException': net.minecraftforge.fml.loading.FMLClientLaunchProvider$$Lambda$502/536674580> (0x0000000743f368b8) thrown at [C:\re\workspace\8-2-build-windows-amd64-cygwin\jdk8u51\3951\hotspot\src\share\vm\prims\jni.cpp, làŽ&Íõmª@
Event: 3382.980 Thread 0x0000000002a54000 Implicit null exception at 0x0000000005bb19bb to 0x0000000005bb3269

Events (10 events):
Event: 3382.977 loading class net/minecraft/client/renderer/GameRenderer done
Event: 3382.980 Thread 0x0000000002a54000 Uncommon trap: trap_request=0xffffff65 fr.pc=0x0000000005bb3294
Event: 3382.980 Thread 0x0000000002a54000 DEOPT PACKING pc=0x0000000005bb3294 sp=0x0000000002a4e150
Event: 3382.980 Thread 0x0000000002a54000 DEOPT UNPACKING pc=0x0000000002b9582a sp=0x0000000002a4dff0 mode 2
Event: 3382.983 Thread 0x0000000133bc7000 Thread exited: 0x0000000133bc7000
Event: 3382.983 Thread 0x0000000046d1f000 Thread exited: 0x0000000046d1f000
Event: 3382.983 Thread 0x0000000035d73000 Uncommon trap: trap_request=0xffffff65 fr.pc=0x000000000b8e7dcc
Event: 3382.983 Thread 0x0000000035d73000 DEOPT PACKING pc=0x000000000b8e7dcc sp=0x00000000647cf590
Event: 3382.983 Thread 0x0000000035d73000 DEOPT UNPACKING pc=0x0000000002b9582a sp=0x00000000647cf588 mode 2
Event: 3382.984 Thread 0x0000000035d73000 Thread exited: 0x0000000035d73000


Dynamic libraries:
0x00007ff6bb570000 - 0x00007ff6bb5a7000 	C:\Games\CurseForge\Minecraft\Install\runtime\jre-legacy\windows-x64\jre-legacy\bin\javaw.exe
0x00007ffe51310000 - 0x00007ffe51508000 	C:\Windows\SYSTEM32\ntdll.dll
0x00007ffe508b0000 - 0x00007ffe5096d000 	C:\Windows\System32\KERNEL32.DLL
0x00007ffe4eb70000 - 0x00007ffe4ee3e000 	C:\Windows\System32\KERNELBASE.dll
0x00007ffe506b0000 - 0x00007ffe5075e000 	C:\Windows\System32\ADVAPI32.dll
0x00007ffe50810000 - 0x00007ffe508ae000 	C:\Windows\System32\msvcrt.dll
0x00007ffe50760000 - 0x00007ffe507fc000 	C:\Windows\System32\sechost.dll
0x00007ffe4fda0000 - 0x00007ffe4fec5000 	C:\Windows\System32\RPCRT4.dll
0x00007ffe51130000 - 0x00007ffe512d0000 	C:\Windows\System32\USER32.dll
0x00007ffe4f2b0000 - 0x00007ffe4f2d2000 	C:\Windows\System32\win32u.dll
0x00007ffe50060000 - 0x00007ffe5008a000 	C:\Windows\System32\GDI32.dll
0x00007ffe4ea30000 - 0x00007ffe4eb3b000 	C:\Windows\System32\gdi32full.dll
0x00007ffe4f050000 - 0x00007ffe4f0ed000 	C:\Windows\System32\msvcp_win.dll
0x00007ffe4f0f0000 - 0x00007ffe4f1f0000 	C:\Windows\System32\ucrtbase.dll
0x00007ffe3da00000 - 0x00007ffe3dc9a000 	C:\Windows\WinSxS\amd64_microsoft.windows.common-controls_6595b64144ccf1df_6.0.19041.1110_none_60b5254171f9507e\COMCTL32.dll
0x00007ffe50970000 - 0x00007ffe509a0000 	C:\Windows\System32\IMM32.DLL
0x0000000054ef0000 - 0x0000000054fc2000 	C:\Games\CurseForge\Minecraft\Install\runtime\jre-legacy\windows-x64\jre-legacy\bin\msvcr100.dll
0x0000000054020000 - 0x00000000548a3000 	C:\Games\CurseForge\Minecraft\Install\runtime\jre-legacy\windows-x64\jre-legacy\bin\server\jvm.dll
0x00007ffe50800000 - 0x00007ffe50808000 	C:\Windows\System32\PSAPI.DLL
0x00007ffe483d0000 - 0x00007ffe483d9000 	C:\Windows\SYSTEM32\WSOCK32.dll
0x00007ffe3faa0000 - 0x00007ffe3fac7000 	C:\Windows\SYSTEM32\WINMM.dll
0x00007ffe45360000 - 0x00007ffe4536a000 	C:\Windows\SYSTEM32\VERSION.dll
0x00007ffe509a0000 - 0x00007ffe50a0b000 	C:\Windows\System32\WS2_32.dll
0x0000000054ee0000 - 0x0000000054eef000 	C:\Games\CurseForge\Minecraft\Install\runtime\jre-legacy\windows-x64\jre-legacy\bin\verify.dll
0x0000000054eb0000 - 0x0000000054ed9000 	C:\Games\CurseForge\Minecraft\Install\runtime\jre-legacy\windows-x64\jre-legacy\bin\java.dll
0x0000000054e90000 - 0x0000000054ea6000 	C:\Games\CurseForge\Minecraft\Install\runtime\jre-legacy\windows-x64\jre-legacy\bin\zip.dll
0x00007ffe4f370000 - 0x00007ffe4fab4000 	C:\Windows\System32\SHELL32.dll
0x00007ffe4c560000 - 0x00007ffe4ccf4000 	C:\Windows\SYSTEM32\windows.storage.dll
0x00007ffe50dc0000 - 0x00007ffe51114000 	C:\Windows\System32\combase.dll
0x00007ffe4e490000 - 0x00007ffe4e4c0000 	C:\Windows\SYSTEM32\Wldp.dll
0x00007ffe4fae0000 - 0x00007ffe4fb8d000 	C:\Windows\System32\SHCORE.dll
0x00007ffe50cd0000 - 0x00007ffe50d25000 	C:\Windows\System32\shlwapi.dll
0x00007ffe4e970000 - 0x00007ffe4e98f000 	C:\Windows\SYSTEM32\profapi.dll
0x0000000054e80000 - 0x0000000054e8d000 	C:\Games\CurseForge\Minecraft\Install\runtime\jre-legacy\windows-x64\jre-legacy\bin\management.dll
0x0000000054e60000 - 0x0000000054e7a000 	C:\Games\CurseForge\Minecraft\Install\runtime\jre-legacy\windows-x64\jre-legacy\bin\net.dll
0x00007ffe4e1f0000 - 0x00007ffe4e25a000 	C:\Windows\system32\mswsock.dll
0x00007ffe2eb40000 - 0x00007ffe2eb57000 	C:\Windows\system32\napinsp.dll
0x00007ffe2ea20000 - 0x00007ffe2ea3b000 	C:\Windows\system32\pnrpnsp.dll
0x00007ffe49870000 - 0x00007ffe49885000 	C:\Windows\system32\wshbth.dll
0x00007ffe49dc0000 - 0x00007ffe49ddd000 	C:\Windows\system32\NLAapi.dll
0x00007ffe4de90000 - 0x00007ffe4decb000 	C:\Windows\SYSTEM32\IPHLPAPI.DLL
0x00007ffe4ded0000 - 0x00007ffe4df9b000 	C:\Windows\SYSTEM32\DNSAPI.dll
0x00007ffe51120000 - 0x00007ffe51128000 	C:\Windows\System32\NSI.dll
0x00007ffe26b60000 - 0x00007ffe26b72000 	C:\Windows\System32\winrnr.dll
0x00007ffe47320000 - 0x00007ffe4732a000 	C:\Windows\System32\rasadhlp.dll
0x00007ffe3f5b0000 - 0x00007ffe3f630000 	C:\Windows\System32\fwpuclnt.dll
0x00007ffe4eb40000 - 0x00007ffe4eb67000 	C:\Windows\System32\bcrypt.dll
0x0000000054e40000 - 0x0000000054e51000 	C:\Games\CurseForge\Minecraft\Install\runtime\jre-legacy\windows-x64\jre-legacy\bin\nio.dll
0x0000000054e10000 - 0x0000000054e34000 	C:\Games\CurseForge\Minecraft\Install\runtime\jre-legacy\windows-x64\jre-legacy\bin\sunec.dll
0x00007ffe4e3e0000 - 0x00007ffe4e3f8000 	C:\Windows\SYSTEM32\CRYPTSP.dll
0x00007ffe4db00000 - 0x00007ffe4db34000 	C:\Windows\system32\rsaenh.dll
0x00007ffe4e930000 - 0x00007ffe4e95e000 	C:\Windows\SYSTEM32\USERENV.dll
0x00007ffe4f2e0000 - 0x00007ffe4f362000 	C:\Windows\System32\bcryptprimitives.dll
0x00007ffe4e400000 - 0x00007ffe4e40c000 	C:\Windows\SYSTEM32\CRYPTBASE.dll
0x00007ffe43970000 - 0x00007ffe43987000 	C:\Windows\SYSTEM32\dhcpcsvc6.DLL
0x00007ffe45370000 - 0x00007ffe4538d000 	C:\Windows\SYSTEM32\dhcpcsvc.DLL
0x00007ffe19f30000 - 0x00007ffe19fa2000 	C:\Games\CurseForge\Minecraft\Install\bin\a9df0ea5baea7f084f05425a59f37203022f1291\lwjgl.dll
0x00007ffdde390000 - 0x00007ffdde5e1000 	C:\Games\CurseForge\Minecraft\Install\bin\a9df0ea5baea7f084f05425a59f37203022f1291\jemalloc.dll
0x00007ffe19ed0000 - 0x00007ffe19f2e000 	C:\Games\CurseForge\Minecraft\Install\bin\a9df0ea5baea7f084f05425a59f37203022f1291\glfw.dll
0x00007ffe4b370000 - 0x00007ffe4b40e000 	C:\Windows\system32\uxtheme.dll
0x00007ffe13300000 - 0x00007ffe13345000 	C:\Windows\SYSTEM32\dinput8.dll
0x00007ffe00e30000 - 0x00007ffe00e41000 	C:\Windows\SYSTEM32\xinput1_4.dll
0x00007ffe4f1f0000 - 0x00007ffe4f23e000 	C:\Windows\System32\cfgmgr32.dll
0x00007ffe4e7e0000 - 0x00007ffe4e80c000 	C:\Windows\SYSTEM32\DEVOBJ.dll
0x00007ffe4b960000 - 0x00007ffe4b98f000 	C:\Windows\SYSTEM32\dwmapi.dll
0x00007ffe30250000 - 0x00007ffe303a2000 	C:\Windows\SYSTEM32\inputhost.dll
0x00007ffe4ff90000 - 0x00007ffe5005d000 	C:\Windows\System32\OLEAUT32.dll
0x00007ffe49bb0000 - 0x00007ffe49ca6000 	C:\Windows\SYSTEM32\PROPSYS.dll
0x00007ffe4a540000 - 0x00007ffe4a694000 	C:\Windows\SYSTEM32\wintypes.dll
0x00007ffe4b150000 - 0x00007ffe4b242000 	C:\Windows\SYSTEM32\CoreMessaging.dll
0x00007ffe4acf0000 - 0x00007ffe4b04e000 	C:\Windows\SYSTEM32\CoreUIComponents.dll
0x00007ffe4d720000 - 0x00007ffe4d753000 	C:\Windows\SYSTEM32\ntmarta.dll
0x00007ffe4d2e0000 - 0x00007ffe4d2f2000 	C:\Windows\SYSTEM32\kernel.appcore.dll
0x00007ffde9c20000 - 0x00007ffde9d58000 	C:\ProgramData\A-Volute\A-Volute.Nahimic\Modules\Scheduled\x64\AudioDevProps2.dll
0x00007ffe50110000 - 0x00007ffe5023a000 	C:\Windows\System32\ole32.dll
0x00007ffdf3220000 - 0x00007ffdf3373000 	C:\Program Files (x86)\Stardock\Fences\FencesMenu64.dll
0x00007ffe49850000 - 0x00007ffe49864000 	C:\Windows\SYSTEM32\WTSAPI32.dll
0x00007ffe3dca0000 - 0x00007ffe3de45000 	C:\Windows\WinSxS\amd64_microsoft.windows.gdiplus_6595b64144ccf1df_1.1.19041.1706_none_919e8e54cc8d4ca1\gdiplus.dll
0x00007ffe3fc50000 - 0x00007ffe3fd68000 	C:\Program Files (x86)\Stardock\Groupy\groupy_64.dll
0x00007ffe50a10000 - 0x00007ffe50b25000 	C:\Windows\System32\MSCTF.dll
0x00007ffe4cd60000 - 0x00007ffe4cd6d000 	C:\Windows\SYSTEM32\HID.DLL
0x00007ffe50240000 - 0x00007ffe506af000 	C:\Windows\System32\SETUPAPI.DLL
0x00007ffe4f240000 - 0x00007ffe4f2a7000 	C:\Windows\System32\WINTRUST.dll
0x00007ffe4eef0000 - 0x00007ffe4f046000 	C:\Windows\System32\CRYPT32.dll
0x00007ffe4e620000 - 0x00007ffe4e632000 	C:\Windows\SYSTEM32\MSASN1.dll
0x00007ffdf2b60000 - 0x00007ffdf2c87000 	C:\Windows\SYSTEM32\opengl32.dll
0x00007ffe265f0000 - 0x00007ffe2661c000 	C:\Windows\SYSTEM32\GLU32.dll
0x00007ffe4fed0000 - 0x00007ffe4ff79000 	C:\Windows\System32\clbcatq.dll
0x00007ffdb95b0000 - 0x00007ffdbc769000 	C:\Windows\System32\DriverStore\FileRepository\nvlt.inf_amd64_e7d8c0512da64e7d\nvoglv64.dll
0x00007ffe42ed0000 - 0x00007ffe42f01000 	C:\Windows\SYSTEM32\cryptnet.dll
0x00007ffe41fb0000 - 0x00007ffe420f8000 	C:\Windows\SYSTEM32\drvstore.dll
0x00007ffe41f30000 - 0x00007ffe41f6b000 	C:\Windows\SYSTEM32\dxcore.dll
0x00007ffe00ea0000 - 0x00007ffe01171000 	C:\Windows\system32\nvspcap64.dll
0x00007ffe4e000000 - 0x00007ffe4e04b000 	C:\Windows\SYSTEM32\powrprof.dll
0x00007ffe4de70000 - 0x00007ffe4de82000 	C:\Windows\SYSTEM32\UMPDC.dll
0x00007ffe4d7d0000 - 0x00007ffe4d82a000 	C:\Windows\SYSTEM32\WINSTA.dll
0x00007ffe19a90000 - 0x00007ffe19b0f000 	C:\Games\CurseForge\Minecraft\Install\bin\a9df0ea5baea7f084f05425a59f37203022f1291\lwjgl_stb.dll
0x00007ffe48970000 - 0x00007ffe48a1e000 	C:\Windows\SYSTEM32\mscms.dll
0x00007ffe48540000 - 0x00007ffe48551000 	C:\Windows\SYSTEM32\ColorAdapterClient.dll
0x00007ffe438a0000 - 0x00007ffe438e3000 	C:\Windows\SYSTEM32\icm32.dll
0x00007ffe2f730000 - 0x00007ffe2f829000 	C:\Windows\SYSTEM32\textinputframework.dll
0x00007ffe46fa0000 - 0x00007ffe47006000 	C:\Windows\system32\Oleacc.dll
0x00007ffe19950000 - 0x00007ffe199a8000 	C:\Games\CurseForge\Minecraft\Install\bin\a9df0ea5baea7f084f05425a59f37203022f1291\lwjgl_opengl.dll
0x00007ffe17c60000 - 0x00007ffe17ca2000 	C:\Users\NukelordBrown\AppData\Local\Temp\jna--1590639904\jna5927729101016910142.dll
0x0000000054e00000 - 0x0000000054e0c000 	C:\Games\CurseForge\Minecraft\Install\runtime\jre-legacy\windows-x64\jre-legacy\bin\jsound.dll
0x0000000054df0000 - 0x0000000054dfb000 	C:\Games\CurseForge\Minecraft\Install\runtime\jre-legacy\windows-x64\jre-legacy\bin\jsoundds.dll
0x00007ffe36930000 - 0x00007ffe369cc000 	C:\Windows\SYSTEM32\DSOUND.dll
0x00007ffe368e0000 - 0x00007ffe36906000 	C:\Windows\SYSTEM32\winmmbase.dll
0x00007ffe47ca0000 - 0x00007ffe47d25000 	C:\Windows\SYSTEM32\MMDevAPI.DLL
0x00007ffde5550000 - 0x00007ffde5596000 	C:\Windows\SYSTEM32\wdmaud.drv
0x00007ffe49350000 - 0x00007ffe49359000 	C:\Windows\SYSTEM32\ksuser.dll
0x00007ffe4d290000 - 0x00007ffe4d29a000 	C:\Windows\SYSTEM32\AVRT.dll
0x00007ffe481c0000 - 0x00007ffe48342000 	C:\Windows\SYSTEM32\AUDIOSES.DLL
0x00007ffe3d220000 - 0x00007ffe3d22d000 	C:\Windows\SYSTEM32\msacm32.drv
0x00007ffe22bb0000 - 0x00007ffe22bce000 	C:\Windows\SYSTEM32\MSACM32.dll
0x00007ffe23700000 - 0x00007ffe2370b000 	C:\Windows\SYSTEM32\midimap.dll
0x00007ffdca570000 - 0x00007ffdca7d6000 	C:\Users\NukelordBrown\AppData\Local\Temp\de.fabmax.physx-jni\0.4.15\PhysX_64.dll
0x00007ffdca390000 - 0x00007ffdca567000 	C:\Users\NukelordBrown\AppData\Local\Temp\de.fabmax.physx-jni\0.4.15\PhysXCommon_64.dll
0x00007ffde7130000 - 0x00007ffde71da000 	C:\Users\NukelordBrown\AppData\Local\Temp\de.fabmax.physx-jni\0.4.15\PhysXCooking_64.dll
0x00007ffde37a0000 - 0x00007ffde3831000 	C:\Users\NukelordBrown\AppData\Local\Temp\de.fabmax.physx-jni\0.4.15\PhysXFoundation_64.dll
0x00007ffdc9f60000 - 0x00007ffdca164000 	C:\Users\NukelordBrown\AppData\Local\Temp\de.fabmax.physx-jni\0.4.15\PhysXJniBindings_64.dll
0x0000000054c50000 - 0x0000000054de8000 	C:\Games\CurseForge\Minecraft\Install\runtime\jre-legacy\windows-x64\jre-legacy\bin\awt.dll
0x00007ffe4b280000 - 0x00007ffe4b310000 	C:\Windows\SYSTEM32\apphelp.dll
0x00007ffdebac0000 - 0x00007ffdebb27000 	C:\ProgramData\A-Volute\A-Volute.Nahimic\Modules\Scheduled\x64\ProductInfo.dll
0x00007ffde6530000 - 0x00007ffde6573000 	C:\ProgramData\A-Volute\A-Volute.Nahimic\Modules\Scheduled\x64\ASM.Plugin.AudioDevProps2.dll
0x00007ffe4b6d0000 - 0x00007ffe4b6e4000 	C:\Windows\SYSTEM32\resourcepolicyclient.dll
0x00007ffde2590000 - 0x00007ffde262c000 	C:\Users\NUKELO~1\AppData\Local\Temp\jna--1590639904\jna1613524477457879088.dll
0x00007ffe26330000 - 0x00007ffe26471000 	C:\Windows\System32\Windows.UI.dll

VM Arguments:
jvm_args: -XX:HeapDumpPath=MojangTricksIntelDriversForPerformance_javaw.exe_minecraft.exe.heapdump -Dos.name=Windows 10 -Dos.version=10.0 -Xss1M -Djava.library.path=C:\Games\CurseForge\Minecraft\Install\bin\a9df0ea5baea7f084f05425a59f37203022f1291 -Dminecraft.launcher.brand=minecraft-launcher -Dminecraft.launcher.version=2.4.39 -Xmx6048m -Xms256m -Dminecraft.applet.TargetDirectory=C:\Games\CurseForge\Minecraft\Instances\Blood-N-Wine-2 -Dfml.ignorePatchDiscrepancies=true -Dfml.ignoreInvalidMinecraftCertificates=true -Duser.language=en -Duser.country=US -Dlog4j.configurationFile=C:\Games\CurseForge\Minecraft\Install\assets\log_configs\client-1.12.xml 
java_command: cpw.mods.modlauncher.Launcher --username Nukelord420 --version forge-36.2.35 --gameDir C:\Games\CurseForge\Minecraft\Instances\Blood-N-Wine-2 --assetsDir C:\Games\CurseForge\Minecraft\Install\assets --assetIndex 1.16 --uuid 29e423c126c942d89e776772bd06df02 --accessToken eyJraWQiOiJhYzg0YSIsImFsZyI6IkhTMjU2In0.eyJ4dWlkIjoiMjUzNTQyODE5MjM2MjEyNiIsImFnZyI6IkFkdWx0Iiwic3ViIjoiZmNhNGVlNjItYzI4Zi00NzI0LWJkZTktNGU3ZDBiYWQ0ODBjIiwiYXV0aCI6IlhCT1giLCJucyI6ImRlZmF1bHQiLCJyb2xlcyI6W10sImlzcyI6ImF1dGhlbnRpY2F0aW9uIiwicGxhdGZvcm0iOiJQQ19MQVVOQ0hFUiIsInl1aWQiOiI3YTRkMzAxOTgyNzg0NmNjYjZjZDdjZjg4Njc0OWMwZSIsIm5iZiI6MTY4MjczNDk1NCwiZXhwIjoxNjgyODIxMzU0LCJpYXQiOjE2ODI3MzQ5NTR9.xnl2P_zh0gSTQNzBrCL7iqEUOsdjkzgucnVAsOn8Hbk --userType msa --versionType release --width 1024 --height 768 --launchTarget fmlclient --fml.forgeVersion 36.2.35 --fml.mcVersion 1.16.5 --fml.forgeGroup net.minecraftforge --fml.mcpVersion 20210115.111550
java_class_path (initial): C:\Games\CurseForge\Minecraft\Install\libraries\net\minecraftforge\forge\1.16.5-36.2.35\forge-1.16.5-36.2.35.jar;C:\Games\CurseForge\Minecraft\Install\libraries\org\ow2\asm\asm\9.1\asm-9.1.jar;C:\Games\CurseForge\Minecraft\Install\libraries\org\ow2\asm\asm-commons\9.1\asm-commons-9.1.jar;C:\Games\CurseForge\Minecraft\Install\libraries\org\ow2\asm\asm-tree\9.1\asm-tree-9.1.jar;C:\Games\CurseForge\Minecraft\Install\libraries\org\ow2\asm\asm-util\9.1\asm-util-9.1.jar;C:\Games\CurseForge\Minecraft\Install\libraries\org\ow2\asm\asm-analysis\9.1\asm-analysis-9.1.jar;C:\Games\CurseForge\Minecraft\Install\libraries\cpw\mods\modlauncher\8.1.3\modlauncher-8.1.3.jar;C:\Games\CurseForge\Minecraft\Install\libraries\cpw\mods\grossjava9hacks\1.3.3\grossjava9hacks-1.3.3.jar;C:\Games\CurseForge\Minecraft\Install\libraries\net\minecraftforge\accesstransformers\3.0.1\accesstransformers-3.0.1.jar;C:\Games\CurseForge\Minecraft\Install\libraries\org\antlr\antlr4-runtime\4.9.1\antlr4-runtime-4.9.1.jar;C:\Games\CurseForge\Minecraft\Install\libraries\net\minecraftforge\eventbus\4.0.0\eventbus-4.0.0.jar;C:\Games\CurseForge\Minecraft\Install\libraries\net\minecraftforge\forgespi\3.2.0\forgespi-3.2.0.jar;C:\Games\CurseForge\Minecraft\Install\libraries\net\minecraftforge\coremods\4.0.6\coremods-4.0.6.jar;C:\Games\CurseForge\Minecraft\Install\libraries\net\minecraftforge\unsafe\0.2.0\unsafe-0.2.0.jar;C:\Games\CurseForge\Minecraft\Install\libraries\com\electronwill\night-config\core\3.6.3\core-3.6.3.jar;C:\Games\CurseForge\Minecraft\Install\libraries\com\electronwill\night-config\toml\3.6.3\toml-3.6.3.jar;C:\Games\CurseForge\Minecraft\Install\libraries\org\jline\jline\3.12.1\jline-3.12.1.jar;C:\Games\CurseForge\Minecraft\Install\libraries\org\apache\maven\maven-artifact\3.6.3\maven-artifact-3.6.3.jar;C:\Games\CurseForge\Minecraft\Install\libraries\net\jodah\typetools\0.8.3\typetools-0.8.3.jar;C:\Games\CurseForge\Minecraft\Install\libraries\org\apache\logging\log4j\log
Launcher Type: SUN_STANDARD

Environment Variables:
PATH=C:\VulkanSDK\1.3.236.0\Bin;C:\Program Files (x86)\Razer Chroma SDK\bin;C:\Program Files\Razer Chroma SDK\bin;C:\Program Files\Common Files\Oracle\Java\javapath;C:\Program Files (x86)\Common Files\Oracle\Java\javapath;C:\Program Files (x86)\Razer\ChromaBroadcast\bin;C:\Program Files\Razer\ChromaBroadcast\bin;C:\Windows\system32;C:\Windows;C:\Windows\System32\Wbem;C:\Windows\System32\WindowsPowerShell\v1.0\;C:\Windows\System32\OpenSSH\;C:\Program Files (x86)\NVIDIA Corporation\PhysX\Common;C:\Program Files\NVIDIA Corporation\NVIDIA NvDLISR;C:\Program Files\PuTTY\;C:\Windows\system32\config\systemprofile\AppData\Local\Microsoft\WindowsApps;C:\Program Files\dotnet\;C:\Program Files\Common Files\Autodesk Shared\;C:\Program Files\Microsoft SQL Server\120\Tools\Binn\;G:\Bethesda-Game-Modding-Tools\Ruby26-x64\bin;C:\Users\NukelordBrown\AppData\Local\Programs\Python\Python310\Scripts\;C:\Users\NukelordBrown\AppData\Local\Programs\Python\Python310\;C:\Users\NukelordBrown\AppData\Local\Microsoft\WindowsApps;C:\Users\NukelordBrown\AppData\Local\Programs\Microsoft VS Code\bin;C:\Users\NukelordBrown\.dotnet\tools;C:\Users\NukelordBrown\AppData\Local\GitHubDesktop\bin;C:\Program Files\Perforce\;C:\Program Files\Git\cmd;G:\Bethesda-Game-Modding-Tools\Ruby26-x64\bin;C:\Users\NukelordBrown\AppData\Local\Programs\Python\Python310\Scripts\;C:\Users\NukelordBrown\AppData\Local\Programs\Python\Python310\;C:\Users\NukelordBrown\AppData\Local\Microsoft\WindowsApps;C:\Users\NukelordBrown\AppData\Local\Programs\Microsoft VS Code\bin;C:\Users\NukelordBrown\.dotnet\tools;C:\Users\NukelordBrown\AppData\Local\GitHubDesktop\bin
USERNAME=NukelordBrown
OS=Windows_NT
PROCESSOR_IDENTIFIER=AMD64 Family 25 Model 80 Stepping 0, AuthenticAMD



---------------  S Y S T E M  ---------------

OS: Windows 10.0 , 64 bit Build 19041 (10.0.19041.1806)

CPU:total 16 (16 cores per cpu, 1 threads per core) family 25 model 80 stepping 0, cmov, cx8, fxsr, mmx, sse, sse2, sse3, ssse3, sse4.1, sse4.2, popcnt, avx, avx2, aes, clmul, erms, mmxext, 3dnowpref, lzcnt, sse4a, tsc, tscinvbit, tscinv, bmi1

Memory: 4k page, physical 33402940k(12015276k free), swap 43364412k(11148872k free)

vm_info: Java HotSpot(TM) 64-Bit Server VM (25.51-b03) for windows-amd64 JRE (1.8.0_51-b16), built on Jun  8 2015 18:03:07 by "java_re" with MS VC++ 10.0 (VS2010)

time: Fri Apr 28 20:19:01 2023
elapsed time: 3383 seconds (0d 0h 56m 23s)

