#
# A fatal error has been detected by the Java Runtime Environment:
#
#  EXCEPTION_ACCESS_VIOLATION (0xc0000005) at pc=0x00007ffd25e73716, pid=56332, tid=14892
#
# JRE version: Java(TM) SE Runtime Environment (8.0_51-b16) (build 1.8.0_51-b16)
# Java VM: Java HotSpot(TM) 64-Bit Server VM (25.51-b03 mixed mode windows-amd64 compressed oops)
# Problematic frame:
# C  [PhysXJniBindings_64.dll+0x53716]
#
# Failed to write core dump. Minidumps are not enabled by default on client versions of Windows
#
# If you would like to submit a bug report, please visit:
#   http://bugreport.java.com/bugreport/crash.jsp
# The crash happened outside the Java Virtual Machine in native code.
# See problematic frame for where to report the bug.
#

---------------  T H R E A D  ---------------

Current thread (0x0000000003204000):  JavaThread "Render thread" [_thread_in_native, id=14892, stack(0x0000000003100000,0x0000000003200000)]

siginfo: ExceptionCode=0xc0000005, reading address 0x0000000000000000

Registers:
RAX=0x0000000000000000, RBX=0x0000000000000018, RCX=0x0000000000000000, RDX=0x0000000000000000
RSP=0x00000000031fdf90, RBP=0x00000000031fe040, RSI=0x0000000000000003, RDI=0x0000000000000000
R8 =0x0000000000000003, R9 =0x00000000252a3a80, R10=0x00000000033157c8, R11=0x00000000744b7bb0
R12=0x0000000000000000, R13=0x00000000437dd720, R14=0x00000000031fe060, R15=0x0000000003204000
RIP=0x00007ffd25e73716, EFLAGS=0x0000000000010206

Top of Stack: (sp=0x00000000031fdf90)
0x00000000031fdf90:   000000004207d638 0000000007d80000
0x00000000031fdfa0:   00000006978d9140 d2f1b28c25f38adb
0x00000000031fdfb0:   00000007789d6290 000000000ba473c3
0x00000000031fdfc0:   0000000003307ced 00000000033157f4
0x00000000031fdfd0:   00000000437dd720 00000006978d92b0
0x00000000031fdfe0:   0000000000000000 00000000031fe050
0x00000000031fdff0:   000000015e8b4220 0000000000000000
0x00000000031fe000:   00000000031fe000 0000000000000000
0x00000000031fe010:   00000000031fe060 0000000043810ab0
0x00000000031fe020:   0000000000000000 00000000437dd720
0x00000000031fe030:   0000000000000000 00000000031fe060
0x00000000031fe040:   00000000031fe0a8 0000000003307800
0x00000000031fe050:   0000000697669310 000000000330f977
0x00000000031fe060:   0000000000000003 00000000031fe068
0x00000000031fe070:   00000000437dd599 00000000031fe0b8
0x00000000031fe080:   0000000043810ab0 0000000000000000 

Instructions: (pc=0x00007ffd25e73716)
0x00007ffd25e736f6:   89 74 24 10 57 48 83 ec 30 48 8b fa 8b f1 ff 15
0x00007ffd25e73706:   86 3c 19 00 48 8b d8 ff 15 35 3c 19 00 48 8b c8
0x00007ffd25e73716:   4c 8b 00 41 ff 50 28 84 c0 75 09 48 8d 05 a0 5e
0x00007ffd25e73726:   12 00 eb 13 48 8d 15 8f 3f 19 00 48 8d 0d 20 2d 


Register to memory mapping:

RAX=0x0000000000000000 is an unknown value
RBX=0x0000000000000018 is an unknown value
RCX=0x0000000000000000 is an unknown value
RDX=0x0000000000000000 is an unknown value
RSP=0x00000000031fdf90 is pointing into the stack for thread: 0x0000000003204000
RBP=0x00000000031fe040 is pointing into the stack for thread: 0x0000000003204000
RSI=0x0000000000000003 is an unknown value
RDI=0x0000000000000000 is an unknown value
R8 =0x0000000000000003 is an unknown value
R9 =0x00000000252a3a80 is an unknown value
R10=0x00000000033157c8 is at code_begin+840 in an Interpreter codelet
method entry point (kind = native)  [0x0000000003315480, 0x0000000003315de0]  2400 bytes
R11=0x00000000744b7bb0 is an unknown value
R12=0x0000000000000000 is an unknown value
R13={method} {0x00000000437dd728} '_DefaultCpuDispatcherCreate' '(I)J' in 'physx/PxTopLevelFunctions'
R14=0x00000000031fe060 is pointing into the stack for thread: 0x0000000003204000
R15=0x0000000003204000 is a thread


Stack: [0x0000000003100000,0x0000000003200000],  sp=0x00000000031fdf90,  free space=1015k
Native frames: (J=compiled Java code, j=interpreted, Vv=VM code, C=native code)
C  [PhysXJniBindings_64.dll+0x53716]
C  0x00000000033157f4

Java frames: (J=compiled Java code, j=interpreted, Vv=VM code)
j  physx.PxTopLevelFunctions._DefaultCpuDispatcherCreate(I)J+0
j  physx.PxTopLevelFunctions.DefaultCpuDispatcherCreate(I)Lphysx/extensions/PxDefaultCpuDispatcher;+1
J 74793 C2 net.minecraft.client.renderer.WorldRenderer.handler$bjd000$renderChunkLayerSolid(Lnet/minecraft/client/renderer/RenderType;Lcom/mojang/blaze3d/matrix/MatrixStack;DDDLorg/spongepowered/asm/mixin/injection/callback/CallbackInfo;)V (721 bytes) @ 0x000000000eb84f74 [0x000000000eb81a00+0x3574]
J 70241 C2 net.minecraft.client.renderer.WorldRenderer.func_228441_a_(Lnet/minecraft/client/renderer/RenderType;Lcom/mojang/blaze3d/matrix/MatrixStack;DDD)V (186 bytes) @ 0x000000000e4bdd98 [0x000000000e4bd580+0x818]
J 57180 C2 net.coderbot.iris.pipeline.ShadowRenderer.renderShadows(Lnet/coderbot/iris/mixin/LevelRendererAccessor;Lnet/minecraft/client/renderer/ActiveRenderInfo;)V (808 bytes) @ 0x000000000bcdfe2c [0x000000000bcdf2a0+0xb8c]
J 67836 C2 net.minecraft.client.renderer.WorldRenderer.handler$zpb000$iris$renderTerrainShadows(Lcom/mojang/blaze3d/matrix/MatrixStack;FJZLnet/minecraft/client/renderer/ActiveRenderInfo;Lnet/minecraft/client/renderer/GameRenderer;Lnet/minecraft/client/renderer/LightTexture;Lnet/minecraft/util/math/vector/Matrix4f;Lorg/spongepowered/asm/mixin/injection/callback/CallbackInfo;)V (16 bytes) @ 0x0000000007065440 [0x00000000070653c0+0x80]
J 68984 C2 net.minecraft.client.renderer.WorldRenderer.func_228426_a_(Lcom/mojang/blaze3d/matrix/MatrixStack;FJZLnet/minecraft/client/renderer/ActiveRenderInfo;Lnet/minecraft/client/renderer/GameRenderer;Lnet/minecraft/client/renderer/LightTexture;Lnet/minecraft/util/math/vector/Matrix4f;)V (4063 bytes) @ 0x0000000008468d04 [0x0000000008466b60+0x21a4]
J 71235 C2 net.minecraft.client.renderer.GameRenderer.func_228378_a_(FJLcom/mojang/blaze3d/matrix/MatrixStack;)V (707 bytes) @ 0x000000000888eaf8 [0x000000000888d600+0x14f8]
j  net.minecraft.client.renderer.GameRenderer.func_195458_a(FJZ)V+250
J 74073 C2 net.minecraft.client.Minecraft.func_195542_b(Z)V (1013 bytes) @ 0x000000000eae35dc [0x000000000eae1ba0+0x1a3c]
j  net.minecraft.client.Minecraft.handler$cdh000$unloadWorldScreenshot(Lnet/minecraft/client/gui/screen/Screen;Lorg/spongepowered/asm/mixin/injection/callback/CallbackInfo;)V+21
j  net.minecraft.client.Minecraft.func_213231_b(Lnet/minecraft/client/gui/screen/Screen;)V+49
j  net.minecraft.client.Minecraft.func_213254_o()V+8
j  net.minecraft.client.Minecraft.func_71405_e()V+66
j  net.minecraft.client.main.Main.main([Ljava/lang/String;)V+1445
v  ~StubRoutines::call_stub
j  sun.reflect.NativeMethodAccessorImpl.invoke0(Ljava/lang/reflect/Method;Ljava/lang/Object;[Ljava/lang/Object;)Ljava/lang/Object;+0
j  sun.reflect.NativeMethodAccessorImpl.invoke(Ljava/lang/Object;[Ljava/lang/Object;)Ljava/lang/Object;+100
J 2373 C1 sun.reflect.DelegatingMethodAccessorImpl.invoke(Ljava/lang/Object;[Ljava/lang/Object;)Ljava/lang/Object; (10 bytes) @ 0x0000000003c31b8c [0x0000000003c31a80+0x10c]
J 2372 C1 java.lang.reflect.Method.invoke(Ljava/lang/Object;[Ljava/lang/Object;)Ljava/lang/Object; (62 bytes) @ 0x0000000003c3232c [0x0000000003c31f40+0x3ec]
j  net.minecraftforge.fml.loading.FMLClientLaunchProvider.lambda$launchService$0(Lcpw/mods/modlauncher/api/ITransformingClassLoader;[Ljava/lang/String;)Ljava/lang/Void;+50
j  net.minecraftforge.fml.loading.FMLClientLaunchProvider$$Lambda$502.call()Ljava/lang/Object;+12
j  cpw.mods.modlauncher.LaunchServiceHandlerDecorator.launch([Ljava/lang/String;Lcpw/mods/modlauncher/api/ITransformingClassLoader;)V+11
j  cpw.mods.modlauncher.LaunchServiceHandler.launch(Ljava/lang/String;[Ljava/lang/String;Lcpw/mods/modlauncher/TransformingClassLoader;Lcpw/mods/modlauncher/LaunchPluginHandler;)V+57
j  cpw.mods.modlauncher.LaunchServiceHandler.launch(Lcpw/mods/modlauncher/ArgumentHandler;Lcpw/mods/modlauncher/TransformingClassLoader;Lcpw/mods/modlauncher/LaunchPluginHandler;)V+19
j  cpw.mods.modlauncher.Launcher.run([Ljava/lang/String;)V+116
j  cpw.mods.modlauncher.Launcher.main([Ljava/lang/String;)V+37
v  ~StubRoutines::call_stub

---------------  P R O C E S S  ---------------

Java Threads: ( => current thread )
  0x0000000072b58800 JavaThread "Worker-Main-189" daemon [_thread_blocked, id=7468, stack(0x0000000098590000,0x0000000098690000)]
  0x00000000314f9000 JavaThread "Worker-Main-188" daemon [_thread_blocked, id=44136, stack(0x0000000094990000,0x0000000094a90000)]
  0x0000000038ad6000 JavaThread "Worker-Main-185" daemon [_thread_blocked, id=33056, stack(0x0000000064980000,0x0000000064a80000)]
  0x000000007295c000 JavaThread "Worker-Main-184" daemon [_thread_blocked, id=30164, stack(0x0000000063c80000,0x0000000063d80000)]
  0x000000007295a800 JavaThread "Worker-Main-183" daemon [_thread_blocked, id=17184, stack(0x0000000054600000,0x0000000054700000)]
  0x0000000026b1c000 JavaThread "IO-Worker-182" [_thread_blocked, id=40720, stack(0x0000000064240000,0x0000000064340000)]
  0x0000000038ad7800 JavaThread "IO-Worker-181" [_thread_blocked, id=30496, stack(0x0000000063b80000,0x0000000063c80000)]
  0x00000000753d9000 JavaThread "pool-16-thread-1" [_thread_blocked, id=51348, stack(0x00000000b7fc0000,0x00000000b80c0000)]
  0x0000000026af5800 JavaThread "ForkJoinPool.commonPool-worker-9" daemon [_thread_blocked, id=16576, stack(0x000000015f960000,0x000000015fa60000)]
  0x00000000753d2000 JavaThread "Netty Server IO #2" daemon [_thread_in_native, id=54628, stack(0x00000000b2b40000,0x00000000b2c40000)]
  0x00000000314f8000 JavaThread "Chunk Render Task Executor #9" [_thread_blocked, id=24196, stack(0x000000015de80000,0x000000015df80000)]
  0x00000000314fc800 JavaThread "Chunk Render Task Executor #8" [_thread_blocked, id=21948, stack(0x000000015f180000,0x000000015f280000)]
  0x0000000072960000 JavaThread "Chunk Render Task Executor #7" [_thread_blocked, id=48980, stack(0x000000015d8d0000,0x000000015d9d0000)]
  0x000000007295e800 JavaThread "Chunk Render Task Executor #6" [_thread_blocked, id=48472, stack(0x000000015adc0000,0x000000015aec0000)]
  0x0000000072961000 JavaThread "Chunk Render Task Executor #5" [_thread_blocked, id=35084, stack(0x000000015acc0000,0x000000015adc0000)]
  0x000000007295e000 JavaThread "Chunk Render Task Executor #4" [_thread_blocked, id=36276, stack(0x000000015abc0000,0x000000015acc0000)]
  0x000000007295f800 JavaThread "Chunk Render Task Executor #3" [_thread_blocked, id=27856, stack(0x000000015aac0000,0x000000015abc0000)]
  0x0000000072957000 JavaThread "Chunk Render Task Executor #2" [_thread_blocked, id=47724, stack(0x0000000134930000,0x0000000134a30000)]
  0x000000007295d000 JavaThread "Chunk Render Task Executor #1" [_thread_blocked, id=42624, stack(0x00000000c7200000,0x00000000c7300000)]
  0x0000000072955800 JavaThread "Chunk Render Task Executor #0" [_thread_blocked, id=11868, stack(0x000000003e260000,0x000000003e360000)]
  0x0000000072943800 JavaThread "ForkJoinPool.commonPool-worker-5" daemon [_thread_blocked, id=6676, stack(0x00000001dd420000,0x00000001dd520000)]
  0x0000000072949800 JavaThread "ForkJoinPool.commonPool-worker-7" daemon [_thread_blocked, id=29196, stack(0x00000001dd320000,0x00000001dd420000)]
  0x0000000072942000 JavaThread "ForkJoinPool.commonPool-worker-0" daemon [_thread_blocked, id=19800, stack(0x00000001dd220000,0x00000001dd320000)]
  0x0000000072948800 JavaThread "ForkJoinPool.commonPool-worker-3" daemon [_thread_blocked, id=30772, stack(0x00000001dd120000,0x00000001dd220000)]
  0x0000000072948000 JavaThread "ForkJoinPool.commonPool-worker-14" daemon [_thread_blocked, id=48712, stack(0x00000001dd020000,0x00000001dd120000)]
  0x0000000072947000 JavaThread "ForkJoinPool.commonPool-worker-12" daemon [_thread_blocked, id=14872, stack(0x00000001dcf20000,0x00000001dd020000)]
  0x0000000072946800 JavaThread "ForkJoinPool.commonPool-worker-1" daemon [_thread_blocked, id=43588, stack(0x00000001dce20000,0x00000001dcf20000)]
  0x0000000072945800 JavaThread "ForkJoinPool.commonPool-worker-10" daemon [_thread_blocked, id=17256, stack(0x00000001dcd20000,0x00000001dce20000)]
  0x0000000072945000 JavaThread "ForkJoinPool.commonPool-worker-8" daemon [_thread_blocked, id=2076, stack(0x00000001d9100000,0x00000001d9200000)]
  0x0000000021292000 JavaThread "ForkJoinPool.commonPool-worker-6" daemon [_thread_blocked, id=56304, stack(0x00000001d4940000,0x00000001d4a40000)]
  0x0000000033300800 JavaThread "ForkJoinPool.commonPool-worker-13" daemon [_thread_blocked, id=23884, stack(0x0000000161030000,0x0000000161130000)]
  0x000000002607e000 JavaThread "ForkJoinPool.commonPool-worker-4" daemon [_thread_blocked, id=10776, stack(0x000000015f080000,0x000000015f180000)]
  0x0000000034b7f800 JavaThread "ForkJoinPool.commonPool-worker-11" daemon [_thread_blocked, id=20152, stack(0x000000015ef80000,0x000000015f080000)]
  0x0000000034b81800 JavaThread "ForkJoinPool.commonPool-worker-2" daemon [_thread_blocked, id=35720, stack(0x0000000045ee0000,0x0000000045fe0000)]
  0x00000000753d5000 JavaThread "Litematica Chunk Batcher 15" daemon [_thread_blocked, id=18892, stack(0x000000015c0c0000,0x000000015c1c0000)]
  0x00000000753cf000 JavaThread "Litematica Chunk Batcher 14" daemon [_thread_blocked, id=23728, stack(0x000000015bfc0000,0x000000015c0c0000)]
  0x00000000753cb000 JavaThread "Litematica Chunk Batcher 13" daemon [_thread_blocked, id=34768, stack(0x000000015bec0000,0x000000015bfc0000)]
  0x00000000753ce000 JavaThread "Litematica Chunk Batcher 12" daemon [_thread_blocked, id=32504, stack(0x000000015bdc0000,0x000000015bec0000)]
  0x00000000753d1000 JavaThread "Litematica Chunk Batcher 11" daemon [_thread_blocked, id=17236, stack(0x000000015bcc0000,0x000000015bdc0000)]
  0x00000000753c6800 JavaThread "Litematica Chunk Batcher 10" daemon [_thread_blocked, id=56376, stack(0x000000015bbc0000,0x000000015bcc0000)]
  0x00000000753ca800 JavaThread "Litematica Chunk Batcher 9" daemon [_thread_blocked, id=25028, stack(0x000000015bac0000,0x000000015bbc0000)]
  0x00000000753cd800 JavaThread "Litematica Chunk Batcher 8" daemon [_thread_blocked, id=23404, stack(0x000000015b9c0000,0x000000015bac0000)]
  0x00000000753c6000 JavaThread "Litematica Chunk Batcher 7" daemon [_thread_blocked, id=46860, stack(0x000000015b8c0000,0x000000015b9c0000)]
  0x00000000753c9800 JavaThread "Litematica Chunk Batcher 6" daemon [_thread_blocked, id=49944, stack(0x000000015b7c0000,0x000000015b8c0000)]
  0x00000000753c9000 JavaThread "Litematica Chunk Batcher 5" daemon [_thread_blocked, id=47864, stack(0x000000015b6c0000,0x000000015b7c0000)]
  0x00000000753cc800 JavaThread "Litematica Chunk Batcher 4" daemon [_thread_blocked, id=41148, stack(0x000000015b5c0000,0x000000015b6c0000)]
  0x00000000753c5000 JavaThread "Litematica Chunk Batcher 3" daemon [_thread_blocked, id=25924, stack(0x000000015b4c0000,0x000000015b5c0000)]
  0x00000000753c8000 JavaThread "Litematica Chunk Batcher 2" daemon [_thread_blocked, id=46492, stack(0x000000015b3c0000,0x000000015b4c0000)]
  0x00000000753c7800 JavaThread "Litematica Chunk Batcher 1" daemon [_thread_blocked, id=47840, stack(0x000000015b2c0000,0x000000015b3c0000)]
  0x00000000753cc000 JavaThread "Litematica Chunk Batcher 0" daemon [_thread_blocked, id=51808, stack(0x000000015b1c0000,0x000000015b2c0000)]
  0x0000000038ad0000 JavaThread "Sound engine" daemon [_thread_blocked, id=38084, stack(0x00000000c7300000,0x00000000c7400000)]
  0x0000000038ad4800 JavaThread "Netty Server IO #1" daemon [_thread_in_native, id=21036, stack(0x00000000c34c0000,0x00000000c35c0000)]
  0x0000000038ad4000 JavaThread "Netty Local Client IO #0" daemon [_thread_blocked, id=17240, stack(0x00000000c33c0000,0x00000000c34c0000)]
  0x0000000038ad5800 JavaThread "Netty Server IO #0" daemon [_thread_in_native, id=30576, stack(0x00000000c32c0000,0x00000000c33c0000)]
  0x0000000038ad2800 JavaThread "ObjectCleanerThread" daemon [_thread_blocked, id=6664, stack(0x00000000bf680000,0x00000000bf780000)]
  0x0000000038ac2000 JavaThread "TF-Task-Worker-8" daemon [_thread_blocked, id=43648, stack(0x00000000bf080000,0x00000000bf180000)]
  0x0000000038ac7000 JavaThread "TF-Task-Worker-7" daemon [_thread_blocked, id=43404, stack(0x00000000bef80000,0x00000000bf080000)]
  0x0000000038ac2800 JavaThread "TF-Task-Worker-6" daemon [_thread_blocked, id=44660, stack(0x00000000bee80000,0x00000000bef80000)]
  0x0000000038ab9800 JavaThread "TF-Task-Worker-5" daemon [_thread_blocked, id=7460, stack(0x00000000bed80000,0x00000000bee80000)]
  0x0000000038abf000 JavaThread "TF-Task-Worker-4" daemon [_thread_blocked, id=43768, stack(0x00000000bec80000,0x00000000bed80000)]
  0x0000000038abc800 JavaThread "TF-Task-Worker-3" daemon [_thread_blocked, id=16000, stack(0x00000000beb80000,0x00000000bec80000)]
  0x0000000038ac0800 JavaThread "TF-Task-Worker-2" daemon [_thread_blocked, id=21336, stack(0x00000000bea80000,0x00000000beb80000)]
  0x0000000038abf800 JavaThread "TF-Batch-Worker-16" daemon [_thread_blocked, id=60312, stack(0x00000000be980000,0x00000000bea80000)]
  0x0000000038aba800 JavaThread "TF-Batch-Worker-15" daemon [_thread_blocked, id=2096, stack(0x00000000bc780000,0x00000000bc880000)]
  0x0000000038abe000 JavaThread "TF-Batch-Worker-14" daemon [_thread_blocked, id=15200, stack(0x00000000bc680000,0x00000000bc780000)]
  0x0000000038abb000 JavaThread "TF-Batch-Worker-13" daemon [_thread_blocked, id=12464, stack(0x00000000bc580000,0x00000000bc680000)]
  0x0000000038abd800 JavaThread "TF-Batch-Worker-12" daemon [_thread_blocked, id=14448, stack(0x00000000bc480000,0x00000000bc580000)]
  0x0000000034776800 JavaThread "TF-Batch-Worker-11" daemon [_thread_blocked, id=46792, stack(0x00000000bc380000,0x00000000bc480000)]
  0x0000000034778800 JavaThread "TF-Batch-Worker-10" daemon [_thread_blocked, id=26540, stack(0x00000000bc280000,0x00000000bc380000)]
  0x0000000034778000 JavaThread "TF-Batch-Worker-9" daemon [_thread_blocked, id=54748, stack(0x00000000bc180000,0x00000000bc280000)]
  0x000000003477b800 JavaThread "TF-Batch-Worker-8" daemon [_thread_blocked, id=26636, stack(0x00000000bc080000,0x00000000bc180000)]
  0x000000003477b000 JavaThread "TF-Batch-Worker-7" daemon [_thread_blocked, id=46568, stack(0x00000000bbf80000,0x00000000bc080000)]
  0x0000000034777000 JavaThread "TF-Batch-Worker-6" daemon [_thread_blocked, id=31048, stack(0x00000000bbe80000,0x00000000bbf80000)]
  0x000000003477a000 JavaThread "TF-Batch-Worker-5" daemon [_thread_blocked, id=36676, stack(0x00000000bbd80000,0x00000000bbe80000)]
  0x000000003477d000 JavaThread "TF-Batch-Worker-4" daemon [_thread_blocked, id=33376, stack(0x00000000bbc80000,0x00000000bbd80000)]
  0x0000000034779800 JavaThread "TF-Batch-Worker-3" daemon [_thread_blocked, id=37340, stack(0x00000000b8ac0000,0x00000000b8bc0000)]
  0x000000003477c800 JavaThread "TF-Batch-Worker-2" daemon [_thread_blocked, id=28944, stack(0x00000000b89c0000,0x00000000b8ac0000)]
  0x00000000332fe800 JavaThread "TF-Batch-Worker-1" daemon [_thread_blocked, id=15564, stack(0x00000000b88c0000,0x00000000b89c0000)]
  0x0000000021290800 JavaThread "TF-Task-Worker-1" daemon [_thread_blocked, id=15840, stack(0x00000000b87c0000,0x00000000b88c0000)]
  0x0000000026afa000 JavaThread "Thread-68" daemon [_thread_in_native, id=34752, stack(0x000000003e870000,0x000000003e970000)]
  0x0000000026af9000 JavaThread "Server thread" [_thread_in_Java, id=30148, stack(0x000000003e770000,0x000000003e870000)]
  0x0000000046e05800 JavaThread "Snooper Timer" daemon [_thread_blocked, id=39008, stack(0x000000003e670000,0x000000003e770000)]
  0x000000002607b000 JavaThread "TF-Scheduler" [_thread_blocked, id=59128, stack(0x000000003e160000,0x000000003e260000)]
  0x000000002607d000 JavaThread "spark-worker-pool-1-thread-4" daemon [_thread_blocked, id=52300, stack(0x0000000095680000,0x0000000095780000)]
  0x0000000034b73000 JavaThread "lava-daemon-pool-playback-4-thread-1" daemon [_thread_blocked, id=27124, stack(0x0000000045cd0000,0x0000000045dd0000)]
  0x0000000026afb800 JavaThread "spark-worker-pool-1-thread-3" daemon [_thread_blocked, id=46160, stack(0x0000000041a00000,0x0000000041b00000)]
  0x0000000026af6000 JavaThread "Thread-62" daemon [_thread_blocked, id=31368, stack(0x00000000726a0000,0x00000000727a0000)]
  0x0000000026aee800 JavaThread "Java2D Disposer" daemon [_thread_blocked, id=5436, stack(0x00000000722e0000,0x00000000723e0000)]
  0x0000000026aee000 JavaThread "Thread-60" daemon [_thread_blocked, id=9680, stack(0x0000000070a60000,0x0000000070b60000)]
  0x0000000026af4800 JavaThread "spark-worker-pool-1-thread-2" daemon [_thread_blocked, id=42192, stack(0x0000000072440000,0x0000000072540000)]
  0x0000000026aed000 JavaThread "spark-worker-pool-1-thread-1" daemon [_thread_blocked, id=60032, stack(0x0000000070e40000,0x0000000070f40000)]
  0x0000000026af4000 JavaThread "spark-monitor" daemon [_thread_blocked, id=8940, stack(0x0000000070760000,0x0000000070860000)]
  0x0000000026af3000 JavaThread "pool-5-thread-1" [_thread_blocked, id=16264, stack(0x0000000070660000,0x0000000070760000)]
  0x000000002607e800 JavaThread "Thread-56" daemon [_thread_in_native, id=1828, stack(0x00000000663c0000,0x00000000664c0000)]
  0x0000000033306800 JavaThread "Thread-55" daemon [_thread_in_native, id=1000, stack(0x0000000057340000,0x0000000057440000)]
  0x0000000033309000 JavaThread "Thread-54" daemon [_thread_in_native, id=32892, stack(0x0000000057240000,0x0000000057340000)]
  0x0000000033309800 JavaThread "Thread-53" daemon [_thread_in_native, id=13736, stack(0x000000003d5a0000,0x000000003d6a0000)]
  0x000000003330a800 JavaThread "Thread-52" daemon [_thread_in_native, id=24924, stack(0x0000000054b00000,0x0000000054c00000)]
  0x000000003330c000 JavaThread "Thread-51" daemon [_thread_in_native, id=28756, stack(0x0000000054e60000,0x0000000054f60000)]
  0x0000000033308000 JavaThread "Thread-50" daemon [_thread_in_native, id=59728, stack(0x0000000054a00000,0x0000000054b00000)]
  0x0000000033301800 JavaThread "Config Lib config file watcher" daemon [_thread_blocked, id=56720, stack(0x0000000053360000,0x0000000053460000)]
  0x00000000332fd000 JavaThread "Thread-47" daemon [_thread_in_native, id=40816, stack(0x0000000053260000,0x0000000053360000)]
  0x0000000046e05000 JavaThread "pool-4-thread-16" [_thread_blocked, id=41428, stack(0x000000004c6e0000,0x000000004c7e0000)]
  0x0000000046e02000 JavaThread "pool-4-thread-15" [_thread_blocked, id=33808, stack(0x0000000041600000,0x0000000041700000)]
  0x0000000046e04000 JavaThread "pool-4-thread-14" [_thread_blocked, id=8856, stack(0x000000004c3e0000,0x000000004c4e0000)]
  0x0000000046e08800 JavaThread "pool-4-thread-13" [_thread_blocked, id=44872, stack(0x000000004c0e0000,0x000000004c1e0000)]
  0x0000000046e03800 JavaThread "pool-4-thread-12" [_thread_blocked, id=58788, stack(0x000000004bde0000,0x000000004bee0000)]
  0x0000000046e07000 JavaThread "pool-4-thread-11" [_thread_blocked, id=5868, stack(0x000000004bae0000,0x000000004bbe0000)]
  0x0000000046e06800 JavaThread "pool-4-thread-10" [_thread_blocked, id=19268, stack(0x000000004b8b0000,0x000000004b9b0000)]
  0x0000000046e00800 JavaThread "Thread-45" daemon [_thread_in_native, id=53660, stack(0x000000004b9e0000,0x000000004bae0000)]
  0x0000000046dff800 JavaThread "Thread-44" daemon [_thread_in_native, id=59880, stack(0x000000004b7b0000,0x000000004b8b0000)]
  0x0000000046e01000 JavaThread "pool-4-thread-9" [_thread_blocked, id=11176, stack(0x000000004b6b0000,0x000000004b7b0000)]
  0x0000000046dfd800 JavaThread "Thread-43" daemon [_thread_in_native, id=13620, stack(0x000000004b5b0000,0x000000004b6b0000)]
  0x0000000046dfc800 JavaThread "Thread-42" daemon [_thread_in_native, id=54776, stack(0x000000004b2b0000,0x000000004b3b0000)]
  0x0000000046dfc000 JavaThread "Thread-41" daemon [_thread_in_native, id=45696, stack(0x000000004b1b0000,0x000000004b2b0000)]
  0x0000000046dfe000 JavaThread "Thread-40" daemon [_thread_in_native, id=10152, stack(0x000000004b0b0000,0x000000004b1b0000)]
  0x00000000449c3000 JavaThread "Thread-39" daemon [_thread_in_native, id=59116, stack(0x000000004afb0000,0x000000004b0b0000)]
  0x00000000449c8800 JavaThread "Thread-38" daemon [_thread_in_native, id=59772, stack(0x0000000049e90000,0x0000000049f90000)]
  0x00000000449c7800 JavaThread "Thread-37" daemon [_thread_in_native, id=2736, stack(0x000000004aeb0000,0x000000004afb0000)]
  0x00000000449c0000 JavaThread "pool-4-thread-8" [_thread_blocked, id=37520, stack(0x000000004adb0000,0x000000004aeb0000)]
  0x00000000449c7000 JavaThread "Thread-36" daemon [_thread_in_native, id=38352, stack(0x000000004a840000,0x000000004a940000)]
  0x00000000449c6000 JavaThread "Thread-35" daemon [_thread_in_native, id=26628, stack(0x000000004a590000,0x000000004a690000)]
  0x00000000449c5800 JavaThread "Thread-34" daemon [_thread_in_native, id=6928, stack(0x000000004a740000,0x000000004a840000)]
  0x00000000449c4800 JavaThread "pool-4-thread-6" [_thread_blocked, id=57148, stack(0x000000004a290000,0x000000004a390000)]
  0x00000000449c4000 JavaThread "pool-4-thread-7" [_thread_blocked, id=46352, stack(0x000000004a190000,0x000000004a290000)]
  0x00000000449c2800 JavaThread "pool-4-thread-5" [_thread_blocked, id=26244, stack(0x000000004a090000,0x000000004a190000)]
  0x00000000449c1800 JavaThread "Thread-33" daemon [_thread_in_native, id=25916, stack(0x0000000049f90000,0x000000004a090000)]
  0x00000000449ba000 JavaThread "Thread-31" daemon [_thread_in_native, id=20956, stack(0x0000000049b90000,0x0000000049c90000)]
  0x00000000449c1000 JavaThread "pool-4-thread-4" [_thread_blocked, id=31872, stack(0x0000000049430000,0x0000000049530000)]
  0x00000000449ba800 JavaThread "Thread-30" daemon [_thread_in_native, id=20452, stack(0x0000000049330000,0x0000000049430000)]
  0x00000000449bd000 JavaThread "pool-4-thread-3" [_thread_blocked, id=23312, stack(0x0000000048350000,0x0000000048450000)]
  0x00000000449bc000 JavaThread "pool-4-thread-2" [_thread_blocked, id=4976, stack(0x0000000048050000,0x0000000048150000)]
  0x00000000449bd800 JavaThread "pool-4-thread-1" [_thread_blocked, id=31392, stack(0x0000000046990000,0x0000000046a90000)]
  0x00000000449bb800 JavaThread "Thread-29" daemon [_thread_in_native, id=26560, stack(0x0000000049030000,0x0000000049130000)]
  0x0000000026088800 JavaThread "Thread-28" daemon [_thread_in_native, id=34600, stack(0x00000000487e0000,0x00000000488e0000)]
  0x0000000026089000 JavaThread "Thread-27" daemon [_thread_blocked, id=23108, stack(0x00000000486e0000,0x00000000487e0000)]
  0x0000000026087800 JavaThread "Java Sound Event Dispatcher" daemon [_thread_blocked, id=16824, stack(0x0000000044150000,0x0000000044250000)]
  0x0000000026087000 JavaThread "Thread-25" daemon [_thread_blocked, id=14600, stack(0x00000000438d0000,0x00000000439d0000)]
  0x0000000026086000 JavaThread "lava-daemon-pool-info-loader-5-thread-9" daemon [_thread_blocked, id=35488, stack(0x0000000045de0000,0x0000000045ee0000)]
  0x0000000026081800 JavaThread "LavaPlayer Audio Thread" daemon [_thread_blocked, id=53280, stack(0x0000000043b50000,0x0000000043c50000)]
  0x0000000026080000 JavaThread "lava-daemon-pool-manager-6-thread-1" daemon [_thread_blocked, id=25948, stack(0x0000000043a50000,0x0000000043b50000)]
  0x000000002607f800 JavaThread "LavaPlayer Audio Thread" daemon [_thread_blocked, id=35796, stack(0x00000000427f0000,0x00000000428f0000)]
  0x0000000034b81000 JavaThread "Thread-24" daemon [_thread_in_native, id=48832, stack(0x00000000424f0000,0x00000000425f0000)]
  0x0000000026b22800 JavaThread "lava-daemon-pool-manager-3-thread-1" daemon [_thread_blocked, id=48516, stack(0x0000000042940000,0x0000000042a40000)]
  0x0000000026b19000 JavaThread "Snooper Timer" daemon [_thread_blocked, id=50332, stack(0x000000003d160000,0x000000003d260000)]
  0x0000000026b1f000 JavaThread "Timer hack thread" daemon [_thread_blocked, id=5420, stack(0x0000000036120000,0x0000000036220000)]
  0x0000000026b14800 JavaThread "Thread-20" daemon [_thread_in_native, id=8824, stack(0x0000000039750000,0x0000000039850000)]
  0x0000000026b1a800 JavaThread "Thread-19" daemon [_thread_in_native, id=30100, stack(0x0000000039650000,0x0000000039750000)]
  0x0000000026b16800 JavaThread "Thread-18" daemon [_thread_in_native, id=55904, stack(0x0000000039550000,0x0000000039650000)]
  0x0000000026b16000 JavaThread "Thread-17" daemon [_thread_in_native, id=41624, stack(0x0000000039450000,0x0000000039550000)]
  0x0000000026b1b000 JavaThread "Thread-16" daemon [_thread_in_native, id=2332, stack(0x0000000039350000,0x0000000039450000)]
  0x0000000026b19800 JavaThread "Thread-15" daemon [_thread_in_native, id=58180, stack(0x0000000039250000,0x0000000039350000)]
  0x0000000026b17800 JavaThread "Thread-14" daemon [_thread_in_native, id=4988, stack(0x0000000039150000,0x0000000039250000)]
  0x0000000026b15000 JavaThread "Thread-13" daemon [_thread_in_native, id=22904, stack(0x0000000039050000,0x0000000039150000)]
  0x0000000021297000 JavaThread "Thread-12" daemon [_thread_in_native, id=32788, stack(0x0000000038f50000,0x0000000039050000)]
  0x0000000021295800 JavaThread "Thread-11" daemon [_thread_in_native, id=50320, stack(0x0000000038e50000,0x0000000038f50000)]
  0x0000000021293800 JavaThread "Thread-10" daemon [_thread_in_native, id=33864, stack(0x0000000038d50000,0x0000000038e50000)]
  0x0000000021296800 JavaThread "Thread-9" daemon [_thread_in_native, id=29644, stack(0x0000000038c50000,0x0000000038d50000)]
  0x0000000023ebd000 JavaThread "Thread-8" daemon [_thread_in_native, id=14936, stack(0x0000000037b70000,0x0000000037c70000)]
  0x0000000024534800 JavaThread "Thread-7" daemon [_thread_in_native, id=39136, stack(0x0000000036830000,0x0000000036930000)]
  0x0000000023ebc800 JavaThread "Thread-6" daemon [_thread_in_native, id=21548, stack(0x0000000036730000,0x0000000036830000)]
  0x0000000032cb9000 JavaThread "Thread-5" daemon [_thread_in_native, id=20440, stack(0x0000000036630000,0x0000000036730000)]
  0x0000000036eee800 JavaThread "Thread-4" daemon [_thread_in_native, id=59500, stack(0x0000000036290000,0x0000000036390000)]
  0x000000002475e800 JavaThread "Thread-2" daemon [_thread_in_native, id=57052, stack(0x0000000027140000,0x0000000027240000)]
  0x000000002514b800 JavaThread "Thread-1" daemon [_thread_blocked, id=58208, stack(0x0000000027040000,0x0000000027140000)]
  0x000000002130b000 JavaThread "Service Thread" daemon [_thread_blocked, id=55996, stack(0x0000000023a60000,0x0000000023b60000)]
  0x0000000021294000 JavaThread "C1 CompilerThread11" daemon [_thread_blocked, id=41860, stack(0x0000000023960000,0x0000000023a60000)]
  0x0000000021295000 JavaThread "C1 CompilerThread10" daemon [_thread_blocked, id=34116, stack(0x0000000023860000,0x0000000023960000)]
  0x0000000021292800 JavaThread "C1 CompilerThread9" daemon [_thread_blocked, id=55872, stack(0x0000000023760000,0x0000000023860000)]
  0x0000000021291000 JavaThread "C1 CompilerThread8" daemon [_thread_blocked, id=59676, stack(0x0000000023560000,0x0000000023660000)]
  0x000000002127b800 JavaThread "C2 CompilerThread7" daemon [_thread_blocked, id=60156, stack(0x0000000023460000,0x0000000023560000)]
  0x0000000021273000 JavaThread "C2 CompilerThread6" daemon [_thread_blocked, id=8952, stack(0x0000000023360000,0x0000000023460000)]
  0x000000002124a000 JavaThread "C2 CompilerThread5" daemon [_thread_blocked, id=24632, stack(0x0000000023260000,0x0000000023360000)]
  0x0000000021235000 JavaThread "C2 CompilerThread4" daemon [_thread_blocked, id=52036, stack(0x0000000023160000,0x0000000023260000)]
  0x000000002122c000 JavaThread "C2 CompilerThread3" daemon [_thread_blocked, id=2796, stack(0x0000000023060000,0x0000000023160000)]
  0x0000000021229000 JavaThread "C2 CompilerThread2" daemon [_thread_blocked, id=46620, stack(0x0000000022f60000,0x0000000023060000)]
  0x0000000021225000 JavaThread "C2 CompilerThread1" daemon [_thread_blocked, id=39068, stack(0x0000000022e60000,0x0000000022f60000)]
  0x0000000021223000 JavaThread "C2 CompilerThread0" daemon [_thread_blocked, id=29096, stack(0x0000000022d60000,0x0000000022e60000)]
  0x0000000021222800 JavaThread "Attach Listener" daemon [_thread_blocked, id=32084, stack(0x0000000022c60000,0x0000000022d60000)]
  0x000000002121f000 JavaThread "Signal Dispatcher" daemon [_thread_blocked, id=45016, stack(0x0000000022b60000,0x0000000022c60000)]
  0x000000001f7b6000 JavaThread "Finalizer" daemon [_thread_blocked, id=39164, stack(0x0000000022a60000,0x0000000022b60000)]
  0x000000001f7ad000 JavaThread "Reference Handler" daemon [_thread_blocked, id=50512, stack(0x0000000022960000,0x0000000022a60000)]
=>0x0000000003204000 JavaThread "Render thread" [_thread_in_native, id=14892, stack(0x0000000003100000,0x0000000003200000)]

Other Threads:
  0x00000000211e4000 VMThread [stack: 0x0000000022860000,0x0000000022960000] [id=14016]
  0x000000002130c000 WatcherThread [stack: 0x0000000023b60000,0x0000000023c60000] [id=48096]

VM state:not at safepoint (normal execution)

VM Mutex/Monitor currently owned by a thread: None

Heap:
 PSYoungGen      total 1713664K, used 613514K [0x0000000756000000, 0x00000007c0000000, 0x00000007c0000000)
  eden space 1697792K, 35% used [0x0000000756000000,0x000000077a7a2a88,0x00000007bda00000)
  from space 15872K, 99% used [0x00000007bf080000,0x00000007bffffd90,0x00000007c0000000)
  to   space 19456K, 0% used [0x00000007bda00000,0x00000007bda00000,0x00000007bed00000)
 ParOldGen       total 3120128K, used 2836041K [0x0000000682000000, 0x0000000740700000, 0x0000000756000000)
  object space 3120128K, 90% used [0x0000000682000000,0x000000072f192438,0x0000000740700000)
 Metaspace       used 289569K, capacity 335902K, committed 336000K, reserved 1325056K
  class space    used 48909K, capacity 60264K, committed 60288K, reserved 1048576K

Card table byte_map: [0x00000000126c0000,0x00000000130c0000] byte_map_base: 0x000000000f2b0000

Marking Bits: (ParMarkBitMap*) 0x0000000074a94040
 Begin Bits: [0x0000000014460000, 0x00000000193e0000)
 End Bits:   [0x00000000193e0000, 0x000000001e360000)

Polling page: 0x0000000002f60000

CodeCache: size=245760Kb used=187807Kb max_used=187846Kb free=57952Kb
 bounds [0x0000000003300000, 0x000000000eba0000, 0x0000000012300000]
 total_blobs=50942 nmethods=48124 adapters=2717
 compilation: enabled

Compilation events (10 events):
Event: 2595.653 Thread 0x0000000021225000 nmethod 74832 0x000000000b7c8c10 code [0x000000000b7c8dc0, 0x000000000b7c97d8]
Event: 2595.653 Thread 0x0000000021229000 nmethod 74833 0x000000000cddf5d0 code [0x000000000cddf780, 0x000000000cde0438]
Event: 2595.653 Thread 0x000000002127b800 74834       4       mod.beethoven92.betterendforge.common.block.StalactiteBlock::func_220053_a (18 bytes)
Event: 2595.655 Thread 0x000000002127b800 nmethod 74834 0x000000000c8ff550 code [0x000000000c8ff6a0, 0x000000000c8ff788]
Event: 2595.717 Thread 0x0000000021223000 74835       4       mod.beethoven92.betterendforge.common.block.ModLanternBlock::func_220053_a (26 bytes)
Event: 2595.719 Thread 0x0000000021223000 nmethod 74835 0x000000000b7c8890 code [0x000000000b7c89e0, 0x000000000b7c8ac8]
Event: 2595.812 Thread 0x0000000021291000 74836       3       java.util.regex.Pattern$LastMatch::match (21 bytes)
Event: 2595.812 Thread 0x0000000021273000 74837       4       net.minecraftforge.fml.loading.moddiscovery.ModFile::getModInfos (10 bytes)
Event: 2595.812 Thread 0x0000000021291000 nmethod 74836 0x0000000004cb7550 code [0x0000000004cb76c0, 0x0000000004cb7928]
Event: 2595.813 Thread 0x0000000021273000 nmethod 74837 0x00000000098f6b10 code [0x00000000098f6c60, 0x00000000098f6cf8]

GC Heap History (10 events):
Event: 2571.755 GC heap before
{Heap before GC invocations=541 (full 9):
 PSYoungGen      total 1724928K, used 1721161K [0x0000000756000000, 0x00000007c0000000, 0x00000007c0000000)
  eden space 1713152K, 100% used [0x0000000756000000,0x00000007be900000,0x00000007be900000)
  from space 11776K, 68% used [0x00000007be900000,0x00000007bf0d2580,0x00000007bf480000)
  to   space 11776K, 0% used [0x00000007bf480000,0x00000007bf480000,0x00000007c0000000)
 ParOldGen       total 3120128K, used 2825145K [0x0000000682000000, 0x0000000740700000, 0x0000000756000000)
  object space 3120128K, 90% used [0x0000000682000000,0x000000072e6ee640,0x0000000740700000)
 Metaspace       used 289295K, capacity 335446K, committed 335744K, reserved 1325056K
  class space    used 48852K, capacity 60188K, committed 60288K, reserved 1048576K
Event: 2571.768 GC heap after
Heap after GC invocations=541 (full 9):
 PSYoungGen      total 1724928K, used 8009K [0x0000000756000000, 0x00000007c0000000, 0x00000007c0000000)
  eden space 1713152K, 0% used [0x0000000756000000,0x0000000756000000,0x00000007be900000)
  from space 11776K, 68% used [0x00000007bf480000,0x00000007bfc52590,0x00000007c0000000)
  to   space 11776K, 0% used [0x00000007be900000,0x00000007be900000,0x00000007bf480000)
 ParOldGen       total 3120128K, used 2825541K [0x0000000682000000, 0x0000000740700000, 0x0000000756000000)
  object space 3120128K, 90% used [0x0000000682000000,0x000000072e7516e8,0x0000000740700000)
 Metaspace       used 289295K, capacity 335446K, committed 335744K, reserved 1325056K
  class space    used 48852K, capacity 60188K, committed 60288K, reserved 1048576K
}
Event: 2577.568 GC heap before
{Heap before GC invocations=542 (full 9):
 PSYoungGen      total 1724928K, used 1721161K [0x0000000756000000, 0x00000007c0000000, 0x00000007c0000000)
  eden space 1713152K, 100% used [0x0000000756000000,0x00000007be900000,0x00000007be900000)
  from space 11776K, 68% used [0x00000007bf480000,0x00000007bfc52590,0x00000007c0000000)
  to   space 11776K, 0% used [0x00000007be900000,0x00000007be900000,0x00000007bf480000)
 ParOldGen       total 3120128K, used 2825541K [0x0000000682000000, 0x0000000740700000, 0x0000000756000000)
  object space 3120128K, 90% used [0x0000000682000000,0x000000072e7516e8,0x0000000740700000)
 Metaspace       used 289296K, capacity 335446K, committed 335744K, reserved 1325056K
  class space    used 48853K, capacity 60188K, committed 60288K, reserved 1048576K
Event: 2577.584 GC heap after
Heap after GC invocations=542 (full 9):
 PSYoungGen      total 1724928K, used 11761K [0x0000000756000000, 0x00000007c0000000, 0x00000007c0000000)
  eden space 1713152K, 0% used [0x0000000756000000,0x0000000756000000,0x00000007be900000)
  from space 11776K, 99% used [0x00000007be900000,0x00000007bf47c6b8,0x00000007bf480000)
  to   space 11776K, 0% used [0x00000007bf480000,0x00000007bf480000,0x00000007c0000000)
 ParOldGen       total 3120128K, used 2830235K [0x0000000682000000, 0x0000000740700000, 0x0000000756000000)
  object space 3120128K, 90% used [0x0000000682000000,0x000000072ebe6d80,0x0000000740700000)
 Metaspace       used 289296K, capacity 335446K, committed 335744K, reserved 1325056K
  class space    used 48853K, capacity 60188K, committed 60288K, reserved 1048576K
}
Event: 2582.563 GC heap before
{Heap before GC invocations=543 (full 9):
 PSYoungGen      total 1724928K, used 1724913K [0x0000000756000000, 0x00000007c0000000, 0x00000007c0000000)
  eden space 1713152K, 100% used [0x0000000756000000,0x00000007be900000,0x00000007be900000)
  from space 11776K, 99% used [0x00000007be900000,0x00000007bf47c6b8,0x00000007bf480000)
  to   space 11776K, 0% used [0x00000007bf480000,0x00000007bf480000,0x00000007c0000000)
 ParOldGen       total 3120128K, used 2830235K [0x0000000682000000, 0x0000000740700000, 0x0000000756000000)
  object space 3120128K, 90% used [0x0000000682000000,0x000000072ebe6d80,0x0000000740700000)
 Metaspace       used 289298K, capacity 335446K, committed 335744K, reserved 1325056K
  class space    used 48853K, capacity 60188K, committed 60288K, reserved 1048576K
Event: 2582.577 GC heap after
Heap after GC invocations=543 (full 9):
 PSYoungGen      total 1716736K, used 11745K [0x0000000756000000, 0x00000007c0000000, 0x00000007c0000000)
  eden space 1704960K, 0% used [0x0000000756000000,0x0000000756000000,0x00000007be100000)
  from space 11776K, 99% used [0x00000007bf480000,0x00000007bfff8600,0x00000007c0000000)
  to   space 15872K, 0% used [0x00000007be100000,0x00000007be100000,0x00000007bf080000)
 ParOldGen       total 3120128K, used 2831383K [0x0000000682000000, 0x0000000740700000, 0x0000000756000000)
  object space 3120128K, 90% used [0x0000000682000000,0x000000072ed05e78,0x0000000740700000)
 Metaspace       used 289298K, capacity 335446K, committed 335744K, reserved 1325056K
  class space    used 48853K, capacity 60188K, committed 60288K, reserved 1048576K
}
Event: 2588.957 GC heap before
{Heap before GC invocations=544 (full 9):
 PSYoungGen      total 1716736K, used 1716705K [0x0000000756000000, 0x00000007c0000000, 0x00000007c0000000)
  eden space 1704960K, 100% used [0x0000000756000000,0x00000007be100000,0x00000007be100000)
  from space 11776K, 99% used [0x00000007bf480000,0x00000007bfff8600,0x00000007c0000000)
  to   space 15872K, 0% used [0x00000007be100000,0x00000007be100000,0x00000007bf080000)
 ParOldGen       total 3120128K, used 2831383K [0x0000000682000000, 0x0000000740700000, 0x0000000756000000)
  object space 3120128K, 90% used [0x0000000682000000,0x000000072ed05e78,0x0000000740700000)
 Metaspace       used 289298K, capacity 335446K, committed 335744K, reserved 1325056K
  class space    used 48853K, capacity 60188K, committed 60288K, reserved 1048576K
Event: 2588.973 GC heap after
Heap after GC invocations=544 (full 9):
 PSYoungGen      total 1720832K, used 11489K [0x0000000756000000, 0x00000007c0000000, 0x00000007c0000000)
  eden space 1704960K, 0% used [0x0000000756000000,0x0000000756000000,0x00000007be100000)
  from space 15872K, 72% used [0x00000007be100000,0x00000007bec385f0,0x00000007bf080000)
  to   space 15872K, 0% used [0x00000007bf080000,0x00000007bf080000,0x00000007c0000000)
 ParOldGen       total 3120128K, used 2831663K [0x0000000682000000, 0x0000000740700000, 0x0000000756000000)
  object space 3120128K, 90% used [0x0000000682000000,0x000000072ed4be78,0x0000000740700000)
 Metaspace       used 289298K, capacity 335446K, committed 335744K, reserved 1325056K
  class space    used 48853K, capacity 60188K, committed 60288K, reserved 1048576K
}
Event: 2595.308 GC heap before
{Heap before GC invocations=545 (full 9):
 PSYoungGen      total 1720832K, used 1716449K [0x0000000756000000, 0x00000007c0000000, 0x00000007c0000000)
  eden space 1704960K, 100% used [0x0000000756000000,0x00000007be100000,0x00000007be100000)
  from space 15872K, 72% used [0x00000007be100000,0x00000007bec385f0,0x00000007bf080000)
  to   space 15872K, 0% used [0x00000007bf080000,0x00000007bf080000,0x00000007c0000000)
 ParOldGen       total 3120128K, used 2831663K [0x0000000682000000, 0x0000000740700000, 0x0000000756000000)
  object space 3120128K, 90% used [0x0000000682000000,0x000000072ed4be78,0x0000000740700000)
 Metaspace       used 289554K, capacity 335890K, committed 336000K, reserved 1325056K
  class space    used 48909K, capacity 60264K, committed 60288K, reserved 1048576K
Event: 2595.325 GC heap after
Heap after GC invocations=545 (full 9):
 PSYoungGen      total 1713664K, used 15871K [0x0000000756000000, 0x00000007c0000000, 0x00000007c0000000)
  eden space 1697792K, 0% used [0x0000000756000000,0x0000000756000000,0x00000007bda00000)
  from space 15872K, 99% used [0x00000007bf080000,0x00000007bffffd90,0x00000007c0000000)
  to   space 19456K, 0% used [0x00000007bda00000,0x00000007bda00000,0x00000007bed00000)
 ParOldGen       total 3120128K, used 2836041K [0x0000000682000000, 0x0000000740700000, 0x0000000756000000)
  object space 3120128K, 90% used [0x0000000682000000,0x000000072f192438,0x0000000740700000)
 Metaspace       used 289554K, capacity 335890K, committed 336000K, reserved 1325056K
  class space    used 48909K, capacity 60264K, committed 60288K, reserved 1048576K
}

Deoptimization events (10 events):
Event: 2595.203 Thread 0x0000000003204000 Uncommon trap: reason=bimorphic action=maybe_recompile pc=0x00000000072b67b4 method=java.util.regex.Pattern$Behind.match(Ljava/util/regex/Matcher;ILjava/lang/CharSequence;)Z @ 125
Event: 2595.203 Thread 0x0000000003204000 Uncommon trap: reason=bimorphic action=maybe_recompile pc=0x00000000072b67b4 method=java.util.regex.Pattern$Behind.match(Ljava/util/regex/Matcher;ILjava/lang/CharSequence;)Z @ 125
Event: 2595.203 Thread 0x0000000003204000 Uncommon trap: reason=bimorphic action=maybe_recompile pc=0x00000000072b67b4 method=java.util.regex.Pattern$Behind.match(Ljava/util/regex/Matcher;ILjava/lang/CharSequence;)Z @ 125
Event: 2595.204 Thread 0x0000000003204000 Uncommon trap: reason=class_check action=maybe_recompile pc=0x000000000844815c method=java.util.stream.Streams$StreamBuilderImpl.tryAdvance(Ljava/util/function/Consumer;)Z @ 19
Event: 2595.221 Thread 0x0000000003204000 Uncommon trap: reason=uninitialized action=reinterpret pc=0x000000000614b588 method=net.minecraft.client.gui.screen.Screen.func_231153_a_(Ljava/lang/Runnable;Ljava/lang/String;Ljava/lang/String;)V @ 33
Event: 2595.223 Thread 0x0000000003204000 Uncommon trap: reason=uninitialized action=reinterpret pc=0x00000000060e21b4 method=net.minecraft.client.Minecraft.func_99999_d()V @ 220
Event: 2595.228 Thread 0x0000000003204000 Uncommon trap: reason=unstable_if action=reinterpret pc=0x000000000cd9a648 method=io.netty.channel.local.LocalChannel.isOpen()Z @ 7
Event: 2595.736 Thread 0x0000000003204000 Uncommon trap: reason=unstable_if action=reinterpret pc=0x00000000087ee228 method=java.nio.Bits.copyFromArray(Ljava/lang/Object;JJJJ)V @ 18
Event: 2595.822 Thread 0x0000000003204000 Uncommon trap: reason=unstable_if action=reinterpret pc=0x000000000bf39574 method=org.apache.logging.log4j.core.impl.ExtendedStackTraceElement.render(Ljava/lang/StackTraceElement;Ljava/lang/StringBuilder;Lorg/apache/logging/log4j/core/pattern/TextRenderer;Ôœ¼È¤G¤@
Event: 2595.822 Thread 0x0000000003204000 Uncommon trap: reason=unstable_if action=reinterpret pc=0x000000000bf002ac method=org.apache.logging.log4j.core.impl.ExtendedStackTraceElement.render(Ljava/lang/StackTraceElement;Ljava/lang/StringBuilder;Lorg/apache/logging/log4j/core/pattern/TextRenderer;”±ë(hF¤@

Internal exceptions (10 events):
Event: 2595.096 Thread 0x0000000026af9000 Exception <a 'sun/nio/fs/WindowsException'> (0x00000007b331edd8) thrown at [C:\re\workspace\8-2-build-windows-amd64-cygwin\jdk8u51\3951\hotspot\src\share\vm\prims\jni.cpp, line 709]
Event: 2595.104 Thread 0x0000000026af9000 Exception <a 'java/lang/IncompatibleClassChangeError': Found class java.lang.Object, but interface was expected> (0x00000007b3377e90) thrown at [C:\re\workspace\8-2-build-windows-amd64-cygwin\jdk8u51\3951\hotspot\src\share\vm\interpreter\linkResolver.cpp, œ·ûfpF¤@
Event: 2595.220 Thread 0x0000000003204000 Exception <a 'java/lang/ClassNotFoundException': net.minecraft.client.gui.screen.IngameMenuScreen$$Lambda$23381/53379588> (0x00000007ab66ab70) thrown at [C:\re\workspace\8-2-build-windows-amd64-cygwin\jdk8u51\3951\hotspot\src\share\vm\prims\jni.cpp, line 7áQtnpF¤@
Event: 2595.220 Thread 0x0000000003204000 Exception <a 'java/lang/ClassNotFoundException': net.minecraft.client.MouseHelper$$Lambda$18270/655408633> (0x00000007ab66b140) thrown at [C:\re\workspace\8-2-build-windows-amd64-cygwin\jdk8u51\3951\hotspot\src\share\vm\prims\jni.cpp, line 735]
Event: 2595.220 Thread 0x0000000003204000 Exception <a 'java/lang/ClassNotFoundException': net.minecraft.client.MouseHelper$$Lambda$18268/1355560664> (0x00000007ab66b6d8) thrown at [C:\re\workspace\8-2-build-windows-amd64-cygwin\jdk8u51\3951\hotspot\src\share\vm\prims\jni.cpp, line 735]
Event: 2595.220 Thread 0x0000000003204000 Exception <a 'java/lang/ClassNotFoundException': net.minecraft.client.MouseHelper$$Lambda$13771/1728205609> (0x00000007ab66bc70) thrown at [C:\re\workspace\8-2-build-windows-amd64-cygwin\jdk8u51\3951\hotspot\src\share\vm\prims\jni.cpp, line 735]
Event: 2595.220 Thread 0x0000000003204000 Exception <a 'java/lang/ClassNotFoundException': net.minecraftforge.fml.loading.FMLClientLaunchProvider$$Lambda$502/1280730191> (0x00000007ab670ca0) thrown at [C:\re\workspace\8-2-build-windows-amd64-cygwin\jdk8u51\3951\hotspot\src\share\vm\prims\jni.cpp, 
Event: 2595.225 Thread 0x0000000003204000 Exception <a 'java/lang/NoSuchMethodError': java.lang.Object.func_210211_Z()Ljava/lang/String;> (0x00000007ab6bbaf0) thrown at [C:\re\workspace\8-2-build-windows-amd64-cygwin\jdk8u51\3951\hotspot\src\share\vm\interpreter\linkResolver.cpp, line 582]
Event: 2595.225 Thread 0x0000000003204000 Exception <a 'java/lang/NoSuchMethodError': java.lang.Object.func_210215_Y()Ljava/lang/String;> (0x00000007ab6c2ad8) thrown at [C:\re\workspace\8-2-build-windows-amd64-cygwin\jdk8u51\3951\hotspot\src\share\vm\interpreter\linkResolver.cpp, line 582]
Event: 2595.821 Thread 0x0000000003204000 Exception <a 'java/lang/ClassNotFoundException': net.minecraftforge.fml.loading.FMLClientLaunchProvider$$Lambda$502/1280730191> (0x0000000758527aa0) thrown at [C:\re\workspace\8-2-build-windows-amd64-cygwin\jdk8u51\3951\hotspot\src\share\vm\prims\jni.cpp, ¼°5[1F¤@

Events (10 events):
Event: 2595.795 loading class java/util/AbstractList$SubList done
Event: 2595.822 Thread 0x0000000003204000 Uncommon trap: trap_request=0xffffff65 fr.pc=0x000000000bf39574
Event: 2595.822 Thread 0x0000000003204000 DEOPT PACKING pc=0x000000000bf39574 sp=0x00000000031fe1b0
Event: 2595.822 Thread 0x0000000003204000 DEOPT UNPACKING pc=0x000000000334582a sp=0x00000000031fe0e0 mode 2
Event: 2595.822 Thread 0x0000000003204000 Uncommon trap: trap_request=0xffffff65 fr.pc=0x000000000bf002ac
Event: 2595.822 Thread 0x0000000003204000 DEOPT PACKING pc=0x000000000bf002ac sp=0x00000000031fe0c0
Event: 2595.822 Thread 0x0000000003204000 DEOPT UNPACKING pc=0x000000000334582a sp=0x00000000031fe0b8 mode 2
Event: 2595.825 Thread 0x0000000046e02800 Thread exited: 0x0000000046e02800
Event: 2595.854 Thread 0x0000000038ad8800 Thread exited: 0x0000000038ad8800
Event: 2595.855 Thread 0x0000000033303800 Thread exited: 0x0000000033303800


Dynamic libraries:
0x00007ff626220000 - 0x00007ff626257000 	C:\Games\CurseForge\Minecraft\Install\runtime\jre-legacy\windows-x64\jre-legacy\bin\javaw.exe
0x00007ffde14b0000 - 0x00007ffde16a8000 	C:\Windows\SYSTEM32\ntdll.dll
0x00007ffddfe50000 - 0x00007ffddff0d000 	C:\Windows\System32\KERNEL32.DLL
0x00007ffddee80000 - 0x00007ffddf14e000 	C:\Windows\System32\KERNELBASE.dll
0x00007ffddffd0000 - 0x00007ffde007e000 	C:\Windows\System32\ADVAPI32.dll
0x00007ffde02b0000 - 0x00007ffde034e000 	C:\Windows\System32\msvcrt.dll
0x00007ffde07c0000 - 0x00007ffde085c000 	C:\Windows\System32\sechost.dll
0x00007ffde10e0000 - 0x00007ffde1205000 	C:\Windows\System32\RPCRT4.dll
0x00007ffde0110000 - 0x00007ffde02b0000 	C:\Windows\System32\USER32.dll
0x00007ffddf3e0000 - 0x00007ffddf402000 	C:\Windows\System32\win32u.dll
0x00007ffde0790000 - 0x00007ffde07ba000 	C:\Windows\System32\GDI32.dll
0x00007ffddec80000 - 0x00007ffdded8b000 	C:\Windows\System32\gdi32full.dll
0x00007ffddf340000 - 0x00007ffddf3dd000 	C:\Windows\System32\msvcp_win.dll
0x00007ffddf410000 - 0x00007ffddf510000 	C:\Windows\System32\ucrtbase.dll
0x00007ffdce800000 - 0x00007ffdcea9a000 	C:\Windows\WinSxS\amd64_microsoft.windows.common-controls_6595b64144ccf1df_6.0.19041.1110_none_60b5254171f9507e\COMCTL32.dll
0x00007ffde1430000 - 0x00007ffde1460000 	C:\Windows\System32\IMM32.DLL
0x0000000075120000 - 0x00000000751f2000 	C:\Games\CurseForge\Minecraft\Install\runtime\jre-legacy\windows-x64\jre-legacy\bin\msvcr100.dll
0x0000000074290000 - 0x0000000074b13000 	C:\Games\CurseForge\Minecraft\Install\runtime\jre-legacy\windows-x64\jre-legacy\bin\server\jvm.dll
0x00007ffddf5f0000 - 0x00007ffddf5f8000 	C:\Windows\System32\PSAPI.DLL
0x00007ffdd0120000 - 0x00007ffdd0147000 	C:\Windows\SYSTEM32\WINMM.dll
0x00007ffdd2500000 - 0x00007ffdd250a000 	C:\Windows\SYSTEM32\VERSION.dll
0x00007ffdb0ca0000 - 0x00007ffdb0ca9000 	C:\Windows\SYSTEM32\WSOCK32.dll
0x00007ffde13c0000 - 0x00007ffde142b000 	C:\Windows\System32\WS2_32.dll
0x0000000075110000 - 0x000000007511f000 	C:\Games\CurseForge\Minecraft\Install\runtime\jre-legacy\windows-x64\jre-legacy\bin\verify.dll
0x00000000750e0000 - 0x0000000075109000 	C:\Games\CurseForge\Minecraft\Install\runtime\jre-legacy\windows-x64\jre-legacy\bin\java.dll
0x00000000750c0000 - 0x00000000750d6000 	C:\Games\CurseForge\Minecraft\Install\runtime\jre-legacy\windows-x64\jre-legacy\bin\zip.dll
0x00007ffde0990000 - 0x00007ffde10d4000 	C:\Windows\System32\SHELL32.dll
0x00007ffddca10000 - 0x00007ffddd1a4000 	C:\Windows\SYSTEM32\windows.storage.dll
0x00007ffde0430000 - 0x00007ffde0784000 	C:\Windows\System32\combase.dll
0x00007ffdde630000 - 0x00007ffdde660000 	C:\Windows\SYSTEM32\Wldp.dll
0x00007ffde08c0000 - 0x00007ffde096d000 	C:\Windows\System32\SHCORE.dll
0x00007ffde0860000 - 0x00007ffde08b5000 	C:\Windows\System32\shlwapi.dll
0x00007ffddeb10000 - 0x00007ffddeb2f000 	C:\Windows\SYSTEM32\profapi.dll
0x00000000750b0000 - 0x00000000750bd000 	C:\Games\CurseForge\Minecraft\Install\runtime\jre-legacy\windows-x64\jre-legacy\bin\management.dll
0x0000000075090000 - 0x00000000750aa000 	C:\Games\CurseForge\Minecraft\Install\runtime\jre-legacy\windows-x64\jre-legacy\bin\net.dll
0x00007ffdde390000 - 0x00007ffdde3fa000 	C:\Windows\system32\mswsock.dll
0x00007ffdbabb0000 - 0x00007ffdbabc7000 	C:\Windows\system32\napinsp.dll
0x00007ffdb7bc0000 - 0x00007ffdb7bdb000 	C:\Windows\system32\pnrpnsp.dll
0x00007ffdd9c80000 - 0x00007ffdd9c95000 	C:\Windows\system32\wshbth.dll
0x00007ffdd9e30000 - 0x00007ffdd9e4d000 	C:\Windows\system32\NLAapi.dll
0x00007ffdde030000 - 0x00007ffdde06b000 	C:\Windows\SYSTEM32\IPHLPAPI.DLL
0x00007ffdde070000 - 0x00007ffdde13b000 	C:\Windows\SYSTEM32\DNSAPI.dll
0x00007ffde1460000 - 0x00007ffde1468000 	C:\Windows\System32\NSI.dll
0x00007ffdb6290000 - 0x00007ffdb62a2000 	C:\Windows\System32\winrnr.dll
0x00007ffdd7940000 - 0x00007ffdd794a000 	C:\Windows\System32\rasadhlp.dll
0x00007ffdcfd90000 - 0x00007ffdcfe10000 	C:\Windows\System32\fwpuclnt.dll
0x00007ffddee00000 - 0x00007ffddee27000 	C:\Windows\System32\bcrypt.dll
0x0000000075070000 - 0x0000000075081000 	C:\Games\CurseForge\Minecraft\Install\runtime\jre-legacy\windows-x64\jre-legacy\bin\nio.dll
0x0000000074de0000 - 0x0000000074e04000 	C:\Games\CurseForge\Minecraft\Install\runtime\jre-legacy\windows-x64\jre-legacy\bin\sunec.dll
0x00007ffdde580000 - 0x00007ffdde598000 	C:\Windows\SYSTEM32\CRYPTSP.dll
0x00007ffdddca0000 - 0x00007ffdddcd4000 	C:\Windows\system32\rsaenh.dll
0x00007ffddead0000 - 0x00007ffddeafe000 	C:\Windows\SYSTEM32\USERENV.dll
0x00007ffddf150000 - 0x00007ffddf1d2000 	C:\Windows\System32\bcryptprimitives.dll
0x00007ffdde5a0000 - 0x00007ffdde5ac000 	C:\Windows\SYSTEM32\CRYPTBASE.dll
0x00007ffdd3e90000 - 0x00007ffdd3ea7000 	C:\Windows\SYSTEM32\dhcpcsvc6.DLL
0x00007ffdd4200000 - 0x00007ffdd421d000 	C:\Windows\SYSTEM32\dhcpcsvc.DLL
0x00007ffdd08e0000 - 0x00007ffdd0952000 	C:\Games\CurseForge\Minecraft\Install\bin\400bfa34b81004aabb21f7dd792d5eb2eb8d7b12\lwjgl.dll
0x00007ffd492c0000 - 0x00007ffd49511000 	C:\Games\CurseForge\Minecraft\Install\bin\400bfa34b81004aabb21f7dd792d5eb2eb8d7b12\jemalloc.dll
0x00007ffdd4a60000 - 0x00007ffdd4abe000 	C:\Games\CurseForge\Minecraft\Install\bin\400bfa34b81004aabb21f7dd792d5eb2eb8d7b12\glfw.dll
0x00007ffddb510000 - 0x00007ffddb5ae000 	C:\Windows\system32\uxtheme.dll
0x00007ffdaebf0000 - 0x00007ffdaec35000 	C:\Windows\SYSTEM32\dinput8.dll
0x00007ffdad800000 - 0x00007ffdad811000 	C:\Windows\SYSTEM32\xinput1_4.dll
0x00007ffddee30000 - 0x00007ffddee7e000 	C:\Windows\System32\cfgmgr32.dll
0x00007ffdde980000 - 0x00007ffdde9ac000 	C:\Windows\SYSTEM32\DEVOBJ.dll
0x00007ffddbac0000 - 0x00007ffddbaef000 	C:\Windows\SYSTEM32\dwmapi.dll
0x00007ffdc9870000 - 0x00007ffdc99c2000 	C:\Windows\SYSTEM32\inputhost.dll
0x00007ffde0350000 - 0x00007ffde041d000 	C:\Windows\System32\OLEAUT32.dll
0x00007ffddb1f0000 - 0x00007ffddb2e2000 	C:\Windows\SYSTEM32\CoreMessaging.dll
0x00007ffdd9f50000 - 0x00007ffdda046000 	C:\Windows\SYSTEM32\PROPSYS.dll
0x00007ffdda360000 - 0x00007ffdda4b4000 	C:\Windows\SYSTEM32\wintypes.dll
0x00007ffddae90000 - 0x00007ffddb1ee000 	C:\Windows\SYSTEM32\CoreUIComponents.dll
0x00007ffddd8c0000 - 0x00007ffddd8f3000 	C:\Windows\SYSTEM32\ntmarta.dll
0x00007ffddd450000 - 0x00007ffddd462000 	C:\Windows\SYSTEM32\kernel.appcore.dll
0x00007ffda9d60000 - 0x00007ffda9e99000 	C:\ProgramData\A-Volute\A-Volute.Nahimic\Modules\Scheduled\x64\AudioDevProps2.dll
0x00007ffddf600000 - 0x00007ffddf72a000 	C:\Windows\System32\ole32.dll
0x00007ffd82750000 - 0x00007ffd828a3000 	C:\Program Files (x86)\Stardock\Fences\FencesMenu64.dll
0x00007ffdd96b0000 - 0x00007ffdd96c4000 	C:\Windows\SYSTEM32\WTSAPI32.dll
0x00007ffdceaa0000 - 0x00007ffdcec45000 	C:\Windows\WinSxS\amd64_microsoft.windows.gdiplus_6595b64144ccf1df_1.1.19041.1706_none_919e8e54cc8d4ca1\gdiplus.dll
0x00007ffdce180000 - 0x00007ffdce298000 	C:\Program Files (x86)\Stardock\Groupy\groupy_64.dll
0x00007ffddf810000 - 0x00007ffddf925000 	C:\Windows\System32\MSCTF.dll
0x00007ffddd420000 - 0x00007ffddd42d000 	C:\Windows\SYSTEM32\HID.DLL
0x00007ffddf9e0000 - 0x00007ffddfe4f000 	C:\Windows\System32\SETUPAPI.DLL
0x00007ffdded90000 - 0x00007ffddedf7000 	C:\Windows\System32\WINTRUST.dll
0x00007ffddf1e0000 - 0x00007ffddf336000 	C:\Windows\System32\CRYPT32.dll
0x00007ffdde7c0000 - 0x00007ffdde7d2000 	C:\Windows\SYSTEM32\MSASN1.dll
0x00007ffd78a10000 - 0x00007ffd78b37000 	C:\Windows\SYSTEM32\opengl32.dll
0x00007ffd79170000 - 0x00007ffd7919c000 	C:\Windows\SYSTEM32\GLU32.dll
0x00007ffddf930000 - 0x00007ffddf9d9000 	C:\Windows\System32\clbcatq.dll
0x00007ffd426f0000 - 0x00007ffd4697a000 	C:\Windows\System32\DriverStore\FileRepository\nvlti.inf_amd64_f313b6b92f428254\nvoglv64.dll
0x00007ffdd24c0000 - 0x00007ffdd24f1000 	C:\Windows\SYSTEM32\cryptnet.dll
0x00007ffdd21b0000 - 0x00007ffdd22f8000 	C:\Windows\SYSTEM32\drvstore.dll
0x00007ffdd2560000 - 0x00007ffdd259b000 	C:\Windows\SYSTEM32\dxcore.dll
0x00007ffd99bc0000 - 0x00007ffd99e91000 	C:\Windows\system32\nvspcap64.dll
0x00007ffdde1a0000 - 0x00007ffdde1eb000 	C:\Windows\SYSTEM32\powrprof.dll
0x00007ffdde010000 - 0x00007ffdde022000 	C:\Windows\SYSTEM32\UMPDC.dll
0x00007ffddd970000 - 0x00007ffddd9ca000 	C:\Windows\SYSTEM32\WINSTA.dll
0x00007ffdd0620000 - 0x00007ffdd069f000 	C:\Games\CurseForge\Minecraft\Install\bin\400bfa34b81004aabb21f7dd792d5eb2eb8d7b12\lwjgl_stb.dll
0x00007ffdd8ad0000 - 0x00007ffdd8b7e000 	C:\Windows\SYSTEM32\mscms.dll
0x00007ffdd8a50000 - 0x00007ffdd8a61000 	C:\Windows\SYSTEM32\ColorAdapterClient.dll
0x00007ffdda310000 - 0x00007ffdda353000 	C:\Windows\SYSTEM32\icm32.dll
0x00007ffdc9770000 - 0x00007ffdc9869000 	C:\Windows\SYSTEM32\textinputframework.dll
0x00007ffdd7060000 - 0x00007ffdd70c6000 	C:\Windows\system32\Oleacc.dll
0x00007ffdcf5f0000 - 0x00007ffdcf648000 	C:\Games\CurseForge\Minecraft\Install\bin\400bfa34b81004aabb21f7dd792d5eb2eb8d7b12\lwjgl_opengl.dll
0x00007ffd9ae90000 - 0x00007ffd9aed2000 	C:\Users\NukelordBrown\AppData\Local\Temp\jna--1590639904\jna6147835937584157272.dll
0x0000000074dd0000 - 0x0000000074ddc000 	C:\Games\CurseForge\Minecraft\Install\runtime\jre-legacy\windows-x64\jre-legacy\bin\jsound.dll
0x0000000074dc0000 - 0x0000000074dcb000 	C:\Games\CurseForge\Minecraft\Install\runtime\jre-legacy\windows-x64\jre-legacy\bin\jsoundds.dll
0x00007ffdcb300000 - 0x00007ffdcb39c000 	C:\Windows\SYSTEM32\DSOUND.dll
0x00007ffdcb200000 - 0x00007ffdcb226000 	C:\Windows\SYSTEM32\winmmbase.dll
0x00007ffdd81f0000 - 0x00007ffdd8275000 	C:\Windows\SYSTEM32\MMDevAPI.DLL
0x00007ffd05eb0000 - 0x00007ffd05ef6000 	C:\Windows\SYSTEM32\wdmaud.drv
0x00007ffdd7c80000 - 0x00007ffdd7c89000 	C:\Windows\SYSTEM32\ksuser.dll
0x00007ffddd430000 - 0x00007ffddd43a000 	C:\Windows\SYSTEM32\AVRT.dll
0x00007ffdd8550000 - 0x00007ffdd86d2000 	C:\Windows\SYSTEM32\AUDIOSES.DLL
0x00007ffd26030000 - 0x00007ffd26296000 	C:\Users\NukelordBrown\AppData\Local\Temp\de.fabmax.physx-jni\0.4.15\PhysX_64.dll
0x00007ffd4d4e0000 - 0x00007ffd4d6b7000 	C:\Users\NukelordBrown\AppData\Local\Temp\de.fabmax.physx-jni\0.4.15\PhysXCommon_64.dll
0x00007ffd56c10000 - 0x00007ffd56cba000 	C:\Users\NukelordBrown\AppData\Local\Temp\de.fabmax.physx-jni\0.4.15\PhysXCooking_64.dll
0x00007ffd5a880000 - 0x00007ffd5a911000 	C:\Users\NukelordBrown\AppData\Local\Temp\de.fabmax.physx-jni\0.4.15\PhysXFoundation_64.dll
0x00007ffd25e20000 - 0x00007ffd26024000 	C:\Users\NukelordBrown\AppData\Local\Temp\de.fabmax.physx-jni\0.4.15\PhysXJniBindings_64.dll
0x00007ffdd0820000 - 0x00007ffdd082d000 	C:\Windows\SYSTEM32\msacm32.drv
0x00007ffda9d10000 - 0x00007ffda9d2e000 	C:\Windows\SYSTEM32\MSACM32.dll
0x00007ffdb1850000 - 0x00007ffdb185b000 	C:\Windows\SYSTEM32\midimap.dll
0x0000000074ed0000 - 0x0000000075068000 	C:\Games\CurseForge\Minecraft\Install\runtime\jre-legacy\windows-x64\jre-legacy\bin\awt.dll
0x00007ffddb420000 - 0x00007ffddb4b0000 	C:\Windows\SYSTEM32\apphelp.dll
0x00007ffd68960000 - 0x00007ffd689c7000 	C:\ProgramData\A-Volute\A-Volute.Nahimic\Modules\Scheduled\x64\ProductInfo.dll
0x00007ffd66e40000 - 0x00007ffd66e83000 	C:\ProgramData\A-Volute\A-Volute.Nahimic\Modules\Scheduled\x64\ASM.Plugin.AudioDevProps2.dll
0x00007ffddb870000 - 0x00007ffddb884000 	C:\Windows\SYSTEM32\resourcepolicyclient.dll
0x00007ffdc99d0000 - 0x00007ffdc9b11000 	C:\Windows\System32\Windows.UI.dll
0x00007ffdd7400000 - 0x00007ffdd74a1000 	C:\Windows\System32\WindowManagementAPI.dll

VM Arguments:
jvm_args: -XX:HeapDumpPath=MojangTricksIntelDriversForPerformance_javaw.exe_minecraft.exe.heapdump -Dos.name=Windows 10 -Dos.version=10.0 -Xss1M -Djava.library.path=C:\Games\CurseForge\Minecraft\Install\bin\400bfa34b81004aabb21f7dd792d5eb2eb8d7b12 -Dminecraft.launcher.brand=minecraft-launcher -Dminecraft.launcher.version=2.5.9 -Xmx5088m -Xms256m -Dminecraft.applet.TargetDirectory=C:\Games\CurseForge\Minecraft\Instances\Blood-N-Wine-2 -Dfml.ignorePatchDiscrepancies=true -Dfml.ignoreInvalidMinecraftCertificates=true -Duser.language=en -Duser.country=US -Dlog4j.configurationFile=C:\Games\CurseForge\Minecraft\Install\assets\log_configs\client-1.12.xml 
java_command: cpw.mods.modlauncher.Launcher --username Nukelord420 --version forge-36.2.35 --gameDir C:\Games\CurseForge\Minecraft\Instances\Blood-N-Wine-2 --assetsDir C:\Games\CurseForge\Minecraft\Install\assets --assetIndex 1.16 --uuid 29e423c126c942d89e776772bd06df02 --accessToken eyJraWQiOiJhYzg0YSIsImFsZyI6IkhTMjU2In0.eyJ4dWlkIjoiMjUzNTQyODE5MjM2MjEyNiIsImFnZyI6IkFkdWx0Iiwic3ViIjoiZmNhNGVlNjItYzI4Zi00NzI0LWJkZTktNGU3ZDBiYWQ0ODBjIiwiYXV0aCI6IlhCT1giLCJucyI6ImRlZmF1bHQiLCJyb2xlcyI6W10sImlzcyI6ImF1dGhlbnRpY2F0aW9uIiwiZmxhZ3MiOlsidHdvZmFjdG9yYXV0aCIsIm9yZGVyc18yMDIyIl0sInBsYXRmb3JtIjoiUENfTEFVTkNIRVIiLCJ5dWlkIjoiN2E0ZDMwMTk4Mjc4NDZjY2I2Y2Q3Y2Y4ODY3NDljMGUiLCJuYmYiOjE2ODk4MjAzMjIsImV4cCI6MTY4OTkwNjcyMiwiaWF0IjoxNjg5ODIwMzIyfQ.ymSmN5G8-wXgtKkCbrVApJy3F-R0GJthiD2TU6CxWN8 --userType msa --versionType release --width 1024 --height 768 --launchTarget fmlclient --fml.forgeVersion 36.2.35 --fml.mcVersion 1.16.5 --fml.forgeGroup net.minecraftforge --fml.mcpVersion 20210115.111550
java_class_path (initial): C:\Games\CurseForge\Minecraft\Install\libraries\net\minecraftforge\forge\1.16.5-36.2.35\forge-1.16.5-36.2.35.jar;C:\Games\CurseForge\Minecraft\Install\libraries\org\ow2\asm\asm\9.1\asm-9.1.jar;C:\Games\CurseForge\Minecraft\Install\libraries\org\ow2\asm\asm-commons\9.1\asm-commons-9.1.jar;C:\Games\CurseForge\Minecraft\Install\libraries\org\ow2\asm\asm-tree\9.1\asm-tree-9.1.jar;C:\Games\CurseForge\Minecraft\Install\libraries\org\ow2\asm\asm-util\9.1\asm-util-9.1.jar;C:\Games\CurseForge\Minecraft\Install\libraries\org\ow2\asm\asm-analysis\9.1\asm-analysis-9.1.jar;C:\Games\CurseForge\Minecraft\Install\libraries\cpw\mods\modlauncher\8.1.3\modlauncher-8.1.3.jar;C:\Games\CurseForge\Minecraft\Install\libraries\cpw\mods\grossjava9hacks\1.3.3\grossjava9hacks-1.3.3.jar;C:\Games\CurseForge\Minecraft\Install\libraries\net\minecraftforge\accesstransformers\3.0.1\accesstransformers-3.0.1.jar;C:\Games\CurseForge\Minecraft\Install\libraries\org\antlr\antlr4-runtime\4.9.1\antlr4-runtime-4.9.1.jar;C:\Games\CurseForge\Minecraft\Install\libraries\net\minecraftforge\eventbus\4.0.0\eventbus-4.0.0.jar;C:\Games\CurseForge\Minecraft\Install\libraries\net\minecraftforge\forgespi\3.2.0\forgespi-3.2.0.jar;C:\Games\CurseForge\Minecraft\Install\libraries\net\minecraftforge\coremods\4.0.6\coremods-4.0.6.jar;C:\Games\CurseForge\Minecraft\Install\libraries\net\minecraftforge\unsafe\0.2.0\unsafe-0.2.0.jar;C:\Games\CurseForge\Minecraft\Install\libraries\com\electronwill\night-config\core\3.6.3\core-3.6.3.jar;C:\Games\CurseForge\Minecraft\Install\libraries\com\electronwill\night-config\toml\3.6.3\toml-3.6.3.jar;C:\Games\CurseForge\Minecraft\Install\libraries\org\jline\jline\3.12.1\jline-3.12.1.jar;C:\Games\CurseForge\Minecraft\Install\libraries\org\apache\maven\maven-artifact\3.6.3\maven-artifact-3.6.3.jar;C:\Games\CurseForge\Minecraft\Install\libraries\net\jodah\typetools\0.8.3\typetools-0.8.3.jar;C:\Games\CurseForge\Minecraft\Install\libraries\org\apache\logging\log4j\log
Launcher Type: SUN_STANDARD

Environment Variables:
PATH=C:\VulkanSDK\1.3.236.0\Bin;C:\Program Files (x86)\Razer Chroma SDK\bin;C:\Program Files\Razer Chroma SDK\bin;C:\Program Files\Common Files\Oracle\Java\javapath;C:\Program Files (x86)\Common Files\Oracle\Java\javapath;C:\Program Files (x86)\Razer\ChromaBroadcast\bin;C:\Program Files\Razer\ChromaBroadcast\bin;C:\Windows\system32;C:\Windows;C:\Windows\System32\Wbem;C:\Windows\System32\WindowsPowerShell\v1.0\;C:\Windows\System32\OpenSSH\;C:\Program Files (x86)\NVIDIA Corporation\PhysX\Common;C:\Program Files\NVIDIA Corporation\NVIDIA NvDLISR;C:\Program Files\PuTTY\;C:\Windows\system32\config\systemprofile\AppData\Local\Microsoft\WindowsApps;C:\Program Files\dotnet\;C:\Program Files\Common Files\Autodesk Shared\;C:\Program Files\Microsoft SQL Server\120\Tools\Binn\;G:\Bethesda-Game-Modding-Tools\Ruby26-x64\bin;C:\Users\NukelordBrown\AppData\Local\Programs\Python\Python310\Scripts\;C:\Users\NukelordBrown\AppData\Local\Programs\Python\Python310\;C:\Users\NukelordBrown\AppData\Local\Microsoft\WindowsApps;C:\Users\NukelordBrown\AppData\Local\Programs\Microsoft VS Code\bin;C:\Users\NukelordBrown\.dotnet\tools;C:\Users\NukelordBrown\AppData\Local\GitHubDesktop\bin;C:\Program Files\Perforce\;C:\Program Files\Git\cmd;G:\Bethesda-Game-Modding-Tools\Ruby26-x64\bin;C:\Users\NukelordBrown\AppData\Local\Programs\Python\Python310\Scripts\;C:\Users\NukelordBrown\AppData\Local\Programs\Python\Python310\;C:\Users\NukelordBrown\AppData\Local\Microsoft\WindowsApps;C:\Users\NukelordBrown\AppData\Local\Programs\Microsoft VS Code\bin;C:\Users\NukelordBrown\.dotnet\tools;C:\Users\NukelordBrown\AppData\Local\GitHubDesktop\bin
USERNAME=NukelordBrown
OS=Windows_NT
PROCESSOR_IDENTIFIER=AMD64 Family 25 Model 80 Stepping 0, AuthenticAMD



---------------  S Y S T E M  ---------------

OS: Windows 10.0 , 64 bit Build 19041 (10.0.19041.1806)

CPU:total 16 (16 cores per cpu, 1 threads per core) family 25 model 80 stepping 0, cmov, cx8, fxsr, mmx, sse, sse2, sse3, ssse3, sse4.1, sse4.2, popcnt, avx, avx2, aes, clmul, erms, mmxext, 3dnowpref, lzcnt, sse4a, tsc, tscinvbit, tscinv, bmi1

Memory: 4k page, physical 33402940k(13794432k free), swap 45226540k(6789600k free)

vm_info: Java HotSpot(TM) 64-Bit Server VM (25.51-b03) for windows-amd64 JRE (1.8.0_51-b16), built on Jun  8 2015 18:03:07 by "java_re" with MS VC++ 10.0 (VS2010)

time: Wed Jul 19 20:20:46 2023
elapsed time: 2595 seconds (0d 0h 43m 15s)

