#
# A fatal error has been detected by the Java Runtime Environment:
#
#  EXCEPTION_ACCESS_VIOLATION (0xc0000005) at pc=0x00007ffd25023716, pid=5800, tid=57892
#
# JRE version: Java(TM) SE Runtime Environment (8.0_51-b16) (build 1.8.0_51-b16)
# Java VM: Java HotSpot(TM) 64-Bit Server VM (25.51-b03 mixed mode windows-amd64 compressed oops)
# Problematic frame:
# C  [PhysXJniBindings_64.dll+0x53716]
#
# Failed to write core dump. Minidumps are not enabled by default on client versions of Windows
#
# If you would like to submit a bug report, please visit:
#   http://bugreport.java.com/bugreport/crash.jsp
# The crash happened outside the Java Virtual Machine in native code.
# See problematic frame for where to report the bug.
#

---------------  T H R E A D  ---------------

Current thread (0x0000000002774000):  JavaThread "Render thread" [_thread_in_native, id=57892, stack(0x0000000002670000,0x0000000002770000)]

siginfo: ExceptionCode=0xc0000005, reading address 0x0000000000000000

Registers:
RAX=0x0000000000000000, RBX=0x0000000000000018, RCX=0x0000000000000000, RDX=0x0000000000000000
RSP=0x000000000276d890, RBP=0x000000000276d940, RSI=0x0000000000000003, RDI=0x0000000000000000
R8 =0x0000000000000003, R9 =0x000000002532a020, R10=0x00000000028857c8, R11=0x00000000744b7bb0
R12=0x0000000000000000, R13=0x0000000042e70730, R14=0x000000000276d960, R15=0x0000000002774000
RIP=0x00007ffd25023716, EFLAGS=0x0000000000010206

Top of Stack: (sp=0x000000000276d890)
0x000000000276d890:   000000076165a0c8 0000000005cf0000
0x000000000276d8a0:   0000000697bd1790 0000000697bd17d0
0x000000000276d8b0:   000000076165a120 0000000000200021
0x000000000276d8c0:   0000000002877ced 00000000028857f4
0x000000000276d8d0:   0000000042e70730 0000000697bd1900
0x000000000276d8e0:   0000000000000000 000000000276d950
0x000000000276d8f0:   0000000095830028 0000000000000000
0x000000000276d900:   000000000276d900 0000000000000000
0x000000000276d910:   000000000276d960 0000000042e72360
0x000000000276d920:   0000000000000000 0000000042e70730
0x000000000276d930:   0000000000000000 000000000276d960
0x000000000276d940:   000000000276d9a8 0000000002877800
0x000000000276d950:   0000000697943848 000000000287f977
0x000000000276d960:   0000000000000003 000000000276d968
0x000000000276d970:   0000000042e70689 000000000276d9b8
0x000000000276d980:   0000000042e72360 0000000000000000 

Instructions: (pc=0x00007ffd25023716)
0x00007ffd250236f6:   89 74 24 10 57 48 83 ec 30 48 8b fa 8b f1 ff 15
0x00007ffd25023706:   86 3c 19 00 48 8b d8 ff 15 35 3c 19 00 48 8b c8
0x00007ffd25023716:   4c 8b 00 41 ff 50 28 84 c0 75 09 48 8d 05 a0 5e
0x00007ffd25023726:   12 00 eb 13 48 8d 15 8f 3f 19 00 48 8d 0d 20 2d 


Register to memory mapping:

RAX=0x0000000000000000 is an unknown value
RBX=0x0000000000000018 is an unknown value
RCX=0x0000000000000000 is an unknown value
RDX=0x0000000000000000 is an unknown value
RSP=0x000000000276d890 is pointing into the stack for thread: 0x0000000002774000
RBP=0x000000000276d940 is pointing into the stack for thread: 0x0000000002774000
RSI=0x0000000000000003 is an unknown value
RDI=0x0000000000000000 is an unknown value
R8 =0x0000000000000003 is an unknown value
R9 =0x000000002532a020 is an unknown value
R10=0x00000000028857c8 is at code_begin+840 in an Interpreter codelet
method entry point (kind = native)  [0x0000000002885480, 0x0000000002885de0]  2400 bytes
R11=0x00000000744b7bb0 is an unknown value
R12=0x0000000000000000 is an unknown value
R13={method} {0x0000000042e70738} '_DefaultCpuDispatcherCreate' '(I)J' in 'physx/PxTopLevelFunctions'
R14=0x000000000276d960 is pointing into the stack for thread: 0x0000000002774000
R15=0x0000000002774000 is a thread


Stack: [0x0000000002670000,0x0000000002770000],  sp=0x000000000276d890,  free space=1014k
Native frames: (J=compiled Java code, j=interpreted, Vv=VM code, C=native code)
C  [PhysXJniBindings_64.dll+0x53716]
C  0x00000000028857f4

Java frames: (J=compiled Java code, j=interpreted, Vv=VM code)
j  physx.PxTopLevelFunctions._DefaultCpuDispatcherCreate(I)J+0
j  physx.PxTopLevelFunctions.DefaultCpuDispatcherCreate(I)Lphysx/extensions/PxDefaultCpuDispatcher;+1
J 72565 C2 net.minecraft.client.renderer.WorldRenderer.handler$bjd000$renderChunkLayerSolid(Lnet/minecraft/client/renderer/RenderType;Lcom/mojang/blaze3d/matrix/MatrixStack;DDDLorg/spongepowered/asm/mixin/injection/callback/CallbackInfo;)V (721 bytes) @ 0x000000000e051de0 [0x000000000e04ef20+0x2ec0]
J 68854 C2 net.minecraft.client.renderer.WorldRenderer.func_228441_a_(Lnet/minecraft/client/renderer/RenderType;Lcom/mojang/blaze3d/matrix/MatrixStack;DDD)V (186 bytes) @ 0x000000000cc0cd68 [0x000000000cc0c480+0x8e8]
J 70134 C2 net.coderbot.iris.pipeline.ShadowRenderer.renderShadows(Lnet/coderbot/iris/mixin/LevelRendererAccessor;Lnet/minecraft/client/renderer/ActiveRenderInfo;)V (808 bytes) @ 0x000000000cde3ac8 [0x000000000cde2ae0+0xfe8]
J 72219 C2 net.minecraft.client.renderer.WorldRenderer.func_228426_a_(Lcom/mojang/blaze3d/matrix/MatrixStack;FJZLnet/minecraft/client/renderer/ActiveRenderInfo;Lnet/minecraft/client/renderer/GameRenderer;Lnet/minecraft/client/renderer/LightTexture;Lnet/minecraft/util/math/vector/Matrix4f;)V (4063 bytes) @ 0x000000000d215d5c [0x000000000d214ae0+0x127c]
J 73073 C1 net.minecraft.client.renderer.GameRenderer.func_228378_a_(FJLcom/mojang/blaze3d/matrix/MatrixStack;)V (707 bytes) @ 0x000000000e24db94 [0x000000000e24a460+0x3734]
J 71118 C2 net.minecraft.client.renderer.GameRenderer.func_195458_a(FJZ)V (899 bytes) @ 0x000000000c930134 [0x000000000c92f440+0xcf4]
j  net.minecraft.client.Minecraft.func_195542_b(Z)V+385
j  net.minecraft.client.Minecraft.handler$cdh000$unloadWorldScreenshot(Lnet/minecraft/client/gui/screen/Screen;Lorg/spongepowered/asm/mixin/injection/callback/CallbackInfo;)V+21
j  net.minecraft.client.Minecraft.func_213231_b(Lnet/minecraft/client/gui/screen/Screen;)V+49
j  net.minecraft.client.Minecraft.func_213254_o()V+8
j  net.minecraft.client.network.play.ClientPlayNetHandler.func_147231_a(Lnet/minecraft/util/text/ITextComponent;)V+19
j  net.minecraft.network.NetworkManager.func_179293_l()V+60
J 73038 C2 net.minecraft.client.Minecraft.func_71407_l()V (981 bytes) @ 0x000000000e19460c [0x000000000e18eee0+0x572c]
j  net.minecraft.client.Minecraft.func_195542_b(Z)V+183
j  net.minecraft.client.Minecraft.handler$cdh000$unloadWorldScreenshot(Lnet/minecraft/client/gui/screen/Screen;Lorg/spongepowered/asm/mixin/injection/callback/CallbackInfo;)V+21
j  net.minecraft.client.Minecraft.func_213231_b(Lnet/minecraft/client/gui/screen/Screen;)V+49
j  net.minecraft.client.Minecraft.func_213254_o()V+8
j  net.minecraft.client.Minecraft.func_71405_e()V+66
j  net.minecraft.client.main.Main.main([Ljava/lang/String;)V+1445
v  ~StubRoutines::call_stub
j  sun.reflect.NativeMethodAccessorImpl.invoke0(Ljava/lang/reflect/Method;Ljava/lang/Object;[Ljava/lang/Object;)Ljava/lang/Object;+0
j  sun.reflect.NativeMethodAccessorImpl.invoke(Ljava/lang/Object;[Ljava/lang/Object;)Ljava/lang/Object;+100
J 2393 C1 sun.reflect.DelegatingMethodAccessorImpl.invoke(Ljava/lang/Object;[Ljava/lang/Object;)Ljava/lang/Object; (10 bytes) @ 0x00000000031d098c [0x00000000031d0880+0x10c]
J 2392 C1 java.lang.reflect.Method.invoke(Ljava/lang/Object;[Ljava/lang/Object;)Ljava/lang/Object; (62 bytes) @ 0x00000000031d03ac [0x00000000031cffc0+0x3ec]
j  net.minecraftforge.fml.loading.FMLClientLaunchProvider.lambda$launchService$0(Lcpw/mods/modlauncher/api/ITransformingClassLoader;[Ljava/lang/String;)Ljava/lang/Void;+50
j  net.minecraftforge.fml.loading.FMLClientLaunchProvider$$Lambda$502.call()Ljava/lang/Object;+12
j  cpw.mods.modlauncher.LaunchServiceHandlerDecorator.launch([Ljava/lang/String;Lcpw/mods/modlauncher/api/ITransformingClassLoader;)V+11
j  cpw.mods.modlauncher.LaunchServiceHandler.launch(Ljava/lang/String;[Ljava/lang/String;Lcpw/mods/modlauncher/TransformingClassLoader;Lcpw/mods/modlauncher/LaunchPluginHandler;)V+57
j  cpw.mods.modlauncher.LaunchServiceHandler.launch(Lcpw/mods/modlauncher/ArgumentHandler;Lcpw/mods/modlauncher/TransformingClassLoader;Lcpw/mods/modlauncher/LaunchPluginHandler;)V+19
j  cpw.mods.modlauncher.Launcher.run([Ljava/lang/String;)V+116
j  cpw.mods.modlauncher.Launcher.main([Ljava/lang/String;)V+37
v  ~StubRoutines::call_stub

---------------  P R O C E S S  ---------------

Java Threads: ( => current thread )
  0x00000000ec971000 JavaThread "ForkJoinPool.commonPool-worker-1" daemon [_thread_blocked, id=27020, stack(0x00000000a32f0000,0x00000000a33f0000)]
  0x00000000ec970800 JavaThread "Worker-Main-52" daemon [_thread_blocked, id=46896, stack(0x00000000391a0000,0x00000000392a0000)]
  0x0000000038751800 JavaThread "Worker-Main-51" daemon [_thread_blocked, id=55632, stack(0x000000003df10000,0x000000003e010000)]
  0x0000000038748800 JavaThread "Worker-Main-50" daemon [_thread_blocked, id=10036, stack(0x00000000963c0000,0x00000000964c0000)]
  0x000000003874f800 JavaThread "Worker-Main-49" daemon [_thread_blocked, id=22616, stack(0x0000000095fe0000,0x00000000960e0000)]
  0x0000000038747000 JavaThread "ForkJoinPool.commonPool-worker-4" daemon [_thread_blocked, id=41556, stack(0x0000000095ce0000,0x0000000095de0000)]
  0x00000000320fb000 JavaThread "ForkJoinPool.commonPool-worker-6" daemon [_thread_blocked, id=53952, stack(0x0000000093750000,0x0000000093850000)]
  0x00000000320fa000 JavaThread "ForkJoinPool.commonPool-worker-2" daemon [_thread_blocked, id=1264, stack(0x0000000065c00000,0x0000000065d00000)]
  0x00000000320fe800 JavaThread "IO-Worker-48" [_thread_blocked, id=35824, stack(0x0000000065250000,0x0000000065350000)]
  0x00000000232b8800 JavaThread "ForkJoinPool.commonPool-worker-15" daemon [_thread_blocked, id=54384, stack(0x0000000064950000,0x0000000064a50000)]
  0x00000000ec966000 JavaThread "ForkJoinPool.commonPool-worker-0" daemon [_thread_blocked, id=24888, stack(0x000000005fab0000,0x000000005fbb0000)]
  0x0000000046b71000 JavaThread "ForkJoinPool.commonPool-worker-3" daemon [_thread_blocked, id=18732, stack(0x000000003bc80000,0x000000003bd80000)]
  0x0000000046b77000 JavaThread "Worker-Main-43" daemon [_thread_blocked, id=58008, stack(0x0000000095de0000,0x0000000095ee0000)]
  0x00000000a652a800 JavaThread "ForkJoinPool.commonPool-worker-5" daemon [_thread_blocked, id=26844, stack(0x0000000094a70000,0x0000000094b70000)]
  0x00000000a652f000 JavaThread "Worker-Main-41" daemon [_thread_blocked, id=1680, stack(0x0000000094420000,0x0000000094520000)]
  0x00000000ec966800 JavaThread "ForkJoinPool.commonPool-worker-7" daemon [_thread_blocked, id=23492, stack(0x000000005f7b0000,0x000000005f8b0000)]
  0x00000000ec96c000 JavaThread "ForkJoinPool.commonPool-worker-8" daemon [_thread_blocked, id=2980, stack(0x000000005ce30000,0x000000005cf30000)]
  0x0000000038754800 JavaThread "IO-Worker-38" [_thread_blocked, id=26952, stack(0x000000005c930000,0x000000005ca30000)]
  0x0000000038753000 JavaThread "ForkJoinPool.commonPool-worker-14" daemon [_thread_blocked, id=51688, stack(0x00000000271f0000,0x00000000272f0000)]
  0x00000000232ba000 JavaThread "Worker-Main-36" daemon [_thread_blocked, id=20832, stack(0x000000005c330000,0x000000005c430000)]
  0x00000000ec965000 JavaThread "ForkJoinPool.commonPool-worker-10" daemon [_thread_blocked, id=31664, stack(0x000000002eed0000,0x000000002efd0000)]
  0x0000000038750000 JavaThread "ForkJoinPool.commonPool-worker-9" daemon [_thread_blocked, id=15420, stack(0x0000000040840000,0x0000000040940000)]
  0x00000000a6524800 JavaThread "IO-Worker-24" [_thread_blocked, id=24284, stack(0x0000000027000000,0x0000000027100000)]
  0x00000000ec972800 JavaThread "pool-15-thread-1" [_thread_blocked, id=43880, stack(0x00000000ceef0000,0x00000000ceff0000)]
  0x00000000ec963000 JavaThread "Ice and Fire Pathfinding Worker #0" daemon [_thread_blocked, id=29632, stack(0x00000000ceb80000,0x00000000cec80000)]
  0x00000000ec962000 JavaThread "ForkJoinPool.commonPool-worker-12" daemon [_thread_blocked, id=26000, stack(0x00000000f2450000,0x00000000f2550000)]
  0x00000000a653c800 JavaThread "LanServerPinger #1" daemon [_thread_blocked, id=27880, stack(0x00000000cf000000,0x00000000cf100000)]
  0x00000000a6529000 JavaThread "Netty Server IO #2" daemon [_thread_in_native, id=42628, stack(0x00000000948c0000,0x00000000949c0000)]
  0x00000000a6539800 JavaThread "Chunk Render Task Executor #9" [_thread_blocked, id=32292, stack(0x00000000ed9a0000,0x00000000edaa0000)]
  0x00000000a6533800 JavaThread "Chunk Render Task Executor #8" [_thread_blocked, id=54940, stack(0x00000000edaf0000,0x00000000edbf0000)]
  0x00000000a6538800 JavaThread "Chunk Render Task Executor #7" [_thread_blocked, id=23444, stack(0x00000000ed8a0000,0x00000000ed9a0000)]
  0x00000000a6531000 JavaThread "Chunk Render Task Executor #6" [_thread_blocked, id=41852, stack(0x00000000e2980000,0x00000000e2a80000)]
  0x00000000a6538000 JavaThread "Chunk Render Task Executor #5" [_thread_blocked, id=17196, stack(0x00000000e2880000,0x00000000e2980000)]
  0x00000000a6530800 JavaThread "Chunk Render Task Executor #4" [_thread_blocked, id=48784, stack(0x00000000e2780000,0x00000000e2880000)]
  0x00000000a6537000 JavaThread "Chunk Render Task Executor #3" [_thread_blocked, id=19092, stack(0x00000000e2680000,0x00000000e2780000)]
  0x0000000075aa0800 JavaThread "Chunk Render Task Executor #2" [_thread_blocked, id=17936, stack(0x00000000c74e0000,0x00000000c75e0000)]
  0x0000000075aa6800 JavaThread "Chunk Render Task Executor #1" [_thread_blocked, id=55180, stack(0x0000000093970000,0x0000000093a70000)]
  0x0000000075a9e800 JavaThread "Chunk Render Task Executor #0" [_thread_blocked, id=50784, stack(0x000000009ed50000,0x000000009ee50000)]
  0x00000000a652f800 JavaThread "ForkJoinPool.commonPool-worker-13" daemon [_thread_blocked, id=34348, stack(0x0000000093420000,0x0000000093520000)]
  0x0000000075aa4800 JavaThread "Litematica Chunk Batcher 15" daemon [_thread_blocked, id=37532, stack(0x00000000fa0a0000,0x00000000fa1a0000)]
  0x0000000075aa7800 JavaThread "Litematica Chunk Batcher 14" daemon [_thread_blocked, id=39532, stack(0x00000000f9fa0000,0x00000000fa0a0000)]
  0x0000000075aa9800 JavaThread "Litematica Chunk Batcher 13" daemon [_thread_blocked, id=37056, stack(0x00000000f9ea0000,0x00000000f9fa0000)]
  0x0000000075aa9000 JavaThread "Litematica Chunk Batcher 12" daemon [_thread_blocked, id=38864, stack(0x00000000f9da0000,0x00000000f9ea0000)]
  0x0000000075aa8000 JavaThread "Litematica Chunk Batcher 11" daemon [_thread_blocked, id=18736, stack(0x00000000f9ca0000,0x00000000f9da0000)]
  0x0000000075aa5000 JavaThread "Litematica Chunk Batcher 10" daemon [_thread_blocked, id=55488, stack(0x00000000f9ba0000,0x00000000f9ca0000)]
  0x0000000075a9d000 JavaThread "Litematica Chunk Batcher 9" daemon [_thread_blocked, id=19656, stack(0x00000000f9aa0000,0x00000000f9ba0000)]
  0x0000000075aa3000 JavaThread "Litematica Chunk Batcher 8" daemon [_thread_blocked, id=10492, stack(0x00000000f99a0000,0x00000000f9aa0000)]
  0x0000000075aa3800 JavaThread "Litematica Chunk Batcher 7" daemon [_thread_blocked, id=2404, stack(0x00000000f98a0000,0x00000000f99a0000)]
  0x0000000075a9b800 JavaThread "Litematica Chunk Batcher 6" daemon [_thread_blocked, id=28528, stack(0x00000000f97a0000,0x00000000f98a0000)]
  0x0000000075aa1800 JavaThread "Litematica Chunk Batcher 5" daemon [_thread_blocked, id=39744, stack(0x00000000f96a0000,0x00000000f97a0000)]
  0x0000000075a9f000 JavaThread "Litematica Chunk Batcher 4" daemon [_thread_blocked, id=3820, stack(0x00000000f95a0000,0x00000000f96a0000)]
  0x0000000075a9d800 JavaThread "Litematica Chunk Batcher 3" daemon [_thread_blocked, id=46076, stack(0x00000000f94a0000,0x00000000f95a0000)]
  0x0000000075aa2000 JavaThread "Litematica Chunk Batcher 2" daemon [_thread_blocked, id=46276, stack(0x00000000f2250000,0x00000000f2350000)]
  0x0000000075a9a800 JavaThread "Litematica Chunk Batcher 1" daemon [_thread_blocked, id=44444, stack(0x00000000f2150000,0x00000000f2250000)]
  0x0000000075aa0000 JavaThread "Litematica Chunk Batcher 0" daemon [_thread_blocked, id=53848, stack(0x00000000f13e0000,0x00000000f14e0000)]
  0x00000000313c6000 JavaThread "Sound engine" daemon [_thread_blocked, id=34912, stack(0x00000000b29b0000,0x00000000b2ab0000)]
  0x0000000075471000 JavaThread "Netty Server IO #1" daemon [_thread_in_native, id=41676, stack(0x00000000b23b0000,0x00000000b24b0000)]
  0x0000000075470800 JavaThread "Netty Local Client IO #0" daemon [_thread_blocked, id=34588, stack(0x00000000b22b0000,0x00000000b23b0000)]
  0x000000007546f000 JavaThread "Netty Server IO #0" daemon [_thread_in_native, id=7136, stack(0x00000000af0f0000,0x00000000af1f0000)]
  0x0000000075472800 JavaThread "ObjectCleanerThread" daemon [_thread_blocked, id=13100, stack(0x00000000aeff0000,0x00000000af0f0000)]
  0x000000007546b000 JavaThread "WorldEdit Session Manager" [_thread_blocked, id=23360, stack(0x0000000040240000,0x0000000040340000)]
  0x0000000075463800 JavaThread "TF-Task-Worker-8" daemon [_thread_blocked, id=30432, stack(0x00000000ae3f0000,0x00000000ae4f0000)]
  0x0000000075460800 JavaThread "TF-Task-Worker-7" daemon [_thread_blocked, id=1896, stack(0x00000000ae2f0000,0x00000000ae3f0000)]
  0x0000000075463000 JavaThread "TF-Task-Worker-6" daemon [_thread_in_Java, id=40824, stack(0x00000000ab000000,0x00000000ab100000)]
  0x0000000075465000 JavaThread "TF-Task-Worker-5" daemon [_thread_blocked, id=58028, stack(0x00000000aaf00000,0x00000000ab000000)]
  0x0000000075462000 JavaThread "TF-Task-Worker-4" daemon [_thread_blocked, id=50180, stack(0x00000000aae00000,0x00000000aaf00000)]
  0x0000000075461800 JavaThread "TF-Task-Worker-3" daemon [_thread_blocked, id=55964, stack(0x00000000a9e20000,0x00000000a9f20000)]
  0x0000000075464800 JavaThread "TF-Task-Worker-2" daemon [_thread_blocked, id=28776, stack(0x0000000095be0000,0x0000000095ce0000)]
  0x000000007545d800 JavaThread "TF-Batch-Worker-16" daemon [_thread_blocked, id=44984, stack(0x0000000095ae0000,0x0000000095be0000)]
  0x000000007545d000 JavaThread "TF-Batch-Worker-15" daemon [_thread_blocked, id=33604, stack(0x00000000959e0000,0x0000000095ae0000)]
  0x000000007545a000 JavaThread "TF-Batch-Worker-14" daemon [_thread_blocked, id=27904, stack(0x00000000958e0000,0x00000000959e0000)]
  0x0000000075455800 JavaThread "TF-Batch-Worker-13" daemon [_thread_blocked, id=40540, stack(0x0000000094320000,0x0000000094420000)]
  0x000000007545a800 JavaThread "TF-Batch-Worker-12" daemon [_thread_blocked, id=21236, stack(0x0000000094220000,0x0000000094320000)]
  0x0000000075457000 JavaThread "TF-Batch-Worker-11" daemon [_thread_blocked, id=16196, stack(0x0000000094120000,0x0000000094220000)]
  0x0000000075459000 JavaThread "TF-Batch-Worker-10" daemon [_thread_blocked, id=53928, stack(0x0000000094020000,0x0000000094120000)]
  0x0000000075458800 JavaThread "TF-Batch-Worker-9" daemon [_thread_blocked, id=3068, stack(0x0000000093870000,0x0000000093970000)]
  0x000000007545c000 JavaThread "TF-Batch-Worker-8" daemon [_thread_blocked, id=35324, stack(0x0000000092fa0000,0x00000000930a0000)]
  0x000000007545b800 JavaThread "TF-Batch-Worker-7" daemon [_thread_blocked, id=18500, stack(0x0000000061ef0000,0x0000000061ff0000)]
  0x0000000075456000 JavaThread "TF-Batch-Worker-6" daemon [_thread_blocked, id=41112, stack(0x0000000061df0000,0x0000000061ef0000)]
  0x0000000046b75800 JavaThread "TF-Batch-Worker-5" daemon [_thread_blocked, id=45136, stack(0x0000000061cf0000,0x0000000061df0000)]
  0x0000000046b74000 JavaThread "TF-Batch-Worker-4" daemon [_thread_blocked, id=24584, stack(0x0000000061bf0000,0x0000000061cf0000)]
  0x0000000046b73800 JavaThread "TF-Batch-Worker-3" daemon [_thread_blocked, id=14228, stack(0x0000000061af0000,0x0000000061bf0000)]
  0x0000000046b72800 JavaThread "TF-Batch-Worker-2" daemon [_thread_blocked, id=31780, stack(0x00000000619f0000,0x0000000061af0000)]
  0x0000000046b75000 JavaThread "TF-Batch-Worker-1" daemon [_thread_blocked, id=3880, stack(0x00000000618f0000,0x00000000619f0000)]
  0x0000000046b72000 JavaThread "TF-Task-Worker-1" daemon [_thread_blocked, id=7352, stack(0x0000000061550000,0x0000000061650000)]
  0x0000000046b76800 JavaThread "IO-Worker-17" [_thread_blocked, id=24616, stack(0x0000000061030000,0x0000000061130000)]
  0x0000000036c62000 JavaThread "spark-worker-pool-2-thread-1" daemon [_thread_blocked, id=48460, stack(0x000000005f4b0000,0x000000005f5b0000)]
  0x0000000036c64000 JavaThread "Thread-68" daemon [_thread_in_native, id=24824, stack(0x000000005f3b0000,0x000000005f4b0000)]
  0x0000000036c60800 JavaThread "Server thread" [_thread_blocked, id=52816, stack(0x0000000053b00000,0x0000000053c00000)]
  0x0000000044f0c000 JavaThread "Snooper Timer" daemon [_thread_blocked, id=4220, stack(0x00000000538b0000,0x00000000539b0000)]
  0x00000000232bb000 JavaThread "TF-Scheduler" [_thread_blocked, id=48264, stack(0x0000000000a90000,0x0000000000b90000)]
  0x00000000232bc800 JavaThread "spark-worker-pool-1-thread-4" daemon [_thread_blocked, id=24308, stack(0x0000000092b70000,0x0000000092c70000)]
  0x000000003874e000 JavaThread "lava-daemon-pool-playback-4-thread-1" daemon [_thread_blocked, id=7872, stack(0x0000000043cb0000,0x0000000043db0000)]
  0x000000003874a000 JavaThread "spark-worker-pool-1-thread-3" daemon [_thread_blocked, id=53504, stack(0x0000000040640000,0x0000000040740000)]
  0x000000003874c800 JavaThread "Thread-62" daemon [_thread_blocked, id=16636, stack(0x0000000073220000,0x0000000073320000)]
  0x0000000038749800 JavaThread "Thread-61" daemon [_thread_blocked, id=18196, stack(0x0000000070650000,0x0000000070750000)]
  0x000000003874d000 JavaThread "spark-worker-pool-1-thread-2" daemon [_thread_blocked, id=55136, stack(0x0000000071010000,0x0000000071110000)]
  0x0000000038745800 JavaThread "spark-worker-pool-1-thread-1" daemon [_thread_blocked, id=44852, stack(0x0000000070f10000,0x0000000071010000)]
  0x000000003874b000 JavaThread "spark-monitor" daemon [_thread_in_native, id=12648, stack(0x0000000070350000,0x0000000070450000)]
  0x0000000044f09000 JavaThread "pool-5-thread-1" [_thread_blocked, id=57488, stack(0x000000006f720000,0x000000006f820000)]
  0x0000000032104000 JavaThread "Thread-57" daemon [_thread_in_native, id=49428, stack(0x0000000063f10000,0x0000000064010000)]
  0x00000000320f7000 JavaThread "Java2D Disposer" daemon [_thread_blocked, id=55960, stack(0x000000005e9c0000,0x000000005eac0000)]
  0x00000000320fe000 JavaThread "Thread-55" daemon [_thread_in_native, id=14592, stack(0x000000005e820000,0x000000005e920000)]
  0x00000000320f6800 JavaThread "Thread-54" daemon [_thread_in_native, id=20076, stack(0x000000005d130000,0x000000005d230000)]
  0x00000000320fd000 JavaThread "Thread-53" daemon [_thread_in_native, id=27780, stack(0x000000005ee10000,0x000000005ef10000)]
  0x00000000320f8800 JavaThread "Thread-52" daemon [_thread_in_native, id=50576, stack(0x0000000056810000,0x0000000056910000)]
  0x00000000320f8000 JavaThread "Thread-51" daemon [_thread_in_native, id=53188, stack(0x0000000054000000,0x0000000054100000)]
  0x00000000320fc800 JavaThread "Thread-50" daemon [_thread_in_native, id=55696, stack(0x0000000053d00000,0x0000000053e00000)]
  0x0000000044f0f800 JavaThread "Config Lib config file watcher" daemon [_thread_blocked, id=1924, stack(0x000000004d9e0000,0x000000004dae0000)]
  0x0000000044f12800 JavaThread "Thread-47" daemon [_thread_in_native, id=33072, stack(0x000000004d740000,0x000000004d840000)]
  0x0000000044f0e000 JavaThread "pool-4-thread-16" [_thread_blocked, id=47224, stack(0x000000004cd40000,0x000000004ce40000)]
  0x0000000044f0d800 JavaThread "pool-4-thread-15" [_thread_blocked, id=10020, stack(0x0000000040340000,0x0000000040440000)]
  0x0000000044f0c800 JavaThread "pool-4-thread-14" [_thread_blocked, id=50804, stack(0x000000004ca40000,0x000000004cb40000)]
  0x0000000044f0b000 JavaThread "pool-4-thread-13" [_thread_blocked, id=39964, stack(0x000000004c3f0000,0x000000004c4f0000)]
  0x0000000044f03800 JavaThread "pool-4-thread-12" [_thread_blocked, id=57992, stack(0x000000004c540000,0x000000004c640000)]
  0x0000000044f05000 JavaThread "pool-4-thread-11" [_thread_blocked, id=22172, stack(0x000000004c0f0000,0x000000004c1f0000)]
  0x0000000044f04800 JavaThread "pool-4-thread-10" [_thread_blocked, id=26340, stack(0x000000004bdf0000,0x000000004bef0000)]
  0x0000000044f06800 JavaThread "Thread-45" daemon [_thread_in_native, id=45524, stack(0x000000004bcf0000,0x000000004bdf0000)]
  0x0000000044f08000 JavaThread "Thread-44" daemon [_thread_in_native, id=56780, stack(0x000000004bbf0000,0x000000004bcf0000)]
  0x0000000044f06000 JavaThread "pool-4-thread-9" [_thread_blocked, id=57184, stack(0x000000004baf0000,0x000000004bbf0000)]
  0x0000000036c6b000 JavaThread "Thread-43" daemon [_thread_in_native, id=34040, stack(0x000000004b9f0000,0x000000004baf0000)]
  0x0000000044aa6000 JavaThread "Thread-42" daemon [_thread_in_native, id=29064, stack(0x000000004b6f0000,0x000000004b7f0000)]
  0x0000000044aa2800 JavaThread "Thread-41" daemon [_thread_in_native, id=23384, stack(0x000000004b5f0000,0x000000004b6f0000)]
  0x0000000044aa8800 JavaThread "Thread-40" daemon [_thread_in_native, id=29744, stack(0x0000000049a40000,0x0000000049b40000)]
  0x0000000044aa4000 JavaThread "Thread-39" daemon [_thread_in_native, id=21400, stack(0x000000004b4f0000,0x000000004b5f0000)]
  0x0000000044aa7800 JavaThread "Thread-38" daemon [_thread_in_native, id=45332, stack(0x000000004b3f0000,0x000000004b4f0000)]
  0x0000000044aa4800 JavaThread "pool-4-thread-8" [_thread_blocked, id=26196, stack(0x000000004b0f0000,0x000000004b1f0000)]
  0x0000000044aa1800 JavaThread "Thread-37" daemon [_thread_in_native, id=60196, stack(0x000000004ac80000,0x000000004ad80000)]
  0x0000000044aa7000 JavaThread "Thread-36" daemon [_thread_in_native, id=5692, stack(0x000000004a9d0000,0x000000004aad0000)]
  0x00000000313bd000 JavaThread "Thread-35" daemon [_thread_in_native, id=2528, stack(0x000000004aff0000,0x000000004b0f0000)]
  0x00000000315f3000 JavaThread "Thread-34" daemon [_thread_in_native, id=53480, stack(0x000000004ab80000,0x000000004ac80000)]
  0x0000000036c6a000 JavaThread "pool-4-thread-7" [_thread_blocked, id=26596, stack(0x000000004a6d0000,0x000000004a7d0000)]
  0x0000000036c69800 JavaThread "pool-4-thread-6" [_thread_blocked, id=12628, stack(0x000000004a5d0000,0x000000004a6d0000)]
  0x0000000036c68000 JavaThread "pool-4-thread-5" [_thread_blocked, id=38616, stack(0x000000004a4d0000,0x000000004a5d0000)]
  0x0000000036c6e000 JavaThread "Thread-33" daemon [_thread_in_native, id=58804, stack(0x000000004a1d0000,0x000000004a2d0000)]
  0x0000000036c6d000 JavaThread "pool-4-thread-4" [_thread_blocked, id=35280, stack(0x00000000488a0000,0x00000000489a0000)]
  0x0000000036c67000 JavaThread "Thread-31" daemon [_thread_in_native, id=23428, stack(0x00000000487a0000,0x00000000488a0000)]
  0x0000000036c68800 JavaThread "pool-4-thread-3" [_thread_blocked, id=39116, stack(0x00000000496c0000,0x00000000497c0000)]
  0x0000000036c6c800 JavaThread "pool-4-thread-2" [_thread_blocked, id=58716, stack(0x0000000049940000,0x0000000049a40000)]
  0x0000000036c66800 JavaThread "pool-4-thread-1" [_thread_blocked, id=56224, stack(0x0000000049840000,0x0000000049940000)]
  0x0000000036c6b800 JavaThread "Thread-30" daemon [_thread_in_native, id=59956, stack(0x0000000049160000,0x0000000049260000)]
  0x0000000036c5f000 JavaThread "Thread-29" daemon [_thread_in_native, id=28444, stack(0x0000000048e60000,0x0000000048f60000)]
  0x0000000036c62800 JavaThread "Thread-28" daemon [_thread_in_native, id=17984, stack(0x0000000048c40000,0x0000000048d40000)]
  0x0000000036c65800 JavaThread "Thread-27" daemon [_thread_blocked, id=33428, stack(0x0000000045b90000,0x0000000045c90000)]
  0x0000000036c65000 JavaThread "Java Sound Event Dispatcher" daemon [_thread_blocked, id=38132, stack(0x0000000043fb0000,0x00000000440b0000)]
  0x0000000036c61000 JavaThread "Thread-25" daemon [_thread_blocked, id=24160, stack(0x00000000444c0000,0x00000000445c0000)]
  0x0000000036c63800 JavaThread "lava-daemon-pool-info-loader-5-thread-8" daemon [_thread_blocked, id=25424, stack(0x0000000043ab0000,0x0000000043bb0000)]
  0x00000000232c1800 JavaThread "LavaPlayer Audio Thread" daemon [_thread_blocked, id=30972, stack(0x0000000042d50000,0x0000000042e50000)]
  0x00000000232c1000 JavaThread "lava-daemon-pool-manager-6-thread-1" daemon [_thread_blocked, id=3452, stack(0x0000000042c50000,0x0000000042d50000)]
  0x00000000232bd000 JavaThread "LavaPlayer Audio Thread" daemon [_thread_blocked, id=36236, stack(0x0000000041b30000,0x0000000041c30000)]
  0x00000000232b5800 JavaThread "Thread-24" daemon [_thread_in_native, id=8380, stack(0x0000000041540000,0x0000000041640000)]
  0x00000000232b8000 JavaThread "lava-daemon-pool-manager-3-thread-1" daemon [_thread_blocked, id=48876, stack(0x0000000041cc0000,0x0000000041dc0000)]
  0x00000000313c0000 JavaThread "Snooper Timer" daemon [_thread_blocked, id=30804, stack(0x000000002df50000,0x000000002e050000)]
  0x00000000313be800 JavaThread "Timer hack thread" daemon [_thread_blocked, id=13944, stack(0x000000002db90000,0x000000002dc90000)]
  0x00000000315f1800 JavaThread "Thread-20" daemon [_thread_in_native, id=11708, stack(0x000000003a330000,0x000000003a430000)]
  0x00000000315e7000 JavaThread "Thread-19" daemon [_thread_in_native, id=54800, stack(0x000000003a230000,0x000000003a330000)]
  0x00000000315ee000 JavaThread "Thread-18" daemon [_thread_in_native, id=3756, stack(0x000000003a130000,0x000000003a230000)]
  0x00000000315ed000 JavaThread "Thread-17" daemon [_thread_in_native, id=30328, stack(0x000000003a030000,0x000000003a130000)]
  0x00000000315ec800 JavaThread "Thread-16" daemon [_thread_in_native, id=23220, stack(0x0000000039f30000,0x000000003a030000)]
  0x00000000315ea000 JavaThread "Thread-15" daemon [_thread_in_native, id=59724, stack(0x0000000039e30000,0x0000000039f30000)]
  0x00000000315e8800 JavaThread "Thread-14" daemon [_thread_in_native, id=20488, stack(0x0000000039d30000,0x0000000039e30000)]
  0x00000000315e9800 JavaThread "Thread-13" daemon [_thread_in_native, id=47476, stack(0x0000000039c30000,0x0000000039d30000)]
  0x00000000315e8000 JavaThread "Thread-12" daemon [_thread_in_native, id=50912, stack(0x0000000039b30000,0x0000000039c30000)]
  0x00000000315eb000 JavaThread "Thread-11" daemon [_thread_in_native, id=46868, stack(0x0000000039a30000,0x0000000039b30000)]
  0x00000000315eb800 JavaThread "Thread-10" daemon [_thread_in_native, id=17412, stack(0x0000000039930000,0x0000000039a30000)]
  0x00000000315e6800 JavaThread "Thread-9" daemon [_thread_in_native, id=52728, stack(0x0000000039830000,0x0000000039930000)]
  0x00000000207dc000 JavaThread "Thread-8" daemon [_thread_in_native, id=40264, stack(0x0000000039730000,0x0000000039830000)]
  0x00000000207dc800 JavaThread "Thread-7" daemon [_thread_in_native, id=46340, stack(0x0000000039630000,0x0000000039730000)]
  0x00000000207df800 JavaThread "Thread-6" daemon [_thread_in_native, id=13180, stack(0x0000000039530000,0x0000000039630000)]
  0x00000000207e2800 JavaThread "Thread-5" daemon [_thread_in_native, id=11096, stack(0x0000000039430000,0x0000000039530000)]
  0x00000000207df000 JavaThread "Thread-4" daemon [_thread_in_native, id=22160, stack(0x0000000039330000,0x0000000039430000)]
  0x000000002463f800 JavaThread "Thread-2" daemon [_thread_in_native, id=20464, stack(0x0000000026670000,0x0000000026770000)]
  0x0000000024639000 JavaThread "Thread-1" daemon [_thread_blocked, id=16788, stack(0x0000000026570000,0x0000000026670000)]
  0x0000000020847800 JavaThread "Service Thread" daemon [_thread_blocked, id=37368, stack(0x0000000022f90000,0x0000000023090000)]
  0x00000000207e0800 JavaThread "C1 CompilerThread11" daemon [_thread_blocked, id=40524, stack(0x0000000022e90000,0x0000000022f90000)]
  0x00000000207dd800 JavaThread "C1 CompilerThread10" daemon [_thread_blocked, id=27432, stack(0x0000000022d90000,0x0000000022e90000)]
  0x00000000207e2000 JavaThread "C1 CompilerThread9" daemon [_thread_blocked, id=35404, stack(0x0000000022c90000,0x0000000022d90000)]
  0x00000000207c3000 JavaThread "C1 CompilerThread8" daemon [_thread_blocked, id=17716, stack(0x0000000022a90000,0x0000000022b90000)]
  0x00000000207a0800 JavaThread "C2 CompilerThread7" daemon [_thread_blocked, id=30500, stack(0x0000000022990000,0x0000000022a90000)]
  0x000000002078f800 JavaThread "C2 CompilerThread6" daemon [_thread_blocked, id=42888, stack(0x0000000022890000,0x0000000022990000)]
  0x000000002078f000 JavaThread "C2 CompilerThread5" daemon [_thread_blocked, id=43568, stack(0x0000000022790000,0x0000000022890000)]
  0x0000000020771800 JavaThread "C2 CompilerThread4" daemon [_thread_blocked, id=42096, stack(0x0000000022690000,0x0000000022790000)]
  0x0000000020761000 JavaThread "C2 CompilerThread3" daemon [_thread_blocked, id=49680, stack(0x0000000022590000,0x0000000022690000)]
  0x000000002075d800 JavaThread "C2 CompilerThread2" daemon [_thread_blocked, id=52344, stack(0x0000000022490000,0x0000000022590000)]
  0x000000002075d000 JavaThread "C2 CompilerThread1" daemon [_thread_blocked, id=32488, stack(0x0000000022390000,0x0000000022490000)]
  0x0000000020751800 JavaThread "C2 CompilerThread0" daemon [_thread_blocked, id=27940, stack(0x0000000022290000,0x0000000022390000)]
  0x0000000020751000 JavaThread "Attach Listener" daemon [_thread_blocked, id=50472, stack(0x0000000022190000,0x0000000022290000)]
  0x000000002074d000 JavaThread "Signal Dispatcher" daemon [_thread_blocked, id=48724, stack(0x0000000022090000,0x0000000022190000)]
  0x000000001ecb6800 JavaThread "Finalizer" daemon [_thread_blocked, id=18476, stack(0x0000000021f90000,0x0000000022090000)]
  0x000000001eca9800 JavaThread "Reference Handler" daemon [_thread_blocked, id=54944, stack(0x0000000021e90000,0x0000000021f90000)]
=>0x0000000002774000 JavaThread "Render thread" [_thread_in_native, id=57892, stack(0x0000000002670000,0x0000000002770000)]

Other Threads:
  0x0000000020714000 VMThread [stack: 0x0000000021d90000,0x0000000021e90000] [id=49384]
  0x000000002083b000 WatcherThread [stack: 0x0000000023090000,0x0000000023190000] [id=53232]

VM state:not at safepoint (normal execution)

VM Mutex/Monitor currently owned by a thread: None

Heap:
 PSYoungGen      total 1158144K, used 190573K [0x0000000756000000, 0x00000007c0000000, 0x00000007c0000000)
  eden space 579584K, 32% used [0x0000000756000000,0x0000000761a1b5b8,0x0000000779600000)
  from space 578560K, 0% used [0x000000079cb00000,0x000000079cb00000,0x00000007c0000000)
  to   space 578560K, 0% used [0x0000000779600000,0x0000000779600000,0x000000079cb00000)
 ParOldGen       total 3473408K, used 3473120K [0x0000000682000000, 0x0000000756000000, 0x0000000756000000)
  object space 3473408K, 99% used [0x0000000682000000,0x0000000755fb8228,0x0000000756000000)
 Metaspace       used 289855K, capacity 336124K, committed 336384K, reserved 1325056K
  class space    used 48972K, capacity 60333K, committed 60416K, reserved 1048576K

Card table byte_map: [0x0000000011c30000,0x0000000012630000] byte_map_base: 0x000000000e820000

Marking Bits: (ParMarkBitMap*) 0x0000000074a94040
 Begin Bits: [0x00000000139d0000, 0x0000000018950000)
 End Bits:   [0x0000000018950000, 0x000000001d8d0000)

Polling page: 0x0000000000ce0000

CodeCache: size=245760Kb used=189154Kb max_used=189175Kb free=56605Kb
 bounds [0x0000000002870000, 0x000000000e260000, 0x0000000011870000]
 total_blobs=50293 nmethods=47456 adapters=2734
 compilation: enabled

Compilation events (10 events):
Event: 666.614 Thread 0x0000000020751800 73100       4       com.yungnickyoung.minecraft.bettercaves.world.carver.BetterCavesCarver::isDimensionWhitelisted (33 bytes)
Event: 666.620 Thread 0x0000000020751800 nmethod 73100 0x000000000a003310 code [0x000000000a0034c0, 0x000000000a003b68]
Event: 666.647 Thread 0x00000000207a0800 73101       4       net.minecraft.client.settings.KeyBinding::func_74505_d (11 bytes)
Event: 666.648 Thread 0x00000000207a0800 nmethod 73101 0x000000000c1a36d0 code [0x000000000c1a3800, 0x000000000c1a3878]
Event: 666.798 Thread 0x00000000207e0800 73102       1       me.shedaniel.architectury.hooks.forge.ScreenHooksImpl::getButtons (5 bytes)
Event: 666.798 Thread 0x00000000207e2000 73103       1       de.keksuccino.fancymenu.events.GuiInitCompletedEvent::isCancelable (2 bytes)
Event: 666.799 Thread 0x00000000207e0800 nmethod 73102 0x000000000e03d590 code [0x000000000e03d6e0, 0x000000000e03d7d0]
Event: 666.799 Thread 0x00000000207e2000 nmethod 73103 0x000000000517f850 code [0x000000000517f9a0, 0x000000000517fab0]
Event: 666.831 Thread 0x00000000207dd800 73104       1       net.coderbot.iris.pipeline.ClearPassInformation::getColor (5 bytes)
Event: 666.831 Thread 0x00000000207dd800 nmethod 73104 0x000000000a709d90 code [0x000000000a709ee0, 0x000000000a709ff0]

GC Heap History (10 events):
Event: 627.956 GC heap before
{Heap before GC invocations=334 (full 49):
 PSYoungGen      total 1158144K, used 579584K [0x0000000756000000, 0x00000007c0000000, 0x00000007c0000000)
  eden space 579584K, 100% used [0x0000000756000000,0x0000000779600000,0x0000000779600000)
  from space 578560K, 0% used [0x000000079cb00000,0x000000079cb00000,0x00000007c0000000)
  to   space 578560K, 0% used [0x0000000779600000,0x0000000779600000,0x000000079cb00000)
 ParOldGen       total 3473408K, used 3473080K [0x0000000682000000, 0x0000000756000000, 0x0000000756000000)
  object space 3473408K, 99% used [0x0000000682000000,0x0000000755fae2c0,0x0000000756000000)
 Metaspace       used 289742K, capacity 335918K, committed 336128K, reserved 1325056K
  class space    used 48955K, capacity 60310K, committed 60416K, reserved 1048576K
Event: 634.531 GC heap after
Heap after GC invocations=334 (full 49):
 PSYoungGen      total 1158144K, used 87464K [0x0000000756000000, 0x00000007c0000000, 0x00000007c0000000)
  eden space 579584K, 15% used [0x0000000756000000,0x000000075b56a138,0x0000000779600000)
  from space 578560K, 0% used [0x000000079cb00000,0x000000079cb00000,0x00000007c0000000)
  to   space 578560K, 0% used [0x0000000779600000,0x0000000779600000,0x000000079cb00000)
 ParOldGen       total 3473408K, used 3473366K [0x0000000682000000, 0x0000000756000000, 0x0000000756000000)
  object space 3473408K, 99% used [0x0000000682000000,0x0000000755ff58c0,0x0000000756000000)
 Metaspace       used 289742K, capacity 335918K, committed 336128K, reserved 1325056K
  class space    used 48955K, capacity 60310K, committed 60416K, reserved 1048576K
}
Event: 635.382 GC heap before
{Heap before GC invocations=335 (full 50):
 PSYoungGen      total 1158144K, used 579584K [0x0000000756000000, 0x00000007c0000000, 0x00000007c0000000)
  eden space 579584K, 100% used [0x0000000756000000,0x0000000779600000,0x0000000779600000)
  from space 578560K, 0% used [0x000000079cb00000,0x000000079cb00000,0x00000007c0000000)
  to   space 578560K, 0% used [0x0000000779600000,0x0000000779600000,0x000000079cb00000)
 ParOldGen       total 3473408K, used 3473408K [0x0000000682000000, 0x0000000756000000, 0x0000000756000000)
  object space 3473408K, 100% used [0x0000000682000000,0x0000000756000000,0x0000000756000000)
 Metaspace       used 289758K, capacity 336020K, committed 336128K, reserved 1325056K
  class space    used 48956K, capacity 60311K, committed 60416K, reserved 1048576K
Event: 642.656 GC heap after
Heap after GC invocations=335 (full 50):
 PSYoungGen      total 1158144K, used 87426K [0x0000000756000000, 0x00000007c0000000, 0x00000007c0000000)
  eden space 579584K, 15% used [0x0000000756000000,0x000000075b560be0,0x0000000779600000)
  from space 578560K, 0% used [0x000000079cb00000,0x000000079cb00000,0x00000007c0000000)
  to   space 578560K, 0% used [0x0000000779600000,0x0000000779600000,0x000000079cb00000)
 ParOldGen       total 3473408K, used 3472955K [0x0000000682000000, 0x0000000756000000, 0x0000000756000000)
  object space 3473408K, 99% used [0x0000000682000000,0x0000000755f8ec60,0x0000000756000000)
 Metaspace       used 289758K, capacity 336020K, committed 336128K, reserved 1325056K
  class space    used 48956K, capacity 60311K, committed 60416K, reserved 1048576K
}
Event: 643.474 GC heap before
{Heap before GC invocations=336 (full 51):
 PSYoungGen      total 1158144K, used 579584K [0x0000000756000000, 0x00000007c0000000, 0x00000007c0000000)
  eden space 579584K, 100% used [0x0000000756000000,0x0000000779600000,0x0000000779600000)
  from space 578560K, 0% used [0x000000079cb00000,0x000000079cb00000,0x00000007c0000000)
  to   space 578560K, 0% used [0x0000000779600000,0x0000000779600000,0x000000079cb00000)
 ParOldGen       total 3473408K, used 3472956K [0x0000000682000000, 0x0000000756000000, 0x0000000756000000)
  object space 3473408K, 99% used [0x0000000682000000,0x0000000755f8f2b8,0x0000000756000000)
 Metaspace       used 289805K, capacity 336080K, committed 336384K, reserved 1325056K
  class space    used 48962K, capacity 60321K, committed 60416K, reserved 1048576K
Event: 650.515 GC heap after
Heap after GC invocations=336 (full 51):
 PSYoungGen      total 1158144K, used 81353K [0x0000000756000000, 0x00000007c0000000, 0x00000007c0000000)
  eden space 579584K, 14% used [0x0000000756000000,0x000000075af726c0,0x0000000779600000)
  from space 578560K, 0% used [0x000000079cb00000,0x000000079cb00000,0x00000007c0000000)
  to   space 578560K, 0% used [0x0000000779600000,0x0000000779600000,0x000000079cb00000)
 ParOldGen       total 3473408K, used 3473019K [0x0000000682000000, 0x0000000756000000, 0x0000000756000000)
  object space 3473408K, 99% used [0x0000000682000000,0x0000000755f9ef10,0x0000000756000000)
 Metaspace       used 289805K, capacity 336080K, committed 336384K, reserved 1325056K
  class space    used 48962K, capacity 60321K, committed 60416K, reserved 1048576K
}
Event: 651.436 GC heap before
{Heap before GC invocations=337 (full 52):
 PSYoungGen      total 1158144K, used 579584K [0x0000000756000000, 0x00000007c0000000, 0x00000007c0000000)
  eden space 579584K, 100% used [0x0000000756000000,0x0000000779600000,0x0000000779600000)
  from space 578560K, 0% used [0x000000079cb00000,0x000000079cb00000,0x00000007c0000000)
  to   space 578560K, 0% used [0x0000000779600000,0x0000000779600000,0x000000079cb00000)
 ParOldGen       total 3473408K, used 3473019K [0x0000000682000000, 0x0000000756000000, 0x0000000756000000)
  object space 3473408K, 99% used [0x0000000682000000,0x0000000755f9ef10,0x0000000756000000)
 Metaspace       used 289809K, capacity 336080K, committed 336384K, reserved 1325056K
  class space    used 48962K, capacity 60321K, committed 60416K, reserved 1048576K
Event: 658.605 GC heap after
Heap after GC invocations=337 (full 52):
 PSYoungGen      total 1158144K, used 83914K [0x0000000756000000, 0x00000007c0000000, 0x00000007c0000000)
  eden space 579584K, 14% used [0x0000000756000000,0x000000075b1f2af8,0x0000000779600000)
  from space 578560K, 0% used [0x000000079cb00000,0x000000079cb00000,0x00000007c0000000)
  to   space 578560K, 0% used [0x0000000779600000,0x0000000779600000,0x000000079cb00000)
 ParOldGen       total 3473408K, used 3473282K [0x0000000682000000, 0x0000000756000000, 0x0000000756000000)
  object space 3473408K, 99% used [0x0000000682000000,0x0000000755fe0ae8,0x0000000756000000)
 Metaspace       used 289809K, capacity 336080K, committed 336384K, reserved 1325056K
  class space    used 48962K, capacity 60321K, committed 60416K, reserved 1048576K
}
Event: 659.732 GC heap before
{Heap before GC invocations=338 (full 53):
 PSYoungGen      total 1158144K, used 579584K [0x0000000756000000, 0x00000007c0000000, 0x00000007c0000000)
  eden space 579584K, 100% used [0x0000000756000000,0x0000000779600000,0x0000000779600000)
  from space 578560K, 0% used [0x000000079cb00000,0x000000079cb00000,0x00000007c0000000)
  to   space 578560K, 0% used [0x0000000779600000,0x0000000779600000,0x000000079cb00000)
 ParOldGen       total 3473408K, used 3473282K [0x0000000682000000, 0x0000000756000000, 0x0000000756000000)
  object space 3473408K, 99% used [0x0000000682000000,0x0000000755fe0ae8,0x0000000756000000)
 Metaspace       used 289809K, capacity 336080K, committed 336384K, reserved 1325056K
  class space    used 48962K, capacity 60321K, committed 60416K, reserved 1048576K
Event: 666.596 GC heap after
Heap after GC invocations=338 (full 53):
 PSYoungGen      total 1158144K, used 113794K [0x0000000756000000, 0x00000007c0000000, 0x00000007c0000000)
  eden space 579584K, 19% used [0x0000000756000000,0x000000075cf20a40,0x0000000779600000)
  from space 578560K, 0% used [0x000000079cb00000,0x000000079cb00000,0x00000007c0000000)
  to   space 578560K, 0% used [0x0000000779600000,0x0000000779600000,0x000000079cb00000)
 ParOldGen       total 3473408K, used 3473120K [0x0000000682000000, 0x0000000756000000, 0x0000000756000000)
  object space 3473408K, 99% used [0x0000000682000000,0x0000000755fb8228,0x0000000756000000)
 Metaspace       used 289809K, capacity 336080K, committed 336384K, reserved 1325056K
  class space    used 48962K, capacity 60321K, committed 60416K, reserved 1048576K
}

Deoptimization events (10 events):
Event: 666.724 Thread 0x0000000002774000 Uncommon trap: reason=bimorphic action=maybe_recompile pc=0x000000000a0d8b00 method=io.netty.channel.AbstractChannelHandlerContext.isNotValidPromise(Lio/netty/channel/ChannelPromise;Z)Z @ 62
Event: 666.725 Thread 0x0000000075470800 Uncommon trap: reason=unstable_if action=reinterpret pc=0x000000000b98b6a8 method=io.netty.util.internal.shaded.org.jctools.queues.BaseLinkedQueue.relaxedPoll()Ljava/lang/Object; @ 11
Event: 666.725 Thread 0x0000000075471000 Uncommon trap: reason=unstable_if action=reinterpret pc=0x000000000a9b0f98 method=io.netty.channel.local.LocalChannel.isActive()Z @ 7
Event: 666.725 Thread 0x0000000075471000 Uncommon trap: reason=unstable_if action=reinterpret pc=0x000000000a764bd8 method=io.netty.channel.local.LocalChannel.isOpen()Z @ 7
Event: 666.725 Thread 0x0000000075470800 Uncommon trap: reason=unstable_if action=reinterpret pc=0x000000000a764bd8 method=io.netty.channel.local.LocalChannel.isOpen()Z @ 7
Event: 666.797 Thread 0x0000000002774000 Uncommon trap: reason=unstable_if action=reinterpret pc=0x00000000067dfc9c method=io.netty.channel.local.LocalChannel.isOpen()Z @ 7
Event: 666.798 Thread 0x0000000002774000 Uncommon trap: reason=unstable_if action=reinterpret pc=0x000000000b979c98 method=io.netty.channel.local.LocalChannel.isOpen()Z @ 7
Event: 666.799 Thread 0x0000000002774000 Uncommon trap: reason=unstable_if action=reinterpret pc=0x000000000d6a59f0 method=de.keksuccino.drippyloadingscreen.customization.CustomizationHandlerEvents.onTick(Lnet/minecraftforge/event/TickEvent$ClientTickEvent;)V @ 33
Event: 666.827 Thread 0x0000000002774000 Uncommon trap: reason=class_check action=maybe_recompile pc=0x000000000a175228 method=java.util.Collections$UnmodifiableMap.forEach(Ljava/util/function/BiConsumer;)V @ 5
Event: 666.834 Thread 0x0000000002774000 Uncommon trap: reason=class_check action=maybe_recompile pc=0x000000000a175228 method=java.util.Collections$UnmodifiableMap.forEach(Ljava/util/function/BiConsumer;)V @ 5

Internal exceptions (10 events):
Event: 666.733 Thread 0x000000003874c800 Exception <a 'sun/nio/fs/WindowsException'> (0x00000007614a9a98) thrown at [C:\re\workspace\8-2-build-windows-amd64-cygwin\jdk8u51\3951\hotspot\src\share\vm\prims\jni.cpp, line 709]
Event: 666.733 Thread 0x000000003874c800 Exception <a 'sun/nio/fs/WindowsException'> (0x00000007614aa1d8) thrown at [C:\re\workspace\8-2-build-windows-amd64-cygwin\jdk8u51\3951\hotspot\src\share\vm\prims\jni.cpp, line 709]
Event: 666.733 Thread 0x000000003874c800 Exception <a 'sun/nio/fs/WindowsException'> (0x00000007614aa930) thrown at [C:\re\workspace\8-2-build-windows-amd64-cygwin\jdk8u51\3951\hotspot\src\share\vm\prims\jni.cpp, line 709]
Event: 666.733 Thread 0x000000003874c800 Exception <a 'sun/nio/fs/WindowsException'> (0x00000007614ab448) thrown at [C:\re\workspace\8-2-build-windows-amd64-cygwin\jdk8u51\3951\hotspot\src\share\vm\prims\jni.cpp, line 709]
Event: 666.733 Thread 0x000000003874c800 Exception <a 'sun/nio/fs/WindowsException'> (0x0000000761503cd0) thrown at [C:\re\workspace\8-2-build-windows-amd64-cygwin\jdk8u51\3951\hotspot\src\share\vm\prims\jni.cpp, line 709]
Event: 666.734 Thread 0x000000003874c800 Exception <a 'sun/nio/fs/WindowsException'> (0x0000000761504418) thrown at [C:\re\workspace\8-2-build-windows-amd64-cygwin\jdk8u51\3951\hotspot\src\share\vm\prims\jni.cpp, line 709]
Event: 666.734 Thread 0x000000003874c800 Exception <a 'sun/nio/fs/WindowsException'> (0x00000007615049c8) thrown at [C:\re\workspace\8-2-build-windows-amd64-cygwin\jdk8u51\3951\hotspot\src\share\vm\prims\jni.cpp, line 709]
Event: 666.796 Thread 0x0000000002774000 Exception <a 'java/lang/IllegalArgumentException': Wrong type at constant pool index> (0x0000000761556c28) thrown at [C:\re\workspace\8-2-build-windows-amd64-cygwin\jdk8u51\3951\hotspot\src\share\vm\prims\jvm.cpp, line 2143]
Event: 666.796 Thread 0x0000000002774000 Exception <a 'java/lang/IllegalArgumentException': Wrong type at constant pool index> (0x0000000761557b78) thrown at [C:\re\workspace\8-2-build-windows-amd64-cygwin\jdk8u51\3951\hotspot\src\share\vm\prims\jvm.cpp, line 2143]
Event: 666.796 Thread 0x0000000002774000 Exception <a 'java/lang/IllegalArgumentException': Wrong type at constant pool index> (0x0000000761575770) thrown at [C:\re\workspace\8-2-build-windows-amd64-cygwin\jdk8u51\3951\hotspot\src\share\vm\prims\jvm.cpp, line 2143]

Events (10 events):
Event: 666.798 Thread 0x0000000002774000 DEOPT UNPACKING pc=0x00000000028b582a sp=0x000000000276dde8 mode 2
Event: 666.799 Thread 0x0000000002774000 Uncommon trap: trap_request=0xffffff65 fr.pc=0x000000000d6a59f0
Event: 666.799 Thread 0x0000000002774000 DEOPT PACKING pc=0x000000000d6a59f0 sp=0x000000000276e1d0
Event: 666.799 Thread 0x0000000002774000 DEOPT UNPACKING pc=0x00000000028b582a sp=0x000000000276e158 mode 2
Event: 666.827 Thread 0x0000000002774000 Uncommon trap: trap_request=0xffffffde fr.pc=0x000000000a175228
Event: 666.827 Thread 0x0000000002774000 DEOPT PACKING pc=0x000000000a175228 sp=0x000000000276d8b0
Event: 666.827 Thread 0x0000000002774000 DEOPT UNPACKING pc=0x00000000028b582a sp=0x000000000276d960 mode 2
Event: 666.834 Thread 0x0000000002774000 Uncommon trap: trap_request=0xffffffde fr.pc=0x000000000a175228
Event: 666.834 Thread 0x0000000002774000 DEOPT PACKING pc=0x000000000a175228 sp=0x000000000276d8b0
Event: 666.834 Thread 0x0000000002774000 DEOPT UNPACKING pc=0x00000000028b582a sp=0x000000000276d960 mode 2


Dynamic libraries:
0x00007ff626220000 - 0x00007ff626257000 	C:\Games\CurseForge\Minecraft\Install\runtime\jre-legacy\windows-x64\jre-legacy\bin\javaw.exe
0x00007ffde14b0000 - 0x00007ffde16a8000 	C:\Windows\SYSTEM32\ntdll.dll
0x00007ffddfe50000 - 0x00007ffddff0d000 	C:\Windows\System32\KERNEL32.DLL
0x00007ffddee80000 - 0x00007ffddf14e000 	C:\Windows\System32\KERNELBASE.dll
0x00007ffddffd0000 - 0x00007ffde007e000 	C:\Windows\System32\ADVAPI32.dll
0x00007ffde02b0000 - 0x00007ffde034e000 	C:\Windows\System32\msvcrt.dll
0x00007ffde07c0000 - 0x00007ffde085c000 	C:\Windows\System32\sechost.dll
0x00007ffde10e0000 - 0x00007ffde1205000 	C:\Windows\System32\RPCRT4.dll
0x00007ffde0110000 - 0x00007ffde02b0000 	C:\Windows\System32\USER32.dll
0x00007ffddf3e0000 - 0x00007ffddf402000 	C:\Windows\System32\win32u.dll
0x00007ffde0790000 - 0x00007ffde07ba000 	C:\Windows\System32\GDI32.dll
0x00007ffddec80000 - 0x00007ffdded8b000 	C:\Windows\System32\gdi32full.dll
0x00007ffddf340000 - 0x00007ffddf3dd000 	C:\Windows\System32\msvcp_win.dll
0x00007ffddf410000 - 0x00007ffddf510000 	C:\Windows\System32\ucrtbase.dll
0x00007ffdce800000 - 0x00007ffdcea9a000 	C:\Windows\WinSxS\amd64_microsoft.windows.common-controls_6595b64144ccf1df_6.0.19041.1110_none_60b5254171f9507e\COMCTL32.dll
0x00007ffde1430000 - 0x00007ffde1460000 	C:\Windows\System32\IMM32.DLL
0x0000000075120000 - 0x00000000751f2000 	C:\Games\CurseForge\Minecraft\Install\runtime\jre-legacy\windows-x64\jre-legacy\bin\msvcr100.dll
0x0000000074290000 - 0x0000000074b13000 	C:\Games\CurseForge\Minecraft\Install\runtime\jre-legacy\windows-x64\jre-legacy\bin\server\jvm.dll
0x00007ffddf5f0000 - 0x00007ffddf5f8000 	C:\Windows\System32\PSAPI.DLL
0x00007ffdd0120000 - 0x00007ffdd0147000 	C:\Windows\SYSTEM32\WINMM.dll
0x00007ffdd2500000 - 0x00007ffdd250a000 	C:\Windows\SYSTEM32\VERSION.dll
0x00007ffdb0ca0000 - 0x00007ffdb0ca9000 	C:\Windows\SYSTEM32\WSOCK32.dll
0x00007ffde13c0000 - 0x00007ffde142b000 	C:\Windows\System32\WS2_32.dll
0x0000000075110000 - 0x000000007511f000 	C:\Games\CurseForge\Minecraft\Install\runtime\jre-legacy\windows-x64\jre-legacy\bin\verify.dll
0x00000000750e0000 - 0x0000000075109000 	C:\Games\CurseForge\Minecraft\Install\runtime\jre-legacy\windows-x64\jre-legacy\bin\java.dll
0x00000000750c0000 - 0x00000000750d6000 	C:\Games\CurseForge\Minecraft\Install\runtime\jre-legacy\windows-x64\jre-legacy\bin\zip.dll
0x00007ffde0990000 - 0x00007ffde10d4000 	C:\Windows\System32\SHELL32.dll
0x00007ffddca10000 - 0x00007ffddd1a4000 	C:\Windows\SYSTEM32\windows.storage.dll
0x00007ffde0430000 - 0x00007ffde0784000 	C:\Windows\System32\combase.dll
0x00007ffdde630000 - 0x00007ffdde660000 	C:\Windows\SYSTEM32\Wldp.dll
0x00007ffde08c0000 - 0x00007ffde096d000 	C:\Windows\System32\SHCORE.dll
0x00007ffde0860000 - 0x00007ffde08b5000 	C:\Windows\System32\shlwapi.dll
0x00007ffddeb10000 - 0x00007ffddeb2f000 	C:\Windows\SYSTEM32\profapi.dll
0x00000000750b0000 - 0x00000000750bd000 	C:\Games\CurseForge\Minecraft\Install\runtime\jre-legacy\windows-x64\jre-legacy\bin\management.dll
0x0000000075090000 - 0x00000000750aa000 	C:\Games\CurseForge\Minecraft\Install\runtime\jre-legacy\windows-x64\jre-legacy\bin\net.dll
0x00007ffdde390000 - 0x00007ffdde3fa000 	C:\Windows\system32\mswsock.dll
0x00007ffdbabb0000 - 0x00007ffdbabc7000 	C:\Windows\system32\napinsp.dll
0x00007ffdb7bc0000 - 0x00007ffdb7bdb000 	C:\Windows\system32\pnrpnsp.dll
0x00007ffdd9c80000 - 0x00007ffdd9c95000 	C:\Windows\system32\wshbth.dll
0x00007ffdd9e30000 - 0x00007ffdd9e4d000 	C:\Windows\system32\NLAapi.dll
0x00007ffdde030000 - 0x00007ffdde06b000 	C:\Windows\SYSTEM32\IPHLPAPI.DLL
0x00007ffdde070000 - 0x00007ffdde13b000 	C:\Windows\SYSTEM32\DNSAPI.dll
0x00007ffde1460000 - 0x00007ffde1468000 	C:\Windows\System32\NSI.dll
0x00007ffdb6290000 - 0x00007ffdb62a2000 	C:\Windows\System32\winrnr.dll
0x00007ffdd7940000 - 0x00007ffdd794a000 	C:\Windows\System32\rasadhlp.dll
0x00007ffdcfd90000 - 0x00007ffdcfe10000 	C:\Windows\System32\fwpuclnt.dll
0x00007ffddee00000 - 0x00007ffddee27000 	C:\Windows\System32\bcrypt.dll
0x0000000075070000 - 0x0000000075081000 	C:\Games\CurseForge\Minecraft\Install\runtime\jre-legacy\windows-x64\jre-legacy\bin\nio.dll
0x0000000075040000 - 0x0000000075064000 	C:\Games\CurseForge\Minecraft\Install\runtime\jre-legacy\windows-x64\jre-legacy\bin\sunec.dll
0x00007ffdde580000 - 0x00007ffdde598000 	C:\Windows\SYSTEM32\CRYPTSP.dll
0x00007ffdddca0000 - 0x00007ffdddcd4000 	C:\Windows\system32\rsaenh.dll
0x00007ffddead0000 - 0x00007ffddeafe000 	C:\Windows\SYSTEM32\USERENV.dll
0x00007ffddf150000 - 0x00007ffddf1d2000 	C:\Windows\System32\bcryptprimitives.dll
0x00007ffdde5a0000 - 0x00007ffdde5ac000 	C:\Windows\SYSTEM32\CRYPTBASE.dll
0x00007ffdd3e90000 - 0x00007ffdd3ea7000 	C:\Windows\SYSTEM32\dhcpcsvc6.DLL
0x00007ffdd4200000 - 0x00007ffdd421d000 	C:\Windows\SYSTEM32\dhcpcsvc.DLL
0x00007ffdd08e0000 - 0x00007ffdd0952000 	C:\Games\CurseForge\Minecraft\Install\bin\400bfa34b81004aabb21f7dd792d5eb2eb8d7b12\lwjgl.dll
0x00007ffd492c0000 - 0x00007ffd49511000 	C:\Games\CurseForge\Minecraft\Install\bin\400bfa34b81004aabb21f7dd792d5eb2eb8d7b12\jemalloc.dll
0x00007ffdd4a60000 - 0x00007ffdd4abe000 	C:\Games\CurseForge\Minecraft\Install\bin\400bfa34b81004aabb21f7dd792d5eb2eb8d7b12\glfw.dll
0x00007ffddb510000 - 0x00007ffddb5ae000 	C:\Windows\system32\uxtheme.dll
0x00007ffdaebf0000 - 0x00007ffdaec35000 	C:\Windows\SYSTEM32\dinput8.dll
0x00007ffdad800000 - 0x00007ffdad811000 	C:\Windows\SYSTEM32\xinput1_4.dll
0x00007ffddee30000 - 0x00007ffddee7e000 	C:\Windows\System32\cfgmgr32.dll
0x00007ffdde980000 - 0x00007ffdde9ac000 	C:\Windows\SYSTEM32\DEVOBJ.dll
0x00007ffddbac0000 - 0x00007ffddbaef000 	C:\Windows\SYSTEM32\dwmapi.dll
0x00007ffdc9870000 - 0x00007ffdc99c2000 	C:\Windows\SYSTEM32\inputhost.dll
0x00007ffde0350000 - 0x00007ffde041d000 	C:\Windows\System32\OLEAUT32.dll
0x00007ffdda360000 - 0x00007ffdda4b4000 	C:\Windows\SYSTEM32\wintypes.dll
0x00007ffddb1f0000 - 0x00007ffddb2e2000 	C:\Windows\SYSTEM32\CoreMessaging.dll
0x00007ffdd9f50000 - 0x00007ffdda046000 	C:\Windows\SYSTEM32\PROPSYS.dll
0x00007ffddae90000 - 0x00007ffddb1ee000 	C:\Windows\SYSTEM32\CoreUIComponents.dll
0x00007ffddd8c0000 - 0x00007ffddd8f3000 	C:\Windows\SYSTEM32\ntmarta.dll
0x00007ffddd450000 - 0x00007ffddd462000 	C:\Windows\SYSTEM32\kernel.appcore.dll
0x00007ffda9d60000 - 0x00007ffda9e99000 	C:\ProgramData\A-Volute\A-Volute.Nahimic\Modules\Scheduled\x64\AudioDevProps2.dll
0x00007ffddf600000 - 0x00007ffddf72a000 	C:\Windows\System32\ole32.dll
0x00007ffd82750000 - 0x00007ffd828a3000 	C:\Program Files (x86)\Stardock\Fences\FencesMenu64.dll
0x00007ffdd96b0000 - 0x00007ffdd96c4000 	C:\Windows\SYSTEM32\WTSAPI32.dll
0x00007ffdceaa0000 - 0x00007ffdcec45000 	C:\Windows\WinSxS\amd64_microsoft.windows.gdiplus_6595b64144ccf1df_1.1.19041.1706_none_919e8e54cc8d4ca1\gdiplus.dll
0x00007ffdce180000 - 0x00007ffdce298000 	C:\Program Files (x86)\Stardock\Groupy\groupy_64.dll
0x00007ffddf810000 - 0x00007ffddf925000 	C:\Windows\System32\MSCTF.dll
0x00007ffddd420000 - 0x00007ffddd42d000 	C:\Windows\SYSTEM32\HID.DLL
0x00007ffddf9e0000 - 0x00007ffddfe4f000 	C:\Windows\System32\SETUPAPI.DLL
0x00007ffdded90000 - 0x00007ffddedf7000 	C:\Windows\System32\WINTRUST.dll
0x00007ffddf1e0000 - 0x00007ffddf336000 	C:\Windows\System32\CRYPT32.dll
0x00007ffdde7c0000 - 0x00007ffdde7d2000 	C:\Windows\SYSTEM32\MSASN1.dll
0x00007ffd78a10000 - 0x00007ffd78b37000 	C:\Windows\SYSTEM32\opengl32.dll
0x00007ffd79170000 - 0x00007ffd7919c000 	C:\Windows\SYSTEM32\GLU32.dll
0x00007ffddf930000 - 0x00007ffddf9d9000 	C:\Windows\System32\clbcatq.dll
0x00007ffd426f0000 - 0x00007ffd4697a000 	C:\Windows\System32\DriverStore\FileRepository\nvlti.inf_amd64_f313b6b92f428254\nvoglv64.dll
0x00007ffdd24c0000 - 0x00007ffdd24f1000 	C:\Windows\SYSTEM32\cryptnet.dll
0x00007ffdd21b0000 - 0x00007ffdd22f8000 	C:\Windows\SYSTEM32\drvstore.dll
0x00007ffdd2560000 - 0x00007ffdd259b000 	C:\Windows\SYSTEM32\dxcore.dll
0x00007ffd99bc0000 - 0x00007ffd99e91000 	C:\Windows\system32\nvspcap64.dll
0x00007ffdde1a0000 - 0x00007ffdde1eb000 	C:\Windows\SYSTEM32\powrprof.dll
0x00007ffdde010000 - 0x00007ffdde022000 	C:\Windows\SYSTEM32\UMPDC.dll
0x00007ffddd970000 - 0x00007ffddd9ca000 	C:\Windows\SYSTEM32\WINSTA.dll
0x00007ffdd0620000 - 0x00007ffdd069f000 	C:\Games\CurseForge\Minecraft\Install\bin\400bfa34b81004aabb21f7dd792d5eb2eb8d7b12\lwjgl_stb.dll
0x00007ffdd8ad0000 - 0x00007ffdd8b7e000 	C:\Windows\SYSTEM32\mscms.dll
0x00007ffdd8a50000 - 0x00007ffdd8a61000 	C:\Windows\SYSTEM32\ColorAdapterClient.dll
0x00007ffdda310000 - 0x00007ffdda353000 	C:\Windows\SYSTEM32\icm32.dll
0x00007ffdc9770000 - 0x00007ffdc9869000 	C:\Windows\SYSTEM32\textinputframework.dll
0x00007ffdd7060000 - 0x00007ffdd70c6000 	C:\Windows\system32\Oleacc.dll
0x00007ffdd0530000 - 0x00007ffdd0588000 	C:\Games\CurseForge\Minecraft\Install\bin\400bfa34b81004aabb21f7dd792d5eb2eb8d7b12\lwjgl_opengl.dll
0x00007ffd56c80000 - 0x00007ffd56cc2000 	C:\Users\NukelordBrown\AppData\Local\Temp\jna--1590639904\jna3631836143267885699.dll
0x0000000075030000 - 0x000000007503c000 	C:\Games\CurseForge\Minecraft\Install\runtime\jre-legacy\windows-x64\jre-legacy\bin\jsound.dll
0x0000000075020000 - 0x000000007502b000 	C:\Games\CurseForge\Minecraft\Install\runtime\jre-legacy\windows-x64\jre-legacy\bin\jsoundds.dll
0x00007ffdcb300000 - 0x00007ffdcb39c000 	C:\Windows\SYSTEM32\DSOUND.dll
0x00007ffdcb200000 - 0x00007ffdcb226000 	C:\Windows\SYSTEM32\winmmbase.dll
0x00007ffdd81f0000 - 0x00007ffdd8275000 	C:\Windows\SYSTEM32\MMDevAPI.DLL
0x00007ffd05eb0000 - 0x00007ffd05ef6000 	C:\Windows\SYSTEM32\wdmaud.drv
0x00007ffdd7c80000 - 0x00007ffdd7c89000 	C:\Windows\SYSTEM32\ksuser.dll
0x00007ffddd430000 - 0x00007ffddd43a000 	C:\Windows\SYSTEM32\AVRT.dll
0x00007ffdd8550000 - 0x00007ffdd86d2000 	C:\Windows\SYSTEM32\AUDIOSES.DLL
0x00007ffdd0820000 - 0x00007ffdd082d000 	C:\Windows\SYSTEM32\msacm32.drv
0x00007ffda9d10000 - 0x00007ffda9d2e000 	C:\Windows\SYSTEM32\MSACM32.dll
0x00007ffdb1850000 - 0x00007ffdb185b000 	C:\Windows\SYSTEM32\midimap.dll
0x00007ffd25ae0000 - 0x00007ffd25d46000 	C:\Users\NukelordBrown\AppData\Local\Temp\de.fabmax.physx-jni\0.4.15\PhysX_64.dll
0x00007ffd268e0000 - 0x00007ffd26ab7000 	C:\Users\NukelordBrown\AppData\Local\Temp\de.fabmax.physx-jni\0.4.15\PhysXCommon_64.dll
0x00007ffd56bd0000 - 0x00007ffd56c7a000 	C:\Users\NukelordBrown\AppData\Local\Temp\de.fabmax.physx-jni\0.4.15\PhysXCooking_64.dll
0x00007ffd4d4a0000 - 0x00007ffd4d531000 	C:\Users\NukelordBrown\AppData\Local\Temp\de.fabmax.physx-jni\0.4.15\PhysXFoundation_64.dll
0x00007ffd24fd0000 - 0x00007ffd251d4000 	C:\Users\NukelordBrown\AppData\Local\Temp\de.fabmax.physx-jni\0.4.15\PhysXJniBindings_64.dll
0x00007ffd68960000 - 0x00007ffd689c7000 	C:\ProgramData\A-Volute\A-Volute.Nahimic\Modules\Scheduled\x64\ProductInfo.dll
0x00007ffd66e40000 - 0x00007ffd66e83000 	C:\ProgramData\A-Volute\A-Volute.Nahimic\Modules\Scheduled\x64\ASM.Plugin.AudioDevProps2.dll
0x0000000074e80000 - 0x0000000075018000 	C:\Games\CurseForge\Minecraft\Install\runtime\jre-legacy\windows-x64\jre-legacy\bin\awt.dll
0x00007ffddb420000 - 0x00007ffddb4b0000 	C:\Windows\SYSTEM32\apphelp.dll
0x00007ffddb870000 - 0x00007ffddb884000 	C:\Windows\SYSTEM32\resourcepolicyclient.dll
0x00007ffdc99d0000 - 0x00007ffdc9b11000 	C:\Windows\System32\Windows.UI.dll
0x00007ffdd7400000 - 0x00007ffdd74a1000 	C:\Windows\System32\WindowManagementAPI.dll

VM Arguments:
jvm_args: -XX:HeapDumpPath=MojangTricksIntelDriversForPerformance_javaw.exe_minecraft.exe.heapdump -Dos.name=Windows 10 -Dos.version=10.0 -Xss1M -Djava.library.path=C:\Games\CurseForge\Minecraft\Install\bin\400bfa34b81004aabb21f7dd792d5eb2eb8d7b12 -Dminecraft.launcher.brand=minecraft-launcher -Dminecraft.launcher.version=2.5.9 -Xmx5088m -Xms256m -Dminecraft.applet.TargetDirectory=C:\Games\CurseForge\Minecraft\Instances\Blood-N-Wine-2 -Dfml.ignorePatchDiscrepancies=true -Dfml.ignoreInvalidMinecraftCertificates=true -Duser.language=en -Duser.country=US -Dlog4j.configurationFile=C:\Games\CurseForge\Minecraft\Install\assets\log_configs\client-1.12.xml 
java_command: cpw.mods.modlauncher.Launcher --username Nukelord420 --version forge-36.2.35 --gameDir C:\Games\CurseForge\Minecraft\Instances\Blood-N-Wine-2 --assetsDir C:\Games\CurseForge\Minecraft\Install\assets --assetIndex 1.16 --uuid 29e423c126c942d89e776772bd06df02 --accessToken eyJraWQiOiJhYzg0YSIsImFsZyI6IkhTMjU2In0.eyJ4dWlkIjoiMjUzNTQyODE5MjM2MjEyNiIsImFnZyI6IkFkdWx0Iiwic3ViIjoiZmNhNGVlNjItYzI4Zi00NzI0LWJkZTktNGU3ZDBiYWQ0ODBjIiwiYXV0aCI6IlhCT1giLCJucyI6ImRlZmF1bHQiLCJyb2xlcyI6W10sImlzcyI6ImF1dGhlbnRpY2F0aW9uIiwiZmxhZ3MiOlsidHdvZmFjdG9yYXV0aCIsIm9yZGVyc18yMDIyIl0sInBsYXRmb3JtIjoiUENfTEFVTkNIRVIiLCJ5dWlkIjoiN2E0ZDMwMTk4Mjc4NDZjY2I2Y2Q3Y2Y4ODY3NDljMGUiLCJuYmYiOjE2ODk4MjM1ODEsImV4cCI6MTY4OTkwOTk4MSwiaWF0IjoxNjg5ODIzNTgxfQ.bliVncKCpMnRVLUMzmLTfXuqsjPO97OgDlT2g4V_uXI --userType msa --versionType release --width 1024 --height 768 --launchTarget fmlclient --fml.forgeVersion 36.2.35 --fml.mcVersion 1.16.5 --fml.forgeGroup net.minecraftforge --fml.mcpVersion 20210115.111550
java_class_path (initial): C:\Games\CurseForge\Minecraft\Install\libraries\net\minecraftforge\forge\1.16.5-36.2.35\forge-1.16.5-36.2.35.jar;C:\Games\CurseForge\Minecraft\Install\libraries\org\ow2\asm\asm\9.1\asm-9.1.jar;C:\Games\CurseForge\Minecraft\Install\libraries\org\ow2\asm\asm-commons\9.1\asm-commons-9.1.jar;C:\Games\CurseForge\Minecraft\Install\libraries\org\ow2\asm\asm-tree\9.1\asm-tree-9.1.jar;C:\Games\CurseForge\Minecraft\Install\libraries\org\ow2\asm\asm-util\9.1\asm-util-9.1.jar;C:\Games\CurseForge\Minecraft\Install\libraries\org\ow2\asm\asm-analysis\9.1\asm-analysis-9.1.jar;C:\Games\CurseForge\Minecraft\Install\libraries\cpw\mods\modlauncher\8.1.3\modlauncher-8.1.3.jar;C:\Games\CurseForge\Minecraft\Install\libraries\cpw\mods\grossjava9hacks\1.3.3\grossjava9hacks-1.3.3.jar;C:\Games\CurseForge\Minecraft\Install\libraries\net\minecraftforge\accesstransformers\3.0.1\accesstransformers-3.0.1.jar;C:\Games\CurseForge\Minecraft\Install\libraries\org\antlr\antlr4-runtime\4.9.1\antlr4-runtime-4.9.1.jar;C:\Games\CurseForge\Minecraft\Install\libraries\net\minecraftforge\eventbus\4.0.0\eventbus-4.0.0.jar;C:\Games\CurseForge\Minecraft\Install\libraries\net\minecraftforge\forgespi\3.2.0\forgespi-3.2.0.jar;C:\Games\CurseForge\Minecraft\Install\libraries\net\minecraftforge\coremods\4.0.6\coremods-4.0.6.jar;C:\Games\CurseForge\Minecraft\Install\libraries\net\minecraftforge\unsafe\0.2.0\unsafe-0.2.0.jar;C:\Games\CurseForge\Minecraft\Install\libraries\com\electronwill\night-config\core\3.6.3\core-3.6.3.jar;C:\Games\CurseForge\Minecraft\Install\libraries\com\electronwill\night-config\toml\3.6.3\toml-3.6.3.jar;C:\Games\CurseForge\Minecraft\Install\libraries\org\jline\jline\3.12.1\jline-3.12.1.jar;C:\Games\CurseForge\Minecraft\Install\libraries\org\apache\maven\maven-artifact\3.6.3\maven-artifact-3.6.3.jar;C:\Games\CurseForge\Minecraft\Install\libraries\net\jodah\typetools\0.8.3\typetools-0.8.3.jar;C:\Games\CurseForge\Minecraft\Install\libraries\org\apache\logging\log4j\log
Launcher Type: SUN_STANDARD

Environment Variables:
PATH=C:\VulkanSDK\1.3.236.0\Bin;C:\Program Files (x86)\Razer Chroma SDK\bin;C:\Program Files\Razer Chroma SDK\bin;C:\Program Files\Common Files\Oracle\Java\javapath;C:\Program Files (x86)\Common Files\Oracle\Java\javapath;C:\Program Files (x86)\Razer\ChromaBroadcast\bin;C:\Program Files\Razer\ChromaBroadcast\bin;C:\Windows\system32;C:\Windows;C:\Windows\System32\Wbem;C:\Windows\System32\WindowsPowerShell\v1.0\;C:\Windows\System32\OpenSSH\;C:\Program Files (x86)\NVIDIA Corporation\PhysX\Common;C:\Program Files\NVIDIA Corporation\NVIDIA NvDLISR;C:\Program Files\PuTTY\;C:\Windows\system32\config\systemprofile\AppData\Local\Microsoft\WindowsApps;C:\Program Files\dotnet\;C:\Program Files\Common Files\Autodesk Shared\;C:\Program Files\Microsoft SQL Server\120\Tools\Binn\;G:\Bethesda-Game-Modding-Tools\Ruby26-x64\bin;C:\Users\NukelordBrown\AppData\Local\Programs\Python\Python310\Scripts\;C:\Users\NukelordBrown\AppData\Local\Programs\Python\Python310\;C:\Users\NukelordBrown\AppData\Local\Microsoft\WindowsApps;C:\Users\NukelordBrown\AppData\Local\Programs\Microsoft VS Code\bin;C:\Users\NukelordBrown\.dotnet\tools;C:\Users\NukelordBrown\AppData\Local\GitHubDesktop\bin;C:\Program Files\Perforce\;C:\Program Files\Git\cmd;G:\Bethesda-Game-Modding-Tools\Ruby26-x64\bin;C:\Users\NukelordBrown\AppData\Local\Programs\Python\Python310\Scripts\;C:\Users\NukelordBrown\AppData\Local\Programs\Python\Python310\;C:\Users\NukelordBrown\AppData\Local\Microsoft\WindowsApps;C:\Users\NukelordBrown\AppData\Local\Programs\Microsoft VS Code\bin;C:\Users\NukelordBrown\.dotnet\tools;C:\Users\NukelordBrown\AppData\Local\GitHubDesktop\bin
USERNAME=NukelordBrown
OS=Windows_NT
PROCESSOR_IDENTIFIER=AMD64 Family 25 Model 80 Stepping 0, AuthenticAMD



---------------  S Y S T E M  ---------------

OS: Windows 10.0 , 64 bit Build 19041 (10.0.19041.1806)

CPU:total 16 (16 cores per cpu, 1 threads per core) family 25 model 80 stepping 0, cmov, cx8, fxsr, mmx, sse, sse2, sse3, ssse3, sse4.1, sse4.2, popcnt, avx, avx2, aes, clmul, erms, mmxext, 3dnowpref, lzcnt, sse4a, tsc, tscinvbit, tscinv, bmi1

Memory: 4k page, physical 33402940k(9341092k free), swap 41465804k(4469320k free)

vm_info: Java HotSpot(TM) 64-Bit Server VM (25.51-b03) for windows-amd64 JRE (1.8.0_51-b16), built on Jun  8 2015 18:03:07 by "java_re" with MS VC++ 10.0 (VS2010)

time: Wed Jul 19 20:43:55 2023
elapsed time: 666 seconds (0d 0h 11m 6s)

