#
# A fatal error has been detected by the Java Runtime Environment:
#
#  EXCEPTION_ACCESS_VIOLATION (0xc0000005) at pc=0x00007ff843653716, pid=15952, tid=14504
#
# JRE version: Java(TM) SE Runtime Environment (8.0_51-b16) (build 1.8.0_51-b16)
# Java VM: Java HotSpot(TM) 64-Bit Server VM (25.51-b03 mixed mode windows-amd64 compressed oops)
# Problematic frame:
# C  [PhysXJniBindings_64.dll+0x53716]
#
# Failed to write core dump. Minidumps are not enabled by default on client versions of Windows
#
# If you would like to submit a bug report, please visit:
#   http://bugreport.java.com/bugreport/crash.jsp
# The crash happened outside the Java Virtual Machine in native code.
# See problematic frame for where to report the bug.
#

---------------  T H R E A D  ---------------

Current thread (0x0000000002ae4000):  JavaThread "Render thread" [_thread_in_native, id=14504, stack(0x00000000029e0000,0x0000000002ae0000)]

siginfo: ExceptionCode=0xc0000005, reading address 0x0000000000000000

Registers:
RAX=0x0000000000000000, RBX=0x0000000000000018, RCX=0x0000000000000000, RDX=0x0000000000000000
RSP=0x0000000002addbc0, RBP=0x0000000002addc70, RSI=0x0000000000000003, RDI=0x0000000000000000
R8 =0x0000000000000003, R9 =0x000000002325fa80, R10=0x0000000002bf57c8, R11=0x000000005fd87bb0
R12=0x0000000000000000, R13=0x0000000040c3c340, R14=0x0000000002addc90, R15=0x0000000002ae4000
RIP=0x00007ff843653716, EFLAGS=0x0000000000010206

Top of Stack: (sp=0x0000000002addbc0)
0x0000000002addbc0:   000000003f800000 00007ff8392e0000
0x0000000002addbd0:   000000069a346c98 0000000781e4d090
0x0000000002addbe0:   000000069a346cd8 0000000000200021
0x0000000002addbf0:   0000000002be7ced 0000000002bf57f4
0x0000000002addc00:   0000000040c3c340 000000069a346e58
0x0000000002addc10:   0000000000000000 0000000002addc80
0x0000000002addc20:   00000000c7f6c828 0000000000000000
0x0000000002addc30:   0000000002addc30 0000000000000000
0x0000000002addc40:   0000000002addc90 0000000040c3d310
0x0000000002addc50:   0000000000000000 0000000040c3c340
0x0000000002addc60:   0000000000000000 0000000002addc90
0x0000000002addc70:   0000000002addcd8 0000000002be7800
0x0000000002addc80:   000000069a20ea20 0000000002bef977
0x0000000002addc90:   0000000000000003 0000000002addc98
0x0000000002addca0:   0000000040c3c299 0000000002addce8
0x0000000002addcb0:   0000000040c3d310 0000000000000000 

Instructions: (pc=0x00007ff843653716)
0x00007ff8436536f6:   89 74 24 10 57 48 83 ec 30 48 8b fa 8b f1 ff 15
0x00007ff843653706:   86 3c 19 00 48 8b d8 ff 15 35 3c 19 00 48 8b c8
0x00007ff843653716:   4c 8b 00 41 ff 50 28 84 c0 75 09 48 8d 05 a0 5e
0x00007ff843653726:   12 00 eb 13 48 8d 15 8f 3f 19 00 48 8d 0d 20 2d 


Register to memory mapping:

RAX=0x0000000000000000 is an unknown value
RBX=0x0000000000000018 is an unknown value
RCX=0x0000000000000000 is an unknown value
RDX=0x0000000000000000 is an unknown value
RSP=0x0000000002addbc0 is pointing into the stack for thread: 0x0000000002ae4000
RBP=0x0000000002addc70 is pointing into the stack for thread: 0x0000000002ae4000
RSI=0x0000000000000003 is an unknown value
RDI=0x0000000000000000 is an unknown value
R8 =0x0000000000000003 is an unknown value
R9 =0x000000002325fa80 is an unknown value
R10=0x0000000002bf57c8 is at code_begin+840 in an Interpreter codelet
method entry point (kind = native)  [0x0000000002bf5480, 0x0000000002bf5de0]  2400 bytes
R11=0x000000005fd87bb0 is an unknown value
R12=0x0000000000000000 is an unknown value
R13={method} {0x0000000040c3c348} '_DefaultCpuDispatcherCreate' '(I)J' in 'physx/PxTopLevelFunctions'
R14=0x0000000002addc90 is pointing into the stack for thread: 0x0000000002ae4000
R15=0x0000000002ae4000 is a thread


Stack: [0x00000000029e0000,0x0000000002ae0000],  sp=0x0000000002addbc0,  free space=1014k
Native frames: (J=compiled Java code, j=interpreted, Vv=VM code, C=native code)
C  [PhysXJniBindings_64.dll+0x53716]
C  0x0000000002bf57f4

Java frames: (J=compiled Java code, j=interpreted, Vv=VM code)
j  physx.PxTopLevelFunctions._DefaultCpuDispatcherCreate(I)J+0
j  physx.PxTopLevelFunctions.DefaultCpuDispatcherCreate(I)Lphysx/extensions/PxDefaultCpuDispatcher;+1
J 64191 C2 net.minecraft.client.renderer.WorldRenderer.handler$bjd000$renderChunkLayerSolid(Lnet/minecraft/client/renderer/RenderType;Lcom/mojang/blaze3d/matrix/MatrixStack;DDDLorg/spongepowered/asm/mixin/injection/callback/CallbackInfo;)V (721 bytes) @ 0x000000000bf80794 [0x000000000bf7d780+0x3014]
J 49211 C2 net.minecraft.client.renderer.WorldRenderer.func_228441_a_(Lnet/minecraft/client/renderer/RenderType;Lcom/mojang/blaze3d/matrix/MatrixStack;DDD)V (186 bytes) @ 0x000000000a915410 [0x000000000a912f80+0x2490]
J 64324 C2 net.minecraft.client.renderer.WorldRenderer.func_228426_a_(Lcom/mojang/blaze3d/matrix/MatrixStack;FJZLnet/minecraft/client/renderer/ActiveRenderInfo;Lnet/minecraft/client/renderer/GameRenderer;Lnet/minecraft/client/renderer/LightTexture;Lnet/minecraft/util/math/vector/Matrix4f;)V (4068 bytes) @ 0x000000000c7307cc [0x000000000c72eec0+0x190c]
J 64355 C2 net.minecraft.client.renderer.GameRenderer.func_228378_a_(FJLcom/mojang/blaze3d/matrix/MatrixStack;)V (707 bytes) @ 0x000000000ab09180 [0x000000000ab07da0+0x13e0]
j  net.minecraft.client.renderer.GameRenderer.func_195458_a(FJZ)V+250
J 62442 C2 net.minecraft.client.Minecraft.func_195542_b(Z)V (1013 bytes) @ 0x000000000a750ea4 [0x000000000a74f280+0x1c24]
j  net.minecraft.client.Minecraft.handler$cdh000$unloadWorldScreenshot(Lnet/minecraft/client/gui/screen/Screen;Lorg/spongepowered/asm/mixin/injection/callback/CallbackInfo;)V+21
j  net.minecraft.client.Minecraft.func_213231_b(Lnet/minecraft/client/gui/screen/Screen;)V+49
j  net.minecraft.client.Minecraft.func_213254_o()V+8
j  net.minecraft.client.Minecraft.func_71405_e()V+66
j  net.minecraft.client.main.Main.main([Ljava/lang/String;)V+1445
v  ~StubRoutines::call_stub
j  sun.reflect.NativeMethodAccessorImpl.invoke0(Ljava/lang/reflect/Method;Ljava/lang/Object;[Ljava/lang/Object;)Ljava/lang/Object;+0
j  sun.reflect.NativeMethodAccessorImpl.invoke(Ljava/lang/Object;[Ljava/lang/Object;)Ljava/lang/Object;+100
J 2184 C1 sun.reflect.DelegatingMethodAccessorImpl.invoke(Ljava/lang/Object;[Ljava/lang/Object;)Ljava/lang/Object; (10 bytes) @ 0x00000000032ed8cc [0x00000000032ed7c0+0x10c]
J 2183 C1 java.lang.reflect.Method.invoke(Ljava/lang/Object;[Ljava/lang/Object;)Ljava/lang/Object; (62 bytes) @ 0x00000000032f03ac [0x00000000032effc0+0x3ec]
j  net.minecraftforge.fml.loading.FMLClientLaunchProvider.lambda$launchService$0(Lcpw/mods/modlauncher/api/ITransformingClassLoader;[Ljava/lang/String;)Ljava/lang/Void;+50
j  net.minecraftforge.fml.loading.FMLClientLaunchProvider$$Lambda$502.call()Ljava/lang/Object;+12
j  cpw.mods.modlauncher.LaunchServiceHandlerDecorator.launch([Ljava/lang/String;Lcpw/mods/modlauncher/api/ITransformingClassLoader;)V+11
j  cpw.mods.modlauncher.LaunchServiceHandler.launch(Ljava/lang/String;[Ljava/lang/String;Lcpw/mods/modlauncher/TransformingClassLoader;Lcpw/mods/modlauncher/LaunchPluginHandler;)V+57
j  cpw.mods.modlauncher.LaunchServiceHandler.launch(Lcpw/mods/modlauncher/ArgumentHandler;Lcpw/mods/modlauncher/TransformingClassLoader;Lcpw/mods/modlauncher/LaunchPluginHandler;)V+19
j  cpw.mods.modlauncher.Launcher.run([Ljava/lang/String;)V+116
j  cpw.mods.modlauncher.Launcher.main([Ljava/lang/String;)V+37
v  ~StubRoutines::call_stub

---------------  P R O C E S S  ---------------

Java Threads: ( => current thread )
  0x000000002268e000 JavaThread "LavaPlayer Audio Thread" [_thread_blocked, id=28944, stack(0x0000000108280000,0x0000000108380000)]
  0x0000000068850800 JavaThread "lava-daemon-pool-manager-30-thread-1" daemon [_thread_blocked, id=27372, stack(0x00000001021f0000,0x00000001022f0000)]
  0x0000000068848000 JavaThread "LavaPlayer Audio Thread" [_thread_blocked, id=16476, stack(0x00000000fc860000,0x00000000fc960000)]
  0x0000000068844800 JavaThread "lava-daemon-pool-manager-27-thread-1" daemon [_thread_blocked, id=28828, stack(0x00000000b4c60000,0x00000000b4d60000)]
  0x0000000033149800 JavaThread "Worker-Main-225" daemon [_thread_blocked, id=22608, stack(0x00000000f7bf0000,0x00000000f7cf0000)]
  0x00000000c3107000 JavaThread "IO-Worker-224" [_thread_blocked, id=28692, stack(0x00000000df830000,0x00000000df930000)]
  0x00000000c30fe800 JavaThread "Litematica Chunk Batcher 35" daemon [_thread_blocked, id=28696, stack(0x00000000d56a0000,0x00000000d57a0000)]
  0x00000000c30fd800 JavaThread "Litematica Chunk Batcher 34" daemon [_thread_blocked, id=27012, stack(0x00000000d53d0000,0x00000000d54d0000)]
  0x00000000c30f1000 JavaThread "Litematica Chunk Batcher 33" daemon [_thread_blocked, id=11276, stack(0x00000000d52d0000,0x00000000d53d0000)]
  0x000000006c3e6000 JavaThread "Litematica Chunk Batcher 32" daemon [_thread_blocked, id=25996, stack(0x00000000d51d0000,0x00000000d52d0000)]
  0x000000006c3e5800 JavaThread "Litematica Chunk Batcher 31" daemon [_thread_blocked, id=26756, stack(0x00000000d50d0000,0x00000000d51d0000)]
  0x000000006c3ec000 JavaThread "Litematica Chunk Batcher 30" daemon [_thread_blocked, id=17760, stack(0x00000000d4fd0000,0x00000000d50d0000)]
  0x000000006c3e4800 JavaThread "Litematica Chunk Batcher 29" daemon [_thread_blocked, id=28504, stack(0x00000000d4ed0000,0x00000000d4fd0000)]
  0x000000006c3e8800 JavaThread "Litematica Chunk Batcher 28" daemon [_thread_blocked, id=25904, stack(0x00000000d20e0000,0x00000000d21e0000)]
  0x000000006c3ea000 JavaThread "Litematica Chunk Batcher 27" daemon [_thread_blocked, id=11568, stack(0x00000000d1fe0000,0x00000000d20e0000)]
  0x00000000ae990800 JavaThread "Litematica Chunk Batcher 26" daemon [_thread_blocked, id=26764, stack(0x00000000d1ee0000,0x00000000d1fe0000)]
  0x00000000ae98f000 JavaThread "Litematica Chunk Batcher 25" daemon [_thread_blocked, id=26772, stack(0x00000000d1de0000,0x00000000d1ee0000)]
  0x00000000ae98e800 JavaThread "Litematica Chunk Batcher 24" daemon [_thread_blocked, id=20744, stack(0x00000000c7b00000,0x00000000c7c00000)]
  0x00000000ae993000 JavaThread "Chunk Render Task Executor #5" [_thread_blocked, id=17748, stack(0x00000000c77d0000,0x00000000c78d0000)]
  0x00000000ae992000 JavaThread "Chunk Render Task Executor #4" [_thread_blocked, id=2788, stack(0x00000000c76d0000,0x00000000c77d0000)]
  0x00000000ae98d800 JavaThread "Chunk Render Task Executor #3" [_thread_blocked, id=26888, stack(0x00000000c5cb0000,0x00000000c5db0000)]
  0x00000000ae98c000 JavaThread "Chunk Render Task Executor #2" [_thread_blocked, id=28924, stack(0x00000000c2c20000,0x00000000c2d20000)]
  0x00000000ae98d000 JavaThread "Chunk Render Task Executor #1" [_thread_blocked, id=28888, stack(0x00000000b6d50000,0x00000000b6e50000)]
  0x00000000ae990000 JavaThread "Chunk Render Task Executor #0" [_thread_blocked, id=28908, stack(0x00000000b08e0000,0x00000000b09e0000)]
  0x00000000ae978800 JavaThread "Sound engine" daemon [_thread_blocked, id=28880, stack(0x00000000b4720000,0x00000000b4820000)]
  0x00000000ae984800 JavaThread "Netty Server IO #5" daemon [_thread_in_native, id=2024, stack(0x00000000b4620000,0x00000000b4720000)]
  0x00000000ae98b800 JavaThread "Netty Local Client IO #2" daemon [_thread_blocked, id=29664, stack(0x00000000b4520000,0x00000000b4620000)]
  0x00000000ae989000 JavaThread "Netty Server IO #4" daemon [_thread_in_native, id=22600, stack(0x00000000b4420000,0x00000000b4520000)]
  0x00000000ae988800 JavaThread "Worker-Main-223" daemon [_thread_blocked, id=10584, stack(0x00000000b4320000,0x00000000b4420000)]
  0x00000000ae987800 JavaThread "Thread-158" daemon [_thread_in_native, id=28948, stack(0x00000000b4010000,0x00000000b4110000)]
  0x00000000ae974800 JavaThread "Server thread" [_thread_in_Java, id=11728, stack(0x00000000b3f10000,0x00000000b4010000)]
  0x00000000ae979000 JavaThread "Snooper Timer" daemon [_thread_blocked, id=27484, stack(0x00000000b3e10000,0x00000000b3f10000)]
  0x00000000ae97b800 JavaThread "Worker-Main-221" daemon [_thread_blocked, id=26792, stack(0x00000000b3d10000,0x00000000b3e10000)]
  0x00000000ae974000 JavaThread "Worker-Main-220" daemon [_thread_blocked, id=25868, stack(0x00000000b3c10000,0x00000000b3d10000)]
  0x00000000ae975800 JavaThread "Worker-Main-217" daemon [_thread_blocked, id=28208, stack(0x00000000a5190000,0x00000000a5290000)]
  0x00000000ae97a000 JavaThread "lava-daemon-pool-playback-22-thread-1" daemon [_thread_blocked, id=9468, stack(0x0000000039b00000,0x0000000039c00000)]
  0x000000003314b800 JavaThread "lava-daemon-pool-info-loader-23-thread-8" daemon [_thread_blocked, id=28256, stack(0x0000000139f00000,0x000000013a000000)]
  0x00000000c30f5800 JavaThread "LavaPlayer Audio Thread" [_thread_blocked, id=15968, stack(0x0000000130270000,0x0000000130370000)]
  0x000000006c3ee800 JavaThread "lava-daemon-pool-manager-24-thread-1" daemon [_thread_blocked, id=26708, stack(0x000000012ef60000,0x000000012f060000)]
  0x000000006c3ef000 JavaThread "LavaPlayer Audio Thread" [_thread_blocked, id=21928, stack(0x000000012ee60000,0x000000012ef60000)]
  0x000000006c3ed800 JavaThread "lava-daemon-pool-manager-21-thread-1" daemon [_thread_blocked, id=27168, stack(0x000000012ed60000,0x000000012ee60000)]
  0x000000006c3ed000 JavaThread "Worker-Main-216" daemon [_thread_blocked, id=20016, stack(0x00000000b09e0000,0x00000000b0ae0000)]
  0x000000006c3e7000 JavaThread "IO-Worker-213" [_thread_blocked, id=16700, stack(0x000000012e040000,0x000000012e140000)]
  0x00000000ae980000 JavaThread "Netty Server IO #3" daemon [_thread_in_native, id=16180, stack(0x00000000b0ae0000,0x00000000b0be0000)]
  0x00000000ae987000 JavaThread "Netty Local Client IO #1" daemon [_thread_blocked, id=21268, stack(0x00000000af2d0000,0x00000000af3d0000)]
  0x00000000ae97f000 JavaThread "Netty Server IO #2" daemon [_thread_in_native, id=1468, stack(0x00000000ae140000,0x00000000ae240000)]
  0x00000000ae986000 JavaThread "Worker-Main-211" daemon [_thread_blocked, id=24544, stack(0x00000000ae040000,0x00000000ae140000)]
  0x00000000ae985800 JavaThread "IO-Worker-210" [_thread_blocked, id=20832, stack(0x00000000ad1e0000,0x00000000ad2e0000)]
  0x00000000ae981800 JavaThread "IO-Worker-209" [_thread_blocked, id=11356, stack(0x00000000ad0e0000,0x00000000ad1e0000)]
  0x00000000ae97d800 JavaThread "Thread-146" daemon [_thread_in_native, id=7848, stack(0x00000000ac8a0000,0x00000000ac9a0000)]
  0x00000000ae97d000 JavaThread "Snooper Timer" daemon [_thread_blocked, id=22944, stack(0x000000008c4e0000,0x000000008c5e0000)]
  0x00000000ae982000 JavaThread "lava-daemon-pool-playback-16-thread-1" daemon [_thread_blocked, id=29584, stack(0x000000004f310000,0x000000004f410000)]
  0x00000000ae976000 JavaThread "lava-daemon-pool-info-loader-17-thread-2" daemon [_thread_blocked, id=13908, stack(0x00000000a47d0000,0x00000000a48d0000)]
  0x000000003461f000 JavaThread "LavaPlayer Audio Thread" [_thread_blocked, id=28600, stack(0x000000008b8e0000,0x000000008b9e0000)]
  0x0000000045c5f800 JavaThread "lava-daemon-pool-manager-18-thread-1" daemon [_thread_blocked, id=25432, stack(0x000000008a830000,0x000000008a930000)]
  0x0000000068846800 JavaThread "LavaPlayer Audio Thread" [_thread_blocked, id=10332, stack(0x00000000503e0000,0x00000000504e0000)]
  0x00000000223c9800 JavaThread "lava-daemon-pool-manager-15-thread-1" daemon [_thread_blocked, id=28336, stack(0x0000000038c40000,0x0000000038d40000)]
  0x000000006c3f0800 JavaThread "lava-daemon-pool-playback-10-thread-1" daemon [_thread_blocked, id=29368, stack(0x000000009d1f0000,0x000000009d2f0000)]
  0x0000000068849000 JavaThread "lava-daemon-pool-info-loader-11-thread-9" daemon [_thread_blocked, id=28956, stack(0x000000008c290000,0x000000008c390000)]
  0x00000000c3104800 JavaThread "LavaPlayer Audio Thread" [_thread_blocked, id=26768, stack(0x0000000040370000,0x0000000040470000)]
  0x00000000c310a800 JavaThread "lava-daemon-pool-manager-12-thread-1" daemon [_thread_blocked, id=27744, stack(0x000000003fe70000,0x000000003ff70000)]
  0x00000000c30fa000 JavaThread "LavaPlayer Audio Thread" [_thread_blocked, id=26116, stack(0x000000003fd70000,0x000000003fe70000)]
  0x00000000c30f7800 JavaThread "lava-daemon-pool-manager-9-thread-1" daemon [_thread_blocked, id=25440, stack(0x000000003cc30000,0x000000003cd30000)]
  0x0000000045c5e800 JavaThread "pool-16-thread-1" [_thread_blocked, id=8132, stack(0x000000003c730000,0x000000003c830000)]
  0x00000000c3107800 JavaThread "Narrator" [_thread_blocked, id=23072, stack(0x0000000050980000,0x0000000050a80000)]
  0x000000006884d800 JavaThread "Netty Server IO #1" daemon [_thread_in_native, id=22548, stack(0x00000000abc80000,0x00000000abd80000)]
  0x000000006884f800 JavaThread "Netty Local Client IO #0" daemon [_thread_blocked, id=10748, stack(0x000000008bde0000,0x000000008bee0000)]
  0x000000006884c800 JavaThread "Netty Server IO #0" daemon [_thread_in_native, id=2000, stack(0x00000000ab9f0000,0x00000000abaf0000)]
  0x0000000035382800 JavaThread "Thread-66" daemon [_thread_in_native, id=4980, stack(0x0000000095490000,0x0000000095590000)]
  0x0000000045c65800 JavaThread "Snooper Timer" daemon [_thread_blocked, id=21720, stack(0x000000003ca30000,0x000000003cb30000)]
  0x0000000045c5b000 JavaThread "Netty Client IO #9" daemon [_thread_in_native, id=11596, stack(0x000000008e1e0000,0x000000008e2e0000)]
  0x0000000045c5c800 JavaThread "Netty Client IO #8" daemon [_thread_in_native, id=11456, stack(0x000000004f110000,0x000000004f210000)]
  0x0000000045c5d000 JavaThread "Netty Client IO #7" daemon [_thread_in_native, id=16920, stack(0x000000003ce00000,0x000000003cf00000)]
  0x0000000045c5a000 JavaThread "TF-Scheduler" [_thread_blocked, id=22964, stack(0x000000003cb30000,0x000000003cc30000)]
  0x0000000045c56800 JavaThread "Netty Client IO #6" daemon [_thread_in_native, id=6052, stack(0x000000008c190000,0x000000008c290000)]
  0x000000003313e000 JavaThread "Netty Client IO #5" daemon [_thread_in_native, id=13156, stack(0x0000000094510000,0x0000000094610000)]
  0x000000002268b000 JavaThread "Netty Client IO #4" daemon [_thread_in_native, id=12732, stack(0x000000008dee0000,0x000000008dfe0000)]
  0x0000000022690800 JavaThread "Netty Client IO #3" daemon [_thread_in_native, id=22140, stack(0x000000008d9c0000,0x000000008dac0000)]
  0x000000002268f000 JavaThread "Netty Client IO #2" daemon [_thread_in_native, id=21300, stack(0x000000008d8c0000,0x000000008d9c0000)]
  0x000000003461d800 JavaThread "Netty Client IO #1" daemon [_thread_in_native, id=11496, stack(0x000000008d7c0000,0x000000008d8c0000)]
  0x00000000223cc800 JavaThread "Netty Client IO #0" daemon [_thread_in_native, id=13212, stack(0x000000008bae0000,0x000000008bbe0000)]
  0x00000000223ca800 JavaThread "ObjectCleanerThread" daemon [_thread_blocked, id=20976, stack(0x000000008b9e0000,0x000000008bae0000)]
  0x00000000223c5000 JavaThread "Server Pinger #4" daemon [_thread_blocked, id=20708, stack(0x000000008b080000,0x000000008b180000)]
  0x0000000033145800 JavaThread "Server Pinger #3" daemon [_thread_blocked, id=16836, stack(0x000000008af80000,0x000000008b080000)]
  0x000000003314b000 JavaThread "Server Pinger #2" daemon [_thread_blocked, id=23796, stack(0x000000008adc0000,0x000000008aec0000)]
  0x0000000033142000 JavaThread "Server Pinger #1" daemon [_thread_blocked, id=17896, stack(0x000000008ac70000,0x000000008ad70000)]
  0x0000000033145000 JavaThread "Thread-61" daemon [_thread_in_native, id=18936, stack(0x000000008aa40000,0x000000008ab40000)]
  0x0000000033147000 JavaThread "Server Pinger #0" daemon [_thread_blocked, id=22044, stack(0x000000008a940000,0x000000008aa40000)]
  0x0000000033106000 JavaThread "spark-worker-pool-1-thread-4" daemon [_thread_blocked, id=19736, stack(0x000000004ee10000,0x000000004ef10000)]
  0x000000003462a000 JavaThread "lava-daemon-pool-playback-4-thread-1" daemon [_thread_blocked, id=2408, stack(0x0000000055f90000,0x0000000056090000)]
  0x0000000022692800 JavaThread "spark-worker-pool-1-thread-3" daemon [_thread_blocked, id=8880, stack(0x0000000087bf0000,0x0000000087cf0000)]
  0x000000002268c800 JavaThread "Thread-58" daemon [_thread_blocked, id=22104, stack(0x000000006ad00000,0x000000006ae00000)]
  0x000000002268f800 JavaThread "Java2D Disposer" daemon [_thread_blocked, id=16792, stack(0x00000000663b0000,0x00000000664b0000)]
  0x0000000022685000 JavaThread "Thread-56" daemon [_thread_blocked, id=22064, stack(0x0000000065d80000,0x0000000065e80000)]
  0x0000000022686800 JavaThread "spark-worker-pool-1-thread-2" daemon [_thread_blocked, id=14872, stack(0x0000000066550000,0x0000000066650000)]
  0x0000000022689800 JavaThread "spark-worker-pool-1-thread-1" daemon [_thread_blocked, id=15868, stack(0x0000000066090000,0x0000000066190000)]
  0x0000000022689000 JavaThread "spark-monitor" daemon [_thread_blocked, id=6036, stack(0x0000000065f20000,0x0000000066020000)]
  0x0000000022684800 JavaThread "pool-5-thread-1" [_thread_blocked, id=8484, stack(0x0000000064c30000,0x0000000064d30000)]
  0x0000000024b38000 JavaThread "Thread-52" daemon [_thread_in_native, id=15316, stack(0x0000000061980000,0x0000000061a80000)]
  0x00000000223d0000 JavaThread "Thread-51" daemon [_thread_in_native, id=17208, stack(0x00000000501a0000,0x00000000502a0000)]
  0x00000000223cf000 JavaThread "Thread-50" daemon [_thread_in_native, id=23068, stack(0x000000004fe00000,0x000000004ff00000)]
  0x00000000223c7800 JavaThread "Thread-49" daemon [_thread_in_native, id=11888, stack(0x000000004fd00000,0x000000004fe00000)]
  0x00000000223ce800 JavaThread "Thread-48" daemon [_thread_in_native, id=8208, stack(0x000000004fc00000,0x000000004fd00000)]
  0x00000000223c6800 JavaThread "Thread-47" daemon [_thread_in_native, id=22876, stack(0x000000004fb00000,0x000000004fc00000)]
  0x00000000223cd800 JavaThread "Thread-46" daemon [_thread_in_native, id=14952, stack(0x000000004fa00000,0x000000004fb00000)]
  0x00000000223c6000 JavaThread "Narrator" [_thread_blocked, id=22696, stack(0x000000004e4a0000,0x000000004e5a0000)]
  0x00000000223c3000 JavaThread "Config Lib config file watcher" daemon [_thread_blocked, id=17508, stack(0x000000004e3a0000,0x000000004e4a0000)]
  0x00000000223c4800 JavaThread "Thread-43" daemon [_thread_in_native, id=9792, stack(0x000000004e2a0000,0x000000004e3a0000)]
  0x000000003462c800 JavaThread "pool-4-thread-12" [_thread_blocked, id=9952, stack(0x0000000048570000,0x0000000048670000)]
  0x0000000035382000 JavaThread "pool-4-thread-11" [_thread_blocked, id=7584, stack(0x0000000048140000,0x0000000048240000)]
  0x000000003537f000 JavaThread "pool-4-thread-10" [_thread_blocked, id=2860, stack(0x0000000048270000,0x0000000048370000)]
  0x0000000035380800 JavaThread "pool-4-thread-9" [_thread_blocked, id=14700, stack(0x0000000046b40000,0x0000000046c40000)]
  0x000000003537e000 JavaThread "pool-4-thread-8" [_thread_blocked, id=17976, stack(0x0000000044a00000,0x0000000044b00000)]
  0x0000000035381000 JavaThread "Thread-41" daemon [_thread_in_native, id=12676, stack(0x0000000044700000,0x0000000044800000)]
  0x0000000035376800 JavaThread "Thread-40" daemon [_thread_in_native, id=6168, stack(0x00000000436f0000,0x00000000437f0000)]
  0x000000003537d800 JavaThread "Thread-39" daemon [_thread_in_native, id=24076, stack(0x0000000044600000,0x0000000044700000)]
  0x000000003537c800 JavaThread "Thread-38" daemon [_thread_in_native, id=15556, stack(0x0000000045160000,0x0000000045260000)]
  0x0000000035377800 JavaThread "Thread-37" daemon [_thread_in_native, id=4412, stack(0x0000000046c70000,0x0000000046d70000)]
  0x0000000035375000 JavaThread "Thread-36" daemon [_thread_in_native, id=22816, stack(0x0000000046840000,0x0000000046940000)]
  0x0000000035378000 JavaThread "pool-4-thread-7" [_thread_blocked, id=17744, stack(0x0000000044d40000,0x0000000044e40000)]
  0x0000000035376000 JavaThread "Thread-35" daemon [_thread_in_native, id=10136, stack(0x0000000045410000,0x0000000045510000)]
  0x000000003537b000 JavaThread "Thread-34" daemon [_thread_in_native, id=2936, stack(0x0000000046520000,0x0000000046620000)]
  0x000000003537a800 JavaThread "Thread-33" daemon [_thread_in_native, id=21740, stack(0x0000000045310000,0x0000000045410000)]
  0x0000000035374800 JavaThread "Thread-32" daemon [_thread_in_native, id=5572, stack(0x0000000044e60000,0x0000000044f60000)]
  0x0000000035379800 JavaThread "pool-4-thread-6" [_thread_blocked, id=23428, stack(0x0000000044c40000,0x0000000044d40000)]
  0x0000000035379000 JavaThread "pool-4-thread-5" [_thread_blocked, id=19824, stack(0x0000000044b40000,0x0000000044c40000)]
  0x0000000033142800 JavaThread "Thread-31" daemon [_thread_in_native, id=14492, stack(0x0000000044500000,0x0000000044600000)]
  0x0000000034627000 JavaThread "Thread-30" daemon [_thread_in_native, id=9284, stack(0x0000000044400000,0x0000000044500000)]
  0x0000000034625800 JavaThread "pool-4-thread-4" [_thread_blocked, id=17436, stack(0x0000000044100000,0x0000000044200000)]
  0x000000003462b800 JavaThread "Thread-29" daemon [_thread_in_native, id=312, stack(0x0000000044000000,0x0000000044100000)]
  0x000000003462b000 JavaThread "Thread-28" daemon [_thread_in_native, id=20148, stack(0x0000000043080000,0x0000000043180000)]
  0x0000000034628800 JavaThread "Thread-26" daemon [_thread_in_native, id=15156, stack(0x0000000042e20000,0x0000000042f20000)]
  0x0000000034626800 JavaThread "pool-4-thread-3" [_thread_blocked, id=17732, stack(0x00000000435f0000,0x00000000436f0000)]
  0x0000000034628000 JavaThread "pool-4-thread-2" [_thread_blocked, id=21288, stack(0x00000000432f0000,0x00000000433f0000)]
  0x0000000034629800 JavaThread "pool-4-thread-1" [_thread_blocked, id=14452, stack(0x00000000431f0000,0x00000000432f0000)]
  0x000000003461e000 JavaThread "Thread-25" daemon [_thread_in_native, id=892, stack(0x0000000041980000,0x0000000041a80000)]
  0x0000000034622000 JavaThread "Thread-24" daemon [_thread_in_native, id=9924, stack(0x00000000413e0000,0x00000000414e0000)]
  0x0000000034620800 JavaThread "Thread-23" daemon [_thread_blocked, id=9420, stack(0x00000000410d0000,0x00000000411d0000)]
  0x0000000034623800 JavaThread "Thread-22" daemon [_thread_blocked, id=21324, stack(0x0000000040d80000,0x0000000040e80000)]
  0x0000000034621000 JavaThread "Java Sound Event Dispatcher" daemon [_thread_blocked, id=16960, stack(0x000000003ff70000,0x0000000040070000)]
  0x000000003310a800 JavaThread "lava-daemon-pool-info-loader-5-thread-3" daemon [_thread_blocked, id=23584, stack(0x000000003f570000,0x000000003f670000)]
  0x000000003310a000 JavaThread "Thread-20" daemon [_thread_in_native, id=22744, stack(0x000000003f270000,0x000000003f370000)]
  0x0000000033107000 JavaThread "LavaPlayer Audio Thread" daemon [_thread_blocked, id=12500, stack(0x000000003f170000,0x000000003f270000)]
  0x0000000033109000 JavaThread "lava-daemon-pool-manager-6-thread-1" daemon [_thread_blocked, id=22448, stack(0x000000003f070000,0x000000003f170000)]
  0x0000000033108800 JavaThread "LavaPlayer Audio Thread" daemon [_thread_blocked, id=18868, stack(0x000000003d330000,0x000000003d430000)]
  0x0000000024b38800 JavaThread "lava-daemon-pool-manager-3-thread-1" daemon [_thread_blocked, id=19784, stack(0x000000002ec60000,0x000000002ed60000)]
  0x0000000033144000 JavaThread "Snooper Timer" daemon [_thread_blocked, id=21036, stack(0x0000000035f00000,0x0000000036000000)]
  0x000000003313f000 JavaThread "Timer hack thread" daemon [_thread_blocked, id=22968, stack(0x00000000359d0000,0x0000000035ad0000)]
  0x0000000024b3b000 JavaThread "Thread-16" daemon [_thread_in_native, id=23908, stack(0x00000000356d0000,0x00000000357d0000)]
  0x0000000024b37000 JavaThread "Thread-15" daemon [_thread_in_native, id=15836, stack(0x000000002e120000,0x000000002e220000)]
  0x0000000024b3e000 JavaThread "Thread-14" daemon [_thread_in_native, id=9324, stack(0x000000002e020000,0x000000002e120000)]
  0x0000000024b3d000 JavaThread "Thread-13" daemon [_thread_in_native, id=16592, stack(0x000000002df20000,0x000000002e020000)]
  0x0000000024b39800 JavaThread "Thread-12" daemon [_thread_in_native, id=23668, stack(0x000000002de20000,0x000000002df20000)]
  0x0000000024b3c800 JavaThread "Thread-11" daemon [_thread_in_native, id=9752, stack(0x000000002dd20000,0x000000002de20000)]
  0x0000000024b3a000 JavaThread "Thread-10" daemon [_thread_in_native, id=22588, stack(0x000000002dc20000,0x000000002dd20000)]
  0x0000000024b3b800 JavaThread "Thread-9" daemon [_thread_in_native, id=21892, stack(0x000000002db20000,0x000000002dc20000)]
  0x0000000031d4f800 JavaThread "Thread-8" daemon [_thread_in_native, id=18688, stack(0x000000002da20000,0x000000002db20000)]
  0x0000000032ffc800 JavaThread "Thread-7" daemon [_thread_in_native, id=17836, stack(0x000000002d920000,0x000000002da20000)]
  0x0000000032ffc000 JavaThread "Thread-6" daemon [_thread_in_native, id=9300, stack(0x000000002d820000,0x000000002d920000)]
  0x000000003452d000 JavaThread "Thread-5" daemon [_thread_in_native, id=23044, stack(0x000000002d720000,0x000000002d820000)]
  0x0000000031c58800 JavaThread "Thread-4" daemon [_thread_in_native, id=15452, stack(0x000000002d0c0000,0x000000002d1c0000)]
  0x000000002247f800 JavaThread "Thread-2" daemon [_thread_in_native, id=488, stack(0x0000000025340000,0x0000000025440000)]
  0x000000002314b800 JavaThread "Thread-1" daemon [_thread_blocked, id=8368, stack(0x0000000025240000,0x0000000025340000)]
  0x0000000020381000 JavaThread "Service Thread" daemon [_thread_blocked, id=19808, stack(0x0000000021c60000,0x0000000021d60000)]
  0x0000000020307000 JavaThread "C1 CompilerThread3" daemon [_thread_blocked, id=17804, stack(0x0000000021b60000,0x0000000021c60000)]
  0x0000000020303800 JavaThread "C2 CompilerThread2" daemon [_thread_blocked, id=5136, stack(0x0000000021a60000,0x0000000021b60000)]
  0x0000000020301000 JavaThread "C2 CompilerThread1" daemon [_thread_blocked, id=14480, stack(0x0000000021960000,0x0000000021a60000)]
  0x00000000202f7800 JavaThread "C2 CompilerThread0" daemon [_thread_blocked, id=22108, stack(0x0000000021860000,0x0000000021960000)]
  0x00000000202f2800 JavaThread "Attach Listener" daemon [_thread_blocked, id=20356, stack(0x0000000021760000,0x0000000021860000)]
  0x00000000202f2000 JavaThread "Signal Dispatcher" daemon [_thread_blocked, id=17200, stack(0x0000000021660000,0x0000000021760000)]
  0x000000001ebff800 JavaThread "Finalizer" daemon [_thread_blocked, id=20680, stack(0x0000000021560000,0x0000000021660000)]
  0x000000001ebf8800 JavaThread "Reference Handler" daemon [_thread_blocked, id=23160, stack(0x0000000021460000,0x0000000021560000)]
=>0x0000000002ae4000 JavaThread "Render thread" [_thread_in_native, id=14504, stack(0x00000000029e0000,0x0000000002ae0000)]

Other Threads:
  0x00000000202c2800 VMThread [stack: 0x0000000021360000,0x0000000021460000] [id=22708]
  0x000000002038b800 WatcherThread [stack: 0x0000000021d60000,0x0000000021e60000] [id=15264]

VM state:not at safepoint (normal execution)

VM Mutex/Monitor currently owned by a thread: None

Heap:
 PSYoungGen      total 1345024K, used 1030690K [0x0000000756b00000, 0x00000007c0000000, 0x00000007c0000000)
  eden space 1083392K, 70% used [0x0000000756b00000,0x0000000785a0b478,0x0000000798d00000)
  from space 261632K, 99% used [0x00000007b0080000,0x00000007bfffd468,0x00000007c0000000)
  to   space 321024K, 0% used [0x0000000798d00000,0x0000000798d00000,0x00000007ac680000)
 ParOldGen       total 2758656K, used 2667638K [0x0000000684000000, 0x000000072c600000, 0x0000000756b00000)
  object space 2758656K, 96% used [0x0000000684000000,0x0000000726d1db80,0x000000072c600000)
 Metaspace       used 279307K, capacity 322262K, committed 323072K, reserved 1314816K
  class space    used 47467K, capacity 58243K, committed 58624K, reserved 1048576K

Card table byte_map: [0x0000000011fa0000,0x0000000012990000] byte_map_base: 0x000000000eb80000

Marking Bits: (ParMarkBitMap*) 0x0000000060364040
 Begin Bits: [0x0000000013a30000, 0x0000000018930000)
 End Bits:   [0x0000000018930000, 0x000000001d830000)

Polling page: 0x00000000005d0000

CodeCache: size=245760Kb used=159709Kb max_used=159753Kb free=86050Kb
 bounds [0x0000000002be0000, 0x000000000c8f0000, 0x0000000011be0000]
 total_blobs=45124 nmethods=42328 adapters=2699
 compilation: enabled

Compilation events (10 events):
Event: 5890.074 Thread 0x0000000020307000 65801       3       net.minecraftforge.fml.loading.Java9BackportUtils::toStream (21 bytes)
Event: 5890.075 Thread 0x0000000020307000 nmethod 65801 0x0000000004b50990 code [0x0000000004b50c60, 0x0000000004b520b8]
Event: 5890.077 Thread 0x0000000020307000 65802       3       java.net.URI::defineString (289 bytes)
Event: 5890.078 Thread 0x0000000020307000 nmethod 65802 0x000000000c84bc10 code [0x000000000c84c0c0, 0x000000000c850ef8]
Event: 5890.080 Thread 0x0000000020307000 65804       3       java.net.URI$Parser::parse (265 bytes)
Event: 5890.081 Thread 0x00000000202f7800 65805       4       org.lwjgl.system.MemoryStack::ints (11 bytes)
Event: 5890.081 Thread 0x0000000020307000 nmethod 65804 0x00000000066b7650 code [0x00000000066b7a80, 0x00000000066ba0c8]
Event: 5890.082 Thread 0x00000000202f7800 nmethod 65805 0x00000000042e9350 code [0x00000000042e94a0, 0x00000000042e95d8]
Event: 5890.083 Thread 0x0000000020307000 65803       3       java.net.URI::toString (9 bytes)
Event: 5890.083 Thread 0x0000000020307000 nmethod 65803 0x0000000005a4f690 code [0x0000000005a4f800, 0x0000000005a4f9a8]

GC Heap History (10 events):
Event: 5884.412 GC heap before
{Heap before GC invocations=2629 (full 9):
 PSYoungGen      total 1505792K, used 1393300K [0x0000000756b00000, 0x00000007bef00000, 0x00000007c0000000)
  eden space 1303040K, 100% used [0x0000000756b00000,0x00000007a6380000,0x00000007a6380000)
  from space 202752K, 44% used [0x00000007a6380000,0x00000007abba5380,0x00000007b2980000)
  to   space 192512K, 0% used [0x00000007b3300000,0x00000007b3300000,0x00000007bef00000)
 ParOldGen       total 2758656K, used 2640734K [0x0000000684000000, 0x000000072c600000, 0x0000000756b00000)
  object space 2758656K, 95% used [0x0000000684000000,0x00000007252d7900,0x000000072c600000)
 Metaspace       used 278989K, capacity 321674K, committed 322816K, reserved 1312768K
  class space    used 47434K, capacity 58199K, committed 58624K, reserved 1048576K
Event: 5884.454 GC heap after
Heap after GC invocations=2629 (full 9):
 PSYoungGen      total 1506816K, used 143904K [0x0000000756b00000, 0x00000007c0000000, 0x00000007c0000000)
  eden space 1314304K, 0% used [0x0000000756b00000,0x0000000756b00000,0x00000007a6e80000)
  from space 192512K, 74% used [0x00000007b3300000,0x00000007bbf883e0,0x00000007bef00000)
  to   space 201216K, 0% used [0x00000007a6e80000,0x00000007a6e80000,0x00000007b3300000)
 ParOldGen       total 2758656K, used 2640742K [0x0000000684000000, 0x000000072c600000, 0x0000000756b00000)
  object space 2758656K, 95% used [0x0000000684000000,0x00000007252d9900,0x000000072c600000)
 Metaspace       used 278989K, capacity 321674K, committed 322816K, reserved 1312768K
  class space    used 47434K, capacity 58199K, committed 58624K, reserved 1048576K
}
Event: 5885.711 GC heap before
{Heap before GC invocations=2630 (full 9):
 PSYoungGen      total 1506816K, used 1458208K [0x0000000756b00000, 0x00000007c0000000, 0x00000007c0000000)
  eden space 1314304K, 100% used [0x0000000756b00000,0x00000007a6e80000,0x00000007a6e80000)
  from space 192512K, 74% used [0x00000007b3300000,0x00000007bbf883e0,0x00000007bef00000)
  to   space 201216K, 0% used [0x00000007a6e80000,0x00000007a6e80000,0x00000007b3300000)
 ParOldGen       total 2758656K, used 2640742K [0x0000000684000000, 0x000000072c600000, 0x0000000756b00000)
  object space 2758656K, 95% used [0x0000000684000000,0x00000007252d9900,0x000000072c600000)
 Metaspace       used 279127K, capacity 321906K, committed 322816K, reserved 1312768K
  class space    used 47443K, capacity 58207K, committed 58624K, reserved 1048576K
Event: 5885.760 GC heap after
Heap after GC invocations=2630 (full 9):
 PSYoungGen      total 1508352K, used 193965K [0x0000000756b00000, 0x00000007c0000000, 0x00000007c0000000)
  eden space 1314304K, 0% used [0x0000000756b00000,0x0000000756b00000,0x00000007a6e80000)
  from space 194048K, 99% used [0x00000007a6e80000,0x00000007b2beb6a8,0x00000007b2c00000)
  to   space 217088K, 0% used [0x00000007b2c00000,0x00000007b2c00000,0x00000007c0000000)
 ParOldGen       total 2758656K, used 2640750K [0x0000000684000000, 0x000000072c600000, 0x0000000756b00000)
  object space 2758656K, 95% used [0x0000000684000000,0x00000007252db900,0x000000072c600000)
 Metaspace       used 279127K, capacity 321906K, committed 322816K, reserved 1312768K
  class space    used 47443K, capacity 58207K, committed 58624K, reserved 1048576K
}
Event: 5886.236 GC heap before
{Heap before GC invocations=2631 (full 9):
 PSYoungGen      total 1508352K, used 1508269K [0x0000000756b00000, 0x00000007c0000000, 0x00000007c0000000)
  eden space 1314304K, 100% used [0x0000000756b00000,0x00000007a6e80000,0x00000007a6e80000)
  from space 194048K, 99% used [0x00000007a6e80000,0x00000007b2beb6a8,0x00000007b2c00000)
  to   space 217088K, 0% used [0x00000007b2c00000,0x00000007b2c00000,0x00000007c0000000)
 ParOldGen       total 2758656K, used 2640750K [0x0000000684000000, 0x000000072c600000, 0x0000000756b00000)
  object space 2758656K, 95% used [0x0000000684000000,0x00000007252db900,0x000000072c600000)
 Metaspace       used 279129K, capacity 321906K, committed 322816K, reserved 1312768K
  class space    used 47443K, capacity 58207K, committed 58624K, reserved 1048576K
Event: 5886.282 GC heap after
Heap after GC invocations=2631 (full 9):
 PSYoungGen      total 1448960K, used 193844K [0x0000000756b00000, 0x00000007c0000000, 0x00000007c0000000)
  eden space 1231872K, 0% used [0x0000000756b00000,0x0000000756b00000,0x00000007a1e00000)
  from space 217088K, 89% used [0x00000007b2c00000,0x00000007be94d208,0x00000007c0000000)
  to   space 246784K, 0% used [0x00000007a1e00000,0x00000007a1e00000,0x00000007b0f00000)
 ParOldGen       total 2758656K, used 2640750K [0x0000000684000000, 0x000000072c600000, 0x0000000756b00000)
  object space 2758656K, 95% used [0x0000000684000000,0x00000007252db900,0x000000072c600000)
 Metaspace       used 279129K, capacity 321906K, committed 322816K, reserved 1312768K
  class space    used 47443K, capacity 58207K, committed 58624K, reserved 1048576K
}
Event: 5886.855 GC heap before
{Heap before GC invocations=2632 (full 9):
 PSYoungGen      total 1448960K, used 1425716K [0x0000000756b00000, 0x00000007c0000000, 0x00000007c0000000)
  eden space 1231872K, 100% used [0x0000000756b00000,0x00000007a1e00000,0x00000007a1e00000)
  from space 217088K, 89% used [0x00000007b2c00000,0x00000007be94d208,0x00000007c0000000)
  to   space 246784K, 0% used [0x00000007a1e00000,0x00000007a1e00000,0x00000007b0f00000)
 ParOldGen       total 2758656K, used 2640750K [0x0000000684000000, 0x000000072c600000, 0x0000000756b00000)
  object space 2758656K, 95% used [0x0000000684000000,0x00000007252db900,0x000000072c600000)
 Metaspace       used 279167K, capacity 322034K, committed 323072K, reserved 1314816K
  class space    used 47443K, capacity 58207K, committed 58624K, reserved 1048576K
Event: 5886.912 GC heap after
Heap after GC invocations=2632 (full 9):
 PSYoungGen      total 1463808K, used 231565K [0x0000000756b00000, 0x00000007c0000000, 0x00000007c0000000)
  eden space 1231872K, 0% used [0x0000000756b00000,0x0000000756b00000,0x00000007a1e00000)
  from space 231936K, 99% used [0x00000007a1e00000,0x00000007b0023418,0x00000007b0080000)
  to   space 261632K, 0% used [0x00000007b0080000,0x00000007b0080000,0x00000007c0000000)
 ParOldGen       total 2758656K, used 2640758K [0x0000000684000000, 0x000000072c600000, 0x0000000756b00000)
  object space 2758656K, 95% used [0x0000000684000000,0x00000007252dd900,0x000000072c600000)
 Metaspace       used 279167K, capacity 322034K, committed 323072K, reserved 1314816K
  class space    used 47443K, capacity 58207K, committed 58624K, reserved 1048576K
}
Event: 5888.463 GC heap before
{Heap before GC invocations=2633 (full 9):
 PSYoungGen      total 1463808K, used 1463437K [0x0000000756b00000, 0x00000007c0000000, 0x00000007c0000000)
  eden space 1231872K, 100% used [0x0000000756b00000,0x00000007a1e00000,0x00000007a1e00000)
  from space 231936K, 99% used [0x00000007a1e00000,0x00000007b0023418,0x00000007b0080000)
  to   space 261632K, 0% used [0x00000007b0080000,0x00000007b0080000,0x00000007c0000000)
 ParOldGen       total 2758656K, used 2640758K [0x0000000684000000, 0x000000072c600000, 0x0000000756b00000)
  object space 2758656K, 95% used [0x0000000684000000,0x00000007252dd900,0x000000072c600000)
 Metaspace       used 279187K, capacity 322038K, committed 323072K, reserved 1314816K
  class space    used 47443K, capacity 58207K, committed 58624K, reserved 1048576K
Event: 5888.540 GC heap after
Heap after GC invocations=2633 (full 9):
 PSYoungGen      total 1345024K, used 261621K [0x0000000756b00000, 0x00000007c0000000, 0x00000007c0000000)
  eden space 1083392K, 0% used [0x0000000756b00000,0x0000000756b00000,0x0000000798d00000)
  from space 261632K, 99% used [0x00000007b0080000,0x00000007bfffd468,0x00000007c0000000)
  to   space 321024K, 0% used [0x0000000798d00000,0x0000000798d00000,0x00000007ac680000)
 ParOldGen       total 2758656K, used 2667638K [0x0000000684000000, 0x000000072c600000, 0x0000000756b00000)
  object space 2758656K, 96% used [0x0000000684000000,0x0000000726d1db80,0x000000072c600000)
 Metaspace       used 279187K, capacity 322038K, committed 323072K, reserved 1314816K
  class space    used 47443K, capacity 58207K, committed 58624K, reserved 1048576K
}

Deoptimization events (10 events):
Event: 5889.606 Thread 0x0000000002ae4000 Uncommon trap: reason=unstable_if action=reinterpret pc=0x0000000008f26d44 method=org.apache.logging.log4j.core.impl.ExtendedStackTraceElement.render(Ljava/lang/StackTraceElement;Ljava/lang/StringBuilder;Lorg/apache/logging/log4j/core/pattern/TextRenderer;2y^¡·@
Event: 5889.630 Thread 0x0000000002ae4000 Uncommon trap: reason=unstable_if action=reinterpret pc=0x0000000008a4c92c method=io.netty.channel.local.LocalChannel.isOpen()Z @ 7
Event: 5889.630 Thread 0x0000000002ae4000 Uncommon trap: reason=unstable_if action=reinterpret pc=0x0000000005f39400 method=io.netty.channel.local.LocalChannel.isOpen()Z @ 7
Event: 5889.634 Thread 0x0000000002ae4000 Uncommon trap: reason=unstable_if action=reinterpret pc=0x000000000a4d4d2c method=xaero.common.settings.ModSettings.getAutoUIScale()I @ 35
Event: 5889.700 Thread 0x00000000ae98a800 Uncommon trap: reason=class_check action=maybe_recompile pc=0x0000000009d3c9f0 method=java.util.concurrent.ThreadPoolExecutor.getTask()Ljava/lang/Runnable; @ 29
Event: 5889.953 Thread 0x00000000ae974800 Uncommon trap: reason=bimorphic action=maybe_recompile pc=0x0000000005dc5354 method=java.util.AbstractMap.isEmpty()Z @ 1
Event: 5890.012 Thread 0x0000000002ae4000 Uncommon trap: reason=unstable_if action=reinterpret pc=0x0000000006c97b78 method=java.nio.Bits.copyFromArray(Ljava/lang/Object;JJJJ)V @ 18
Event: 5890.078 Thread 0x0000000002ae4000 Uncommon trap: reason=uninitialized action=reinterpret pc=0x000000000bcf3764 method=net.minecraft.client.renderer.GameRenderer.func_195458_a(FJZ)V @ 845
Event: 5890.079 Thread 0x0000000002ae4000 Uncommon trap: reason=unstable_if action=reinterpret pc=0x00000000036c45ac method=java.lang.ref.SoftReference.get()Ljava/lang/Object; @ 6
Event: 5890.079 Thread 0x0000000002ae4000 Uncommon trap: reason=unstable_if action=reinterpret pc=0x000000000ac238a8 method=java.util.Formatter$FormatSpecifier.print(Ljava/lang/StringBuilder;DLjava/util/Locale;Ljava/util/Formatter$Flags;CIZ)V @ 282

Internal exceptions (10 events):
Event: 5889.890 Thread 0x00000000ae974800 Exception <a 'sun/nio/fs/WindowsException'> (0x0000000779e8d998) thrown at [C:\re\workspace\8-2-build-windows-amd64-cygwin\jdk8u51\3951\hotspot\src\share\vm\prims\jni.cpp, line 709]
Event: 5889.891 Thread 0x00000000ae974800 Exception <a 'sun/nio/fs/WindowsException'> (0x0000000779e8e260) thrown at [C:\re\workspace\8-2-build-windows-amd64-cygwin\jdk8u51\3951\hotspot\src\share\vm\prims\jni.cpp, line 709]
Event: 5889.891 Thread 0x00000000ae974800 Exception <a 'sun/nio/fs/WindowsException'> (0x0000000779e8eb30) thrown at [C:\re\workspace\8-2-build-windows-amd64-cygwin\jdk8u51\3951\hotspot\src\share\vm\prims\jni.cpp, line 709]
Event: 5889.936 Thread 0x00000000ae974800 Exception <a 'sun/nio/fs/WindowsException'> (0x000000077a84e3d0) thrown at [C:\re\workspace\8-2-build-windows-amd64-cygwin\jdk8u51\3951\hotspot\src\share\vm\prims\jni.cpp, line 709]
Event: 5889.937 Thread 0x00000000ae974800 Exception <a 'sun/nio/fs/WindowsException'> (0x000000077a84eab8) thrown at [C:\re\workspace\8-2-build-windows-amd64-cygwin\jdk8u51\3951\hotspot\src\share\vm\prims\jni.cpp, line 709]
Event: 5889.937 Thread 0x00000000ae974800 Exception <a 'sun/nio/fs/WindowsException'> (0x000000077a84ecb0) thrown at [C:\re\workspace\8-2-build-windows-amd64-cygwin\jdk8u51\3951\hotspot\src\share\vm\prims\jni.cpp, line 709]
Event: 5889.937 Thread 0x00000000ae974800 Exception <a 'sun/nio/fs/WindowsException'> (0x000000077a84f270) thrown at [C:\re\workspace\8-2-build-windows-amd64-cygwin\jdk8u51\3951\hotspot\src\share\vm\prims\jni.cpp, line 709]
Event: 5889.937 Thread 0x00000000ae974800 Exception <a 'sun/nio/fs/WindowsException'> (0x000000077a850050) thrown at [C:\re\workspace\8-2-build-windows-amd64-cygwin\jdk8u51\3951\hotspot\src\share\vm\prims\jni.cpp, line 709]
Event: 5890.078 Thread 0x0000000002ae4000 Exception <a 'java/lang/ClassNotFoundException': net.minecraftforge.fml.loading.FMLClientLaunchProvider$$Lambda$502/547468206> (0x0000000781b9b288) thrown at [C:\re\workspace\8-2-build-windows-amd64-cygwin\jdk8u51\3951\hotspot\src\share\vm\prims\jni.cpp, ltE)!·@
Event: 5890.079 Thread 0x0000000002ae4000 Implicit null exception at 0x00000000036c452c to 0x00000000036c459d

Events (10 events):
Event: 5890.081 Thread 0x0000000020307000 flushing nmethod 0x00000000061aa610
Event: 5890.082 Thread 0x0000000020307000 flushing nmethod 0x00000000063a79d0
Event: 5890.082 Thread 0x0000000020307000 flushing nmethod 0x00000000063bf9d0
Event: 5890.082 Thread 0x0000000020307000 flushing nmethod 0x00000000064dcd50
Event: 5890.082 Thread 0x0000000020307000 flushing nmethod 0x0000000006500cd0
Event: 5890.083 Thread 0x0000000020307000 flushing nmethod 0x000000000685cc90
Event: 5890.085 Thread 0x0000000020307000 flushing nmethod 0x0000000006efb090
Event: 5890.085 Thread 0x0000000020307000 flushing nmethod 0x0000000006fa3650
Event: 5890.085 Thread 0x0000000020307000 flushing nmethod 0x00000000070ca310
Event: 5890.085 Thread 0x0000000020307000 flushing nmethod 0x00000000071c09d0


Dynamic libraries:
0x00007ff7828d0000 - 0x00007ff782907000 	C:\Games\CurseForge\Minecraft\Install\runtime\jre-legacy\windows-x64\jre-legacy\bin\javaw.exe
0x00007ff8b9290000 - 0x00007ff8b9488000 	C:\WINDOWS\SYSTEM32\ntdll.dll
0x00007ff8b7aa0000 - 0x00007ff8b7b5f000 	C:\WINDOWS\System32\KERNEL32.DLL
0x00007ff8b6a50000 - 0x00007ff8b6d46000 	C:\WINDOWS\System32\KERNELBASE.dll
0x00007ff8b77b0000 - 0x00007ff8b785f000 	C:\WINDOWS\System32\ADVAPI32.dll
0x00007ff8b9060000 - 0x00007ff8b90fe000 	C:\WINDOWS\System32\msvcrt.dll
0x00007ff8b7560000 - 0x00007ff8b75fc000 	C:\WINDOWS\System32\sechost.dll
0x00007ff8b8190000 - 0x00007ff8b82b6000 	C:\WINDOWS\System32\RPCRT4.dll
0x00007ff8b73c0000 - 0x00007ff8b755d000 	C:\WINDOWS\System32\USER32.dll
0x00007ff8b6970000 - 0x00007ff8b6992000 	C:\WINDOWS\System32\win32u.dll
0x00007ff8b9100000 - 0x00007ff8b912c000 	C:\WINDOWS\System32\GDI32.dll
0x00007ff8b7020000 - 0x00007ff8b7135000 	C:\WINDOWS\System32\gdi32full.dll
0x00007ff8b6dc0000 - 0x00007ff8b6e5d000 	C:\WINDOWS\System32\msvcp_win.dll
0x00007ff8b6f20000 - 0x00007ff8b7020000 	C:\WINDOWS\System32\ucrtbase.dll
0x00007ff8a35b0000 - 0x00007ff8a384a000 	C:\WINDOWS\WinSxS\amd64_microsoft.windows.common-controls_6595b64144ccf1df_6.0.19041.1110_none_60b5254171f9507e\COMCTL32.dll
0x00007ff8b7a10000 - 0x00007ff8b7a40000 	C:\WINDOWS\System32\IMM32.DLL
0x00000000603f0000 - 0x00000000604c2000 	C:\Games\CurseForge\Minecraft\Install\runtime\jre-legacy\windows-x64\jre-legacy\bin\msvcr100.dll
0x000000005fb60000 - 0x00000000603e3000 	C:\Games\CurseForge\Minecraft\Install\runtime\jre-legacy\windows-x64\jre-legacy\bin\server\jvm.dll
0x00007ff8b9050000 - 0x00007ff8b9058000 	C:\WINDOWS\System32\PSAPI.DLL
0x00007ff8a5e50000 - 0x00007ff8a5e77000 	C:\WINDOWS\SYSTEM32\WINMM.dll
0x00007ff8afe70000 - 0x00007ff8afe7a000 	C:\WINDOWS\SYSTEM32\VERSION.dll
0x00007ff8ae630000 - 0x00007ff8ae639000 	C:\WINDOWS\SYSTEM32\WSOCK32.dll
0x00007ff8b8b70000 - 0x00007ff8b8bdb000 	C:\WINDOWS\System32\WS2_32.dll
0x000000005fb50000 - 0x000000005fb5f000 	C:\Games\CurseForge\Minecraft\Install\runtime\jre-legacy\windows-x64\jre-legacy\bin\verify.dll
0x000000005fb20000 - 0x000000005fb49000 	C:\Games\CurseForge\Minecraft\Install\runtime\jre-legacy\windows-x64\jre-legacy\bin\java.dll
0x000000005fb00000 - 0x000000005fb16000 	C:\Games\CurseForge\Minecraft\Install\runtime\jre-legacy\windows-x64\jre-legacy\bin\zip.dll
0x00007ff8b8420000 - 0x00007ff8b8b64000 	C:\WINDOWS\System32\SHELL32.dll
0x00007ff8b4780000 - 0x00007ff8b4f14000 	C:\WINDOWS\SYSTEM32\windows.storage.dll
0x00007ff8b7c10000 - 0x00007ff8b7f64000 	C:\WINDOWS\System32\combase.dll
0x00007ff8b63b0000 - 0x00007ff8b63de000 	C:\WINDOWS\SYSTEM32\Wldp.dll
0x00007ff8b72f0000 - 0x00007ff8b739d000 	C:\WINDOWS\System32\SHCORE.dll
0x00007ff8b7f70000 - 0x00007ff8b7fc5000 	C:\WINDOWS\System32\shlwapi.dll
0x00007ff8b68a0000 - 0x00007ff8b68c5000 	C:\WINDOWS\SYSTEM32\profapi.dll
0x000000005faf0000 - 0x000000005fafd000 	C:\Games\CurseForge\Minecraft\Install\runtime\jre-legacy\windows-x64\jre-legacy\bin\management.dll
0x000000005fad0000 - 0x000000005faea000 	C:\Games\CurseForge\Minecraft\Install\runtime\jre-legacy\windows-x64\jre-legacy\bin\net.dll
0x00007ff8b6110000 - 0x00007ff8b617a000 	C:\WINDOWS\system32\mswsock.dll
0x00007ff88e520000 - 0x00007ff88e537000 	C:\WINDOWS\system32\napinsp.dll
0x00007ff88e500000 - 0x00007ff88e51b000 	C:\WINDOWS\system32\pnrpnsp.dll
0x00007ff891540000 - 0x00007ff891555000 	C:\WINDOWS\system32\wshbth.dll
0x00007ff8b22b0000 - 0x00007ff8b22cd000 	C:\WINDOWS\system32\NLAapi.dll
0x00007ff8b5db0000 - 0x00007ff8b5dec000 	C:\WINDOWS\SYSTEM32\IPHLPAPI.DLL
0x00007ff8b5e00000 - 0x00007ff8b5eca000 	C:\WINDOWS\SYSTEM32\DNSAPI.dll
0x00007ff8b8410000 - 0x00007ff8b8418000 	C:\WINDOWS\System32\NSI.dll
0x00007ff88e4e0000 - 0x00007ff88e4f2000 	C:\WINDOWS\System32\winrnr.dll
0x00007ff8a14f0000 - 0x00007ff8a14fa000 	C:\Windows\System32\rasadhlp.dll
0x00007ff8a1510000 - 0x00007ff8a1592000 	C:\WINDOWS\System32\fwpuclnt.dll
0x00007ff8b6e60000 - 0x00007ff8b6e87000 	C:\WINDOWS\System32\bcrypt.dll
0x000000005fab0000 - 0x000000005fac1000 	C:\Games\CurseForge\Minecraft\Install\runtime\jre-legacy\windows-x64\jre-legacy\bin\nio.dll
0x000000005fa80000 - 0x000000005faa4000 	C:\Games\CurseForge\Minecraft\Install\runtime\jre-legacy\windows-x64\jre-legacy\bin\sunec.dll
0x00007ff8b6310000 - 0x00007ff8b6328000 	C:\WINDOWS\SYSTEM32\CRYPTSP.dll
0x00007ff8b59c0000 - 0x00007ff8b59f4000 	C:\WINDOWS\system32\rsaenh.dll
0x00007ff8b6860000 - 0x00007ff8b688e000 	C:\WINDOWS\SYSTEM32\USERENV.dll
0x00007ff8b6e90000 - 0x00007ff8b6f12000 	C:\WINDOWS\System32\bcryptprimitives.dll
0x00007ff8b6300000 - 0x00007ff8b630c000 	C:\WINDOWS\SYSTEM32\CRYPTBASE.dll
0x00007ff8b0810000 - 0x00007ff8b0827000 	C:\WINDOWS\SYSTEM32\dhcpcsvc6.DLL
0x00007ff8b0ae0000 - 0x00007ff8b0afd000 	C:\WINDOWS\SYSTEM32\dhcpcsvc.DLL
0x00007ff88cc10000 - 0x00007ff88cc82000 	C:\Games\CurseForge\Minecraft\Install\bin\01082be0353d713e14cc7c605815ac4791fb533d\lwjgl.dll
0x00007ff845f80000 - 0x00007ff8461d1000 	C:\Games\CurseForge\Minecraft\Install\bin\01082be0353d713e14cc7c605815ac4791fb533d\jemalloc.dll
0x00007ff88f360000 - 0x00007ff88f3be000 	C:\Games\CurseForge\Minecraft\Install\bin\01082be0353d713e14cc7c605815ac4791fb533d\glfw.dll
0x00007ff8b3460000 - 0x00007ff8b34fe000 	C:\WINDOWS\system32\uxtheme.dll
0x00007ff845d40000 - 0x00007ff845d85000 	C:\WINDOWS\SYSTEM32\dinput8.dll
0x00007ff89ea00000 - 0x00007ff89ea11000 	C:\WINDOWS\SYSTEM32\xinput1_4.dll
0x00007ff8b72a0000 - 0x00007ff8b72ee000 	C:\WINDOWS\System32\cfgmgr32.dll
0x00007ff8b6700000 - 0x00007ff8b6733000 	C:\WINDOWS\SYSTEM32\DEVOBJ.dll
0x00007ff8b3760000 - 0x00007ff8b378f000 	C:\WINDOWS\SYSTEM32\dwmapi.dll
0x00007ff8acaa0000 - 0x00007ff8acbf2000 	C:\WINDOWS\SYSTEM32\inputhost.dll
0x00007ff8b7940000 - 0x00007ff8b7a0d000 	C:\WINDOWS\System32\OLEAUT32.dll
0x00007ff8b2470000 - 0x00007ff8b25c4000 	C:\WINDOWS\SYSTEM32\wintypes.dll
0x00007ff8b1bb0000 - 0x00007ff8b1ca6000 	C:\WINDOWS\SYSTEM32\PROPSYS.dll
0x00007ff8b2ff0000 - 0x00007ff8b30e2000 	C:\WINDOWS\SYSTEM32\CoreMessaging.dll
0x00007ff8b2c90000 - 0x00007ff8b2fee000 	C:\WINDOWS\SYSTEM32\CoreUIComponents.dll
0x00007ff8b5ae0000 - 0x00007ff8b5b13000 	C:\WINDOWS\SYSTEM32\ntmarta.dll
0x00007ff8b51c0000 - 0x00007ff8b51d2000 	C:\WINDOWS\SYSTEM32\kernel.appcore.dll
0x00007ff86b010000 - 0x00007ff86b163000 	C:\Programs\Stardock\Fences\FencesMenu64.dll
0x00007ff8b7680000 - 0x00007ff8b77aa000 	C:\WINDOWS\System32\ole32.dll
0x00007ff8b1de0000 - 0x00007ff8b1df4000 	C:\WINDOWS\SYSTEM32\WTSAPI32.dll
0x00007ff8a3850000 - 0x00007ff8a39f5000 	C:\WINDOWS\WinSxS\amd64_microsoft.windows.gdiplus_6595b64144ccf1df_1.1.19041.2251_none_91a40448cc8846c1\gdiplus.dll
0x00007ff8933b0000 - 0x00007ff8934c8000 	C:\Programs\Stardock\Groupy\groupy_64.dll
0x00007ff8b9130000 - 0x00007ff8b9244000 	C:\WINDOWS\System32\MSCTF.dll
0x00007ff8b5190000 - 0x00007ff8b519d000 	C:\WINDOWS\SYSTEM32\HID.DLL
0x00007ff8b8be0000 - 0x00007ff8b904e000 	C:\WINDOWS\System32\SETUPAPI.DLL
0x00007ff8b6d50000 - 0x00007ff8b6db7000 	C:\WINDOWS\System32\WINTRUST.dll
0x00007ff8b7140000 - 0x00007ff8b729e000 	C:\WINDOWS\System32\CRYPT32.dll
0x00007ff8b6540000 - 0x00007ff8b6552000 	C:\WINDOWS\SYSTEM32\MSASN1.dll
0x00007ff86a780000 - 0x00007ff86a8a5000 	C:\WINDOWS\SYSTEM32\opengl32.dll
0x00007ff870870000 - 0x00007ff87089c000 	C:\WINDOWS\SYSTEM32\GLU32.dll
0x00007ff8b7b60000 - 0x00007ff8b7c09000 	C:\WINDOWS\System32\clbcatq.dll
0x00007ff838330000 - 0x00007ff83bf87000 	C:\WINDOWS\System32\DriverStore\FileRepository\nv_dispig.inf_amd64_19f3764f95906f94\nvoglv64.dll
0x00007ff8afe30000 - 0x00007ff8afe61000 	C:\WINDOWS\SYSTEM32\cryptnet.dll
0x00007ff8afae0000 - 0x00007ff8afc28000 	C:\WINDOWS\SYSTEM32\drvstore.dll
0x00007ff8ad050000 - 0x00007ff8ad08b000 	C:\WINDOWS\SYSTEM32\dxcore.dll
0x00007ff86abe0000 - 0x00007ff86aeb1000 	C:\WINDOWS\system32\nvspcap64.dll
0x00007ff8b5f20000 - 0x00007ff8b5f6b000 	C:\WINDOWS\SYSTEM32\powrprof.dll
0x00007ff8b5d90000 - 0x00007ff8b5da2000 	C:\WINDOWS\SYSTEM32\UMPDC.dll
0x00007ff8b5690000 - 0x00007ff8b56eb000 	C:\WINDOWS\SYSTEM32\WINSTA.dll
0x00007ff88cb90000 - 0x00007ff88cc0f000 	C:\Games\CurseForge\Minecraft\Install\bin\01082be0353d713e14cc7c605815ac4791fb533d\lwjgl_stb.dll
0x00007ff8afa30000 - 0x00007ff8afade000 	C:\WINDOWS\SYSTEM32\mscms.dll
0x00007ff8afa10000 - 0x00007ff8afa21000 	C:\WINDOWS\SYSTEM32\ColorAdapterClient.dll
0x00007ff848f00000 - 0x00007ff848f43000 	C:\WINDOWS\SYSTEM32\icm32.dll
0x00007ff8acc00000 - 0x00007ff8accf9000 	C:\WINDOWS\SYSTEM32\textinputframework.dll
0x00007ff8a34a0000 - 0x00007ff8a3506000 	C:\WINDOWS\system32\Oleacc.dll
0x00007ff88f260000 - 0x00007ff88f2b8000 	C:\Games\CurseForge\Minecraft\Install\bin\01082be0353d713e14cc7c605815ac4791fb533d\lwjgl_opengl.dll
0x00007ff895880000 - 0x00007ff8958c2000 	C:\Users\NukelordBrown\AppData\Local\Temp\jna--1590639904\jna6832970079241152282.dll
0x000000005fa70000 - 0x000000005fa7c000 	C:\Games\CurseForge\Minecraft\Install\runtime\jre-legacy\windows-x64\jre-legacy\bin\jsound.dll
0x000000005fa60000 - 0x000000005fa6b000 	C:\Games\CurseForge\Minecraft\Install\runtime\jre-legacy\windows-x64\jre-legacy\bin\jsoundds.dll
0x00007ff88ae40000 - 0x00007ff88aedc000 	C:\WINDOWS\SYSTEM32\DSOUND.dll
0x00007ff89e1e0000 - 0x00007ff89e206000 	C:\WINDOWS\SYSTEM32\winmmbase.dll
0x00007ff8b06d0000 - 0x00007ff8b0755000 	C:\WINDOWS\SYSTEM32\MMDevAPI.DLL
0x00007ff8ad3b0000 - 0x00007ff8ad3f6000 	C:\WINDOWS\SYSTEM32\wdmaud.drv
0x00007ff8b1db0000 - 0x00007ff8b1db9000 	C:\WINDOWS\SYSTEM32\ksuser.dll
0x00007ff8b51a0000 - 0x00007ff8b51aa000 	C:\WINDOWS\SYSTEM32\AVRT.dll
0x00007ff8b0830000 - 0x00007ff8b09b2000 	C:\WINDOWS\SYSTEM32\AUDIOSES.DLL
0x00007ff8ad3a0000 - 0x00007ff8ad3ad000 	C:\WINDOWS\SYSTEM32\msacm32.drv
0x00007ff8707a0000 - 0x00007ff8707be000 	C:\WINDOWS\SYSTEM32\MSACM32.dll
0x00007ff8ad390000 - 0x00007ff8ad39b000 	C:\WINDOWS\SYSTEM32\midimap.dll
0x00007ff8b3660000 - 0x00007ff8b3674000 	C:\WINDOWS\SYSTEM32\resourcepolicyclient.dll
0x00007ff8acd00000 - 0x00007ff8ace41000 	C:\Windows\System32\Windows.UI.dll
0x00007ff8b0760000 - 0x00007ff8b0801000 	C:\Windows\System32\WindowManagementAPI.dll
0x00007ff8b0440000 - 0x00007ff8b0647000 	C:\WINDOWS\SYSTEM32\twinapi.appcore.dll
0x00007ff8439f0000 - 0x00007ff843c56000 	C:\Users\NukelordBrown\AppData\Local\Temp\de.fabmax.physx-jni\0.4.15\PhysX_64.dll
0x00007ff843810000 - 0x00007ff8439e7000 	C:\Users\NukelordBrown\AppData\Local\Temp\de.fabmax.physx-jni\0.4.15\PhysXCommon_64.dll
0x00007ff886c40000 - 0x00007ff886cea000 	C:\Users\NukelordBrown\AppData\Local\Temp\de.fabmax.physx-jni\0.4.15\PhysXCooking_64.dll
0x00007ff887b10000 - 0x00007ff887ba1000 	C:\Users\NukelordBrown\AppData\Local\Temp\de.fabmax.physx-jni\0.4.15\PhysXFoundation_64.dll
0x00007ff843600000 - 0x00007ff843804000 	C:\Users\NukelordBrown\AppData\Local\Temp\de.fabmax.physx-jni\0.4.15\PhysXJniBindings_64.dll
0x000000005f8c0000 - 0x000000005fa58000 	C:\Games\CurseForge\Minecraft\Install\runtime\jre-legacy\windows-x64\jre-legacy\bin\awt.dll
0x00007ff8b3300000 - 0x00007ff8b3391000 	C:\WINDOWS\SYSTEM32\apphelp.dll
0x00007ff870090000 - 0x00007ff87012c000 	C:\Users\NUKELO~1\AppData\Local\Temp\jna--1590639904\jna3443117617367378261.dll
0x00007ff89e9e0000 - 0x00007ff89e9fa000 	C:\Games\CurseForge\Minecraft\Install\bin\01082be0353d713e14cc7c605815ac4791fb533d\SAPIWrapper_x64.dll

VM Arguments:
jvm_args: -XX:HeapDumpPath=MojangTricksIntelDriversForPerformance_javaw.exe_minecraft.exe.heapdump -Dos.name=Windows 10 -Dos.version=10.0 -Xss1M -Djava.library.path=C:\Games\CurseForge\Minecraft\Install\bin\01082be0353d713e14cc7c605815ac4791fb533d -Dminecraft.launcher.brand=minecraft-launcher -Dminecraft.launcher.version=2.5.9 -Xmx5056m -Xms256m -Dminecraft.applet.TargetDirectory=C:\Games\CurseForge\Minecraft\Instances\Blood-N-Wine-2 -Dfml.ignorePatchDiscrepancies=true -Dfml.ignoreInvalidMinecraftCertificates=true -Duser.language=en -Duser.country=US -Dlog4j.configurationFile=C:\Games\CurseForge\Minecraft\Install\assets\log_configs\client-1.12.xml 
java_command: cpw.mods.modlauncher.Launcher --username IH8teMinorities --version forge-36.2.35 --gameDir C:\Games\CurseForge\Minecraft\Instances\Blood-N-Wine-2 --assetsDir C:\Games\CurseForge\Minecraft\Install\assets --assetIndex 1.16 --uuid bd3a981d24f64dd1b12ee2e8cc29c653 --accessToken eyJraWQiOiJhYzg0YSIsImFsZyI6IkhTMjU2In0.eyJ4dWlkIjoiMjUzNTQwNzg5ODgwMzEzMyIsImFnZyI6IkFkdWx0Iiwic3ViIjoiMWQxZWZjYjItZTY1MC00ZmY1LTllNzUtYWIxMWE3ZTNmNmQ3IiwiYXV0aCI6IlhCT1giLCJucyI6ImRlZmF1bHQiLCJyb2xlcyI6W10sImlzcyI6ImF1dGhlbnRpY2F0aW9uIiwiZmxhZ3MiOlsidHdvZmFjdG9yYXV0aCIsIm9yZGVyc18yMDIyIl0sInBsYXRmb3JtIjoiUENfTEFVTkNIRVIiLCJ5dWlkIjoiOGM5NDBkYzI0NzI5NTdlMmYwNDQ3YmY2ZDA5YjlhMTQiLCJuYmYiOjE2ODk3MzQ2MzAsImV4cCI6MTY4OTgyMTAzMCwiaWF0IjoxNjg5NzM0NjMwfQ.4z11PFfLRd5gmHfrussPPQck8Rnryb2Y7yBaOq_j1OE --userType msa --versionType release --width 1024 --height 768 --launchTarget fmlclient --fml.forgeVersion 36.2.35 --fml.mcVersion 1.16.5 --fml.forgeGroup net.minecraftforge --fml.mcpVersion 20210115.111550
java_class_path (initial): C:\Games\CurseForge\Minecraft\Install\libraries\net\minecraftforge\forge\1.16.5-36.2.35\forge-1.16.5-36.2.35.jar;C:\Games\CurseForge\Minecraft\Install\libraries\org\ow2\asm\asm\9.1\asm-9.1.jar;C:\Games\CurseForge\Minecraft\Install\libraries\org\ow2\asm\asm-commons\9.1\asm-commons-9.1.jar;C:\Games\CurseForge\Minecraft\Install\libraries\org\ow2\asm\asm-tree\9.1\asm-tree-9.1.jar;C:\Games\CurseForge\Minecraft\Install\libraries\org\ow2\asm\asm-util\9.1\asm-util-9.1.jar;C:\Games\CurseForge\Minecraft\Install\libraries\org\ow2\asm\asm-analysis\9.1\asm-analysis-9.1.jar;C:\Games\CurseForge\Minecraft\Install\libraries\cpw\mods\modlauncher\8.1.3\modlauncher-8.1.3.jar;C:\Games\CurseForge\Minecraft\Install\libraries\cpw\mods\grossjava9hacks\1.3.3\grossjava9hacks-1.3.3.jar;C:\Games\CurseForge\Minecraft\Install\libraries\net\minecraftforge\accesstransformers\3.0.1\accesstransformers-3.0.1.jar;C:\Games\CurseForge\Minecraft\Install\libraries\org\antlr\antlr4-runtime\4.9.1\antlr4-runtime-4.9.1.jar;C:\Games\CurseForge\Minecraft\Install\libraries\net\minecraftforge\eventbus\4.0.0\eventbus-4.0.0.jar;C:\Games\CurseForge\Minecraft\Install\libraries\net\minecraftforge\forgespi\3.2.0\forgespi-3.2.0.jar;C:\Games\CurseForge\Minecraft\Install\libraries\net\minecraftforge\coremods\4.0.6\coremods-4.0.6.jar;C:\Games\CurseForge\Minecraft\Install\libraries\net\minecraftforge\unsafe\0.2.0\unsafe-0.2.0.jar;C:\Games\CurseForge\Minecraft\Install\libraries\com\electronwill\night-config\core\3.6.3\core-3.6.3.jar;C:\Games\CurseForge\Minecraft\Install\libraries\com\electronwill\night-config\toml\3.6.3\toml-3.6.3.jar;C:\Games\CurseForge\Minecraft\Install\libraries\org\jline\jline\3.12.1\jline-3.12.1.jar;C:\Games\CurseForge\Minecraft\Install\libraries\org\apache\maven\maven-artifact\3.6.3\maven-artifact-3.6.3.jar;C:\Games\CurseForge\Minecraft\Install\libraries\net\jodah\typetools\0.8.3\typetools-0.8.3.jar;C:\Games\CurseForge\Minecraft\Install\libraries\org\apache\logging\log4j\log
Launcher Type: SUN_STANDARD

Environment Variables:
PATH=C:\Program Files\NVIDIA GPU Computing Toolkit\CUDA\v11.7\bin;C:\Program Files\NVIDIA GPU Computing Toolkit\CUDA\v11.7\libnvvp;C:\Program Files (x86)\Razer Chroma SDK\bin;C:\Program Files\Razer Chroma SDK\bin;C:\Program Files\Common Files\Oracle\Java\javapath;C:\Program Files (x86)\Razer\ChromaBroadcast\bin;C:\Program Files\Razer\ChromaBroadcast\bin;C:\Python39\Scripts\;C:\Python39\;C:\WINDOWS\system32;C:\WINDOWS;C:\WINDOWS\System32\Wbem;C:\WINDOWS\System32\WindowsPowerShell\v1.0\;C:\WINDOWS\System32\OpenSSH\;C:\Program Files\NVIDIA Corporation\NVIDIA NvDLISR;C:\Program Files (x86)\NVIDIA Corporation\PhysX\Common;C:\ProgramData\chocolatey\bin;C:\Programs\PuTTY\;C:\WINDOWS\system32\config\systemprofile\AppData\Local\Microsoft\WindowsApps;C:\Users\NukelordBrown\AppData\Local\Microsoft\WindowsApps;C:\Users\NukelordBrown\AppData\Local\atom\bin;C:\Users\NukelordBrown\AppData\Roaming\npm;C:\Programs\Java\jdk-17.0.2\bin;C:\Program Files\dotnet\;C:\Program Files\Git LFS;C:\Program Files (x86)\GitExtensions\;C:\Programs\nodejs\;G:\Bethesda-Game-Modding-Tools\Git LFS;C:\Program Files\NVIDIA Corporation\Nsight Compute 2022.2.1\;C:\Program Files\Git\cmd;C:\Users\NukelordBrown\AppData\Local\Microsoft\WindowsApps;C:\Users\NukelordBrown\AppData\Local\atom\bin;C:\Users\NukelordBrown\AppData\Local\Programs\Microsoft VS Code\bin;C:\Users\NukelordBrown\.dotnet\tools;C:\Users\NukelordBrown\AppData\Local\GitHubDesktop\bin;C:\Users\NukelordBrown\AppData\Roaming\npm
USERNAME=NukelordBrown
OS=Windows_NT
PROCESSOR_IDENTIFIER=AMD64 Family 25 Model 33 Stepping 0, AuthenticAMD



---------------  S Y S T E M  ---------------

OS: Windows 10.0 , 64 bit Build 19041 (10.0.19041.3155)

CPU:total 12 (12 cores per cpu, 1 threads per core) family 25 model 33 stepping 0, cmov, cx8, fxsr, mmx, sse, sse2, sse3, ssse3, sse4.1, sse4.2, popcnt, avx, avx2, aes, clmul, erms, mmxext, 3dnowpref, lzcnt, sse4a, tsc, tscinvbit, tscinv, bmi1

Memory: 4k page, physical 33499580k(10834548k free), swap 44417408k(4760996k free)

vm_info: Java HotSpot(TM) 64-Bit Server VM (25.51-b03) for windows-amd64 JRE (1.8.0_51-b16), built on Jun  8 2015 18:03:07 by "java_re" with MS VC++ 10.0 (VS2010)

time: Tue Jul 18 21:22:11 2023
elapsed time: 5890 seconds (0d 1h 38m 10s)

