#
# A fatal error has been detected by the Java Runtime Environment:
#
#  EXCEPTION_ACCESS_VIOLATION (0xc0000005) at pc=0x00007ffc56be3716, pid=29724, tid=32460
#
# JRE version: Java(TM) SE Runtime Environment (8.0_51-b16) (build 1.8.0_51-b16)
# Java VM: Java HotSpot(TM) 64-Bit Server VM (25.51-b03 mixed mode windows-amd64 compressed oops)
# Problematic frame:
# C  [PhysXJniBindings_64.dll+0x53716]
#
# Failed to write core dump. Minidumps are not enabled by default on client versions of Windows
#
# If you would like to submit a bug report, please visit:
#   http://bugreport.java.com/bugreport/crash.jsp
# The crash happened outside the Java Virtual Machine in native code.
# See problematic frame for where to report the bug.
#

---------------  T H R E A D  ---------------

Current thread (0x0000000002a94000):  JavaThread "Render thread" [_thread_in_native, id=32460, stack(0x0000000002990000,0x0000000002a90000)]

siginfo: ExceptionCode=0xc0000005, reading address 0x0000000000000000

Registers:
RAX=0x0000000000000000, RBX=0x0000000000000018, RCX=0x0000000000000000, RDX=0x0000000000000000
RSP=0x0000000002a8dc40, RBP=0x0000000002a8dcf0, RSI=0x0000000000000003, RDI=0x0000000000000000
R8 =0x0000000000000003, R9 =0x0000000023f94d30, R10=0x0000000002ba57c8, R11=0x00000000693b7bb0
R12=0x0000000000000000, R13=0x0000000041fdecb0, R14=0x0000000002a8dd10, R15=0x0000000002a94000
RIP=0x00007ffc56be3716, EFLAGS=0x0000000000010206

Top of Stack: (sp=0x0000000002a8dc40)
0x0000000002a8dc40:   000000003f800000 0000000000000000
0x0000000002a8dc50:   0000000697668088 00000006976680c8
0x0000000002a8dc60:   00000000be2822cd 0000000000000000
0x0000000002a8dc70:   0000000002b97ced 0000000002ba57f4
0x0000000002a8dc80:   0000000041fdecb0 00000006976681f8
0x0000000002a8dc90:   0000000000000000 0000000002a8dd00
0x0000000002a8dca0:   000000005b425c40 0000000000000000
0x0000000002a8dcb0:   0000000002a8dcb0 0000000000000000
0x0000000002a8dcc0:   0000000002a8dd10 0000000041fe0f80
0x0000000002a8dcd0:   0000000000000000 0000000041fdecb0
0x0000000002a8dce0:   0000000000000000 0000000002a8dd10
0x0000000002a8dcf0:   0000000002a8dd58 0000000002b97800
0x0000000002a8dd00:   000000069747f958 0000000002b9f977
0x0000000002a8dd10:   0000000000000003 0000000002a8dd18
0x0000000002a8dd20:   0000000041fdec09 0000000002a8dd68
0x0000000002a8dd30:   0000000041fe0f80 0000000000000000 

Instructions: (pc=0x00007ffc56be3716)
0x00007ffc56be36f6:   89 74 24 10 57 48 83 ec 30 48 8b fa 8b f1 ff 15
0x00007ffc56be3706:   86 3c 19 00 48 8b d8 ff 15 35 3c 19 00 48 8b c8
0x00007ffc56be3716:   4c 8b 00 41 ff 50 28 84 c0 75 09 48 8d 05 a0 5e
0x00007ffc56be3726:   12 00 eb 13 48 8d 15 8f 3f 19 00 48 8d 0d 20 2d 


Register to memory mapping:

RAX=0x0000000000000000 is an unknown value
RBX=0x0000000000000018 is an unknown value
RCX=0x0000000000000000 is an unknown value
RDX=0x0000000000000000 is an unknown value
RSP=0x0000000002a8dc40 is pointing into the stack for thread: 0x0000000002a94000
RBP=0x0000000002a8dcf0 is pointing into the stack for thread: 0x0000000002a94000
RSI=0x0000000000000003 is an unknown value
RDI=0x0000000000000000 is an unknown value
R8 =0x0000000000000003 is an unknown value
R9 =0x0000000023f94d30 is an unknown value
R10=0x0000000002ba57c8 is at code_begin+840 in an Interpreter codelet
method entry point (kind = native)  [0x0000000002ba5480, 0x0000000002ba5de0]  2400 bytes
R11=0x00000000693b7bb0 is an unknown value
R12=0x0000000000000000 is an unknown value
R13={method} {0x0000000041fdecb8} '_DefaultCpuDispatcherCreate' '(I)J' in 'physx/PxTopLevelFunctions'
R14=0x0000000002a8dd10 is pointing into the stack for thread: 0x0000000002a94000
R15=0x0000000002a94000 is a thread


Stack: [0x0000000002990000,0x0000000002a90000],  sp=0x0000000002a8dc40,  free space=1015k
Native frames: (J=compiled Java code, j=interpreted, Vv=VM code, C=native code)
C  [PhysXJniBindings_64.dll+0x53716]
C  0x0000000002ba57f4

Java frames: (J=compiled Java code, j=interpreted, Vv=VM code)
j  physx.PxTopLevelFunctions._DefaultCpuDispatcherCreate(I)J+0
j  physx.PxTopLevelFunctions.DefaultCpuDispatcherCreate(I)Lphysx/extensions/PxDefaultCpuDispatcher;+1
J 46077 C2 net.diebuddies.physics.PhysicsMod.getInstance(Lnet/minecraft/world/World;)Lnet/diebuddies/physics/PhysicsMod; (39 bytes) @ 0x000000000998cd84 [0x000000000998ae80+0x1f04]
J 47784 C2 net.minecraft.client.renderer.WorldRenderer.handler$bjc000$renderChunkLayerSolid(Lnet/minecraft/client/renderer/RenderType;Lcom/mojang/blaze3d/matrix/MatrixStack;DDDLorg/spongepowered/asm/mixin/injection/callback/CallbackInfo;)V (721 bytes) @ 0x000000000aafb6d8 [0x000000000aafb0a0+0x638]
J 50833 C2 net.minecraft.client.renderer.WorldRenderer.func_228441_a_(Lnet/minecraft/client/renderer/RenderType;Lcom/mojang/blaze3d/matrix/MatrixStack;DDD)V (186 bytes) @ 0x0000000008eb87fc [0x0000000008eb82a0+0x55c]
J 57074 C1 net.minecraft.client.renderer.WorldRenderer.func_228426_a_(Lcom/mojang/blaze3d/matrix/MatrixStack;FJZLnet/minecraft/client/renderer/ActiveRenderInfo;Lnet/minecraft/client/renderer/GameRenderer;Lnet/minecraft/client/renderer/LightTexture;Lnet/minecraft/util/math/vector/Matrix4f;)V (4063 bytes) @ 0x000000000c260fc4 [0x000000000c25b660+0x5964]
j  net.minecraft.client.renderer.GameRenderer.func_228378_a_(FJLcom/mojang/blaze3d/matrix/MatrixStack;)V+620
j  net.minecraft.client.renderer.GameRenderer.func_195458_a(FJZ)V+250
J 52581 C2 net.minecraft.client.Minecraft.func_195542_b(Z)V (1013 bytes) @ 0x000000000a6da8fc [0x000000000a6d9440+0x14bc]
j  net.minecraft.client.Minecraft.handler$cdg000$unloadWorldScreenshot(Lnet/minecraft/client/gui/screen/Screen;Lorg/spongepowered/asm/mixin/injection/callback/CallbackInfo;)V+21
j  net.minecraft.client.Minecraft.func_213231_b(Lnet/minecraft/client/gui/screen/Screen;)V+49
j  net.minecraft.client.Minecraft.func_213254_o()V+8
j  net.minecraft.client.Minecraft.func_71405_e()V+66
j  net.minecraft.client.main.Main.main([Ljava/lang/String;)V+1445
v  ~StubRoutines::call_stub
j  sun.reflect.NativeMethodAccessorImpl.invoke0(Ljava/lang/reflect/Method;Ljava/lang/Object;[Ljava/lang/Object;)Ljava/lang/Object;+0
j  sun.reflect.NativeMethodAccessorImpl.invoke(Ljava/lang/Object;[Ljava/lang/Object;)Ljava/lang/Object;+100
J 2376 C1 sun.reflect.DelegatingMethodAccessorImpl.invoke(Ljava/lang/Object;[Ljava/lang/Object;)Ljava/lang/Object; (10 bytes) @ 0x00000000034de40c [0x00000000034de300+0x10c]
J 2375 C1 java.lang.reflect.Method.invoke(Ljava/lang/Object;[Ljava/lang/Object;)Ljava/lang/Object; (62 bytes) @ 0x00000000034debac [0x00000000034de7c0+0x3ec]
j  net.minecraftforge.fml.loading.FMLClientLaunchProvider.lambda$launchService$0(Lcpw/mods/modlauncher/api/ITransformingClassLoader;[Ljava/lang/String;)Ljava/lang/Void;+50
j  net.minecraftforge.fml.loading.FMLClientLaunchProvider$$Lambda$502.call()Ljava/lang/Object;+12
j  cpw.mods.modlauncher.LaunchServiceHandlerDecorator.launch([Ljava/lang/String;Lcpw/mods/modlauncher/api/ITransformingClassLoader;)V+11
j  cpw.mods.modlauncher.LaunchServiceHandler.launch(Ljava/lang/String;[Ljava/lang/String;Lcpw/mods/modlauncher/TransformingClassLoader;Lcpw/mods/modlauncher/LaunchPluginHandler;)V+57
j  cpw.mods.modlauncher.LaunchServiceHandler.launch(Lcpw/mods/modlauncher/ArgumentHandler;Lcpw/mods/modlauncher/TransformingClassLoader;Lcpw/mods/modlauncher/LaunchPluginHandler;)V+19
j  cpw.mods.modlauncher.Launcher.run([Ljava/lang/String;)V+116
j  cpw.mods.modlauncher.Launcher.main([Ljava/lang/String;)V+37
v  ~StubRoutines::call_stub

---------------  P R O C E S S  ---------------

Java Threads: ( => current thread )
  0x00000000352c3800 JavaThread "ForkJoinPool.commonPool-worker-5" daemon [_thread_blocked, id=30604, stack(0x0000000054a50000,0x0000000054b50000)]
  0x00000000352bc000 JavaThread "ForkJoinPool.commonPool-worker-1" daemon [_thread_blocked, id=31792, stack(0x0000000050e60000,0x0000000050f60000)]
  0x000000013ce13800 JavaThread "Chunk Render Task Executor #9" [_thread_blocked, id=18492, stack(0x0000000054450000,0x0000000054550000)]
  0x000000013ce0d800 JavaThread "Chunk Render Task Executor #8" [_thread_blocked, id=6728, stack(0x0000000054350000,0x0000000054450000)]
  0x000000013ce10800 JavaThread "Chunk Render Task Executor #7" [_thread_blocked, id=7228, stack(0x0000000054250000,0x0000000054350000)]
  0x000000013ce11000 JavaThread "Chunk Render Task Executor #6" [_thread_blocked, id=33588, stack(0x0000000054150000,0x0000000054250000)]
  0x000000013ce0b000 JavaThread "Chunk Render Task Executor #5" [_thread_blocked, id=15756, stack(0x0000000054050000,0x0000000054150000)]
  0x000000013ce0c000 JavaThread "Chunk Render Task Executor #4" [_thread_blocked, id=31704, stack(0x0000000053f50000,0x0000000054050000)]
  0x000000013ce01800 JavaThread "Chunk Render Task Executor #3" [_thread_blocked, id=29456, stack(0x0000000053e50000,0x0000000053f50000)]
  0x000000013ce03800 JavaThread "Chunk Render Task Executor #2" [_thread_blocked, id=11252, stack(0x000000003fa40000,0x000000003fb40000)]
  0x000000003170f000 JavaThread "Chunk Render Task Executor #1" [_thread_blocked, id=5832, stack(0x000000002f760000,0x000000002f860000)]
  0x0000000031716000 JavaThread "Chunk Render Task Executor #0" [_thread_blocked, id=3340, stack(0x0000000027450000,0x0000000027550000)]
  0x00000000cb284800 JavaThread "ForkJoinPool.commonPool-worker-8" daemon [_thread_blocked, id=29560, stack(0x000000014e160000,0x000000014e260000)]
  0x00000000cb27d800 JavaThread "ForkJoinPool.commonPool-worker-9" daemon [_thread_blocked, id=28316, stack(0x0000000091e40000,0x0000000091f40000)]
  0x0000000031712000 JavaThread "pool-12-thread-1" [_thread_blocked, id=33736, stack(0x000000014afd0000,0x000000014b0d0000)]
  0x000000013ce1d000 JavaThread "ForkJoinPool.commonPool-worker-0" daemon [_thread_blocked, id=1952, stack(0x00000000c8b40000,0x00000000c8c40000)]
  0x000000013ce1b000 JavaThread "ForkJoinPool.commonPool-worker-14" daemon [_thread_blocked, id=21596, stack(0x00000000c8a40000,0x00000000c8b40000)]
  0x000000013ce1a000 JavaThread "ForkJoinPool.commonPool-worker-7" daemon [_thread_blocked, id=12588, stack(0x00000000c8940000,0x00000000c8a40000)]
  0x000000013ce19800 JavaThread "ForkJoinPool.commonPool-worker-3" daemon [_thread_blocked, id=33624, stack(0x00000000c8840000,0x00000000c8940000)]
  0x000000013ce1c800 JavaThread "ForkJoinPool.commonPool-worker-12" daemon [_thread_blocked, id=25424, stack(0x00000000c8740000,0x00000000c8840000)]
  0x000000013ce17000 JavaThread "ForkJoinPool.commonPool-worker-10" daemon [_thread_blocked, id=28940, stack(0x00000000c8540000,0x00000000c8640000)]
  0x000000013ce16800 JavaThread "ForkJoinPool.commonPool-worker-15" daemon [_thread_blocked, id=5624, stack(0x00000000c63b0000,0x00000000c64b0000)]
  0x000000013ce15800 JavaThread "ForkJoinPool.commonPool-worker-6" daemon [_thread_blocked, id=27564, stack(0x00000000c62b0000,0x00000000c63b0000)]
  0x000000013ce15000 JavaThread "ForkJoinPool.commonPool-worker-13" daemon [_thread_blocked, id=19228, stack(0x00000000c61b0000,0x00000000c62b0000)]
  0x000000013ce14000 JavaThread "ForkJoinPool.commonPool-worker-4" daemon [_thread_blocked, id=5048, stack(0x00000000c60b0000,0x00000000c61b0000)]
  0x000000013ce0c800 JavaThread "ForkJoinPool.commonPool-worker-2" daemon [_thread_blocked, id=16892, stack(0x00000000c4ee0000,0x00000000c4fe0000)]
  0x00000000463e9000 JavaThread "Netty Client IO #5" daemon [_thread_in_native, id=18632, stack(0x000000012bbc0000,0x000000012bcc0000)]
  0x00000000463ef800 JavaThread "Litematica Chunk Batcher 15" daemon [_thread_blocked, id=21372, stack(0x00000000c74b0000,0x00000000c75b0000)]
  0x00000000463ee000 JavaThread "Litematica Chunk Batcher 14" daemon [_thread_blocked, id=13532, stack(0x00000000c73b0000,0x00000000c74b0000)]
  0x00000000463ea800 JavaThread "Litematica Chunk Batcher 13" daemon [_thread_blocked, id=19068, stack(0x00000000c72b0000,0x00000000c73b0000)]
  0x00000000463e7800 JavaThread "Litematica Chunk Batcher 12" daemon [_thread_blocked, id=31512, stack(0x00000000c71b0000,0x00000000c72b0000)]
  0x00000000463e6000 JavaThread "Litematica Chunk Batcher 11" daemon [_thread_blocked, id=7124, stack(0x00000000c70b0000,0x00000000c71b0000)]
  0x00000000463ed000 JavaThread "Litematica Chunk Batcher 10" daemon [_thread_blocked, id=30320, stack(0x00000000c6fb0000,0x00000000c70b0000)]
  0x00000000463e7000 JavaThread "Litematica Chunk Batcher 9" daemon [_thread_blocked, id=29808, stack(0x00000000c6eb0000,0x00000000c6fb0000)]
  0x00000000463ea000 JavaThread "Litematica Chunk Batcher 8" daemon [_thread_blocked, id=20448, stack(0x00000000c6db0000,0x00000000c6eb0000)]
  0x00000000463ec800 JavaThread "Litematica Chunk Batcher 7" daemon [_thread_blocked, id=11136, stack(0x00000000c6cb0000,0x00000000c6db0000)]
  0x00000000322ca000 JavaThread "Litematica Chunk Batcher 6" daemon [_thread_blocked, id=33676, stack(0x00000000c6bb0000,0x00000000c6cb0000)]
  0x0000000032784800 JavaThread "Litematica Chunk Batcher 5" daemon [_thread_blocked, id=8792, stack(0x00000000c6ab0000,0x00000000c6bb0000)]
  0x00000000352ba800 JavaThread "Litematica Chunk Batcher 4" daemon [_thread_blocked, id=22320, stack(0x00000000c69b0000,0x00000000c6ab0000)]
  0x00000000352c0800 JavaThread "Litematica Chunk Batcher 3" daemon [_thread_blocked, id=2724, stack(0x00000000c68b0000,0x00000000c69b0000)]
  0x0000000031719800 JavaThread "Litematica Chunk Batcher 2" daemon [_thread_blocked, id=33636, stack(0x00000000c67b0000,0x00000000c68b0000)]
  0x0000000031718000 JavaThread "Litematica Chunk Batcher 1" daemon [_thread_blocked, id=31088, stack(0x00000000c66b0000,0x00000000c67b0000)]
  0x0000000031717800 JavaThread "Litematica Chunk Batcher 0" daemon [_thread_blocked, id=6356, stack(0x00000000c65b0000,0x00000000c66b0000)]
  0x000000003170c000 JavaThread "Sound engine" daemon [_thread_blocked, id=29188, stack(0x0000000099750000,0x0000000099850000)]
  0x0000000031711800 JavaThread "Netty Client IO #4" daemon [_thread_in_native, id=11952, stack(0x0000000097b00000,0x0000000097c00000)]
  0x000000003170d800 JavaThread "Netty Client IO #2" daemon [_thread_in_native, id=31772, stack(0x000000003fb40000,0x000000003fc40000)]
  0x000000003170a800 JavaThread "Netty Client IO #3" daemon [_thread_in_native, id=23652, stack(0x000000003cd80000,0x000000003ce80000)]
  0x000000003170d000 JavaThread "Netty Client IO #1" daemon [_thread_in_native, id=11744, stack(0x0000000092760000,0x0000000092860000)]
  0x0000000036596800 JavaThread "Netty Client IO #0" daemon [_thread_in_native, id=23264, stack(0x0000000092140000,0x0000000092240000)]
  0x0000000036591000 JavaThread "ObjectCleanerThread" daemon [_thread_blocked, id=24492, stack(0x0000000092040000,0x0000000092140000)]
  0x000000003337f000 JavaThread "Server Pinger #4" daemon [_thread_blocked, id=28336, stack(0x0000000052400000,0x0000000052500000)]
  0x000000003337e000 JavaThread "Server Pinger #3" daemon [_thread_blocked, id=33204, stack(0x0000000052300000,0x0000000052400000)]
  0x000000003337b000 JavaThread "Server Pinger #2" daemon [_thread_blocked, id=31224, stack(0x0000000052010000,0x0000000052110000)]
  0x00000000352c4000 JavaThread "Thread-65" daemon [_thread_in_native, id=31972, stack(0x00000000440d0000,0x00000000441d0000)]
  0x00000000352c2800 JavaThread "Server Pinger #1" daemon [_thread_blocked, id=33224, stack(0x0000000040040000,0x0000000040140000)]
  0x00000000352c2000 JavaThread "Server Pinger #0" daemon [_thread_blocked, id=18508, stack(0x000000003fe40000,0x000000003ff40000)]
  0x0000000033383800 JavaThread "lava-daemon-pool-playback-4-thread-1" daemon [_thread_blocked, id=4268, stack(0x0000000043fd0000,0x00000000440d0000)]
  0x0000000033385800 JavaThread "spark-worker-pool-1-thread-4" daemon [_thread_blocked, id=33036, stack(0x0000000097c30000,0x0000000097d30000)]
  0x00000000322c0000 JavaThread "spark-worker-pool-1-thread-3" daemon [_thread_blocked, id=26192, stack(0x000000003ff40000,0x0000000040040000)]
  0x00000000322be800 JavaThread "Thread-62" daemon [_thread_blocked, id=31392, stack(0x000000006f850000,0x000000006f950000)]
  0x00000000322bd800 JavaThread "Java2D Disposer" daemon [_thread_blocked, id=25420, stack(0x000000006f5f0000,0x000000006f6f0000)]
  0x00000000322c4800 JavaThread "Thread-60" daemon [_thread_blocked, id=31272, stack(0x000000006f4f0000,0x000000006f5f0000)]
  0x00000000322bd000 JavaThread "spark-worker-pool-1-thread-2" daemon [_thread_blocked, id=33064, stack(0x000000006f730000,0x000000006f830000)]
  0x00000000322c3800 JavaThread "spark-worker-pool-1-thread-1" daemon [_thread_blocked, id=11812, stack(0x000000006f3f0000,0x000000006f4f0000)]
  0x00000000322c2000 JavaThread "spark-monitor" daemon [_thread_in_native, id=30676, stack(0x0000000070d40000,0x0000000070e40000)]
  0x00000000322bc000 JavaThread "pool-5-thread-1" [_thread_blocked, id=26684, stack(0x000000006f0f0000,0x000000006f1f0000)]
  0x00000000322c0800 JavaThread "Thread-56" daemon [_thread_in_native, id=27816, stack(0x0000000069a80000,0x0000000069b80000)]
  0x00000000322ba800 JavaThread "Thread-55" daemon [_thread_in_native, id=21444, stack(0x000000005d220000,0x000000005d320000)]
  0x0000000033380800 JavaThread "Thread-54" daemon [_thread_in_native, id=33600, stack(0x000000005d3f0000,0x000000005d4f0000)]
  0x0000000020c19800 JavaThread "Thread-53" daemon [_thread_in_native, id=8876, stack(0x000000005b140000,0x000000005b240000)]
  0x0000000020b46000 JavaThread "Thread-52" daemon [_thread_in_native, id=20172, stack(0x0000000052800000,0x0000000052900000)]
  0x0000000032782800 JavaThread "Thread-51" daemon [_thread_in_native, id=31628, stack(0x0000000052500000,0x0000000052600000)]
  0x00000000352c1000 JavaThread "Thread-50" daemon [_thread_in_native, id=17196, stack(0x000000003c2a0000,0x000000003c3a0000)]
  0x00000000352b7800 JavaThread "Config Lib config file watcher" daemon [_thread_blocked, id=31260, stack(0x000000004be70000,0x000000004bf70000)]
  0x00000000352be000 JavaThread "Thread-47" daemon [_thread_in_native, id=30940, stack(0x000000004bd70000,0x000000004be70000)]
  0x00000000352b9800 JavaThread "pool-4-thread-16" [_thread_blocked, id=8156, stack(0x000000004b270000,0x000000004b370000)]
  0x00000000352b5000 JavaThread "pool-4-thread-15" [_thread_blocked, id=3512, stack(0x000000004b170000,0x000000004b270000)]
  0x00000000352b9000 JavaThread "pool-4-thread-14" [_thread_blocked, id=31312, stack(0x000000004ae70000,0x000000004af70000)]
  0x000000003659e000 JavaThread "pool-4-thread-13" [_thread_blocked, id=12324, stack(0x000000004ab70000,0x000000004ac70000)]
  0x0000000020c14800 JavaThread "pool-4-thread-12" [_thread_blocked, id=26608, stack(0x000000004a870000,0x000000004a970000)]
  0x0000000020c13800 JavaThread "pool-4-thread-11" [_thread_blocked, id=13864, stack(0x000000004a770000,0x000000004a870000)]
  0x0000000020c19000 JavaThread "Thread-45" daemon [_thread_in_native, id=30004, stack(0x000000004a670000,0x000000004a770000)]
  0x0000000020c18000 JavaThread "pool-4-thread-10" [_thread_blocked, id=31904, stack(0x000000004a570000,0x000000004a670000)]
  0x0000000020c16000 JavaThread "Thread-44" daemon [_thread_in_native, id=20008, stack(0x000000004a470000,0x000000004a570000)]
  0x0000000020c1a800 JavaThread "Thread-43" daemon [_thread_in_native, id=7804, stack(0x000000004a370000,0x000000004a470000)]
  0x0000000020c16800 JavaThread "Thread-42" daemon [_thread_in_native, id=30768, stack(0x000000004a270000,0x000000004a370000)]
  0x0000000020c15000 JavaThread "Thread-41" daemon [_thread_in_native, id=11720, stack(0x000000004a170000,0x000000004a270000)]
  0x0000000020c0d000 JavaThread "Thread-40" daemon [_thread_in_native, id=20460, stack(0x0000000049e70000,0x0000000049f70000)]
  0x0000000020c13000 JavaThread "pool-4-thread-9" [_thread_blocked, id=31440, stack(0x0000000049d70000,0x0000000049e70000)]
  0x0000000020c0b800 JavaThread "Thread-39" daemon [_thread_in_native, id=16404, stack(0x0000000049c70000,0x0000000049d70000)]
  0x0000000020c12000 JavaThread "Thread-38" daemon [_thread_in_native, id=26032, stack(0x0000000048960000,0x0000000048a60000)]
  0x0000000020c0f000 JavaThread "Thread-37" daemon [_thread_in_native, id=6704, stack(0x0000000049b70000,0x0000000049c70000)]
  0x0000000020c11800 JavaThread "Thread-36" daemon [_thread_in_native, id=33440, stack(0x0000000049a70000,0x0000000049b70000)]
  0x0000000020c10800 JavaThread "pool-4-thread-8" [_thread_blocked, id=24396, stack(0x0000000049770000,0x0000000049870000)]
  0x0000000020c0e800 JavaThread "Thread-35" daemon [_thread_in_native, id=21244, stack(0x00000000493c0000,0x00000000494c0000)]
  0x0000000020c0d800 JavaThread "Thread-34" daemon [_thread_in_native, id=9012, stack(0x0000000048a60000,0x0000000048b60000)]
  0x0000000020c10000 JavaThread "pool-4-thread-7" [_thread_blocked, id=12316, stack(0x00000000492c0000,0x00000000493c0000)]
  0x0000000020c0c000 JavaThread "pool-4-thread-6" [_thread_blocked, id=21716, stack(0x00000000491c0000,0x00000000492c0000)]
  0x000000003277a000 JavaThread "pool-4-thread-5" [_thread_blocked, id=3556, stack(0x00000000490c0000,0x00000000491c0000)]
  0x000000003659e800 JavaThread "Thread-33" daemon [_thread_in_native, id=29916, stack(0x0000000048dc0000,0x0000000048ec0000)]
  0x0000000036598800 JavaThread "Thread-31" daemon [_thread_in_native, id=17720, stack(0x0000000048220000,0x0000000048320000)]
  0x000000003659f800 JavaThread "pool-4-thread-4" [_thread_blocked, id=2524, stack(0x0000000047eb0000,0x0000000047fb0000)]
  0x000000003659d000 JavaThread "Thread-30" daemon [_thread_in_native, id=31828, stack(0x0000000047810000,0x0000000047910000)]
  0x000000003659c800 JavaThread "pool-4-thread-3" [_thread_blocked, id=30956, stack(0x0000000046880000,0x0000000046980000)]
  0x0000000036594800 JavaThread "pool-4-thread-2" [_thread_blocked, id=9456, stack(0x0000000046780000,0x0000000046880000)]
  0x000000003659a000 JavaThread "pool-4-thread-1" [_thread_blocked, id=32204, stack(0x0000000045280000,0x0000000045380000)]
  0x000000003659b800 JavaThread "Thread-29" daemon [_thread_in_native, id=30128, stack(0x0000000046e30000,0x0000000046f30000)]
  0x000000003659b000 JavaThread "Thread-28" daemon [_thread_in_native, id=15660, stack(0x00000000479b0000,0x0000000047ab0000)]
  0x0000000036598000 JavaThread "Thread-27" daemon [_thread_blocked, id=3892, stack(0x0000000045440000,0x0000000045540000)]
  0x0000000036599800 JavaThread "Java Sound Event Dispatcher" daemon [_thread_blocked, id=32716, stack(0x0000000042800000,0x0000000042900000)]
  0x0000000036590000 JavaThread "Thread-25" daemon [_thread_blocked, id=27840, stack(0x00000000422d0000,0x00000000423d0000)]
  0x0000000036594000 JavaThread "lava-daemon-pool-info-loader-5-thread-7" daemon [_thread_blocked, id=16160, stack(0x00000000442b0000,0x00000000443b0000)]
  0x0000000033384000 JavaThread "LavaPlayer Audio Thread" daemon [_thread_blocked, id=32212, stack(0x0000000042500000,0x0000000042600000)]
  0x0000000033381000 JavaThread "lava-daemon-pool-manager-6-thread-1" daemon [_thread_blocked, id=11728, stack(0x0000000042400000,0x0000000042500000)]
  0x0000000033382800 JavaThread "LavaPlayer Audio Thread" daemon [_thread_blocked, id=32324, stack(0x0000000041d50000,0x0000000041e50000)]
  0x0000000033386800 JavaThread "Thread-24" daemon [_thread_in_native, id=32372, stack(0x0000000041540000,0x0000000041640000)]
  0x0000000033379000 JavaThread "lava-daemon-pool-manager-3-thread-1" daemon [_thread_blocked, id=32652, stack(0x0000000041240000,0x0000000041340000)]
  0x0000000032781800 JavaThread "Snooper Timer" daemon [_thread_blocked, id=31760, stack(0x00000000376f0000,0x00000000377f0000)]
  0x0000000032777800 JavaThread "Timer hack thread" daemon [_thread_blocked, id=29980, stack(0x0000000035e00000,0x0000000035f00000)]
  0x000000003277d000 JavaThread "Thread-20" daemon [_thread_in_native, id=21868, stack(0x0000000039a00000,0x0000000039b00000)]
  0x000000003277e800 JavaThread "Thread-19" daemon [_thread_in_native, id=30972, stack(0x0000000039900000,0x0000000039a00000)]
  0x000000003277a800 JavaThread "Thread-18" daemon [_thread_in_native, id=16796, stack(0x0000000039800000,0x0000000039900000)]
  0x0000000032776000 JavaThread "Thread-17" daemon [_thread_in_native, id=24384, stack(0x0000000039700000,0x0000000039800000)]
  0x0000000032778800 JavaThread "Thread-16" daemon [_thread_in_native, id=15248, stack(0x0000000039600000,0x0000000039700000)]
  0x000000003277b800 JavaThread "Thread-15" daemon [_thread_in_native, id=23600, stack(0x0000000039500000,0x0000000039600000)]
  0x0000000032777000 JavaThread "Thread-14" daemon [_thread_in_native, id=16336, stack(0x0000000039400000,0x0000000039500000)]
  0x0000000020b49000 JavaThread "Thread-13" daemon [_thread_in_native, id=24040, stack(0x0000000039300000,0x0000000039400000)]
  0x0000000020b4a800 JavaThread "Thread-12" daemon [_thread_in_native, id=18348, stack(0x0000000039200000,0x0000000039300000)]
  0x0000000020b48000 JavaThread "Thread-11" daemon [_thread_in_native, id=29712, stack(0x0000000039100000,0x0000000039200000)]
  0x0000000020b44800 JavaThread "Thread-10" daemon [_thread_in_native, id=29092, stack(0x0000000039000000,0x0000000039100000)]
  0x00000000235c2800 JavaThread "Thread-9" daemon [_thread_in_native, id=12792, stack(0x0000000038f00000,0x0000000039000000)]
  0x0000000023af3800 JavaThread "Thread-8" daemon [_thread_in_native, id=30992, stack(0x0000000038e00000,0x0000000038f00000)]
  0x0000000023c3a800 JavaThread "Thread-7" daemon [_thread_in_native, id=7584, stack(0x0000000038d00000,0x0000000038e00000)]
  0x0000000023fa1000 JavaThread "Thread-6" daemon [_thread_in_native, id=4432, stack(0x0000000038c00000,0x0000000038d00000)]
  0x0000000031155000 JavaThread "Thread-5" daemon [_thread_in_native, id=30824, stack(0x0000000035f80000,0x0000000036080000)]
  0x00000000239b4800 JavaThread "Thread-4" daemon [_thread_in_native, id=15520, stack(0x000000002ed80000,0x000000002ee80000)]
  0x000000002456d000 JavaThread "Thread-2" daemon [_thread_in_native, id=27008, stack(0x00000000269d0000,0x0000000026ad0000)]
  0x0000000024225800 JavaThread "Thread-1" daemon [_thread_blocked, id=30012, stack(0x00000000268d0000,0x00000000269d0000)]
  0x0000000020b7d000 JavaThread "Service Thread" daemon [_thread_blocked, id=10384, stack(0x00000000232f0000,0x00000000233f0000)]
  0x0000000020b46800 JavaThread "C1 CompilerThread11" daemon [_thread_blocked, id=13548, stack(0x00000000231f0000,0x00000000232f0000)]
  0x0000000020b47800 JavaThread "C1 CompilerThread10" daemon [_thread_blocked, id=32520, stack(0x00000000230f0000,0x00000000231f0000)]
  0x0000000020b3b000 JavaThread "C1 CompilerThread9" daemon [_thread_blocked, id=15144, stack(0x0000000022ff0000,0x00000000230f0000)]
  0x0000000020b1e000 JavaThread "C1 CompilerThread8" daemon [_thread_blocked, id=32064, stack(0x0000000022df0000,0x0000000022ef0000)]
  0x0000000020b03800 JavaThread "C2 CompilerThread7" daemon [_thread_blocked, id=17608, stack(0x0000000022cf0000,0x0000000022df0000)]
  0x0000000020afa800 JavaThread "C2 CompilerThread6" daemon [_thread_blocked, id=33052, stack(0x0000000022bf0000,0x0000000022cf0000)]
  0x0000000020ae2000 JavaThread "C2 CompilerThread5" daemon [_thread_blocked, id=32996, stack(0x0000000022af0000,0x0000000022bf0000)]
  0x0000000020ac4800 JavaThread "C2 CompilerThread4" daemon [_thread_blocked, id=32160, stack(0x00000000229f0000,0x0000000022af0000)]
  0x0000000020abc000 JavaThread "C2 CompilerThread3" daemon [_thread_blocked, id=31752, stack(0x00000000228f0000,0x00000000229f0000)]
  0x0000000020ab8800 JavaThread "C2 CompilerThread2" daemon [_thread_blocked, id=31004, stack(0x00000000227f0000,0x00000000228f0000)]
  0x0000000020ab4800 JavaThread "C2 CompilerThread1" daemon [_thread_blocked, id=9184, stack(0x00000000226f0000,0x00000000227f0000)]
  0x0000000020ab3000 JavaThread "C2 CompilerThread0" daemon [_thread_blocked, id=2432, stack(0x00000000225f0000,0x00000000226f0000)]
  0x0000000020aae800 JavaThread "Attach Listener" daemon [_thread_blocked, id=32948, stack(0x00000000224f0000,0x00000000225f0000)]
  0x0000000020aaa800 JavaThread "Signal Dispatcher" daemon [_thread_blocked, id=10568, stack(0x00000000223f0000,0x00000000224f0000)]
  0x000000001f044000 JavaThread "Finalizer" daemon [_thread_blocked, id=27640, stack(0x00000000222f0000,0x00000000223f0000)]
  0x000000001f03a000 JavaThread "Reference Handler" daemon [_thread_blocked, id=28352, stack(0x00000000221f0000,0x00000000222f0000)]
=>0x0000000002a94000 JavaThread "Render thread" [_thread_in_native, id=32460, stack(0x0000000002990000,0x0000000002a90000)]

Other Threads:
  0x0000000020a74000 VMThread [stack: 0x00000000220f0000,0x00000000221f0000] [id=31992]
  0x0000000020b84000 WatcherThread [stack: 0x00000000233f0000,0x00000000234f0000] [id=31892]

VM state:not at safepoint (normal execution)

VM Mutex/Monitor currently owned by a thread: None

Heap:
 PSYoungGen      total 1361408K, used 658229K [0x0000000756000000, 0x00000007ab100000, 0x00000007c0000000)
  eden space 1331200K, 49% used [0x0000000756000000,0x000000077e2cd6e8,0x00000007a7400000)
  from space 30208K, 0% used [0x00000007a9380000,0x00000007a9380000,0x00000007ab100000)
  to   space 31232K, 0% used [0x00000007a7400000,0x00000007a7400000,0x00000007a9280000)
 ParOldGen       total 2348544K, used 1692934K [0x0000000682000000, 0x0000000711580000, 0x0000000756000000)
  object space 2348544K, 72% used [0x0000000682000000,0x00000006e9541a88,0x0000000711580000)
 Metaspace       used 260857K, capacity 296779K, committed 296960K, reserved 1292288K
  class space    used 44570K, capacity 54235K, committed 54272K, reserved 1048576K

Card table byte_map: [0x0000000011f50000,0x0000000012950000] byte_map_base: 0x000000000eb40000

Marking Bits: (ParMarkBitMap*) 0x0000000069994040
 Begin Bits: [0x0000000013cf0000, 0x0000000018c70000)
 End Bits:   [0x0000000018c70000, 0x000000001dbf0000)

Polling page: 0x0000000000ab0000

CodeCache: size=245760Kb used=153792Kb max_used=153806Kb free=91967Kb
 bounds [0x0000000002b90000, 0x000000000c2d0000, 0x0000000011b90000]
 total_blobs=42479 nmethods=39769 adapters=2612
 compilation: enabled

Compilation events (10 events):
Event: 1613.656 Thread 0x0000000020b46800 57100       3       fudge.notenoughcrashes.platform.ModsByLocation$$Lambda$642/1160316046::accept (16 bytes)
Event: 1613.656 Thread 0x0000000020b3b000 nmethod 57096 0x00000000082d8150 code [0x00000000082d83e0, 0x00000000082d9848]
Event: 1613.656 Thread 0x0000000020b3b000 57101       3       fudge.notenoughcrashes.platform.ModsByLocation::lambda$new$1 (21 bytes)
Event: 1613.656 Thread 0x0000000020b1e000 nmethod 57094 0x000000000a02c710 code [0x000000000a02cbc0, 0x000000000a0319f8]
Event: 1613.656 Thread 0x0000000020b47800 nmethod 57099 0x0000000007f3e790 code [0x0000000007f3ea00, 0x0000000007f3fba8]
Event: 1613.657 Thread 0x0000000020b3b000 nmethod 57101 0x0000000007e71750 code [0x0000000007e71a20, 0x0000000007e73118]
Event: 1613.657 Thread 0x0000000020b46800 nmethod 57100 0x000000000b7aa710 code [0x000000000b7aaa00, 0x000000000b7ac398]
Event: 1613.658 Thread 0x0000000020ab4800 57102   !   4       java.io.PrintStream::write (69 bytes)
Event: 1613.660 Thread 0x0000000020abc000 nmethod 57088 0x000000000a991e90 code [0x000000000a992060, 0x000000000a992c58]
Event: 1613.662 Thread 0x0000000020ab4800 nmethod 57102 0x000000000a990950 code [0x000000000a990ae0, 0x000000000a991778]

GC Heap History (10 events):
Event: 597.273 GC heap before
{Heap before GC invocations=180 (full 7):
 PSYoungGen      total 1345536K, used 1327877K [0x0000000756000000, 0x00000007aa080000, 0x00000007c0000000)
  eden space 1316352K, 100% used [0x0000000756000000,0x00000007a6580000,0x00000007a6580000)
  from space 29184K, 39% used [0x00000007a8280000,0x00000007a8dc17d0,0x00000007a9f00000)
  to   space 29696K, 0% used [0x00000007a6580000,0x00000007a6580000,0x00000007a8280000)
 ParOldGen       total 1923584K, used 1716110K [0x0000000682000000, 0x00000006f7680000, 0x0000000756000000)
  object space 1923584K, 89% used [0x0000000682000000,0x00000006eabe3968,0x00000006f7680000)
 Metaspace       used 260688K, capacity 296497K, committed 296704K, reserved 1292288K
  class space    used 44533K, capacity 54192K, committed 54272K, reserved 1048576K
Event: 597.307 GC heap after
Heap after GC invocations=180 (full 7):
 PSYoungGen      total 1346048K, used 24990K [0x0000000756000000, 0x00000007aab00000, 0x00000007c0000000)
  eden space 1316352K, 0% used [0x0000000756000000,0x0000000756000000,0x00000007a6580000)
  from space 29696K, 84% used [0x00000007a6580000,0x00000007a7de7b40,0x00000007a8280000)
  to   space 31232K, 0% used [0x00000007a8c80000,0x00000007a8c80000,0x00000007aab00000)
 ParOldGen       total 1923584K, used 1716813K [0x0000000682000000, 0x00000006f7680000, 0x0000000756000000)
  object space 1923584K, 89% used [0x0000000682000000,0x00000006eac93548,0x00000006f7680000)
 Metaspace       used 260688K, capacity 296497K, committed 296704K, reserved 1292288K
  class space    used 44533K, capacity 54192K, committed 54272K, reserved 1048576K
}
Event: 611.944 GC heap before
{Heap before GC invocations=181 (full 7):
 PSYoungGen      total 1346048K, used 1341342K [0x0000000756000000, 0x00000007aab00000, 0x00000007c0000000)
  eden space 1316352K, 100% used [0x0000000756000000,0x00000007a6580000,0x00000007a6580000)
  from space 29696K, 84% used [0x00000007a6580000,0x00000007a7de7b40,0x00000007a8280000)
  to   space 31232K, 0% used [0x00000007a8c80000,0x00000007a8c80000,0x00000007aab00000)
 ParOldGen       total 1923584K, used 1716813K [0x0000000682000000, 0x00000006f7680000, 0x0000000756000000)
  object space 1923584K, 89% used [0x0000000682000000,0x00000006eac93548,0x00000006f7680000)
 Metaspace       used 260689K, capacity 296497K, committed 296704K, reserved 1292288K
  class space    used 44533K, capacity 54192K, committed 54272K, reserved 1048576K
Event: 611.969 GC heap after
Heap after GC invocations=181 (full 7):
 PSYoungGen      total 1355264K, used 23120K [0x0000000756000000, 0x00000007aaa80000, 0x00000007c0000000)
  eden space 1324544K, 0% used [0x0000000756000000,0x0000000756000000,0x00000007a6d80000)
  from space 30720K, 75% used [0x00000007a8c80000,0x00000007aa314250,0x00000007aaa80000)
  to   space 31232K, 0% used [0x00000007a6d80000,0x00000007a6d80000,0x00000007a8c00000)
 ParOldGen       total 1923584K, used 1718373K [0x0000000682000000, 0x00000006f7680000, 0x0000000756000000)
  object space 1923584K, 89% used [0x0000000682000000,0x00000006eae19548,0x00000006f7680000)
 Metaspace       used 260689K, capacity 296497K, committed 296704K, reserved 1292288K
  class space    used 44533K, capacity 54192K, committed 54272K, reserved 1048576K
}
Event: 626.471 GC heap before
{Heap before GC invocations=182 (full 7):
 PSYoungGen      total 1355264K, used 1347664K [0x0000000756000000, 0x00000007aaa80000, 0x00000007c0000000)
  eden space 1324544K, 100% used [0x0000000756000000,0x00000007a6d80000,0x00000007a6d80000)
  from space 30720K, 75% used [0x00000007a8c80000,0x00000007aa314250,0x00000007aaa80000)
  to   space 31232K, 0% used [0x00000007a6d80000,0x00000007a6d80000,0x00000007a8c00000)
 ParOldGen       total 1923584K, used 1718373K [0x0000000682000000, 0x00000006f7680000, 0x0000000756000000)
  object space 1923584K, 89% used [0x0000000682000000,0x00000006eae19548,0x00000006f7680000)
 Metaspace       used 260694K, capacity 296497K, committed 296704K, reserved 1292288K
  class space    used 44533K, capacity 54192K, committed 54272K, reserved 1048576K
Event: 626.499 GC heap after
Heap after GC invocations=182 (full 7):
 PSYoungGen      total 1355776K, used 21934K [0x0000000756000000, 0x00000007ab200000, 0x00000007c0000000)
  eden space 1324544K, 0% used [0x0000000756000000,0x0000000756000000,0x00000007a6d80000)
  from space 31232K, 70% used [0x00000007a6d80000,0x00000007a82ebbc8,0x00000007a8c00000)
  to   space 31232K, 0% used [0x00000007a9380000,0x00000007a9380000,0x00000007ab200000)
 ParOldGen       total 1923584K, used 1719669K [0x0000000682000000, 0x00000006f7680000, 0x0000000756000000)
  object space 1923584K, 89% used [0x0000000682000000,0x00000006eaf5d548,0x00000006f7680000)
 Metaspace       used 260694K, capacity 296497K, committed 296704K, reserved 1292288K
  class space    used 44533K, capacity 54192K, committed 54272K, reserved 1048576K
}
Event: 639.858 GC heap before
{Heap before GC invocations=183 (full 7):
 PSYoungGen      total 1355776K, used 1346478K [0x0000000756000000, 0x00000007ab200000, 0x00000007c0000000)
  eden space 1324544K, 100% used [0x0000000756000000,0x00000007a6d80000,0x00000007a6d80000)
  from space 31232K, 70% used [0x00000007a6d80000,0x00000007a82ebbc8,0x00000007a8c00000)
  to   space 31232K, 0% used [0x00000007a9380000,0x00000007a9380000,0x00000007ab200000)
 ParOldGen       total 1923584K, used 1719669K [0x0000000682000000, 0x00000006f7680000, 0x0000000756000000)
  object space 1923584K, 89% used [0x0000000682000000,0x00000006eaf5d548,0x00000006f7680000)
 Metaspace       used 260694K, capacity 296497K, committed 296704K, reserved 1292288K
  class space    used 44533K, capacity 54192K, committed 54272K, reserved 1048576K
Event: 639.874 GC heap after
Heap after GC invocations=183 (full 7):
 PSYoungGen      total 1361408K, used 22784K [0x0000000756000000, 0x00000007ab100000, 0x00000007c0000000)
  eden space 1331200K, 0% used [0x0000000756000000,0x0000000756000000,0x00000007a7400000)
  from space 30208K, 75% used [0x00000007a9380000,0x00000007aa9c01c0,0x00000007ab100000)
  to   space 31232K, 0% used [0x00000007a7400000,0x00000007a7400000,0x00000007a9280000)
 ParOldGen       total 1923584K, used 1719797K [0x0000000682000000, 0x00000006f7680000, 0x0000000756000000)
  object space 1923584K, 89% used [0x0000000682000000,0x00000006eaf7d548,0x00000006f7680000)
 Metaspace       used 260694K, capacity 296497K, committed 296704K, reserved 1292288K
  class space    used 44533K, capacity 54192K, committed 54272K, reserved 1048576K
}
Event: 1610.478 GC heap before
{Heap before GC invocations=184 (full 8):
 PSYoungGen      total 1361408K, used 1353984K [0x0000000756000000, 0x00000007ab100000, 0x00000007c0000000)
  eden space 1331200K, 100% used [0x0000000756000000,0x00000007a7400000,0x00000007a7400000)
  from space 30208K, 75% used [0x00000007a9380000,0x00000007aa9c01c0,0x00000007ab100000)
  to   space 31232K, 0% used [0x00000007a7400000,0x00000007a7400000,0x00000007a9280000)
 ParOldGen       total 2723840K, used 2723591K [0x0000000682000000, 0x0000000728400000, 0x0000000756000000)
  object space 2723840K, 99% used [0x0000000682000000,0x00000007283c1c88,0x0000000728400000)
 Metaspace       used 260695K, capacity 296497K, committed 296704K, reserved 1292288K
  class space    used 44533K, capacity 54192K, committed 54272K, reserved 1048576K
Event: 1611.896 GC heap after
Heap after GC invocations=184 (full 8):
 PSYoungGen      total 1361408K, used 0K [0x0000000756000000, 0x00000007ab100000, 0x00000007c0000000)
  eden space 1331200K, 0% used [0x0000000756000000,0x0000000756000000,0x00000007a7400000)
  from space 30208K, 0% used [0x00000007a9380000,0x00000007a9380000,0x00000007ab100000)
  to   space 31232K, 0% used [0x00000007a7400000,0x00000007a7400000,0x00000007a9280000)
 ParOldGen       total 2348544K, used 1692934K [0x0000000682000000, 0x0000000711580000, 0x0000000756000000)
  object space 2348544K, 72% used [0x0000000682000000,0x00000006e9541a88,0x0000000711580000)
 Metaspace       used 260691K, capacity 296487K, committed 296704K, reserved 1292288K
  class space    used 44532K, capacity 54189K, committed 54272K, reserved 1048576K
}

Deoptimization events (10 events):
Event: 1612.816 Thread 0x0000000002a94000 Uncommon trap: reason=bimorphic action=maybe_recompile pc=0x0000000006959bb4 method=java.util.regex.Pattern$Behind.match(Ljava/util/regex/Matcher;ILjava/lang/CharSequence;)Z @ 125
Event: 1612.816 Thread 0x0000000002a94000 Uncommon trap: reason=class_check action=maybe_recompile pc=0x000000000a1192d4 method=java.util.stream.Streams$StreamBuilderImpl.tryAdvance(Ljava/util/function/Consumer;)Z @ 19
Event: 1612.816 Thread 0x0000000002a94000 Uncommon trap: reason=class_check action=maybe_recompile pc=0x000000000a1192d4 method=java.util.stream.Streams$StreamBuilderImpl.tryAdvance(Ljava/util/function/Consumer;)Z @ 19
Event: 1612.816 Thread 0x0000000002a94000 Uncommon trap: reason=class_check action=maybe_recompile pc=0x000000000a1192d4 method=java.util.stream.Streams$StreamBuilderImpl.tryAdvance(Ljava/util/function/Consumer;)Z @ 19
Event: 1612.966 Thread 0x0000000002a94000 Uncommon trap: reason=unstable_if action=reinterpret pc=0x000000000309222c method=net.minecraft.client.renderer.GameRenderer.func_175070_n()Z @ 34
Event: 1612.972 Thread 0x0000000002a94000 Uncommon trap: reason=unstable_if action=reinterpret pc=0x000000000bab7e60 method=net.minecraft.client.renderer.WorldRenderer.func_228426_a_(Lcom/mojang/blaze3d/matrix/MatrixStack;FJZLnet/minecraft/client/renderer/ActiveRenderInfo;Lnet/minecraft/client/renö´Ã_ã3™@
Event: 1612.972 Thread 0x0000000002a94000 Uncommon trap: reason=unstable_if action=reinterpret pc=0x00000000096c683c method=net.coderbot.iris.pipeline.HandRenderer.canRender(Lnet/minecraft/client/renderer/ActiveRenderInfo;Lnet/minecraft/client/renderer/GameRenderer;)Z @ 50
Event: 1612.973 Thread 0x0000000002a94000 Uncommon trap: reason=unstable_if action=reinterpret pc=0x000000000a502d5c method=net.coderbot.iris.pipeline.HandRenderer.canRender(Lnet/minecraft/client/renderer/ActiveRenderInfo;Lnet/minecraft/client/renderer/GameRenderer;)Z @ 50
Event: 1613.633 Thread 0x0000000002a94000 Uncommon trap: reason=unstable_if action=reinterpret pc=0x000000000508c664 method=java.nio.Bits.copyFromArray(Ljava/lang/Object;JJJJ)V @ 18
Event: 1613.662 Thread 0x00000000322bf000 Uncommon trap: reason=unstable_if action=reinterpret pc=0x000000000b835868 method=dev.tr7zw.entityculling.CullTask.run()V @ 7

Internal exceptions (10 events):
Event: 1612.685 Thread 0x00000000322be800 Exception <a 'sun/nio/fs/WindowsException'> (0x00000007795281f8) thrown at [C:\re\workspace\8-2-build-windows-amd64-cygwin\jdk8u51\3951\hotspot\src\share\vm\prims\jni.cpp, line 709]
Event: 1612.685 Thread 0x00000000322be800 Exception <a 'sun/nio/fs/WindowsException'> (0x00000007795289c0) thrown at [C:\re\workspace\8-2-build-windows-amd64-cygwin\jdk8u51\3951\hotspot\src\share\vm\prims\jni.cpp, line 709]
Event: 1612.698 Thread 0x00000000322be800 Exception <a 'sun/nio/fs/WindowsException'> (0x0000000779529928) thrown at [C:\re\workspace\8-2-build-windows-amd64-cygwin\jdk8u51\3951\hotspot\src\share\vm\prims\jni.cpp, line 709]
Event: 1612.698 Thread 0x00000000322be800 Exception <a 'sun/nio/fs/WindowsException'> (0x000000077952a168) thrown at [C:\re\workspace\8-2-build-windows-amd64-cygwin\jdk8u51\3951\hotspot\src\share\vm\prims\jni.cpp, line 709]
Event: 1612.698 Thread 0x00000000322be800 Exception <a 'sun/nio/fs/WindowsException'> (0x000000077952a920) thrown at [C:\re\workspace\8-2-build-windows-amd64-cygwin\jdk8u51\3951\hotspot\src\share\vm\prims\jni.cpp, line 709]
Event: 1612.699 Thread 0x00000000322be800 Exception <a 'sun/nio/fs/WindowsException'> (0x000000077952afb0) thrown at [C:\re\workspace\8-2-build-windows-amd64-cygwin\jdk8u51\3951\hotspot\src\share\vm\prims\jni.cpp, line 709]
Event: 1612.836 Thread 0x0000000002a94000 Exception <a 'java/lang/ClassNotFoundException': net.minecraftforge.fml.loading.FMLClientLaunchProvider$$Lambda$502/536674580> (0x0000000779eece80) thrown at [C:\re\workspace\8-2-build-windows-amd64-cygwin\jdk8u51\3951\hotspot\src\share\vm\prims\jni.cpp, lÔÓGà_3™@
Event: 1612.844 Thread 0x0000000002a94000 Exception <a 'java/lang/NoSuchMethodError': java.lang.Object.func_210211_Z()Ljava/lang/String;> (0x0000000779f976f8) thrown at [C:\re\workspace\8-2-build-windows-amd64-cygwin\jdk8u51\3951\hotspot\src\share\vm\interpreter\linkResolver.cpp, line 582]
Event: 1612.844 Thread 0x0000000002a94000 Exception <a 'java/lang/NoSuchMethodError': java.lang.Object.func_210215_Y()Ljava/lang/String;> (0x0000000779f9e6e0) thrown at [C:\re\workspace\8-2-build-windows-amd64-cygwin\jdk8u51\3951\hotspot\src\share\vm\interpreter\linkResolver.cpp, line 582]
Event: 1613.657 Thread 0x0000000002a94000 Exception <a 'java/lang/ClassNotFoundException': net.minecraftforge.fml.loading.FMLClientLaunchProvider$$Lambda$502/536674580> (0x000000077c35b7d0) thrown at [C:\re\workspace\8-2-build-windows-amd64-cygwin\jdk8u51\3951\hotspot\src\share\vm\prims\jni.cpp, l¨©ek½2™@

Events (10 events):
Event: 1613.635 Executing VM operation: RevokeBias
Event: 1613.635 Executing VM operation: RevokeBias done
Event: 1613.662 Thread 0x00000000322bf000 Uncommon trap: trap_request=0xffffff65 fr.pc=0x000000000b835868
Event: 1613.662 Thread 0x00000000322bf000 DEOPT PACKING pc=0x000000000b835868 sp=0x000000006a02f2e0
Event: 1613.662 Thread 0x00000000322bf000 DEOPT UNPACKING pc=0x0000000002bd582a sp=0x000000006a02f2c8 mode 2
Event: 1613.662 Thread 0x00000000322bf000 Thread exited: 0x00000000322bf000
Event: 1613.696 Thread 0x000000013ce1f800 Thread exited: 0x000000013ce1f800
Event: 1613.697 Thread 0x00000000352bf000 Thread exited: 0x00000000352bf000
Event: 1613.708 loading class java/util/AbstractList$SubList
Event: 1613.708 loading class java/util/AbstractList$SubList done


Dynamic libraries:
0x00007ff743890000 - 0x00007ff7438c7000 	C:\Games\CurseForge\Minecraft\Install\runtime\jre-legacy\windows-x64\jre-legacy\bin\javaw.exe
0x00007ffccacd0000 - 0x00007ffccaec8000 	C:\Windows\SYSTEM32\ntdll.dll
0x00007ffcc9290000 - 0x00007ffcc934d000 	C:\Windows\System32\KERNEL32.DLL
0x00007ffcc87b0000 - 0x00007ffcc8a7e000 	C:\Windows\System32\KERNELBASE.dll
0x00007ffcca8e0000 - 0x00007ffcca98e000 	C:\Windows\System32\ADVAPI32.dll
0x00007ffccaae0000 - 0x00007ffccab7e000 	C:\Windows\System32\msvcrt.dll
0x00007ffcca990000 - 0x00007ffccaa2c000 	C:\Windows\System32\sechost.dll
0x00007ffcc96b0000 - 0x00007ffcc97d5000 	C:\Windows\System32\RPCRT4.dll
0x00007ffcc97e0000 - 0x00007ffcc9980000 	C:\Windows\System32\USER32.dll
0x00007ffcc8c90000 - 0x00007ffcc8cb2000 	C:\Windows\System32\win32u.dll
0x00007ffcc9260000 - 0x00007ffcc928a000 	C:\Windows\System32\GDI32.dll
0x00007ffcc8550000 - 0x00007ffcc865b000 	C:\Windows\System32\gdi32full.dll
0x00007ffcc8b40000 - 0x00007ffcc8bdd000 	C:\Windows\System32\msvcp_win.dll
0x00007ffcc86b0000 - 0x00007ffcc87b0000 	C:\Windows\System32\ucrtbase.dll
0x00007ffcb7560000 - 0x00007ffcb77fa000 	C:\Windows\WinSxS\amd64_microsoft.windows.common-controls_6595b64144ccf1df_6.0.19041.1110_none_60b5254171f9507e\COMCTL32.dll
0x00007ffccaa30000 - 0x00007ffccaa60000 	C:\Windows\System32\IMM32.DLL
0x000000006a490000 - 0x000000006a562000 	C:\Games\CurseForge\Minecraft\Install\runtime\jre-legacy\windows-x64\jre-legacy\bin\msvcr100.dll
0x0000000069190000 - 0x0000000069a13000 	C:\Games\CurseForge\Minecraft\Install\runtime\jre-legacy\windows-x64\jre-legacy\bin\server\jvm.dll
0x00007ffcca320000 - 0x00007ffcca328000 	C:\Windows\System32\PSAPI.DLL
0x00007ffcbdc40000 - 0x00007ffcbdc49000 	C:\Windows\SYSTEM32\WSOCK32.dll
0x00007ffcca530000 - 0x00007ffcca59b000 	C:\Windows\System32\WS2_32.dll
0x00007ffcb97f0000 - 0x00007ffcb9817000 	C:\Windows\SYSTEM32\WINMM.dll
0x00007ffcbd440000 - 0x00007ffcbd44a000 	C:\Windows\SYSTEM32\VERSION.dll
0x000000006a480000 - 0x000000006a48f000 	C:\Games\CurseForge\Minecraft\Install\runtime\jre-legacy\windows-x64\jre-legacy\bin\verify.dll
0x000000006a450000 - 0x000000006a479000 	C:\Games\CurseForge\Minecraft\Install\runtime\jre-legacy\windows-x64\jre-legacy\bin\java.dll
0x000000006a430000 - 0x000000006a446000 	C:\Games\CurseForge\Minecraft\Install\runtime\jre-legacy\windows-x64\jre-legacy\bin\zip.dll
0x00007ffcc9bb0000 - 0x00007ffcca2f4000 	C:\Windows\System32\SHELL32.dll
0x00007ffcc5f80000 - 0x00007ffcc6714000 	C:\Windows\SYSTEM32\windows.storage.dll
0x00007ffcc9350000 - 0x00007ffcc96a4000 	C:\Windows\System32\combase.dll
0x00007ffcc7e50000 - 0x00007ffcc7e80000 	C:\Windows\SYSTEM32\Wldp.dll
0x00007ffcc9b00000 - 0x00007ffcc9bad000 	C:\Windows\System32\SHCORE.dll
0x00007ffccab80000 - 0x00007ffccabd5000 	C:\Windows\System32\shlwapi.dll
0x00007ffcc8330000 - 0x00007ffcc834f000 	C:\Windows\SYSTEM32\profapi.dll
0x000000006a420000 - 0x000000006a42d000 	C:\Games\CurseForge\Minecraft\Install\runtime\jre-legacy\windows-x64\jre-legacy\bin\management.dll
0x000000006a400000 - 0x000000006a41a000 	C:\Games\CurseForge\Minecraft\Install\runtime\jre-legacy\windows-x64\jre-legacy\bin\net.dll
0x00007ffcc7bb0000 - 0x00007ffcc7c1a000 	C:\Windows\system32\mswsock.dll
0x00007ffca1980000 - 0x00007ffca1997000 	C:\Windows\system32\napinsp.dll
0x00007ffca0520000 - 0x00007ffca053b000 	C:\Windows\system32\pnrpnsp.dll
0x00007ffcc3fe0000 - 0x00007ffcc3ff5000 	C:\Windows\system32\wshbth.dll
0x00007ffcc4000000 - 0x00007ffcc401d000 	C:\Windows\system32\NLAapi.dll
0x00007ffcc7850000 - 0x00007ffcc788b000 	C:\Windows\SYSTEM32\IPHLPAPI.DLL
0x00007ffcc7890000 - 0x00007ffcc795b000 	C:\Windows\SYSTEM32\DNSAPI.dll
0x00007ffcca750000 - 0x00007ffcca758000 	C:\Windows\System32\NSI.dll
0x00007ffc9dae0000 - 0x00007ffc9daf2000 	C:\Windows\System32\winrnr.dll
0x00007ffcc1140000 - 0x00007ffcc114a000 	C:\Windows\System32\rasadhlp.dll
0x00007ffcb9120000 - 0x00007ffcb91a0000 	C:\Windows\System32\fwpuclnt.dll
0x00007ffcc8a80000 - 0x00007ffcc8aa7000 	C:\Windows\System32\bcrypt.dll
0x000000006a3e0000 - 0x000000006a3f1000 	C:\Games\CurseForge\Minecraft\Install\runtime\jre-legacy\windows-x64\jre-legacy\bin\nio.dll
0x000000006a3b0000 - 0x000000006a3d4000 	C:\Games\CurseForge\Minecraft\Install\runtime\jre-legacy\windows-x64\jre-legacy\bin\sunec.dll
0x00007ffcc7da0000 - 0x00007ffcc7db8000 	C:\Windows\SYSTEM32\CRYPTSP.dll
0x00007ffcc74c0000 - 0x00007ffcc74f4000 	C:\Windows\system32\rsaenh.dll
0x00007ffcc82f0000 - 0x00007ffcc831e000 	C:\Windows\SYSTEM32\USERENV.dll
0x00007ffcc8ab0000 - 0x00007ffcc8b32000 	C:\Windows\System32\bcryptprimitives.dll
0x00007ffcc7dc0000 - 0x00007ffcc7dcc000 	C:\Windows\SYSTEM32\CRYPTBASE.dll
0x00007ffcbd510000 - 0x00007ffcbd527000 	C:\Windows\SYSTEM32\dhcpcsvc6.DLL
0x00007ffcbd6a0000 - 0x00007ffcbd6bd000 	C:\Windows\SYSTEM32\dhcpcsvc.DLL
0x00007ffca1570000 - 0x00007ffca15e2000 	C:\Games\CurseForge\Minecraft\Install\bin\400bfa34b81004aabb21f7dd792d5eb2eb8d7b12\lwjgl.dll
0x00007ffc61d80000 - 0x00007ffc61fd1000 	C:\Games\CurseForge\Minecraft\Install\bin\400bfa34b81004aabb21f7dd792d5eb2eb8d7b12\jemalloc.dll
0x00007ffc8ccd0000 - 0x00007ffc8cd2e000 	C:\Games\CurseForge\Minecraft\Install\bin\400bfa34b81004aabb21f7dd792d5eb2eb8d7b12\glfw.dll
0x00007ffcc4d30000 - 0x00007ffcc4dce000 	C:\Windows\system32\uxtheme.dll
0x00007ffc660a0000 - 0x00007ffc660e5000 	C:\Windows\SYSTEM32\dinput8.dll
0x00007ffc7ecc0000 - 0x00007ffc7ecd1000 	C:\Windows\SYSTEM32\xinput1_4.dll
0x00007ffcc8660000 - 0x00007ffcc86ae000 	C:\Windows\System32\cfgmgr32.dll
0x00007ffcc81a0000 - 0x00007ffcc81cc000 	C:\Windows\SYSTEM32\DEVOBJ.dll
0x00007ffcc52a0000 - 0x00007ffcc52cf000 	C:\Windows\SYSTEM32\dwmapi.dll
0x00007ffca92c0000 - 0x00007ffca9412000 	C:\Windows\SYSTEM32\inputhost.dll
0x00007ffcca460000 - 0x00007ffcca52d000 	C:\Windows\System32\OLEAUT32.dll
0x00007ffcc47a0000 - 0x00007ffcc4896000 	C:\Windows\SYSTEM32\PROPSYS.dll
0x00007ffcc4480000 - 0x00007ffcc4572000 	C:\Windows\SYSTEM32\CoreMessaging.dll
0x00007ffcc3760000 - 0x00007ffcc38b4000 	C:\Windows\SYSTEM32\wintypes.dll
0x00007ffcc4120000 - 0x00007ffcc447e000 	C:\Windows\SYSTEM32\CoreUIComponents.dll
0x00007ffcc70e0000 - 0x00007ffcc7113000 	C:\Windows\SYSTEM32\ntmarta.dll
0x00007ffcc6cc0000 - 0x00007ffcc6cd2000 	C:\Windows\SYSTEM32\kernel.appcore.dll
0x0000000180000000 - 0x0000000180432000 	C:\Program Files (x86)\RivaTuner Statistics Server\RTSSHooks64.dll
0x00007ffcc8df0000 - 0x00007ffcc925f000 	C:\Windows\System32\SETUPAPI.dll
0x00007ffc1d560000 - 0x00007ffc1d699000 	C:\ProgramData\A-Volute\A-Volute.Nahimic\Modules\Scheduled\x64\AudioDevProps2.dll
0x00007ffcca330000 - 0x00007ffcca45a000 	C:\Windows\System32\ole32.dll
0x00007ffc6c960000 - 0x00007ffc6cab3000 	C:\Program Files (x86)\Stardock\Fences\FencesMenu64.dll
0x00007ffcc2e70000 - 0x00007ffcc2e84000 	C:\Windows\SYSTEM32\WTSAPI32.dll
0x00007ffcb7800000 - 0x00007ffcb79a5000 	C:\Windows\WinSxS\amd64_microsoft.windows.gdiplus_6595b64144ccf1df_1.1.19041.1706_none_919e8e54cc8d4ca1\gdiplus.dll
0x00007ffca4b90000 - 0x00007ffca4ca8000 	C:\Program Files (x86)\Stardock\Groupy\groupy_64.dll
0x00007ffcc9980000 - 0x00007ffcc9a95000 	C:\Windows\System32\MSCTF.dll
0x00007ffcc67e0000 - 0x00007ffcc67ed000 	C:\Windows\SYSTEM32\HID.DLL
0x00007ffcc8cc0000 - 0x00007ffcc8d27000 	C:\Windows\System32\WINTRUST.dll
0x00007ffcc83f0000 - 0x00007ffcc8546000 	C:\Windows\System32\CRYPT32.dll
0x00007ffcc7fe0000 - 0x00007ffcc7ff2000 	C:\Windows\System32\MSASN1.dll
0x00007ffc6bf20000 - 0x00007ffc6c047000 	C:\Windows\SYSTEM32\opengl32.dll
0x00007ffca1a60000 - 0x00007ffca1a8c000 	C:\Windows\SYSTEM32\GLU32.dll
0x00007ffccabe0000 - 0x00007ffccac89000 	C:\Windows\System32\clbcatq.dll
0x00007ffc45000000 - 0x00007ffc481b9000 	C:\Windows\System32\DriverStore\FileRepository\nvlt.inf_amd64_e7d8c0512da64e7d\nvoglv64.dll
0x00007ffcbca40000 - 0x00007ffcbca71000 	C:\Windows\SYSTEM32\cryptnet.dll
0x00007ffcbc070000 - 0x00007ffcbc1b8000 	C:\Windows\SYSTEM32\drvstore.dll
0x00007ffcbadd0000 - 0x00007ffcbae0b000 	C:\Windows\SYSTEM32\dxcore.dll
0x00007ffc84920000 - 0x00007ffc84bf1000 	C:\Windows\system32\nvspcap64.dll
0x00007ffcc79c0000 - 0x00007ffcc7a0b000 	C:\Windows\SYSTEM32\powrprof.dll
0x00007ffcc7830000 - 0x00007ffcc7842000 	C:\Windows\SYSTEM32\UMPDC.dll
0x00007ffcc7190000 - 0x00007ffcc71ea000 	C:\Windows\SYSTEM32\WINSTA.dll
0x00007ffc6c650000 - 0x00007ffc6c6cf000 	C:\Games\CurseForge\Minecraft\Install\bin\400bfa34b81004aabb21f7dd792d5eb2eb8d7b12\lwjgl_stb.dll
0x00007ffcc24b0000 - 0x00007ffcc255e000 	C:\Windows\SYSTEM32\mscms.dll
0x00007ffcc2300000 - 0x00007ffcc2311000 	C:\Windows\SYSTEM32\ColorAdapterClient.dll
0x00007ffcbca80000 - 0x00007ffcbcac3000 	C:\Windows\SYSTEM32\icm32.dll
0x00007ffca8750000 - 0x00007ffca8849000 	C:\Windows\SYSTEM32\textinputframework.dll
0x00007ffcc0da0000 - 0x00007ffcc0e06000 	C:\Windows\system32\Oleacc.dll
0x00007ffc669d0000 - 0x00007ffc66a28000 	C:\Games\CurseForge\Minecraft\Install\bin\400bfa34b81004aabb21f7dd792d5eb2eb8d7b12\lwjgl_opengl.dll
0x00007ffc8aa00000 - 0x00007ffc8aa42000 	C:\Users\NukelordBrown\AppData\Local\Temp\jna--1590639904\jna6493092703680691608.dll
0x000000006a3a0000 - 0x000000006a3ac000 	C:\Games\CurseForge\Minecraft\Install\runtime\jre-legacy\windows-x64\jre-legacy\bin\jsound.dll
0x000000006a390000 - 0x000000006a39b000 	C:\Games\CurseForge\Minecraft\Install\runtime\jre-legacy\windows-x64\jre-legacy\bin\jsoundds.dll
0x00007ffcb0380000 - 0x00007ffcb041c000 	C:\Windows\SYSTEM32\DSOUND.dll
0x00007ffcb0350000 - 0x00007ffcb0376000 	C:\Windows\SYSTEM32\winmmbase.dll
0x00007ffcc18f0000 - 0x00007ffcc1975000 	C:\Windows\SYSTEM32\MMDevAPI.DLL
0x00007ffc3fbd0000 - 0x00007ffc3fc16000 	C:\Windows\SYSTEM32\wdmaud.drv
0x00007ffcc1980000 - 0x00007ffcc1989000 	C:\Windows\SYSTEM32\ksuser.dll
0x00007ffcc6c50000 - 0x00007ffcc6c5a000 	C:\Windows\SYSTEM32\AVRT.dll
0x00007ffcc1e50000 - 0x00007ffcc1fd2000 	C:\Windows\SYSTEM32\AUDIOSES.DLL
0x00007ffc5a640000 - 0x00007ffc5a8a6000 	C:\Users\NukelordBrown\AppData\Local\Temp\de.fabmax.physx-jni\0.4.15\PhysX_64.dll
0x00007ffc596e0000 - 0x00007ffc598b7000 	C:\Users\NukelordBrown\AppData\Local\Temp\de.fabmax.physx-jni\0.4.15\PhysXCommon_64.dll
0x00007ffc65f90000 - 0x00007ffc6603a000 	C:\Users\NukelordBrown\AppData\Local\Temp\de.fabmax.physx-jni\0.4.15\PhysXCooking_64.dll
0x00007ffc63fc0000 - 0x00007ffc64051000 	C:\Users\NukelordBrown\AppData\Local\Temp\de.fabmax.physx-jni\0.4.15\PhysXFoundation_64.dll
0x00007ffc56b90000 - 0x00007ffc56d94000 	C:\Users\NukelordBrown\AppData\Local\Temp\de.fabmax.physx-jni\0.4.15\PhysXJniBindings_64.dll
0x00007ffc6e0b0000 - 0x00007ffc6e0bd000 	C:\Windows\SYSTEM32\msacm32.drv
0x00007ffc3ed50000 - 0x00007ffc3ed6e000 	C:\Windows\SYSTEM32\MSACM32.dll
0x00007ffcb92e0000 - 0x00007ffcb92eb000 	C:\Windows\SYSTEM32\midimap.dll
0x00007ffc2ec50000 - 0x00007ffc2ecb7000 	C:\ProgramData\A-Volute\A-Volute.Nahimic\Modules\Scheduled\x64\ProductInfo.dll
0x00007ffc9cd30000 - 0x00007ffc9cd73000 	C:\ProgramData\A-Volute\A-Volute.Nahimic\Modules\Scheduled\x64\ASM.Plugin.AudioDevProps2.dll
0x000000006a1f0000 - 0x000000006a388000 	C:\Games\CurseForge\Minecraft\Install\runtime\jre-legacy\windows-x64\jre-legacy\bin\awt.dll
0x00007ffcc4a90000 - 0x00007ffcc4b20000 	C:\Windows\SYSTEM32\apphelp.dll
0x00007ffcc5090000 - 0x00007ffcc50a4000 	C:\Windows\SYSTEM32\resourcepolicyclient.dll
0x00007ffc5f7a0000 - 0x00007ffc5f83c000 	C:\Users\NUKELO~1\AppData\Local\Temp\jna--1590639904\jna1876461625169101910.dll

VM Arguments:
jvm_args: -XX:HeapDumpPath=MojangTricksIntelDriversForPerformance_javaw.exe_minecraft.exe.heapdump -Dos.name=Windows 10 -Dos.version=10.0 -Xss1M -Djava.library.path=C:\Games\CurseForge\Minecraft\Install\bin\400bfa34b81004aabb21f7dd792d5eb2eb8d7b12 -Dminecraft.launcher.brand=minecraft-launcher -Dminecraft.launcher.version=2.4.79 -Xmx5088m -Xms256m -Dminecraft.applet.TargetDirectory=C:\Games\CurseForge\Minecraft\Instances\Blood-N-Wine-2 -Dfml.ignorePatchDiscrepancies=true -Dfml.ignoreInvalidMinecraftCertificates=true -Duser.language=en -Duser.country=US -Dlog4j.configurationFile=C:\Games\CurseForge\Minecraft\Install\assets\log_configs\client-1.12.xml 
java_command: cpw.mods.modlauncher.Launcher --username Nukelord420 --version forge-36.2.35 --gameDir C:\Games\CurseForge\Minecraft\Instances\Blood-N-Wine-2 --assetsDir C:\Games\CurseForge\Minecraft\Install\assets --assetIndex 1.16 --uuid 29e423c126c942d89e776772bd06df02 --accessToken eyJraWQiOiJhYzg0YSIsImFsZyI6IkhTMjU2In0.eyJ4dWlkIjoiMjUzNTQyODE5MjM2MjEyNiIsImFnZyI6IkFkdWx0Iiwic3ViIjoiZmNhNGVlNjItYzI4Zi00NzI0LWJkZTktNGU3ZDBiYWQ0ODBjIiwiYXV0aCI6IlhCT1giLCJucyI6ImRlZmF1bHQiLCJyb2xlcyI6W10sImlzcyI6ImF1dGhlbnRpY2F0aW9uIiwiZmxhZ3MiOlsidHdvZmFjdG9yYXV0aCIsIm9yZGVyc18yMDIyIl0sInBsYXRmb3JtIjoiUENfTEFVTkNIRVIiLCJ5dWlkIjoiN2E0ZDMwMTk4Mjc4NDZjY2I2Y2Q3Y2Y4ODY3NDljMGUiLCJuYmYiOjE2ODU4NjIzMjksImV4cCI6MTY4NTk0ODcyOSwiaWF0IjoxNjg1ODYyMzI5fQ.a-f19PFfOXJWCo4PEHr4DiVRgdbtzzIG6wkroH3wjek --userType msa --versionType release --width 1024 --height 768 --launchTarget fmlclient --fml.forgeVersion 36.2.35 --fml.mcVersion 1.16.5 --fml.forgeGroup net.minecraftforge --fml.mcpVersion 20210115.111550
java_class_path (initial): C:\Games\CurseForge\Minecraft\Install\libraries\net\minecraftforge\forge\1.16.5-36.2.35\forge-1.16.5-36.2.35.jar;C:\Games\CurseForge\Minecraft\Install\libraries\org\ow2\asm\asm\9.1\asm-9.1.jar;C:\Games\CurseForge\Minecraft\Install\libraries\org\ow2\asm\asm-commons\9.1\asm-commons-9.1.jar;C:\Games\CurseForge\Minecraft\Install\libraries\org\ow2\asm\asm-tree\9.1\asm-tree-9.1.jar;C:\Games\CurseForge\Minecraft\Install\libraries\org\ow2\asm\asm-util\9.1\asm-util-9.1.jar;C:\Games\CurseForge\Minecraft\Install\libraries\org\ow2\asm\asm-analysis\9.1\asm-analysis-9.1.jar;C:\Games\CurseForge\Minecraft\Install\libraries\cpw\mods\modlauncher\8.1.3\modlauncher-8.1.3.jar;C:\Games\CurseForge\Minecraft\Install\libraries\cpw\mods\grossjava9hacks\1.3.3\grossjava9hacks-1.3.3.jar;C:\Games\CurseForge\Minecraft\Install\libraries\net\minecraftforge\accesstransformers\3.0.1\accesstransformers-3.0.1.jar;C:\Games\CurseForge\Minecraft\Install\libraries\org\antlr\antlr4-runtime\4.9.1\antlr4-runtime-4.9.1.jar;C:\Games\CurseForge\Minecraft\Install\libraries\net\minecraftforge\eventbus\4.0.0\eventbus-4.0.0.jar;C:\Games\CurseForge\Minecraft\Install\libraries\net\minecraftforge\forgespi\3.2.0\forgespi-3.2.0.jar;C:\Games\CurseForge\Minecraft\Install\libraries\net\minecraftforge\coremods\4.0.6\coremods-4.0.6.jar;C:\Games\CurseForge\Minecraft\Install\libraries\net\minecraftforge\unsafe\0.2.0\unsafe-0.2.0.jar;C:\Games\CurseForge\Minecraft\Install\libraries\com\electronwill\night-config\core\3.6.3\core-3.6.3.jar;C:\Games\CurseForge\Minecraft\Install\libraries\com\electronwill\night-config\toml\3.6.3\toml-3.6.3.jar;C:\Games\CurseForge\Minecraft\Install\libraries\org\jline\jline\3.12.1\jline-3.12.1.jar;C:\Games\CurseForge\Minecraft\Install\libraries\org\apache\maven\maven-artifact\3.6.3\maven-artifact-3.6.3.jar;C:\Games\CurseForge\Minecraft\Install\libraries\net\jodah\typetools\0.8.3\typetools-0.8.3.jar;C:\Games\CurseForge\Minecraft\Install\libraries\org\apache\logging\log4j\log
Launcher Type: SUN_STANDARD

Environment Variables:
PATH=C:\VulkanSDK\1.3.236.0\Bin;C:\Program Files (x86)\Razer Chroma SDK\bin;C:\Program Files\Razer Chroma SDK\bin;C:\Program Files\Common Files\Oracle\Java\javapath;C:\Program Files (x86)\Common Files\Oracle\Java\javapath;C:\Program Files (x86)\Razer\ChromaBroadcast\bin;C:\Program Files\Razer\ChromaBroadcast\bin;C:\Windows\system32;C:\Windows;C:\Windows\System32\Wbem;C:\Windows\System32\WindowsPowerShell\v1.0\;C:\Windows\System32\OpenSSH\;C:\Program Files (x86)\NVIDIA Corporation\PhysX\Common;C:\Program Files\NVIDIA Corporation\NVIDIA NvDLISR;C:\Program Files\PuTTY\;C:\Windows\system32\config\systemprofile\AppData\Local\Microsoft\WindowsApps;C:\Program Files\dotnet\;C:\Program Files\Common Files\Autodesk Shared\;C:\Program Files\Microsoft SQL Server\120\Tools\Binn\;G:\Bethesda-Game-Modding-Tools\Ruby26-x64\bin;C:\Users\NukelordBrown\AppData\Local\Programs\Python\Python310\Scripts\;C:\Users\NukelordBrown\AppData\Local\Programs\Python\Python310\;C:\Users\NukelordBrown\AppData\Local\Microsoft\WindowsApps;C:\Users\NukelordBrown\AppData\Local\Programs\Microsoft VS Code\bin;C:\Users\NukelordBrown\.dotnet\tools;C:\Users\NukelordBrown\AppData\Local\GitHubDesktop\bin;C:\Program Files\Perforce\;C:\Program Files\Git\cmd;G:\Bethesda-Game-Modding-Tools\Ruby26-x64\bin;C:\Users\NukelordBrown\AppData\Local\Programs\Python\Python310\Scripts\;C:\Users\NukelordBrown\AppData\Local\Programs\Python\Python310\;C:\Users\NukelordBrown\AppData\Local\Microsoft\WindowsApps;C:\Users\NukelordBrown\AppData\Local\Programs\Microsoft VS Code\bin;C:\Users\NukelordBrown\.dotnet\tools;C:\Users\NukelordBrown\AppData\Local\GitHubDesktop\bin
USERNAME=NukelordBrown
OS=Windows_NT
PROCESSOR_IDENTIFIER=AMD64 Family 25 Model 80 Stepping 0, AuthenticAMD



---------------  S Y S T E M  ---------------

OS: Windows 10.0 , 64 bit Build 19041 (10.0.19041.1806)

CPU:total 16 (16 cores per cpu, 1 threads per core) family 25 model 80 stepping 0, cmov, cx8, fxsr, mmx, sse, sse2, sse3, ssse3, sse4.1, sse4.2, popcnt, avx, avx2, aes, clmul, erms, mmxext, 3dnowpref, lzcnt, sse4a, tsc, tscinvbit, tscinv, bmi1

Memory: 4k page, physical 33402940k(10560020k free), swap 39694396k(8692936k free)

vm_info: Java HotSpot(TM) 64-Bit Server VM (25.51-b03) for windows-amd64 JRE (1.8.0_51-b16), built on Jun  8 2015 18:03:07 by "java_re" with MS VC++ 10.0 (VS2010)

time: Sun Jun 04 00:32:29 2023
elapsed time: 1613 seconds (0d 0h 26m 53s)

