#
# A fatal error has been detected by the Java Runtime Environment:
#
#  EXCEPTION_ACCESS_VIOLATION (0xc0000005) at pc=0x00007ffcdc373716, pid=26256, tid=25900
#
# JRE version: Java(TM) SE Runtime Environment (8.0_51-b16) (build 1.8.0_51-b16)
# Java VM: Java HotSpot(TM) 64-Bit Server VM (25.51-b03 mixed mode windows-amd64 compressed oops)
# Problematic frame:
# C  [PhysXJniBindings_64.dll+0x53716]
#
# Failed to write core dump. Minidumps are not enabled by default on client versions of Windows
#
# If you would like to submit a bug report, please visit:
#   http://bugreport.java.com/bugreport/crash.jsp
# The crash happened outside the Java Virtual Machine in native code.
# See problematic frame for where to report the bug.
#

---------------  T H R E A D  ---------------

Current thread (0x0000000002e94000):  JavaThread "Render thread" [_thread_in_native, id=25900, stack(0x0000000002d90000,0x0000000002e90000)]

siginfo: ExceptionCode=0xc0000005, reading address 0x0000000000000000

Registers:
RAX=0x0000000000000000, RBX=0x0000000000000018, RCX=0x0000000000000000, RDX=0x0000000000000000
RSP=0x0000000002e8e050, RBP=0x0000000002e8e100, RSI=0x0000000000000003, RDI=0x0000000000000000
R8 =0x0000000000000003, R9 =0x0000000026c0d100, R10=0x0000000002fa57c8, R11=0x00000000595a7bb0
R12=0x0000000000000000, R13=0x00000000464f30b8, R14=0x0000000002e8e120, R15=0x0000000002e94000
RIP=0x00007ffcdc373716, EFLAGS=0x0000000000010206

Top of Stack: (sp=0x0000000002e8e050)
0x0000000002e8e050:   000000003f74e113 0000000000000000
0x0000000002e8e060:   000000065942afe0 000000065942b020
0x0000000002e8e070:   00000000f8189005 00007ffcf9c24d3a
0x0000000002e8e080:   0000000002f97ced 0000000002fa57f4
0x0000000002e8e090:   00000000464f30b8 000000065942b150
0x0000000002e8e0a0:   0000000000000000 0000000002e8e110
0x0000000002e8e0b0:   00000000e014ac98 0000000000000000
0x0000000002e8e0c0:   0000000002e8e0c0 0000000000000000
0x0000000002e8e0d0:   0000000002e8e120 00000000464f5040
0x0000000002e8e0e0:   0000000000000000 00000000464f30b8
0x0000000002e8e0f0:   0000000000000000 0000000002e8e120
0x0000000002e8e100:   0000000002e8e168 0000000002f97800
0x0000000002e8e110:   00000006593b0ed0 0000000002f9f977
0x0000000002e8e120:   0000000000000003 0000000002e8e128
0x0000000002e8e130:   00000000464f3011 0000000002e8e178
0x0000000002e8e140:   00000000464f5040 0000000000000000 

Instructions: (pc=0x00007ffcdc373716)
0x00007ffcdc3736f6:   89 74 24 10 57 48 83 ec 30 48 8b fa 8b f1 ff 15
0x00007ffcdc373706:   86 3c 19 00 48 8b d8 ff 15 35 3c 19 00 48 8b c8
0x00007ffcdc373716:   4c 8b 00 41 ff 50 28 84 c0 75 09 48 8d 05 a0 5e
0x00007ffcdc373726:   12 00 eb 13 48 8d 15 8f 3f 19 00 48 8d 0d 20 2d 


Register to memory mapping:

RAX=0x0000000000000000 is an unknown value
RBX=0x0000000000000018 is an unknown value
RCX=0x0000000000000000 is an unknown value
RDX=0x0000000000000000 is an unknown value
RSP=0x0000000002e8e050 is pointing into the stack for thread: 0x0000000002e94000
RBP=0x0000000002e8e100 is pointing into the stack for thread: 0x0000000002e94000
RSI=0x0000000000000003 is an unknown value
RDI=0x0000000000000000 is an unknown value
R8 =0x0000000000000003 is an unknown value
R9 =0x0000000026c0d100 is an unknown value
R10=0x0000000002fa57c8 is at code_begin+840 in an Interpreter codelet
method entry point (kind = native)  [0x0000000002fa5480, 0x0000000002fa5de0]  2400 bytes
R11=0x00000000595a7bb0 is an unknown value
R12=0x0000000000000000 is an unknown value
R13={method} {0x00000000464f30c0} '_DefaultCpuDispatcherCreate' '(I)J' in 'physx/PxTopLevelFunctions'
R14=0x0000000002e8e120 is pointing into the stack for thread: 0x0000000002e94000
R15=0x0000000002e94000 is a thread


Stack: [0x0000000002d90000,0x0000000002e90000],  sp=0x0000000002e8e050,  free space=1016k
Native frames: (J=compiled Java code, j=interpreted, Vv=VM code, C=native code)
C  [PhysXJniBindings_64.dll+0x53716]
C  0x0000000002fa57f4

Java frames: (J=compiled Java code, j=interpreted, Vv=VM code)
j  physx.PxTopLevelFunctions._DefaultCpuDispatcherCreate(I)J+0
j  physx.PxTopLevelFunctions.DefaultCpuDispatcherCreate(I)Lphysx/extensions/PxDefaultCpuDispatcher;+1
J 65026 C2 net.diebuddies.physics.PhysicsMod.getInstance(Lnet/minecraft/world/World;)Lnet/diebuddies/physics/PhysicsMod; (39 bytes) @ 0x0000000007c902bc [0x0000000007c8e400+0x1ebc]
J 65176 C2 net.minecraft.client.renderer.WorldRenderer.handler$bjc000$renderChunkLayerSolid(Lnet/minecraft/client/renderer/RenderType;Lcom/mojang/blaze3d/matrix/MatrixStack;DDDLorg/spongepowered/asm/mixin/injection/callback/CallbackInfo;)V (721 bytes) @ 0x000000000b18a634 [0x000000000b189a00+0xc34]
J 62225 C2 net.minecraft.client.renderer.WorldRenderer.func_228441_a_(Lnet/minecraft/client/renderer/RenderType;Lcom/mojang/blaze3d/matrix/MatrixStack;DDD)V (186 bytes) @ 0x000000000c4fe2bc [0x000000000c4fd820+0xa9c]
J 65215 C2 net.minecraft.client.renderer.WorldRenderer.func_228426_a_(Lcom/mojang/blaze3d/matrix/MatrixStack;FJZLnet/minecraft/client/renderer/ActiveRenderInfo;Lnet/minecraft/client/renderer/GameRenderer;Lnet/minecraft/client/renderer/LightTexture;Lnet/minecraft/util/math/vector/Matrix4f;)V (4063 bytes) @ 0x000000000d978908 [0x000000000d976480+0x2488]
J 65218 C2 net.minecraft.client.renderer.GameRenderer.func_228378_a_(FJLcom/mojang/blaze3d/matrix/MatrixStack;)V (707 bytes) @ 0x000000000d7c81d0 [0x000000000d7c6d00+0x14d0]
j  net.minecraft.client.renderer.GameRenderer.func_195458_a(FJZ)V+250
J 69033 C2 net.minecraft.client.Minecraft.func_195542_b(Z)V (1013 bytes) @ 0x000000000e24d5e4 [0x000000000e24bce0+0x1904]
j  net.minecraft.client.Minecraft.handler$cdg000$unloadWorldScreenshot(Lnet/minecraft/client/gui/screen/Screen;Lorg/spongepowered/asm/mixin/injection/callback/CallbackInfo;)V+21
j  net.minecraft.client.Minecraft.func_213231_b(Lnet/minecraft/client/gui/screen/Screen;)V+49
j  net.minecraft.client.Minecraft.func_213254_o()V+8
j  net.minecraft.client.Minecraft.func_71405_e()V+66
j  net.minecraft.client.main.Main.main([Ljava/lang/String;)V+1445
v  ~StubRoutines::call_stub
j  sun.reflect.NativeMethodAccessorImpl.invoke0(Ljava/lang/reflect/Method;Ljava/lang/Object;[Ljava/lang/Object;)Ljava/lang/Object;+0
j  sun.reflect.NativeMethodAccessorImpl.invoke(Ljava/lang/Object;[Ljava/lang/Object;)Ljava/lang/Object;+100
J 2387 C1 sun.reflect.DelegatingMethodAccessorImpl.invoke(Ljava/lang/Object;[Ljava/lang/Object;)Ljava/lang/Object; (10 bytes) @ 0x00000000038ce88c [0x00000000038ce780+0x10c]
J 2386 C1 java.lang.reflect.Method.invoke(Ljava/lang/Object;[Ljava/lang/Object;)Ljava/lang/Object; (62 bytes) @ 0x00000000038cf02c [0x00000000038cec40+0x3ec]
j  net.minecraftforge.fml.loading.FMLClientLaunchProvider.lambda$launchService$0(Lcpw/mods/modlauncher/api/ITransformingClassLoader;[Ljava/lang/String;)Ljava/lang/Void;+50
j  net.minecraftforge.fml.loading.FMLClientLaunchProvider$$Lambda$502.call()Ljava/lang/Object;+12
j  cpw.mods.modlauncher.LaunchServiceHandlerDecorator.launch([Ljava/lang/String;Lcpw/mods/modlauncher/api/ITransformingClassLoader;)V+11
j  cpw.mods.modlauncher.LaunchServiceHandler.launch(Ljava/lang/String;[Ljava/lang/String;Lcpw/mods/modlauncher/TransformingClassLoader;Lcpw/mods/modlauncher/LaunchPluginHandler;)V+57
j  cpw.mods.modlauncher.LaunchServiceHandler.launch(Lcpw/mods/modlauncher/ArgumentHandler;Lcpw/mods/modlauncher/TransformingClassLoader;Lcpw/mods/modlauncher/LaunchPluginHandler;)V+19
j  cpw.mods.modlauncher.Launcher.run([Ljava/lang/String;)V+116
j  cpw.mods.modlauncher.Launcher.main([Ljava/lang/String;)V+37
v  ~StubRoutines::call_stub

---------------  P R O C E S S  ---------------

Java Threads: ( => current thread )
  0x0000000026b0c000 JavaThread "Worker-Main-107" daemon [_thread_blocked, id=19224, stack(0x00000000d4b00000,0x00000000d4c00000)]
  0x000000004735f000 JavaThread "Worker-Main-106" daemon [_thread_blocked, id=13820, stack(0x00000000d4a00000,0x00000000d4b00000)]
  0x0000000047359000 JavaThread "Worker-Main-105" daemon [_thread_blocked, id=6832, stack(0x00000000d4900000,0x00000000d4a00000)]
  0x0000000037c40000 JavaThread "Worker-Main-104" daemon [_thread_blocked, id=4964, stack(0x00000000d4800000,0x00000000d4900000)]
  0x0000000037c3e800 JavaThread "Worker-Main-103" daemon [_thread_blocked, id=17720, stack(0x00000000d3b20000,0x00000000d3c20000)]
  0x0000000105b6a800 JavaThread "Worker-Main-102" daemon [_thread_blocked, id=22376, stack(0x00000000d38a0000,0x00000000d39a0000)]
  0x0000000105b6f000 JavaThread "Worker-Main-101" daemon [_thread_blocked, id=26476, stack(0x00000000d2bd0000,0x00000000d2cd0000)]
  0x0000000105b61000 JavaThread "LavaPlayer Audio Thread" [_thread_in_native, id=21608, stack(0x00000000d26c0000,0x00000000d27c0000)]
  0x0000000105b60000 JavaThread "lava-daemon-pool-manager-24-thread-1" daemon [_thread_blocked, id=10156, stack(0x00000000d2200000,0x00000000d2300000)]
  0x0000000105b5e800 JavaThread "LavaPlayer Audio Thread" [_thread_in_native, id=2104, stack(0x00000000d1be0000,0x00000000d1ce0000)]
  0x0000000105b52000 JavaThread "lava-daemon-pool-manager-21-thread-1" daemon [_thread_blocked, id=5036, stack(0x00000000d1ae0000,0x00000000d1be0000)]
  0x000000003509e000 JavaThread "IO-Worker-100" [_thread_blocked, id=11544, stack(0x00000000d19e0000,0x00000000d1ae0000)]
  0x00000000350a4000 JavaThread "IO-Worker-99" [_thread_blocked, id=21104, stack(0x0000000062550000,0x0000000062650000)]
  0x0000000036a5f000 JavaThread "lava-daemon-pool-playback-16-thread-1" daemon [_thread_blocked, id=15344, stack(0x00000000d3c20000,0x00000000d3d20000)]
  0x0000000026f5d800 JavaThread "lava-daemon-pool-info-loader-17-thread-9" daemon [_thread_blocked, id=13244, stack(0x00000000d3a20000,0x00000000d3b20000)]
  0x0000000049ae7800 JavaThread "LavaPlayer Audio Thread" [_thread_in_native, id=9820, stack(0x00000000d3120000,0x00000000d3220000)]
  0x0000000049aed800 JavaThread "lava-daemon-pool-manager-18-thread-1" daemon [_thread_blocked, id=5132, stack(0x00000000d3020000,0x00000000d3120000)]
  0x0000000049aee000 JavaThread "LavaPlayer Audio Thread" [_thread_blocked, id=16196, stack(0x00000000d2f20000,0x00000000d3020000)]
  0x0000000105b6c000 JavaThread "lava-daemon-pool-manager-15-thread-1" daemon [_thread_blocked, id=14800, stack(0x00000000d2e20000,0x00000000d2f20000)]
  0x000000004734f000 JavaThread "lava-daemon-pool-playback-10-thread-1" daemon [_thread_blocked, id=22352, stack(0x0000000067490000,0x0000000067590000)]
  0x0000000036d78000 JavaThread "lava-daemon-pool-info-loader-11-thread-4" daemon [_thread_blocked, id=13732, stack(0x00000000d68b0000,0x00000000d69b0000)]
  0x000000004734e800 JavaThread "LavaPlayer Audio Thread" [_thread_in_native, id=27316, stack(0x00000000d64b0000,0x00000000d65b0000)]
  0x0000000047353800 JavaThread "lava-daemon-pool-manager-12-thread-1" daemon [_thread_blocked, id=23992, stack(0x00000000d63b0000,0x00000000d64b0000)]
  0x0000000047354800 JavaThread "LavaPlayer Audio Thread" [_thread_blocked, id=28628, stack(0x0000000061510000,0x0000000061610000)]
  0x0000000047344800 JavaThread "lava-daemon-pool-manager-9-thread-1" daemon [_thread_blocked, id=24360, stack(0x0000000031e40000,0x0000000031f40000)]
  0x0000000105b6a000 JavaThread "Chunk Render Task Executor #9" [_thread_blocked, id=16744, stack(0x00000000d16e0000,0x00000000d17e0000)]
  0x0000000105b67800 JavaThread "Chunk Render Task Executor #8" [_thread_blocked, id=13632, stack(0x00000000d15e0000,0x00000000d16e0000)]
  0x0000000105b6b800 JavaThread "Chunk Render Task Executor #7" [_thread_blocked, id=22068, stack(0x00000000d14e0000,0x00000000d15e0000)]
  0x0000000105b6d000 JavaThread "Chunk Render Task Executor #6" [_thread_blocked, id=6992, stack(0x00000000d13e0000,0x00000000d14e0000)]
  0x0000000105b64000 JavaThread "Chunk Render Task Executor #5" [_thread_blocked, id=24120, stack(0x00000000d12e0000,0x00000000d13e0000)]
  0x0000000105b67000 JavaThread "Chunk Render Task Executor #4" [_thread_blocked, id=8696, stack(0x00000000d11e0000,0x00000000d12e0000)]
  0x0000000105b64800 JavaThread "Chunk Render Task Executor #3" [_thread_blocked, id=28868, stack(0x00000000d10e0000,0x00000000d11e0000)]
  0x0000000105b69000 JavaThread "Chunk Render Task Executor #2" [_thread_blocked, id=21852, stack(0x00000000d0fe0000,0x00000000d10e0000)]
  0x0000000026b12000 JavaThread "Chunk Render Task Executor #1" [_thread_blocked, id=16184, stack(0x00000000cd820000,0x00000000cd920000)]
  0x0000000026b09000 JavaThread "Chunk Render Task Executor #0" [_thread_blocked, id=21984, stack(0x0000000066760000,0x0000000066860000)]
  0x00000000231d1800 JavaThread "Litematica Chunk Batcher 31" daemon [_thread_blocked, id=16368, stack(0x00000001a59b0000,0x00000001a5ab0000)]
  0x00000000231d4800 JavaThread "Litematica Chunk Batcher 30" daemon [_thread_blocked, id=25820, stack(0x00000001a58b0000,0x00000001a59b0000)]
  0x00000000231d1000 JavaThread "Litematica Chunk Batcher 29" daemon [_thread_blocked, id=6480, stack(0x00000001a57b0000,0x00000001a58b0000)]
  0x000000002ff39800 JavaThread "Litematica Chunk Batcher 28" daemon [_thread_blocked, id=14824, stack(0x00000001a56b0000,0x00000001a57b0000)]
  0x000000002ff34800 JavaThread "Litematica Chunk Batcher 27" daemon [_thread_blocked, id=14828, stack(0x00000001a55b0000,0x00000001a56b0000)]
  0x000000002ff38000 JavaThread "Litematica Chunk Batcher 26" daemon [_thread_blocked, id=26964, stack(0x00000001a54b0000,0x00000001a55b0000)]
  0x000000002ff2d000 JavaThread "Litematica Chunk Batcher 25" daemon [_thread_blocked, id=9356, stack(0x00000001a53b0000,0x00000001a54b0000)]
  0x0000000049f68000 JavaThread "Litematica Chunk Batcher 24" daemon [_thread_blocked, id=6304, stack(0x00000001a52b0000,0x00000001a53b0000)]
  0x0000000049f67000 JavaThread "Litematica Chunk Batcher 23" daemon [_thread_blocked, id=25448, stack(0x00000001a51b0000,0x00000001a52b0000)]
  0x0000000049f66800 JavaThread "Litematica Chunk Batcher 22" daemon [_thread_blocked, id=5048, stack(0x00000001a50b0000,0x00000001a51b0000)]
  0x0000000049f6d000 JavaThread "Litematica Chunk Batcher 21" daemon [_thread_blocked, id=2864, stack(0x00000001a4fb0000,0x00000001a50b0000)]
  0x0000000049f6c800 JavaThread "Litematica Chunk Batcher 20" daemon [_thread_blocked, id=18092, stack(0x00000001a4eb0000,0x00000001a4fb0000)]
  0x0000000049f69800 JavaThread "Litematica Chunk Batcher 19" daemon [_thread_blocked, id=6184, stack(0x00000001a4db0000,0x00000001a4eb0000)]
  0x0000000105b6e800 JavaThread "Litematica Chunk Batcher 18" daemon [_thread_blocked, id=25048, stack(0x00000001a4cb0000,0x00000001a4db0000)]
  0x0000000105b6d800 JavaThread "Litematica Chunk Batcher 17" daemon [_thread_blocked, id=6192, stack(0x00000001a4bb0000,0x00000001a4cb0000)]
  0x0000000105b57000 JavaThread "Litematica Chunk Batcher 16" daemon [_thread_blocked, id=24388, stack(0x00000000e38d0000,0x00000000e39d0000)]
  0x0000000105b63000 JavaThread "Sound engine" daemon [_thread_blocked, id=14252, stack(0x000000017bac0000,0x000000017bbc0000)]
  0x000000004735a800 JavaThread "Netty Server IO #3" daemon [_thread_in_native, id=2148, stack(0x00000000debc0000,0x00000000decc0000)]
  0x0000000047361800 JavaThread "Netty Local Client IO #1" daemon [_thread_blocked, id=9036, stack(0x00000000deac0000,0x00000000debc0000)]
  0x0000000047359800 JavaThread "Netty Server IO #2" daemon [_thread_in_native, id=4340, stack(0x00000000de9c0000,0x00000000deac0000)]
  0x0000000047352000 JavaThread "Thread-112" daemon [_thread_in_native, id=15760, stack(0x00000000cd420000,0x00000000cd520000)]
  0x0000000047350000 JavaThread "Server thread" [_thread_in_Java, id=2464, stack(0x000000004e060000,0x000000004e160000)]
  0x0000000047344000 JavaThread "Snooper Timer" daemon [_thread_blocked, id=8380, stack(0x0000000031ab0000,0x0000000031bb0000)]
  0x000000004734d800 JavaThread "Netty Client IO #3" daemon [_thread_in_native, id=11408, stack(0x0000000041460000,0x0000000041560000)]
  0x0000000047346000 JavaThread "Netty Client IO #2" daemon [_thread_in_native, id=22088, stack(0x0000000066860000,0x0000000066960000)]
  0x000000004734d000 JavaThread "Netty Client IO #1" daemon [_thread_in_native, id=3864, stack(0x0000000044240000,0x0000000044340000)]
  0x0000000047345800 JavaThread "Netty Client IO #0" daemon [_thread_in_native, id=29072, stack(0x0000000066250000,0x0000000066350000)]
  0x000000004734a800 JavaThread "Thread-108" daemon [_thread_in_native, id=24972, stack(0x0000000067590000,0x0000000067690000)]
  0x000000004734a000 JavaThread "Server Pinger #3" daemon [_thread_blocked, id=14024, stack(0x0000000067390000,0x0000000067490000)]
  0x0000000047349000 JavaThread "Server Pinger #2" daemon [_thread_blocked, id=23784, stack(0x0000000067290000,0x0000000067390000)]
  0x000000004734b800 JavaThread "Server Pinger #1" daemon [_thread_blocked, id=3652, stack(0x0000000048170000,0x0000000048270000)]
  0x0000000047348800 JavaThread "Server Pinger #0" daemon [_thread_blocked, id=20148, stack(0x0000000044440000,0x0000000044540000)]
  0x0000000105b5e000 JavaThread "pool-14-thread-1" [_thread_blocked, id=16020, stack(0x00000000cd120000,0x00000000cd220000)]
  0x0000000105b62800 JavaThread "Ice and Fire Pathfinding Worker #0" daemon [_thread_blocked, id=15908, stack(0x0000000060410000,0x0000000060510000)]
  0x0000000049ae9000 JavaThread "Narrator" [_thread_blocked, id=24304, stack(0x0000000169a80000,0x0000000169b80000)]
  0x0000000049aec800 JavaThread "Netty Server IO #1" daemon [_thread_in_native, id=19972, stack(0x00000000ab1d0000,0x00000000ab2d0000)]
  0x0000000049aec000 JavaThread "Netty Local Client IO #0" daemon [_thread_blocked, id=26744, stack(0x00000000ab0d0000,0x00000000ab1d0000)]
  0x0000000049ae4800 JavaThread "Netty Server IO #0" daemon [_thread_in_native, id=26740, stack(0x00000000aafd0000,0x00000000ab0d0000)]
  0x0000000049aeb000 JavaThread "ObjectCleanerThread" daemon [_thread_blocked, id=26752, stack(0x0000000044640000,0x0000000044740000)]
  0x0000000049ae9800 JavaThread "TF-Task-Worker-8" daemon [_thread_blocked, id=24684, stack(0x000000009fad0000,0x000000009fbd0000)]
  0x0000000049ae2000 JavaThread "TF-Task-Worker-7" daemon [_thread_blocked, id=13332, stack(0x000000009b130000,0x000000009b230000)]
  0x0000000049ae8000 JavaThread "TF-Task-Worker-6" daemon [_thread_blocked, id=19944, stack(0x000000009b030000,0x000000009b130000)]
  0x0000000049add800 JavaThread "TF-Task-Worker-5" daemon [_thread_blocked, id=12800, stack(0x000000009a8f0000,0x000000009a9f0000)]
  0x0000000049adf800 JavaThread "TF-Task-Worker-4" daemon [_thread_blocked, id=1204, stack(0x000000009a7f0000,0x000000009a8f0000)]
  0x0000000049ad9800 JavaThread "TF-Task-Worker-3" daemon [_thread_blocked, id=5964, stack(0x00000000991f0000,0x00000000992f0000)]
  0x0000000049adc800 JavaThread "TF-Task-Worker-2" daemon [_thread_blocked, id=22308, stack(0x00000000990f0000,0x00000000991f0000)]
  0x0000000049adc000 JavaThread "TF-Batch-Worker-16" daemon [_thread_blocked, id=23620, stack(0x0000000098ff0000,0x00000000990f0000)]
  0x0000000049ae0800 JavaThread "TF-Batch-Worker-15" daemon [_thread_blocked, id=23012, stack(0x0000000069ea0000,0x0000000069fa0000)]
  0x0000000049adf000 JavaThread "TF-Batch-Worker-14" daemon [_thread_blocked, id=24812, stack(0x0000000069da0000,0x0000000069ea0000)]
  0x0000000049ada800 JavaThread "TF-Batch-Worker-13" daemon [_thread_blocked, id=27936, stack(0x0000000069ca0000,0x0000000069da0000)]
  0x0000000049ade000 JavaThread "TF-Batch-Worker-12" daemon [_thread_blocked, id=19024, stack(0x0000000069ba0000,0x0000000069ca0000)]
  0x0000000049ad2000 JavaThread "TF-Batch-Worker-11" daemon [_thread_blocked, id=26736, stack(0x0000000069200000,0x0000000069300000)]
  0x0000000049ad8000 JavaThread "TF-Batch-Worker-10" daemon [_thread_blocked, id=25168, stack(0x0000000069100000,0x0000000069200000)]
  0x0000000049ad6000 JavaThread "TF-Batch-Worker-9" daemon [_thread_blocked, id=2244, stack(0x0000000065e30000,0x0000000065f30000)]
  0x0000000049ad9000 JavaThread "TF-Batch-Worker-8" daemon [_thread_blocked, id=23568, stack(0x0000000063050000,0x0000000063150000)]
  0x0000000049ad4800 JavaThread "TF-Batch-Worker-7" daemon [_thread_blocked, id=12940, stack(0x0000000062f50000,0x0000000063050000)]
  0x0000000049ad5000 JavaThread "TF-Batch-Worker-6" daemon [_thread_blocked, id=10812, stack(0x0000000062e50000,0x0000000062f50000)]
  0x0000000049ad1800 JavaThread "TF-Batch-Worker-5" daemon [_thread_blocked, id=11900, stack(0x0000000062d50000,0x0000000062e50000)]
  0x0000000049ad0800 JavaThread "TF-Batch-Worker-4" daemon [_thread_blocked, id=5216, stack(0x0000000062c50000,0x0000000062d50000)]
  0x0000000049ad3800 JavaThread "TF-Batch-Worker-3" daemon [_thread_blocked, id=6280, stack(0x0000000062b50000,0x0000000062c50000)]
  0x0000000049ad7800 JavaThread "TF-Batch-Worker-2" daemon [_thread_blocked, id=22828, stack(0x0000000062a50000,0x0000000062b50000)]
  0x0000000049ad6800 JavaThread "TF-Batch-Worker-1" daemon [_thread_blocked, id=6004, stack(0x0000000062950000,0x0000000062a50000)]
  0x0000000049ad0000 JavaThread "TF-Task-Worker-1" daemon [_thread_blocked, id=19552, stack(0x0000000062850000,0x0000000062950000)]
  0x000000002ff33000 JavaThread "spark-worker-pool-2-thread-1" daemon [_thread_blocked, id=29496, stack(0x00000000583b0000,0x00000000584b0000)]
  0x000000002ff39000 JavaThread "Thread-68" daemon [_thread_in_native, id=1332, stack(0x0000000052320000,0x0000000052420000)]
  0x00000000339fa000 JavaThread "Snooper Timer" daemon [_thread_blocked, id=7556, stack(0x0000000043e40000,0x0000000043f40000)]
  0x000000002ff37800 JavaThread "TF-Scheduler" [_thread_blocked, id=24928, stack(0x0000000028ab0000,0x0000000028bb0000)]
  0x0000000037c3b800 JavaThread "spark-worker-pool-1-thread-4" daemon [_thread_blocked, id=19720, stack(0x000000003e500000,0x000000003e600000)]
  0x0000000037c3c800 JavaThread "lava-daemon-pool-playback-4-thread-1" daemon [_thread_blocked, id=23408, stack(0x000000003e380000,0x000000003e480000)]
  0x0000000036d7c000 JavaThread "spark-worker-pool-1-thread-3" daemon [_thread_blocked, id=18640, stack(0x0000000044540000,0x0000000044640000)]
  0x0000000036d7d800 JavaThread "Thread-62" daemon [_thread_blocked, id=29412, stack(0x0000000075f30000,0x0000000076030000)]
  0x0000000036d6f000 JavaThread "Java2D Disposer" daemon [_thread_blocked, id=16208, stack(0x0000000075a60000,0x0000000075b60000)]
  0x0000000036d7b000 JavaThread "Thread-60" daemon [_thread_blocked, id=29464, stack(0x0000000075b90000,0x0000000075c90000)]
  0x0000000036d72000 JavaThread "spark-worker-pool-1-thread-2" daemon [_thread_blocked, id=29472, stack(0x0000000076370000,0x0000000076470000)]
  0x0000000036d71000 JavaThread "spark-worker-pool-1-thread-1" daemon [_thread_blocked, id=29468, stack(0x0000000076490000,0x0000000076590000)]
  0x0000000036d77000 JavaThread "spark-monitor" daemon [_thread_blocked, id=14392, stack(0x0000000075760000,0x0000000075860000)]
  0x0000000036d76800 JavaThread "pool-5-thread-1" [_thread_blocked, id=15336, stack(0x0000000027ac0000,0x0000000027bc0000)]
  0x0000000036d75000 JavaThread "Thread-56" daemon [_thread_in_native, id=28464, stack(0x00000000700c0000,0x00000000701c0000)]
  0x0000000036d74000 JavaThread "Thread-55" daemon [_thread_in_native, id=13356, stack(0x000000006bd70000,0x000000006be70000)]
  0x0000000036d72800 JavaThread "Thread-54" daemon [_thread_in_native, id=13648, stack(0x000000006ae30000,0x000000006af30000)]
  0x0000000035096800 JavaThread "Thread-53" daemon [_thread_in_native, id=10244, stack(0x000000006a620000,0x000000006a720000)]
  0x0000000035099800 JavaThread "Thread-52" daemon [_thread_in_native, id=2168, stack(0x000000005bfe0000,0x000000005c0e0000)]
  0x00000000350a2800 JavaThread "Thread-51" daemon [_thread_in_native, id=12952, stack(0x0000000058900000,0x0000000058a00000)]
  0x00000000350a3000 JavaThread "Thread-50" daemon [_thread_in_native, id=10028, stack(0x0000000058800000,0x0000000058900000)]
  0x00000000350a1000 JavaThread "Narrator" [_thread_blocked, id=15352, stack(0x0000000057b00000,0x0000000057c00000)]
  0x0000000035097000 JavaThread "Config Lib config file watcher" daemon [_thread_blocked, id=6436, stack(0x0000000057660000,0x0000000057760000)]
  0x000000003509b000 JavaThread "Thread-47" daemon [_thread_in_native, id=6736, stack(0x0000000057800000,0x0000000057900000)]
  0x0000000033a00800 JavaThread "pool-4-thread-16" [_thread_blocked, id=8472, stack(0x0000000051a20000,0x0000000051b20000)]
  0x0000000036a61000 JavaThread "pool-4-thread-15" [_thread_blocked, id=4984, stack(0x0000000051500000,0x0000000051600000)]
  0x0000000036a62000 JavaThread "pool-4-thread-14" [_thread_blocked, id=4724, stack(0x0000000051400000,0x0000000051500000)]
  0x0000000036a60800 JavaThread "pool-4-thread-13" [_thread_blocked, id=25132, stack(0x0000000051100000,0x0000000051200000)]
  0x0000000036a5e000 JavaThread "pool-4-thread-12" [_thread_blocked, id=4528, stack(0x0000000051000000,0x0000000051100000)]
  0x0000000036a5d800 JavaThread "pool-4-thread-11" [_thread_blocked, id=4604, stack(0x00000000506c0000,0x00000000507c0000)]
  0x0000000036a55000 JavaThread "pool-4-thread-10" [_thread_blocked, id=4904, stack(0x00000000505c0000,0x00000000506c0000)]
  0x0000000036a5b800 JavaThread "Thread-45" daemon [_thread_in_native, id=964, stack(0x00000000504c0000,0x00000000505c0000)]
  0x0000000036a5b000 JavaThread "Thread-44" daemon [_thread_in_native, id=8676, stack(0x00000000503c0000,0x00000000504c0000)]
  0x0000000036a5a000 JavaThread "Thread-43" daemon [_thread_in_native, id=8704, stack(0x00000000502c0000,0x00000000503c0000)]
  0x0000000036a53800 JavaThread "Thread-42" daemon [_thread_in_native, id=10808, stack(0x00000000501c0000,0x00000000502c0000)]
  0x0000000036a52800 JavaThread "Thread-41" daemon [_thread_in_native, id=7800, stack(0x00000000500c0000,0x00000000501c0000)]
  0x0000000036a57000 JavaThread "pool-4-thread-9" [_thread_blocked, id=1852, stack(0x000000004fdc0000,0x000000004fec0000)]
  0x0000000036a55800 JavaThread "Thread-40" daemon [_thread_in_native, id=12224, stack(0x000000004fcc0000,0x000000004fdc0000)]
  0x0000000036a59800 JavaThread "Thread-39" daemon [_thread_in_native, id=12048, stack(0x000000004fbc0000,0x000000004fcc0000)]
  0x0000000036a58800 JavaThread "Thread-38" daemon [_thread_in_native, id=12024, stack(0x000000004d8b0000,0x000000004d9b0000)]
  0x0000000036a56800 JavaThread "Thread-37" daemon [_thread_in_native, id=12028, stack(0x000000004f850000,0x000000004f950000)]
  0x00000000231d6000 JavaThread "Thread-36" daemon [_thread_in_native, id=12036, stack(0x000000004f5a0000,0x000000004f6a0000)]
  0x0000000026f5f000 JavaThread "pool-4-thread-8" [_thread_blocked, id=3280, stack(0x000000004f750000,0x000000004f850000)]
  0x0000000033a05000 JavaThread "Thread-35" daemon [_thread_in_native, id=12032, stack(0x000000004e9a0000,0x000000004eaa0000)]
  0x0000000033a04800 JavaThread "pool-4-thread-7" [_thread_blocked, id=3284, stack(0x000000004f4a0000,0x000000004f5a0000)]
  0x0000000033a03000 JavaThread "pool-4-thread-6" [_thread_blocked, id=25360, stack(0x000000004f3a0000,0x000000004f4a0000)]
  0x0000000033a02000 JavaThread "pool-4-thread-5" [_thread_blocked, id=9984, stack(0x000000004f180000,0x000000004f280000)]
  0x0000000033a03800 JavaThread "Thread-34" daemon [_thread_in_native, id=3760, stack(0x000000004f2a0000,0x000000004f3a0000)]
  0x0000000033a01800 JavaThread "Thread-33" daemon [_thread_in_native, id=3232, stack(0x000000004e260000,0x000000004e360000)]
  0x00000000339f9000 JavaThread "Thread-31" daemon [_thread_in_native, id=8720, stack(0x000000004e640000,0x000000004e740000)]
  0x0000000033a00000 JavaThread "pool-4-thread-4" [_thread_blocked, id=3696, stack(0x000000004e160000,0x000000004e260000)]
  0x00000000339f8800 JavaThread "pool-4-thread-3" [_thread_blocked, id=11036, stack(0x0000000048ee0000,0x0000000048fe0000)]
  0x00000000339ff000 JavaThread "Thread-30" daemon [_thread_in_native, id=11044, stack(0x00000000487e0000,0x00000000488e0000)]
  0x00000000339f7800 JavaThread "pool-4-thread-2" [_thread_blocked, id=26532, stack(0x000000004d290000,0x000000004d390000)]
  0x00000000339fe800 JavaThread "pool-4-thread-1" [_thread_blocked, id=10104, stack(0x000000004d190000,0x000000004d290000)]
  0x00000000339fd800 JavaThread "Thread-29" daemon [_thread_in_native, id=22244, stack(0x000000004d7b0000,0x000000004d8b0000)]
  0x00000000339f6000 JavaThread "Thread-28" daemon [_thread_in_native, id=10108, stack(0x000000004cc70000,0x000000004cd70000)]
  0x00000000339fc000 JavaThread "Thread-27" daemon [_thread_blocked, id=2360, stack(0x000000004b510000,0x000000004b610000)]
  0x00000000339fb800 JavaThread "Java Sound Event Dispatcher" daemon [_thread_in_native, id=22284, stack(0x0000000048bc0000,0x0000000048cc0000)]
  0x00000000339fa800 JavaThread "Thread-25" daemon [_thread_blocked, id=2072, stack(0x00000000476a0000,0x00000000477a0000)]
  0x0000000026b10000 JavaThread "lava-daemon-pool-info-loader-5-thread-5" daemon [_thread_blocked, id=27208, stack(0x0000000047ce0000,0x0000000047de0000)]
  0x0000000026b05000 JavaThread "LavaPlayer Audio Thread" daemon [_thread_blocked, id=29516, stack(0x00000000462a0000,0x00000000463a0000)]
  0x0000000026b0b800 JavaThread "lava-daemon-pool-manager-6-thread-1" daemon [_thread_blocked, id=15888, stack(0x00000000461a0000,0x00000000462a0000)]
  0x0000000026b0a800 JavaThread "LavaPlayer Audio Thread" daemon [_thread_blocked, id=20660, stack(0x0000000045740000,0x0000000045840000)]
  0x0000000026b0a000 JavaThread "Thread-24" daemon [_thread_in_native, id=21652, stack(0x0000000044f40000,0x0000000045040000)]
  0x0000000026b03000 JavaThread "lava-daemon-pool-manager-3-thread-1" daemon [_thread_blocked, id=22852, stack(0x0000000045240000,0x0000000045340000)]
  0x000000002ff2d800 JavaThread "Snooper Timer" daemon [_thread_blocked, id=29508, stack(0x00000000313c0000,0x00000000314c0000)]
  0x000000002ff2b800 JavaThread "Timer hack thread" daemon [_thread_blocked, id=5760, stack(0x0000000031030000,0x0000000031130000)]
  0x0000000026f55000 JavaThread "Thread-20" daemon [_thread_in_native, id=5908, stack(0x000000003a180000,0x000000003a280000)]
  0x0000000026f5b000 JavaThread "Thread-19" daemon [_thread_in_native, id=27556, stack(0x000000003a080000,0x000000003a180000)]
  0x0000000026f5a800 JavaThread "Thread-18" daemon [_thread_in_native, id=28792, stack(0x0000000039f80000,0x000000003a080000)]
  0x0000000026f5c000 JavaThread "Thread-17" daemon [_thread_in_native, id=28760, stack(0x0000000039e80000,0x0000000039f80000)]
  0x0000000026f59000 JavaThread "Thread-16" daemon [_thread_in_native, id=28712, stack(0x0000000039d80000,0x0000000039e80000)]
  0x0000000026f57800 JavaThread "Thread-15" daemon [_thread_in_native, id=25100, stack(0x0000000039c80000,0x0000000039d80000)]
  0x0000000026f59800 JavaThread "Thread-14" daemon [_thread_in_native, id=5448, stack(0x0000000039b80000,0x0000000039c80000)]
  0x0000000026f51800 JavaThread "Thread-13" daemon [_thread_in_native, id=5492, stack(0x0000000039a80000,0x0000000039b80000)]
  0x0000000026f54800 JavaThread "Thread-12" daemon [_thread_in_native, id=1924, stack(0x0000000039980000,0x0000000039a80000)]
  0x0000000026f56800 JavaThread "Thread-11" daemon [_thread_in_native, id=26856, stack(0x0000000039880000,0x0000000039980000)]
  0x0000000026f56000 JavaThread "Thread-10" daemon [_thread_in_native, id=28888, stack(0x0000000039780000,0x0000000039880000)]
  0x0000000026f58000 JavaThread "Thread-9" daemon [_thread_in_native, id=26588, stack(0x0000000032250000,0x0000000032350000)]
  0x0000000026f53000 JavaThread "Thread-8" daemon [_thread_in_native, id=26592, stack(0x0000000032150000,0x0000000032250000)]
  0x0000000026f50800 JavaThread "Thread-7" daemon [_thread_in_native, id=26616, stack(0x0000000032050000,0x0000000032150000)]
  0x0000000026f52000 JavaThread "Thread-6" daemon [_thread_in_native, id=26612, stack(0x0000000031f50000,0x0000000032050000)]
  0x0000000026f53800 JavaThread "Thread-5" daemon [_thread_in_native, id=26608, stack(0x00000000312c0000,0x00000000313c0000)]
  0x00000000231d0000 JavaThread "Thread-4" daemon [_thread_in_native, id=26560, stack(0x000000002ef40000,0x000000002f040000)]
  0x0000000026953000 JavaThread "Thread-2" daemon [_thread_in_native, id=29444, stack(0x00000000280c0000,0x00000000281c0000)]
  0x0000000026952000 JavaThread "Thread-1" daemon [_thread_blocked, id=29440, stack(0x0000000027fc0000,0x00000000280c0000)]
  0x0000000023250000 JavaThread "Service Thread" daemon [_thread_blocked, id=2620, stack(0x00000000259b0000,0x0000000025ab0000)]
  0x00000000231d5800 JavaThread "C1 CompilerThread11" daemon [_thread_blocked, id=23480, stack(0x00000000258b0000,0x00000000259b0000)]
  0x00000000231d2800 JavaThread "C1 CompilerThread10" daemon [_thread_blocked, id=22540, stack(0x00000000257b0000,0x00000000258b0000)]
  0x00000000231d4000 JavaThread "C1 CompilerThread9" daemon [_thread_blocked, id=9888, stack(0x00000000256b0000,0x00000000257b0000)]
  0x00000000231a7000 JavaThread "C1 CompilerThread8" daemon [_thread_blocked, id=5948, stack(0x00000000254b0000,0x00000000255b0000)]
  0x0000000023184000 JavaThread "C2 CompilerThread7" daemon [_thread_blocked, id=6188, stack(0x00000000253b0000,0x00000000254b0000)]
  0x0000000023183000 JavaThread "C2 CompilerThread6" daemon [_thread_blocked, id=17752, stack(0x00000000252b0000,0x00000000253b0000)]
  0x000000002317a800 JavaThread "C2 CompilerThread5" daemon [_thread_blocked, id=26016, stack(0x00000000251b0000,0x00000000252b0000)]
  0x0000000023175800 JavaThread "C2 CompilerThread4" daemon [_thread_blocked, id=5928, stack(0x00000000250b0000,0x00000000251b0000)]
  0x000000002316d000 JavaThread "C2 CompilerThread3" daemon [_thread_blocked, id=23572, stack(0x0000000024fb0000,0x00000000250b0000)]
  0x0000000023166000 JavaThread "C2 CompilerThread2" daemon [_thread_blocked, id=12840, stack(0x0000000024eb0000,0x0000000024fb0000)]
  0x0000000023162000 JavaThread "C2 CompilerThread1" daemon [_thread_blocked, id=20060, stack(0x0000000024db0000,0x0000000024eb0000)]
  0x0000000023160000 JavaThread "C2 CompilerThread0" daemon [_thread_blocked, id=3144, stack(0x0000000024cb0000,0x0000000024db0000)]
  0x000000002315f800 JavaThread "Attach Listener" daemon [_thread_blocked, id=2600, stack(0x0000000024bb0000,0x0000000024cb0000)]
  0x000000002315b800 JavaThread "Signal Dispatcher" daemon [_thread_blocked, id=2928, stack(0x0000000024ab0000,0x0000000024bb0000)]
  0x00000000216d3000 JavaThread "Finalizer" daemon [_thread_blocked, id=2200, stack(0x00000000249b0000,0x0000000024ab0000)]
  0x00000000216ca800 JavaThread "Reference Handler" daemon [_thread_blocked, id=2020, stack(0x00000000248b0000,0x00000000249b0000)]
=>0x0000000002e94000 JavaThread "Render thread" [_thread_in_native, id=25900, stack(0x0000000002d90000,0x0000000002e90000)]

Other Threads:
  0x0000000023124000 VMThread [stack: 0x00000000247b0000,0x00000000248b0000] [id=1700]
  0x0000000023251000 WatcherThread [stack: 0x0000000025ab0000,0x0000000025bb0000] [id=2680]

VM state:not at safepoint (normal execution)

VM Mutex/Monitor currently owned by a thread: None

Heap:
 PSYoungGen      total 2063360K, used 866749K [0x0000000742000000, 0x00000007c0000000, 0x00000007c0000000)
  eden space 2062336K, 42% used [0x0000000742000000,0x0000000776de1df0,0x00000007bfe00000)
  from space 1024K, 56% used [0x00000007bff00000,0x00000007bff90000,0x00000007c0000000)
  to   space 1024K, 0% used [0x00000007bfe00000,0x00000007bfe00000,0x00000007bff00000)
 ParOldGen       total 2747392K, used 2538108K [0x0000000646000000, 0x00000006edb00000, 0x0000000742000000)
  object space 2747392K, 92% used [0x0000000646000000,0x00000006e0e9f360,0x00000006edb00000)
 Metaspace       used 282830K, capacity 327259K, committed 327448K, reserved 1316864K
  class space    used 48019K, capacity 59139K, committed 59160K, reserved 1048576K

Card table byte_map: [0x0000000012350000,0x0000000012f30000] byte_map_base: 0x000000000f120000

Marking Bits: (ParMarkBitMap*) 0x0000000059b84040
 Begin Bits: [0x0000000014410000, 0x000000001a290000)
 End Bits:   [0x000000001a290000, 0x0000000020110000)

Polling page: 0x00000000009d0000

CodeCache: size=245760Kb used=179605Kb max_used=181956Kb free=66154Kb
 bounds [0x0000000002f90000, 0x000000000e2a0000, 0x0000000011f90000]
 total_blobs=48296 nmethods=45441 adapters=2754
 compilation: enabled

Compilation events (10 events):
Event: 2244.630 Thread 0x00000000231d2800 69512       1       net.minecraft.block.PoweredRailBlock::func_176560_l (4 bytes)
Event: 2244.630 Thread 0x00000000231d2800 nmethod 69512 0x00000000065ab950 code [0x00000000065abaa0, 0x00000000065abbb0]
Event: 2244.683 Thread 0x00000000231a7000 69513       1       net.minecraft.block.EnderChestBlock::func_220053_a (4 bytes)
Event: 2244.683 Thread 0x00000000231a7000 nmethod 69513 0x000000000c2af750 code [0x000000000c2af8a0, 0x000000000c2af9b0]
Event: 2244.848 Thread 0x0000000023162000 69514   !   4       cpw.mods.modlauncher.api.LamdbaExceptionUtils::uncheck (14 bytes)
Event: 2244.848 Thread 0x0000000023183000 69515       4       sun.security.provider.SHA::implReset (41 bytes)
Event: 2244.850 Thread 0x0000000023162000 nmethod 69514 0x000000000a73efd0 code [0x000000000a73f100, 0x000000000a73f158]
Event: 2244.850 Thread 0x0000000023183000 nmethod 69515 0x000000000c84e850 code [0x000000000c84e980, 0x000000000c84ea38]
Event: 2244.865 Thread 0x0000000023184000 69516   !   4       java.io.LineNumberReader::readLine (44 bytes)
Event: 2244.867 Thread 0x0000000023184000 nmethod 69516 0x000000000dcf7ad0 code [0x000000000dcf7c20, 0x000000000dcf7f48]

GC Heap History (10 events):
Event: 2220.238 GC heap before
{Heap before GC invocations=453 (full 11):
 PSYoungGen      total 2063360K, used 2062944K [0x0000000742000000, 0x00000007c0000000, 0x00000007c0000000)
  eden space 2062336K, 100% used [0x0000000742000000,0x00000007bfe00000,0x00000007bfe00000)
  from space 1024K, 59% used [0x00000007bfe00000,0x00000007bfe98000,0x00000007bff00000)
  to   space 1024K, 0% used [0x00000007bff00000,0x00000007bff00000,0x00000007c0000000)
 ParOldGen       total 2747392K, used 2537796K [0x0000000646000000, 0x00000006edb00000, 0x0000000742000000)
  object space 2747392K, 92% used [0x0000000646000000,0x00000006e0e51360,0x00000006edb00000)
 Metaspace       used 282725K, capacity 326989K, committed 327192K, reserved 1316864K
  class space    used 47992K, capacity 59096K, committed 59160K, reserved 1048576K
Event: 2220.248 GC heap after
Heap after GC invocations=453 (full 11):
 PSYoungGen      total 2063360K, used 608K [0x0000000742000000, 0x00000007c0000000, 0x00000007c0000000)
  eden space 2062336K, 0% used [0x0000000742000000,0x0000000742000000,0x00000007bfe00000)
  from space 1024K, 59% used [0x00000007bff00000,0x00000007bff98000,0x00000007c0000000)
  to   space 1024K, 0% used [0x00000007bfe00000,0x00000007bfe00000,0x00000007bff00000)
 ParOldGen       total 2747392K, used 2537860K [0x0000000646000000, 0x00000006edb00000, 0x0000000742000000)
  object space 2747392K, 92% used [0x0000000646000000,0x00000006e0e61360,0x00000006edb00000)
 Metaspace       used 282725K, capacity 326989K, committed 327192K, reserved 1316864K
  class space    used 47992K, capacity 59096K, committed 59160K, reserved 1048576K
}
Event: 2225.706 GC heap before
{Heap before GC invocations=454 (full 11):
 PSYoungGen      total 2063360K, used 2062944K [0x0000000742000000, 0x00000007c0000000, 0x00000007c0000000)
  eden space 2062336K, 100% used [0x0000000742000000,0x00000007bfe00000,0x00000007bfe00000)
  from space 1024K, 59% used [0x00000007bff00000,0x00000007bff98000,0x00000007c0000000)
  to   space 1024K, 0% used [0x00000007bfe00000,0x00000007bfe00000,0x00000007bff00000)
 ParOldGen       total 2747392K, used 2537860K [0x0000000646000000, 0x00000006edb00000, 0x0000000742000000)
  object space 2747392K, 92% used [0x0000000646000000,0x00000006e0e61360,0x00000006edb00000)
 Metaspace       used 282725K, capacity 326989K, committed 327192K, reserved 1316864K
  class space    used 47992K, capacity 59096K, committed 59160K, reserved 1048576K
Event: 2225.720 GC heap after
Heap after GC invocations=454 (full 11):
 PSYoungGen      total 2063360K, used 576K [0x0000000742000000, 0x00000007c0000000, 0x00000007c0000000)
  eden space 2062336K, 0% used [0x0000000742000000,0x0000000742000000,0x00000007bfe00000)
  from space 1024K, 56% used [0x00000007bfe00000,0x00000007bfe90000,0x00000007bff00000)
  to   space 1024K, 0% used [0x00000007bff00000,0x00000007bff00000,0x00000007c0000000)
 ParOldGen       total 2747392K, used 2537924K [0x0000000646000000, 0x00000006edb00000, 0x0000000742000000)
  object space 2747392K, 92% used [0x0000000646000000,0x00000006e0e71360,0x00000006edb00000)
 Metaspace       used 282725K, capacity 326989K, committed 327192K, reserved 1316864K
  class space    used 47992K, capacity 59096K, committed 59160K, reserved 1048576K
}
Event: 2231.900 GC heap before
{Heap before GC invocations=455 (full 11):
 PSYoungGen      total 2063360K, used 2062912K [0x0000000742000000, 0x00000007c0000000, 0x00000007c0000000)
  eden space 2062336K, 100% used [0x0000000742000000,0x00000007bfe00000,0x00000007bfe00000)
  from space 1024K, 56% used [0x00000007bfe00000,0x00000007bfe90000,0x00000007bff00000)
  to   space 1024K, 0% used [0x00000007bff00000,0x00000007bff00000,0x00000007c0000000)
 ParOldGen       total 2747392K, used 2537924K [0x0000000646000000, 0x00000006edb00000, 0x0000000742000000)
  object space 2747392K, 92% used [0x0000000646000000,0x00000006e0e71360,0x00000006edb00000)
 Metaspace       used 282725K, capacity 326989K, committed 327192K, reserved 1316864K
  class space    used 47992K, capacity 59096K, committed 59160K, reserved 1048576K
Event: 2231.912 GC heap after
Heap after GC invocations=455 (full 11):
 PSYoungGen      total 2063360K, used 544K [0x0000000742000000, 0x00000007c0000000, 0x00000007c0000000)
  eden space 2062336K, 0% used [0x0000000742000000,0x0000000742000000,0x00000007bfe00000)
  from space 1024K, 53% used [0x00000007bff00000,0x00000007bff88000,0x00000007c0000000)
  to   space 1024K, 0% used [0x00000007bfe00000,0x00000007bfe00000,0x00000007bff00000)
 ParOldGen       total 2747392K, used 2537996K [0x0000000646000000, 0x00000006edb00000, 0x0000000742000000)
  object space 2747392K, 92% used [0x0000000646000000,0x00000006e0e83360,0x00000006edb00000)
 Metaspace       used 282725K, capacity 326989K, committed 327192K, reserved 1316864K
  class space    used 47992K, capacity 59096K, committed 59160K, reserved 1048576K
}
Event: 2237.364 GC heap before
{Heap before GC invocations=456 (full 11):
 PSYoungGen      total 2063360K, used 2062880K [0x0000000742000000, 0x00000007c0000000, 0x00000007c0000000)
  eden space 2062336K, 100% used [0x0000000742000000,0x00000007bfe00000,0x00000007bfe00000)
  from space 1024K, 53% used [0x00000007bff00000,0x00000007bff88000,0x00000007c0000000)
  to   space 1024K, 0% used [0x00000007bfe00000,0x00000007bfe00000,0x00000007bff00000)
 ParOldGen       total 2747392K, used 2537996K [0x0000000646000000, 0x00000006edb00000, 0x0000000742000000)
  object space 2747392K, 92% used [0x0000000646000000,0x00000006e0e83360,0x00000006edb00000)
 Metaspace       used 282725K, capacity 326989K, committed 327192K, reserved 1316864K
  class space    used 47992K, capacity 59096K, committed 59160K, reserved 1048576K
Event: 2237.376 GC heap after
Heap after GC invocations=456 (full 11):
 PSYoungGen      total 2063360K, used 576K [0x0000000742000000, 0x00000007c0000000, 0x00000007c0000000)
  eden space 2062336K, 0% used [0x0000000742000000,0x0000000742000000,0x00000007bfe00000)
  from space 1024K, 56% used [0x00000007bfe00000,0x00000007bfe90000,0x00000007bff00000)
  to   space 1024K, 0% used [0x00000007bff00000,0x00000007bff00000,0x00000007c0000000)
 ParOldGen       total 2747392K, used 2538060K [0x0000000646000000, 0x00000006edb00000, 0x0000000742000000)
  object space 2747392K, 92% used [0x0000000646000000,0x00000006e0e93360,0x00000006edb00000)
 Metaspace       used 282725K, capacity 326989K, committed 327192K, reserved 1316864K
  class space    used 47992K, capacity 59096K, committed 59160K, reserved 1048576K
}
Event: 2242.598 GC heap before
{Heap before GC invocations=457 (full 11):
 PSYoungGen      total 2063360K, used 2062912K [0x0000000742000000, 0x00000007c0000000, 0x00000007c0000000)
  eden space 2062336K, 100% used [0x0000000742000000,0x00000007bfe00000,0x00000007bfe00000)
  from space 1024K, 56% used [0x00000007bfe00000,0x00000007bfe90000,0x00000007bff00000)
  to   space 1024K, 0% used [0x00000007bff00000,0x00000007bff00000,0x00000007c0000000)
 ParOldGen       total 2747392K, used 2538060K [0x0000000646000000, 0x00000006edb00000, 0x0000000742000000)
  object space 2747392K, 92% used [0x0000000646000000,0x00000006e0e93360,0x00000006edb00000)
 Metaspace       used 282725K, capacity 326989K, committed 327192K, reserved 1316864K
  class space    used 47992K, capacity 59096K, committed 59160K, reserved 1048576K
Event: 2242.611 GC heap after
Heap after GC invocations=457 (full 11):
 PSYoungGen      total 2063360K, used 576K [0x0000000742000000, 0x00000007c0000000, 0x00000007c0000000)
  eden space 2062336K, 0% used [0x0000000742000000,0x0000000742000000,0x00000007bfe00000)
  from space 1024K, 56% used [0x00000007bff00000,0x00000007bff90000,0x00000007c0000000)
  to   space 1024K, 0% used [0x00000007bfe00000,0x00000007bfe00000,0x00000007bff00000)
 ParOldGen       total 2747392K, used 2538108K [0x0000000646000000, 0x00000006edb00000, 0x0000000742000000)
  object space 2747392K, 92% used [0x0000000646000000,0x00000006e0e9f360,0x00000006edb00000)
 Metaspace       used 282725K, capacity 326989K, committed 327192K, reserved 1316864K
  class space    used 47992K, capacity 59096K, committed 59160K, reserved 1048576K
}

Deoptimization events (10 events):
Event: 2244.401 Thread 0x0000000047350000 Uncommon trap: reason=predicate action=maybe_recompile pc=0x0000000009c772cc method=net.minecraft.world.server.ChunkManager.func_223155_b(Ljava/util/function/BooleanSupplier;)V @ 116
Event: 2244.401 Thread 0x000000003509e000 Uncommon trap: reason=bimorphic action=maybe_recompile pc=0x000000000c9b5750 method=net.minecraft.world.chunk.storage.IOWorker.func_235972_a_(Lnet/minecraft/util/concurrent/ITaskExecutor;Ljava/util/function/Supplier;)V @ 12
Event: 2244.440 Thread 0x000000003509e000 Uncommon trap: reason=bimorphic action=maybe_recompile pc=0x000000000c9b5750 method=net.minecraft.world.chunk.storage.IOWorker.func_235972_a_(Lnet/minecraft/util/concurrent/ITaskExecutor;Ljava/util/function/Supplier;)V @ 12
Event: 2244.446 Thread 0x000000003509e000 Uncommon trap: reason=bimorphic action=maybe_recompile pc=0x000000000c9b5750 method=net.minecraft.world.chunk.storage.IOWorker.func_235972_a_(Lnet/minecraft/util/concurrent/ITaskExecutor;Ljava/util/function/Supplier;)V @ 12
Event: 2244.446 Thread 0x00000000350a4000 Uncommon trap: reason=bimorphic action=maybe_recompile pc=0x000000000c9b5750 method=net.minecraft.world.chunk.storage.IOWorker.func_235972_a_(Lnet/minecraft/util/concurrent/ITaskExecutor;Ljava/util/function/Supplier;)V @ 12
Event: 2244.548 Thread 0x0000000047350000 Uncommon trap: reason=predicate action=maybe_recompile pc=0x0000000008eb0d98 method=com.google.common.collect.HashBiMap.forEach(Ljava/util/function/BiConsumer;)V @ 14
Event: 2244.549 Thread 0x0000000047350000 Uncommon trap: reason=bimorphic action=maybe_recompile pc=0x000000000de350a0 method=com.google.common.collect.AbstractMapBasedMultimap$Itr.hasNext()Z @ 16
Event: 2244.551 Thread 0x0000000047350000 Uncommon trap: reason=bimorphic action=maybe_recompile pc=0x000000000de350a0 method=com.google.common.collect.AbstractMapBasedMultimap$Itr.hasNext()Z @ 16
Event: 2244.863 Thread 0x0000000002e94000 Uncommon trap: reason=uninitialized action=reinterpret pc=0x00000000099288e8 method=net.minecraft.client.renderer.GameRenderer.func_195458_a(FJZ)V @ 845
Event: 2244.873 Thread 0x0000000036d6e000 Uncommon trap: reason=unstable_if action=reinterpret pc=0x000000000dad26e4 method=dev.tr7zw.entityculling.CullTask.run()V @ 7

Internal exceptions (10 events):
Event: 2244.452 Thread 0x0000000047350000 Exception <a 'sun/nio/fs/WindowsException'> (0x00000007693fae08) thrown at [C:\re\workspace\8-2-build-windows-amd64-cygwin\jdk8u51\3951\hotspot\src\share\vm\prims\jni.cpp, line 709]
Event: 2244.452 Thread 0x0000000047350000 Exception <a 'sun/nio/fs/WindowsException'> (0x00000007693fb8c0) thrown at [C:\re\workspace\8-2-build-windows-amd64-cygwin\jdk8u51\3951\hotspot\src\share\vm\prims\jni.cpp, line 709]
Event: 2244.452 Thread 0x0000000047350000 Exception <a 'sun/nio/fs/WindowsException'> (0x00000007693fc260) thrown at [C:\re\workspace\8-2-build-windows-amd64-cygwin\jdk8u51\3951\hotspot\src\share\vm\prims\jni.cpp, line 709]
Event: 2244.522 Thread 0x0000000047350000 Exception <a 'sun/nio/fs/WindowsException'> (0x0000000769cd9278) thrown at [C:\re\workspace\8-2-build-windows-amd64-cygwin\jdk8u51\3951\hotspot\src\share\vm\prims\jni.cpp, line 709]
Event: 2244.523 Thread 0x0000000047350000 Exception <a 'sun/nio/fs/WindowsException'> (0x0000000769cd9a10) thrown at [C:\re\workspace\8-2-build-windows-amd64-cygwin\jdk8u51\3951\hotspot\src\share\vm\prims\jni.cpp, line 709]
Event: 2244.523 Thread 0x0000000047350000 Exception <a 'sun/nio/fs/WindowsException'> (0x0000000769cd9bf8) thrown at [C:\re\workspace\8-2-build-windows-amd64-cygwin\jdk8u51\3951\hotspot\src\share\vm\prims\jni.cpp, line 709]
Event: 2244.523 Thread 0x0000000047350000 Exception <a 'sun/nio/fs/WindowsException'> (0x0000000769cda270) thrown at [C:\re\workspace\8-2-build-windows-amd64-cygwin\jdk8u51\3951\hotspot\src\share\vm\prims\jni.cpp, line 709]
Event: 2244.523 Thread 0x0000000047350000 Exception <a 'sun/nio/fs/WindowsException'> (0x0000000769cdae38) thrown at [C:\re\workspace\8-2-build-windows-amd64-cygwin\jdk8u51\3951\hotspot\src\share\vm\prims\jni.cpp, line 709]
Event: 2244.530 Thread 0x0000000047350000 Exception <a 'java/lang/IncompatibleClassChangeError': Found class java.lang.Object, but interface was expected> (0x0000000769d34570) thrown at [C:\re\workspace\8-2-build-windows-amd64-cygwin\jdk8u51\3951\hotspot\src\share\vm\interpreter\linkResolver.cpp, ,้อนก@
Event: 2244.863 Thread 0x0000000002e94000 Exception <a 'java/lang/ClassNotFoundException': net.minecraftforge.fml.loading.FMLClientLaunchProvider$$Lambda$502/536674580> (0x0000000772b5fea0) thrown at [C:\re\workspace\8-2-build-windows-amd64-cygwin\jdk8u51\3951\hotspot\src\share\vm\prims\jni.cpp, lูGh็ก@

Events (10 events):
Event: 2244.863 loading class net/minecraft/client/renderer/GameRenderer
Event: 2244.863 loading class net/minecraft/client/renderer/GameRenderer done
Event: 2244.864 loading class net/minecraft/client/renderer/GameRenderer
Event: 2244.864 loading class net/minecraft/client/renderer/GameRenderer done
Event: 2244.864 loading class net/minecraft/client/renderer/GameRenderer
Event: 2244.864 loading class net/minecraft/client/renderer/GameRenderer done
Event: 2244.873 Thread 0x0000000036d6e000 Uncommon trap: trap_request=0xffffff65 fr.pc=0x000000000dad26e4
Event: 2244.873 Thread 0x0000000036d6e000 DEOPT PACKING pc=0x000000000dad26e4 sp=0x00000000709bef50
Event: 2244.873 Thread 0x0000000036d6e000 DEOPT UNPACKING pc=0x0000000002fd582a sp=0x00000000709bef48 mode 2
Event: 2244.873 Thread 0x0000000036d6e000 Thread exited: 0x0000000036d6e000


Dynamic libraries:
0x00007ff7ddb70000 - 0x00007ff7ddba7000 	C:\Games\CurseForge\Minecraft\Install\runtime\jre-legacy\windows-x64\jre-legacy\bin\javaw.exe
0x00007ffd62690000 - 0x00007ffd62888000 	C:\Windows\SYSTEM32\ntdll.dll
0x00007ffd60a70000 - 0x00007ffd60b2d000 	C:\Windows\System32\KERNEL32.DLL
0x00007ffd601c0000 - 0x00007ffd6048e000 	C:\Windows\System32\KERNELBASE.dll
0x00007ffd61450000 - 0x00007ffd614fe000 	C:\Windows\System32\ADVAPI32.dll
0x00007ffd61580000 - 0x00007ffd6161e000 	C:\Windows\System32\msvcrt.dll
0x00007ffd619f0000 - 0x00007ffd61a8c000 	C:\Windows\System32\sechost.dll
0x00007ffd607c0000 - 0x00007ffd608e5000 	C:\Windows\System32\RPCRT4.dll
0x00007ffd61620000 - 0x00007ffd617c0000 	C:\Windows\System32\USER32.dll
0x00007ffd5fdb0000 - 0x00007ffd5fdd2000 	C:\Windows\System32\win32u.dll
0x00007ffd62200000 - 0x00007ffd6222a000 	C:\Windows\System32\GDI32.dll
0x00007ffd5fde0000 - 0x00007ffd5feeb000 	C:\Windows\System32\gdi32full.dll
0x00007ffd60490000 - 0x00007ffd6052d000 	C:\Windows\System32\msvcp_win.dll
0x00007ffd60560000 - 0x00007ffd60660000 	C:\Windows\System32\ucrtbase.dll
0x00007ffd4efe0000 - 0x00007ffd4f27a000 	C:\Windows\WinSxS\amd64_microsoft.windows.common-controls_6595b64144ccf1df_6.0.19041.1110_none_60b5254171f9507e\COMCTL32.dll
0x00007ffd60bc0000 - 0x00007ffd60bf0000 	C:\Windows\System32\IMM32.DLL
0x000000005a250000 - 0x000000005a322000 	C:\Games\CurseForge\Minecraft\Install\runtime\jre-legacy\windows-x64\jre-legacy\bin\msvcr100.dll
0x0000000059380000 - 0x0000000059c03000 	C:\Games\CurseForge\Minecraft\Install\runtime\jre-legacy\windows-x64\jre-legacy\bin\server\jvm.dll
0x00007ffd60bb0000 - 0x00007ffd60bb8000 	C:\Windows\System32\PSAPI.DLL
0x00007ffd53b40000 - 0x00007ffd53b4a000 	C:\Windows\SYSTEM32\VERSION.dll
0x00007ffd59fd0000 - 0x00007ffd59fd9000 	C:\Windows\SYSTEM32\WSOCK32.dll
0x00007ffd51050000 - 0x00007ffd51077000 	C:\Windows\SYSTEM32\WINMM.dll
0x00007ffd61510000 - 0x00007ffd6157b000 	C:\Windows\System32\WS2_32.dll
0x000000005a240000 - 0x000000005a24f000 	C:\Games\CurseForge\Minecraft\Install\runtime\jre-legacy\windows-x64\jre-legacy\bin\verify.dll
0x000000005a210000 - 0x000000005a239000 	C:\Games\CurseForge\Minecraft\Install\runtime\jre-legacy\windows-x64\jre-legacy\bin\java.dll
0x000000005a1f0000 - 0x000000005a206000 	C:\Games\CurseForge\Minecraft\Install\runtime\jre-legacy\windows-x64\jre-legacy\bin\zip.dll
0x00007ffd61ab0000 - 0x00007ffd621f4000 	C:\Windows\System32\SHELL32.dll
0x00007ffd5d8e0000 - 0x00007ffd5e074000 	C:\Windows\SYSTEM32\windows.storage.dll
0x00007ffd60bf0000 - 0x00007ffd60f44000 	C:\Windows\System32\combase.dll
0x00007ffd5f810000 - 0x00007ffd5f840000 	C:\Windows\SYSTEM32\Wldp.dll
0x00007ffd618e0000 - 0x00007ffd6198d000 	C:\Windows\System32\SHCORE.dll
0x00007ffd61990000 - 0x00007ffd619e5000 	C:\Windows\System32\shlwapi.dll
0x00007ffd5fcf0000 - 0x00007ffd5fd0f000 	C:\Windows\SYSTEM32\profapi.dll
0x000000005a1e0000 - 0x000000005a1ed000 	C:\Games\CurseForge\Minecraft\Install\runtime\jre-legacy\windows-x64\jre-legacy\bin\management.dll
0x000000005a1c0000 - 0x000000005a1da000 	C:\Games\CurseForge\Minecraft\Install\runtime\jre-legacy\windows-x64\jre-legacy\bin\net.dll
0x00007ffd5f570000 - 0x00007ffd5f5da000 	C:\Windows\system32\mswsock.dll
0x00007ffd49220000 - 0x00007ffd49237000 	C:\Windows\system32\napinsp.dll
0x00007ffd1a2e0000 - 0x00007ffd1a2fb000 	C:\Windows\system32\pnrpnsp.dll
0x00007ffd5ad00000 - 0x00007ffd5ad15000 	C:\Windows\system32\wshbth.dll
0x00007ffd5b130000 - 0x00007ffd5b14d000 	C:\Windows\system32\NLAapi.dll
0x00007ffd5f210000 - 0x00007ffd5f24b000 	C:\Windows\SYSTEM32\IPHLPAPI.DLL
0x00007ffd5f250000 - 0x00007ffd5f31b000 	C:\Windows\SYSTEM32\DNSAPI.dll
0x00007ffd61500000 - 0x00007ffd61508000 	C:\Windows\System32\NSI.dll
0x00007ffd18990000 - 0x00007ffd189a2000 	C:\Windows\System32\winrnr.dll
0x00007ffd55700000 - 0x00007ffd5570a000 	C:\Windows\System32\rasadhlp.dll
0x00007ffd50cb0000 - 0x00007ffd50d30000 	C:\Windows\System32\fwpuclnt.dll
0x00007ffd60530000 - 0x00007ffd60557000 	C:\Windows\System32\bcrypt.dll
0x000000005a1a0000 - 0x000000005a1b1000 	C:\Games\CurseForge\Minecraft\Install\runtime\jre-legacy\windows-x64\jre-legacy\bin\nio.dll
0x000000005a170000 - 0x000000005a194000 	C:\Games\CurseForge\Minecraft\Install\runtime\jre-legacy\windows-x64\jre-legacy\bin\sunec.dll
0x00007ffd5f760000 - 0x00007ffd5f778000 	C:\Windows\SYSTEM32\CRYPTSP.dll
0x00007ffd5ee80000 - 0x00007ffd5eeb4000 	C:\Windows\system32\rsaenh.dll
0x00007ffd5fcb0000 - 0x00007ffd5fcde000 	C:\Windows\SYSTEM32\USERENV.dll
0x00007ffd60660000 - 0x00007ffd606e2000 	C:\Windows\System32\bcryptprimitives.dll
0x00007ffd5f780000 - 0x00007ffd5f78c000 	C:\Windows\SYSTEM32\CRYPTBASE.dll
0x00007ffd55580000 - 0x00007ffd55597000 	C:\Windows\SYSTEM32\dhcpcsvc6.DLL
0x00007ffd55900000 - 0x00007ffd5591d000 	C:\Windows\SYSTEM32\dhcpcsvc.DLL
0x00007ffcee440000 - 0x00007ffcee4b2000 	C:\Games\CurseForge\Minecraft\Install\bin\a9df0ea5baea7f084f05425a59f37203022f1291\lwjgl.dll
0x00007ffcdb280000 - 0x00007ffcdb4d1000 	C:\Games\CurseForge\Minecraft\Install\bin\a9df0ea5baea7f084f05425a59f37203022f1291\jemalloc.dll
0x00007ffd16590000 - 0x00007ffd165ee000 	C:\Games\CurseForge\Minecraft\Install\bin\a9df0ea5baea7f084f05425a59f37203022f1291\glfw.dll
0x00007ffd5c6f0000 - 0x00007ffd5c78e000 	C:\Windows\system32\uxtheme.dll
0x00007ffcf0f70000 - 0x00007ffcf0fb5000 	C:\Windows\SYSTEM32\dinput8.dll
0x00007ffcfc680000 - 0x00007ffcfc691000 	C:\Windows\SYSTEM32\xinput1_4.dll
0x00007ffd600c0000 - 0x00007ffd6010e000 	C:\Windows\System32\cfgmgr32.dll
0x00007ffd5fb60000 - 0x00007ffd5fb8c000 	C:\Windows\SYSTEM32\DEVOBJ.dll
0x00007ffd5ccd0000 - 0x00007ffd5ccff000 	C:\Windows\SYSTEM32\dwmapi.dll
0x00007ffd41570000 - 0x00007ffd416c2000 	C:\Windows\SYSTEM32\inputhost.dll
0x00007ffd609a0000 - 0x00007ffd60a6d000 	C:\Windows\System32\OLEAUT32.dll
0x00007ffd5c3d0000 - 0x00007ffd5c4c2000 	C:\Windows\SYSTEM32\CoreMessaging.dll
0x00007ffd5b8c0000 - 0x00007ffd5ba14000 	C:\Windows\SYSTEM32\wintypes.dll
0x00007ffd5b030000 - 0x00007ffd5b126000 	C:\Windows\SYSTEM32\PROPSYS.dll
0x00007ffd5c070000 - 0x00007ffd5c3ce000 	C:\Windows\SYSTEM32\CoreUIComponents.dll
0x00007ffd5eaa0000 - 0x00007ffd5ead3000 	C:\Windows\SYSTEM32\ntmarta.dll
0x00007ffd5e660000 - 0x00007ffd5e672000 	C:\Windows\SYSTEM32\kernel.appcore.dll
0x00007ffcf8870000 - 0x00007ffcf89a8000 	C:\ProgramData\A-Volute\A-Volute.Nahimic\Modules\Scheduled\x64\AudioDevProps2.dll
0x00007ffd62230000 - 0x00007ffd6235a000 	C:\Windows\System32\ole32.dll
0x00007ffcfa210000 - 0x00007ffcfa363000 	C:\Program Files (x86)\Stardock\Fences\FencesMenu64.dll
0x00007ffd5a890000 - 0x00007ffd5a8a4000 	C:\Windows\SYSTEM32\WTSAPI32.dll
0x00007ffd4f280000 - 0x00007ffd4f425000 	C:\Windows\WinSxS\amd64_microsoft.windows.gdiplus_6595b64144ccf1df_1.1.19041.1706_none_919e8e54cc8d4ca1\gdiplus.dll
0x00007ffd28be0000 - 0x00007ffd28cf8000 	C:\Program Files (x86)\Stardock\Groupy\groupy_64.dll
0x00007ffd617c0000 - 0x00007ffd618d5000 	C:\Windows\System32\MSCTF.dll
0x00007ffd5e0e0000 - 0x00007ffd5e0ed000 	C:\Windows\SYSTEM32\HID.DLL
0x00007ffd60f50000 - 0x00007ffd613bf000 	C:\Windows\System32\SETUPAPI.DLL
0x00007ffd60050000 - 0x00007ffd600b7000 	C:\Windows\System32\WINTRUST.dll
0x00007ffd5fef0000 - 0x00007ffd60046000 	C:\Windows\System32\CRYPT32.dll
0x00007ffd5f9a0000 - 0x00007ffd5f9b2000 	C:\Windows\SYSTEM32\MSASN1.dll
0x00007ffcf9c00000 - 0x00007ffcf9d27000 	C:\Windows\SYSTEM32\opengl32.dll
0x00007ffcf9bb0000 - 0x00007ffcf9bdc000 	C:\Windows\SYSTEM32\GLU32.dll
0x00007ffd608f0000 - 0x00007ffd60999000 	C:\Windows\System32\clbcatq.dll
0x00007ffcb7f90000 - 0x00007ffcbb149000 	C:\Windows\System32\DriverStore\FileRepository\nvlt.inf_amd64_e7d8c0512da64e7d\nvoglv64.dll
0x00007ffd53ab0000 - 0x00007ffd53ae1000 	C:\Windows\SYSTEM32\cryptnet.dll
0x00007ffd53960000 - 0x00007ffd53aa8000 	C:\Windows\SYSTEM32\drvstore.dll
0x00007ffd52730000 - 0x00007ffd5276b000 	C:\Windows\SYSTEM32\dxcore.dll
0x00007ffd2ad10000 - 0x00007ffd2afe1000 	C:\Windows\system32\nvspcap64.dll
0x00007ffd5f380000 - 0x00007ffd5f3cb000 	C:\Windows\SYSTEM32\powrprof.dll
0x00007ffd5f1f0000 - 0x00007ffd5f202000 	C:\Windows\SYSTEM32\UMPDC.dll
0x00007ffd5eb50000 - 0x00007ffd5ebaa000 	C:\Windows\SYSTEM32\WINSTA.dll
0x00007ffcebb00000 - 0x00007ffcebb7f000 	C:\Games\CurseForge\Minecraft\Install\bin\a9df0ea5baea7f084f05425a59f37203022f1291\lwjgl_stb.dll
0x00007ffd5a0d0000 - 0x00007ffd5a17e000 	C:\Windows\SYSTEM32\mscms.dll
0x00007ffd59f20000 - 0x00007ffd59f31000 	C:\Windows\SYSTEM32\ColorAdapterClient.dll
0x00007ffd54430000 - 0x00007ffd54473000 	C:\Windows\SYSTEM32\icm32.dll
0x00007ffd408f0000 - 0x00007ffd409e9000 	C:\Windows\SYSTEM32\textinputframework.dll
0x00007ffd50900000 - 0x00007ffd50966000 	C:\Windows\system32\Oleacc.dll
0x00007ffceae40000 - 0x00007ffceae98000 	C:\Games\CurseForge\Minecraft\Install\bin\a9df0ea5baea7f084f05425a59f37203022f1291\lwjgl_opengl.dll
0x00007ffd202e0000 - 0x00007ffd20322000 	C:\Users\NukelordBrown\AppData\Local\Temp\jna--1590639904\jna8410550186554425633.dll
0x000000005a160000 - 0x000000005a16c000 	C:\Games\CurseForge\Minecraft\Install\runtime\jre-legacy\windows-x64\jre-legacy\bin\jsound.dll
0x000000005a150000 - 0x000000005a15b000 	C:\Games\CurseForge\Minecraft\Install\runtime\jre-legacy\windows-x64\jre-legacy\bin\jsoundds.dll
0x00007ffd48060000 - 0x00007ffd480fc000 	C:\Windows\SYSTEM32\DSOUND.dll
0x00007ffd482c0000 - 0x00007ffd482e6000 	C:\Windows\SYSTEM32\winmmbase.dll
0x00007ffd57f80000 - 0x00007ffd58005000 	C:\Windows\SYSTEM32\MMDevAPI.DLL
0x00007ffcec060000 - 0x00007ffcec0a6000 	C:\Windows\SYSTEM32\wdmaud.drv
0x00007ffd59790000 - 0x00007ffd59799000 	C:\Windows\SYSTEM32\ksuser.dll
0x00007ffd5e610000 - 0x00007ffd5e61a000 	C:\Windows\SYSTEM32\AVRT.dll
0x00007ffd58360000 - 0x00007ffd584e2000 	C:\Windows\SYSTEM32\AUDIOSES.DLL
0x00007ffcee250000 - 0x00007ffcee25d000 	C:\Windows\SYSTEM32\msacm32.drv
0x00007ffcec040000 - 0x00007ffcec05e000 	C:\Windows\SYSTEM32\MSACM32.dll
0x00007ffcec030000 - 0x00007ffcec03b000 	C:\Windows\SYSTEM32\midimap.dll
0x00007ffcf2ab0000 - 0x00007ffcf2d16000 	C:\Users\NukelordBrown\AppData\Local\Temp\de.fabmax.physx-jni\0.4.15\PhysX_64.dll
0x00007ffcf28d0000 - 0x00007ffcf2aa7000 	C:\Users\NukelordBrown\AppData\Local\Temp\de.fabmax.physx-jni\0.4.15\PhysXCommon_64.dll
0x00007ffd20230000 - 0x00007ffd202da000 	C:\Users\NukelordBrown\AppData\Local\Temp\de.fabmax.physx-jni\0.4.15\PhysXCooking_64.dll
0x00007ffd20190000 - 0x00007ffd20221000 	C:\Users\NukelordBrown\AppData\Local\Temp\de.fabmax.physx-jni\0.4.15\PhysXFoundation_64.dll
0x00007ffcdc320000 - 0x00007ffcdc524000 	C:\Users\NukelordBrown\AppData\Local\Temp\de.fabmax.physx-jni\0.4.15\PhysXJniBindings_64.dll
0x0000000059fb0000 - 0x000000005a148000 	C:\Games\CurseForge\Minecraft\Install\runtime\jre-legacy\windows-x64\jre-legacy\bin\awt.dll
0x00007ffd5c600000 - 0x00007ffd5c690000 	C:\Windows\SYSTEM32\apphelp.dll
0x00007ffcf8b90000 - 0x00007ffcf8bf7000 	C:\ProgramData\A-Volute\A-Volute.Nahimic\Modules\Scheduled\x64\ProductInfo.dll
0x00007ffcf8160000 - 0x00007ffcf81a3000 	C:\ProgramData\A-Volute\A-Volute.Nahimic\Modules\Scheduled\x64\ASM.Plugin.AudioDevProps2.dll
0x00007ffd5ca50000 - 0x00007ffd5ca64000 	C:\Windows\SYSTEM32\resourcepolicyclient.dll
0x00007ffcf3510000 - 0x00007ffcf35ac000 	C:\Users\NUKELO~1\AppData\Local\Temp\jna--1590639904\jna4122208252131815111.dll
0x00007ffd37c80000 - 0x00007ffd37dc1000 	C:\Windows\System32\Windows.UI.dll

VM Arguments:
jvm_args: -XX:HeapDumpPath=MojangTricksIntelDriversForPerformance_javaw.exe_minecraft.exe.heapdump -Dos.name=Windows 10 -Dos.version=10.0 -Xss1M -Djava.library.path=C:\Games\CurseForge\Minecraft\Install\bin\a9df0ea5baea7f084f05425a59f37203022f1291 -Dminecraft.launcher.brand=minecraft-launcher -Dminecraft.launcher.version=2.4.39 -Xmx6048m -Xms256m -Dminecraft.applet.TargetDirectory=C:\Games\CurseForge\Minecraft\Instances\Blood-N-Wine-2 -Dfml.ignorePatchDiscrepancies=true -Dfml.ignoreInvalidMinecraftCertificates=true -Duser.language=en -Duser.country=US -Dlog4j.configurationFile=C:\Games\CurseForge\Minecraft\Install\assets\log_configs\client-1.12.xml 
java_command: cpw.mods.modlauncher.Launcher --username Nukelord420 --version forge-36.2.35 --gameDir C:\Games\CurseForge\Minecraft\Instances\Blood-N-Wine-2 --assetsDir C:\Games\CurseForge\Minecraft\Install\assets --assetIndex 1.16 --uuid 29e423c126c942d89e776772bd06df02 --accessToken eyJraWQiOiJhYzg0YSIsImFsZyI6IkhTMjU2In0.eyJ4dWlkIjoiMjUzNTQyODE5MjM2MjEyNiIsImFnZyI6IkFkdWx0Iiwic3ViIjoiZmNhNGVlNjItYzI4Zi00NzI0LWJkZTktNGU3ZDBiYWQ0ODBjIiwiYXV0aCI6IlhCT1giLCJucyI6ImRlZmF1bHQiLCJyb2xlcyI6W10sImlzcyI6ImF1dGhlbnRpY2F0aW9uIiwicGxhdGZvcm0iOiJQQ19MQVVOQ0hFUiIsInl1aWQiOiI3YTRkMzAxOTgyNzg0NmNjYjZjZDdjZjg4Njc0OWMwZSIsIm5iZiI6MTY4Mjc0MDExOSwiZXhwIjoxNjgyODI2NTE5LCJpYXQiOjE2ODI3NDAxMTl9.IH0aM4ka8pugtgij0DnUnHmfkNy0W_puk2bx-LP5zfA --userType msa --versionType release --width 1024 --height 768 --launchTarget fmlclient --fml.forgeVersion 36.2.35 --fml.mcVersion 1.16.5 --fml.forgeGroup net.minecraftforge --fml.mcpVersion 20210115.111550
java_class_path (initial): C:\Games\CurseForge\Minecraft\Install\libraries\net\minecraftforge\forge\1.16.5-36.2.35\forge-1.16.5-36.2.35.jar;C:\Games\CurseForge\Minecraft\Install\libraries\org\ow2\asm\asm\9.1\asm-9.1.jar;C:\Games\CurseForge\Minecraft\Install\libraries\org\ow2\asm\asm-commons\9.1\asm-commons-9.1.jar;C:\Games\CurseForge\Minecraft\Install\libraries\org\ow2\asm\asm-tree\9.1\asm-tree-9.1.jar;C:\Games\CurseForge\Minecraft\Install\libraries\org\ow2\asm\asm-util\9.1\asm-util-9.1.jar;C:\Games\CurseForge\Minecraft\Install\libraries\org\ow2\asm\asm-analysis\9.1\asm-analysis-9.1.jar;C:\Games\CurseForge\Minecraft\Install\libraries\cpw\mods\modlauncher\8.1.3\modlauncher-8.1.3.jar;C:\Games\CurseForge\Minecraft\Install\libraries\cpw\mods\grossjava9hacks\1.3.3\grossjava9hacks-1.3.3.jar;C:\Games\CurseForge\Minecraft\Install\libraries\net\minecraftforge\accesstransformers\3.0.1\accesstransformers-3.0.1.jar;C:\Games\CurseForge\Minecraft\Install\libraries\org\antlr\antlr4-runtime\4.9.1\antlr4-runtime-4.9.1.jar;C:\Games\CurseForge\Minecraft\Install\libraries\net\minecraftforge\eventbus\4.0.0\eventbus-4.0.0.jar;C:\Games\CurseForge\Minecraft\Install\libraries\net\minecraftforge\forgespi\3.2.0\forgespi-3.2.0.jar;C:\Games\CurseForge\Minecraft\Install\libraries\net\minecraftforge\coremods\4.0.6\coremods-4.0.6.jar;C:\Games\CurseForge\Minecraft\Install\libraries\net\minecraftforge\unsafe\0.2.0\unsafe-0.2.0.jar;C:\Games\CurseForge\Minecraft\Install\libraries\com\electronwill\night-config\core\3.6.3\core-3.6.3.jar;C:\Games\CurseForge\Minecraft\Install\libraries\com\electronwill\night-config\toml\3.6.3\toml-3.6.3.jar;C:\Games\CurseForge\Minecraft\Install\libraries\org\jline\jline\3.12.1\jline-3.12.1.jar;C:\Games\CurseForge\Minecraft\Install\libraries\org\apache\maven\maven-artifact\3.6.3\maven-artifact-3.6.3.jar;C:\Games\CurseForge\Minecraft\Install\libraries\net\jodah\typetools\0.8.3\typetools-0.8.3.jar;C:\Games\CurseForge\Minecraft\Install\libraries\org\apache\logging\log4j\log
Launcher Type: SUN_STANDARD

Environment Variables:
PATH=C:\VulkanSDK\1.3.236.0\Bin;C:\Program Files (x86)\Razer Chroma SDK\bin;C:\Program Files\Razer Chroma SDK\bin;C:\Program Files\Common Files\Oracle\Java\javapath;C:\Program Files (x86)\Common Files\Oracle\Java\javapath;C:\Program Files (x86)\Razer\ChromaBroadcast\bin;C:\Program Files\Razer\ChromaBroadcast\bin;C:\Windows\system32;C:\Windows;C:\Windows\System32\Wbem;C:\Windows\System32\WindowsPowerShell\v1.0\;C:\Windows\System32\OpenSSH\;C:\Program Files (x86)\NVIDIA Corporation\PhysX\Common;C:\Program Files\NVIDIA Corporation\NVIDIA NvDLISR;C:\Program Files\PuTTY\;C:\Windows\system32\config\systemprofile\AppData\Local\Microsoft\WindowsApps;C:\Program Files\dotnet\;C:\Program Files\Common Files\Autodesk Shared\;C:\Program Files\Microsoft SQL Server\120\Tools\Binn\;G:\Bethesda-Game-Modding-Tools\Ruby26-x64\bin;C:\Users\NukelordBrown\AppData\Local\Programs\Python\Python310\Scripts\;C:\Users\NukelordBrown\AppData\Local\Programs\Python\Python310\;C:\Users\NukelordBrown\AppData\Local\Microsoft\WindowsApps;C:\Users\NukelordBrown\AppData\Local\Programs\Microsoft VS Code\bin;C:\Users\NukelordBrown\.dotnet\tools;C:\Users\NukelordBrown\AppData\Local\GitHubDesktop\bin;C:\Program Files\Perforce\;C:\Program Files\Git\cmd;G:\Bethesda-Game-Modding-Tools\Ruby26-x64\bin;C:\Users\NukelordBrown\AppData\Local\Programs\Python\Python310\Scripts\;C:\Users\NukelordBrown\AppData\Local\Programs\Python\Python310\;C:\Users\NukelordBrown\AppData\Local\Microsoft\WindowsApps;C:\Users\NukelordBrown\AppData\Local\Programs\Microsoft VS Code\bin;C:\Users\NukelordBrown\.dotnet\tools;C:\Users\NukelordBrown\AppData\Local\GitHubDesktop\bin
USERNAME=NukelordBrown
OS=Windows_NT
PROCESSOR_IDENTIFIER=AMD64 Family 25 Model 80 Stepping 0, AuthenticAMD



---------------  S Y S T E M  ---------------

OS: Windows 10.0 , 64 bit Build 19041 (10.0.19041.1806)

CPU:total 16 (16 cores per cpu, 1 threads per core) family 25 model 80 stepping 0, cmov, cx8, fxsr, mmx, sse, sse2, sse3, ssse3, sse4.1, sse4.2, popcnt, avx, avx2, aes, clmul, erms, mmxext, 3dnowpref, lzcnt, sse4a, tsc, tscinvbit, tscinv, bmi1

Memory: 4k page, physical 33402940k(14970588k free), swap 43364412k(16019632k free)

vm_info: Java HotSpot(TM) 64-Bit Server VM (25.51-b03) for windows-amd64 JRE (1.8.0_51-b16), built on Jun  8 2015 18:03:07 by "java_re" with MS VC++ 10.0 (VS2010)

time: Fri Apr 28 21:26:55 2023
elapsed time: 2244 seconds (0d 0h 37m 24s)

