#
# A fatal error has been detected by the Java Runtime Environment:
#
#  EXCEPTION_ACCESS_VIOLATION (0xc0000005) at pc=0x00007fff0c3f3716, pid=27116, tid=27992
#
# JRE version: Java(TM) SE Runtime Environment (8.0_51-b16) (build 1.8.0_51-b16)
# Java VM: Java HotSpot(TM) 64-Bit Server VM (25.51-b03 mixed mode windows-amd64 compressed oops)
# Problematic frame:
# C  [PhysXJniBindings_64.dll+0x53716]
#
# Failed to write core dump. Minidumps are not enabled by default on client versions of Windows
#
# If you would like to submit a bug report, please visit:
#   http://bugreport.java.com/bugreport/crash.jsp
# The crash happened outside the Java Virtual Machine in native code.
# See problematic frame for where to report the bug.
#

---------------  T H R E A D  ---------------

Current thread (0x00000000029b4000):  JavaThread "Render thread" [_thread_in_native, id=27992, stack(0x00000000028b0000,0x00000000029b0000)]

siginfo: ExceptionCode=0xc0000005, reading address 0x0000000000000000

Registers:
RAX=0x0000000000000000, RBX=0x0000000000000018, RCX=0x0000000000000000, RDX=0x0000000000000000
RSP=0x00000000029ad8b0, RBP=0x00000000029ad958, RSI=0x0000000000000003, RDI=0x0000000000000000
R8 =0x0000000000000003, R9 =0x0000000026db3d00, R10=0x0000000002ac57c8, R11=0x0000000053e87bb0
R12=0x0000000000000000, R13=0x0000000047570958, R14=0x00000000029ad978, R15=0x00000000029b4000
RIP=0x00007fff0c3f3716, EFLAGS=0x0000000000010206

Top of Stack: (sp=0x00000000029ad8b0)
0x00000000029ad8b0:   00000000c11cf5c3 0000000002ac5d20
0x00000000029ad8c0:   00000007c0000b68 0000000002ab7800
0x00000000029ad8d0:   000000000000000c 0000000005b0cce5
0x00000000029ad8e0:   0000000002ab7ced 0000000002ac57f4
0x00000000029ad8f0:   0000000047570958 00000000f80bd9e1
0x00000000029ad900:   00000000029ad900 0000000000000000
0x00000000029ad910:   00000000029ad978 00000000029ad918
0x00000000029ad920:   0000000000000000 00000000029ad978
0x00000000029ad930:   0000000047571928 0000000000000000
0x00000000029ad940:   0000000047570958 0000000000000000
0x00000000029ad950:   00000000029ad978 00000000029ad9c0
0x00000000029ad960:   0000000002ab7800 0000000658d91eb0
0x00000000029ad970:   0000000002abf977 0000000000000003
0x00000000029ad980:   00000000029ad980 0000000047570909
0x00000000029ad990:   00000000029ad9d0 0000000047571928
0x00000000029ad9a0:   0000000000000000 0000000047560f60 

Instructions: (pc=0x00007fff0c3f3716)
0x00007fff0c3f36f6:   89 74 24 10 57 48 83 ec 30 48 8b fa 8b f1 ff 15
0x00007fff0c3f3706:   86 3c 19 00 48 8b d8 ff 15 35 3c 19 00 48 8b c8
0x00007fff0c3f3716:   4c 8b 00 41 ff 50 28 84 c0 75 09 48 8d 05 a0 5e
0x00007fff0c3f3726:   12 00 eb 13 48 8d 15 8f 3f 19 00 48 8d 0d 20 2d 


Register to memory mapping:

RAX=0x0000000000000000 is an unknown value
RBX=0x0000000000000018 is an unknown value
RCX=0x0000000000000000 is an unknown value
RDX=0x0000000000000000 is an unknown value
RSP=0x00000000029ad8b0 is pointing into the stack for thread: 0x00000000029b4000
RBP=0x00000000029ad958 is pointing into the stack for thread: 0x00000000029b4000
RSI=0x0000000000000003 is an unknown value
RDI=0x0000000000000000 is an unknown value
R8 =0x0000000000000003 is an unknown value
R9 =0x0000000026db3d00 is an unknown value
R10=0x0000000002ac57c8 is at code_begin+840 in an Interpreter codelet
method entry point (kind = native)  [0x0000000002ac5480, 0x0000000002ac5de0]  2400 bytes
R11=0x0000000053e87bb0 is an unknown value
R12=0x0000000000000000 is an unknown value
R13={method} {0x0000000047570960} '_DefaultCpuDispatcherCreate' '(I)J' in 'physx/PxTopLevelFunctions'
R14=0x00000000029ad978 is pointing into the stack for thread: 0x00000000029b4000
R15=0x00000000029b4000 is a thread


Stack: [0x00000000028b0000,0x00000000029b0000],  sp=0x00000000029ad8b0,  free space=1014k
Native frames: (J=compiled Java code, j=interpreted, Vv=VM code, C=native code)
C  [PhysXJniBindings_64.dll+0x53716]
C  0x0000000002ac57f4

Java frames: (J=compiled Java code, j=interpreted, Vv=VM code)
j  physx.PxTopLevelFunctions._DefaultCpuDispatcherCreate(I)J+0
j  physx.PxTopLevelFunctions.DefaultCpuDispatcherCreate(I)Lphysx/extensions/PxDefaultCpuDispatcher;+1
j  net.diebuddies.physics.DynamicsWorld.<init>(Lnet/minecraft/world/World;F)V+211
j  net.diebuddies.physics.PhysicsWorld.<init>(Lnet/minecraft/world/World;)V+83
j  net.diebuddies.physics.PhysicsMod.<init>(Lnet/minecraft/world/World;)V+180
j  net.diebuddies.physics.PhysicsMod.getInstance(Lnet/minecraft/world/World;)Lnet/diebuddies/physics/PhysicsMod;+22
j  net.minecraft.client.renderer.WorldRenderer.handler$bjc000$renderChunkLayerSolid(Lnet/minecraft/client/renderer/RenderType;Lcom/mojang/blaze3d/matrix/MatrixStack;DDDLorg/spongepowered/asm/mixin/injection/callback/CallbackInfo;)V+226
J 52487 C2 net.minecraft.client.renderer.WorldRenderer.func_228441_a_(Lnet/minecraft/client/renderer/RenderType;Lcom/mojang/blaze3d/matrix/MatrixStack;DDD)V (186 bytes) @ 0x000000000a366124 [0x000000000a3648e0+0x1844]
J 54325 C2 net.coderbot.iris.pipeline.ShadowRenderer.renderShadows(Lnet/coderbot/iris/mixin/LevelRendererAccessor;Lnet/minecraft/client/renderer/ActiveRenderInfo;)V (808 bytes) @ 0x000000000b60fa08 [0x000000000b60ebe0+0xe28]
J 55514 C2 net.minecraft.client.renderer.WorldRenderer.handler$zpa000$iris$renderTerrainShadows(Lcom/mojang/blaze3d/matrix/MatrixStack;FJZLnet/minecraft/client/renderer/ActiveRenderInfo;Lnet/minecraft/client/renderer/GameRenderer;Lnet/minecraft/client/renderer/LightTexture;Lnet/minecraft/util/math/vector/Matrix4f;Lorg/spongepowered/asm/mixin/injection/callback/CallbackInfo;)V (16 bytes) @ 0x000000000a650680 [0x000000000a650600+0x80]
J 63286 C2 net.minecraft.client.renderer.WorldRenderer.func_228426_a_(Lcom/mojang/blaze3d/matrix/MatrixStack;FJZLnet/minecraft/client/renderer/ActiveRenderInfo;Lnet/minecraft/client/renderer/GameRenderer;Lnet/minecraft/client/renderer/LightTexture;Lnet/minecraft/util/math/vector/Matrix4f;)V (4063 bytes) @ 0x000000000c52dd60 [0x000000000c52be00+0x1f60]
j  net.minecraft.client.renderer.GameRenderer.func_228378_a_(FJLcom/mojang/blaze3d/matrix/MatrixStack;)V+620
J 58108 C2 net.minecraft.client.renderer.GameRenderer.func_195458_a(FJZ)V (899 bytes) @ 0x000000000a1b6d0c [0x000000000a1b62e0+0xa2c]
j  net.minecraft.client.Minecraft.func_195542_b(Z)V+385
j  net.minecraft.client.Minecraft.handler$cdg000$unloadWorldScreenshot(Lnet/minecraft/client/gui/screen/Screen;Lorg/spongepowered/asm/mixin/injection/callback/CallbackInfo;)V+21
j  net.minecraft.client.Minecraft.func_213231_b(Lnet/minecraft/client/gui/screen/Screen;)V+49
j  net.minecraft.client.Minecraft.func_213254_o()V+8
j  net.minecraft.client.network.play.ClientPlayNetHandler.func_147231_a(Lnet/minecraft/util/text/ITextComponent;)V+19
j  net.minecraft.network.NetworkManager.func_179293_l()V+60
j  net.minecraft.client.multiplayer.PlayerController.func_78765_e()V+37
j  net.minecraft.client.Minecraft.func_71407_l()V+153
j  net.minecraft.client.Minecraft.func_195542_b(Z)V+183
j  net.minecraft.client.Minecraft.handler$cdg000$unloadWorldScreenshot(Lnet/minecraft/client/gui/screen/Screen;Lorg/spongepowered/asm/mixin/injection/callback/CallbackInfo;)V+21
j  net.minecraft.client.Minecraft.func_213231_b(Lnet/minecraft/client/gui/screen/Screen;)V+49
j  net.minecraft.client.Minecraft.func_213254_o()V+8
j  net.minecraft.client.Minecraft.func_71405_e()V+66
j  net.minecraft.client.main.Main.main([Ljava/lang/String;)V+1445
v  ~StubRoutines::call_stub
j  sun.reflect.NativeMethodAccessorImpl.invoke0(Ljava/lang/reflect/Method;Ljava/lang/Object;[Ljava/lang/Object;)Ljava/lang/Object;+0
j  sun.reflect.NativeMethodAccessorImpl.invoke(Ljava/lang/Object;[Ljava/lang/Object;)Ljava/lang/Object;+100
J 2397 C1 sun.reflect.DelegatingMethodAccessorImpl.invoke(Ljava/lang/Object;[Ljava/lang/Object;)Ljava/lang/Object; (10 bytes) @ 0x00000000033e850c [0x00000000033e8400+0x10c]
J 2396 C1 java.lang.reflect.Method.invoke(Ljava/lang/Object;[Ljava/lang/Object;)Ljava/lang/Object; (62 bytes) @ 0x00000000033e8cac [0x00000000033e88c0+0x3ec]
j  net.minecraftforge.fml.loading.FMLClientLaunchProvider.lambda$launchService$0(Lcpw/mods/modlauncher/api/ITransformingClassLoader;[Ljava/lang/String;)Ljava/lang/Void;+50
j  net.minecraftforge.fml.loading.FMLClientLaunchProvider$$Lambda$502.call()Ljava/lang/Object;+12
j  cpw.mods.modlauncher.LaunchServiceHandlerDecorator.launch([Ljava/lang/String;Lcpw/mods/modlauncher/api/ITransformingClassLoader;)V+11
j  cpw.mods.modlauncher.LaunchServiceHandler.launch(Ljava/lang/String;[Ljava/lang/String;Lcpw/mods/modlauncher/TransformingClassLoader;Lcpw/mods/modlauncher/LaunchPluginHandler;)V+57
j  cpw.mods.modlauncher.LaunchServiceHandler.launch(Lcpw/mods/modlauncher/ArgumentHandler;Lcpw/mods/modlauncher/TransformingClassLoader;Lcpw/mods/modlauncher/LaunchPluginHandler;)V+19
j  cpw.mods.modlauncher.Launcher.run([Ljava/lang/String;)V+116
j  cpw.mods.modlauncher.Launcher.main([Ljava/lang/String;)V+37
v  ~StubRoutines::call_stub

---------------  P R O C E S S  ---------------

Java Threads: ( => current thread )
  0x0000000040a55800 JavaThread "ForkJoinPool.commonPool-worker-13" daemon [_thread_blocked, id=27784, stack(0x000000004d590000,0x000000004d690000)]
  0x000000016f4db800 JavaThread "Sound engine" daemon [_thread_blocked, id=15944, stack(0x00000000a4290000,0x00000000a4390000)]
  0x000000016f4d5800 JavaThread "pool-12-thread-1" [_thread_blocked, id=7744, stack(0x00000000ab220000,0x00000000ab320000)]
  0x000000016f4cd000 JavaThread "ForkJoinPool.commonPool-worker-9" daemon [_thread_blocked, id=27644, stack(0x0000000069560000,0x0000000069660000)]
  0x0000000040a50000 JavaThread "Chunk Render Task Executor #9" [_thread_blocked, id=20024, stack(0x00000000aae00000,0x00000000aaf00000)]
  0x0000000040a51800 JavaThread "Chunk Render Task Executor #8" [_thread_blocked, id=20408, stack(0x00000000aad00000,0x00000000aae00000)]
  0x0000000040a44000 JavaThread "Chunk Render Task Executor #7" [_thread_blocked, id=18756, stack(0x00000000aac00000,0x00000000aad00000)]
  0x0000000039b3d800 JavaThread "Chunk Render Task Executor #6" [_thread_blocked, id=27320, stack(0x00000000aab00000,0x00000000aac00000)]
  0x0000000039b35800 JavaThread "Chunk Render Task Executor #5" [_thread_blocked, id=28572, stack(0x00000000aaa00000,0x00000000aab00000)]
  0x0000000039b37000 JavaThread "Chunk Render Task Executor #4" [_thread_blocked, id=4448, stack(0x0000000065900000,0x0000000065a00000)]
  0x0000000039b39800 JavaThread "Chunk Render Task Executor #3" [_thread_blocked, id=17644, stack(0x0000000065600000,0x0000000065700000)]
  0x0000000039b3c800 JavaThread "Chunk Render Task Executor #2" [_thread_blocked, id=320, stack(0x0000000057900000,0x0000000057a00000)]
  0x0000000039b3c000 JavaThread "Chunk Render Task Executor #1" [_thread_blocked, id=22032, stack(0x000000004d690000,0x000000004d790000)]
  0x0000000035605000 JavaThread "Chunk Render Task Executor #0" [_thread_blocked, id=1860, stack(0x00000000450e0000,0x00000000451e0000)]
  0x0000000035603800 JavaThread "ForkJoinPool.commonPool-worker-0" daemon [_thread_blocked, id=22092, stack(0x000000006a060000,0x000000006a160000)]
  0x00000000261e9800 JavaThread "ForkJoinPool.commonPool-worker-7" daemon [_thread_blocked, id=26956, stack(0x0000000069e60000,0x0000000069f60000)]
  0x0000000040a60000 JavaThread "ForkJoinPool.commonPool-worker-5" daemon [_thread_blocked, id=25668, stack(0x0000000069d60000,0x0000000069e60000)]
  0x0000000040a5b800 JavaThread "ForkJoinPool.commonPool-worker-12" daemon [_thread_blocked, id=27268, stack(0x0000000069c60000,0x0000000069d60000)]
  0x0000000040a5f000 JavaThread "ForkJoinPool.commonPool-worker-10" daemon [_thread_blocked, id=12892, stack(0x0000000069b60000,0x0000000069c60000)]
  0x0000000040a5e800 JavaThread "ForkJoinPool.commonPool-worker-3" daemon [_thread_blocked, id=27448, stack(0x0000000069a60000,0x0000000069b60000)]
  0x0000000040a61800 JavaThread "ForkJoinPool.commonPool-worker-1" daemon [_thread_blocked, id=26404, stack(0x0000000069960000,0x0000000069a60000)]
  0x0000000040a5d800 JavaThread "ForkJoinPool.commonPool-worker-8" daemon [_thread_blocked, id=18632, stack(0x0000000069860000,0x0000000069960000)]
  0x0000000040a5d000 JavaThread "ForkJoinPool.commonPool-worker-15" daemon [_thread_blocked, id=22416, stack(0x0000000069760000,0x0000000069860000)]
  0x0000000040a60800 JavaThread "ForkJoinPool.commonPool-worker-6" daemon [_thread_blocked, id=10304, stack(0x0000000069660000,0x0000000069760000)]
  0x0000000040a5a800 JavaThread "ForkJoinPool.commonPool-worker-4" daemon [_thread_blocked, id=28596, stack(0x0000000069460000,0x0000000069560000)]
  0x0000000040a5a000 JavaThread "ForkJoinPool.commonPool-worker-11" daemon [_thread_blocked, id=16268, stack(0x0000000069360000,0x0000000069460000)]
  0x0000000040a4d000 JavaThread "ForkJoinPool.commonPool-worker-2" daemon [_thread_blocked, id=12948, stack(0x0000000069260000,0x0000000069360000)]
  0x0000000040a45800 JavaThread "Litematica Chunk Batcher 15" daemon [_thread_blocked, id=652, stack(0x00000000ba3a0000,0x00000000ba4a0000)]
  0x0000000040a47800 JavaThread "Litematica Chunk Batcher 14" daemon [_thread_blocked, id=11196, stack(0x00000000ba2a0000,0x00000000ba3a0000)]
  0x0000000040a44800 JavaThread "Litematica Chunk Batcher 13" daemon [_thread_blocked, id=24136, stack(0x00000000ba1a0000,0x00000000ba2a0000)]
  0x0000000039b42800 JavaThread "Litematica Chunk Batcher 12" daemon [_thread_blocked, id=27200, stack(0x00000000ba0a0000,0x00000000ba1a0000)]
  0x0000000039b42000 JavaThread "Litematica Chunk Batcher 11" daemon [_thread_blocked, id=23892, stack(0x00000000b9fa0000,0x00000000ba0a0000)]
  0x0000000039b45000 JavaThread "Litematica Chunk Batcher 10" daemon [_thread_blocked, id=23912, stack(0x00000000b54a0000,0x00000000b55a0000)]
  0x0000000039b44000 JavaThread "Litematica Chunk Batcher 9" daemon [_thread_blocked, id=23212, stack(0x00000000b53a0000,0x00000000b54a0000)]
  0x0000000039b40800 JavaThread "Litematica Chunk Batcher 8" daemon [_thread_blocked, id=22384, stack(0x00000000b52a0000,0x00000000b53a0000)]
  0x0000000039b43800 JavaThread "Litematica Chunk Batcher 7" daemon [_thread_blocked, id=13256, stack(0x00000000b51a0000,0x00000000b52a0000)]
  0x0000000039b41000 JavaThread "Litematica Chunk Batcher 6" daemon [_thread_blocked, id=11800, stack(0x00000000b50a0000,0x00000000b51a0000)]
  0x0000000039b39000 JavaThread "Litematica Chunk Batcher 5" daemon [_thread_blocked, id=7940, stack(0x00000000b4fa0000,0x00000000b50a0000)]
  0x0000000039b3a800 JavaThread "Litematica Chunk Batcher 4" daemon [_thread_blocked, id=14764, stack(0x00000000b3600000,0x00000000b3700000)]
  0x0000000039b3b000 JavaThread "Litematica Chunk Batcher 3" daemon [_thread_blocked, id=16604, stack(0x00000000b3500000,0x00000000b3600000)]
  0x0000000039b3f800 JavaThread "Litematica Chunk Batcher 2" daemon [_thread_blocked, id=5996, stack(0x00000000b3400000,0x00000000b3500000)]
  0x0000000039b38000 JavaThread "Litematica Chunk Batcher 1" daemon [_thread_blocked, id=12544, stack(0x00000000b3300000,0x00000000b3400000)]
  0x0000000039b3f000 JavaThread "Litematica Chunk Batcher 0" daemon [_thread_blocked, id=26660, stack(0x00000000b3200000,0x00000000b3300000)]
  0x00000000261ed800 JavaThread "Netty Client IO #9" daemon [_thread_in_native, id=15904, stack(0x00000000452f0000,0x00000000453f0000)]
  0x0000000035608800 JavaThread "Netty Client IO #7" daemon [_thread_in_native, id=25024, stack(0x0000000044be0000,0x0000000044ce0000)]
  0x0000000035607000 JavaThread "Netty Client IO #8" daemon [_thread_in_native, id=6760, stack(0x0000000044ae0000,0x0000000044be0000)]
  0x0000000035601000 JavaThread "Netty Client IO #6" daemon [_thread_in_native, id=16244, stack(0x00000000449e0000,0x0000000044ae0000)]
  0x0000000035602800 JavaThread "Netty Client IO #5" daemon [_thread_in_native, id=19556, stack(0x00000000448e0000,0x00000000449e0000)]
  0x0000000035604000 JavaThread "Server Pinger #4" daemon [_thread_blocked, id=27552, stack(0x0000000033970000,0x0000000033a70000)]
  0x0000000035608000 JavaThread "Netty Client IO #3" daemon [_thread_in_native, id=18624, stack(0x0000000066000000,0x0000000066100000)]
  0x0000000035600800 JavaThread "Netty Client IO #4" daemon [_thread_in_native, id=5852, stack(0x0000000057500000,0x0000000057600000)]
  0x00000000355fe000 JavaThread "Netty Client IO #2" daemon [_thread_in_native, id=26856, stack(0x0000000065f00000,0x0000000066000000)]
  0x0000000035fc9000 JavaThread "Netty Client IO #1" daemon [_thread_in_native, id=26840, stack(0x0000000065c00000,0x0000000065d00000)]
  0x00000000261f0800 JavaThread "Netty Client IO #0" daemon [_thread_in_native, id=28652, stack(0x0000000065b00000,0x0000000065c00000)]
  0x00000000261f3800 JavaThread "ObjectCleanerThread" daemon [_thread_blocked, id=28440, stack(0x0000000065a00000,0x0000000065b00000)]
  0x00000000261e7800 JavaThread "Server Pinger #3" daemon [_thread_blocked, id=11564, stack(0x0000000065500000,0x0000000065600000)]
  0x0000000030ea3800 JavaThread "Server Pinger #2" daemon [_thread_blocked, id=24260, stack(0x0000000065400000,0x0000000065500000)]
  0x0000000030e9f000 JavaThread "Server Pinger #1" daemon [_thread_blocked, id=28548, stack(0x0000000065300000,0x0000000065400000)]
  0x0000000030ea2800 JavaThread "Thread-65" daemon [_thread_in_native, id=19920, stack(0x0000000065200000,0x0000000065300000)]
  0x0000000030ea2000 JavaThread "Server Pinger #0" daemon [_thread_blocked, id=28536, stack(0x000000005a280000,0x000000005a380000)]
  0x0000000030e96800 JavaThread "spark-worker-pool-1-thread-4" daemon [_thread_blocked, id=12156, stack(0x000000009dec0000,0x000000009dfc0000)]
  0x0000000030e95000 JavaThread "spark-worker-pool-1-thread-3" daemon [_thread_blocked, id=18984, stack(0x0000000042460000,0x0000000042560000)]
  0x00000000355fd000 JavaThread "Thread-62" daemon [_thread_blocked, id=1624, stack(0x000000003f430000,0x000000003f530000)]
  0x0000000035579000 JavaThread "Java2D Disposer" daemon [_thread_blocked, id=15908, stack(0x0000000040d10000,0x0000000040e10000)]
  0x0000000035fca800 JavaThread "Thread-60" daemon [_thread_blocked, id=17240, stack(0x000000003f650000,0x000000003f750000)]
  0x0000000035fcc000 JavaThread "spark-worker-pool-1-thread-2" daemon [_thread_blocked, id=17652, stack(0x0000000040c10000,0x0000000040d10000)]
  0x0000000035fbd000 JavaThread "spark-worker-pool-1-thread-1" daemon [_thread_blocked, id=26860, stack(0x000000003f9c0000,0x000000003fac0000)]
  0x00000000261e6800 JavaThread "spark-monitor" daemon [_thread_blocked, id=27484, stack(0x000000003f330000,0x000000003f430000)]
  0x0000000035fbe800 JavaThread "pool-5-thread-1" [_thread_blocked, id=2340, stack(0x0000000073de0000,0x0000000073ee0000)]
  0x0000000035fc8800 JavaThread "Thread-56" daemon [_thread_in_native, id=22680, stack(0x000000006e4a0000,0x000000006e5a0000)]
  0x0000000035fc0800 JavaThread "Thread-55" daemon [_thread_in_native, id=23064, stack(0x000000003b420000,0x000000003b520000)]
  0x0000000035fc0000 JavaThread "Thread-54" daemon [_thread_in_native, id=28616, stack(0x0000000063270000,0x0000000063370000)]
  0x0000000035fbd800 JavaThread "Thread-53" daemon [_thread_in_native, id=24796, stack(0x0000000062000000,0x0000000062100000)]
  0x0000000035fbf000 JavaThread "Thread-52" daemon [_thread_in_native, id=2280, stack(0x0000000057e00000,0x0000000057f00000)]
  0x00000000261f5800 JavaThread "Thread-51" daemon [_thread_in_native, id=17468, stack(0x0000000057d00000,0x0000000057e00000)]
  0x00000000261f5000 JavaThread "Thread-50" daemon [_thread_in_native, id=19016, stack(0x0000000057c00000,0x0000000057d00000)]
  0x00000000261e8000 JavaThread "Config Lib config file watcher" daemon [_thread_blocked, id=19004, stack(0x00000000566e0000,0x00000000567e0000)]
  0x00000000261ee000 JavaThread "Thread-47" daemon [_thread_in_native, id=18992, stack(0x00000000565e0000,0x00000000566e0000)]
  0x0000000035609800 JavaThread "pool-4-thread-16" [_thread_blocked, id=26708, stack(0x00000000502d0000,0x00000000503d0000)]
  0x000000003557b800 JavaThread "pool-4-thread-15" [_thread_blocked, id=8080, stack(0x000000004ffd0000,0x00000000500d0000)]
  0x0000000022d40800 JavaThread "pool-4-thread-14" [_thread_blocked, id=14820, stack(0x000000004fcd0000,0x000000004fdd0000)]
  0x00000000353eb000 JavaThread "pool-4-thread-13" [_thread_blocked, id=22540, stack(0x00000000456e0000,0x00000000457e0000)]
  0x000000003ce3b800 JavaThread "pool-4-thread-12" [_thread_blocked, id=28528, stack(0x000000004f5b0000,0x000000004f6b0000)]
  0x000000003ce38800 JavaThread "pool-4-thread-11" [_thread_blocked, id=20932, stack(0x000000004f2e0000,0x000000004f3e0000)]
  0x000000003ce3a000 JavaThread "pool-4-thread-10" [_thread_blocked, id=23692, stack(0x000000004ef80000,0x000000004f080000)]
  0x000000003ce37000 JavaThread "pool-4-thread-9" [_thread_blocked, id=20856, stack(0x000000004f4b0000,0x000000004f5b0000)]
  0x000000003ce39000 JavaThread "pool-4-thread-8" [_thread_blocked, id=12372, stack(0x000000004ec80000,0x000000004ed80000)]
  0x000000003ce3c000 JavaThread "Thread-45" daemon [_thread_in_native, id=9636, stack(0x000000004eb80000,0x000000004ec80000)]
  0x000000003ce3a800 JavaThread "Thread-44" daemon [_thread_in_native, id=24636, stack(0x000000004ea80000,0x000000004eb80000)]
  0x000000003ce2f800 JavaThread "Thread-43" daemon [_thread_in_native, id=23576, stack(0x000000004e980000,0x000000004ea80000)]
  0x000000003ce35800 JavaThread "Thread-42" daemon [_thread_in_native, id=23184, stack(0x000000004e680000,0x000000004e780000)]
  0x000000003ce2e000 JavaThread "pool-4-thread-7" [_thread_blocked, id=23768, stack(0x000000004e580000,0x000000004e680000)]
  0x000000003ce33000 JavaThread "Thread-41" daemon [_thread_in_native, id=26768, stack(0x000000004e480000,0x000000004e580000)]
  0x000000003ce2e800 JavaThread "Thread-40" daemon [_thread_in_native, id=28428, stack(0x000000004c610000,0x000000004c710000)]
  0x000000003ce31800 JavaThread "Thread-39" daemon [_thread_in_native, id=26280, stack(0x000000004e090000,0x000000004e190000)]
  0x000000003ce32800 JavaThread "Thread-38" daemon [_thread_in_native, id=22600, stack(0x000000004e230000,0x000000004e330000)]
  0x000000003ce31000 JavaThread "pool-4-thread-6" [_thread_blocked, id=28360, stack(0x000000004e380000,0x000000004e480000)]
  0x000000003ce30000 JavaThread "Thread-37" daemon [_thread_in_native, id=26104, stack(0x000000004dd90000,0x000000004de90000)]
  0x0000000035578800 JavaThread "pool-4-thread-5" [_thread_blocked, id=10848, stack(0x000000004dc90000,0x000000004dd90000)]
  0x00000000353e7000 JavaThread "Thread-36" daemon [_thread_in_native, id=15968, stack(0x000000004db90000,0x000000004dc90000)]
  0x00000000353ed000 JavaThread "Thread-35" daemon [_thread_in_native, id=26824, stack(0x000000004da90000,0x000000004db90000)]
  0x00000000353ee000 JavaThread "Thread-34" daemon [_thread_in_native, id=26960, stack(0x000000004d790000,0x000000004d890000)]
  0x00000000353ec800 JavaThread "Thread-33" daemon [_thread_in_native, id=15352, stack(0x000000004d290000,0x000000004d390000)]
  0x00000000353eb800 JavaThread "pool-4-thread-4" [_thread_blocked, id=28392, stack(0x000000004c170000,0x000000004c270000)]
  0x00000000353e3800 JavaThread "Thread-31" daemon [_thread_in_native, id=28396, stack(0x000000004b450000,0x000000004b550000)]
  0x00000000353ea000 JavaThread "Thread-30" daemon [_thread_in_native, id=28380, stack(0x000000004b200000,0x000000004b300000)]
  0x00000000353e2800 JavaThread "pool-4-thread-3" [_thread_blocked, id=11024, stack(0x000000004c070000,0x000000004c170000)]
  0x00000000353e8800 JavaThread "pool-4-thread-2" [_thread_blocked, id=28640, stack(0x000000004c790000,0x000000004c890000)]
  0x00000000353e5000 JavaThread "pool-4-thread-1" [_thread_blocked, id=21420, stack(0x000000004c2a0000,0x000000004c3a0000)]
  0x00000000353e5800 JavaThread "Thread-29" daemon [_thread_in_native, id=28568, stack(0x000000004bf70000,0x000000004c070000)]
  0x00000000353e8000 JavaThread "Thread-28" daemon [_thread_in_native, id=10828, stack(0x000000004aef0000,0x000000004aff0000)]
  0x00000000353e4000 JavaThread "Thread-27" daemon [_thread_blocked, id=23332, stack(0x000000004adf0000,0x000000004aef0000)]
  0x00000000353df800 JavaThread "Thread-26" daemon [_thread_blocked, id=25756, stack(0x000000004a4f0000,0x000000004a5f0000)]
  0x00000000353e6800 JavaThread "Java Sound Event Dispatcher" daemon [_thread_blocked, id=24364, stack(0x0000000047580000,0x0000000047680000)]
  0x00000000353e0800 JavaThread "lava-daemon-pool-info-loader-5-thread-1" daemon [_thread_blocked, id=24960, stack(0x0000000047730000,0x0000000047830000)]
  0x00000000353e2000 JavaThread "LavaPlayer Audio Thread" daemon [_thread_blocked, id=22988, stack(0x00000000465c0000,0x00000000466c0000)]
  0x00000000353e1000 JavaThread "lava-daemon-pool-manager-6-thread-1" daemon [_thread_blocked, id=25268, stack(0x00000000461e0000,0x00000000462e0000)]
  0x000000003557a000 JavaThread "LavaPlayer Audio Thread" daemon [_thread_blocked, id=25048, stack(0x0000000046920000,0x0000000046a20000)]
  0x0000000035576000 JavaThread "Thread-24" daemon [_thread_in_native, id=26940, stack(0x0000000045fe0000,0x00000000460e0000)]
  0x0000000035577800 JavaThread "lava-daemon-pool-manager-3-thread-1" daemon [_thread_blocked, id=28664, stack(0x00000000460e0000,0x00000000461e0000)]
  0x00000000355fb800 JavaThread "Snooper Timer" daemon [_thread_blocked, id=24120, stack(0x0000000032d70000,0x0000000032e70000)]
  0x00000000355fc800 JavaThread "Timer hack thread" daemon [_thread_blocked, id=24572, stack(0x0000000027650000,0x0000000027750000)]
  0x0000000035575800 JavaThread "Thread-20" daemon [_thread_in_native, id=21800, stack(0x000000003b320000,0x000000003b420000)]
  0x0000000035574800 JavaThread "Thread-19" daemon [_thread_in_native, id=25956, stack(0x000000003b220000,0x000000003b320000)]
  0x0000000035574000 JavaThread "Thread-18" daemon [_thread_in_native, id=22648, stack(0x000000003b120000,0x000000003b220000)]
  0x000000003556d000 JavaThread "Thread-17" daemon [_thread_in_native, id=5888, stack(0x000000003b020000,0x000000003b120000)]
  0x000000003556e800 JavaThread "Thread-16" daemon [_thread_in_native, id=1952, stack(0x000000003af20000,0x000000003b020000)]
  0x0000000035571800 JavaThread "Thread-15" daemon [_thread_in_native, id=25524, stack(0x000000003ae20000,0x000000003af20000)]
  0x0000000035570000 JavaThread "Thread-14" daemon [_thread_in_native, id=25280, stack(0x000000003ad20000,0x000000003ae20000)]
  0x0000000035573000 JavaThread "Thread-13" daemon [_thread_in_native, id=21632, stack(0x000000003ac20000,0x000000003ad20000)]
  0x0000000035572800 JavaThread "Thread-12" daemon [_thread_in_native, id=24948, stack(0x000000003ab20000,0x000000003ac20000)]
  0x0000000035571000 JavaThread "Thread-11" daemon [_thread_in_native, id=8788, stack(0x000000003aa20000,0x000000003ab20000)]
  0x000000003556e000 JavaThread "Thread-10" daemon [_thread_in_native, id=23104, stack(0x000000003a920000,0x000000003aa20000)]
  0x0000000022d3b800 JavaThread "Thread-9" daemon [_thread_in_native, id=5880, stack(0x000000003a820000,0x000000003a920000)]
  0x0000000022d3f000 JavaThread "Thread-8" daemon [_thread_in_native, id=15688, stack(0x000000003a720000,0x000000003a820000)]
  0x0000000031bf7000 JavaThread "Thread-7" daemon [_thread_in_native, id=5936, stack(0x000000003a620000,0x000000003a720000)]
  0x000000003778f800 JavaThread "Thread-6" daemon [_thread_in_native, id=25940, stack(0x000000003a520000,0x000000003a620000)]
  0x0000000034ff7000 JavaThread "Thread-5" daemon [_thread_in_native, id=12596, stack(0x000000003a420000,0x000000003a520000)]
  0x0000000031039800 JavaThread "Thread-4" daemon [_thread_in_native, id=3452, stack(0x000000003a170000,0x000000003a270000)]
  0x000000002679a800 JavaThread "Thread-2" daemon [_thread_in_native, id=4376, stack(0x0000000028d20000,0x0000000028e20000)]
  0x0000000026368000 JavaThread "Thread-1" daemon [_thread_blocked, id=19000, stack(0x0000000028c20000,0x0000000028d20000)]
  0x0000000022ddc000 JavaThread "Service Thread" daemon [_thread_blocked, id=13772, stack(0x0000000025540000,0x0000000025640000)]
  0x0000000022d3a800 JavaThread "C1 CompilerThread11" daemon [_thread_blocked, id=4204, stack(0x0000000025440000,0x0000000025540000)]
  0x0000000022d3d000 JavaThread "C1 CompilerThread10" daemon [_thread_blocked, id=26972, stack(0x0000000025340000,0x0000000025440000)]
  0x0000000022d3d800 JavaThread "C1 CompilerThread9" daemon [_thread_blocked, id=12872, stack(0x0000000025140000,0x0000000025240000)]
  0x0000000022d40000 JavaThread "C1 CompilerThread8" daemon [_thread_blocked, id=9552, stack(0x0000000025040000,0x0000000025140000)]
  0x0000000022d3a000 JavaThread "C2 CompilerThread7" daemon [_thread_blocked, id=3440, stack(0x0000000024f40000,0x0000000025040000)]
  0x0000000022d21000 JavaThread "C2 CompilerThread6" daemon [_thread_blocked, id=4972, stack(0x0000000024e40000,0x0000000024f40000)]
  0x0000000022d10800 JavaThread "C2 CompilerThread5" daemon [_thread_blocked, id=19136, stack(0x0000000024d40000,0x0000000024e40000)]
  0x0000000022d03000 JavaThread "C2 CompilerThread4" daemon [_thread_blocked, id=27008, stack(0x0000000024c40000,0x0000000024d40000)]
  0x0000000022cfa000 JavaThread "C2 CompilerThread3" daemon [_thread_blocked, id=14144, stack(0x0000000024b40000,0x0000000024c40000)]
  0x0000000022cf7000 JavaThread "C2 CompilerThread2" daemon [_thread_blocked, id=9348, stack(0x0000000024a40000,0x0000000024b40000)]
  0x0000000022cf3000 JavaThread "C2 CompilerThread1" daemon [_thread_blocked, id=25608, stack(0x0000000024940000,0x0000000024a40000)]
  0x0000000022cf1800 JavaThread "C2 CompilerThread0" daemon [_thread_blocked, id=25392, stack(0x0000000024840000,0x0000000024940000)]
  0x0000000022cf1000 JavaThread "Attach Listener" daemon [_thread_blocked, id=4936, stack(0x0000000024740000,0x0000000024840000)]
  0x0000000022ced000 JavaThread "Signal Dispatcher" daemon [_thread_blocked, id=7272, stack(0x0000000024640000,0x0000000024740000)]
  0x0000000021272800 JavaThread "Finalizer" daemon [_thread_blocked, id=26784, stack(0x0000000024540000,0x0000000024640000)]
  0x0000000021269800 JavaThread "Reference Handler" daemon [_thread_blocked, id=26748, stack(0x0000000024440000,0x0000000024540000)]
=>0x00000000029b4000 JavaThread "Render thread" [_thread_in_native, id=27992, stack(0x00000000028b0000,0x00000000029b0000)]

Other Threads:
  0x0000000022cb4000 VMThread [stack: 0x0000000024340000,0x0000000024440000] [id=24660]
  0x0000000022dc8000 WatcherThread [stack: 0x0000000025640000,0x0000000025740000] [id=1628]

VM state:not at safepoint (normal execution)

VM Mutex/Monitor currently owned by a thread: None

Heap:
 PSYoungGen      total 2039808K, used 527741K [0x0000000742000000, 0x00000007bfe80000, 0x00000007c0000000)
  eden space 2017792K, 26% used [0x0000000742000000,0x000000076235f7b8,0x00000007bd280000)
  from space 22016K, 0% used [0x00000007be900000,0x00000007be900000,0x00000007bfe80000)
  to   space 22528K, 0% used [0x00000007bd280000,0x00000007bd280000,0x00000007be880000)
 ParOldGen       total 2739712K, used 2191140K [0x0000000646000000, 0x00000006ed380000, 0x0000000742000000)
  object space 2739712K, 79% used [0x0000000646000000,0x00000006cbbc9080,0x00000006ed380000)
 Metaspace       used 266136K, capacity 303074K, committed 304748K, reserved 1298432K
  class space    used 45056K, capacity 54660K, committed 55156K, reserved 1048576K

Card table byte_map: [0x0000000011e70000,0x0000000012a50000] byte_map_base: 0x000000000ec40000

Marking Bits: (ParMarkBitMap*) 0x0000000054464040
 Begin Bits: [0x0000000013f30000, 0x0000000019db0000)
 End Bits:   [0x0000000019db0000, 0x000000001fc30000)

Polling page: 0x0000000000a50000

CodeCache: size=245760Kb used=158757Kb max_used=158881Kb free=87002Kb
 bounds [0x0000000002ab0000, 0x000000000c6e0000, 0x0000000011ab0000]
 total_blobs=45360 nmethods=42665 adapters=2594
 compilation: enabled

Compilation events (10 events):
Event: 5106.404 Thread 0x0000000022d3d800 63637       3       vazkii.quark.base.client.config.gui.widget.QButton$Celebration::running (35 bytes)
Event: 5106.404 Thread 0x0000000022d3d800 nmethod 63637 0x000000000b407610 code [0x000000000b407780, 0x000000000b4079b0]
Event: 5106.439 Thread 0x0000000022d40000 63638       1       net.coderbot.iris.gl.texture.InternalTextureFormat::getGlFormat (5 bytes)
Event: 5106.439 Thread 0x0000000022d3d000 63639       1       net.coderbot.iris.gl.texture.PixelFormat::getGlFormat (5 bytes)
Event: 5106.439 Thread 0x0000000022d3a800 63640       1       net.coderbot.iris.gl.texture.PixelType::getGlFormat (5 bytes)
Event: 5106.440 Thread 0x0000000022d3d000 nmethod 63639 0x00000000099aad10 code [0x00000000099aae60, 0x00000000099aaf70]
Event: 5106.440 Thread 0x0000000022d3a800 nmethod 63640 0x000000000b1bbcd0 code [0x000000000b1bbe20, 0x000000000b1bbf30]
Event: 5106.440 Thread 0x0000000022d40000 nmethod 63638 0x0000000009bed410 code [0x0000000009bed560, 0x0000000009bed670]
Event: 5106.444 Thread 0x0000000022d3d800 63641       1       net.coderbot.iris.pipeline.ClearPass::getFramebuffer (5 bytes)
Event: 5106.445 Thread 0x0000000022d3d800 nmethod 63641 0x0000000009bed110 code [0x0000000009bed260, 0x0000000009bed370]

GC Heap History (10 events):
Event: 5065.151 GC heap before
{Heap before GC invocations=599 (full 8):
 PSYoungGen      total 2038272K, used 2029935K [0x0000000742000000, 0x00000007bff00000, 0x00000007c0000000)
  eden space 2014208K, 100% used [0x0000000742000000,0x00000007bcf00000,0x00000007bcf00000)
  from space 24064K, 65% used [0x00000007be780000,0x00000007bf6dbc50,0x00000007bff00000)
  to   space 24576K, 0% used [0x00000007bcf00000,0x00000007bcf00000,0x00000007be700000)
 ParOldGen       total 2269696K, used 2264083K [0x0000000646000000, 0x00000006d0880000, 0x0000000742000000)
  object space 2269696K, 99% used [0x0000000646000000,0x00000006d0304fc0,0x00000006d0880000)
 Metaspace       used 266964K, capacity 304570K, committed 304748K, reserved 1298432K
  class space    used 45282K, capacity 55087K, committed 55156K, reserved 1048576K
Event: 5065.166 GC heap after
Heap after GC invocations=599 (full 8):
 PSYoungGen      total 2038784K, used 15759K [0x0000000742000000, 0x00000007bff80000, 0x00000007c0000000)
  eden space 2014208K, 0% used [0x0000000742000000,0x0000000742000000,0x00000007bcf00000)
  from space 24576K, 64% used [0x00000007bcf00000,0x00000007bde63c50,0x00000007be700000)
  to   space 24064K, 0% used [0x00000007be800000,0x00000007be800000,0x00000007bff80000)
 ParOldGen       total 2269696K, used 2264203K [0x0000000646000000, 0x00000006d0880000, 0x0000000742000000)
  object space 2269696K, 99% used [0x0000000646000000,0x00000006d0322fc0,0x00000006d0880000)
 Metaspace       used 266964K, capacity 304570K, committed 304748K, reserved 1298432K
  class space    used 45282K, capacity 55087K, committed 55156K, reserved 1048576K
}
Event: 5076.723 GC heap before
{Heap before GC invocations=600 (full 8):
 PSYoungGen      total 2038784K, used 2029967K [0x0000000742000000, 0x00000007bff80000, 0x00000007c0000000)
  eden space 2014208K, 100% used [0x0000000742000000,0x00000007bcf00000,0x00000007bcf00000)
  from space 24576K, 64% used [0x00000007bcf00000,0x00000007bde63c50,0x00000007be700000)
  to   space 24064K, 0% used [0x00000007be800000,0x00000007be800000,0x00000007bff80000)
 ParOldGen       total 2269696K, used 2264203K [0x0000000646000000, 0x00000006d0880000, 0x0000000742000000)
  object space 2269696K, 99% used [0x0000000646000000,0x00000006d0322fc0,0x00000006d0880000)
 Metaspace       used 266964K, capacity 304570K, committed 304748K, reserved 1298432K
  class space    used 45282K, capacity 55087K, committed 55156K, reserved 1048576K
Event: 5076.737 GC heap after
Heap after GC invocations=600 (full 8):
 PSYoungGen      total 2038784K, used 15759K [0x0000000742000000, 0x00000007bfe80000, 0x00000007c0000000)
  eden space 2015744K, 0% used [0x0000000742000000,0x0000000742000000,0x00000007bd080000)
  from space 23040K, 68% used [0x00000007be800000,0x00000007bf763c50,0x00000007bfe80000)
  to   space 23552K, 0% used [0x00000007bd080000,0x00000007bd080000,0x00000007be780000)
 ParOldGen       total 2269696K, used 2264387K [0x0000000646000000, 0x00000006d0880000, 0x0000000742000000)
  object space 2269696K, 99% used [0x0000000646000000,0x00000006d0350fc0,0x00000006d0880000)
 Metaspace       used 266964K, capacity 304570K, committed 304748K, reserved 1298432K
  class space    used 45282K, capacity 55087K, committed 55156K, reserved 1048576K
}
Event: 5087.542 GC heap before
{Heap before GC invocations=601 (full 8):
 PSYoungGen      total 2038784K, used 2031503K [0x0000000742000000, 0x00000007bfe80000, 0x00000007c0000000)
  eden space 2015744K, 100% used [0x0000000742000000,0x00000007bd080000,0x00000007bd080000)
  from space 23040K, 68% used [0x00000007be800000,0x00000007bf763c50,0x00000007bfe80000)
  to   space 23552K, 0% used [0x00000007bd080000,0x00000007bd080000,0x00000007be780000)
 ParOldGen       total 2269696K, used 2264387K [0x0000000646000000, 0x00000006d0880000, 0x0000000742000000)
  object space 2269696K, 99% used [0x0000000646000000,0x00000006d0350fc0,0x00000006d0880000)
 Metaspace       used 266980K, capacity 304570K, committed 304748K, reserved 1298432K
  class space    used 45282K, capacity 55087K, committed 55156K, reserved 1048576K
Event: 5087.556 GC heap after
Heap after GC invocations=601 (full 8):
 PSYoungGen      total 2039296K, used 15421K [0x0000000742000000, 0x00000007bff80000, 0x00000007c0000000)
  eden space 2015744K, 0% used [0x0000000742000000,0x0000000742000000,0x00000007bd080000)
  from space 23552K, 65% used [0x00000007bd080000,0x00000007bdf8f440,0x00000007be780000)
  to   space 23040K, 0% used [0x00000007be900000,0x00000007be900000,0x00000007bff80000)
 ParOldGen       total 2269696K, used 2265307K [0x0000000646000000, 0x00000006d0880000, 0x0000000742000000)
  object space 2269696K, 99% used [0x0000000646000000,0x00000006d0436fc0,0x00000006d0880000)
 Metaspace       used 266980K, capacity 304570K, committed 304748K, reserved 1298432K
  class space    used 45282K, capacity 55087K, committed 55156K, reserved 1048576K
}
Event: 5099.026 GC heap before
{Heap before GC invocations=602 (full 8):
 PSYoungGen      total 2039296K, used 2031165K [0x0000000742000000, 0x00000007bff80000, 0x00000007c0000000)
  eden space 2015744K, 100% used [0x0000000742000000,0x00000007bd080000,0x00000007bd080000)
  from space 23552K, 65% used [0x00000007bd080000,0x00000007bdf8f440,0x00000007be780000)
  to   space 23040K, 0% used [0x00000007be900000,0x00000007be900000,0x00000007bff80000)
 ParOldGen       total 2269696K, used 2265307K [0x0000000646000000, 0x00000006d0880000, 0x0000000742000000)
  object space 2269696K, 99% used [0x0000000646000000,0x00000006d0436fc0,0x00000006d0880000)
 Metaspace       used 266980K, capacity 304570K, committed 304748K, reserved 1298432K
  class space    used 45282K, capacity 55087K, committed 55156K, reserved 1048576K
Event: 5099.040 GC heap after
Heap after GC invocations=602 (full 8):
 PSYoungGen      total 2039808K, used 12958K [0x0000000742000000, 0x00000007bfe80000, 0x00000007c0000000)
  eden space 2017792K, 0% used [0x0000000742000000,0x0000000742000000,0x00000007bd280000)
  from space 22016K, 58% used [0x00000007be900000,0x00000007bf5a7a20,0x00000007bfe80000)
  to   space 22528K, 0% used [0x00000007bd280000,0x00000007bd280000,0x00000007be880000)
 ParOldGen       total 2269696K, used 2267322K [0x0000000646000000, 0x00000006d0880000, 0x0000000742000000)
  object space 2269696K, 99% used [0x0000000646000000,0x00000006d062e9e0,0x00000006d0880000)
 Metaspace       used 266980K, capacity 304570K, committed 304748K, reserved 1298432K
  class space    used 45282K, capacity 55087K, committed 55156K, reserved 1048576K
}
Event: 5099.040 GC heap before
{Heap before GC invocations=603 (full 9):
 PSYoungGen      total 2039808K, used 12958K [0x0000000742000000, 0x00000007bfe80000, 0x00000007c0000000)
  eden space 2017792K, 0% used [0x0000000742000000,0x0000000742000000,0x00000007bd280000)
  from space 22016K, 58% used [0x00000007be900000,0x00000007bf5a7a20,0x00000007bfe80000)
  to   space 22528K, 0% used [0x00000007bd280000,0x00000007bd280000,0x00000007be880000)
 ParOldGen       total 2269696K, used 2267322K [0x0000000646000000, 0x00000006d0880000, 0x0000000742000000)
  object space 2269696K, 99% used [0x0000000646000000,0x00000006d062e9e0,0x00000006d0880000)
 Metaspace       used 266980K, capacity 304570K, committed 304748K, reserved 1298432K
  class space    used 45282K, capacity 55087K, committed 55156K, reserved 1048576K
Event: 5103.397 GC heap after
Heap after GC invocations=603 (full 9):
 PSYoungGen      total 2039808K, used 0K [0x0000000742000000, 0x00000007bfe80000, 0x00000007c0000000)
  eden space 2017792K, 0% used [0x0000000742000000,0x0000000742000000,0x00000007bd280000)
  from space 22016K, 0% used [0x00000007be900000,0x00000007be900000,0x00000007bfe80000)
  to   space 22528K, 0% used [0x00000007bd280000,0x00000007bd280000,0x00000007be880000)
 ParOldGen       total 2739712K, used 2191140K [0x0000000646000000, 0x00000006ed380000, 0x0000000742000000)
  object space 2739712K, 79% used [0x0000000646000000,0x00000006cbbc9080,0x00000006ed380000)
 Metaspace       used 266104K, capacity 303036K, committed 304748K, reserved 1298432K
  class space    used 45047K, capacity 54649K, committed 55156K, reserved 1048576K
}

Deoptimization events (10 events):
Event: 5106.397 Thread 0x00000000029b4000 Uncommon trap: reason=unstable_if action=reinterpret pc=0x000000000b36b55c method=it.unimi.dsi.fastutil.ints.Int2ObjectOpenHashMap.values()Lit/unimi/dsi/fastutil/objects/ObjectCollection; @ 4
Event: 5106.401 Thread 0x00000000029b4000 Uncommon trap: reason=unstable_if action=reinterpret pc=0x0000000004994960 method=java.lang.ref.SoftReference.get()Ljava/lang/Object; @ 6
Event: 5106.402 Thread 0x00000000261ed800 Uncommon trap: reason=unstable_if action=reinterpret pc=0x000000000aa01b34 method=io.netty.channel.nio.NioEventLoop.wakeup(Z)V @ 1
Event: 5106.419 Thread 0x00000000029b4000 Uncommon trap: reason=unstable_if action=reinterpret pc=0x0000000004071420 method=java.lang.ref.SoftReference.get()Ljava/lang/Object; @ 6
Event: 5106.420 Thread 0x00000000029b4000 Uncommon trap: reason=unstable_if action=reinterpret pc=0x000000000b0f2a00 method=net.minecraft.network.NetworkManager.func_201058_a(Lnet/minecraft/network/IPacket;Lio/netty/util/concurrent/GenericFutureListener;)V @ 31
Event: 5106.421 Thread 0x00000000029b4000 Uncommon trap: reason=unstable_if action=reinterpret pc=0x00000000092e7188 method=org.lwjgl.glfw.GLFW.glfwWindowShouldClose(J)Z @ 20
Event: 5106.421 Thread 0x00000000029b4000 Uncommon trap: reason=unstable_if action=reinterpret pc=0x00000000088dfab0 method=net.minecraft.network.PacketThreadUtil.func_225383_a(Lnet/minecraft/network/INetHandler;Lnet/minecraft/network/IPacket;)V @ 9
Event: 5106.422 Thread 0x00000000029b4000 Uncommon trap: reason=unstable_if action=reinterpret pc=0x000000000b906a10 method=net.minecraft.client.multiplayer.PlayerController.func_78765_e()V @ 14
Event: 5106.422 Thread 0x00000000029b4000 Uncommon trap: reason=unstable_if action=reinterpret pc=0x000000000bfe95a8 method=net.minecraft.client.renderer.GameRenderer.func_175070_n()Z @ 34
Event: 5106.455 Thread 0x00000000029b4000 Uncommon trap: reason=null_check action=make_not_entrant pc=0x000000000bb0ae80 method=net.diebuddies.physics.PhysicsMod.getInstance(Lnet/minecraft/world/World;)Lnet/diebuddies/physics/PhysicsMod; @ 9

Internal exceptions (10 events):
Event: 5088.155 Thread 0x00000000355fd000 Exception <a 'sun/nio/fs/WindowsException'> (0x000000074b3d1510) thrown at [C:\re\workspace\8-2-build-windows-amd64-cygwin\jdk8u51\3951\hotspot\src\share\vm\prims\jni.cpp, line 709]
Event: 5088.155 Thread 0x00000000355fd000 Exception <a 'sun/nio/fs/WindowsException'> (0x000000074b3d1da8) thrown at [C:\re\workspace\8-2-build-windows-amd64-cygwin\jdk8u51\3951\hotspot\src\share\vm\prims\jni.cpp, line 709]
Event: 5088.155 Thread 0x00000000355fd000 Exception <a 'sun/nio/fs/WindowsException'> (0x000000074b3d2580) thrown at [C:\re\workspace\8-2-build-windows-amd64-cygwin\jdk8u51\3951\hotspot\src\share\vm\prims\jni.cpp, line 709]
Event: 5088.155 Thread 0x00000000355fd000 Exception <a 'sun/nio/fs/WindowsException'> (0x000000074b3d2c58) thrown at [C:\re\workspace\8-2-build-windows-amd64-cygwin\jdk8u51\3951\hotspot\src\share\vm\prims\jni.cpp, line 709]
Event: 5106.401 Thread 0x00000000029b4000 Implicit null exception at 0x0000000004992d5c to 0x0000000004994931
Event: 5106.419 Thread 0x00000000029b4000 Implicit null exception at 0x0000000004070f81 to 0x0000000004071405
Event: 5106.419 Thread 0x00000000029b4000 Exception <a 'java/lang/IllegalArgumentException': Wrong type at constant pool index> (0x00000007617109a8) thrown at [C:\re\workspace\8-2-build-windows-amd64-cygwin\jdk8u51\3951\hotspot\src\share\vm\prims\jvm.cpp, line 2143]
Event: 5106.419 Thread 0x00000000029b4000 Exception <a 'java/lang/IllegalArgumentException': Wrong type at constant pool index> (0x00000007617118f8) thrown at [C:\re\workspace\8-2-build-windows-amd64-cygwin\jdk8u51\3951\hotspot\src\share\vm\prims\jvm.cpp, line 2143]
Event: 5106.419 Thread 0x00000000029b4000 Exception <a 'java/lang/IllegalArgumentException': Wrong type at constant pool index> (0x000000076172f278) thrown at [C:\re\workspace\8-2-build-windows-amd64-cygwin\jdk8u51\3951\hotspot\src\share\vm\prims\jvm.cpp, line 2143]
Event: 5106.454 Thread 0x00000000029b4000 Implicit null exception at 0x000000000bb062d7 to 0x000000000bb0ae59

Events (10 events):
Event: 5106.421 Thread 0x00000000029b4000 DEOPT UNPACKING pc=0x0000000002af582a sp=0x00000000029ae490 mode 2
Event: 5106.422 Thread 0x00000000029b4000 Uncommon trap: trap_request=0xffffff65 fr.pc=0x000000000b906a10
Event: 5106.422 Thread 0x00000000029b4000 DEOPT PACKING pc=0x000000000b906a10 sp=0x00000000029ae540
Event: 5106.422 Thread 0x00000000029b4000 DEOPT UNPACKING pc=0x0000000002af582a sp=0x00000000029ae4d8 mode 2
Event: 5106.422 Thread 0x00000000029b4000 Uncommon trap: trap_request=0xffffff65 fr.pc=0x000000000bfe95a8
Event: 5106.422 Thread 0x00000000029b4000 DEOPT PACKING pc=0x000000000bfe95a8 sp=0x00000000029ae0a0
Event: 5106.422 Thread 0x00000000029b4000 DEOPT UNPACKING pc=0x0000000002af582a sp=0x00000000029adfc0 mode 2
Event: 5106.455 Thread 0x00000000029b4000 Uncommon trap: trap_request=0xfffffff4 fr.pc=0x000000000bb0ae80
Event: 5106.455 Thread 0x00000000029b4000 DEOPT PACKING pc=0x000000000bb0ae80 sp=0x00000000029adbe0
Event: 5106.455 Thread 0x00000000029b4000 DEOPT UNPACKING pc=0x0000000002af582a sp=0x00000000029adb30 mode 2


Dynamic libraries:
0x00007ff74ef50000 - 0x00007ff74ef87000 	C:\Games\CurseForge\Minecraft\Install\runtime\jre-legacy\windows-x64\jre-legacy\bin\javaw.exe
0x00007fff51e30000 - 0x00007fff52028000 	C:\Windows\SYSTEM32\ntdll.dll
0x00007fff51760000 - 0x00007fff5181d000 	C:\Windows\System32\KERNEL32.DLL
0x00007fff4f550000 - 0x00007fff4f81e000 	C:\Windows\System32\KERNELBASE.dll
0x00007fff51ac0000 - 0x00007fff51b6e000 	C:\Windows\System32\ADVAPI32.dll
0x00007fff51820000 - 0x00007fff518be000 	C:\Windows\System32\msvcrt.dll
0x00007fff4fe90000 - 0x00007fff4ff2c000 	C:\Windows\System32\sechost.dll
0x00007fff51630000 - 0x00007fff51755000 	C:\Windows\System32\RPCRT4.dll
0x00007fff506e0000 - 0x00007fff50880000 	C:\Windows\System32\USER32.dll
0x00007fff4fcd0000 - 0x00007fff4fcf2000 	C:\Windows\System32\win32u.dll
0x00007fff51be0000 - 0x00007fff51c0a000 	C:\Windows\System32\GDI32.dll
0x00007fff4fa60000 - 0x00007fff4fb6b000 	C:\Windows\System32\gdi32full.dll
0x00007fff4f910000 - 0x00007fff4f9ad000 	C:\Windows\System32\msvcp_win.dll
0x00007fff4fd90000 - 0x00007fff4fe90000 	C:\Windows\System32\ucrtbase.dll
0x00007fff3e540000 - 0x00007fff3e7da000 	C:\Windows\WinSxS\amd64_microsoft.windows.common-controls_6595b64144ccf1df_6.0.19041.1110_none_60b5254171f9507e\COMCTL32.dll
0x00007fff509c0000 - 0x00007fff509f0000 	C:\Windows\System32\IMM32.DLL
0x00000000544f0000 - 0x00000000545c2000 	C:\Games\CurseForge\Minecraft\Install\runtime\jre-legacy\windows-x64\jre-legacy\bin\msvcr100.dll
0x0000000053c60000 - 0x00000000544e3000 	C:\Games\CurseForge\Minecraft\Install\runtime\jre-legacy\windows-x64\jre-legacy\bin\server\jvm.dll
0x00007fff51dd0000 - 0x00007fff51dd8000 	C:\Windows\System32\PSAPI.DLL
0x00007fff432e0000 - 0x00007fff432ea000 	C:\Windows\SYSTEM32\VERSION.dll
0x00007fff40b20000 - 0x00007fff40b47000 	C:\Windows\SYSTEM32\WINMM.dll
0x00007fff25e40000 - 0x00007fff25e49000 	C:\Windows\SYSTEM32\WSOCK32.dll
0x00007fff51b70000 - 0x00007fff51bdb000 	C:\Windows\System32\WS2_32.dll
0x0000000053c50000 - 0x0000000053c5f000 	C:\Games\CurseForge\Minecraft\Install\runtime\jre-legacy\windows-x64\jre-legacy\bin\verify.dll
0x0000000053c20000 - 0x0000000053c49000 	C:\Games\CurseForge\Minecraft\Install\runtime\jre-legacy\windows-x64\jre-legacy\bin\java.dll
0x0000000053c00000 - 0x0000000053c16000 	C:\Games\CurseForge\Minecraft\Install\runtime\jre-legacy\windows-x64\jre-legacy\bin\zip.dll
0x00007fff4ff30000 - 0x00007fff50674000 	C:\Windows\System32\SHELL32.dll
0x00007fff4d1a0000 - 0x00007fff4d934000 	C:\Windows\SYSTEM32\windows.storage.dll
0x00007fff51120000 - 0x00007fff51474000 	C:\Windows\System32\combase.dll
0x00007fff4efb0000 - 0x00007fff4efe0000 	C:\Windows\SYSTEM32\Wldp.dll
0x00007fff51d20000 - 0x00007fff51dcd000 	C:\Windows\System32\SHCORE.dll
0x00007fff50880000 - 0x00007fff508d5000 	C:\Windows\System32\shlwapi.dll
0x00007fff4f490000 - 0x00007fff4f4af000 	C:\Windows\SYSTEM32\profapi.dll
0x0000000053bf0000 - 0x0000000053bfd000 	C:\Games\CurseForge\Minecraft\Install\runtime\jre-legacy\windows-x64\jre-legacy\bin\management.dll
0x0000000053bd0000 - 0x0000000053bea000 	C:\Games\CurseForge\Minecraft\Install\runtime\jre-legacy\windows-x64\jre-legacy\bin\net.dll
0x00007fff4ed10000 - 0x00007fff4ed7a000 	C:\Windows\system32\mswsock.dll
0x00007fff229b0000 - 0x00007fff229c7000 	C:\Windows\system32\napinsp.dll
0x00007fff22990000 - 0x00007fff229ab000 	C:\Windows\system32\pnrpnsp.dll
0x00007fff4a3f0000 - 0x00007fff4a405000 	C:\Windows\system32\wshbth.dll
0x00007fff4a8e0000 - 0x00007fff4a8fd000 	C:\Windows\system32\NLAapi.dll
0x00007fff4e9b0000 - 0x00007fff4e9eb000 	C:\Windows\SYSTEM32\IPHLPAPI.DLL
0x00007fff4e9f0000 - 0x00007fff4eabb000 	C:\Windows\SYSTEM32\DNSAPI.dll
0x00007fff51de0000 - 0x00007fff51de8000 	C:\Windows\System32\NSI.dll
0x00007fff22970000 - 0x00007fff22982000 	C:\Windows\System32\winrnr.dll
0x00007fff48210000 - 0x00007fff4821a000 	C:\Windows\System32\rasadhlp.dll
0x00007fff3fd10000 - 0x00007fff3fd90000 	C:\Windows\System32\fwpuclnt.dll
0x00007fff4f870000 - 0x00007fff4f897000 	C:\Windows\System32\bcrypt.dll
0x0000000053bb0000 - 0x0000000053bc1000 	C:\Games\CurseForge\Minecraft\Install\runtime\jre-legacy\windows-x64\jre-legacy\bin\nio.dll
0x0000000053b80000 - 0x0000000053ba4000 	C:\Games\CurseForge\Minecraft\Install\runtime\jre-legacy\windows-x64\jre-legacy\bin\sunec.dll
0x00007fff4ef00000 - 0x00007fff4ef18000 	C:\Windows\SYSTEM32\CRYPTSP.dll
0x00007fff4e620000 - 0x00007fff4e654000 	C:\Windows\system32\rsaenh.dll
0x00007fff4f450000 - 0x00007fff4f47e000 	C:\Windows\SYSTEM32\USERENV.dll
0x00007fff4fd00000 - 0x00007fff4fd82000 	C:\Windows\System32\bcryptprimitives.dll
0x00007fff4ef20000 - 0x00007fff4ef2c000 	C:\Windows\SYSTEM32\CRYPTBASE.dll
0x00007fff44760000 - 0x00007fff44777000 	C:\Windows\SYSTEM32\dhcpcsvc6.DLL
0x00007fff44800000 - 0x00007fff4481d000 	C:\Windows\SYSTEM32\dhcpcsvc.DLL
0x00007fff2ef00000 - 0x00007fff2ef72000 	C:\Games\CurseForge\Minecraft\Install\bin\a9df0ea5baea7f084f05425a59f37203022f1291\lwjgl.dll
0x00007fff1e4e0000 - 0x00007fff1e731000 	C:\Games\CurseForge\Minecraft\Install\bin\a9df0ea5baea7f084f05425a59f37203022f1291\jemalloc.dll
0x00007fff2eea0000 - 0x00007fff2eefe000 	C:\Games\CurseForge\Minecraft\Install\bin\a9df0ea5baea7f084f05425a59f37203022f1291\glfw.dll
0x00007fff4be90000 - 0x00007fff4bf2e000 	C:\Windows\system32\uxtheme.dll
0x00007fff17800000 - 0x00007fff17845000 	C:\Windows\SYSTEM32\dinput8.dll
0x00007ffee5c60000 - 0x00007ffee5c71000 	C:\Windows\SYSTEM32\xinput1_4.dll
0x00007fff4f820000 - 0x00007fff4f86e000 	C:\Windows\System32\cfgmgr32.dll
0x00007fff4f300000 - 0x00007fff4f32c000 	C:\Windows\SYSTEM32\DEVOBJ.dll
0x00007fff4c3d0000 - 0x00007fff4c3ff000 	C:\Windows\SYSTEM32\dwmapi.dll
0x00007fff3d310000 - 0x00007fff3d462000 	C:\Windows\SYSTEM32\inputhost.dll
0x00007fff51050000 - 0x00007fff5111d000 	C:\Windows\System32\OLEAUT32.dll
0x00007fff4b060000 - 0x00007fff4b1b4000 	C:\Windows\SYSTEM32\wintypes.dll
0x00007fff4bc70000 - 0x00007fff4bd62000 	C:\Windows\SYSTEM32\CoreMessaging.dll
0x00007fff4a7d0000 - 0x00007fff4a8c6000 	C:\Windows\SYSTEM32\PROPSYS.dll
0x00007fff4b810000 - 0x00007fff4bb6e000 	C:\Windows\SYSTEM32\CoreUIComponents.dll
0x00007fff4e240000 - 0x00007fff4e273000 	C:\Windows\SYSTEM32\ntmarta.dll
0x00007fff4ddd0000 - 0x00007fff4dde2000 	C:\Windows\SYSTEM32\kernel.appcore.dll
0x00007ffed9e80000 - 0x00007ffed9fb8000 	C:\ProgramData\A-Volute\A-Volute.Nahimic\Modules\Scheduled\x64\AudioDevProps2.dll
0x00007fff509f0000 - 0x00007fff50b1a000 	C:\Windows\System32\ole32.dll
0x00007ffef8f70000 - 0x00007ffef90c3000 	C:\Program Files (x86)\Stardock\Fences\FencesMenu64.dll
0x00007fff4a370000 - 0x00007fff4a384000 	C:\Windows\SYSTEM32\WTSAPI32.dll
0x00007fff3e7e0000 - 0x00007fff3e985000 	C:\Windows\WinSxS\amd64_microsoft.windows.gdiplus_6595b64144ccf1df_1.1.19041.1706_none_919e8e54cc8d4ca1\gdiplus.dll
0x00007fff153c0000 - 0x00007fff154d8000 	C:\Program Files (x86)\Stardock\Groupy\groupy_64.dll
0x00007fff519a0000 - 0x00007fff51ab5000 	C:\Windows\System32\MSCTF.dll
0x00007fff4db30000 - 0x00007fff4db3d000 	C:\Windows\SYSTEM32\HID.DLL
0x00007fff50b20000 - 0x00007fff50f8f000 	C:\Windows\System32\SETUPAPI.DLL
0x00007fff4f8a0000 - 0x00007fff4f907000 	C:\Windows\System32\WINTRUST.dll
0x00007fff4fb70000 - 0x00007fff4fcc6000 	C:\Windows\System32\CRYPT32.dll
0x00007fff4f140000 - 0x00007fff4f152000 	C:\Windows\SYSTEM32\MSASN1.dll
0x00007ffee5b30000 - 0x00007ffee5c57000 	C:\Windows\SYSTEM32\opengl32.dll
0x00007ffee5d50000 - 0x00007ffee5d7c000 	C:\Windows\SYSTEM32\GLU32.dll
0x000000002a4d0000 - 0x000000002a579000 	C:\Windows\System32\clbcatq.dll
0x00007ffec36f0000 - 0x00007ffec68a9000 	C:\Windows\System32\DriverStore\FileRepository\nvlt.inf_amd64_e7d8c0512da64e7d\nvoglv64.dll
0x00007fff42ba0000 - 0x00007fff42bd1000 	C:\Windows\SYSTEM32\cryptnet.dll
0x00007fff429b0000 - 0x00007fff42af8000 	C:\Windows\SYSTEM32\drvstore.dll
0x00007fff42b60000 - 0x00007fff42b9b000 	C:\Windows\SYSTEM32\dxcore.dll
0x00007fff17520000 - 0x00007fff177f1000 	C:\Windows\system32\nvspcap64.dll
0x00007fff4eb20000 - 0x00007fff4eb6b000 	C:\Windows\SYSTEM32\powrprof.dll
0x00007fff4e990000 - 0x00007fff4e9a2000 	C:\Windows\SYSTEM32\UMPDC.dll
0x00007fff4e2b0000 - 0x00007fff4e30a000 	C:\Windows\SYSTEM32\WINSTA.dll
0x00007fff2b3d0000 - 0x00007fff2b44f000 	C:\Games\CurseForge\Minecraft\Install\bin\a9df0ea5baea7f084f05425a59f37203022f1291\lwjgl_stb.dll
0x00007fff49590000 - 0x00007fff4963e000 	C:\Windows\SYSTEM32\mscms.dll
0x00007fff494d0000 - 0x00007fff494e1000 	C:\Windows\SYSTEM32\ColorAdapterClient.dll
0x00007fff43bc0000 - 0x00007fff43c03000 	C:\Windows\SYSTEM32\icm32.dll
0x00007fff3d160000 - 0x00007fff3d259000 	C:\Windows\SYSTEM32\textinputframework.dll
0x00007fff40020000 - 0x00007fff40086000 	C:\Windows\system32\Oleacc.dll
0x00007fff2ee40000 - 0x00007fff2ee98000 	C:\Games\CurseForge\Minecraft\Install\bin\a9df0ea5baea7f084f05425a59f37203022f1291\lwjgl_opengl.dll
0x00007fff48bd0000 - 0x00007fff48c12000 	C:\Users\NukelordBrown\AppData\Local\Temp\jna--1590639904\jna8861920567698325758.dll
0x0000000053b70000 - 0x0000000053b7c000 	C:\Games\CurseForge\Minecraft\Install\runtime\jre-legacy\windows-x64\jre-legacy\bin\jsound.dll
0x0000000053b60000 - 0x0000000053b6b000 	C:\Games\CurseForge\Minecraft\Install\runtime\jre-legacy\windows-x64\jre-legacy\bin\jsoundds.dll
0x00007fff35e20000 - 0x00007fff35ebc000 	C:\Windows\SYSTEM32\DSOUND.dll
0x00007fff35df0000 - 0x00007fff35e16000 	C:\Windows\SYSTEM32\winmmbase.dll
0x00007fff48f20000 - 0x00007fff48fa5000 	C:\Windows\SYSTEM32\MMDevAPI.DLL
0x00007ffee59d0000 - 0x00007ffee5a16000 	C:\Windows\SYSTEM32\wdmaud.drv
0x00007fff48870000 - 0x00007fff48879000 	C:\Windows\SYSTEM32\ksuser.dll
0x00007fff4ddb0000 - 0x00007fff4ddba000 	C:\Windows\SYSTEM32\AVRT.dll
0x00007fff49050000 - 0x00007fff491d2000 	C:\Windows\SYSTEM32\AUDIOSES.DLL
0x00007ffef2020000 - 0x00007ffef202d000 	C:\Windows\SYSTEM32\msacm32.drv
0x00007ffee5c90000 - 0x00007ffee5cae000 	C:\Windows\SYSTEM32\MSACM32.dll
0x00007ffee5c80000 - 0x00007ffee5c8b000 	C:\Windows\SYSTEM32\midimap.dll
0x00007ffedde90000 - 0x00007ffede0f6000 	C:\Users\NukelordBrown\AppData\Local\Temp\de.fabmax.physx-jni\0.4.15\PhysX_64.dll
0x00007fff0f340000 - 0x00007fff0f517000 	C:\Users\NukelordBrown\AppData\Local\Temp\de.fabmax.physx-jni\0.4.15\PhysXCommon_64.dll
0x00007fff213a0000 - 0x00007fff2144a000 	C:\Users\NukelordBrown\AppData\Local\Temp\de.fabmax.physx-jni\0.4.15\PhysXCooking_64.dll
0x00007fff21d80000 - 0x00007fff21e11000 	C:\Users\NukelordBrown\AppData\Local\Temp\de.fabmax.physx-jni\0.4.15\PhysXFoundation_64.dll
0x00007fff0c3a0000 - 0x00007fff0c5a4000 	C:\Users\NukelordBrown\AppData\Local\Temp\de.fabmax.physx-jni\0.4.15\PhysXJniBindings_64.dll
0x00007ffee6090000 - 0x00007ffee60f7000 	C:\ProgramData\A-Volute\A-Volute.Nahimic\Modules\Scheduled\x64\ProductInfo.dll
0x00007ffee58a0000 - 0x00007ffee58e3000 	C:\ProgramData\A-Volute\A-Volute.Nahimic\Modules\Scheduled\x64\ASM.Plugin.AudioDevProps2.dll
0x00000000539c0000 - 0x0000000053b58000 	C:\Games\CurseForge\Minecraft\Install\runtime\jre-legacy\windows-x64\jre-legacy\bin\awt.dll
0x00007fff4bda0000 - 0x00007fff4be30000 	C:\Windows\SYSTEM32\apphelp.dll
0x00007fff4c1f0000 - 0x00007fff4c204000 	C:\Windows\SYSTEM32\resourcepolicyclient.dll
0x00007fff21120000 - 0x00007fff211bc000 	C:\Users\NUKELO~1\AppData\Local\Temp\jna--1590639904\jna1505720753347241882.dll
0x00007fff3d470000 - 0x00007fff3d5b1000 	C:\Windows\System32\Windows.UI.dll

VM Arguments:
jvm_args: -XX:HeapDumpPath=MojangTricksIntelDriversForPerformance_javaw.exe_minecraft.exe.heapdump -Dos.name=Windows 10 -Dos.version=10.0 -Xss1M -Djava.library.path=C:\Games\CurseForge\Minecraft\Install\bin\a9df0ea5baea7f084f05425a59f37203022f1291 -Dminecraft.launcher.brand=minecraft-launcher -Dminecraft.launcher.version=2.4.39 -Xmx6048m -Xms256m -Dminecraft.applet.TargetDirectory=C:\Games\CurseForge\Minecraft\Instances\Blood-N-Wine-2 -Dfml.ignorePatchDiscrepancies=true -Dfml.ignoreInvalidMinecraftCertificates=true -Duser.language=en -Duser.country=US -Dlog4j.configurationFile=C:\Games\CurseForge\Minecraft\Install\assets\log_configs\client-1.12.xml 
java_command: cpw.mods.modlauncher.Launcher --username Nukelord420 --version forge-36.2.35 --gameDir C:\Games\CurseForge\Minecraft\Instances\Blood-N-Wine-2 --assetsDir C:\Games\CurseForge\Minecraft\Install\assets --assetIndex 1.16 --uuid 29e423c126c942d89e776772bd06df02 --accessToken eyJraWQiOiJhYzg0YSIsImFsZyI6IkhTMjU2In0.eyJ4dWlkIjoiMjUzNTQyODE5MjM2MjEyNiIsImFnZyI6IkFkdWx0Iiwic3ViIjoiZmNhNGVlNjItYzI4Zi00NzI0LWJkZTktNGU3ZDBiYWQ0ODBjIiwiYXV0aCI6IlhCT1giLCJucyI6ImRlZmF1bHQiLCJyb2xlcyI6W10sImlzcyI6ImF1dGhlbnRpY2F0aW9uIiwicGxhdGZvcm0iOiJQQ19MQVVOQ0hFUiIsInl1aWQiOiI3YTRkMzAxOTgyNzg0NmNjYjZjZDdjZjg4Njc0OWMwZSIsIm5iZiI6MTY4MjU2NDUzOSwiZXhwIjoxNjgyNjUwOTM5LCJpYXQiOjE2ODI1NjQ1Mzl9.jw7G5Q8P2fVhNJDrvGQT7J2_Q2hYdQIWZMjG-EZT7jU --userType msa --versionType release --width 1024 --height 768 --launchTarget fmlclient --fml.forgeVersion 36.2.35 --fml.mcVersion 1.16.5 --fml.forgeGroup net.minecraftforge --fml.mcpVersion 20210115.111550
java_class_path (initial): C:\Games\CurseForge\Minecraft\Install\libraries\net\minecraftforge\forge\1.16.5-36.2.35\forge-1.16.5-36.2.35.jar;C:\Games\CurseForge\Minecraft\Install\libraries\org\ow2\asm\asm\9.1\asm-9.1.jar;C:\Games\CurseForge\Minecraft\Install\libraries\org\ow2\asm\asm-commons\9.1\asm-commons-9.1.jar;C:\Games\CurseForge\Minecraft\Install\libraries\org\ow2\asm\asm-tree\9.1\asm-tree-9.1.jar;C:\Games\CurseForge\Minecraft\Install\libraries\org\ow2\asm\asm-util\9.1\asm-util-9.1.jar;C:\Games\CurseForge\Minecraft\Install\libraries\org\ow2\asm\asm-analysis\9.1\asm-analysis-9.1.jar;C:\Games\CurseForge\Minecraft\Install\libraries\cpw\mods\modlauncher\8.1.3\modlauncher-8.1.3.jar;C:\Games\CurseForge\Minecraft\Install\libraries\cpw\mods\grossjava9hacks\1.3.3\grossjava9hacks-1.3.3.jar;C:\Games\CurseForge\Minecraft\Install\libraries\net\minecraftforge\accesstransformers\3.0.1\accesstransformers-3.0.1.jar;C:\Games\CurseForge\Minecraft\Install\libraries\org\antlr\antlr4-runtime\4.9.1\antlr4-runtime-4.9.1.jar;C:\Games\CurseForge\Minecraft\Install\libraries\net\minecraftforge\eventbus\4.0.0\eventbus-4.0.0.jar;C:\Games\CurseForge\Minecraft\Install\libraries\net\minecraftforge\forgespi\3.2.0\forgespi-3.2.0.jar;C:\Games\CurseForge\Minecraft\Install\libraries\net\minecraftforge\coremods\4.0.6\coremods-4.0.6.jar;C:\Games\CurseForge\Minecraft\Install\libraries\net\minecraftforge\unsafe\0.2.0\unsafe-0.2.0.jar;C:\Games\CurseForge\Minecraft\Install\libraries\com\electronwill\night-config\core\3.6.3\core-3.6.3.jar;C:\Games\CurseForge\Minecraft\Install\libraries\com\electronwill\night-config\toml\3.6.3\toml-3.6.3.jar;C:\Games\CurseForge\Minecraft\Install\libraries\org\jline\jline\3.12.1\jline-3.12.1.jar;C:\Games\CurseForge\Minecraft\Install\libraries\org\apache\maven\maven-artifact\3.6.3\maven-artifact-3.6.3.jar;C:\Games\CurseForge\Minecraft\Install\libraries\net\jodah\typetools\0.8.3\typetools-0.8.3.jar;C:\Games\CurseForge\Minecraft\Install\libraries\org\apache\logging\log4j\log
Launcher Type: SUN_STANDARD

Environment Variables:
PATH=C:\VulkanSDK\1.3.236.0\Bin;C:\Program Files (x86)\Razer Chroma SDK\bin;C:\Program Files\Razer Chroma SDK\bin;C:\Program Files\Common Files\Oracle\Java\javapath;C:\Program Files (x86)\Common Files\Oracle\Java\javapath;C:\Program Files (x86)\Razer\ChromaBroadcast\bin;C:\Program Files\Razer\ChromaBroadcast\bin;C:\Windows\system32;C:\Windows;C:\Windows\System32\Wbem;C:\Windows\System32\WindowsPowerShell\v1.0\;C:\Windows\System32\OpenSSH\;C:\Program Files (x86)\NVIDIA Corporation\PhysX\Common;C:\Program Files\NVIDIA Corporation\NVIDIA NvDLISR;C:\Program Files\PuTTY\;C:\Windows\system32\config\systemprofile\AppData\Local\Microsoft\WindowsApps;C:\Program Files\dotnet\;C:\Program Files\Common Files\Autodesk Shared\;C:\Program Files\Microsoft SQL Server\120\Tools\Binn\;G:\Bethesda-Game-Modding-Tools\Ruby26-x64\bin;C:\Users\NukelordBrown\AppData\Local\Programs\Python\Python310\Scripts\;C:\Users\NukelordBrown\AppData\Local\Programs\Python\Python310\;C:\Users\NukelordBrown\AppData\Local\Microsoft\WindowsApps;C:\Users\NukelordBrown\AppData\Local\Programs\Microsoft VS Code\bin;C:\Users\NukelordBrown\.dotnet\tools;C:\Users\NukelordBrown\AppData\Local\GitHubDesktop\bin;C:\Program Files\Perforce\;C:\Program Files\Git\cmd;G:\Bethesda-Game-Modding-Tools\Ruby26-x64\bin;C:\Users\NukelordBrown\AppData\Local\Programs\Python\Python310\Scripts\;C:\Users\NukelordBrown\AppData\Local\Programs\Python\Python310\;C:\Users\NukelordBrown\AppData\Local\Microsoft\WindowsApps;C:\Users\NukelordBrown\AppData\Local\Programs\Microsoft VS Code\bin;C:\Users\NukelordBrown\.dotnet\tools;C:\Users\NukelordBrown\AppData\Local\GitHubDesktop\bin
USERNAME=NukelordBrown
OS=Windows_NT
PROCESSOR_IDENTIFIER=AMD64 Family 25 Model 80 Stepping 0, AuthenticAMD



---------------  S Y S T E M  ---------------

OS: Windows 10.0 , 64 bit Build 19041 (10.0.19041.1806)

CPU:total 16 (16 cores per cpu, 1 threads per core) family 25 model 80 stepping 0, cmov, cx8, fxsr, mmx, sse, sse2, sse3, ssse3, sse4.1, sse4.2, popcnt, avx, avx2, aes, clmul, erms, mmxext, 3dnowpref, lzcnt, sse4a, tsc, tscinvbit, tscinv, bmi1

Memory: 4k page, physical 33402940k(18496084k free), swap 43364412k(15751524k free)

vm_info: Java HotSpot(TM) 64-Bit Server VM (25.51-b03) for windows-amd64 JRE (1.8.0_51-b16), built on Jun  8 2015 18:03:07 by "java_re" with MS VC++ 10.0 (VS2010)

time: Wed Apr 26 22:03:36 2023
elapsed time: 5106 seconds (0d 1h 25m 6s)

