#
# A fatal error has been detected by the Java Runtime Environment:
#
#  EXCEPTION_ACCESS_VIOLATION (0xc0000005) at pc=0x00007ffa04ac3716, pid=41520, tid=29856
#
# JRE version: Java(TM) SE Runtime Environment (8.0_51-b16) (build 1.8.0_51-b16)
# Java VM: Java HotSpot(TM) 64-Bit Server VM (25.51-b03 mixed mode windows-amd64 compressed oops)
# Problematic frame:
# C  [PhysXJniBindings_64.dll+0x53716]
#
# Failed to write core dump. Minidumps are not enabled by default on client versions of Windows
#
# If you would like to submit a bug report, please visit:
#   http://bugreport.java.com/bugreport/crash.jsp
# The crash happened outside the Java Virtual Machine in native code.
# See problematic frame for where to report the bug.
#

---------------  T H R E A D  ---------------

Current thread (0x00000000028f4000):  JavaThread "Render thread" [_thread_in_native, id=29856, stack(0x00000000027f0000,0x00000000028f0000)]

siginfo: ExceptionCode=0xc0000005, reading address 0x0000000000000000

Registers:
RAX=0x0000000000000000, RBX=0x0000000000000018, RCX=0x0000000000000000, RDX=0x0000000000000000
RSP=0x00000000028ed9a0, RBP=0x00000000028eda48, RSI=0x0000000000000003, RDI=0x0000000000000000
R8 =0x0000000000000003, R9 =0x0000000026c65360, R10=0x0000000002a057c8, R11=0x0000000059b47bb0
R12=0x0000000000000000, R13=0x0000000047e0b8b0, R14=0x00000000028eda68, R15=0x00000000028f4000
RIP=0x00007ffa04ac3716, EFLAGS=0x0000000000010206

Top of Stack: (sp=0x00000000028ed9a0)
0x00000000028ed9a0:   00000000c11cf5c3 0000000002a05d20
0x00000000028ed9b0:   000000065be57048 00000000029f7800
0x00000000028ed9c0:   000000000000000c 00000000095dfbe5
0x00000000028ed9d0:   00000000029f7ced 0000000002a057f4
0x00000000028ed9e0:   0000000047e0b8b0 00000000f80bd9e1
0x00000000028ed9f0:   00000000028ed9f0 0000000000000000
0x00000000028eda00:   00000000028eda68 00000000028eda08
0x00000000028eda10:   0000000000000000 00000000028eda68
0x00000000028eda20:   0000000047e0c880 0000000000000000
0x00000000028eda30:   0000000047e0b8b0 0000000000000000
0x00000000028eda40:   00000000028eda68 00000000028edab0
0x00000000028eda50:   00000000029f7800 000000065be357b8
0x00000000028eda60:   00000000029ff977 0000000000000003
0x00000000028eda70:   00000000028eda70 0000000047e0b809
0x00000000028eda80:   00000000028edac0 0000000047e0c880
0x00000000028eda90:   0000000000000000 0000000047e0b828 

Instructions: (pc=0x00007ffa04ac3716)
0x00007ffa04ac36f6:   89 74 24 10 57 48 83 ec 30 48 8b fa 8b f1 ff 15
0x00007ffa04ac3706:   86 3c 19 00 48 8b d8 ff 15 35 3c 19 00 48 8b c8
0x00007ffa04ac3716:   4c 8b 00 41 ff 50 28 84 c0 75 09 48 8d 05 a0 5e
0x00007ffa04ac3726:   12 00 eb 13 48 8d 15 8f 3f 19 00 48 8d 0d 20 2d 


Register to memory mapping:

RAX=0x0000000000000000 is an unknown value
RBX=0x0000000000000018 is an unknown value
RCX=0x0000000000000000 is an unknown value
RDX=0x0000000000000000 is an unknown value
RSP=0x00000000028ed9a0 is pointing into the stack for thread: 0x00000000028f4000
RBP=0x00000000028eda48 is pointing into the stack for thread: 0x00000000028f4000
RSI=0x0000000000000003 is an unknown value
RDI=0x0000000000000000 is an unknown value
R8 =0x0000000000000003 is an unknown value
R9 =0x0000000026c65360 is an unknown value
R10=0x0000000002a057c8 is at code_begin+840 in an Interpreter codelet
method entry point (kind = native)  [0x0000000002a05480, 0x0000000002a05de0]  2400 bytes
R11=0x0000000059b47bb0 is an unknown value
R12=0x0000000000000000 is an unknown value
R13={method} {0x0000000047e0b8b8} '_DefaultCpuDispatcherCreate' '(I)J' in 'physx/PxTopLevelFunctions'
R14=0x00000000028eda68 is pointing into the stack for thread: 0x00000000028f4000
R15=0x00000000028f4000 is a thread


Stack: [0x00000000027f0000,0x00000000028f0000],  sp=0x00000000028ed9a0,  free space=1014k
Native frames: (J=compiled Java code, j=interpreted, Vv=VM code, C=native code)
C  [PhysXJniBindings_64.dll+0x53716]
C  0x0000000002a057f4

Java frames: (J=compiled Java code, j=interpreted, Vv=VM code)
j  physx.PxTopLevelFunctions._DefaultCpuDispatcherCreate(I)J+0
j  physx.PxTopLevelFunctions.DefaultCpuDispatcherCreate(I)Lphysx/extensions/PxDefaultCpuDispatcher;+1
j  net.diebuddies.physics.DynamicsWorld.<init>(Lnet/minecraft/world/World;F)V+211
j  net.diebuddies.physics.PhysicsWorld.<init>(Lnet/minecraft/world/World;)V+83
j  net.diebuddies.physics.PhysicsMod.<init>(Lnet/minecraft/world/World;)V+180
j  net.diebuddies.physics.PhysicsMod.getInstance(Lnet/minecraft/world/World;)Lnet/diebuddies/physics/PhysicsMod;+22
j  net.minecraft.client.renderer.WorldRenderer.handler$bjc000$renderChunkLayerSolid(Lnet/minecraft/client/renderer/RenderType;Lcom/mojang/blaze3d/matrix/MatrixStack;DDDLorg/spongepowered/asm/mixin/injection/callback/CallbackInfo;)V+226
J 48573 C2 net.minecraft.client.renderer.WorldRenderer.func_228441_a_(Lnet/minecraft/client/renderer/RenderType;Lcom/mojang/blaze3d/matrix/MatrixStack;DDD)V (186 bytes) @ 0x000000000ad5d9b8 [0x000000000ad5acc0+0x2cf8]
J 51708 C2 net.coderbot.iris.pipeline.ShadowRenderer.renderShadows(Lnet/coderbot/iris/mixin/LevelRendererAccessor;Lnet/minecraft/client/renderer/ActiveRenderInfo;)V (808 bytes) @ 0x0000000009cf482c [0x0000000009cf3d60+0xacc]
J 52978 C2 net.minecraft.client.renderer.WorldRenderer.func_228426_a_(Lcom/mojang/blaze3d/matrix/MatrixStack;FJZLnet/minecraft/client/renderer/ActiveRenderInfo;Lnet/minecraft/client/renderer/GameRenderer;Lnet/minecraft/client/renderer/LightTexture;Lnet/minecraft/util/math/vector/Matrix4f;)V (4063 bytes) @ 0x000000000b4c1d24 [0x000000000b4c0e40+0xee4]
j  net.minecraft.client.renderer.GameRenderer.func_228378_a_(FJLcom/mojang/blaze3d/matrix/MatrixStack;)V+620
J 50936 C2 net.minecraft.client.renderer.GameRenderer.func_195458_a(FJZ)V (899 bytes) @ 0x0000000009fc8860 [0x0000000009fc8120+0x740]
j  net.minecraft.client.Minecraft.func_195542_b(Z)V+385
j  net.minecraft.client.Minecraft.handler$cdg000$unloadWorldScreenshot(Lnet/minecraft/client/gui/screen/Screen;Lorg/spongepowered/asm/mixin/injection/callback/CallbackInfo;)V+21
j  net.minecraft.client.Minecraft.func_213231_b(Lnet/minecraft/client/gui/screen/Screen;)V+49
j  net.minecraft.client.Minecraft.func_213254_o()V+8
j  net.minecraft.client.network.play.ClientPlayNetHandler.func_147231_a(Lnet/minecraft/util/text/ITextComponent;)V+19
j  net.minecraft.network.NetworkManager.func_179293_l()V+60
J 50039 C1 net.minecraft.client.multiplayer.PlayerController.func_78765_e()V (41 bytes) @ 0x000000000491606c [0x0000000004915ce0+0x38c]
J 29970 C1 net.minecraft.client.Minecraft.func_71407_l()V (981 bytes) @ 0x0000000007947cac [0x0000000007946ee0+0xdcc]
j  net.minecraft.client.Minecraft.func_195542_b(Z)V+183
j  net.minecraft.client.Minecraft.handler$cdg000$unloadWorldScreenshot(Lnet/minecraft/client/gui/screen/Screen;Lorg/spongepowered/asm/mixin/injection/callback/CallbackInfo;)V+21
j  net.minecraft.client.Minecraft.func_213231_b(Lnet/minecraft/client/gui/screen/Screen;)V+49
j  net.minecraft.client.Minecraft.func_213254_o()V+8
j  net.minecraft.client.Minecraft.func_71405_e()V+66
j  net.minecraft.client.main.Main.main([Ljava/lang/String;)V+1445
v  ~StubRoutines::call_stub
j  sun.reflect.NativeMethodAccessorImpl.invoke0(Ljava/lang/reflect/Method;Ljava/lang/Object;[Ljava/lang/Object;)Ljava/lang/Object;+0
j  sun.reflect.NativeMethodAccessorImpl.invoke(Ljava/lang/Object;[Ljava/lang/Object;)Ljava/lang/Object;+100
J 2380 C1 sun.reflect.DelegatingMethodAccessorImpl.invoke(Ljava/lang/Object;[Ljava/lang/Object;)Ljava/lang/Object; (10 bytes) @ 0x000000000331aecc [0x000000000331adc0+0x10c]
J 2379 C1 java.lang.reflect.Method.invoke(Ljava/lang/Object;[Ljava/lang/Object;)Ljava/lang/Object; (62 bytes) @ 0x000000000331b66c [0x000000000331b280+0x3ec]
j  net.minecraftforge.fml.loading.FMLClientLaunchProvider.lambda$launchService$0(Lcpw/mods/modlauncher/api/ITransformingClassLoader;[Ljava/lang/String;)Ljava/lang/Void;+50
j  net.minecraftforge.fml.loading.FMLClientLaunchProvider$$Lambda$502.call()Ljava/lang/Object;+12
j  cpw.mods.modlauncher.LaunchServiceHandlerDecorator.launch([Ljava/lang/String;Lcpw/mods/modlauncher/api/ITransformingClassLoader;)V+11
j  cpw.mods.modlauncher.LaunchServiceHandler.launch(Ljava/lang/String;[Ljava/lang/String;Lcpw/mods/modlauncher/TransformingClassLoader;Lcpw/mods/modlauncher/LaunchPluginHandler;)V+57
j  cpw.mods.modlauncher.LaunchServiceHandler.launch(Lcpw/mods/modlauncher/ArgumentHandler;Lcpw/mods/modlauncher/TransformingClassLoader;Lcpw/mods/modlauncher/LaunchPluginHandler;)V+19
j  cpw.mods.modlauncher.Launcher.run([Ljava/lang/String;)V+116
j  cpw.mods.modlauncher.Launcher.main([Ljava/lang/String;)V+37
v  ~StubRoutines::call_stub

---------------  P R O C E S S  ---------------

Java Threads: ( => current thread )
  0x000000014e344000 JavaThread "lava-daemon-pool-info-loader-23-thread-1" daemon [_thread_blocked, id=37312, stack(0x0000000045fb0000,0x00000000460b0000)]
  0x000000014e343000 JavaThread "LavaPlayer Audio Thread" [_thread_blocked, id=41220, stack(0x0000000045eb0000,0x0000000045fb0000)]
  0x000000014e342800 JavaThread "lava-daemon-pool-manager-24-thread-1" daemon [_thread_blocked, id=40924, stack(0x0000000036fd0000,0x00000000370d0000)]
  0x000000014e33b000 JavaThread "LavaPlayer Audio Thread" [_thread_blocked, id=36220, stack(0x00000000330f0000,0x00000000331f0000)]
  0x000000014e341800 JavaThread "lava-daemon-pool-manager-21-thread-1" daemon [_thread_blocked, id=42016, stack(0x00000000295d0000,0x00000000296d0000)]
  0x000000014e333000 JavaThread "lava-daemon-pool-info-loader-17-thread-1" daemon [_thread_blocked, id=35520, stack(0x0000000159be0000,0x0000000159ce0000)]
  0x000000014e331000 JavaThread "LavaPlayer Audio Thread" [_thread_blocked, id=34136, stack(0x000000008f290000,0x000000008f390000)]
  0x000000014e337800 JavaThread "lava-daemon-pool-manager-18-thread-1" daemon [_thread_blocked, id=31068, stack(0x000000008f190000,0x000000008f290000)]
  0x000000014e337000 JavaThread "LavaPlayer Audio Thread" [_thread_blocked, id=31752, stack(0x000000008f090000,0x000000008f190000)]
  0x000000014e332800 JavaThread "lava-daemon-pool-manager-15-thread-1" daemon [_thread_blocked, id=21680, stack(0x000000008ef90000,0x000000008f090000)]
  0x000000014e330000 JavaThread "lava-daemon-pool-info-loader-11-thread-1" daemon [_thread_blocked, id=29884, stack(0x000000008dae0000,0x000000008dbe0000)]
  0x000000014e328800 JavaThread "LavaPlayer Audio Thread" [_thread_blocked, id=14620, stack(0x000000008cf60000,0x000000008d060000)]
  0x000000014e32d000 JavaThread "lava-daemon-pool-manager-12-thread-1" daemon [_thread_blocked, id=40712, stack(0x000000008cb10000,0x000000008cc10000)]
  0x000000014e32f800 JavaThread "LavaPlayer Audio Thread" [_thread_blocked, id=30808, stack(0x000000008c7f0000,0x000000008c8f0000)]
  0x000000014e32c800 JavaThread "lava-daemon-pool-manager-9-thread-1" daemon [_thread_blocked, id=38796, stack(0x0000000046470000,0x0000000046570000)]
  0x000000003ce52800 JavaThread "Netty Client IO #8" daemon [_thread_in_native, id=34844, stack(0x00000001638f0000,0x00000001639f0000)]
  0x0000000030daf000 JavaThread "ForkJoinPool.commonPool-worker-9" daemon [_thread_blocked, id=15184, stack(0x0000000154e10000,0x0000000154f10000)]
  0x0000000030e77000 JavaThread "pool-12-thread-1" [_thread_blocked, id=38468, stack(0x00000001612f0000,0x00000001613f0000)]
  0x0000000030db2000 JavaThread "Chunk Render Task Executor #9" [_thread_blocked, id=23856, stack(0x00000000c37f0000,0x00000000c38f0000)]
  0x0000000030db9000 JavaThread "Chunk Render Task Executor #8" [_thread_blocked, id=40068, stack(0x00000000c36f0000,0x00000000c37f0000)]
  0x0000000030da4000 JavaThread "Chunk Render Task Executor #7" [_thread_blocked, id=33820, stack(0x00000000c35f0000,0x00000000c36f0000)]
  0x0000000030da2800 JavaThread "Chunk Render Task Executor #6" [_thread_blocked, id=10536, stack(0x00000000c34f0000,0x00000000c35f0000)]
  0x000000003ce5e800 JavaThread "Chunk Render Task Executor #5" [_thread_blocked, id=29288, stack(0x00000000c33f0000,0x00000000c34f0000)]
  0x000000003ce57000 JavaThread "Chunk Render Task Executor #4" [_thread_blocked, id=8016, stack(0x00000000c32f0000,0x00000000c33f0000)]
  0x000000003ce54800 JavaThread "Chunk Render Task Executor #3" [_thread_blocked, id=8152, stack(0x00000000c31f0000,0x00000000c32f0000)]
  0x000000003ce54000 JavaThread "Chunk Render Task Executor #2" [_thread_blocked, id=38552, stack(0x00000000c30f0000,0x00000000c31f0000)]
  0x000000003ce5a800 JavaThread "Chunk Render Task Executor #1" [_thread_blocked, id=40460, stack(0x00000000c2ff0000,0x00000000c30f0000)]
  0x000000003ce58800 JavaThread "Chunk Render Task Executor #0" [_thread_blocked, id=38264, stack(0x000000008cc30000,0x000000008cd30000)]
  0x0000000030db8800 JavaThread "ForkJoinPool.commonPool-worker-5" daemon [_thread_blocked, id=29712, stack(0x0000000155410000,0x0000000155510000)]
  0x0000000030db7800 JavaThread "ForkJoinPool.commonPool-worker-14" daemon [_thread_blocked, id=29704, stack(0x0000000155310000,0x0000000155410000)]
  0x0000000030db0000 JavaThread "ForkJoinPool.commonPool-worker-0" daemon [_thread_blocked, id=3316, stack(0x0000000155210000,0x0000000155310000)]
  0x0000000030db7000 JavaThread "ForkJoinPool.commonPool-worker-3" daemon [_thread_blocked, id=26276, stack(0x0000000155110000,0x0000000155210000)]
  0x0000000030db6000 JavaThread "ForkJoinPool.commonPool-worker-7" daemon [_thread_blocked, id=13528, stack(0x0000000155010000,0x0000000155110000)]
  0x0000000030db4800 JavaThread "ForkJoinPool.commonPool-worker-12" daemon [_thread_blocked, id=32464, stack(0x0000000154f10000,0x0000000155010000)]
  0x0000000030db5800 JavaThread "ForkJoinPool.commonPool-worker-10" daemon [_thread_blocked, id=20868, stack(0x0000000154d10000,0x0000000154e10000)]
  0x0000000030db3000 JavaThread "ForkJoinPool.commonPool-worker-8" daemon [_thread_blocked, id=27324, stack(0x0000000154c10000,0x0000000154d10000)]
  0x0000000030dae800 JavaThread "ForkJoinPool.commonPool-worker-15" daemon [_thread_blocked, id=40880, stack(0x0000000154b10000,0x0000000154c10000)]
  0x0000000030db1800 JavaThread "ForkJoinPool.commonPool-worker-6" daemon [_thread_blocked, id=26156, stack(0x0000000154a10000,0x0000000154b10000)]
  0x0000000030db0800 JavaThread "ForkJoinPool.commonPool-worker-13" daemon [_thread_blocked, id=29184, stack(0x0000000154910000,0x0000000154a10000)]
  0x0000000030dad800 JavaThread "ForkJoinPool.commonPool-worker-4" daemon [_thread_blocked, id=29116, stack(0x0000000154810000,0x0000000154910000)]
  0x0000000030db4000 JavaThread "ForkJoinPool.commonPool-worker-11" daemon [_thread_blocked, id=23352, stack(0x000000014f8d0000,0x000000014f9d0000)]
  0x0000000030dad000 JavaThread "ForkJoinPool.commonPool-worker-2" daemon [_thread_blocked, id=36020, stack(0x000000008e290000,0x000000008e390000)]
  0x0000000038442000 JavaThread "Litematica Chunk Batcher 15" daemon [_thread_blocked, id=31792, stack(0x00000000c45f0000,0x00000000c46f0000)]
  0x0000000038441800 JavaThread "Litematica Chunk Batcher 14" daemon [_thread_blocked, id=28864, stack(0x00000000c44f0000,0x00000000c45f0000)]
  0x0000000038444800 JavaThread "Litematica Chunk Batcher 13" daemon [_thread_blocked, id=28668, stack(0x00000000c43f0000,0x00000000c44f0000)]
  0x000000003843e800 JavaThread "Litematica Chunk Batcher 12" daemon [_thread_blocked, id=39484, stack(0x00000000c42f0000,0x00000000c43f0000)]
  0x0000000038440800 JavaThread "Litematica Chunk Batcher 11" daemon [_thread_blocked, id=42764, stack(0x00000000c41f0000,0x00000000c42f0000)]
  0x0000000038443000 JavaThread "Litematica Chunk Batcher 10" daemon [_thread_blocked, id=31496, stack(0x00000000c40f0000,0x00000000c41f0000)]
  0x0000000038443800 JavaThread "Litematica Chunk Batcher 9" daemon [_thread_blocked, id=7132, stack(0x00000000c3ff0000,0x00000000c40f0000)]
  0x00000000394f3800 JavaThread "Litematica Chunk Batcher 8" daemon [_thread_blocked, id=31660, stack(0x00000000c3ef0000,0x00000000c3ff0000)]
  0x00000000394ea800 JavaThread "Litematica Chunk Batcher 7" daemon [_thread_blocked, id=39488, stack(0x00000000c3df0000,0x00000000c3ef0000)]
  0x000000003ce60000 JavaThread "Litematica Chunk Batcher 6" daemon [_thread_blocked, id=41620, stack(0x00000000c3cf0000,0x00000000c3df0000)]
  0x000000003ce5f000 JavaThread "Litematica Chunk Batcher 5" daemon [_thread_blocked, id=28656, stack(0x00000000c3bf0000,0x00000000c3cf0000)]
  0x000000003ce5d000 JavaThread "Litematica Chunk Batcher 4" daemon [_thread_blocked, id=31008, stack(0x00000000c3af0000,0x00000000c3bf0000)]
  0x000000003ce5c000 JavaThread "Litematica Chunk Batcher 3" daemon [_thread_blocked, id=31788, stack(0x00000000c39f0000,0x00000000c3af0000)]
  0x000000003ce60800 JavaThread "Litematica Chunk Batcher 2" daemon [_thread_blocked, id=35300, stack(0x00000000c38f0000,0x00000000c39f0000)]
  0x000000003ce5d800 JavaThread "Litematica Chunk Batcher 1" daemon [_thread_blocked, id=40284, stack(0x00000000c1ec0000,0x00000000c1fc0000)]
  0x000000003ce5b800 JavaThread "Litematica Chunk Batcher 0" daemon [_thread_blocked, id=34048, stack(0x00000000c1dc0000,0x00000000c1ec0000)]
  0x000000003ce57800 JavaThread "Sound engine" daemon [_thread_blocked, id=17852, stack(0x0000000052f10000,0x0000000053010000)]
  0x000000003ce55800 JavaThread "Netty Client IO #7" daemon [_thread_in_native, id=23640, stack(0x0000000000b00000,0x0000000000c00000)]
  0x000000003a50e000 JavaThread "Netty Client IO #6" daemon [_thread_in_native, id=38452, stack(0x000000008d500000,0x000000008d600000)]
  0x0000000030716800 JavaThread "Netty Client IO #5" daemon [_thread_in_native, id=40604, stack(0x000000008d400000,0x000000008d500000)]
  0x00000000394f0000 JavaThread "Netty Client IO #4" daemon [_thread_in_native, id=39136, stack(0x000000008c680000,0x000000008c780000)]
  0x00000000394ee800 JavaThread "Netty Client IO #3" daemon [_thread_in_native, id=26112, stack(0x0000000045a70000,0x0000000045b70000)]
  0x00000000394e7000 JavaThread "Server Pinger #4" daemon [_thread_blocked, id=14212, stack(0x0000000000c70000,0x0000000000d70000)]
  0x000000002ffab000 JavaThread "Netty Client IO #2" daemon [_thread_in_native, id=20896, stack(0x0000000000a00000,0x0000000000b00000)]
  0x000000002ffa9000 JavaThread "Netty Client IO #1" daemon [_thread_in_native, id=34148, stack(0x000000009d280000,0x000000009d380000)]
  0x0000000030e83000 JavaThread "Netty Client IO #0" daemon [_thread_in_native, id=39456, stack(0x000000009c860000,0x000000009c960000)]
  0x0000000030e7f800 JavaThread "ObjectCleanerThread" daemon [_thread_blocked, id=36560, stack(0x000000009c760000,0x000000009c860000)]
  0x00000000303bd000 JavaThread "Server Pinger #3" daemon [_thread_blocked, id=30080, stack(0x00000000993c0000,0x00000000994c0000)]
  0x00000000303bc800 JavaThread "Server Pinger #2" daemon [_thread_blocked, id=32092, stack(0x0000000099060000,0x0000000099160000)]
  0x00000000303be800 JavaThread "Server Pinger #1" daemon [_thread_blocked, id=39176, stack(0x0000000098c10000,0x0000000098d10000)]
  0x00000000394f0800 JavaThread "Thread-65" daemon [_thread_in_native, id=38228, stack(0x0000000098b10000,0x0000000098c10000)]
  0x00000000394f4800 JavaThread "Server Pinger #0" daemon [_thread_blocked, id=13356, stack(0x0000000093e50000,0x0000000093f50000)]
  0x00000000394f1800 JavaThread "spark-worker-pool-1-thread-4" daemon [_thread_blocked, id=19680, stack(0x000000009da20000,0x000000009db20000)]
  0x00000000394ec000 JavaThread "spark-worker-pool-1-thread-3" daemon [_thread_blocked, id=12400, stack(0x0000000045d70000,0x0000000045e70000)]
  0x00000000394e6000 JavaThread "Thread-62" daemon [_thread_blocked, id=38412, stack(0x000000006aa20000,0x000000006ab20000)]
  0x000000002ffaf000 JavaThread "Thread-61" daemon [_thread_blocked, id=5240, stack(0x000000006a370000,0x000000006a470000)]
  0x000000002ffae000 JavaThread "spark-worker-pool-1-thread-2" daemon [_thread_blocked, id=14156, stack(0x000000006a750000,0x000000006a850000)]
  0x000000002ffad800 JavaThread "spark-worker-pool-1-thread-1" daemon [_thread_blocked, id=21980, stack(0x000000006a270000,0x000000006a370000)]
  0x000000002ffac000 JavaThread "spark-monitor" daemon [_thread_blocked, id=42848, stack(0x0000000027500000,0x0000000027600000)]
  0x000000002ffaa800 JavaThread "pool-5-thread-1" [_thread_blocked, id=35008, stack(0x00000000690b0000,0x00000000691b0000)]
  0x0000000030712000 JavaThread "Thread-57" daemon [_thread_in_native, id=15540, stack(0x00000000681d0000,0x00000000682d0000)]
  0x00000000303c3000 JavaThread "Java2D Disposer" daemon [_thread_blocked, id=13708, stack(0x000000005a1b0000,0x000000005a2b0000)]
  0x00000000303c4000 JavaThread "Thread-55" daemon [_thread_in_native, id=27220, stack(0x0000000059600000,0x0000000059700000)]
  0x00000000303c2800 JavaThread "Thread-54" daemon [_thread_in_native, id=38900, stack(0x0000000055590000,0x0000000055690000)]
  0x00000000303c1800 JavaThread "Thread-53" daemon [_thread_in_native, id=32136, stack(0x0000000055f50000,0x0000000056050000)]
  0x00000000303c1000 JavaThread "Thread-52" daemon [_thread_in_native, id=12968, stack(0x0000000054210000,0x0000000054310000)]
  0x00000000303ba000 JavaThread "Thread-51" daemon [_thread_in_native, id=28740, stack(0x0000000053900000,0x0000000053a00000)]
  0x00000000303b9800 JavaThread "Thread-50" daemon [_thread_in_native, id=4584, stack(0x0000000053800000,0x0000000053900000)]
  0x0000000022c3e800 JavaThread "Config Lib config file watcher" daemon [_thread_blocked, id=30700, stack(0x00000000520e0000,0x00000000521e0000)]
  0x000000003a510800 JavaThread "Thread-47" daemon [_thread_in_native, id=27988, stack(0x0000000051fe0000,0x00000000520e0000)]
  0x000000003a509800 JavaThread "pool-4-thread-16" [_thread_blocked, id=40852, stack(0x000000004ae00000,0x000000004af00000)]
  0x000000003a50c800 JavaThread "pool-4-thread-15" [_thread_blocked, id=11644, stack(0x000000004abc0000,0x000000004acc0000)]
  0x000000003a50b000 JavaThread "pool-4-thread-14" [_thread_blocked, id=27320, stack(0x0000000043870000,0x0000000043970000)]
  0x000000003a504800 JavaThread "pool-4-thread-13" [_thread_blocked, id=14732, stack(0x000000004a6d0000,0x000000004a7d0000)]
  0x000000003a50a800 JavaThread "pool-4-thread-12" [_thread_blocked, id=36980, stack(0x000000004afd0000,0x000000004b0d0000)]
  0x000000003a505000 JavaThread "pool-4-thread-11" [_thread_blocked, id=27052, stack(0x000000004ad00000,0x000000004ae00000)]
  0x000000003a502000 JavaThread "pool-4-thread-10" [_thread_blocked, id=21204, stack(0x000000004a8c0000,0x000000004a9c0000)]
  0x000000003a503800 JavaThread "pool-4-thread-9" [_thread_blocked, id=41884, stack(0x000000004a3d0000,0x000000004a4d0000)]
  0x000000003a506800 JavaThread "Thread-45" daemon [_thread_in_native, id=42456, stack(0x000000004a2d0000,0x000000004a3d0000)]
  0x000000003a507800 JavaThread "Thread-44" daemon [_thread_in_native, id=3060, stack(0x0000000049fd0000,0x000000004a0d0000)]
  0x000000003a501800 JavaThread "Thread-43" daemon [_thread_in_native, id=14016, stack(0x0000000049ed0000,0x0000000049fd0000)]
  0x000000003555a800 JavaThread "Thread-42" daemon [_thread_in_native, id=38564, stack(0x0000000049dd0000,0x0000000049ed0000)]
  0x0000000035561000 JavaThread "Thread-41" daemon [_thread_in_native, id=24968, stack(0x0000000049cd0000,0x0000000049dd0000)]
  0x0000000035559800 JavaThread "pool-4-thread-8" [_thread_blocked, id=33948, stack(0x0000000049bd0000,0x0000000049cd0000)]
  0x000000003555f800 JavaThread "Thread-40" daemon [_thread_in_native, id=38760, stack(0x0000000048a20000,0x0000000048b20000)]
  0x000000003555e000 JavaThread "Thread-39" daemon [_thread_in_native, id=31988, stack(0x0000000049ad0000,0x0000000049bd0000)]
  0x000000003555d800 JavaThread "Thread-38" daemon [_thread_in_native, id=39824, stack(0x00000000497d0000,0x00000000498d0000)]
  0x000000003555c800 JavaThread "Thread-37" daemon [_thread_in_native, id=16680, stack(0x00000000496d0000,0x00000000497d0000)]
  0x0000000035560800 JavaThread "Thread-36" daemon [_thread_in_native, id=33536, stack(0x0000000049120000,0x0000000049220000)]
  0x000000003555f000 JavaThread "pool-4-thread-7" [_thread_blocked, id=10976, stack(0x00000000493d0000,0x00000000494d0000)]
  0x000000003555b000 JavaThread "Thread-35" daemon [_thread_in_native, id=36888, stack(0x00000000492d0000,0x00000000493d0000)]
  0x000000003555c000 JavaThread "Thread-34" daemon [_thread_in_native, id=32088, stack(0x0000000049020000,0x0000000049120000)]
  0x0000000035553800 JavaThread "pool-4-thread-6" [_thread_blocked, id=8468, stack(0x0000000048d20000,0x0000000048e20000)]
  0x0000000035553000 JavaThread "pool-4-thread-5" [_thread_blocked, id=25276, stack(0x0000000048c20000,0x0000000048d20000)]
  0x0000000035552000 JavaThread "Thread-32" daemon [_thread_in_native, id=11820, stack(0x0000000048920000,0x0000000048a20000)]
  0x0000000035558000 JavaThread "pool-4-thread-4" [_thread_blocked, id=31776, stack(0x0000000047f90000,0x0000000048090000)]
  0x0000000035556800 JavaThread "Thread-31" daemon [_thread_in_native, id=31972, stack(0x0000000047440000,0x0000000047540000)]
  0x0000000035556000 JavaThread "pool-4-thread-3" [_thread_blocked, id=35928, stack(0x0000000041e70000,0x0000000041f70000)]
  0x0000000035557800 JavaThread "pool-4-thread-2" [_thread_blocked, id=12360, stack(0x0000000042000000,0x0000000042100000)]
  0x0000000035555000 JavaThread "pool-4-thread-1" [_thread_blocked, id=41044, stack(0x0000000041ac0000,0x0000000041bc0000)]
  0x0000000035554800 JavaThread "Thread-30" daemon [_thread_in_native, id=36680, stack(0x0000000040d80000,0x0000000040e80000)]
  0x0000000035559000 JavaThread "Thread-29" daemon [_thread_in_native, id=35528, stack(0x0000000042b20000,0x0000000042c20000)]
  0x0000000030e84000 JavaThread "Thread-28" daemon [_thread_in_native, id=35340, stack(0x0000000042a20000,0x0000000042b20000)]
  0x0000000030e85800 JavaThread "Thread-27" daemon [_thread_blocked, id=27156, stack(0x0000000042920000,0x0000000042a20000)]
  0x0000000030e82800 JavaThread "Java Sound Event Dispatcher" daemon [_thread_blocked, id=37052, stack(0x00000000404b0000,0x00000000405b0000)]
  0x0000000030e81800 JavaThread "Thread-25" daemon [_thread_blocked, id=41148, stack(0x0000000040a50000,0x0000000040b50000)]
  0x0000000030e7a000 JavaThread "lava-daemon-pool-info-loader-5-thread-1" daemon [_thread_blocked, id=28748, stack(0x00000000405c0000,0x00000000406c0000)]
  0x0000000030e81000 JavaThread "LavaPlayer Audio Thread" daemon [_thread_blocked, id=19480, stack(0x00000000401b0000,0x00000000402b0000)]
  0x0000000030e80000 JavaThread "lava-daemon-pool-manager-6-thread-1" daemon [_thread_blocked, id=33172, stack(0x00000000400b0000,0x00000000401b0000)]
  0x0000000030e79800 JavaThread "LavaPlayer Audio Thread" daemon [_thread_blocked, id=32664, stack(0x0000000047e90000,0x0000000047f90000)]
  0x0000000030e7e800 JavaThread "Thread-24" daemon [_thread_in_native, id=31056, stack(0x0000000046970000,0x0000000046a70000)]
  0x0000000030e78000 JavaThread "lava-daemon-pool-manager-3-thread-1" daemon [_thread_blocked, id=42036, stack(0x0000000047140000,0x0000000047240000)]
  0x0000000030e7d000 JavaThread "modloading-worker-5" daemon [_thread_blocked, id=8756, stack(0x0000000046170000,0x0000000046270000)]
  0x0000000030716000 JavaThread "modloading-worker-13" daemon [_thread_blocked, id=37968, stack(0x0000000045970000,0x0000000045a70000)]
  0x0000000030714800 JavaThread "Snooper Timer" daemon [_thread_blocked, id=34596, stack(0x000000003c2d0000,0x000000003c3d0000)]
  0x0000000030711800 JavaThread "Timer hack thread" daemon [_thread_blocked, id=39260, stack(0x000000003bbd0000,0x000000003bcd0000)]
  0x000000003070a800 JavaThread "Thread-20" daemon [_thread_in_native, id=1924, stack(0x000000003b8d0000,0x000000003b9d0000)]
  0x0000000030710800 JavaThread "Thread-19" daemon [_thread_in_native, id=19484, stack(0x000000003b7d0000,0x000000003b8d0000)]
  0x000000003070d000 JavaThread "Thread-18" daemon [_thread_in_native, id=38568, stack(0x000000003b6d0000,0x000000003b7d0000)]
  0x0000000030710000 JavaThread "Thread-17" daemon [_thread_in_native, id=37776, stack(0x000000003b5d0000,0x000000003b6d0000)]
  0x000000003070f000 JavaThread "Thread-16" daemon [_thread_in_native, id=30396, stack(0x000000003b4d0000,0x000000003b5d0000)]
  0x000000003070e800 JavaThread "Thread-15" daemon [_thread_in_native, id=13204, stack(0x000000003b3d0000,0x000000003b4d0000)]
  0x0000000022c41800 JavaThread "Thread-14" daemon [_thread_in_native, id=23136, stack(0x000000003a240000,0x000000003a340000)]
  0x0000000022c40800 JavaThread "Thread-13" daemon [_thread_in_native, id=34920, stack(0x0000000032d40000,0x0000000032e40000)]
  0x0000000022c43800 JavaThread "Thread-12" daemon [_thread_in_native, id=32176, stack(0x0000000032c40000,0x0000000032d40000)]
  0x0000000022c3f000 JavaThread "Thread-11" daemon [_thread_in_native, id=39356, stack(0x0000000032b40000,0x0000000032c40000)]
  0x0000000022c40000 JavaThread "Thread-10" daemon [_thread_in_native, id=19428, stack(0x0000000032a40000,0x0000000032b40000)]
  0x0000000039a3e000 JavaThread "Thread-9" daemon [_thread_in_native, id=9260, stack(0x0000000032940000,0x0000000032a40000)]
  0x0000000034b72800 JavaThread "Thread-8" daemon [_thread_in_native, id=29788, stack(0x0000000032840000,0x0000000032940000)]
  0x0000000025b1d800 JavaThread "Thread-7" daemon [_thread_in_native, id=38256, stack(0x0000000032740000,0x0000000032840000)]
  0x0000000026ca9800 JavaThread "Thread-6" daemon [_thread_in_native, id=19692, stack(0x0000000032640000,0x0000000032740000)]
  0x000000003675a800 JavaThread "Thread-5" daemon [_thread_in_native, id=30628, stack(0x0000000032540000,0x0000000032640000)]
  0x0000000025f49000 JavaThread "Thread-4" daemon [_thread_in_native, id=32064, stack(0x0000000032440000,0x0000000032540000)]
  0x000000002628a000 JavaThread "Thread-2" daemon [_thread_in_native, id=42976, stack(0x0000000028ad0000,0x0000000028bd0000)]
  0x000000002613c800 JavaThread "Thread-1" daemon [_thread_blocked, id=13096, stack(0x00000000289d0000,0x0000000028ad0000)]
  0x0000000022c8f000 JavaThread "Service Thread" daemon [_thread_blocked, id=8728, stack(0x00000000253f0000,0x00000000254f0000)]
  0x0000000022c3d800 JavaThread "C1 CompilerThread11" daemon [_thread_blocked, id=42888, stack(0x00000000252f0000,0x00000000253f0000)]
  0x0000000022c44800 JavaThread "C1 CompilerThread10" daemon [_thread_blocked, id=42676, stack(0x00000000251f0000,0x00000000252f0000)]
  0x0000000022c35000 JavaThread "C1 CompilerThread9" daemon [_thread_blocked, id=27876, stack(0x00000000250f0000,0x00000000251f0000)]
  0x0000000022c10000 JavaThread "C1 CompilerThread8" daemon [_thread_blocked, id=13276, stack(0x0000000024ef0000,0x0000000024ff0000)]
  0x0000000022bdb800 JavaThread "C2 CompilerThread7" daemon [_thread_blocked, id=35108, stack(0x0000000024df0000,0x0000000024ef0000)]
  0x0000000022bc2800 JavaThread "C2 CompilerThread6" daemon [_thread_blocked, id=35472, stack(0x0000000024cf0000,0x0000000024df0000)]
  0x0000000022bba000 JavaThread "C2 CompilerThread5" daemon [_thread_blocked, id=25676, stack(0x0000000024bf0000,0x0000000024cf0000)]
  0x0000000022bb4800 JavaThread "C2 CompilerThread4" daemon [_thread_blocked, id=29452, stack(0x0000000024af0000,0x0000000024bf0000)]
  0x0000000022bab800 JavaThread "C2 CompilerThread3" daemon [_thread_blocked, id=28192, stack(0x00000000249f0000,0x0000000024af0000)]
  0x0000000022ba8800 JavaThread "C2 CompilerThread2" daemon [_thread_blocked, id=4828, stack(0x00000000248f0000,0x00000000249f0000)]
  0x0000000022ba4800 JavaThread "C2 CompilerThread1" daemon [_thread_blocked, id=41496, stack(0x00000000247f0000,0x00000000248f0000)]
  0x0000000022ba3000 JavaThread "C2 CompilerThread0" daemon [_thread_blocked, id=37412, stack(0x00000000246f0000,0x00000000247f0000)]
  0x0000000022ba2800 JavaThread "Attach Listener" daemon [_thread_blocked, id=42712, stack(0x00000000245f0000,0x00000000246f0000)]
  0x0000000022b9e800 JavaThread "Signal Dispatcher" daemon [_thread_blocked, id=23612, stack(0x00000000244f0000,0x00000000245f0000)]
  0x0000000021136000 JavaThread "Finalizer" daemon [_thread_blocked, id=13968, stack(0x00000000243f0000,0x00000000244f0000)]
  0x000000002112d000 JavaThread "Reference Handler" daemon [_thread_blocked, id=37956, stack(0x00000000242f0000,0x00000000243f0000)]
=>0x00000000028f4000 JavaThread "Render thread" [_thread_in_native, id=29856, stack(0x00000000027f0000,0x00000000028f0000)]

Other Threads:
  0x0000000022b64000 VMThread [stack: 0x00000000241f0000,0x00000000242f0000] [id=13248]
  0x0000000022c90000 WatcherThread [stack: 0x00000000254f0000,0x00000000255f0000] [id=8020]

VM state:not at safepoint (normal execution)

VM Mutex/Monitor currently owned by a thread: None

Heap:
 PSYoungGen      total 1076736K, used 30033K [0x0000000742000000, 0x00000007afc80000, 0x00000007c0000000)
  eden space 1068032K, 2% used [0x0000000742000000,0x000000074352c4f0,0x0000000783300000)
  from space 8704K, 95% used [0x0000000783300000,0x0000000783b28150,0x0000000783b80000)
  to   space 363008K, 0% used [0x0000000799a00000,0x0000000799a00000,0x00000007afc80000)
 ParOldGen       total 1874944K, used 1600051K [0x0000000646000000, 0x00000006b8700000, 0x0000000742000000)
  object space 1874944K, 85% used [0x0000000646000000,0x00000006a7a8ce10,0x00000006b8700000)
 Metaspace       used 262364K, capacity 298091K, committed 298112K, reserved 1292288K
  class space    used 44974K, capacity 54649K, committed 54656K, reserved 1048576K

Card table byte_map: [0x0000000011db0000,0x0000000012990000] byte_map_base: 0x000000000eb80000

Marking Bits: (ParMarkBitMap*) 0x000000005a124040
 Begin Bits: [0x0000000013e70000, 0x0000000019cf0000)
 End Bits:   [0x0000000019cf0000, 0x000000001fb70000)

Polling page: 0x00000000005e0000

CodeCache: size=245760Kb used=141968Kb max_used=142493Kb free=103791Kb
 bounds [0x00000000029f0000, 0x000000000b5e0000, 0x00000000119f0000]
 total_blobs=40540 nmethods=37884 adapters=2558
 compilation: enabled

Compilation events (10 events):
Event: 263.328 Thread 0x0000000022c3d800 nmethod 53301 0x000000000aca85d0 code [0x000000000aca8720, 0x000000000aca8830]
Event: 263.344 Thread 0x0000000022c35000 53302       1       net.coderbot.iris.gl.texture.InternalTextureFormat::getGlFormat (5 bytes)
Event: 263.344 Thread 0x0000000022c44800 53303       1       net.coderbot.iris.gl.texture.PixelFormat::getGlFormat (5 bytes)
Event: 263.344 Thread 0x0000000022c3d800 53304       1       net.coderbot.iris.gl.texture.PixelType::getGlFormat (5 bytes)
Event: 263.345 Thread 0x0000000022c3d800 nmethod 53304 0x000000000a3f5210 code [0x000000000a3f5360, 0x000000000a3f5470]
Event: 263.345 Thread 0x0000000022c35000 nmethod 53302 0x000000000aee9050 code [0x000000000aee91a0, 0x000000000aee92b0]
Event: 263.345 Thread 0x0000000022c44800 nmethod 53303 0x00000000082c4510 code [0x00000000082c4660, 0x00000000082c4770]
Event: 263.348 Thread 0x0000000022c10000 53305       1       net.coderbot.iris.pipeline.ClearPass::getFramebuffer (5 bytes)
Event: 263.348 Thread 0x0000000022c10000 nmethod 53305 0x000000000a7ec010 code [0x000000000a7ec160, 0x000000000a7ec270]
Event: 263.349 Thread 0x0000000022ba3000 nmethod 53298 0x0000000009ebfdd0 code [0x0000000009ec0060, 0x0000000009ec1cd0]

GC Heap History (10 events):
Event: 228.328 GC heap before
{Heap before GC invocations=100 (full 7):
 PSYoungGen      total 1490432K, used 1064426K [0x0000000742000000, 0x00000007b9000000, 0x00000007c0000000)
  eden space 1057792K, 100% used [0x0000000742000000,0x0000000782900000,0x0000000782900000)
  from space 432640K, 1% used [0x000000079e980000,0x000000079effaa48,0x00000007b9000000)
  to   space 445952K, 0% used [0x0000000782900000,0x0000000782900000,0x000000079dc80000)
 ParOldGen       total 1874944K, used 1599299K [0x0000000646000000, 0x00000006b8700000, 0x0000000742000000)
  object space 1874944K, 85% used [0x0000000646000000,0x00000006a79d0e10,0x00000006b8700000)
 Metaspace       used 262264K, capacity 298049K, committed 298112K, reserved 1292288K
  class space    used 44965K, capacity 54638K, committed 54656K, reserved 1048576K
Event: 228.342 GC heap after
Heap after GC invocations=100 (full 7):
 PSYoungGen      total 1065472K, used 7640K [0x0000000742000000, 0x00000007b7a00000, 0x00000007c0000000)
  eden space 1057792K, 0% used [0x0000000742000000,0x0000000742000000,0x0000000782900000)
  from space 7680K, 99% used [0x0000000782900000,0x0000000783076238,0x0000000783080000)
  to   space 431616K, 0% used [0x000000079d480000,0x000000079d480000,0x00000007b7a00000)
 ParOldGen       total 1874944K, used 1599443K [0x0000000646000000, 0x00000006b8700000, 0x0000000742000000)
  object space 1874944K, 85% used [0x0000000646000000,0x00000006a79f4e10,0x00000006b8700000)
 Metaspace       used 262264K, capacity 298049K, committed 298112K, reserved 1292288K
  class space    used 44965K, capacity 54638K, committed 54656K, reserved 1048576K
}
Event: 237.061 GC heap before
{Heap before GC invocations=101 (full 7):
 PSYoungGen      total 1065472K, used 1065432K [0x0000000742000000, 0x00000007b7a00000, 0x00000007c0000000)
  eden space 1057792K, 100% used [0x0000000742000000,0x0000000782900000,0x0000000782900000)
  from space 7680K, 99% used [0x0000000782900000,0x0000000783076238,0x0000000783080000)
  to   space 431616K, 0% used [0x000000079d480000,0x000000079d480000,0x00000007b7a00000)
 ParOldGen       total 1874944K, used 1599443K [0x0000000646000000, 0x00000006b8700000, 0x0000000742000000)
  object space 1874944K, 85% used [0x0000000646000000,0x00000006a79f4e10,0x00000006b8700000)
 Metaspace       used 262281K, capacity 298049K, committed 298112K, reserved 1292288K
  class space    used 44965K, capacity 54638K, committed 54656K, reserved 1048576K
Event: 237.076 GC heap after
Heap after GC invocations=101 (full 7):
 PSYoungGen      total 1462784K, used 7786K [0x0000000742000000, 0x00000007b5a80000, 0x00000007c0000000)
  eden space 1063424K, 0% used [0x0000000742000000,0x0000000742000000,0x0000000782e80000)
  from space 399360K, 1% used [0x000000079d480000,0x000000079dc1aa78,0x00000007b5a80000)
  to   space 415744K, 0% used [0x0000000782e80000,0x0000000782e80000,0x000000079c480000)
 ParOldGen       total 1874944K, used 1599595K [0x0000000646000000, 0x00000006b8700000, 0x0000000742000000)
  object space 1874944K, 85% used [0x0000000646000000,0x00000006a7a1ae10,0x00000006b8700000)
 Metaspace       used 262281K, capacity 298049K, committed 298112K, reserved 1292288K
  class space    used 44965K, capacity 54638K, committed 54656K, reserved 1048576K
}
Event: 245.796 GC heap before
{Heap before GC invocations=102 (full 7):
 PSYoungGen      total 1462784K, used 1071210K [0x0000000742000000, 0x00000007b5a80000, 0x00000007c0000000)
  eden space 1063424K, 100% used [0x0000000742000000,0x0000000782e80000,0x0000000782e80000)
  from space 399360K, 1% used [0x000000079d480000,0x000000079dc1aa78,0x00000007b5a80000)
  to   space 415744K, 0% used [0x0000000782e80000,0x0000000782e80000,0x000000079c480000)
 ParOldGen       total 1874944K, used 1599595K [0x0000000646000000, 0x00000006b8700000, 0x0000000742000000)
  object space 1874944K, 85% used [0x0000000646000000,0x00000006a7a1ae10,0x00000006b8700000)
 Metaspace       used 262299K, capacity 298049K, committed 298112K, reserved 1292288K
  class space    used 44965K, capacity 54638K, committed 54656K, reserved 1048576K
Event: 245.811 GC heap after
Heap after GC invocations=102 (full 7):
 PSYoungGen      total 1071616K, used 8074K [0x0000000742000000, 0x00000007b3e80000, 0x00000007c0000000)
  eden space 1063424K, 0% used [0x0000000742000000,0x0000000742000000,0x0000000782e80000)
  from space 8192K, 98% used [0x0000000782e80000,0x0000000783662ad8,0x0000000783680000)
  to   space 398848K, 0% used [0x000000079b900000,0x000000079b900000,0x00000007b3e80000)
 ParOldGen       total 1874944K, used 1599731K [0x0000000646000000, 0x00000006b8700000, 0x0000000742000000)
  object space 1874944K, 85% used [0x0000000646000000,0x00000006a7a3ce10,0x00000006b8700000)
 Metaspace       used 262299K, capacity 298049K, committed 298112K, reserved 1292288K
  class space    used 44965K, capacity 54638K, committed 54656K, reserved 1048576K
}
Event: 254.414 GC heap before
{Heap before GC invocations=103 (full 7):
 PSYoungGen      total 1071616K, used 1071498K [0x0000000742000000, 0x00000007b3e80000, 0x00000007c0000000)
  eden space 1063424K, 100% used [0x0000000742000000,0x0000000782e80000,0x0000000782e80000)
  from space 8192K, 98% used [0x0000000782e80000,0x0000000783662ad8,0x0000000783680000)
  to   space 398848K, 0% used [0x000000079b900000,0x000000079b900000,0x00000007b3e80000)
 ParOldGen       total 1874944K, used 1599731K [0x0000000646000000, 0x00000006b8700000, 0x0000000742000000)
  object space 1874944K, 85% used [0x0000000646000000,0x00000006a7a3ce10,0x00000006b8700000)
 Metaspace       used 262302K, capacity 298049K, committed 298112K, reserved 1292288K
  class space    used 44965K, capacity 54638K, committed 54656K, reserved 1048576K
Event: 254.428 GC heap after
Heap after GC invocations=103 (full 7):
 PSYoungGen      total 1430528K, used 8128K [0x0000000742000000, 0x00000007b1b00000, 0x00000007c0000000)
  eden space 1068032K, 0% used [0x0000000742000000,0x0000000742000000,0x0000000783300000)
  from space 362496K, 2% used [0x000000079b900000,0x000000079c0f0120,0x00000007b1b00000)
  to   space 380928K, 0% used [0x0000000783300000,0x0000000783300000,0x000000079a700000)
 ParOldGen       total 1874944K, used 1599907K [0x0000000646000000, 0x00000006b8700000, 0x0000000742000000)
  object space 1874944K, 85% used [0x0000000646000000,0x00000006a7a68e10,0x00000006b8700000)
 Metaspace       used 262302K, capacity 298049K, committed 298112K, reserved 1292288K
  class space    used 44965K, capacity 54638K, committed 54656K, reserved 1048576K
}
Event: 263.180 GC heap before
{Heap before GC invocations=104 (full 7):
 PSYoungGen      total 1430528K, used 1076160K [0x0000000742000000, 0x00000007b1b00000, 0x00000007c0000000)
  eden space 1068032K, 100% used [0x0000000742000000,0x0000000783300000,0x0000000783300000)
  from space 362496K, 2% used [0x000000079b900000,0x000000079c0f0120,0x00000007b1b00000)
  to   space 380928K, 0% used [0x0000000783300000,0x0000000783300000,0x000000079a700000)
 ParOldGen       total 1874944K, used 1599907K [0x0000000646000000, 0x00000006b8700000, 0x0000000742000000)
  object space 1874944K, 85% used [0x0000000646000000,0x00000006a7a68e10,0x00000006b8700000)
 Metaspace       used 262333K, capacity 298053K, committed 298112K, reserved 1292288K
  class space    used 44965K, capacity 54638K, committed 54656K, reserved 1048576K
Event: 263.194 GC heap after
Heap after GC invocations=104 (full 7):
 PSYoungGen      total 1076736K, used 8352K [0x0000000742000000, 0x00000007afc80000, 0x00000007c0000000)
  eden space 1068032K, 0% used [0x0000000742000000,0x0000000742000000,0x0000000783300000)
  from space 8704K, 95% used [0x0000000783300000,0x0000000783b28150,0x0000000783b80000)
  to   space 363008K, 0% used [0x0000000799a00000,0x0000000799a00000,0x00000007afc80000)
 ParOldGen       total 1874944K, used 1600051K [0x0000000646000000, 0x00000006b8700000, 0x0000000742000000)
  object space 1874944K, 85% used [0x0000000646000000,0x00000006a7a8ce10,0x00000006b8700000)
 Metaspace       used 262333K, capacity 298053K, committed 298112K, reserved 1292288K
  class space    used 44965K, capacity 54638K, committed 54656K, reserved 1048576K
}

Deoptimization events (10 events):
Event: 254.104 Thread 0x00000000028f4000 Uncommon trap: reason=class_check action=maybe_recompile pc=0x0000000008fe328c method=net.minecraft.entity.LivingEntity.func_70679_bo()V @ 45
Event: 254.107 Thread 0x00000000028f4000 Uncommon trap: reason=class_check action=maybe_recompile pc=0x0000000008fe328c method=net.minecraft.entity.LivingEntity.func_70679_bo()V @ 45
Event: 255.491 Thread 0x000000003ce57800 Uncommon trap: reason=class_check action=maybe_recompile pc=0x000000000a86ba48 method=net.minecraft.util.concurrent.ThreadTaskExecutor.func_213161_c(Ljava/util/function/BooleanSupplier;)V @ 11
Event: 260.658 Thread 0x00000000028f4000 Uncommon trap: reason=class_check action=maybe_recompile pc=0x000000000b10e1b0 method=fuzs.betteranimationscollection.client.element.SoundDetectionElement.onLivingUpdate(Lnet/minecraftforge/event/entity/living/LivingEvent$LivingUpdateEvent;)V @ 128
Event: 263.290 Thread 0x00000000028f4000 Uncommon trap: reason=unstable_if action=reinterpret pc=0x000000000b32d46c method=org.lwjgl.glfw.GLFW.glfwWindowShouldClose(J)Z @ 20
Event: 263.299 Thread 0x000000003070d800 Uncommon trap: reason=unstable_if action=reinterpret pc=0x00000000096a5954 method=dev.tr7zw.entityculling.CullTask.run()V @ 7
Event: 263.310 Thread 0x00000000028f4000 Uncommon trap: reason=unstable_if action=reinterpret pc=0x000000000aba731c method=it.unimi.dsi.fastutil.ints.Int2ObjectOpenHashMap.values()Lit/unimi/dsi/fastutil/objects/ObjectCollection; @ 4
Event: 263.328 Thread 0x00000000028f4000 Uncommon trap: reason=unstable_if action=reinterpret pc=0x000000000b2e9ec8 method=org.lwjgl.glfw.GLFW.glfwWindowShouldClose(J)Z @ 20
Event: 263.329 Thread 0x00000000028f4000 Uncommon trap: reason=unstable_if action=reinterpret pc=0x000000000b36b7dc method=net.minecraft.client.renderer.GameRenderer.func_175070_n()Z @ 34
Event: 263.356 Thread 0x00000000028f4000 Uncommon trap: reason=null_check action=make_not_entrant pc=0x000000000b5744c0 method=net.diebuddies.physics.PhysicsMod.getInstance(Lnet/minecraft/world/World;)Lnet/diebuddies/physics/PhysicsMod; @ 9

Internal exceptions (10 events):
Event: 226.055 Thread 0x00000000028f4000 Exception <a 'java/lang/ClassCastException': java.lang.Boolean cannot be cast to java.lang.String> (0x0000000771885b48) thrown at [C:\re\workspace\8-2-build-windows-amd64-cygwin\jdk8u51\3951\hotspot\src\share\vm\interpreter\interpreterRuntime.cpp, line 381¬'©ÂAl@
Event: 226.055 Thread 0x00000000028f4000 Exception <a 'java/lang/ClassCastException': java.lang.Boolean cannot be cast to java.lang.Long> (0x0000000771885f18) thrown at [C:\re\workspace\8-2-build-windows-amd64-cygwin\jdk8u51\3951\hotspot\src\share\vm\interpreter\interpreterRuntime.cpp, line 381]
Event: 226.055 Thread 0x00000000028f4000 Exception <a 'java/lang/ClassCastException': java.lang.Boolean cannot be cast to java.lang.Double> (0x00000007718862e8) thrown at [C:\re\workspace\8-2-build-windows-amd64-cygwin\jdk8u51\3951\hotspot\src\share\vm\interpreter\interpreterRuntime.cpp, line 381Õ¾ÏÂAl@
Event: 226.055 Thread 0x00000000028f4000 Exception <a 'java/lang/ClassCastException': java.lang.Boolean cannot be cast to java.lang.String> (0x00000007718868f8) thrown at [C:\re\workspace\8-2-build-windows-amd64-cygwin\jdk8u51\3951\hotspot\src\share\vm\interpreter\interpreterRuntime.cpp, line 381L‘×ÞÂAl@
Event: 226.055 Thread 0x00000000028f4000 Exception <a 'java/lang/ClassCastException': java.lang.Boolean cannot be cast to java.lang.Long> (0x0000000771886cc8) thrown at [C:\re\workspace\8-2-build-windows-amd64-cygwin\jdk8u51\3951\hotspot\src\share\vm\interpreter\interpreterRuntime.cpp, line 381]
Event: 226.055 Thread 0x00000000028f4000 Exception <a 'java/lang/ClassCastException': java.lang.Boolean cannot be cast to java.lang.Double> (0x0000000771887098) thrown at [C:\re\workspace\8-2-build-windows-amd64-cygwin\jdk8u51\3951\hotspot\src\share\vm\interpreter\interpreterRuntime.cpp, line 381Ì£ÑÓ6up@
Event: 263.326 Thread 0x00000000028f4000 Exception <a 'java/lang/IllegalArgumentException': Wrong type at constant pool index> (0x0000000742cd4630) thrown at [C:\re\workspace\8-2-build-windows-amd64-cygwin\jdk8u51\3951\hotspot\src\share\vm\prims\jvm.cpp, line 2143]
Event: 263.326 Thread 0x00000000028f4000 Exception <a 'java/lang/IllegalArgumentException': Wrong type at constant pool index> (0x0000000742cd5560) thrown at [C:\re\workspace\8-2-build-windows-amd64-cygwin\jdk8u51\3951\hotspot\src\share\vm\prims\jvm.cpp, line 2143]
Event: 263.326 Thread 0x00000000028f4000 Exception <a 'java/lang/IllegalArgumentException': Wrong type at constant pool index> (0x0000000742cf2ee0) thrown at [C:\re\workspace\8-2-build-windows-amd64-cygwin\jdk8u51\3951\hotspot\src\share\vm\prims\jvm.cpp, line 2143]
Event: 263.356 Thread 0x00000000028f4000 Implicit null exception at 0x000000000b56f9d2 to 0x000000000b574499

Events (10 events):
Event: 263.329 Thread 0x00000000028f4000 Uncommon trap: trap_request=0xffffff65 fr.pc=0x000000000b36b7dc
Event: 263.329 Thread 0x00000000028f4000 DEOPT PACKING pc=0x000000000b36b7dc sp=0x00000000028ee120
Event: 263.329 Thread 0x00000000028f4000 DEOPT UNPACKING pc=0x0000000002a3582a sp=0x00000000028ee050 mode 2
Event: 263.330 Thread 0x0000000030718000 Thread exited: 0x0000000030718000
Event: 263.330 Executing VM operation: RevokeBias
Event: 263.330 Executing VM operation: RevokeBias done
Event: 263.330 Thread 0x0000000030dba800 Thread exited: 0x0000000030dba800
Event: 263.356 Thread 0x00000000028f4000 Uncommon trap: trap_request=0xfffffff4 fr.pc=0x000000000b5744c0
Event: 263.356 Thread 0x00000000028f4000 DEOPT PACKING pc=0x000000000b5744c0 sp=0x00000000028edcd0
Event: 263.356 Thread 0x00000000028f4000 DEOPT UNPACKING pc=0x0000000002a3582a sp=0x00000000028edc20 mode 2


Dynamic libraries:
0x00007ff75c710000 - 0x00007ff75c747000 	C:\Games\CurseForge\Minecraft\Install\runtime\jre-legacy\windows-x64\jre-legacy\bin\javaw.exe
0x00007ffa4ced0000 - 0x00007ffa4d0c8000 	C:\Windows\SYSTEM32\ntdll.dll
0x00007ffa4bde0000 - 0x00007ffa4be9d000 	C:\Windows\System32\KERNEL32.DLL
0x00007ffa4a640000 - 0x00007ffa4a90e000 	C:\Windows\System32\KERNELBASE.dll
0x00007ffa4c090000 - 0x00007ffa4c13e000 	C:\Windows\System32\ADVAPI32.dll
0x00007ffa4b720000 - 0x00007ffa4b7be000 	C:\Windows\System32\msvcrt.dll
0x00007ffa4af30000 - 0x00007ffa4afcc000 	C:\Windows\System32\sechost.dll
0x00007ffa4b7c0000 - 0x00007ffa4b8e5000 	C:\Windows\System32\RPCRT4.dll
0x00007ffa4c790000 - 0x00007ffa4c930000 	C:\Windows\System32\USER32.dll
0x00007ffa4ac20000 - 0x00007ffa4ac42000 	C:\Windows\System32\win32u.dll
0x00007ffa4bac0000 - 0x00007ffa4baea000 	C:\Windows\System32\GDI32.dll
0x00007ffa4a910000 - 0x00007ffa4aa1b000 	C:\Windows\System32\gdi32full.dll
0x00007ffa4aa20000 - 0x00007ffa4aabd000 	C:\Windows\System32\msvcp_win.dll
0x00007ffa4ada0000 - 0x00007ffa4aea0000 	C:\Windows\System32\ucrtbase.dll
0x00007ffa38620000 - 0x00007ffa388ba000 	C:\Windows\WinSxS\amd64_microsoft.windows.common-controls_6595b64144ccf1df_6.0.19041.1110_none_60b5254171f9507e\COMCTL32.dll
0x00007ffa4b8f0000 - 0x00007ffa4b920000 	C:\Windows\System32\IMM32.DLL
0x000000005a570000 - 0x000000005a642000 	C:\Games\CurseForge\Minecraft\Install\runtime\jre-legacy\windows-x64\jre-legacy\bin\msvcr100.dll
0x0000000059920000 - 0x000000005a1a3000 	C:\Games\CurseForge\Minecraft\Install\runtime\jre-legacy\windows-x64\jre-legacy\bin\server\jvm.dll
0x00007ffa4bdd0000 - 0x00007ffa4bdd8000 	C:\Windows\System32\PSAPI.DLL
0x00007ffa3bef0000 - 0x00007ffa3bf17000 	C:\Windows\SYSTEM32\WINMM.dll
0x00007ffa3dc30000 - 0x00007ffa3dc3a000 	C:\Windows\SYSTEM32\VERSION.dll
0x00007ffa14170000 - 0x00007ffa14179000 	C:\Windows\SYSTEM32\WSOCK32.dll
0x00007ffa4bf00000 - 0x00007ffa4bf6b000 	C:\Windows\System32\WS2_32.dll
0x000000005a560000 - 0x000000005a56f000 	C:\Games\CurseForge\Minecraft\Install\runtime\jre-legacy\windows-x64\jre-legacy\bin\verify.dll
0x000000005a530000 - 0x000000005a559000 	C:\Games\CurseForge\Minecraft\Install\runtime\jre-legacy\windows-x64\jre-legacy\bin\java.dll
0x000000005a510000 - 0x000000005a526000 	C:\Games\CurseForge\Minecraft\Install\runtime\jre-legacy\windows-x64\jre-legacy\bin\zip.dll
0x00007ffa4afd0000 - 0x00007ffa4b714000 	C:\Windows\System32\SHELL32.dll
0x00007ffa48180000 - 0x00007ffa48914000 	C:\Windows\SYSTEM32\windows.storage.dll
0x00007ffa4c430000 - 0x00007ffa4c784000 	C:\Windows\System32\combase.dll
0x00007ffa4a050000 - 0x00007ffa4a080000 	C:\Windows\SYSTEM32\Wldp.dll
0x00007ffa4ba10000 - 0x00007ffa4babd000 	C:\Windows\System32\SHCORE.dll
0x00007ffa4b9b0000 - 0x00007ffa4ba05000 	C:\Windows\System32\shlwapi.dll
0x00007ffa4a530000 - 0x00007ffa4a54f000 	C:\Windows\SYSTEM32\profapi.dll
0x000000005a500000 - 0x000000005a50d000 	C:\Games\CurseForge\Minecraft\Install\runtime\jre-legacy\windows-x64\jre-legacy\bin\management.dll
0x000000005a4e0000 - 0x000000005a4fa000 	C:\Games\CurseForge\Minecraft\Install\runtime\jre-legacy\windows-x64\jre-legacy\bin\net.dll
0x00007ffa49db0000 - 0x00007ffa49e1a000 	C:\Windows\system32\mswsock.dll
0x00007ffa05e60000 - 0x00007ffa05e77000 	C:\Windows\system32\napinsp.dll
0x00007ffa05e40000 - 0x00007ffa05e5b000 	C:\Windows\system32\pnrpnsp.dll
0x00007ffa45430000 - 0x00007ffa45445000 	C:\Windows\system32\wshbth.dll
0x00007ffa459f0000 - 0x00007ffa45a0d000 	C:\Windows\system32\NLAapi.dll
0x00007ffa49a50000 - 0x00007ffa49a8b000 	C:\Windows\SYSTEM32\IPHLPAPI.DLL
0x00007ffa49a90000 - 0x00007ffa49b5b000 	C:\Windows\SYSTEM32\DNSAPI.dll
0x00007ffa4bdc0000 - 0x00007ffa4bdc8000 	C:\Windows\System32\NSI.dll
0x00007ffa05e20000 - 0x00007ffa05e32000 	C:\Windows\System32\winrnr.dll
0x00007ffa43080000 - 0x00007ffa4308a000 	C:\Windows\System32\rasadhlp.dll
0x00007ffa3b240000 - 0x00007ffa3b2c0000 	C:\Windows\System32\fwpuclnt.dll
0x00007ffa4ad00000 - 0x00007ffa4ad27000 	C:\Windows\System32\bcrypt.dll
0x000000005a4c0000 - 0x000000005a4d1000 	C:\Games\CurseForge\Minecraft\Install\runtime\jre-legacy\windows-x64\jre-legacy\bin\nio.dll
0x000000005a490000 - 0x000000005a4b4000 	C:\Games\CurseForge\Minecraft\Install\runtime\jre-legacy\windows-x64\jre-legacy\bin\sunec.dll
0x00007ffa49fa0000 - 0x00007ffa49fb8000 	C:\Windows\SYSTEM32\CRYPTSP.dll
0x00007ffa496c0000 - 0x00007ffa496f4000 	C:\Windows\system32\rsaenh.dll
0x00007ffa4a4f0000 - 0x00007ffa4a51e000 	C:\Windows\SYSTEM32\USERENV.dll
0x00007ffa4aea0000 - 0x00007ffa4af22000 	C:\Windows\System32\bcryptprimitives.dll
0x00007ffa49fc0000 - 0x00007ffa49fcc000 	C:\Windows\SYSTEM32\CRYPTBASE.dll
0x00007ffa3f6d0000 - 0x00007ffa3f6e7000 	C:\Windows\SYSTEM32\dhcpcsvc6.DLL
0x00007ffa41400000 - 0x00007ffa4141d000 	C:\Windows\SYSTEM32\dhcpcsvc.DLL
0x00007ffa1df10000 - 0x00007ffa1df82000 	C:\Games\CurseForge\Minecraft\Install\bin\a9df0ea5baea7f084f05425a59f37203022f1291\lwjgl.dll
0x00007ffa1bb20000 - 0x00007ffa1bd71000 	C:\Games\CurseForge\Minecraft\Install\bin\a9df0ea5baea7f084f05425a59f37203022f1291\jemalloc.dll
0x00007ffa1f880000 - 0x00007ffa1f8de000 	C:\Games\CurseForge\Minecraft\Install\bin\a9df0ea5baea7f084f05425a59f37203022f1291\glfw.dll
0x00007ffa46f30000 - 0x00007ffa46fce000 	C:\Windows\system32\uxtheme.dll
0x00007ff9c6e40000 - 0x00007ff9c6e85000 	C:\Windows\SYSTEM32\dinput8.dll
0x00007ff9d5b10000 - 0x00007ff9d5b21000 	C:\Windows\SYSTEM32\xinput1_4.dll
0x00007ffa4a5f0000 - 0x00007ffa4a63e000 	C:\Windows\System32\cfgmgr32.dll
0x00007ffa4a3a0000 - 0x00007ffa4a3cc000 	C:\Windows\SYSTEM32\DEVOBJ.dll
0x00007ffa47520000 - 0x00007ffa4754f000 	C:\Windows\SYSTEM32\dwmapi.dll
0x00007ffa2c650000 - 0x00007ffa2c7a2000 	C:\Windows\SYSTEM32\inputhost.dll
0x00007ffa4cda0000 - 0x00007ffa4ce6d000 	C:\Windows\System32\OLEAUT32.dll
0x00007ffa46d10000 - 0x00007ffa46e02000 	C:\Windows\SYSTEM32\CoreMessaging.dll
0x00007ffa46100000 - 0x00007ffa46254000 	C:\Windows\SYSTEM32\wintypes.dll
0x00007ffa45870000 - 0x00007ffa45966000 	C:\Windows\SYSTEM32\PROPSYS.dll
0x00007ffa468b0000 - 0x00007ffa46c0e000 	C:\Windows\SYSTEM32\CoreUIComponents.dll
0x00007ffa492e0000 - 0x00007ffa49313000 	C:\Windows\SYSTEM32\ntmarta.dll
0x00007ffa48ea0000 - 0x00007ffa48eb2000 	C:\Windows\SYSTEM32\kernel.appcore.dll
0x00007ff9c7840000 - 0x00007ff9c7978000 	C:\ProgramData\A-Volute\A-Volute.Nahimic\Modules\Scheduled\x64\AudioDevProps2.dll
0x00007ffa4bc90000 - 0x00007ffa4bdba000 	C:\Windows\System32\ole32.dll
0x00007ff9d4d20000 - 0x00007ff9d4e73000 	C:\Program Files (x86)\Stardock\Fences\FencesMenu64.dll
0x00007ffa45410000 - 0x00007ffa45424000 	C:\Windows\SYSTEM32\WTSAPI32.dll
0x00007ffa39ad0000 - 0x00007ffa39c75000 	C:\Windows\WinSxS\amd64_microsoft.windows.gdiplus_6595b64144ccf1df_1.1.19041.1706_none_919e8e54cc8d4ca1\gdiplus.dll
0x00007ffa13b70000 - 0x00007ffa13c88000 	C:\Program Files (x86)\Stardock\Groupy\groupy_64.dll
0x00007ffa4baf0000 - 0x00007ffa4bc05000 	C:\Windows\System32\MSCTF.dll
0x00007ffa489e0000 - 0x00007ffa489ed000 	C:\Windows\SYSTEM32\HID.DLL
0x00007ffa4c930000 - 0x00007ffa4cd9f000 	C:\Windows\System32\SETUPAPI.DLL
0x00007ffa4ad30000 - 0x00007ffa4ad97000 	C:\Windows\System32\WINTRUST.dll
0x00007ffa4aac0000 - 0x00007ffa4ac16000 	C:\Windows\System32\CRYPT32.dll
0x00007ffa4a1e0000 - 0x00007ffa4a1f2000 	C:\Windows\SYSTEM32\MSASN1.dll
0x00007ff9d3e30000 - 0x00007ff9d3f57000 	C:\Windows\SYSTEM32\opengl32.dll
0x00007ff9d5ac0000 - 0x00007ff9d5aec000 	C:\Windows\SYSTEM32\GLU32.dll
0x00007ffa4bf70000 - 0x00007ffa4c019000 	C:\Windows\System32\clbcatq.dll
0x00007ff9b3b60000 - 0x00007ff9b6d19000 	C:\Windows\System32\DriverStore\FileRepository\nvlt.inf_amd64_e7d8c0512da64e7d\nvoglv64.dll
0x00007ffa3dbd0000 - 0x00007ffa3dc01000 	C:\Windows\SYSTEM32\cryptnet.dll
0x00007ffa3da30000 - 0x00007ffa3db78000 	C:\Windows\SYSTEM32\drvstore.dll
0x00007ffa3db80000 - 0x00007ffa3dbbb000 	C:\Windows\SYSTEM32\dxcore.dll
0x00007ffa156f0000 - 0x00007ffa159c1000 	C:\Windows\system32\nvspcap64.dll
0x00007ffa49bc0000 - 0x00007ffa49c0b000 	C:\Windows\SYSTEM32\powrprof.dll
0x00007ffa49a30000 - 0x00007ffa49a42000 	C:\Windows\SYSTEM32\UMPDC.dll
0x00007ffa49390000 - 0x00007ffa493ea000 	C:\Windows\SYSTEM32\WINSTA.dll
0x00007ffa1baa0000 - 0x00007ffa1bb1f000 	C:\Games\CurseForge\Minecraft\Install\bin\a9df0ea5baea7f084f05425a59f37203022f1291\lwjgl_stb.dll
0x00007ffa44530000 - 0x00007ffa445de000 	C:\Windows\SYSTEM32\mscms.dll
0x00007ffa44510000 - 0x00007ffa44521000 	C:\Windows\SYSTEM32\ColorAdapterClient.dll
0x00007ffa3ec60000 - 0x00007ffa3eca3000 	C:\Windows\SYSTEM32\icm32.dll
0x00007ffa2bc00000 - 0x00007ffa2bcf9000 	C:\Windows\SYSTEM32\textinputframework.dll
0x00007ffa3b0e0000 - 0x00007ffa3b146000 	C:\Windows\system32\Oleacc.dll
0x00007ffa1ec10000 - 0x00007ffa1ec68000 	C:\Games\CurseForge\Minecraft\Install\bin\a9df0ea5baea7f084f05425a59f37203022f1291\lwjgl_opengl.dll
0x00007ffa1b6a0000 - 0x00007ffa1b6e2000 	C:\Users\NukelordBrown\AppData\Local\Temp\jna--1590639904\jna9018772569972689987.dll
0x000000005a480000 - 0x000000005a48c000 	C:\Games\CurseForge\Minecraft\Install\runtime\jre-legacy\windows-x64\jre-legacy\bin\jsound.dll
0x000000005a470000 - 0x000000005a47b000 	C:\Games\CurseForge\Minecraft\Install\runtime\jre-legacy\windows-x64\jre-legacy\bin\jsoundds.dll
0x00007ffa32860000 - 0x00007ffa328fc000 	C:\Windows\SYSTEM32\DSOUND.dll
0x00007ffa32ab0000 - 0x00007ffa32ad6000 	C:\Windows\SYSTEM32\winmmbase.dll
0x00007ffa43b00000 - 0x00007ffa43b85000 	C:\Windows\SYSTEM32\MMDevAPI.DLL
0x00007ff9c7a50000 - 0x00007ff9c7a96000 	C:\Windows\SYSTEM32\wdmaud.drv
0x00007ffa43650000 - 0x00007ffa43659000 	C:\Windows\SYSTEM32\ksuser.dll
0x00007ffa48e50000 - 0x00007ffa48e5a000 	C:\Windows\SYSTEM32\AVRT.dll
0x00007ffa44020000 - 0x00007ffa441a2000 	C:\Windows\SYSTEM32\AUDIOSES.DLL
0x00007ffa051d0000 - 0x00007ffa05436000 	C:\Users\NukelordBrown\AppData\Local\Temp\de.fabmax.physx-jni\0.4.15\PhysX_64.dll
0x00007ffa196a0000 - 0x00007ffa19877000 	C:\Users\NukelordBrown\AppData\Local\Temp\de.fabmax.physx-jni\0.4.15\PhysXCommon_64.dll
0x00007ffa162b0000 - 0x00007ffa1635a000 	C:\Users\NukelordBrown\AppData\Local\Temp\de.fabmax.physx-jni\0.4.15\PhysXCooking_64.dll
0x00007ffa16210000 - 0x00007ffa162a1000 	C:\Users\NukelordBrown\AppData\Local\Temp\de.fabmax.physx-jni\0.4.15\PhysXFoundation_64.dll
0x00007ffa04a70000 - 0x00007ffa04c74000 	C:\Users\NukelordBrown\AppData\Local\Temp\de.fabmax.physx-jni\0.4.15\PhysXJniBindings_64.dll
0x00007ff9d3920000 - 0x00007ff9d392d000 	C:\Windows\SYSTEM32\msacm32.drv
0x00007ff9d9570000 - 0x00007ff9d958e000 	C:\Windows\SYSTEM32\MSACM32.dll
0x00007ff9d3910000 - 0x00007ff9d391b000 	C:\Windows\SYSTEM32\midimap.dll
0x0000000059780000 - 0x0000000059918000 	C:\Games\CurseForge\Minecraft\Install\runtime\jre-legacy\windows-x64\jre-legacy\bin\awt.dll
0x00007ffa46e40000 - 0x00007ffa46ed0000 	C:\Windows\SYSTEM32\apphelp.dll
0x00007ff9c97a0000 - 0x00007ff9c9807000 	C:\ProgramData\A-Volute\A-Volute.Nahimic\Modules\Scheduled\x64\ProductInfo.dll
0x00007ff9b7480000 - 0x00007ff9b74c3000 	C:\ProgramData\A-Volute\A-Volute.Nahimic\Modules\Scheduled\x64\ASM.Plugin.AudioDevProps2.dll
0x00007ffa47280000 - 0x00007ffa47294000 	C:\Windows\SYSTEM32\resourcepolicyclient.dll
0x00007ffa16100000 - 0x00007ffa1619c000 	C:\Users\NUKELO~1\AppData\Local\Temp\jna--1590639904\jna5767245685040321935.dll
0x00007ffa21ff0000 - 0x00007ffa22131000 	C:\Windows\System32\Windows.UI.dll

VM Arguments:
jvm_args: -XX:HeapDumpPath=MojangTricksIntelDriversForPerformance_javaw.exe_minecraft.exe.heapdump -Dos.name=Windows 10 -Dos.version=10.0 -Xss1M -Djava.library.path=C:\Games\CurseForge\Minecraft\Install\bin\a9df0ea5baea7f084f05425a59f37203022f1291 -Dminecraft.launcher.brand=minecraft-launcher -Dminecraft.launcher.version=2.4.39 -Xmx6048m -Xms256m -Dminecraft.applet.TargetDirectory=C:\Games\CurseForge\Minecraft\Instances\Blood-N-Wine-2 -Dfml.ignorePatchDiscrepancies=true -Dfml.ignoreInvalidMinecraftCertificates=true -Duser.language=en -Duser.country=US -Dlog4j.configurationFile=C:\Games\CurseForge\Minecraft\Install\assets\log_configs\client-1.12.xml 
java_command: cpw.mods.modlauncher.Launcher --username Nukelord420 --version forge-36.2.35 --gameDir C:\Games\CurseForge\Minecraft\Instances\Blood-N-Wine-2 --assetsDir C:\Games\CurseForge\Minecraft\Install\assets --assetIndex 1.16 --uuid 29e423c126c942d89e776772bd06df02 --accessToken eyJraWQiOiJhYzg0YSIsImFsZyI6IkhTMjU2In0.eyJ4dWlkIjoiMjUzNTQyODE5MjM2MjEyNiIsImFnZyI6IkFkdWx0Iiwic3ViIjoiZmNhNGVlNjItYzI4Zi00NzI0LWJkZTktNGU3ZDBiYWQ0ODBjIiwiYXV0aCI6IlhCT1giLCJucyI6ImRlZmF1bHQiLCJyb2xlcyI6W10sImlzcyI6ImF1dGhlbnRpY2F0aW9uIiwicGxhdGZvcm0iOiJQQ19MQVVOQ0hFUiIsInl1aWQiOiI3YTRkMzAxOTgyNzg0NmNjYjZjZDdjZjg4Njc0OWMwZSIsIm5iZiI6MTY4MjY1NzM4MCwiZXhwIjoxNjgyNzQzNzgwLCJpYXQiOjE2ODI2NTczODB9.eKVTY1M-BKiHMj1BvY_ioQ0lVByiKpnaJk3HwiH4kiQ --userType msa --versionType release --width 1024 --height 768 --launchTarget fmlclient --fml.forgeVersion 36.2.35 --fml.mcVersion 1.16.5 --fml.forgeGroup net.minecraftforge --fml.mcpVersion 20210115.111550
java_class_path (initial): C:\Games\CurseForge\Minecraft\Install\libraries\net\minecraftforge\forge\1.16.5-36.2.35\forge-1.16.5-36.2.35.jar;C:\Games\CurseForge\Minecraft\Install\libraries\org\ow2\asm\asm\9.1\asm-9.1.jar;C:\Games\CurseForge\Minecraft\Install\libraries\org\ow2\asm\asm-commons\9.1\asm-commons-9.1.jar;C:\Games\CurseForge\Minecraft\Install\libraries\org\ow2\asm\asm-tree\9.1\asm-tree-9.1.jar;C:\Games\CurseForge\Minecraft\Install\libraries\org\ow2\asm\asm-util\9.1\asm-util-9.1.jar;C:\Games\CurseForge\Minecraft\Install\libraries\org\ow2\asm\asm-analysis\9.1\asm-analysis-9.1.jar;C:\Games\CurseForge\Minecraft\Install\libraries\cpw\mods\modlauncher\8.1.3\modlauncher-8.1.3.jar;C:\Games\CurseForge\Minecraft\Install\libraries\cpw\mods\grossjava9hacks\1.3.3\grossjava9hacks-1.3.3.jar;C:\Games\CurseForge\Minecraft\Install\libraries\net\minecraftforge\accesstransformers\3.0.1\accesstransformers-3.0.1.jar;C:\Games\CurseForge\Minecraft\Install\libraries\org\antlr\antlr4-runtime\4.9.1\antlr4-runtime-4.9.1.jar;C:\Games\CurseForge\Minecraft\Install\libraries\net\minecraftforge\eventbus\4.0.0\eventbus-4.0.0.jar;C:\Games\CurseForge\Minecraft\Install\libraries\net\minecraftforge\forgespi\3.2.0\forgespi-3.2.0.jar;C:\Games\CurseForge\Minecraft\Install\libraries\net\minecraftforge\coremods\4.0.6\coremods-4.0.6.jar;C:\Games\CurseForge\Minecraft\Install\libraries\net\minecraftforge\unsafe\0.2.0\unsafe-0.2.0.jar;C:\Games\CurseForge\Minecraft\Install\libraries\com\electronwill\night-config\core\3.6.3\core-3.6.3.jar;C:\Games\CurseForge\Minecraft\Install\libraries\com\electronwill\night-config\toml\3.6.3\toml-3.6.3.jar;C:\Games\CurseForge\Minecraft\Install\libraries\org\jline\jline\3.12.1\jline-3.12.1.jar;C:\Games\CurseForge\Minecraft\Install\libraries\org\apache\maven\maven-artifact\3.6.3\maven-artifact-3.6.3.jar;C:\Games\CurseForge\Minecraft\Install\libraries\net\jodah\typetools\0.8.3\typetools-0.8.3.jar;C:\Games\CurseForge\Minecraft\Install\libraries\org\apache\logging\log4j\log
Launcher Type: SUN_STANDARD

Environment Variables:
PATH=C:\VulkanSDK\1.3.236.0\Bin;C:\Program Files (x86)\Razer Chroma SDK\bin;C:\Program Files\Razer Chroma SDK\bin;C:\Program Files\Common Files\Oracle\Java\javapath;C:\Program Files (x86)\Common Files\Oracle\Java\javapath;C:\Program Files (x86)\Razer\ChromaBroadcast\bin;C:\Program Files\Razer\ChromaBroadcast\bin;C:\Windows\system32;C:\Windows;C:\Windows\System32\Wbem;C:\Windows\System32\WindowsPowerShell\v1.0\;C:\Windows\System32\OpenSSH\;C:\Program Files (x86)\NVIDIA Corporation\PhysX\Common;C:\Program Files\NVIDIA Corporation\NVIDIA NvDLISR;C:\Program Files\PuTTY\;C:\Windows\system32\config\systemprofile\AppData\Local\Microsoft\WindowsApps;C:\Program Files\dotnet\;C:\Program Files\Common Files\Autodesk Shared\;C:\Program Files\Microsoft SQL Server\120\Tools\Binn\;G:\Bethesda-Game-Modding-Tools\Ruby26-x64\bin;C:\Users\NukelordBrown\AppData\Local\Programs\Python\Python310\Scripts\;C:\Users\NukelordBrown\AppData\Local\Programs\Python\Python310\;C:\Users\NukelordBrown\AppData\Local\Microsoft\WindowsApps;C:\Users\NukelordBrown\AppData\Local\Programs\Microsoft VS Code\bin;C:\Users\NukelordBrown\.dotnet\tools;C:\Users\NukelordBrown\AppData\Local\GitHubDesktop\bin;C:\Program Files\Perforce\;C:\Program Files\Git\cmd;G:\Bethesda-Game-Modding-Tools\Ruby26-x64\bin;C:\Users\NukelordBrown\AppData\Local\Programs\Python\Python310\Scripts\;C:\Users\NukelordBrown\AppData\Local\Programs\Python\Python310\;C:\Users\NukelordBrown\AppData\Local\Microsoft\WindowsApps;C:\Users\NukelordBrown\AppData\Local\Programs\Microsoft VS Code\bin;C:\Users\NukelordBrown\.dotnet\tools;C:\Users\NukelordBrown\AppData\Local\GitHubDesktop\bin
USERNAME=NukelordBrown
OS=Windows_NT
PROCESSOR_IDENTIFIER=AMD64 Family 25 Model 80 Stepping 0, AuthenticAMD



---------------  S Y S T E M  ---------------

OS: Windows 10.0 , 64 bit Build 19041 (10.0.19041.1806)

CPU:total 16 (16 cores per cpu, 1 threads per core) family 25 model 80 stepping 0, cmov, cx8, fxsr, mmx, sse, sse2, sse3, ssse3, sse4.1, sse4.2, popcnt, avx, avx2, aes, clmul, erms, mmxext, 3dnowpref, lzcnt, sse4a, tsc, tscinvbit, tscinv, bmi1

Memory: 4k page, physical 33402940k(14305124k free), swap 43364412k(14844284k free)

vm_info: Java HotSpot(TM) 64-Bit Server VM (25.51-b03) for windows-amd64 JRE (1.8.0_51-b16), built on Jun  8 2015 18:03:07 by "java_re" with MS VC++ 10.0 (VS2010)

time: Thu Apr 27 21:54:10 2023
elapsed time: 263 seconds (0d 0h 4m 23s)

