#
# A fatal error has been detected by the Java Runtime Environment:
#
#  EXCEPTION_ACCESS_VIOLATION (0xc0000005) at pc=0x00007ffee2193716, pid=11832, tid=14676
#
# JRE version: Java(TM) SE Runtime Environment (8.0_51-b16) (build 1.8.0_51-b16)
# Java VM: Java HotSpot(TM) 64-Bit Server VM (25.51-b03 mixed mode windows-amd64 compressed oops)
# Problematic frame:
# C  [PhysXJniBindings_64.dll+0x53716]
#
# Failed to write core dump. Minidumps are not enabled by default on client versions of Windows
#
# If you would like to submit a bug report, please visit:
#   http://bugreport.java.com/bugreport/crash.jsp
# The crash happened outside the Java Virtual Machine in native code.
# See problematic frame for where to report the bug.
#

---------------  T H R E A D  ---------------

Current thread (0x0000000002a54000):  JavaThread "Render thread" [_thread_in_native, id=14676, stack(0x0000000002950000,0x0000000002a50000)]

siginfo: ExceptionCode=0xc0000005, reading address 0x0000000000000000

Registers:
RAX=0x0000000000000000, RBX=0x0000000000000018, RCX=0x0000000000000000, RDX=0x0000000000000000
RSP=0x0000000002a4da10, RBP=0x0000000002a4dab8, RSI=0x0000000000000003, RDI=0x0000000000000000
R8 =0x0000000000000003, R9 =0x00000000267479e0, R10=0x0000000002b657c8, R11=0x0000000051587bb0
R12=0x0000000000000000, R13=0x0000000044fa36f8, R14=0x0000000002a4dad8, R15=0x0000000002a54000
RIP=0x00007ffee2193716, EFLAGS=0x0000000000010206

Top of Stack: (sp=0x0000000002a4da10)
0x0000000002a4da10:   00000000c11cf5c3 0000000002b65d20
0x0000000002a4da20:   0000000655ef1290 0000000002b57800
0x0000000002a4da30:   000000000000000c 00000000090e50a5
0x0000000002a4da40:   0000000002b57ced 0000000002b657f4
0x0000000002a4da50:   0000000044fa36f8 00000000f80bd9e1
0x0000000002a4da60:   0000000002a4da60 0000000000000000
0x0000000002a4da70:   0000000002a4dad8 0000000002a4da78
0x0000000002a4da80:   0000000000000000 0000000002a4dad8
0x0000000002a4da90:   0000000044fa46c8 0000000000000000
0x0000000002a4daa0:   0000000044fa36f8 0000000000000000
0x0000000002a4dab0:   0000000002a4dad8 0000000002a4db20
0x0000000002a4dac0:   0000000002b57800 0000000655e6e138
0x0000000002a4dad0:   0000000002b5f977 0000000000000003
0x0000000002a4dae0:   0000000002a4dae0 0000000044fa3651
0x0000000002a4daf0:   0000000002a4db30 0000000044fa46c8
0x0000000002a4db00:   0000000000000000 0000000044fa3670 

Instructions: (pc=0x00007ffee2193716)
0x00007ffee21936f6:   89 74 24 10 57 48 83 ec 30 48 8b fa 8b f1 ff 15
0x00007ffee2193706:   86 3c 19 00 48 8b d8 ff 15 35 3c 19 00 48 8b c8
0x00007ffee2193716:   4c 8b 00 41 ff 50 28 84 c0 75 09 48 8d 05 a0 5e
0x00007ffee2193726:   12 00 eb 13 48 8d 15 8f 3f 19 00 48 8d 0d 20 2d 


Register to memory mapping:

RAX=0x0000000000000000 is an unknown value
RBX=0x0000000000000018 is an unknown value
RCX=0x0000000000000000 is an unknown value
RDX=0x0000000000000000 is an unknown value
RSP=0x0000000002a4da10 is pointing into the stack for thread: 0x0000000002a54000
RBP=0x0000000002a4dab8 is pointing into the stack for thread: 0x0000000002a54000
RSI=0x0000000000000003 is an unknown value
RDI=0x0000000000000000 is an unknown value
R8 =0x0000000000000003 is an unknown value
R9 =0x00000000267479e0 is an unknown value
R10=0x0000000002b657c8 is at code_begin+840 in an Interpreter codelet
method entry point (kind = native)  [0x0000000002b65480, 0x0000000002b65de0]  2400 bytes
R11=0x0000000051587bb0 is an unknown value
R12=0x0000000000000000 is an unknown value
R13={method} {0x0000000044fa3700} '_DefaultCpuDispatcherCreate' '(I)J' in 'physx/PxTopLevelFunctions'
R14=0x0000000002a4dad8 is pointing into the stack for thread: 0x0000000002a54000
R15=0x0000000002a54000 is a thread


Stack: [0x0000000002950000,0x0000000002a50000],  sp=0x0000000002a4da10,  free space=1014k
Native frames: (J=compiled Java code, j=interpreted, Vv=VM code, C=native code)
C  [PhysXJniBindings_64.dll+0x53716]
C  0x0000000002b657f4

Java frames: (J=compiled Java code, j=interpreted, Vv=VM code)
j  physx.PxTopLevelFunctions._DefaultCpuDispatcherCreate(I)J+0
j  physx.PxTopLevelFunctions.DefaultCpuDispatcherCreate(I)Lphysx/extensions/PxDefaultCpuDispatcher;+1
j  net.diebuddies.physics.DynamicsWorld.<init>(Lnet/minecraft/world/World;F)V+211
j  net.diebuddies.physics.PhysicsWorld.<init>(Lnet/minecraft/world/World;)V+83
j  net.diebuddies.physics.PhysicsMod.<init>(Lnet/minecraft/world/World;)V+180
j  net.diebuddies.physics.PhysicsMod.getInstance(Lnet/minecraft/world/World;)Lnet/diebuddies/physics/PhysicsMod;+22
j  net.minecraft.client.renderer.WorldRenderer.handler$bjc000$renderChunkLayerSolid(Lnet/minecraft/client/renderer/RenderType;Lcom/mojang/blaze3d/matrix/MatrixStack;DDDLorg/spongepowered/asm/mixin/injection/callback/CallbackInfo;)V+226
J 47696 C2 net.minecraft.client.renderer.WorldRenderer.func_228441_a_(Lnet/minecraft/client/renderer/RenderType;Lcom/mojang/blaze3d/matrix/MatrixStack;DDD)V (186 bytes) @ 0x000000000a7a7d4c [0x000000000a7a7560+0x7ec]
J 49093 C2 net.minecraft.client.renderer.WorldRenderer.func_228426_a_(Lcom/mojang/blaze3d/matrix/MatrixStack;FJZLnet/minecraft/client/renderer/ActiveRenderInfo;Lnet/minecraft/client/renderer/GameRenderer;Lnet/minecraft/client/renderer/LightTexture;Lnet/minecraft/util/math/vector/Matrix4f;)V (4063 bytes) @ 0x000000000b0dc858 [0x000000000b0da440+0x2418]
j  net.minecraft.client.renderer.GameRenderer.func_228378_a_(FJLcom/mojang/blaze3d/matrix/MatrixStack;)V+620
J 50197 C2 net.minecraft.client.renderer.GameRenderer.func_195458_a(FJZ)V (899 bytes) @ 0x000000000b24b460 [0x000000000b24adc0+0x6a0]
j  net.minecraft.client.Minecraft.func_195542_b(Z)V+385
j  net.minecraft.client.Minecraft.handler$cdg000$unloadWorldScreenshot(Lnet/minecraft/client/gui/screen/Screen;Lorg/spongepowered/asm/mixin/injection/callback/CallbackInfo;)V+21
j  net.minecraft.client.Minecraft.func_213231_b(Lnet/minecraft/client/gui/screen/Screen;)V+49
j  net.minecraft.client.Minecraft.func_213254_o()V+8
j  net.minecraft.client.network.play.ClientPlayNetHandler.func_147231_a(Lnet/minecraft/util/text/ITextComponent;)V+19
j  net.minecraft.network.NetworkManager.func_179293_l()V+60
J 47617 C1 net.minecraft.client.multiplayer.PlayerController.func_78765_e()V (41 bytes) @ 0x00000000099a8f4c [0x00000000099a8c00+0x34c]
J 45371 C1 net.minecraft.client.Minecraft.func_71407_l()V (981 bytes) @ 0x000000000a4a766c [0x000000000a4a6920+0xd4c]
j  net.minecraft.client.Minecraft.func_195542_b(Z)V+183
j  net.minecraft.client.Minecraft.handler$cdg000$unloadWorldScreenshot(Lnet/minecraft/client/gui/screen/Screen;Lorg/spongepowered/asm/mixin/injection/callback/CallbackInfo;)V+21
j  net.minecraft.client.Minecraft.func_213231_b(Lnet/minecraft/client/gui/screen/Screen;)V+49
j  net.minecraft.client.Minecraft.func_213254_o()V+8
j  net.minecraft.client.Minecraft.func_71405_e()V+66
j  net.minecraft.client.main.Main.main([Ljava/lang/String;)V+1445
v  ~StubRoutines::call_stub
j  sun.reflect.NativeMethodAccessorImpl.invoke0(Ljava/lang/reflect/Method;Ljava/lang/Object;[Ljava/lang/Object;)Ljava/lang/Object;+0
j  sun.reflect.NativeMethodAccessorImpl.invoke(Ljava/lang/Object;[Ljava/lang/Object;)Ljava/lang/Object;+100
J 2299 C1 sun.reflect.DelegatingMethodAccessorImpl.invoke(Ljava/lang/Object;[Ljava/lang/Object;)Ljava/lang/Object; (10 bytes) @ 0x000000000343640c [0x0000000003436300+0x10c]
J 2298 C1 java.lang.reflect.Method.invoke(Ljava/lang/Object;[Ljava/lang/Object;)Ljava/lang/Object; (62 bytes) @ 0x0000000003436bac [0x00000000034367c0+0x3ec]
j  net.minecraftforge.fml.loading.FMLClientLaunchProvider.lambda$launchService$0(Lcpw/mods/modlauncher/api/ITransformingClassLoader;[Ljava/lang/String;)Ljava/lang/Void;+50
j  net.minecraftforge.fml.loading.FMLClientLaunchProvider$$Lambda$502.call()Ljava/lang/Object;+12
j  cpw.mods.modlauncher.LaunchServiceHandlerDecorator.launch([Ljava/lang/String;Lcpw/mods/modlauncher/api/ITransformingClassLoader;)V+11
j  cpw.mods.modlauncher.LaunchServiceHandler.launch(Ljava/lang/String;[Ljava/lang/String;Lcpw/mods/modlauncher/TransformingClassLoader;Lcpw/mods/modlauncher/LaunchPluginHandler;)V+57
j  cpw.mods.modlauncher.LaunchServiceHandler.launch(Lcpw/mods/modlauncher/ArgumentHandler;Lcpw/mods/modlauncher/TransformingClassLoader;Lcpw/mods/modlauncher/LaunchPluginHandler;)V+19
j  cpw.mods.modlauncher.Launcher.run([Ljava/lang/String;)V+116
j  cpw.mods.modlauncher.Launcher.main([Ljava/lang/String;)V+37
v  ~StubRoutines::call_stub

---------------  P R O C E S S  ---------------

Java Threads: ( => current thread )
  0x000000010b1b1000 JavaThread "AWT-Windows" daemon [_thread_in_native, id=30688, stack(0x00000001af890000,0x00000001af990000)]
  0x0000000195373000 JavaThread "IO-Worker-10" [_thread_blocked, id=25904, stack(0x000000005bb10000,0x000000005bc10000)]
  0x0000000195377800 JavaThread "Narrator" [_thread_blocked, id=25268, stack(0x00000001aa5b0000,0x00000001aa6b0000)]
  0x0000000195371800 JavaThread "pool-12-thread-1" [_thread_blocked, id=24692, stack(0x0000000197c80000,0x0000000197d80000)]
  0x0000000195367000 JavaThread "Chunk Render Task Executor #9" [_thread_blocked, id=8852, stack(0x000000010d580000,0x000000010d680000)]
  0x0000000195363000 JavaThread "Chunk Render Task Executor #8" [_thread_blocked, id=29064, stack(0x000000010d480000,0x000000010d580000)]
  0x0000000195367800 JavaThread "Chunk Render Task Executor #7" [_thread_blocked, id=6184, stack(0x000000010d380000,0x000000010d480000)]
  0x0000000195366000 JavaThread "Chunk Render Task Executor #6" [_thread_blocked, id=23464, stack(0x000000010d280000,0x000000010d380000)]
  0x000000019535b000 JavaThread "Chunk Render Task Executor #5" [_thread_blocked, id=24628, stack(0x000000010d180000,0x000000010d280000)]
  0x0000000195361800 JavaThread "Chunk Render Task Executor #4" [_thread_blocked, id=20144, stack(0x000000010c040000,0x000000010c140000)]
  0x0000000195361000 JavaThread "Chunk Render Task Executor #3" [_thread_blocked, id=24848, stack(0x000000010bf40000,0x000000010c040000)]
  0x000000019535c800 JavaThread "Chunk Render Task Executor #2" [_thread_blocked, id=25148, stack(0x000000010be40000,0x000000010bf40000)]
  0x000000019535b800 JavaThread "Chunk Render Task Executor #1" [_thread_blocked, id=23672, stack(0x000000010bd40000,0x000000010be40000)]
  0x0000000195359800 JavaThread "Chunk Render Task Executor #0" [_thread_blocked, id=24528, stack(0x000000010bc40000,0x000000010bd40000)]
  0x000000019535e000 JavaThread "ForkJoinPool.commonPool-worker-9" daemon [_thread_blocked, id=2152, stack(0x000000019ea60000,0x000000019eb60000)]
  0x000000019535a000 JavaThread "ForkJoinPool.commonPool-worker-7" daemon [_thread_blocked, id=29948, stack(0x000000019e960000,0x000000019ea60000)]
  0x000000019535d000 JavaThread "ForkJoinPool.commonPool-worker-0" daemon [_thread_blocked, id=18304, stack(0x000000019e860000,0x000000019e960000)]
  0x00000000397f3800 JavaThread "ForkJoinPool.commonPool-worker-5" daemon [_thread_blocked, id=23120, stack(0x000000019e760000,0x000000019e860000)]
  0x00000000397f9800 JavaThread "ForkJoinPool.commonPool-worker-14" daemon [_thread_blocked, id=16728, stack(0x000000019e660000,0x000000019e760000)]
  0x000000006e6ba000 JavaThread "ForkJoinPool.commonPool-worker-12" daemon [_thread_blocked, id=26224, stack(0x000000019e560000,0x000000019e660000)]
  0x000000006e6b9800 JavaThread "ForkJoinPool.commonPool-worker-3" daemon [_thread_blocked, id=25724, stack(0x000000019e460000,0x000000019e560000)]
  0x000000006e6b8000 JavaThread "ForkJoinPool.commonPool-worker-10" daemon [_thread_blocked, id=24888, stack(0x000000019e360000,0x000000019e460000)]
  0x000000006e6b8800 JavaThread "ForkJoinPool.commonPool-worker-1" daemon [_thread_blocked, id=13156, stack(0x000000019e260000,0x000000019e360000)]
  0x000000006e6af000 JavaThread "ForkJoinPool.commonPool-worker-8" daemon [_thread_blocked, id=5144, stack(0x000000019d0a0000,0x000000019d1a0000)]
  0x000000006e6b5800 JavaThread "ForkJoinPool.commonPool-worker-15" daemon [_thread_blocked, id=13964, stack(0x000000019cfa0000,0x000000019d0a0000)]
  0x000000006e6b5000 JavaThread "ForkJoinPool.commonPool-worker-6" daemon [_thread_blocked, id=13352, stack(0x000000019cea0000,0x000000019cfa0000)]
  0x000000006e6b1000 JavaThread "ForkJoinPool.commonPool-worker-13" daemon [_thread_blocked, id=24456, stack(0x000000019cda0000,0x000000019cea0000)]
  0x000000006e6b4000 JavaThread "ForkJoinPool.commonPool-worker-4" daemon [_thread_blocked, id=29208, stack(0x000000019bcc0000,0x000000019bdc0000)]
  0x000000006e6b3800 JavaThread "ForkJoinPool.commonPool-worker-11" daemon [_thread_blocked, id=28720, stack(0x000000019a5a0000,0x000000019a6a0000)]
  0x000000006e6a2000 JavaThread "Litematica Chunk Batcher 15" daemon [_thread_blocked, id=27176, stack(0x0000000110840000,0x0000000110940000)]
  0x000000006e69d000 JavaThread "Litematica Chunk Batcher 14" daemon [_thread_blocked, id=29740, stack(0x0000000110740000,0x0000000110840000)]
  0x000000006e6a0800 JavaThread "Litematica Chunk Batcher 13" daemon [_thread_blocked, id=3504, stack(0x0000000110640000,0x0000000110740000)]
  0x000000006e6a1800 JavaThread "Litematica Chunk Batcher 12" daemon [_thread_blocked, id=10036, stack(0x0000000110540000,0x0000000110640000)]
  0x000000006e6a0000 JavaThread "Litematica Chunk Batcher 11" daemon [_thread_blocked, id=29172, stack(0x0000000110440000,0x0000000110540000)]
  0x000000010b1be800 JavaThread "Litematica Chunk Batcher 10" daemon [_thread_blocked, id=30244, stack(0x0000000110340000,0x0000000110440000)]
  0x000000010b1be000 JavaThread "Litematica Chunk Batcher 9" daemon [_thread_blocked, id=26028, stack(0x0000000110240000,0x0000000110340000)]
  0x000000010b1bd000 JavaThread "Litematica Chunk Batcher 8" daemon [_thread_blocked, id=1924, stack(0x0000000110140000,0x0000000110240000)]
  0x000000010b1bc800 JavaThread "Litematica Chunk Batcher 7" daemon [_thread_blocked, id=16232, stack(0x0000000110040000,0x0000000110140000)]
  0x000000010b1bb000 JavaThread "Litematica Chunk Batcher 6" daemon [_thread_blocked, id=28744, stack(0x000000010ff40000,0x0000000110040000)]
  0x000000010b1bb800 JavaThread "Litematica Chunk Batcher 5" daemon [_thread_blocked, id=27908, stack(0x000000010fe40000,0x000000010ff40000)]
  0x000000010b1ba000 JavaThread "Litematica Chunk Batcher 4" daemon [_thread_blocked, id=27788, stack(0x000000010fd40000,0x000000010fe40000)]
  0x000000010b1bf800 JavaThread "Litematica Chunk Batcher 3" daemon [_thread_blocked, id=24512, stack(0x000000010dc30000,0x000000010dd30000)]
  0x000000010b1b8800 JavaThread "Litematica Chunk Batcher 2" daemon [_thread_blocked, id=29800, stack(0x000000010db30000,0x000000010dc30000)]
  0x000000010b1b6800 JavaThread "Litematica Chunk Batcher 1" daemon [_thread_blocked, id=30384, stack(0x000000010da30000,0x000000010db30000)]
  0x000000010b1b8000 JavaThread "Litematica Chunk Batcher 0" daemon [_thread_blocked, id=14308, stack(0x000000010bb40000,0x000000010bc40000)]
  0x0000000038ee7000 JavaThread "Sound engine" daemon [_thread_blocked, id=8288, stack(0x00000000fead0000,0x00000000febd0000)]
  0x0000000037cce800 JavaThread "Netty Client IO #24" daemon [_thread_in_native, id=21640, stack(0x00000000e8780000,0x00000000e8880000)]
  0x0000000037cc6000 JavaThread "Netty Client IO #23" daemon [_thread_in_native, id=26996, stack(0x00000000a1510000,0x00000000a1610000)]
  0x00000000397f4800 JavaThread "Netty Client IO #22" daemon [_thread_in_native, id=25840, stack(0x00000000e8680000,0x00000000e8780000)]
  0x00000000397f2000 JavaThread "Netty Client IO #21" daemon [_thread_in_native, id=27260, stack(0x00000000c3070000,0x00000000c3170000)]
  0x0000000034c98000 JavaThread "Netty Client IO #20" daemon [_thread_in_native, id=19512, stack(0x0000000097b30000,0x0000000097c30000)]
  0x0000000034c99800 JavaThread "Netty Client IO #19" daemon [_thread_in_native, id=30624, stack(0x00000000a0480000,0x00000000a0580000)]
  0x0000000034c96800 JavaThread "Netty Client IO #18" daemon [_thread_in_native, id=30460, stack(0x000000009ee80000,0x000000009ef80000)]
  0x0000000034c92000 JavaThread "Netty Client IO #17" daemon [_thread_in_native, id=4108, stack(0x000000008e630000,0x000000008e730000)]
  0x0000000034c95800 JavaThread "Netty Client IO #16" daemon [_thread_in_native, id=1592, stack(0x000000009ed80000,0x000000009ee80000)]
  0x0000000034c8a800 JavaThread "Netty Client IO #15" daemon [_thread_in_native, id=30364, stack(0x0000000097a30000,0x0000000097b30000)]
  0x0000000034c8e000 JavaThread "Netty Client IO #14" daemon [_thread_in_native, id=30552, stack(0x0000000095c70000,0x0000000095d70000)]
  0x0000000036e41800 JavaThread "Netty Client IO #13" daemon [_thread_in_native, id=25604, stack(0x0000000000bc0000,0x0000000000cc0000)]
  0x0000000036e3d000 JavaThread "Netty Client IO #12" daemon [_thread_in_native, id=29916, stack(0x0000000095b70000,0x0000000095c70000)]
  0x0000000036e39800 JavaThread "Netty Client IO #11" daemon [_thread_in_native, id=23892, stack(0x000000008fce0000,0x000000008fde0000)]
  0x0000000036e3b800 JavaThread "Netty Client IO #10" daemon [_thread_in_native, id=7672, stack(0x000000008ddd0000,0x000000008ded0000)]
  0x0000000036e3a000 JavaThread "Netty Client IO #9" daemon [_thread_in_native, id=30468, stack(0x000000008fbe0000,0x000000008fce0000)]
  0x0000000036e3b000 JavaThread "Netty Client IO #8" daemon [_thread_in_native, id=9768, stack(0x0000000043140000,0x0000000043240000)]
  0x0000000036e40000 JavaThread "Netty Client IO #7" daemon [_thread_in_native, id=4836, stack(0x000000008dcd0000,0x000000008ddd0000)]
  0x0000000036e38800 JavaThread "Netty Client IO #6" daemon [_thread_in_native, id=5960, stack(0x000000008d230000,0x000000008d330000)]
  0x0000000036e3f800 JavaThread "Netty Client IO #5" daemon [_thread_in_native, id=29992, stack(0x0000000029a00000,0x0000000029b00000)]
  0x0000000036e38000 JavaThread "Netty Client IO #4" daemon [_thread_in_native, id=10188, stack(0x000000004a650000,0x000000004a750000)]
  0x0000000036e37000 JavaThread "Server Pinger #4" daemon [_thread_blocked, id=1840, stack(0x0000000043240000,0x0000000043340000)]
  0x0000000036e3e000 JavaThread "Netty Client IO #3" daemon [_thread_in_native, id=30288, stack(0x000000008d130000,0x000000008d230000)]
  0x00000000397fc000 JavaThread "Netty Client IO #2" daemon [_thread_in_native, id=29312, stack(0x000000005fbf0000,0x000000005fcf0000)]
  0x00000000397fc800 JavaThread "Netty Client IO #1" daemon [_thread_in_native, id=22776, stack(0x0000000054ca0000,0x0000000054da0000)]
  0x00000000397fb000 JavaThread "Netty Client IO #0" daemon [_thread_in_native, id=25956, stack(0x000000004e310000,0x000000004e410000)]
  0x00000000397fd800 JavaThread "ObjectCleanerThread" daemon [_thread_blocked, id=25960, stack(0x000000004c2f0000,0x000000004c3f0000)]
  0x00000000397fe000 JavaThread "Server Pinger #3" daemon [_thread_blocked, id=4000, stack(0x0000000043040000,0x0000000043140000)]
  0x00000000397f1800 JavaThread "Server Pinger #2" daemon [_thread_blocked, id=28548, stack(0x0000000042d70000,0x0000000042e70000)]
  0x00000000397f8000 JavaThread "Thread-66" daemon [_thread_in_native, id=22932, stack(0x0000000042c70000,0x0000000042d70000)]
  0x00000000397f0800 JavaThread "Server Pinger #1" daemon [_thread_blocked, id=9344, stack(0x000000003b600000,0x000000003b700000)]
  0x00000000397f7800 JavaThread "Server Pinger #0" daemon [_thread_blocked, id=6692, stack(0x00000000315b0000,0x00000000316b0000)]
  0x00000000397ef000 JavaThread "spark-worker-pool-1-thread-4" daemon [_thread_blocked, id=30064, stack(0x000000005faf0000,0x000000005fbf0000)]
  0x0000000038ee3800 JavaThread "spark-worker-pool-1-thread-3" daemon [_thread_blocked, id=29192, stack(0x000000006cab0000,0x000000006cbb0000)]
  0x0000000038eec800 JavaThread "Thread-63" daemon [_thread_blocked, id=20116, stack(0x000000006bf90000,0x000000006c090000)]
  0x0000000038eed000 JavaThread "Java2D Disposer" daemon [_thread_blocked, id=21192, stack(0x000000006c630000,0x000000006c730000)]
  0x0000000038ef0000 JavaThread "Thread-61" daemon [_thread_blocked, id=15856, stack(0x000000006ba00000,0x000000006bb00000)]
  0x0000000038ee5000 JavaThread "spark-worker-pool-1-thread-2" daemon [_thread_blocked, id=27872, stack(0x000000006c320000,0x000000006c420000)]
  0x0000000038eeb800 JavaThread "spark-worker-pool-1-thread-1" daemon [_thread_blocked, id=2052, stack(0x000000006c100000,0x000000006c200000)]
  0x0000000038ee8800 JavaThread "spark-monitor" daemon [_thread_blocked, id=20028, stack(0x000000006b6f0000,0x000000006b7f0000)]
  0x0000000038eea000 JavaThread "pool-5-thread-1" [_thread_blocked, id=15852, stack(0x0000000067700000,0x0000000067800000)]
  0x0000000038ee5800 JavaThread "Thread-57" daemon [_thread_in_native, id=3096, stack(0x0000000061c20000,0x0000000061d20000)]
  0x0000000034c90800 JavaThread "Thread-56" daemon [_thread_in_native, id=18024, stack(0x0000000060010000,0x0000000060110000)]
  0x0000000037cc3000 JavaThread "Thread-55" daemon [_thread_in_native, id=28332, stack(0x00000000583a0000,0x00000000584a0000)]
  0x0000000037cc9000 JavaThread "Thread-54" daemon [_thread_in_native, id=21752, stack(0x00000000561a0000,0x00000000562a0000)]
  0x0000000034c8c000 JavaThread "Thread-53" daemon [_thread_in_native, id=28344, stack(0x0000000055e00000,0x0000000055f00000)]
  0x0000000034c92800 JavaThread "Thread-52" daemon [_thread_in_native, id=11788, stack(0x0000000055d00000,0x0000000055e00000)]
  0x0000000034c98800 JavaThread "Thread-51" daemon [_thread_in_native, id=20904, stack(0x0000000055c00000,0x0000000055d00000)]
  0x0000000034c91000 JavaThread "Narrator" [_thread_blocked, id=17640, stack(0x0000000054900000,0x0000000054a00000)]
  0x0000000034c93800 JavaThread "Config Lib config file watcher" daemon [_thread_blocked, id=7616, stack(0x0000000054460000,0x0000000054560000)]
  0x0000000034c95000 JavaThread "Thread-48" daemon [_thread_in_native, id=8420, stack(0x0000000054600000,0x0000000054700000)]
  0x0000000036e42800 JavaThread "pool-4-thread-16" [_thread_blocked, id=26740, stack(0x0000000043370000,0x0000000043470000)]
  0x0000000036e43000 JavaThread "pool-4-thread-15" [_thread_blocked, id=22708, stack(0x000000004d6d0000,0x000000004d7d0000)]
  0x0000000034b78800 JavaThread "pool-4-thread-14" [_thread_blocked, id=3676, stack(0x00000000401d0000,0x00000000402d0000)]
  0x00000000352d0800 JavaThread "pool-4-thread-13" [_thread_blocked, id=2952, stack(0x000000004d810000,0x000000004d910000)]
  0x00000000352d1800 JavaThread "pool-4-thread-12" [_thread_blocked, id=3224, stack(0x000000004d3d0000,0x000000004d4d0000)]
  0x00000000352d0000 JavaThread "pool-4-thread-11" [_thread_blocked, id=27800, stack(0x000000003fcd0000,0x000000003fdd0000)]
  0x00000000352ce800 JavaThread "pool-4-thread-10" [_thread_blocked, id=7608, stack(0x000000003fbd0000,0x000000003fcd0000)]
  0x00000000352cd800 JavaThread "Thread-46" daemon [_thread_in_native, id=17684, stack(0x000000003fad0000,0x000000003fbd0000)]
  0x00000000352cf000 JavaThread "Thread-45" daemon [_thread_in_native, id=624, stack(0x000000003f9d0000,0x000000003fad0000)]
  0x00000000352cc000 JavaThread "Thread-44" daemon [_thread_in_native, id=23476, stack(0x000000003f8d0000,0x000000003f9d0000)]
  0x00000000352cd000 JavaThread "Thread-43" daemon [_thread_in_native, id=18892, stack(0x000000003f5d0000,0x000000003f6d0000)]
  0x00000000352c8800 JavaThread "pool-4-thread-9" [_thread_blocked, id=24532, stack(0x000000003f4d0000,0x000000003f5d0000)]
  0x00000000352ca000 JavaThread "Thread-42" daemon [_thread_in_native, id=13572, stack(0x000000003f3d0000,0x000000003f4d0000)]
  0x00000000352ca800 JavaThread "Thread-41" daemon [_thread_in_native, id=24936, stack(0x000000004d2d0000,0x000000004d3d0000)]
  0x00000000352c7800 JavaThread "Thread-40" daemon [_thread_in_native, id=8984, stack(0x000000004b390000,0x000000004b490000)]
  0x00000000352cb800 JavaThread "Thread-39" daemon [_thread_in_native, id=4704, stack(0x000000004d1d0000,0x000000004d2d0000)]
  0x00000000352c4000 JavaThread "Thread-38" daemon [_thread_in_native, id=3128, stack(0x000000004d0d0000,0x000000004d1d0000)]
  0x00000000352c4800 JavaThread "pool-4-thread-8" [_thread_blocked, id=2464, stack(0x000000004cbf0000,0x000000004ccf0000)]
  0x00000000352c7000 JavaThread "Thread-37" daemon [_thread_in_native, id=27272, stack(0x000000004caf0000,0x000000004cbf0000)]
  0x0000000034b78000 JavaThread "Thread-36" daemon [_thread_in_native, id=3636, stack(0x000000004cdd0000,0x000000004ced0000)]
  0x0000000034b7a000 JavaThread "Thread-35" daemon [_thread_in_native, id=21308, stack(0x000000004c7f0000,0x000000004c8f0000)]
  0x0000000034b7b800 JavaThread "pool-4-thread-7" [_thread_blocked, id=24124, stack(0x000000004c6f0000,0x000000004c7f0000)]
  0x0000000034b76800 JavaThread "pool-4-thread-5" [_thread_blocked, id=28068, stack(0x000000004c5f0000,0x000000004c6f0000)]
  0x0000000034b79800 JavaThread "pool-4-thread-6" [_thread_blocked, id=17592, stack(0x000000004c4f0000,0x000000004c5f0000)]
  0x0000000034b75800 JavaThread "Thread-34" daemon [_thread_in_native, id=10332, stack(0x000000004b7a0000,0x000000004b8a0000)]
  0x0000000034b7b000 JavaThread "pool-4-thread-4" [_thread_blocked, id=8452, stack(0x000000004ae10000,0x000000004af10000)]
  0x0000000034b6f000 JavaThread "Thread-32" daemon [_thread_in_native, id=28852, stack(0x0000000048490000,0x0000000048590000)]
  0x0000000034b75000 JavaThread "pool-4-thread-3" [_thread_blocked, id=29392, stack(0x0000000049540000,0x0000000049640000)]
  0x0000000034b6d800 JavaThread "Thread-31" daemon [_thread_in_native, id=15136, stack(0x000000004bb00000,0x000000004bc00000)]
  0x0000000034b73800 JavaThread "pool-4-thread-2" [_thread_blocked, id=21832, stack(0x000000004ba00000,0x000000004bb00000)]
  0x0000000034b70800 JavaThread "pool-4-thread-1" [_thread_blocked, id=13852, stack(0x000000004b900000,0x000000004ba00000)]
  0x0000000034b74000 JavaThread "Thread-30" daemon [_thread_in_native, id=27748, stack(0x0000000048f60000,0x0000000049060000)]
  0x0000000034b71000 JavaThread "Thread-29" daemon [_thread_in_native, id=4432, stack(0x0000000047000000,0x0000000047100000)]
  0x0000000034b6c800 JavaThread "Thread-28" daemon [_thread_blocked, id=24972, stack(0x0000000045b40000,0x0000000045c40000)]
  0x0000000034b72800 JavaThread "Java Sound Event Dispatcher" daemon [_thread_blocked, id=29544, stack(0x00000000454f0000,0x00000000455f0000)]
  0x0000000034b72000 JavaThread "Thread-26" daemon [_thread_blocked, id=18388, stack(0x00000000471a0000,0x00000000472a0000)]
  0x0000000037cd2000 JavaThread "lava-daemon-pool-info-loader-5-thread-1" daemon [_thread_blocked, id=28000, stack(0x00000000451f0000,0x00000000452f0000)]
  0x0000000036e46000 JavaThread "LavaPlayer Audio Thread" daemon [_thread_blocked, id=26672, stack(0x00000000450f0000,0x00000000451f0000)]
  0x0000000036e3c800 JavaThread "lava-daemon-pool-manager-6-thread-1" daemon [_thread_blocked, id=2768, stack(0x0000000044ff0000,0x00000000450f0000)]
  0x0000000036e45800 JavaThread "LavaPlayer Audio Thread" daemon [_thread_blocked, id=28132, stack(0x0000000044640000,0x0000000044740000)]
  0x0000000036e44800 JavaThread "Thread-25" daemon [_thread_in_native, id=27932, stack(0x0000000044340000,0x0000000044440000)]
  0x0000000036e44000 JavaThread "lava-daemon-pool-manager-3-thread-1" daemon [_thread_blocked, id=20408, stack(0x0000000043e40000,0x0000000043f40000)]
  0x0000000037cd1800 JavaThread "Snooper Timer" daemon [_thread_blocked, id=12772, stack(0x0000000035510000,0x0000000035610000)]
  0x0000000037ccd000 JavaThread "Timer hack thread" daemon [_thread_blocked, id=29468, stack(0x0000000030b10000,0x0000000030c10000)]
  0x0000000037cc5800 JavaThread "Thread-20" daemon [_thread_in_native, id=28216, stack(0x000000003b500000,0x000000003b600000)]
  0x0000000037cc4800 JavaThread "Thread-19" daemon [_thread_in_native, id=27880, stack(0x000000003b400000,0x000000003b500000)]
  0x0000000037cc7800 JavaThread "Thread-18" daemon [_thread_in_native, id=23008, stack(0x000000003b300000,0x000000003b400000)]
  0x0000000036e1f000 JavaThread "Thread-17" daemon [_thread_in_native, id=12340, stack(0x000000003b200000,0x000000003b300000)]
  0x0000000036e25000 JavaThread "Thread-16" daemon [_thread_in_native, id=2744, stack(0x000000003b100000,0x000000003b200000)]
  0x0000000036e24800 JavaThread "Thread-15" daemon [_thread_in_native, id=28168, stack(0x000000003b000000,0x000000003b100000)]
  0x0000000036e26000 JavaThread "Thread-14" daemon [_thread_in_native, id=16596, stack(0x000000003af00000,0x000000003b000000)]
  0x0000000036e23800 JavaThread "Thread-13" daemon [_thread_in_native, id=23092, stack(0x000000003ae00000,0x000000003af00000)]
  0x0000000036e23000 JavaThread "Thread-12" daemon [_thread_in_native, id=25072, stack(0x000000003ad00000,0x000000003ae00000)]
  0x0000000036e21800 JavaThread "Thread-11" daemon [_thread_in_native, id=18328, stack(0x000000003ac00000,0x000000003ad00000)]
  0x0000000036e20000 JavaThread "Thread-10" daemon [_thread_in_native, id=6356, stack(0x000000003ab00000,0x000000003ac00000)]
  0x0000000036e20800 JavaThread "Thread-9" daemon [_thread_in_native, id=7112, stack(0x000000003aa00000,0x000000003ab00000)]
  0x0000000036e22000 JavaThread "Thread-8" daemon [_thread_in_native, id=25660, stack(0x000000003a900000,0x000000003aa00000)]
  0x000000003281d800 JavaThread "Thread-7" daemon [_thread_in_native, id=18396, stack(0x000000003a800000,0x000000003a900000)]
  0x0000000025c6d000 JavaThread "Thread-6" daemon [_thread_in_native, id=25316, stack(0x000000003a700000,0x000000003a800000)]
  0x0000000033d62800 JavaThread "Thread-5" daemon [_thread_in_native, id=11772, stack(0x000000003a600000,0x000000003a700000)]
  0x0000000036da1000 JavaThread "Thread-4" daemon [_thread_in_native, id=12676, stack(0x000000003a500000,0x000000003a600000)]
  0x0000000026818000 JavaThread "Thread-2" daemon [_thread_in_native, id=28944, stack(0x0000000028fb0000,0x00000000290b0000)]
  0x000000002651a000 JavaThread "Thread-1" daemon [_thread_blocked, id=15112, stack(0x0000000028eb0000,0x0000000028fb0000)]
  0x0000000022ffc000 JavaThread "Service Thread" daemon [_thread_blocked, id=27220, stack(0x00000000257d0000,0x00000000258d0000)]
  0x0000000022ffa000 JavaThread "C1 CompilerThread11" daemon [_thread_blocked, id=27940, stack(0x00000000256d0000,0x00000000257d0000)]
  0x0000000022ff7800 JavaThread "C1 CompilerThread10" daemon [_thread_blocked, id=27464, stack(0x00000000255d0000,0x00000000256d0000)]
  0x0000000022ff5800 JavaThread "C1 CompilerThread9" daemon [_thread_blocked, id=12736, stack(0x00000000254d0000,0x00000000255d0000)]
  0x0000000022ff3000 JavaThread "C1 CompilerThread8" daemon [_thread_blocked, id=22752, stack(0x00000000252d0000,0x00000000253d0000)]
  0x0000000022ff0000 JavaThread "C2 CompilerThread7" daemon [_thread_blocked, id=6504, stack(0x00000000251d0000,0x00000000252d0000)]
  0x0000000022fec000 JavaThread "C2 CompilerThread6" daemon [_thread_blocked, id=24652, stack(0x00000000250d0000,0x00000000251d0000)]
  0x0000000022feb800 JavaThread "C2 CompilerThread5" daemon [_thread_blocked, id=24572, stack(0x0000000024fd0000,0x00000000250d0000)]
  0x0000000022fea000 JavaThread "C2 CompilerThread4" daemon [_thread_blocked, id=3384, stack(0x0000000024ed0000,0x0000000024fd0000)]
  0x0000000022fe9000 JavaThread "C2 CompilerThread3" daemon [_thread_blocked, id=8276, stack(0x0000000024dd0000,0x0000000024ed0000)]
  0x0000000022fe3000 JavaThread "C2 CompilerThread2" daemon [_thread_blocked, id=28500, stack(0x0000000024cd0000,0x0000000024dd0000)]
  0x0000000022fd2000 JavaThread "C2 CompilerThread1" daemon [_thread_blocked, id=10824, stack(0x0000000024bd0000,0x0000000024cd0000)]
  0x0000000022f82000 JavaThread "C2 CompilerThread0" daemon [_thread_blocked, id=24100, stack(0x0000000024ad0000,0x0000000024bd0000)]
  0x0000000022f81800 JavaThread "Attach Listener" daemon [_thread_blocked, id=28616, stack(0x00000000249d0000,0x0000000024ad0000)]
  0x0000000022f7d800 JavaThread "Signal Dispatcher" daemon [_thread_blocked, id=27068, stack(0x00000000248d0000,0x00000000249d0000)]
  0x00000000214f3000 JavaThread "Finalizer" daemon [_thread_blocked, id=26124, stack(0x00000000247d0000,0x00000000248d0000)]
  0x00000000214eb000 JavaThread "Reference Handler" daemon [_thread_blocked, id=28100, stack(0x00000000246d0000,0x00000000247d0000)]
=>0x0000000002a54000 JavaThread "Render thread" [_thread_in_native, id=14676, stack(0x0000000002950000,0x0000000002a50000)]

Other Threads:
  0x0000000022f44000 VMThread [stack: 0x00000000245d0000,0x00000000246d0000] [id=15224]
  0x0000000023002800 WatcherThread [stack: 0x00000000258d0000,0x00000000259d0000] [id=26364]

VM state:not at safepoint (normal execution)

VM Mutex/Monitor currently owned by a thread: None

Heap:
 PSYoungGen      total 1537536K, used 1332454K [0x0000000740b00000, 0x00000007be900000, 0x00000007c0000000)
  eden space 1283072K, 84% used [0x0000000740b00000,0x0000000782832088,0x000000078f000000)
  from space 254464K, 99% used [0x000000078f000000,0x000000079e807940,0x000000079e880000)
  to   space 389632K, 0% used [0x00000007a6c80000,0x00000007a6c80000,0x00000007be900000)
 ParOldGen       total 1696256K, used 1400397K [0x0000000642000000, 0x00000006a9880000, 0x0000000740b00000)
  object space 1696256K, 82% used [0x0000000642000000,0x0000000697793558,0x00000006a9880000)
 Metaspace       used 257030K, capacity 291436K, committed 291496K, reserved 1288192K
  class space    used 44188K, capacity 53672K, committed 53672K, reserved 1048576K

Card table byte_map: [0x0000000011f10000,0x0000000012b10000] byte_map_base: 0x000000000ed00000

Marking Bits: (ParMarkBitMap*) 0x0000000051b64040
 Begin Bits: [0x0000000014010000, 0x0000000019f90000)
 End Bits:   [0x0000000019f90000, 0x000000001ff10000)

Polling page: 0x00000000005e0000

CodeCache: size=245760Kb used=137523Kb max_used=137772Kb free=108236Kb
 bounds [0x0000000002b50000, 0x000000000b2c0000, 0x0000000011b50000]
 total_blobs=38517 nmethods=35840 adapters=2579
 compilation: enabled

Compilation events (10 events):
Event: 492.690 Thread 0x0000000022ff0000 50425       4       net.diebuddies.physics.verlet.constraints.WorldConstraint::updateAfter (6 bytes)
Event: 492.691 Thread 0x0000000022ff0000 nmethod 50425 0x00000000055744d0 code [0x0000000005574620, 0x00000000055746a8]
Event: 492.775 Thread 0x0000000022ffa000 50426       3       physx.physics.PxContactPairPoint::wrapPointer (19 bytes)
Event: 492.775 Thread 0x0000000022ff7800 50427       3       physx.physics.PxContactPairPoint::<init> (6 bytes)
Event: 492.776 Thread 0x0000000022ff7800 nmethod 50427 0x000000000ae05e50 code [0x000000000ae05fc0, 0x000000000ae061f0]
Event: 492.776 Thread 0x0000000022ffa000 nmethod 50426 0x000000000a414d10 code [0x000000000a414e80, 0x000000000a415190]
Event: 492.782 Thread 0x0000000022ff5800 50428       1       io.netty.util.internal.InternalThreadLocalMap::futureListenerStackDepth (5 bytes)
Event: 492.782 Thread 0x0000000022ff5800 nmethod 50428 0x0000000009174c10 code [0x0000000009174d60, 0x0000000009174e70]
Event: 492.804 Thread 0x0000000022ff3000 50429       3       net.minecraft.network.PacketThreadUtil$$Lambda$17974/139886713::run (12 bytes)
Event: 492.804 Thread 0x0000000022ff3000 nmethod 50429 0x0000000009710550 code [0x00000000097106c0, 0x0000000009710868]

GC Heap History (10 events):
Event: 462.365 GC heap before
{Heap before GC invocations=84 (full 7):
 PSYoungGen      total 1646080K, used 1587893K [0x0000000740b00000, 0x00000007bc880000, 0x00000007c0000000)
  eden space 1309184K, 100% used [0x0000000740b00000,0x0000000790980000,0x0000000790980000)
  from space 336896K, 82% used [0x00000007a6480000,0x00000007b74ad6c8,0x00000007bad80000)
  to   space 355328K, 0% used [0x0000000790980000,0x0000000790980000,0x00000007a6480000)
 ParOldGen       total 1696256K, used 1314699K [0x0000000642000000, 0x00000006a9880000, 0x0000000740b00000)
  object space 1696256K, 77% used [0x0000000642000000,0x00000006923e2d28,0x00000006a9880000)
 Metaspace       used 253689K, capacity 287570K, committed 287912K, reserved 1284096K
  class space    used 43882K, capacity 53309K, committed 53416K, reserved 1048576K
Event: 462.432 GC heap after
Heap after GC invocations=84 (full 7):
 PSYoungGen      total 1664512K, used 267584K [0x0000000740b00000, 0x00000007c0000000, 0x00000007c0000000)
  eden space 1309184K, 0% used [0x0000000740b00000,0x0000000740b00000,0x0000000790980000)
  from space 355328K, 75% used [0x0000000790980000,0x00000007a0ed0000,0x00000007a6480000)
  to   space 365568K, 0% used [0x00000007a9b00000,0x00000007a9b00000,0x00000007c0000000)
 ParOldGen       total 1696256K, used 1330914K [0x0000000642000000, 0x00000006a9880000, 0x0000000740b00000)
  object space 1696256K, 78% used [0x0000000642000000,0x00000006933b8978,0x00000006a9880000)
 Metaspace       used 253689K, capacity 287570K, committed 287912K, reserved 1284096K
  class space    used 43882K, capacity 53309K, committed 53416K, reserved 1048576K
}
Event: 468.996 GC heap before
{Heap before GC invocations=85 (full 7):
 PSYoungGen      total 1664512K, used 1575825K [0x0000000740b00000, 0x00000007c0000000, 0x00000007c0000000)
  eden space 1309184K, 99% used [0x0000000740b00000,0x00000007908945d8,0x0000000790980000)
  from space 355328K, 75% used [0x0000000790980000,0x00000007a0ed0000,0x00000007a6480000)
  to   space 365568K, 0% used [0x00000007a9b00000,0x00000007a9b00000,0x00000007c0000000)
 ParOldGen       total 1696256K, used 1333094K [0x0000000642000000, 0x00000006a9880000, 0x0000000740b00000)
  object space 1696256K, 78% used [0x0000000642000000,0x00000006935d9988,0x00000006a9880000)
 Metaspace       used 255777K, capacity 289868K, committed 290088K, reserved 1286144K
  class space    used 44071K, capacity 53510K, committed 53544K, reserved 1048576K
Event: 469.074 GC heap after
Heap after GC invocations=85 (full 7):
 PSYoungGen      total 1662976K, used 325950K [0x0000000740b00000, 0x00000007c0000000, 0x00000007c0000000)
  eden space 1297408K, 0% used [0x0000000740b00000,0x0000000740b00000,0x000000078fe00000)
  from space 365568K, 89% used [0x00000007a9b00000,0x00000007bd94fad8,0x00000007c0000000)
  to   space 394240K, 0% used [0x000000078fe00000,0x000000078fe00000,0x00000007a7f00000)
 ParOldGen       total 1696256K, used 1334718K [0x0000000642000000, 0x00000006a9880000, 0x0000000740b00000)
  object space 1696256K, 78% used [0x0000000642000000,0x000000069376f988,0x00000006a9880000)
 Metaspace       used 255777K, capacity 289868K, committed 290088K, reserved 1286144K
  class space    used 44071K, capacity 53510K, committed 53544K, reserved 1048576K
}
Event: 475.552 GC heap before
{Heap before GC invocations=86 (full 7):
 PSYoungGen      total 1662976K, used 1623358K [0x0000000740b00000, 0x00000007c0000000, 0x00000007c0000000)
  eden space 1297408K, 100% used [0x0000000740b00000,0x000000078fe00000,0x000000078fe00000)
  from space 365568K, 89% used [0x00000007a9b00000,0x00000007bd94fad8,0x00000007c0000000)
  to   space 394240K, 0% used [0x000000078fe00000,0x000000078fe00000,0x00000007a7f00000)
 ParOldGen       total 1696256K, used 1334724K [0x0000000642000000, 0x00000006a9880000, 0x0000000740b00000)
  object space 1696256K, 78% used [0x0000000642000000,0x00000006937710f8,0x00000006a9880000)
 Metaspace       used 256118K, capacity 290214K, committed 290344K, reserved 1286144K
  class space    used 44090K, capacity 53527K, committed 53544K, reserved 1048576K
Event: 475.619 GC heap after
Heap after GC invocations=86 (full 7):
 PSYoungGen      total 1594368K, used 296649K [0x0000000740b00000, 0x00000007c0000000, 0x00000007c0000000)
  eden space 1297408K, 0% used [0x0000000740b00000,0x0000000740b00000,0x000000078fe00000)
  from space 296960K, 99% used [0x000000078fe00000,0x00000007a1fb2498,0x00000007a2000000)
  to   space 405504K, 0% used [0x00000007a7400000,0x00000007a7400000,0x00000007c0000000)
 ParOldGen       total 1696256K, used 1339507K [0x0000000642000000, 0x00000006a9880000, 0x0000000740b00000)
  object space 1696256K, 78% used [0x0000000642000000,0x0000000693c1cd98,0x00000006a9880000)
 Metaspace       used 256118K, capacity 290214K, committed 290344K, reserved 1286144K
  class space    used 44090K, capacity 53527K, committed 53544K, reserved 1048576K
}
Event: 481.389 GC heap before
{Heap before GC invocations=87 (full 7):
 PSYoungGen      total 1594368K, used 1594057K [0x0000000740b00000, 0x00000007c0000000, 0x00000007c0000000)
  eden space 1297408K, 100% used [0x0000000740b00000,0x000000078fe00000,0x000000078fe00000)
  from space 296960K, 99% used [0x000000078fe00000,0x00000007a1fb2498,0x00000007a2000000)
  to   space 405504K, 0% used [0x00000007a7400000,0x00000007a7400000,0x00000007c0000000)
 ParOldGen       total 1696256K, used 1339507K [0x0000000642000000, 0x00000006a9880000, 0x0000000740b00000)
  object space 1696256K, 78% used [0x0000000642000000,0x0000000693c1cd98,0x00000006a9880000)
 Metaspace       used 256934K, capacity 291328K, committed 291496K, reserved 1288192K
  class space    used 44176K, capacity 53660K, committed 53672K, reserved 1048576K
Event: 481.466 GC heap after
Heap after GC invocations=87 (full 7):
 PSYoungGen      total 1688576K, used 250504K [0x0000000740b00000, 0x00000007c0000000, 0x00000007c0000000)
  eden space 1283072K, 0% used [0x0000000740b00000,0x0000000740b00000,0x000000078f000000)
  from space 405504K, 61% used [0x00000007a7400000,0x00000007b68a2118,0x00000007c0000000)
  to   space 397312K, 0% used [0x000000078f000000,0x000000078f000000,0x00000007a7400000)
 ParOldGen       total 1696256K, used 1393237K [0x0000000642000000, 0x00000006a9880000, 0x0000000740b00000)
  object space 1696256K, 82% used [0x0000000642000000,0x0000000697095558,0x00000006a9880000)
 Metaspace       used 256934K, capacity 291328K, committed 291496K, reserved 1288192K
  class space    used 44176K, capacity 53660K, committed 53672K, reserved 1048576K
}
Event: 487.597 GC heap before
{Heap before GC invocations=88 (full 7):
 PSYoungGen      total 1688576K, used 1533576K [0x0000000740b00000, 0x00000007c0000000, 0x00000007c0000000)
  eden space 1283072K, 100% used [0x0000000740b00000,0x000000078f000000,0x000000078f000000)
  from space 405504K, 61% used [0x00000007a7400000,0x00000007b68a2118,0x00000007c0000000)
  to   space 397312K, 0% used [0x000000078f000000,0x000000078f000000,0x00000007a7400000)
 ParOldGen       total 1696256K, used 1393237K [0x0000000642000000, 0x00000006a9880000, 0x0000000740b00000)
  object space 1696256K, 82% used [0x0000000642000000,0x0000000697095558,0x00000006a9880000)
 Metaspace       used 256974K, capacity 291392K, committed 291496K, reserved 1288192K
  class space    used 44179K, capacity 53660K, committed 53672K, reserved 1048576K
Event: 487.672 GC heap after
Heap after GC invocations=88 (full 7):
 PSYoungGen      total 1537536K, used 253982K [0x0000000740b00000, 0x00000007be900000, 0x00000007c0000000)
  eden space 1283072K, 0% used [0x0000000740b00000,0x0000000740b00000,0x000000078f000000)
  from space 254464K, 99% used [0x000000078f000000,0x000000079e807940,0x000000079e880000)
  to   space 389632K, 0% used [0x00000007a6c80000,0x00000007a6c80000,0x00000007be900000)
 ParOldGen       total 1696256K, used 1400397K [0x0000000642000000, 0x00000006a9880000, 0x0000000740b00000)
  object space 1696256K, 82% used [0x0000000642000000,0x0000000697793558,0x00000006a9880000)
 Metaspace       used 256974K, capacity 291392K, committed 291496K, reserved 1288192K
  class space    used 44179K, capacity 53660K, committed 53672K, reserved 1048576K
}

Deoptimization events (10 events):
Event: 491.174 Thread 0x0000000002a54000 Uncommon trap: reason=unstable_if action=reinterpret pc=0x0000000009faa498 method=it.unimi.dsi.fastutil.objects.ObjectOpenHashSet$SetIterator.next()Ljava/lang/Object; @ 83
Event: 491.218 Thread 0x0000000002a54000 Uncommon trap: reason=unstable_if action=reinterpret pc=0x0000000004ecaf4c method=net.minecraft.client.network.play.ClientPlayNetHandler.func_147244_a(Lnet/minecraft/network/play/server/SEntityVelocityPacket;)V @ 22
Event: 491.218 Thread 0x0000000002a54000 Uncommon trap: reason=unstable_if action=reinterpret pc=0x00000000092dbfb0 method=net.minecraft.client.network.play.ClientPlayNetHandler.func_147259_a(Lnet/minecraft/network/play/server/SEntityPacket;)V @ 19
Event: 491.339 Thread 0x0000000002a54000 Uncommon trap: reason=null_check action=make_not_entrant pc=0x0000000003f72c84 method=com.sun.jna.Structure.readField(Lcom/sun/jna/Structure$StructField;)Ljava/lang/Object; @ 41
Event: 492.771 Thread 0x0000000002a54000 Uncommon trap: reason=unstable_if action=reinterpret pc=0x000000000b259f18 method=org.lwjgl.glfw.GLFW.glfwWindowShouldClose(J)Z @ 20
Event: 492.780 Thread 0x0000000002a54000 Uncommon trap: reason=unstable_if action=reinterpret pc=0x000000000748a21c method=it.unimi.dsi.fastutil.ints.Int2ObjectOpenHashMap.values()Lit/unimi/dsi/fastutil/objects/ObjectCollection; @ 4
Event: 492.782 Thread 0x0000000038ee8000 Uncommon trap: reason=unstable_if action=reinterpret pc=0x000000000971a288 method=dev.tr7zw.entityculling.CullTask.run()V @ 7
Event: 492.804 Thread 0x0000000002a54000 Uncommon trap: reason=unstable_if action=reinterpret pc=0x0000000008453030 method=net.minecraft.network.PacketThreadUtil.func_225383_a(Lnet/minecraft/network/INetHandler;Lnet/minecraft/network/IPacket;)V @ 9
Event: 492.804 Thread 0x0000000002a54000 Uncommon trap: reason=unstable_if action=reinterpret pc=0x000000000b26c988 method=net.minecraft.client.renderer.GameRenderer.func_175070_n()Z @ 34
Event: 492.805 Thread 0x0000000002a54000 Uncommon trap: reason=null_check action=make_not_entrant pc=0x000000000b27f9f4 method=net.diebuddies.physics.PhysicsMod.getInstance(Lnet/minecraft/world/World;)Lnet/diebuddies/physics/PhysicsMod; @ 9

Internal exceptions (10 events):
Event: 476.613 Thread 0x000000002651a000 Exception <a 'sun/nio/fs/WindowsException'> (0x000000074ed13da0) thrown at [C:\re\workspace\8-2-build-windows-amd64-cygwin\jdk8u51\3951\hotspot\src\share\vm\prims\jni.cpp, line 709]
Event: 477.190 Thread 0x0000000002a54000 Exception <a 'java/lang/ClassCastException': net.minecraft.util.text.StringTextComponent cannot be cast to java.lang.String> (0x00000007561f3458) thrown at [C:\re\workspace\8-2-build-windows-amd64-cygwin\jdk8u51\3951\hotspot\src\share\vm\interpreter\interpúÓFuúÜ}@
Event: 477.811 Thread 0x0000000002a54000 Implicit null exception at 0x0000000009e2bd5a to 0x0000000009e2f371
Event: 478.794 Thread 0x0000000195371800 Implicit null exception at 0x00000000098e91c5 to 0x00000000098e9bd9
Event: 491.218 Thread 0x0000000002a54000 Implicit null exception at 0x0000000004eca902 to 0x0000000004ecaf3d
Event: 491.218 Thread 0x0000000002a54000 Implicit null exception at 0x00000000092db5dc to 0x00000000092dbfa1
Event: 492.802 Thread 0x0000000002a54000 Exception <a 'java/lang/IllegalArgumentException': Wrong type at constant pool index> (0x0000000781ca5e28) thrown at [C:\re\workspace\8-2-build-windows-amd64-cygwin\jdk8u51\3951\hotspot\src\share\vm\prims\jvm.cpp, line 2143]
Event: 492.802 Thread 0x0000000002a54000 Exception <a 'java/lang/IllegalArgumentException': Wrong type at constant pool index> (0x0000000781ca6d58) thrown at [C:\re\workspace\8-2-build-windows-amd64-cygwin\jdk8u51\3951\hotspot\src\share\vm\prims\jvm.cpp, line 2143]
Event: 492.802 Thread 0x0000000002a54000 Exception <a 'java/lang/IllegalArgumentException': Wrong type at constant pool index> (0x0000000781cc46d8) thrown at [C:\re\workspace\8-2-build-windows-amd64-cygwin\jdk8u51\3951\hotspot\src\share\vm\prims\jvm.cpp, line 2143]
Event: 492.805 Thread 0x0000000002a54000 Implicit null exception at 0x000000000b27adf5 to 0x000000000b27f9cd

Events (10 events):
Event: 492.802 loading class com/daderpduck/seamless_loading_screen/ScreenshotTaker done
Event: 492.804 Thread 0x0000000002a54000 Uncommon trap: trap_request=0xffffff65 fr.pc=0x0000000008453030
Event: 492.804 Thread 0x0000000002a54000 DEOPT PACKING pc=0x0000000008453030 sp=0x0000000002a4e6f0
Event: 492.804 Thread 0x0000000002a54000 DEOPT UNPACKING pc=0x0000000002b9582a sp=0x0000000002a4e630 mode 2
Event: 492.804 Thread 0x0000000002a54000 Uncommon trap: trap_request=0xffffff65 fr.pc=0x000000000b26c988
Event: 492.804 Thread 0x0000000002a54000 DEOPT PACKING pc=0x000000000b26c988 sp=0x0000000002a4e0e0
Event: 492.804 Thread 0x0000000002a54000 DEOPT UNPACKING pc=0x0000000002b9582a sp=0x0000000002a4e010 mode 2
Event: 492.805 Thread 0x0000000002a54000 Uncommon trap: trap_request=0xfffffff4 fr.pc=0x000000000b27f9f4
Event: 492.805 Thread 0x0000000002a54000 DEOPT PACKING pc=0x000000000b27f9f4 sp=0x0000000002a4dd40
Event: 492.805 Thread 0x0000000002a54000 DEOPT UNPACKING pc=0x0000000002b9582a sp=0x0000000002a4dc90 mode 2


Dynamic libraries:
0x00007ff6b8030000 - 0x00007ff6b8067000 	C:\Games\CurseForge\Minecraft\Install\runtime\jre-legacy\windows-x64\jre-legacy\bin\javaw.exe
0x00007fff18230000 - 0x00007fff18428000 	C:\Windows\SYSTEM32\ntdll.dll
0x00007fff16b30000 - 0x00007fff16bed000 	C:\Windows\System32\KERNEL32.DLL
0x00007fff15da0000 - 0x00007fff1606e000 	C:\Windows\System32\KERNELBASE.dll
0x00007fff17ff0000 - 0x00007fff1809e000 	C:\Windows\System32\ADVAPI32.dll
0x00007fff180a0000 - 0x00007fff1813e000 	C:\Windows\System32\msvcrt.dll
0x00007fff170a0000 - 0x00007fff1713c000 	C:\Windows\System32\sechost.dll
0x00007fff16a00000 - 0x00007fff16b25000 	C:\Windows\System32\RPCRT4.dll
0x00007fff17150000 - 0x00007fff172f0000 	C:\Windows\System32\USER32.dll
0x00007fff15950000 - 0x00007fff15972000 	C:\Windows\System32\win32u.dll
0x00007fff16ca0000 - 0x00007fff16cca000 	C:\Windows\System32\GDI32.dll
0x00007fff15ae0000 - 0x00007fff15beb000 	C:\Windows\System32\gdi32full.dll
0x00007fff161f0000 - 0x00007fff1628d000 	C:\Windows\System32\msvcp_win.dll
0x00007fff15ca0000 - 0x00007fff15da0000 	C:\Windows\System32\ucrtbase.dll
0x00007fff00d10000 - 0x00007fff00faa000 	C:\Windows\WinSxS\amd64_microsoft.windows.common-controls_6595b64144ccf1df_6.0.19041.1110_none_60b5254171f9507e\COMCTL32.dll
0x00007fff16cd0000 - 0x00007fff16d00000 	C:\Windows\System32\IMM32.DLL
0x0000000052ed0000 - 0x0000000052fa2000 	C:\Games\CurseForge\Minecraft\Install\runtime\jre-legacy\windows-x64\jre-legacy\bin\msvcr100.dll
0x0000000051360000 - 0x0000000051be3000 	C:\Games\CurseForge\Minecraft\Install\runtime\jre-legacy\windows-x64\jre-legacy\bin\server\jvm.dll
0x00007fff16440000 - 0x00007fff16448000 	C:\Windows\System32\PSAPI.DLL
0x00007fff0f430000 - 0x00007fff0f439000 	C:\Windows\SYSTEM32\WSOCK32.dll
0x00007fff16e90000 - 0x00007fff16efb000 	C:\Windows\System32\WS2_32.dll
0x00007fff080e0000 - 0x00007fff08107000 	C:\Windows\SYSTEM32\WINMM.dll
0x00007fff08f10000 - 0x00007fff08f1a000 	C:\Windows\SYSTEM32\VERSION.dll
0x0000000053500000 - 0x000000005350f000 	C:\Games\CurseForge\Minecraft\Install\runtime\jre-legacy\windows-x64\jre-legacy\bin\verify.dll
0x00000000534d0000 - 0x00000000534f9000 	C:\Games\CurseForge\Minecraft\Install\runtime\jre-legacy\windows-x64\jre-legacy\bin\java.dll
0x00000000533d0000 - 0x00000000533e6000 	C:\Games\CurseForge\Minecraft\Install\runtime\jre-legacy\windows-x64\jre-legacy\bin\zip.dll
0x00007fff17840000 - 0x00007fff17f84000 	C:\Windows\System32\SHELL32.dll
0x00007fff13a20000 - 0x00007fff141b4000 	C:\Windows\SYSTEM32\windows.storage.dll
0x00007fff16640000 - 0x00007fff16994000 	C:\Windows\System32\combase.dll
0x00007fff153b0000 - 0x00007fff153e0000 	C:\Windows\SYSTEM32\Wldp.dll
0x00007fff16bf0000 - 0x00007fff16c9d000 	C:\Windows\System32\SHCORE.dll
0x00007fff16d00000 - 0x00007fff16d55000 	C:\Windows\System32\shlwapi.dll
0x00007fff15890000 - 0x00007fff158af000 	C:\Windows\SYSTEM32\profapi.dll
0x00000000533c0000 - 0x00000000533cd000 	C:\Games\CurseForge\Minecraft\Install\runtime\jre-legacy\windows-x64\jre-legacy\bin\management.dll
0x00000000533a0000 - 0x00000000533ba000 	C:\Games\CurseForge\Minecraft\Install\runtime\jre-legacy\windows-x64\jre-legacy\bin\net.dll
0x00007fff15110000 - 0x00007fff1517a000 	C:\Windows\system32\mswsock.dll
0x00007ffed3dd0000 - 0x00007ffed3de7000 	C:\Windows\system32\napinsp.dll
0x00007ffed3db0000 - 0x00007ffed3dcb000 	C:\Windows\system32\pnrpnsp.dll
0x00007fff108d0000 - 0x00007fff108e5000 	C:\Windows\system32\wshbth.dll
0x00007fff10dc0000 - 0x00007fff10ddd000 	C:\Windows\system32\NLAapi.dll
0x00007fff14db0000 - 0x00007fff14deb000 	C:\Windows\SYSTEM32\IPHLPAPI.DLL
0x00007fff14df0000 - 0x00007fff14ebb000 	C:\Windows\SYSTEM32\DNSAPI.dll
0x00007fff16630000 - 0x00007fff16638000 	C:\Windows\System32\NSI.dll
0x00007ffed3d90000 - 0x00007ffed3da2000 	C:\Windows\System32\winrnr.dll
0x00007fff0efd0000 - 0x00007fff0efda000 	C:\Windows\System32\rasadhlp.dll
0x00007fff06bc0000 - 0x00007fff06c40000 	C:\Windows\System32\fwpuclnt.dll
0x00007fff161c0000 - 0x00007fff161e7000 	C:\Windows\System32\bcrypt.dll
0x0000000053380000 - 0x0000000053391000 	C:\Games\CurseForge\Minecraft\Install\runtime\jre-legacy\windows-x64\jre-legacy\bin\nio.dll
0x0000000053350000 - 0x0000000053374000 	C:\Games\CurseForge\Minecraft\Install\runtime\jre-legacy\windows-x64\jre-legacy\bin\sunec.dll
0x00007fff15300000 - 0x00007fff15318000 	C:\Windows\SYSTEM32\CRYPTSP.dll
0x00007fff14a20000 - 0x00007fff14a54000 	C:\Windows\system32\rsaenh.dll
0x00007fff15850000 - 0x00007fff1587e000 	C:\Windows\SYSTEM32\USERENV.dll
0x00007fff16130000 - 0x00007fff161b2000 	C:\Windows\System32\bcryptprimitives.dll
0x00007fff15320000 - 0x00007fff1532c000 	C:\Windows\SYSTEM32\CRYPTBASE.dll
0x00007fff0c010000 - 0x00007fff0c027000 	C:\Windows\SYSTEM32\dhcpcsvc6.DLL
0x00007fff0d2f0000 - 0x00007fff0d30d000 	C:\Windows\SYSTEM32\dhcpcsvc.DLL
0x00007ffeea4e0000 - 0x00007ffeea552000 	C:\Games\CurseForge\Minecraft\Install\bin\2cf85f2f4c1c7fac0dbfa319927859f161445c59\lwjgl.dll
0x00007ffee4090000 - 0x00007ffee42e1000 	C:\Games\CurseForge\Minecraft\Install\bin\2cf85f2f4c1c7fac0dbfa319927859f161445c59\jemalloc.dll
0x00007ffee9d20000 - 0x00007ffee9d7e000 	C:\Games\CurseForge\Minecraft\Install\bin\2cf85f2f4c1c7fac0dbfa319927859f161445c59\glfw.dll
0x00007fff12290000 - 0x00007fff1232e000 	C:\Windows\system32\uxtheme.dll
0x00007ffee18e0000 - 0x00007ffee1925000 	C:\Windows\SYSTEM32\dinput8.dll
0x00007ffeb5f40000 - 0x00007ffeb5f51000 	C:\Windows\SYSTEM32\xinput1_4.dll
0x00007fff160e0000 - 0x00007fff1612e000 	C:\Windows\System32\cfgmgr32.dll
0x00007fff15700000 - 0x00007fff1572c000 	C:\Windows\SYSTEM32\DEVOBJ.dll
0x00007fff12880000 - 0x00007fff128af000 	C:\Windows\SYSTEM32\dwmapi.dll
0x00007ffeaa6b0000 - 0x00007ffeaa7e8000 	C:\ProgramData\A-Volute\A-Volute.Nahimic\Modules\Scheduled\x64\AudioDevProps2.dll
0x00007fff16d60000 - 0x00007fff16e8a000 	C:\Windows\System32\ole32.dll
0x00007ffef72e0000 - 0x00007ffef7432000 	C:\Windows\SYSTEM32\inputhost.dll
0x00007fff16450000 - 0x00007fff1651d000 	C:\Windows\System32\OLEAUT32.dll
0x00007fff12070000 - 0x00007fff12162000 	C:\Windows\SYSTEM32\CoreMessaging.dll
0x00007fff10cb0000 - 0x00007fff10da6000 	C:\Windows\SYSTEM32\PROPSYS.dll
0x00007fff11540000 - 0x00007fff11694000 	C:\Windows\SYSTEM32\wintypes.dll
0x00007fff11c10000 - 0x00007fff11f6e000 	C:\Windows\SYSTEM32\CoreUIComponents.dll
0x00007fff14640000 - 0x00007fff14673000 	C:\Windows\SYSTEM32\ntmarta.dll
0x00007fff14200000 - 0x00007fff14212000 	C:\Windows\SYSTEM32\kernel.appcore.dll
0x00007ffeafd40000 - 0x00007ffeafe93000 	C:\Program Files (x86)\Stardock\Fences\FencesMenu64.dll
0x00007fff103d0000 - 0x00007fff103e4000 	C:\Windows\SYSTEM32\WTSAPI32.dll
0x00007fff00fb0000 - 0x00007fff01155000 	C:\Windows\WinSxS\amd64_microsoft.windows.gdiplus_6595b64144ccf1df_1.1.19041.1706_none_919e8e54cc8d4ca1\gdiplus.dll
0x00007ffedec60000 - 0x00007ffeded78000 	C:\Program Files (x86)\Stardock\Groupy\groupy_64.dll
0x00007fff16f60000 - 0x00007fff17075000 	C:\Windows\System32\MSCTF.dll
0x00007fff141c0000 - 0x00007fff141cd000 	C:\Windows\SYSTEM32\HID.DLL
0x00007fff172f0000 - 0x00007fff1775f000 	C:\Windows\System32\SETUPAPI.DLL
0x00007fff16070000 - 0x00007fff160d7000 	C:\Windows\System32\WINTRUST.dll
0x00007fff15980000 - 0x00007fff15ad6000 	C:\Windows\System32\CRYPT32.dll
0x00007fff15540000 - 0x00007fff15552000 	C:\Windows\SYSTEM32\MSASN1.dll
0x00007ffeaf730000 - 0x00007ffeaf857000 	C:\Windows\SYSTEM32\opengl32.dll
0x00007ffeaf6e0000 - 0x00007ffeaf70c000 	C:\Windows\SYSTEM32\GLU32.dll
0x00007fff18140000 - 0x00007fff181e9000 	C:\Windows\System32\clbcatq.dll
0x00007ffe8a500000 - 0x00007ffe8d6b9000 	C:\Windows\System32\DriverStore\FileRepository\nvlt.inf_amd64_e7d8c0512da64e7d\nvoglv64.dll
0x00007fff08ed0000 - 0x00007fff08f01000 	C:\Windows\SYSTEM32\cryptnet.dll
0x00007fff08d30000 - 0x00007fff08e78000 	C:\Windows\SYSTEM32\drvstore.dll
0x00007fff09db0000 - 0x00007fff09deb000 	C:\Windows\SYSTEM32\dxcore.dll
0x00007ffee0c50000 - 0x00007ffee0f21000 	C:\Windows\system32\nvspcap64.dll
0x00007fff14f20000 - 0x00007fff14f6b000 	C:\Windows\SYSTEM32\powrprof.dll
0x00007fff14d90000 - 0x00007fff14da2000 	C:\Windows\SYSTEM32\UMPDC.dll
0x00007fff146f0000 - 0x00007fff1474a000 	C:\Windows\SYSTEM32\WINSTA.dll
0x00007ffee8ec0000 - 0x00007ffee8f3f000 	C:\Games\CurseForge\Minecraft\Install\bin\2cf85f2f4c1c7fac0dbfa319927859f161445c59\lwjgl_stb.dll
0x00007fff0f8b0000 - 0x00007fff0f95e000 	C:\Windows\SYSTEM32\mscms.dll
0x00007fff0ef90000 - 0x00007fff0efa1000 	C:\Windows\SYSTEM32\ColorAdapterClient.dll
0x00007fff0a7c0000 - 0x00007fff0a803000 	C:\Windows\SYSTEM32\icm32.dll
0x00007ffef6b70000 - 0x00007ffef6c69000 	C:\Windows\SYSTEM32\textinputframework.dll
0x00007fff065d0000 - 0x00007fff06636000 	C:\Windows\system32\Oleacc.dll
0x00007ffee8e60000 - 0x00007ffee8eb8000 	C:\Games\CurseForge\Minecraft\Install\bin\2cf85f2f4c1c7fac0dbfa319927859f161445c59\lwjgl_opengl.dll
0x00007ffee8e10000 - 0x00007ffee8e52000 	C:\Users\NukelordBrown\AppData\Local\Temp\jna--1590639904\jna1502036833524401975.dll
0x0000000052ec0000 - 0x0000000052ecc000 	C:\Games\CurseForge\Minecraft\Install\runtime\jre-legacy\windows-x64\jre-legacy\bin\jsound.dll
0x0000000052eb0000 - 0x0000000052ebb000 	C:\Games\CurseForge\Minecraft\Install\runtime\jre-legacy\windows-x64\jre-legacy\bin\jsoundds.dll
0x00007ffefdd40000 - 0x00007ffefdddc000 	C:\Windows\SYSTEM32\DSOUND.dll
0x00007ffefdeb0000 - 0x00007ffefded6000 	C:\Windows\SYSTEM32\winmmbase.dll
0x00007fff0f3a0000 - 0x00007fff0f425000 	C:\Windows\SYSTEM32\MMDevAPI.DLL
0x00007ffeac500000 - 0x00007ffeac546000 	C:\Windows\SYSTEM32\wdmaud.drv
0x00007fff0f1b0000 - 0x00007fff0f1b9000 	C:\Windows\SYSTEM32\ksuser.dll
0x00007fff13a00000 - 0x00007fff13a0a000 	C:\Windows\SYSTEM32\AVRT.dll
0x00007fff0f520000 - 0x00007fff0f6a2000 	C:\Windows\SYSTEM32\AUDIOSES.DLL
0x00007ffeae690000 - 0x00007ffeae69d000 	C:\Windows\SYSTEM32\msacm32.drv
0x00007ffeabb60000 - 0x00007ffeabb7e000 	C:\Windows\SYSTEM32\MSACM32.dll
0x00007ffeae680000 - 0x00007ffeae68b000 	C:\Windows\SYSTEM32\midimap.dll
0x00007ffee3a70000 - 0x00007ffee3cd6000 	C:\Users\NukelordBrown\AppData\Local\Temp\de.fabmax.physx-jni\0.4.15\PhysX_64.dll
0x00007ffee3890000 - 0x00007ffee3a67000 	C:\Users\NukelordBrown\AppData\Local\Temp\de.fabmax.physx-jni\0.4.15\PhysXCommon_64.dll
0x00007ffee88b0000 - 0x00007ffee895a000 	C:\Users\NukelordBrown\AppData\Local\Temp\de.fabmax.physx-jni\0.4.15\PhysXCooking_64.dll
0x00007ffee3ff0000 - 0x00007ffee4081000 	C:\Users\NukelordBrown\AppData\Local\Temp\de.fabmax.physx-jni\0.4.15\PhysXFoundation_64.dll
0x00007ffee2140000 - 0x00007ffee2344000 	C:\Users\NukelordBrown\AppData\Local\Temp\de.fabmax.physx-jni\0.4.15\PhysXJniBindings_64.dll
0x00007ffeaab50000 - 0x00007ffeaabb7000 	C:\ProgramData\A-Volute\A-Volute.Nahimic\Modules\Scheduled\x64\ProductInfo.dll
0x00007ffed9390000 - 0x00007ffed93d3000 	C:\ProgramData\A-Volute\A-Volute.Nahimic\Modules\Scheduled\x64\ASM.Plugin.AudioDevProps2.dll
0x0000000052d10000 - 0x0000000052ea8000 	C:\Games\CurseForge\Minecraft\Install\runtime\jre-legacy\windows-x64\jre-legacy\bin\awt.dll
0x00007fff121a0000 - 0x00007fff12230000 	C:\Windows\SYSTEM32\apphelp.dll
0x00007fff12660000 - 0x00007fff12674000 	C:\Windows\SYSTEM32\resourcepolicyclient.dll
0x00007ffeedad0000 - 0x00007ffeedc11000 	C:\Windows\System32\Windows.UI.dll
0x00007fff0e5e0000 - 0x00007fff0e681000 	C:\Windows\System32\WindowManagementAPI.dll

VM Arguments:
jvm_args: -XX:HeapDumpPath=MojangTricksIntelDriversForPerformance_javaw.exe_minecraft.exe.heapdump -Dos.name=Windows 10 -Dos.version=10.0 -Xss1M -Djava.library.path=C:\Games\CurseForge\Minecraft\Install\bin\2cf85f2f4c1c7fac0dbfa319927859f161445c59 -Dminecraft.launcher.brand=minecraft-launcher -Dminecraft.launcher.version=2.4.36 -Xmx6112m -Xms256m -Dminecraft.applet.TargetDirectory=C:\Games\CurseForge\Minecraft\Instances\Blood-N-Wine-2 -Dfml.ignorePatchDiscrepancies=true -Dfml.ignoreInvalidMinecraftCertificates=true -Duser.language=en -Duser.country=US -Dlog4j.configurationFile=C:\Games\CurseForge\Minecraft\Install\assets\log_configs\client-1.12.xml 
java_command: cpw.mods.modlauncher.Launcher --username Nukelord420 --version forge-36.2.35 --gameDir C:\Games\CurseForge\Minecraft\Instances\Blood-N-Wine-2 --assetsDir C:\Games\CurseForge\Minecraft\Install\assets --assetIndex 1.16 --uuid 29e423c126c942d89e776772bd06df02 --accessToken eyJraWQiOiJhYzg0YSIsImFsZyI6IkhTMjU2In0.eyJ4dWlkIjoiMjUzNTQyODE5MjM2MjEyNiIsImFnZyI6IkFkdWx0Iiwic3ViIjoiZmNhNGVlNjItYzI4Zi00NzI0LWJkZTktNGU3ZDBiYWQ0ODBjIiwiYXV0aCI6IlhCT1giLCJucyI6ImRlZmF1bHQiLCJyb2xlcyI6W10sImlzcyI6ImF1dGhlbnRpY2F0aW9uIiwicGxhdGZvcm0iOiJQQ19MQVVOQ0hFUiIsInl1aWQiOiI3YTRkMzAxOTgyNzg0NmNjYjZjZDdjZjg4Njc0OWMwZSIsIm5iZiI6MTY4MTgwMjAxNywiZXhwIjoxNjgxODg4NDE3LCJpYXQiOjE2ODE4MDIwMTd9.0d2yxb4pu1SLwrgTiUODg9wwHKome45NjkGoqNkElhE --userType msa --versionType release --width 1024 --height 768 --launchTarget fmlclient --fml.forgeVersion 36.2.35 --fml.mcVersion 1.16.5 --fml.forgeGroup net.minecraftforge --fml.mcpVersion 20210115.111550
java_class_path (initial): C:\Games\CurseForge\Minecraft\Install\libraries\net\minecraftforge\forge\1.16.5-36.2.35\forge-1.16.5-36.2.35.jar;C:\Games\CurseForge\Minecraft\Install\libraries\org\ow2\asm\asm\9.1\asm-9.1.jar;C:\Games\CurseForge\Minecraft\Install\libraries\org\ow2\asm\asm-commons\9.1\asm-commons-9.1.jar;C:\Games\CurseForge\Minecraft\Install\libraries\org\ow2\asm\asm-tree\9.1\asm-tree-9.1.jar;C:\Games\CurseForge\Minecraft\Install\libraries\org\ow2\asm\asm-util\9.1\asm-util-9.1.jar;C:\Games\CurseForge\Minecraft\Install\libraries\org\ow2\asm\asm-analysis\9.1\asm-analysis-9.1.jar;C:\Games\CurseForge\Minecraft\Install\libraries\cpw\mods\modlauncher\8.1.3\modlauncher-8.1.3.jar;C:\Games\CurseForge\Minecraft\Install\libraries\cpw\mods\grossjava9hacks\1.3.3\grossjava9hacks-1.3.3.jar;C:\Games\CurseForge\Minecraft\Install\libraries\net\minecraftforge\accesstransformers\3.0.1\accesstransformers-3.0.1.jar;C:\Games\CurseForge\Minecraft\Install\libraries\org\antlr\antlr4-runtime\4.9.1\antlr4-runtime-4.9.1.jar;C:\Games\CurseForge\Minecraft\Install\libraries\net\minecraftforge\eventbus\4.0.0\eventbus-4.0.0.jar;C:\Games\CurseForge\Minecraft\Install\libraries\net\minecraftforge\forgespi\3.2.0\forgespi-3.2.0.jar;C:\Games\CurseForge\Minecraft\Install\libraries\net\minecraftforge\coremods\4.0.6\coremods-4.0.6.jar;C:\Games\CurseForge\Minecraft\Install\libraries\net\minecraftforge\unsafe\0.2.0\unsafe-0.2.0.jar;C:\Games\CurseForge\Minecraft\Install\libraries\com\electronwill\night-config\core\3.6.3\core-3.6.3.jar;C:\Games\CurseForge\Minecraft\Install\libraries\com\electronwill\night-config\toml\3.6.3\toml-3.6.3.jar;C:\Games\CurseForge\Minecraft\Install\libraries\org\jline\jline\3.12.1\jline-3.12.1.jar;C:\Games\CurseForge\Minecraft\Install\libraries\org\apache\maven\maven-artifact\3.6.3\maven-artifact-3.6.3.jar;C:\Games\CurseForge\Minecraft\Install\libraries\net\jodah\typetools\0.8.3\typetools-0.8.3.jar;C:\Games\CurseForge\Minecraft\Install\libraries\org\apache\logging\log4j\log
Launcher Type: SUN_STANDARD

Environment Variables:
PATH=C:\VulkanSDK\1.3.236.0\Bin;C:\Program Files (x86)\Razer Chroma SDK\bin;C:\Program Files\Razer Chroma SDK\bin;C:\Program Files\Common Files\Oracle\Java\javapath;C:\Program Files (x86)\Common Files\Oracle\Java\javapath;C:\Program Files (x86)\Razer\ChromaBroadcast\bin;C:\Program Files\Razer\ChromaBroadcast\bin;C:\Windows\system32;C:\Windows;C:\Windows\System32\Wbem;C:\Windows\System32\WindowsPowerShell\v1.0\;C:\Windows\System32\OpenSSH\;C:\Program Files (x86)\NVIDIA Corporation\PhysX\Common;C:\Program Files\NVIDIA Corporation\NVIDIA NvDLISR;C:\Program Files\PuTTY\;C:\Windows\system32\config\systemprofile\AppData\Local\Microsoft\WindowsApps;C:\Program Files\dotnet\;C:\Program Files\Common Files\Autodesk Shared\;C:\Program Files\Microsoft SQL Server\120\Tools\Binn\;G:\Bethesda-Game-Modding-Tools\Ruby26-x64\bin;C:\Users\NukelordBrown\AppData\Local\Programs\Python\Python310\Scripts\;C:\Users\NukelordBrown\AppData\Local\Programs\Python\Python310\;C:\Users\NukelordBrown\AppData\Local\Microsoft\WindowsApps;C:\Users\NukelordBrown\AppData\Local\Programs\Microsoft VS Code\bin;C:\Users\NukelordBrown\.dotnet\tools;C:\Users\NukelordBrown\AppData\Local\GitHubDesktop\bin;C:\Program Files\Perforce\;C:\Program Files\Git\cmd;G:\Bethesda-Game-Modding-Tools\Ruby26-x64\bin;C:\Users\NukelordBrown\AppData\Local\Programs\Python\Python310\Scripts\;C:\Users\NukelordBrown\AppData\Local\Programs\Python\Python310\;C:\Users\NukelordBrown\AppData\Local\Microsoft\WindowsApps;C:\Users\NukelordBrown\AppData\Local\Programs\Microsoft VS Code\bin;C:\Users\NukelordBrown\.dotnet\tools;C:\Users\NukelordBrown\AppData\Local\GitHubDesktop\bin
USERNAME=NukelordBrown
OS=Windows_NT
PROCESSOR_IDENTIFIER=AMD64 Family 25 Model 80 Stepping 0, AuthenticAMD



---------------  S Y S T E M  ---------------

OS: Windows 10.0 , 64 bit Build 19041 (10.0.19041.1806)

CPU:total 16 (16 cores per cpu, 1 threads per core) family 25 model 80 stepping 0, cmov, cx8, fxsr, mmx, sse, sse2, sse3, ssse3, sse4.1, sse4.2, popcnt, avx, avx2, aes, clmul, erms, mmxext, 3dnowpref, lzcnt, sse4a, tsc, tscinvbit, tscinv, bmi1

Memory: 4k page, physical 33402940k(11843544k free), swap 41005116k(10523712k free)

vm_info: Java HotSpot(TM) 64-Bit Server VM (25.51-b03) for windows-amd64 JRE (1.8.0_51-b16), built on Jun  8 2015 18:03:07 by "java_re" with MS VC++ 10.0 (VS2010)

time: Tue Apr 18 01:53:46 2023
elapsed time: 492 seconds (0d 0h 8m 12s)

