#
# A fatal error has been detected by the Java Runtime Environment:
#
#  EXCEPTION_ACCESS_VIOLATION (0xc0000005) at pc=0x00007fff23203716, pid=12540, tid=20028
#
# JRE version: Java(TM) SE Runtime Environment (8.0_51-b16) (build 1.8.0_51-b16)
# Java VM: Java HotSpot(TM) 64-Bit Server VM (25.51-b03 mixed mode windows-amd64 compressed oops)
# Problematic frame:
# C  [PhysXJniBindings_64.dll+0x53716]
#
# Failed to write core dump. Minidumps are not enabled by default on client versions of Windows
#
# If you would like to submit a bug report, please visit:
#   http://bugreport.java.com/bugreport/crash.jsp
# The crash happened outside the Java Virtual Machine in native code.
# See problematic frame for where to report the bug.
#

---------------  T H R E A D  ---------------

Current thread (0x00000000029c4000):  JavaThread "Render thread" [_thread_in_native, id=20028, stack(0x00000000028c0000,0x00000000029c0000)]

siginfo: ExceptionCode=0xc0000005, reading address 0x0000000000000000

Registers:
RAX=0x0000000000000000, RBX=0x0000000000000018, RCX=0x0000000000000000, RDX=0x0000000000000000
RSP=0x00000000029bccf0, RBP=0x00000000029bcda0, RSI=0x0000000000000003, RDI=0x0000000000000000
R8 =0x0000000000000003, R9 =0x00000000266be7d0, R10=0x0000000002ad57c8, R11=0x000000005c677bb0
R12=0x0000000000000000, R13=0x0000000043b01af0, R14=0x00000000029bcdc0, R15=0x00000000029c4000
RIP=0x00007fff23203716, EFLAGS=0x0000000000010206

Top of Stack: (sp=0x00000000029bccf0)
0x00000000029bccf0:   00000000bb0a6195 0000000000000000
0x00000000029bcd00:   00000000bb0a6195 0000000000000000
0x00000000029bcd10:   00000000bfb9644a 0000000000000000
0x00000000029bcd20:   0000000002ac7ced 0000000002ad57f4
0x00000000029bcd30:   0000000043b01af0 00000006578f5520
0x00000000029bcd40:   0000000000000000 00000000029bcdb0
0x00000000029bcd50:   00000001d6a6bab0 0000000000000000
0x00000000029bcd60:   00000000029bcd60 0000000000000000
0x00000000029bcd70:   00000000029bcdc0 0000000043b03750
0x00000000029bcd80:   0000000000000000 0000000043b01af0
0x00000000029bcd90:   0000000000000000 00000000029bcdc0
0x00000000029bcda0:   00000000029bce08 0000000002ac7800
0x00000000029bcdb0:   00000006578a21f0 0000000002acf977
0x00000000029bcdc0:   0000000000000003 00000000029bcdc8
0x00000000029bcdd0:   0000000043b01a49 00000000029bce18
0x00000000029bcde0:   0000000043b03750 0000000000000000 

Instructions: (pc=0x00007fff23203716)
0x00007fff232036f6:   89 74 24 10 57 48 83 ec 30 48 8b fa 8b f1 ff 15
0x00007fff23203706:   86 3c 19 00 48 8b d8 ff 15 35 3c 19 00 48 8b c8
0x00007fff23203716:   4c 8b 00 41 ff 50 28 84 c0 75 09 48 8d 05 a0 5e
0x00007fff23203726:   12 00 eb 13 48 8d 15 8f 3f 19 00 48 8d 0d 20 2d 


Register to memory mapping:

RAX=0x0000000000000000 is an unknown value
RBX=0x0000000000000018 is an unknown value
RCX=0x0000000000000000 is an unknown value
RDX=0x0000000000000000 is an unknown value
RSP=0x00000000029bccf0 is pointing into the stack for thread: 0x00000000029c4000
RBP=0x00000000029bcda0 is pointing into the stack for thread: 0x00000000029c4000
RSI=0x0000000000000003 is an unknown value
RDI=0x0000000000000000 is an unknown value
R8 =0x0000000000000003 is an unknown value
R9 =0x00000000266be7d0 is an unknown value
R10=0x0000000002ad57c8 is at code_begin+840 in an Interpreter codelet
method entry point (kind = native)  [0x0000000002ad5480, 0x0000000002ad5de0]  2400 bytes
R11=0x000000005c677bb0 is an unknown value
R12=0x0000000000000000 is an unknown value
R13={method} {0x0000000043b01af8} '_DefaultCpuDispatcherCreate' '(I)J' in 'physx/PxTopLevelFunctions'
R14=0x00000000029bcdc0 is pointing into the stack for thread: 0x00000000029c4000
R15=0x00000000029c4000 is a thread


Stack: [0x00000000028c0000,0x00000000029c0000],  sp=0x00000000029bccf0,  free space=1011k
Native frames: (J=compiled Java code, j=interpreted, Vv=VM code, C=native code)
C  [PhysXJniBindings_64.dll+0x53716]
C  0x0000000002ad57f4

Java frames: (J=compiled Java code, j=interpreted, Vv=VM code)
j  physx.PxTopLevelFunctions._DefaultCpuDispatcherCreate(I)J+0
j  physx.PxTopLevelFunctions.DefaultCpuDispatcherCreate(I)Lphysx/extensions/PxDefaultCpuDispatcher;+1
J 50747 C2 net.diebuddies.physics.PhysicsMod.getInstance(Lnet/minecraft/world/World;)Lnet/diebuddies/physics/PhysicsMod; (39 bytes) @ 0x000000000b25044c [0x000000000b24e540+0x1f0c]
J 47740 C1 net.minecraft.client.renderer.WorldRenderer.handler$bjc000$renderChunkLayerSolid(Lnet/minecraft/client/renderer/RenderType;Lcom/mojang/blaze3d/matrix/MatrixStack;DDDLorg/spongepowered/asm/mixin/injection/callback/CallbackInfo;)V (721 bytes) @ 0x000000000a70bbf4 [0x000000000a70a220+0x19d4]
J 46926 C1 net.minecraft.client.renderer.WorldRenderer.func_228441_a_(Lnet/minecraft/client/renderer/RenderType;Lcom/mojang/blaze3d/matrix/MatrixStack;DDD)V (186 bytes) @ 0x000000000a45441c [0x000000000a453520+0xefc]
J 48105 C1 net.minecraft.client.renderer.WorldRenderer.invokeRenderChunkLayer(Lnet/minecraft/client/renderer/RenderType;Lcom/mojang/blaze3d/matrix/MatrixStack;DDD)V (12 bytes) @ 0x00000000077cd2bc [0x00000000077cd240+0x7c]
j  net.coderbot.iris.pipeline.ShadowRenderer.renderShadows(Lnet/coderbot/iris/mixin/LevelRendererAccessor;Lnet/minecraft/client/renderer/ActiveRenderInfo;)V+376
J 50633 C1 net.coderbot.iris.pipeline.DeferredWorldRenderingPipeline.renderShadows(Lnet/coderbot/iris/mixin/LevelRendererAccessor;Lnet/minecraft/client/renderer/ActiveRenderInfo;)V (80 bytes) @ 0x000000000b1c3d3c [0x000000000b1c3bc0+0x17c]
J 50183 C2 net.minecraft.client.renderer.WorldRenderer.func_228426_a_(Lcom/mojang/blaze3d/matrix/MatrixStack;FJZLnet/minecraft/client/renderer/ActiveRenderInfo;Lnet/minecraft/client/renderer/GameRenderer;Lnet/minecraft/client/renderer/LightTexture;Lnet/minecraft/util/math/vector/Matrix4f;)V (4063 bytes) @ 0x000000000b0a7c28 [0x000000000b0a6580+0x16a8]
J 50001 C1 net.minecraft.client.renderer.GameRenderer.func_228378_a_(FJLcom/mojang/blaze3d/matrix/MatrixStack;)V (707 bytes) @ 0x000000000ae8e23c [0x000000000ae8aa40+0x37fc]
J 48675 C1 net.minecraft.client.renderer.GameRenderer.func_195458_a(FJZ)V (899 bytes) @ 0x000000000a80e44c [0x000000000a80ce00+0x164c]
J 50594 C1 net.minecraft.client.Minecraft.func_195542_b(Z)V (1013 bytes) @ 0x000000000b190b34 [0x000000000b18c760+0x43d4]
j  net.minecraft.client.Minecraft.handler$cdg000$unloadWorldScreenshot(Lnet/minecraft/client/gui/screen/Screen;Lorg/spongepowered/asm/mixin/injection/callback/CallbackInfo;)V+21
j  net.minecraft.client.Minecraft.func_213231_b(Lnet/minecraft/client/gui/screen/Screen;)V+49
j  net.minecraft.client.Minecraft.func_213254_o()V+8
j  net.minecraft.client.network.play.ClientPlayNetHandler.func_147231_a(Lnet/minecraft/util/text/ITextComponent;)V+19
j  net.minecraft.network.NetworkManager.func_179293_l()V+60
J 49888 C1 net.minecraft.client.multiplayer.PlayerController.func_78765_e()V (41 bytes) @ 0x000000000adfd8cc [0x000000000adfd580+0x34c]
J 48536 C1 net.minecraft.client.Minecraft.func_71407_l()V (981 bytes) @ 0x000000000a46032c [0x000000000a45f5e0+0xd4c]
J 50594 C1 net.minecraft.client.Minecraft.func_195542_b(Z)V (1013 bytes) @ 0x000000000b18d8fc [0x000000000b18c760+0x119c]
j  net.minecraft.client.Minecraft.handler$cdg000$unloadWorldScreenshot(Lnet/minecraft/client/gui/screen/Screen;Lorg/spongepowered/asm/mixin/injection/callback/CallbackInfo;)V+21
j  net.minecraft.client.Minecraft.func_213231_b(Lnet/minecraft/client/gui/screen/Screen;)V+49
j  net.minecraft.client.Minecraft.func_213254_o()V+8
j  net.minecraft.client.Minecraft.func_71405_e()V+66
j  net.minecraft.client.main.Main.main([Ljava/lang/String;)V+1445
v  ~StubRoutines::call_stub
j  sun.reflect.NativeMethodAccessorImpl.invoke0(Ljava/lang/reflect/Method;Ljava/lang/Object;[Ljava/lang/Object;)Ljava/lang/Object;+0
j  sun.reflect.NativeMethodAccessorImpl.invoke(Ljava/lang/Object;[Ljava/lang/Object;)Ljava/lang/Object;+100
J 2398 C1 sun.reflect.DelegatingMethodAccessorImpl.invoke(Ljava/lang/Object;[Ljava/lang/Object;)Ljava/lang/Object; (10 bytes) @ 0x0000000003401dcc [0x0000000003401cc0+0x10c]
J 2397 C1 java.lang.reflect.Method.invoke(Ljava/lang/Object;[Ljava/lang/Object;)Ljava/lang/Object; (62 bytes) @ 0x000000000340256c [0x0000000003402180+0x3ec]
j  net.minecraftforge.fml.loading.FMLClientLaunchProvider.lambda$launchService$0(Lcpw/mods/modlauncher/api/ITransformingClassLoader;[Ljava/lang/String;)Ljava/lang/Void;+50
j  net.minecraftforge.fml.loading.FMLClientLaunchProvider$$Lambda$502.call()Ljava/lang/Object;+12
j  cpw.mods.modlauncher.LaunchServiceHandlerDecorator.launch([Ljava/lang/String;Lcpw/mods/modlauncher/api/ITransformingClassLoader;)V+11
j  cpw.mods.modlauncher.LaunchServiceHandler.launch(Ljava/lang/String;[Ljava/lang/String;Lcpw/mods/modlauncher/TransformingClassLoader;Lcpw/mods/modlauncher/LaunchPluginHandler;)V+57
j  cpw.mods.modlauncher.LaunchServiceHandler.launch(Lcpw/mods/modlauncher/ArgumentHandler;Lcpw/mods/modlauncher/TransformingClassLoader;Lcpw/mods/modlauncher/LaunchPluginHandler;)V+19
j  cpw.mods.modlauncher.Launcher.run([Ljava/lang/String;)V+116
j  cpw.mods.modlauncher.Launcher.main([Ljava/lang/String;)V+37
v  ~StubRoutines::call_stub

---------------  P R O C E S S  ---------------

Java Threads: ( => current thread )
  0x00000000784db000 JavaThread "pool-12-thread-1" [_thread_blocked, id=21660, stack(0x00000000acd80000,0x00000000ace80000)]
  0x00000000784e0000 JavaThread "Chunk Render Task Executor #9" [_thread_blocked, id=23620, stack(0x00000000ac3b0000,0x00000000ac4b0000)]
  0x00000000784d3800 JavaThread "Chunk Render Task Executor #8" [_thread_blocked, id=2644, stack(0x00000000ac2b0000,0x00000000ac3b0000)]
  0x00000000784d8800 JavaThread "Chunk Render Task Executor #7" [_thread_blocked, id=25616, stack(0x00000000ac1b0000,0x00000000ac2b0000)]
  0x00000000784da000 JavaThread "Chunk Render Task Executor #6" [_thread_blocked, id=12184, stack(0x00000000ac0b0000,0x00000000ac1b0000)]
  0x00000000784d8000 JavaThread "Chunk Render Task Executor #5" [_thread_blocked, id=10232, stack(0x00000000a9150000,0x00000000a9250000)]
  0x00000000784d7000 JavaThread "Chunk Render Task Executor #4" [_thread_blocked, id=27024, stack(0x00000000a9050000,0x00000000a9150000)]
  0x00000000784d6800 JavaThread "Chunk Render Task Executor #3" [_thread_blocked, id=22356, stack(0x00000000a8f50000,0x00000000a9050000)]
  0x00000000784d9800 JavaThread "Chunk Render Task Executor #2" [_thread_blocked, id=12952, stack(0x00000000a8e50000,0x00000000a8f50000)]
  0x00000000784d5800 JavaThread "Chunk Render Task Executor #1" [_thread_blocked, id=25564, stack(0x00000000a8d50000,0x00000000a8e50000)]
  0x00000000784d2800 JavaThread "Chunk Render Task Executor #0" [_thread_blocked, id=12568, stack(0x00000000a8780000,0x00000000a8880000)]
  0x00000000784d5000 JavaThread "ForkJoinPool.commonPool-worker-0" daemon [_thread_blocked, id=10824, stack(0x0000000067890000,0x0000000067990000)]
  0x000000003502d800 JavaThread "ForkJoinPool.commonPool-worker-7" daemon [_thread_blocked, id=25972, stack(0x0000000067790000,0x0000000067890000)]
  0x00000000345fa000 JavaThread "ForkJoinPool.commonPool-worker-14" daemon [_thread_blocked, id=6520, stack(0x0000000067690000,0x0000000067790000)]
  0x000000002806a800 JavaThread "ForkJoinPool.commonPool-worker-5" daemon [_thread_blocked, id=8468, stack(0x0000000067590000,0x0000000067690000)]
  0x0000000022f2f800 JavaThread "ForkJoinPool.commonPool-worker-12" daemon [_thread_blocked, id=1584, stack(0x0000000067490000,0x0000000067590000)]
  0x0000000035e38800 JavaThread "ForkJoinPool.commonPool-worker-3" daemon [_thread_blocked, id=26400, stack(0x0000000067390000,0x0000000067490000)]
  0x0000000035e3a000 JavaThread "ForkJoinPool.commonPool-worker-10" daemon [_thread_blocked, id=9004, stack(0x0000000067290000,0x0000000067390000)]
  0x0000000035e3a800 JavaThread "ForkJoinPool.commonPool-worker-1" daemon [_thread_blocked, id=23660, stack(0x0000000067190000,0x0000000067290000)]
  0x0000000034366000 JavaThread "ForkJoinPool.commonPool-worker-8" daemon [_thread_blocked, id=29824, stack(0x0000000067090000,0x0000000067190000)]
  0x0000000034363000 JavaThread "ForkJoinPool.commonPool-worker-15" daemon [_thread_blocked, id=24804, stack(0x0000000066f90000,0x0000000067090000)]
  0x0000000034365000 JavaThread "ForkJoinPool.commonPool-worker-6" daemon [_thread_blocked, id=15096, stack(0x0000000066e90000,0x0000000066f90000)]
  0x0000000034366800 JavaThread "ForkJoinPool.commonPool-worker-13" daemon [_thread_blocked, id=11828, stack(0x0000000066d90000,0x0000000066e90000)]
  0x0000000034364800 JavaThread "ForkJoinPool.commonPool-worker-4" daemon [_thread_blocked, id=19436, stack(0x0000000066c90000,0x0000000066d90000)]
  0x0000000034361800 JavaThread "ForkJoinPool.commonPool-worker-11" daemon [_thread_blocked, id=12924, stack(0x0000000066b90000,0x0000000066c90000)]
  0x0000000034367800 JavaThread "ForkJoinPool.commonPool-worker-2" daemon [_thread_blocked, id=22624, stack(0x0000000066a90000,0x0000000066b90000)]
  0x00000000782ce000 JavaThread "Litematica Chunk Batcher 15" daemon [_thread_blocked, id=20896, stack(0x000000014d350000,0x000000014d450000)]
  0x00000000782cf000 JavaThread "Litematica Chunk Batcher 14" daemon [_thread_blocked, id=12832, stack(0x000000014d250000,0x000000014d350000)]
  0x00000000782d2800 JavaThread "Litematica Chunk Batcher 13" daemon [_thread_blocked, id=3936, stack(0x000000014d150000,0x000000014d250000)]
  0x00000000782d2000 JavaThread "Litematica Chunk Batcher 12" daemon [_thread_blocked, id=6928, stack(0x000000014d050000,0x000000014d150000)]
  0x00000000782c4800 JavaThread "Litematica Chunk Batcher 11" daemon [_thread_blocked, id=4820, stack(0x000000014cf50000,0x000000014d050000)]
  0x00000000782ca800 JavaThread "Litematica Chunk Batcher 10" daemon [_thread_blocked, id=28216, stack(0x000000014ce50000,0x000000014cf50000)]
  0x00000000782c7800 JavaThread "Litematica Chunk Batcher 9" daemon [_thread_blocked, id=20972, stack(0x000000014cd50000,0x000000014ce50000)]
  0x00000000782c6800 JavaThread "Litematica Chunk Batcher 8" daemon [_thread_blocked, id=9088, stack(0x000000014cc50000,0x000000014cd50000)]
  0x00000000782cb000 JavaThread "Litematica Chunk Batcher 7" daemon [_thread_blocked, id=24500, stack(0x000000014cb50000,0x000000014cc50000)]
  0x00000000782c9000 JavaThread "Litematica Chunk Batcher 6" daemon [_thread_blocked, id=19884, stack(0x000000014ca50000,0x000000014cb50000)]
  0x00000000782c8000 JavaThread "Litematica Chunk Batcher 5" daemon [_thread_blocked, id=7704, stack(0x000000014c950000,0x000000014ca50000)]
  0x00000000782c5000 JavaThread "Litematica Chunk Batcher 4" daemon [_thread_blocked, id=18732, stack(0x000000014c850000,0x000000014c950000)]
  0x00000000782c9800 JavaThread "Litematica Chunk Batcher 3" daemon [_thread_blocked, id=14304, stack(0x000000014c750000,0x000000014c850000)]
  0x00000000782c6000 JavaThread "Litematica Chunk Batcher 2" daemon [_thread_blocked, id=24932, stack(0x000000014c650000,0x000000014c750000)]
  0x00000000345f7800 JavaThread "Litematica Chunk Batcher 1" daemon [_thread_blocked, id=10808, stack(0x000000014c550000,0x000000014c650000)]
  0x0000000035e45000 JavaThread "Litematica Chunk Batcher 0" daemon [_thread_blocked, id=11712, stack(0x000000014c450000,0x000000014c550000)]
  0x000000003435f000 JavaThread "Sound engine" daemon [_thread_blocked, id=13736, stack(0x000000003ec80000,0x000000003ed80000)]
  0x000000003435c000 JavaThread "Netty Client IO #31" daemon [_thread_in_native, id=30092, stack(0x00000000aba60000,0x00000000abb60000)]
  0x000000003435e800 JavaThread "Netty Client IO #30" daemon [_thread_in_native, id=11864, stack(0x00000000a8170000,0x00000000a8270000)]
  0x000000003435b800 JavaThread "Netty Client IO #29" daemon [_thread_in_native, id=14320, stack(0x00000000a61a0000,0x00000000a62a0000)]
  0x000000003435a800 JavaThread "Netty Client IO #28" daemon [_thread_in_native, id=27928, stack(0x0000000041f60000,0x0000000042060000)]
  0x000000003435d000 JavaThread "Netty Client IO #26" daemon [_thread_in_native, id=15604, stack(0x00000000a60a0000,0x00000000a61a0000)]
  0x00000000345f4000 JavaThread "Netty Client IO #27" daemon [_thread_in_native, id=26244, stack(0x00000000a5fa0000,0x00000000a60a0000)]
  0x000000002806d000 JavaThread "Netty Client IO #25" daemon [_thread_in_native, id=11576, stack(0x00000000a5ea0000,0x00000000a5fa0000)]
  0x000000002652e800 JavaThread "Netty Client IO #24" daemon [_thread_in_native, id=21500, stack(0x00000000a5990000,0x00000000a5a90000)]
  0x00000000369f6800 JavaThread "Netty Client IO #23" daemon [_thread_in_native, id=27136, stack(0x00000000a5890000,0x00000000a5990000)]
  0x00000000369ea000 JavaThread "Netty Client IO #22" daemon [_thread_in_native, id=9960, stack(0x00000000a4130000,0x00000000a4230000)]
  0x0000000035e41800 JavaThread "Netty Client IO #21" daemon [_thread_in_native, id=23608, stack(0x0000000041470000,0x0000000041570000)]
  0x0000000035e40800 JavaThread "Netty Client IO #19" daemon [_thread_in_native, id=20100, stack(0x00000000a0020000,0x00000000a0120000)]
  0x0000000035e47800 JavaThread "Netty Client IO #20" daemon [_thread_in_native, id=17172, stack(0x0000000029a00000,0x0000000029b00000)]
  0x0000000035e42000 JavaThread "Netty Client IO #18" daemon [_thread_in_native, id=22908, stack(0x000000009e6c0000,0x000000009e7c0000)]
  0x0000000035e46800 JavaThread "Netty Client IO #17" daemon [_thread_in_native, id=1232, stack(0x0000000062880000,0x0000000062980000)]
  0x0000000035e46000 JavaThread "Netty Client IO #16" daemon [_thread_in_native, id=13972, stack(0x0000000041760000,0x0000000041860000)]
  0x0000000028064000 JavaThread "Netty Client IO #15" daemon [_thread_in_native, id=25076, stack(0x0000000099020000,0x0000000099120000)]
  0x0000000028069000 JavaThread "Netty Client IO #14" daemon [_thread_in_native, id=22796, stack(0x0000000096210000,0x0000000096310000)]
  0x0000000028068800 JavaThread "Netty Client IO #13" daemon [_thread_in_native, id=12332, stack(0x0000000096110000,0x0000000096210000)]
  0x000000002806a000 JavaThread "Netty Client IO #12" daemon [_thread_in_native, id=29220, stack(0x0000000041660000,0x0000000041760000)]
  0x0000000028061000 JavaThread "Netty Client IO #11" daemon [_thread_in_native, id=23228, stack(0x0000000095cf0000,0x0000000095df0000)]
  0x0000000028067800 JavaThread "Netty Client IO #10" daemon [_thread_in_native, id=1208, stack(0x0000000095bf0000,0x0000000095cf0000)]
  0x0000000028067000 JavaThread "Netty Client IO #9" daemon [_thread_in_native, id=19776, stack(0x00000000648e0000,0x00000000649e0000)]
  0x0000000028061800 JavaThread "Netty Client IO #8" daemon [_thread_in_native, id=4408, stack(0x0000000041d60000,0x0000000041e60000)]
  0x000000002805f800 JavaThread "Netty Client IO #7" daemon [_thread_in_native, id=22648, stack(0x00000000647e0000,0x00000000648e0000)]
  0x0000000028066000 JavaThread "Netty Client IO #6" daemon [_thread_in_native, id=19476, stack(0x00000000646e0000,0x00000000647e0000)]
  0x0000000028065800 JavaThread "Netty Client IO #5" daemon [_thread_in_native, id=23112, stack(0x0000000063bd0000,0x0000000063cd0000)]
  0x0000000028064800 JavaThread "Netty Client IO #4" daemon [_thread_in_native, id=26048, stack(0x0000000053f10000,0x0000000054010000)]
  0x000000002805e000 JavaThread "Server Pinger #4" daemon [_thread_blocked, id=8084, stack(0x0000000041860000,0x0000000041960000)]
  0x0000000028062800 JavaThread "Netty Client IO #3" daemon [_thread_in_native, id=30336, stack(0x00000000645e0000,0x00000000646e0000)]
  0x000000002805e800 JavaThread "Netty Client IO #2" daemon [_thread_in_native, id=8668, stack(0x00000000644e0000,0x00000000645e0000)]
  0x0000000028063000 JavaThread "Netty Client IO #1" daemon [_thread_in_native, id=22660, stack(0x0000000096010000,0x0000000096110000)]
  0x00000000369f6000 JavaThread "Netty Client IO #0" daemon [_thread_in_native, id=28380, stack(0x0000000063dd0000,0x0000000063ed0000)]
  0x00000000369f3000 JavaThread "ObjectCleanerThread" daemon [_thread_blocked, id=15612, stack(0x0000000063cd0000,0x0000000063dd0000)]
  0x000000003502e800 JavaThread "Server Pinger #3" daemon [_thread_blocked, id=2236, stack(0x0000000062780000,0x0000000062880000)]
  0x0000000035033800 JavaThread "Server Pinger #2" daemon [_thread_blocked, id=28300, stack(0x0000000053e10000,0x0000000053f10000)]
  0x0000000035029000 JavaThread "Server Pinger #1" daemon [_thread_blocked, id=10048, stack(0x0000000053d10000,0x0000000053e10000)]
  0x000000003502a800 JavaThread "Thread-65" daemon [_thread_in_native, id=20344, stack(0x0000000053c10000,0x0000000053d10000)]
  0x000000003502d000 JavaThread "Server Pinger #0" daemon [_thread_blocked, id=12700, stack(0x0000000041e60000,0x0000000041f60000)]
  0x000000003502b800 JavaThread "spark-worker-pool-1-thread-4" daemon [_thread_blocked, id=28404, stack(0x000000009ce10000,0x000000009cf10000)]
  0x00000000345f5800 JavaThread "spark-worker-pool-1-thread-3" daemon [_thread_blocked, id=19152, stack(0x0000000041960000,0x0000000041a60000)]
  0x00000000345fa800 JavaThread "Thread-62" daemon [_thread_blocked, id=17524, stack(0x0000000072730000,0x0000000072830000)]
  0x00000000345f4800 JavaThread "Java2D Disposer" daemon [_thread_blocked, id=24316, stack(0x00000000721a0000,0x00000000722a0000)]
  0x00000000345f1800 JavaThread "Thread-60" daemon [_thread_blocked, id=26600, stack(0x00000000720a0000,0x00000000721a0000)]
  0x00000000345f0000 JavaThread "spark-worker-pool-1-thread-2" daemon [_thread_blocked, id=29808, stack(0x0000000073d00000,0x0000000073e00000)]
  0x00000000345f0800 JavaThread "spark-worker-pool-1-thread-1" daemon [_thread_blocked, id=26748, stack(0x0000000073c00000,0x0000000073d00000)]
  0x00000000345ee800 JavaThread "spark-monitor" daemon [_thread_blocked, id=17504, stack(0x0000000073830000,0x0000000073930000)]
  0x00000000345ec000 JavaThread "pool-5-thread-1" [_thread_blocked, id=21408, stack(0x0000000071fa0000,0x00000000720a0000)]
  0x0000000035036000 JavaThread "Thread-56" daemon [_thread_in_native, id=3300, stack(0x000000006cf20000,0x000000006d020000)]
  0x0000000035034800 JavaThread "Thread-55" daemon [_thread_in_native, id=6680, stack(0x00000000617e0000,0x00000000618e0000)]
  0x0000000035037800 JavaThread "Thread-54" daemon [_thread_in_native, id=16616, stack(0x0000000058e90000,0x0000000058f90000)]
  0x0000000035036800 JavaThread "Thread-53" daemon [_thread_in_native, id=9476, stack(0x0000000056f80000,0x0000000057080000)]
  0x0000000035030800 JavaThread "Thread-52" daemon [_thread_in_native, id=4536, stack(0x000000005bea0000,0x000000005bfa0000)]
  0x0000000035030000 JavaThread "Thread-51" daemon [_thread_in_native, id=27668, stack(0x0000000054970000,0x0000000054a70000)]
  0x0000000035028000 JavaThread "Thread-50" daemon [_thread_in_native, id=15880, stack(0x0000000054720000,0x0000000054820000)]
  0x0000000026531000 JavaThread "Config Lib config file watcher" daemon [_thread_blocked, id=3088, stack(0x0000000052ed0000,0x0000000052fd0000)]
  0x0000000035e43000 JavaThread "Thread-47" daemon [_thread_in_native, id=3792, stack(0x0000000041c60000,0x0000000041d60000)]
  0x0000000026530000 JavaThread "pool-4-thread-16" [_thread_blocked, id=18992, stack(0x000000004cae0000,0x000000004cbe0000)]
  0x0000000026532800 JavaThread "pool-4-thread-15" [_thread_blocked, id=23152, stack(0x0000000028b10000,0x0000000028c10000)]
  0x000000002652e000 JavaThread "pool-4-thread-14" [_thread_blocked, id=16052, stack(0x000000004cc90000,0x000000004cd90000)]
  0x0000000026532000 JavaThread "pool-4-thread-13" [_thread_blocked, id=18316, stack(0x000000004c9e0000,0x000000004cae0000)]
  0x0000000028154800 JavaThread "pool-4-thread-12" [_thread_blocked, id=9196, stack(0x000000004c6e0000,0x000000004c7e0000)]
  0x0000000028153000 JavaThread "Thread-45" daemon [_thread_in_native, id=18456, stack(0x000000004c5e0000,0x000000004c6e0000)]
  0x0000000028150000 JavaThread "Thread-44" daemon [_thread_in_native, id=10060, stack(0x000000004c2e0000,0x000000004c3e0000)]
  0x0000000028157000 JavaThread "pool-4-thread-11" [_thread_blocked, id=5652, stack(0x000000004c1e0000,0x000000004c2e0000)]
  0x0000000028156000 JavaThread "Thread-43" daemon [_thread_in_native, id=28228, stack(0x000000004c0e0000,0x000000004c1e0000)]
  0x0000000028151800 JavaThread "pool-4-thread-10" [_thread_blocked, id=14400, stack(0x000000004bfe0000,0x000000004c0e0000)]
  0x000000002814f800 JavaThread "Thread-42" daemon [_thread_in_native, id=15984, stack(0x000000004bee0000,0x000000004bfe0000)]
  0x0000000028151000 JavaThread "Thread-41" daemon [_thread_in_native, id=6048, stack(0x000000004bde0000,0x000000004bee0000)]
  0x0000000028155800 JavaThread "Thread-40" daemon [_thread_in_native, id=14692, stack(0x000000004bce0000,0x000000004bde0000)]
  0x0000000028154000 JavaThread "pool-4-thread-9" [_thread_blocked, id=14528, stack(0x000000004bbe0000,0x000000004bce0000)]
  0x000000002814e000 JavaThread "Thread-39" daemon [_thread_in_native, id=28432, stack(0x000000004bae0000,0x000000004bbe0000)]
  0x000000002814b800 JavaThread "Thread-38" daemon [_thread_in_native, id=16300, stack(0x000000004b9e0000,0x000000004bae0000)]
  0x000000002814e800 JavaThread "Thread-37" daemon [_thread_in_native, id=28120, stack(0x000000004a670000,0x000000004a770000)]
  0x000000002814d000 JavaThread "Thread-36" daemon [_thread_in_native, id=29284, stack(0x000000004b6e0000,0x000000004b7e0000)]
  0x000000002814b000 JavaThread "Thread-35" daemon [_thread_in_native, id=16096, stack(0x000000004b5e0000,0x000000004b6e0000)]
  0x000000002814a000 JavaThread "pool-4-thread-8" [_thread_blocked, id=11228, stack(0x000000004b3d0000,0x000000004b4d0000)]
  0x000000002814c800 JavaThread "Thread-34" daemon [_thread_in_native, id=27700, stack(0x000000004b4e0000,0x000000004b5e0000)]
  0x0000000028149800 JavaThread "Thread-33" daemon [_thread_in_native, id=22296, stack(0x000000004b0d0000,0x000000004b1d0000)]
  0x0000000028148800 JavaThread "pool-4-thread-7" [_thread_blocked, id=13008, stack(0x000000004afd0000,0x000000004b0d0000)]
  0x00000000369ea800 JavaThread "pool-4-thread-6" [_thread_blocked, id=13512, stack(0x000000004aed0000,0x000000004afd0000)]
  0x00000000359b2000 JavaThread "pool-4-thread-5" [_thread_blocked, id=29628, stack(0x000000004add0000,0x000000004aed0000)]
  0x00000000359b1800 JavaThread "Thread-31" daemon [_thread_in_native, id=4428, stack(0x00000000493b0000,0x00000000494b0000)]
  0x00000000359b0000 JavaThread "pool-4-thread-4" [_thread_blocked, id=15788, stack(0x00000000489f0000,0x0000000048af0000)]
  0x00000000359b6800 JavaThread "Thread-30" daemon [_thread_in_native, id=20040, stack(0x000000004a570000,0x000000004a670000)]
  0x00000000359b6000 JavaThread "pool-4-thread-3" [_thread_blocked, id=18560, stack(0x000000004a000000,0x000000004a100000)]
  0x00000000359b0800 JavaThread "pool-4-thread-2" [_thread_blocked, id=17664, stack(0x0000000049f00000,0x000000004a000000)]
  0x00000000359b3800 JavaThread "pool-4-thread-1" [_thread_blocked, id=12880, stack(0x0000000049ca0000,0x0000000049da0000)]
  0x00000000359b5000 JavaThread "Thread-29" daemon [_thread_in_native, id=21696, stack(0x00000000497a0000,0x00000000498a0000)]
  0x00000000359b4800 JavaThread "Thread-28" daemon [_thread_in_native, id=5796, stack(0x0000000048ea0000,0x0000000048fa0000)]
  0x00000000359b3000 JavaThread "Thread-27" daemon [_thread_blocked, id=6232, stack(0x00000000488f0000,0x00000000489f0000)]
  0x00000000359ad000 JavaThread "Java Sound Event Dispatcher" daemon [_thread_blocked, id=17820, stack(0x00000000450d0000,0x00000000451d0000)]
  0x00000000359af000 JavaThread "Thread-25" daemon [_thread_blocked, id=14240, stack(0x0000000046730000,0x0000000046830000)]
  0x00000000359ad800 JavaThread "lava-daemon-pool-info-loader-5-thread-1" daemon [_thread_blocked, id=3860, stack(0x0000000046630000,0x0000000046730000)]
  0x00000000359ac000 JavaThread "LavaPlayer Audio Thread" daemon [_thread_blocked, id=18856, stack(0x0000000043e00000,0x0000000043f00000)]
  0x00000000359a9000 JavaThread "lava-daemon-pool-manager-6-thread-1" daemon [_thread_blocked, id=12840, stack(0x0000000043d00000,0x0000000043e00000)]
  0x00000000359aa000 JavaThread "LavaPlayer Audio Thread" daemon [_thread_blocked, id=10988, stack(0x0000000043800000,0x0000000043900000)]
  0x00000000359ab800 JavaThread "Thread-24" daemon [_thread_in_native, id=21604, stack(0x0000000042960000,0x0000000042a60000)]
  0x0000000035e43800 JavaThread "lava-daemon-pool-manager-3-thread-1" daemon [_thread_blocked, id=10952, stack(0x0000000042860000,0x0000000042960000)]
  0x0000000035e39000 JavaThread "Snooper Timer" daemon [_thread_blocked, id=7476, stack(0x00000000307f0000,0x00000000308f0000)]
  0x0000000035e3f000 JavaThread "Timer hack thread" daemon [_thread_blocked, id=7560, stack(0x00000000300e0000,0x00000000301e0000)]
  0x00000000369f0800 JavaThread "Thread-20" daemon [_thread_in_native, id=4176, stack(0x000000003aed0000,0x000000003afd0000)]
  0x00000000369e9000 JavaThread "Thread-19" daemon [_thread_in_native, id=25284, stack(0x000000003add0000,0x000000003aed0000)]
  0x00000000369f0000 JavaThread "Thread-18" daemon [_thread_in_native, id=9036, stack(0x000000003acd0000,0x000000003add0000)]
  0x00000000369ee800 JavaThread "Thread-17" daemon [_thread_in_native, id=29512, stack(0x000000003abd0000,0x000000003acd0000)]
  0x00000000369ef000 JavaThread "Thread-16" daemon [_thread_in_native, id=15332, stack(0x000000003aad0000,0x000000003abd0000)]
  0x00000000369e8800 JavaThread "Thread-15" daemon [_thread_in_native, id=28964, stack(0x000000003a9d0000,0x000000003aad0000)]
  0x00000000369eb800 JavaThread "Thread-14" daemon [_thread_in_native, id=30252, stack(0x000000003a8d0000,0x000000003a9d0000)]
  0x00000000369ed800 JavaThread "Thread-13" daemon [_thread_in_native, id=19404, stack(0x000000003a7d0000,0x000000003a8d0000)]
  0x00000000369ec000 JavaThread "Thread-12" daemon [_thread_in_native, id=29416, stack(0x000000003a6d0000,0x000000003a7d0000)]
  0x00000000369ed000 JavaThread "Thread-11" daemon [_thread_in_native, id=19340, stack(0x000000003a5d0000,0x000000003a6d0000)]
  0x0000000022f2b000 JavaThread "Thread-10" daemon [_thread_in_native, id=6408, stack(0x000000003a4d0000,0x000000003a5d0000)]
  0x0000000032e93800 JavaThread "Thread-9" daemon [_thread_in_native, id=8204, stack(0x000000003a3d0000,0x000000003a4d0000)]
  0x0000000025ac2000 JavaThread "Thread-8" daemon [_thread_in_native, id=6480, stack(0x000000003a2d0000,0x000000003a3d0000)]
  0x00000000261b1000 JavaThread "Thread-7" daemon [_thread_in_native, id=8756, stack(0x000000003a1d0000,0x000000003a2d0000)]
  0x00000000266dc000 JavaThread "Thread-6" daemon [_thread_in_native, id=22668, stack(0x000000003a0d0000,0x000000003a1d0000)]
  0x000000002613c800 JavaThread "Thread-5" daemon [_thread_in_native, id=22340, stack(0x0000000039fd0000,0x000000003a0d0000)]
  0x0000000028604800 JavaThread "Thread-4" daemon [_thread_in_native, id=20760, stack(0x0000000037cf0000,0x0000000037df0000)]
  0x00000000269e2800 JavaThread "Thread-2" daemon [_thread_in_native, id=8380, stack(0x0000000028f10000,0x0000000029010000)]
  0x0000000026407000 JavaThread "Thread-1" daemon [_thread_blocked, id=11628, stack(0x0000000028e10000,0x0000000028f10000)]
  0x0000000022fa1000 JavaThread "Service Thread" daemon [_thread_blocked, id=20004, stack(0x0000000025730000,0x0000000025830000)]
  0x0000000022f29800 JavaThread "C1 CompilerThread11" daemon [_thread_blocked, id=13264, stack(0x0000000025630000,0x0000000025730000)]
  0x0000000022f2c000 JavaThread "C1 CompilerThread10" daemon [_thread_blocked, id=12444, stack(0x0000000025530000,0x0000000025630000)]
  0x0000000022f2f000 JavaThread "C1 CompilerThread9" daemon [_thread_blocked, id=24244, stack(0x0000000025430000,0x0000000025530000)]
  0x0000000022f30800 JavaThread "C1 CompilerThread8" daemon [_thread_blocked, id=11756, stack(0x0000000025230000,0x0000000025330000)]
  0x0000000022f2c800 JavaThread "C2 CompilerThread7" daemon [_thread_blocked, id=19140, stack(0x0000000025130000,0x0000000025230000)]
  0x0000000022f11000 JavaThread "C2 CompilerThread6" daemon [_thread_blocked, id=6356, stack(0x0000000025030000,0x0000000025130000)]
  0x0000000022ef0000 JavaThread "C2 CompilerThread5" daemon [_thread_blocked, id=9228, stack(0x0000000024f30000,0x0000000025030000)]
  0x0000000022ee3000 JavaThread "C2 CompilerThread4" daemon [_thread_blocked, id=28848, stack(0x0000000024e30000,0x0000000024f30000)]
  0x0000000022ed9800 JavaThread "C2 CompilerThread3" daemon [_thread_in_native, id=18924, stack(0x0000000024d30000,0x0000000024e30000)]
  0x0000000022ed7000 JavaThread "C2 CompilerThread2" daemon [_thread_blocked, id=28176, stack(0x0000000024c30000,0x0000000024d30000)]
  0x0000000022ed3000 JavaThread "C2 CompilerThread1" daemon [_thread_blocked, id=26816, stack(0x0000000024b30000,0x0000000024c30000)]
  0x0000000022ed1800 JavaThread "C2 CompilerThread0" daemon [_thread_blocked, id=22400, stack(0x0000000024a30000,0x0000000024b30000)]
  0x0000000022ed0800 JavaThread "Attach Listener" daemon [_thread_blocked, id=13508, stack(0x0000000024930000,0x0000000024a30000)]
  0x0000000022ecd000 JavaThread "Signal Dispatcher" daemon [_thread_blocked, id=21720, stack(0x0000000024830000,0x0000000024930000)]
  0x0000000021466000 JavaThread "Finalizer" daemon [_thread_blocked, id=22728, stack(0x0000000024730000,0x0000000024830000)]
  0x0000000021459800 JavaThread "Reference Handler" daemon [_thread_blocked, id=22584, stack(0x0000000024630000,0x0000000024730000)]
=>0x00000000029c4000 JavaThread "Render thread" [_thread_in_native, id=20028, stack(0x00000000028c0000,0x00000000029c0000)]

Other Threads:
  0x0000000022e94000 VMThread [stack: 0x0000000024530000,0x0000000024630000] [id=4592]
  0x0000000022fa8000 WatcherThread [stack: 0x0000000025830000,0x0000000025930000] [id=13328]

VM state:not at safepoint (normal execution)

VM Mutex/Monitor currently owned by a thread: None

Heap:
 PSYoungGen      total 1688064K, used 1459205K [0x0000000740b00000, 0x00000007bf700000, 0x00000007c0000000)
  eden space 1385984K, 86% used [0x0000000740b00000,0x000000078a1141c0,0x0000000795480000)
  from space 302080K, 85% used [0x0000000795480000,0x00000007a4f6d310,0x00000007a7b80000)
  to   space 317440K, 0% used [0x00000007ac100000,0x00000007ac100000,0x00000007bf700000)
 ParOldGen       total 1668608K, used 1357991K [0x0000000642000000, 0x00000006a7d80000, 0x0000000740b00000)
  object space 1668608K, 81% used [0x0000000642000000,0x0000000694e29cf8,0x00000006a7d80000)
 Metaspace       used 260743K, capacity 296416K, committed 296748K, reserved 1292288K
  class space    used 44825K, capacity 54471K, committed 54572K, reserved 1048576K

Card table byte_map: [0x0000000011e80000,0x0000000012a80000] byte_map_base: 0x000000000ec70000

Marking Bits: (ParMarkBitMap*) 0x000000005cc54040
 Begin Bits: [0x0000000013f80000, 0x0000000019f00000)
 End Bits:   [0x0000000019f00000, 0x000000001fe80000)

Polling page: 0x00000000007e0000

CodeCache: size=245760Kb used=137056Kb max_used=138023Kb free=108703Kb
 bounds [0x0000000002ac0000, 0x000000000b2c0000, 0x0000000011ac0000]
 total_blobs=39375 nmethods=36744 adapters=2533
 compilation: enabled

Compilation events (10 events):
Event: 3045.049 Thread 0x0000000022f30800 50806       1       net.minecraftforge.common.extensions.IForgeBlock::getStateAtViewpoint (2 bytes)
Event: 3045.050 Thread 0x0000000022f30800 nmethod 50806 0x00000000087e2190 code [0x00000000087e22e0, 0x00000000087e23f0]
Event: 3045.065 Thread 0x0000000022f29800 50807       1       net.coderbot.iris.gl.texture.InternalTextureFormat::getGlFormat (5 bytes)
Event: 3045.065 Thread 0x0000000022f2f000 50809       1       net.coderbot.iris.gl.texture.PixelType::getGlFormat (5 bytes)
Event: 3045.065 Thread 0x0000000022f2c000 50808       1       net.coderbot.iris.gl.texture.PixelFormat::getGlFormat (5 bytes)
Event: 3045.065 Thread 0x0000000022f2f000 nmethod 50809 0x0000000008d96d90 code [0x0000000008d96ee0, 0x0000000008d96ff0]
Event: 3045.065 Thread 0x0000000022f2c000 nmethod 50808 0x0000000009579e10 code [0x0000000009579f60, 0x000000000957a070]
Event: 3045.066 Thread 0x0000000022f29800 nmethod 50807 0x00000000097d0b90 code [0x00000000097d0ce0, 0x00000000097d0df0]
Event: 3045.075 Thread 0x0000000022f30800 50810       1       net.coderbot.iris.pipeline.ClearPass::getFramebuffer (5 bytes)
Event: 3045.076 Thread 0x0000000022f30800 nmethod 50810 0x0000000009b3d050 code [0x0000000009b3d1a0, 0x0000000009b3d2b0]

GC Heap History (10 events):
Event: 3002.914 GC heap before
{Heap before GC invocations=84 (full 7):
 PSYoungGen      total 1579520K, used 1401853K [0x0000000740b00000, 0x00000007b6200000, 0x00000007c0000000)
  eden space 1252352K, 100% used [0x0000000740b00000,0x000000078d200000,0x000000078d200000)
  from space 327168K, 45% used [0x00000007a2280000,0x00000007ab47f6a8,0x00000007b6200000)
  to   space 335872K, 0% used [0x000000078d200000,0x000000078d200000,0x00000007a1a00000)
 ParOldGen       total 1668608K, used 1356030K [0x0000000642000000, 0x00000006a7d80000, 0x0000000740b00000)
  object space 1668608K, 81% used [0x0000000642000000,0x0000000694c3f878,0x00000006a7d80000)
 Metaspace       used 247593K, capacity 280550K, committed 280876K, reserved 1277952K
  class space    used 43608K, capacity 52930K, committed 53036K, reserved 1048576K
Event: 3003.026 GC heap after
Heap after GC invocations=84 (full 7):
 PSYoungGen      total 1588224K, used 148560K [0x0000000740b00000, 0x00000007b9100000, 0x00000007c0000000)
  eden space 1252352K, 0% used [0x0000000740b00000,0x0000000740b00000,0x000000078d200000)
  from space 335872K, 44% used [0x000000078d200000,0x0000000796314240,0x00000007a1a00000)
  to   space 326656K, 0% used [0x00000007a5200000,0x00000007a5200000,0x00000007b9100000)
 ParOldGen       total 1668608K, used 1356094K [0x0000000642000000, 0x00000006a7d80000, 0x0000000740b00000)
  object space 1668608K, 81% used [0x0000000642000000,0x0000000694c4f878,0x00000006a7d80000)
 Metaspace       used 247593K, capacity 280550K, committed 280876K, reserved 1277952K
  class space    used 43608K, capacity 52930K, committed 53036K, reserved 1048576K
}
Event: 3005.283 GC heap before
{Heap before GC invocations=85 (full 7):
 PSYoungGen      total 1588224K, used 1400912K [0x0000000740b00000, 0x00000007b9100000, 0x00000007c0000000)
  eden space 1252352K, 100% used [0x0000000740b00000,0x000000078d200000,0x000000078d200000)
  from space 335872K, 44% used [0x000000078d200000,0x0000000796314240,0x00000007a1a00000)
  to   space 326656K, 0% used [0x00000007a5200000,0x00000007a5200000,0x00000007b9100000)
 ParOldGen       total 1668608K, used 1356094K [0x0000000642000000, 0x00000006a7d80000, 0x0000000740b00000)
  object space 1668608K, 81% used [0x0000000642000000,0x0000000694c4f878,0x00000006a7d80000)
 Metaspace       used 248318K, capacity 281482K, committed 281644K, reserved 1277952K
  class space    used 43694K, capacity 53028K, committed 53036K, reserved 1048576K
Event: 3005.396 GC heap after
Heap after GC invocations=85 (full 7):
 PSYoungGen      total 1624064K, used 178696K [0x0000000740b00000, 0x00000007b7880000, 0x00000007c0000000)
  eden space 1322496K, 0% used [0x0000000740b00000,0x0000000740b00000,0x0000000791680000)
  from space 301568K, 59% used [0x00000007a5200000,0x00000007b0082130,0x00000007b7880000)
  to   space 312320K, 0% used [0x0000000791680000,0x0000000791680000,0x00000007a4780000)
 ParOldGen       total 1668608K, used 1356126K [0x0000000642000000, 0x00000006a7d80000, 0x0000000740b00000)
  object space 1668608K, 81% used [0x0000000642000000,0x0000000694c57878,0x00000006a7d80000)
 Metaspace       used 248318K, capacity 281482K, committed 281644K, reserved 1277952K
  class space    used 43694K, capacity 53028K, committed 53036K, reserved 1048576K
}
Event: 3008.712 GC heap before
{Heap before GC invocations=86 (full 7):
 PSYoungGen      total 1624064K, used 1501192K [0x0000000740b00000, 0x00000007b7880000, 0x00000007c0000000)
  eden space 1322496K, 100% used [0x0000000740b00000,0x0000000791680000,0x0000000791680000)
  from space 301568K, 59% used [0x00000007a5200000,0x00000007b0082130,0x00000007b7880000)
  to   space 312320K, 0% used [0x0000000791680000,0x0000000791680000,0x00000007a4780000)
 ParOldGen       total 1668608K, used 1356126K [0x0000000642000000, 0x00000006a7d80000, 0x0000000740b00000)
  object space 1668608K, 81% used [0x0000000642000000,0x0000000694c57878,0x00000006a7d80000)
 Metaspace       used 248338K, capacity 281486K, committed 281644K, reserved 1277952K
  class space    used 43695K, capacity 53028K, committed 53036K, reserved 1048576K
Event: 3008.785 GC heap after
Heap after GC invocations=86 (full 7):
 PSYoungGen      total 1634816K, used 197422K [0x0000000740b00000, 0x00000007bac80000, 0x00000007c0000000)
  eden space 1322496K, 0% used [0x0000000740b00000,0x0000000740b00000,0x0000000791680000)
  from space 312320K, 63% used [0x0000000791680000,0x000000079d74bb20,0x00000007a4780000)
  to   space 305152K, 0% used [0x00000007a8280000,0x00000007a8280000,0x00000007bac80000)
 ParOldGen       total 1668608K, used 1356142K [0x0000000642000000, 0x00000006a7d80000, 0x0000000740b00000)
  object space 1668608K, 81% used [0x0000000642000000,0x0000000694c5b878,0x00000006a7d80000)
 Metaspace       used 248338K, capacity 281486K, committed 281644K, reserved 1277952K
  class space    used 43695K, capacity 53028K, committed 53036K, reserved 1048576K
}
Event: 3013.030 GC heap before
{Heap before GC invocations=87 (full 7):
 PSYoungGen      total 1634816K, used 1519918K [0x0000000740b00000, 0x00000007bac80000, 0x00000007c0000000)
  eden space 1322496K, 100% used [0x0000000740b00000,0x0000000791680000,0x0000000791680000)
  from space 312320K, 63% used [0x0000000791680000,0x000000079d74bb20,0x00000007a4780000)
  to   space 305152K, 0% used [0x00000007a8280000,0x00000007a8280000,0x00000007bac80000)
 ParOldGen       total 1668608K, used 1356142K [0x0000000642000000, 0x00000006a7d80000, 0x0000000740b00000)
  object space 1668608K, 81% used [0x0000000642000000,0x0000000694c5b878,0x00000006a7d80000)
 Metaspace       used 249296K, capacity 282844K, committed 282924K, reserved 1280000K
  class space    used 43839K, capacity 53253K, committed 53292K, reserved 1048576K
Event: 3013.134 GC heap after
Heap after GC invocations=87 (full 7):
 PSYoungGen      total 1680896K, used 206840K [0x0000000740b00000, 0x00000007ba280000, 0x00000007c0000000)
  eden space 1385984K, 0% used [0x0000000740b00000,0x0000000740b00000,0x0000000795480000)
  from space 294912K, 70% used [0x00000007a8280000,0x00000007b4c7e0d8,0x00000007ba280000)
  to   space 302080K, 0% used [0x0000000795480000,0x0000000795480000,0x00000007a7b80000)
 ParOldGen       total 1668608K, used 1356790K [0x0000000642000000, 0x00000006a7d80000, 0x0000000740b00000)
  object space 1668608K, 81% used [0x0000000642000000,0x0000000694cfd9c0,0x00000006a7d80000)
 Metaspace       used 249296K, capacity 282844K, committed 282924K, reserved 1280000K
  class space    used 43839K, capacity 53253K, committed 53292K, reserved 1048576K
}
Event: 3023.996 GC heap before
{Heap before GC invocations=88 (full 7):
 PSYoungGen      total 1680896K, used 1592824K [0x0000000740b00000, 0x00000007ba280000, 0x00000007c0000000)
  eden space 1385984K, 100% used [0x0000000740b00000,0x0000000795480000,0x0000000795480000)
  from space 294912K, 70% used [0x00000007a8280000,0x00000007b4c7e0d8,0x00000007ba280000)
  to   space 302080K, 0% used [0x0000000795480000,0x0000000795480000,0x00000007a7b80000)
 ParOldGen       total 1668608K, used 1356790K [0x0000000642000000, 0x00000006a7d80000, 0x0000000740b00000)
  object space 1668608K, 81% used [0x0000000642000000,0x0000000694cfd9c0,0x00000006a7d80000)
 Metaspace       used 259317K, capacity 294676K, committed 294828K, reserved 1290240K
  class space    used 44796K, capacity 54437K, committed 54444K, reserved 1048576K
Event: 3024.063 GC heap after
Heap after GC invocations=88 (full 7):
 PSYoungGen      total 1688064K, used 256948K [0x0000000740b00000, 0x00000007bf700000, 0x00000007c0000000)
  eden space 1385984K, 0% used [0x0000000740b00000,0x0000000740b00000,0x0000000795480000)
  from space 302080K, 85% used [0x0000000795480000,0x00000007a4f6d310,0x00000007a7b80000)
  to   space 317440K, 0% used [0x00000007ac100000,0x00000007ac100000,0x00000007bf700000)
 ParOldGen       total 1668608K, used 1357991K [0x0000000642000000, 0x00000006a7d80000, 0x0000000740b00000)
  object space 1668608K, 81% used [0x0000000642000000,0x0000000694e29cf8,0x00000006a7d80000)
 Metaspace       used 259317K, capacity 294676K, committed 294828K, reserved 1290240K
  class space    used 44796K, capacity 54437K, committed 54444K, reserved 1048576K
}

Deoptimization events (10 events):
Event: 3039.872 Thread 0x00000000029c4000 Uncommon trap: reason=unstable_if action=reinterpret pc=0x0000000006cf9780 method=java.math.BigDecimal.bigMultiplyPowerTen(Ljava/math/BigInteger;I)Ljava/math/BigInteger; @ 11
Event: 3041.655 Thread 0x00000000029c4000 Uncommon trap: reason=unstable_if action=reinterpret pc=0x0000000008d99cb8 method=net.minecraft.util.IntIdentityHashBiMap.func_186809_c()I @ 21
Event: 3041.665 Thread 0x00000000029c4000 Uncommon trap: reason=unstable_if action=reinterpret pc=0x000000000a9fd7ec method=fathertoast.specialmobs.common.entity.zombie._SpecialZombieEntity.func_190730_o()Z @ 7
Event: 3041.665 Thread 0x00000000029c4000 Uncommon trap: reason=unstable_if action=reinterpret pc=0x000000000a52b4c0 method=net.minecraft.entity.monster.ZombieEntity.func_70636_d()V @ 11
Event: 3041.674 Thread 0x00000000029c4000 Uncommon trap: reason=unstable_if action=reinterpret pc=0x000000000a34e368 method=net.minecraft.entity.monster.ZombieEntity.func_70636_d()V @ 11
Event: 3043.562 Thread 0x00000000029c4000 Uncommon trap: reason=bimorphic action=maybe_recompile pc=0x000000000759a9b8 method=com.google.common.cache.LocalCache$Segment.getEntry(Ljava/lang/Object;I)Lcom/google/common/cache/LocalCache$ReferenceEntry; @ 11
Event: 3044.177 Thread 0x00000000029c4000 Uncommon trap: reason=unstable_if action=reinterpret pc=0x000000000a78dc2c method=java.util.GregorianCalendar.computeFields(II)I @ 723
Event: 3044.894 Thread 0x00000000029c4000 Uncommon trap: reason=unstable_if action=reinterpret pc=0x0000000006ac5708 method=org.lwjgl.glfw.GLFW.glfwWindowShouldClose(J)Z @ 20
Event: 3044.911 Thread 0x000000002652d000 Uncommon trap: reason=unstable_if action=reinterpret pc=0x0000000009e3faac method=dev.tr7zw.entityculling.CullTask.run()V @ 7
Event: 3045.045 Thread 0x00000000029c4000 Uncommon trap: reason=unstable_if action=reinterpret pc=0x0000000008ecddb0 method=net.minecraft.network.PacketThreadUtil.func_225383_a(Lnet/minecraft/network/INetHandler;Lnet/minecraft/network/IPacket;)V @ 9

Internal exceptions (10 events):
Event: 3026.774 Thread 0x00000000345fa800 Exception <a 'sun/nio/fs/WindowsException'> (0x000000074e694d18) thrown at [C:\re\workspace\8-2-build-windows-amd64-cygwin\jdk8u51\3951\hotspot\src\share\vm\prims\jni.cpp, line 709]
Event: 3026.862 Thread 0x00000000345fa800 Exception <a 'sun/nio/fs/WindowsException'> (0x000000074e6a9d20) thrown at [C:\re\workspace\8-2-build-windows-amd64-cygwin\jdk8u51\3951\hotspot\src\share\vm\prims\jni.cpp, line 709]
Event: 3026.862 Thread 0x00000000345fa800 Exception <a 'sun/nio/fs/WindowsException'> (0x000000074e6aa5e8) thrown at [C:\re\workspace\8-2-build-windows-amd64-cygwin\jdk8u51\3951\hotspot\src\share\vm\prims\jni.cpp, line 709]
Event: 3026.862 Thread 0x00000000345fa800 Exception <a 'sun/nio/fs/WindowsException'> (0x000000074e6aade0) thrown at [C:\re\workspace\8-2-build-windows-amd64-cygwin\jdk8u51\3951\hotspot\src\share\vm\prims\jni.cpp, line 709]
Event: 3026.863 Thread 0x00000000345fa800 Exception <a 'sun/nio/fs/WindowsException'> (0x000000074e6ab370) thrown at [C:\re\workspace\8-2-build-windows-amd64-cygwin\jdk8u51\3951\hotspot\src\share\vm\prims\jni.cpp, line 709]
Event: 3026.863 Thread 0x00000000345fa800 Exception <a 'sun/nio/fs/WindowsException'> (0x000000074e6abbb8) thrown at [C:\re\workspace\8-2-build-windows-amd64-cygwin\jdk8u51\3951\hotspot\src\share\vm\prims\jni.cpp, line 709]
Event: 3026.863 Thread 0x00000000345fa800 Exception <a 'sun/nio/fs/WindowsException'> (0x000000074e6ac3a0) thrown at [C:\re\workspace\8-2-build-windows-amd64-cygwin\jdk8u51\3951\hotspot\src\share\vm\prims\jni.cpp, line 709]
Event: 3045.041 Thread 0x00000000029c4000 Exception <a 'java/lang/IllegalArgumentException': Wrong type at constant pool index> (0x0000000788f1d670) thrown at [C:\re\workspace\8-2-build-windows-amd64-cygwin\jdk8u51\3951\hotspot\src\share\vm\prims\jvm.cpp, line 2143]
Event: 3045.041 Thread 0x00000000029c4000 Exception <a 'java/lang/IllegalArgumentException': Wrong type at constant pool index> (0x0000000788f1e5a0) thrown at [C:\re\workspace\8-2-build-windows-amd64-cygwin\jdk8u51\3951\hotspot\src\share\vm\prims\jvm.cpp, line 2143]
Event: 3045.042 Thread 0x00000000029c4000 Exception <a 'java/lang/IllegalArgumentException': Wrong type at constant pool index> (0x0000000788f3bf00) thrown at [C:\re\workspace\8-2-build-windows-amd64-cygwin\jdk8u51\3951\hotspot\src\share\vm\prims\jvm.cpp, line 2143]

Events (10 events):
Event: 3045.038 loading class com/daderpduck/seamless_loading_screen/ScreenshotTaker done
Event: 3045.038 loading class com/daderpduck/seamless_loading_screen/events/OFLagometerEvent
Event: 3045.038 loading class com/daderpduck/seamless_loading_screen/events/OFLagometerEvent done
Event: 3045.040 loading class com/daderpduck/seamless_loading_screen/events/OFLagometerEvent
Event: 3045.040 loading class com/daderpduck/seamless_loading_screen/events/OFLagometerEvent done
Event: 3045.040 loading class com/daderpduck/seamless_loading_screen/ScreenshotTaker
Event: 3045.040 loading class com/daderpduck/seamless_loading_screen/ScreenshotTaker done
Event: 3045.045 Thread 0x00000000029c4000 Uncommon trap: trap_request=0xffffff65 fr.pc=0x0000000008ecddb0
Event: 3045.045 Thread 0x00000000029c4000 DEOPT PACKING pc=0x0000000008ecddb0 sp=0x00000000029be200
Event: 3045.045 Thread 0x00000000029c4000 DEOPT UNPACKING pc=0x0000000002b0582a sp=0x00000000029be140 mode 2


Dynamic libraries:
0x00007ff7cd600000 - 0x00007ff7cd637000 	C:\Games\CurseForge\Minecraft\Install\runtime\jre-legacy\windows-x64\jre-legacy\bin\javaw.exe
0x00007fffa3c50000 - 0x00007fffa3e48000 	C:\Windows\SYSTEM32\ntdll.dll
0x00007fffa2d20000 - 0x00007fffa2ddd000 	C:\Windows\System32\KERNEL32.DLL
0x00007fffa1750000 - 0x00007fffa1a1e000 	C:\Windows\System32\KERNELBASE.dll
0x00007fffa24f0000 - 0x00007fffa259e000 	C:\Windows\System32\ADVAPI32.dll
0x00007fffa3840000 - 0x00007fffa38de000 	C:\Windows\System32\msvcrt.dll
0x00007fffa3530000 - 0x00007fffa35cc000 	C:\Windows\System32\sechost.dll
0x00007fffa22f0000 - 0x00007fffa2415000 	C:\Windows\System32\RPCRT4.dll
0x00007fffa2150000 - 0x00007fffa22f0000 	C:\Windows\System32\USER32.dll
0x00007fffa1bf0000 - 0x00007fffa1c12000 	C:\Windows\System32\win32u.dll
0x00007fffa3810000 - 0x00007fffa383a000 	C:\Windows\System32\GDI32.dll
0x00007fffa1420000 - 0x00007fffa152b000 	C:\Windows\System32\gdi32full.dll
0x00007fffa1530000 - 0x00007fffa15cd000 	C:\Windows\System32\msvcp_win.dll
0x00007fffa1620000 - 0x00007fffa1720000 	C:\Windows\System32\ucrtbase.dll
0x00007fff8f720000 - 0x00007fff8f9ba000 	C:\Windows\WinSxS\amd64_microsoft.windows.common-controls_6595b64144ccf1df_6.0.19041.1110_none_60b5254171f9507e\COMCTL32.dll
0x00007fffa3780000 - 0x00007fffa37b0000 	C:\Windows\System32\IMM32.DLL
0x000000005d310000 - 0x000000005d3e2000 	C:\Games\CurseForge\Minecraft\Install\runtime\jre-legacy\windows-x64\jre-legacy\bin\msvcr100.dll
0x000000005c450000 - 0x000000005ccd3000 	C:\Games\CurseForge\Minecraft\Install\runtime\jre-legacy\windows-x64\jre-legacy\bin\server\jvm.dll
0x00007fffa3c00000 - 0x00007fffa3c08000 	C:\Windows\System32\PSAPI.DLL
0x00007fff72000000 - 0x00007fff72009000 	C:\Windows\SYSTEM32\WSOCK32.dll
0x00007fff944f0000 - 0x00007fff94517000 	C:\Windows\SYSTEM32\WINMM.dll
0x00007fffa2420000 - 0x00007fffa248b000 	C:\Windows\System32\WS2_32.dll
0x00007fff95be0000 - 0x00007fff95bea000 	C:\Windows\SYSTEM32\VERSION.dll
0x000000005d300000 - 0x000000005d30f000 	C:\Games\CurseForge\Minecraft\Install\runtime\jre-legacy\windows-x64\jre-legacy\bin\verify.dll
0x000000005d2d0000 - 0x000000005d2f9000 	C:\Games\CurseForge\Minecraft\Install\runtime\jre-legacy\windows-x64\jre-legacy\bin\java.dll
0x000000005d2b0000 - 0x000000005d2c6000 	C:\Games\CurseForge\Minecraft\Install\runtime\jre-legacy\windows-x64\jre-legacy\bin\zip.dll
0x00007fffa2de0000 - 0x00007fffa3524000 	C:\Windows\System32\SHELL32.dll
0x00007fff9f440000 - 0x00007fff9fbd4000 	C:\Windows\SYSTEM32\windows.storage.dll
0x00007fffa1d10000 - 0x00007fffa2064000 	C:\Windows\System32\combase.dll
0x00007fffa0dd0000 - 0x00007fffa0e00000 	C:\Windows\SYSTEM32\Wldp.dll
0x00007fffa3ad0000 - 0x00007fffa3b7d000 	C:\Windows\System32\SHCORE.dll
0x00007fffa2cb0000 - 0x00007fffa2d05000 	C:\Windows\System32\shlwapi.dll
0x00007fffa12b0000 - 0x00007fffa12cf000 	C:\Windows\SYSTEM32\profapi.dll
0x000000005d2a0000 - 0x000000005d2ad000 	C:\Games\CurseForge\Minecraft\Install\runtime\jre-legacy\windows-x64\jre-legacy\bin\management.dll
0x000000005d280000 - 0x000000005d29a000 	C:\Games\CurseForge\Minecraft\Install\runtime\jre-legacy\windows-x64\jre-legacy\bin\net.dll
0x00007fffa0b30000 - 0x00007fffa0b9a000 	C:\Windows\system32\mswsock.dll
0x00007fff73e20000 - 0x00007fff73e37000 	C:\Windows\system32\napinsp.dll
0x00007fff73ba0000 - 0x00007fff73bbb000 	C:\Windows\system32\pnrpnsp.dll
0x00007fff9c730000 - 0x00007fff9c745000 	C:\Windows\system32\wshbth.dll
0x00007fff9d680000 - 0x00007fff9d69d000 	C:\Windows\system32\NLAapi.dll
0x00007fffa07d0000 - 0x00007fffa080b000 	C:\Windows\SYSTEM32\IPHLPAPI.DLL
0x00007fffa0810000 - 0x00007fffa08db000 	C:\Windows\SYSTEM32\DNSAPI.dll
0x00007fffa2140000 - 0x00007fffa2148000 	C:\Windows\System32\NSI.dll
0x00007fff73b80000 - 0x00007fff73b92000 	C:\Windows\System32\winrnr.dll
0x00007fff99f90000 - 0x00007fff99f9a000 	C:\Windows\System32\rasadhlp.dll
0x00007fff8d8c0000 - 0x00007fff8d940000 	C:\Windows\System32\fwpuclnt.dll
0x00007fffa1720000 - 0x00007fffa1747000 	C:\Windows\System32\bcrypt.dll
0x000000005d260000 - 0x000000005d271000 	C:\Games\CurseForge\Minecraft\Install\runtime\jre-legacy\windows-x64\jre-legacy\bin\nio.dll
0x000000005d230000 - 0x000000005d254000 	C:\Games\CurseForge\Minecraft\Install\runtime\jre-legacy\windows-x64\jre-legacy\bin\sunec.dll
0x00007fffa0d20000 - 0x00007fffa0d38000 	C:\Windows\SYSTEM32\CRYPTSP.dll
0x00007fffa0440000 - 0x00007fffa0474000 	C:\Windows\system32\rsaenh.dll
0x00007fffa1270000 - 0x00007fffa129e000 	C:\Windows\SYSTEM32\USERENV.dll
0x00007fffa1c20000 - 0x00007fffa1ca2000 	C:\Windows\System32\bcryptprimitives.dll
0x00007fffa0d40000 - 0x00007fffa0d4c000 	C:\Windows\SYSTEM32\CRYPTBASE.dll
0x00007fff964b0000 - 0x00007fff964c7000 	C:\Windows\SYSTEM32\dhcpcsvc6.DLL
0x00007fff96e60000 - 0x00007fff96e7d000 	C:\Windows\SYSTEM32\dhcpcsvc.DLL
0x00007fff98000000 - 0x00007fff98072000 	C:\Games\CurseForge\Minecraft\Install\bin\2cf85f2f4c1c7fac0dbfa319927859f161445c59\lwjgl.dll
0x00007fff23810000 - 0x00007fff23a61000 	C:\Games\CurseForge\Minecraft\Install\bin\2cf85f2f4c1c7fac0dbfa319927859f161445c59\jemalloc.dll
0x00007fff6b320000 - 0x00007fff6b37e000 	C:\Games\CurseForge\Minecraft\Install\bin\2cf85f2f4c1c7fac0dbfa319927859f161445c59\glfw.dll
0x00007fff9dd00000 - 0x00007fff9dd9e000 	C:\Windows\system32\uxtheme.dll
0x00007fff29dd0000 - 0x00007fff29e15000 	C:\Windows\SYSTEM32\dinput8.dll
0x00007fff4a0d0000 - 0x00007fff4a0e1000 	C:\Windows\SYSTEM32\xinput1_4.dll
0x00007fffa15d0000 - 0x00007fffa161e000 	C:\Windows\System32\cfgmgr32.dll
0x00007fffa1120000 - 0x00007fffa114c000 	C:\Windows\SYSTEM32\DEVOBJ.dll
0x00007fff9e2a0000 - 0x00007fff9e2cf000 	C:\Windows\SYSTEM32\dwmapi.dll
0x00007fff91be0000 - 0x00007fff91d32000 	C:\Windows\SYSTEM32\inputhost.dll
0x00007fffa3a00000 - 0x00007fffa3acd000 	C:\Windows\System32\OLEAUT32.dll
0x00007fff9c5c0000 - 0x00007fff9c714000 	C:\Windows\SYSTEM32\wintypes.dll
0x00007fff9d6a0000 - 0x00007fff9d792000 	C:\Windows\SYSTEM32\CoreMessaging.dll
0x00007fff9d220000 - 0x00007fff9d57e000 	C:\Windows\SYSTEM32\CoreUIComponents.dll
0x00007fff9d580000 - 0x00007fff9d676000 	C:\Windows\SYSTEM32\PROPSYS.dll
0x00007fffa0060000 - 0x00007fffa0093000 	C:\Windows\SYSTEM32\ntmarta.dll
0x00007fff9fbf0000 - 0x00007fff9fc02000 	C:\Windows\SYSTEM32\kernel.appcore.dll
0x00007fff49320000 - 0x00007fff49458000 	C:\ProgramData\A-Volute\A-Volute.Nahimic\Modules\Scheduled\x64\AudioDevProps2.dll
0x00007fffa25a0000 - 0x00007fffa26ca000 	C:\Windows\System32\ole32.dll
0x00007fff4afc0000 - 0x00007fff4b113000 	C:\Program Files (x86)\Stardock\Fences\FencesMenu64.dll
0x00007fff9bd80000 - 0x00007fff9bd94000 	C:\Windows\SYSTEM32\WTSAPI32.dll
0x00007fff907a0000 - 0x00007fff90945000 	C:\Windows\WinSxS\amd64_microsoft.windows.gdiplus_6595b64144ccf1df_1.1.19041.1706_none_919e8e54cc8d4ca1\gdiplus.dll
0x00007fff8de10000 - 0x00007fff8df28000 	C:\Program Files (x86)\Stardock\Groupy\groupy_64.dll
0x00007fffa38e0000 - 0x00007fffa39f5000 	C:\Windows\System32\MSCTF.dll
0x00007fff9fbe0000 - 0x00007fff9fbed000 	C:\Windows\SYSTEM32\HID.DLL
0x00007fffa2840000 - 0x00007fffa2caf000 	C:\Windows\System32\SETUPAPI.DLL
0x00007fffa1b80000 - 0x00007fffa1be7000 	C:\Windows\System32\WINTRUST.dll
0x00007fffa1a20000 - 0x00007fffa1b76000 	C:\Windows\System32\CRYPT32.dll
0x00007fffa0f60000 - 0x00007fffa0f72000 	C:\Windows\SYSTEM32\MSASN1.dll
0x00007fff4a0f0000 - 0x00007fff4a217000 	C:\Windows\SYSTEM32\opengl32.dll
0x00007fff4a080000 - 0x00007fff4a0ac000 	C:\Windows\SYSTEM32\GLU32.dll
0x00007fffa2070000 - 0x00007fffa2119000 	C:\Windows\System32\clbcatq.dll
0x00007ffeed5a0000 - 0x00007ffef0759000 	C:\Windows\System32\DriverStore\FileRepository\nvlt.inf_amd64_e7d8c0512da64e7d\nvoglv64.dll
0x00007fff95820000 - 0x00007fff95851000 	C:\Windows\SYSTEM32\cryptnet.dll
0x00007fff94e50000 - 0x00007fff94f98000 	C:\Windows\SYSTEM32\drvstore.dll
0x00007fff92f20000 - 0x00007fff92f5b000 	C:\Windows\SYSTEM32\dxcore.dll
0x00007fff4dc40000 - 0x00007fff4df11000 	C:\Windows\system32\nvspcap64.dll
0x00007fffa0940000 - 0x00007fffa098b000 	C:\Windows\SYSTEM32\powrprof.dll
0x00007fffa07b0000 - 0x00007fffa07c2000 	C:\Windows\SYSTEM32\UMPDC.dll
0x00007fffa0110000 - 0x00007fffa016a000 	C:\Windows\SYSTEM32\WINSTA.dll
0x00007fff68210000 - 0x00007fff6828f000 	C:\Games\CurseForge\Minecraft\Install\bin\2cf85f2f4c1c7fac0dbfa319927859f161445c59\lwjgl_stb.dll
0x00007fff9b570000 - 0x00007fff9b61e000 	C:\Windows\SYSTEM32\mscms.dll
0x00007fff9b470000 - 0x00007fff9b481000 	C:\Windows\SYSTEM32\ColorAdapterClient.dll
0x00007fff940f0000 - 0x00007fff94133000 	C:\Windows\SYSTEM32\icm32.dll
0x00007fff91ae0000 - 0x00007fff91bd9000 	C:\Windows\SYSTEM32\textinputframework.dll
0x00007fff9bc90000 - 0x00007fff9bcf6000 	C:\Windows\system32\Oleacc.dll
0x00007fff6a6f0000 - 0x00007fff6a748000 	C:\Games\CurseForge\Minecraft\Install\bin\2cf85f2f4c1c7fac0dbfa319927859f161445c59\lwjgl_opengl.dll
0x00007fff91a90000 - 0x00007fff91ad2000 	C:\Users\NukelordBrown\AppData\Local\Temp\jna--1590639904\jna8596638107828808850.dll
0x000000005d220000 - 0x000000005d22c000 	C:\Games\CurseForge\Minecraft\Install\runtime\jre-legacy\windows-x64\jre-legacy\bin\jsound.dll
0x000000005d210000 - 0x000000005d21b000 	C:\Games\CurseForge\Minecraft\Install\runtime\jre-legacy\windows-x64\jre-legacy\bin\jsoundds.dll
0x00007fff87a60000 - 0x00007fff87afc000 	C:\Windows\SYSTEM32\DSOUND.dll
0x00007fff87fc0000 - 0x00007fff87fe6000 	C:\Windows\SYSTEM32\winmmbase.dll
0x00007fff9a0d0000 - 0x00007fff9a155000 	C:\Windows\SYSTEM32\MMDevAPI.DLL
0x00007fff4ba20000 - 0x00007fff4ba66000 	C:\Windows\SYSTEM32\wdmaud.drv
0x00007fff9d7e0000 - 0x00007fff9d7e9000 	C:\Windows\SYSTEM32\ksuser.dll
0x00007fff9f2d0000 - 0x00007fff9f2da000 	C:\Windows\SYSTEM32\AVRT.dll
0x00007fff235a0000 - 0x00007fff23806000 	C:\Users\NukelordBrown\AppData\Local\Temp\de.fabmax.physx-jni\0.4.15\PhysX_64.dll
0x00007fff233c0000 - 0x00007fff23597000 	C:\Users\NukelordBrown\AppData\Local\Temp\de.fabmax.physx-jni\0.4.15\PhysXCommon_64.dll
0x00007fff29e80000 - 0x00007fff29f2a000 	C:\Users\NukelordBrown\AppData\Local\Temp\de.fabmax.physx-jni\0.4.15\PhysXCooking_64.dll
0x00007fff29bd0000 - 0x00007fff29c61000 	C:\Users\NukelordBrown\AppData\Local\Temp\de.fabmax.physx-jni\0.4.15\PhysXFoundation_64.dll
0x00007fff9a230000 - 0x00007fff9a3b2000 	C:\Windows\SYSTEM32\AUDIOSES.DLL
0x00007fff231b0000 - 0x00007fff233b4000 	C:\Users\NukelordBrown\AppData\Local\Temp\de.fabmax.physx-jni\0.4.15\PhysXJniBindings_64.dll
0x00007fff92070000 - 0x00007fff9207d000 	C:\Windows\SYSTEM32\msacm32.drv
0x00007fff85470000 - 0x00007fff8548e000 	C:\Windows\SYSTEM32\MSACM32.dll
0x00007fff833f0000 - 0x00007fff833fb000 	C:\Windows\SYSTEM32\midimap.dll
0x00007fff53f30000 - 0x00007fff53f97000 	C:\ProgramData\A-Volute\A-Volute.Nahimic\Modules\Scheduled\x64\ProductInfo.dll
0x00007fff4b8e0000 - 0x00007fff4b923000 	C:\ProgramData\A-Volute\A-Volute.Nahimic\Modules\Scheduled\x64\ASM.Plugin.AudioDevProps2.dll
0x000000005d070000 - 0x000000005d208000 	C:\Games\CurseForge\Minecraft\Install\runtime\jre-legacy\windows-x64\jre-legacy\bin\awt.dll
0x00007fff9dbc0000 - 0x00007fff9dc50000 	C:\Windows\SYSTEM32\apphelp.dll
0x00007fff9e090000 - 0x00007fff9e0a4000 	C:\Windows\SYSTEM32\resourcepolicyclient.dll
0x00007fff91d40000 - 0x00007fff91e81000 	C:\Windows\System32\Windows.UI.dll
0x00007fff966e0000 - 0x00007fff96781000 	C:\Windows\System32\WindowManagementAPI.dll

VM Arguments:
jvm_args: -XX:HeapDumpPath=MojangTricksIntelDriversForPerformance_javaw.exe_minecraft.exe.heapdump -Dos.name=Windows 10 -Dos.version=10.0 -Xss1M -Djava.library.path=C:\Games\CurseForge\Minecraft\Install\bin\2cf85f2f4c1c7fac0dbfa319927859f161445c59 -Dminecraft.launcher.brand=minecraft-launcher -Dminecraft.launcher.version=2.4.36 -Xmx6112m -Xms256m -Dminecraft.applet.TargetDirectory=C:\Games\CurseForge\Minecraft\Instances\Blood-N-Wine-2 -Dfml.ignorePatchDiscrepancies=true -Dfml.ignoreInvalidMinecraftCertificates=true -Duser.language=en -Duser.country=US -Dlog4j.configurationFile=C:\Games\CurseForge\Minecraft\Install\assets\log_configs\client-1.12.xml 
java_command: cpw.mods.modlauncher.Launcher --username Nukelord420 --version forge-36.2.35 --gameDir C:\Games\CurseForge\Minecraft\Instances\Blood-N-Wine-2 --assetsDir C:\Games\CurseForge\Minecraft\Install\assets --assetIndex 1.16 --uuid 29e423c126c942d89e776772bd06df02 --accessToken eyJraWQiOiJhYzg0YSIsImFsZyI6IkhTMjU2In0.eyJ4dWlkIjoiMjUzNTQyODE5MjM2MjEyNiIsImFnZyI6IkFkdWx0Iiwic3ViIjoiZmNhNGVlNjItYzI4Zi00NzI0LWJkZTktNGU3ZDBiYWQ0ODBjIiwiYXV0aCI6IlhCT1giLCJucyI6ImRlZmF1bHQiLCJyb2xlcyI6W10sImlzcyI6ImF1dGhlbnRpY2F0aW9uIiwicGxhdGZvcm0iOiJQQ19MQVVOQ0hFUiIsInl1aWQiOiI3YTRkMzAxOTgyNzg0NmNjYjZjZDdjZjg4Njc0OWMwZSIsIm5iZiI6MTY4MjAxMzc2NiwiZXhwIjoxNjgyMTAwMTY2LCJpYXQiOjE2ODIwMTM3NjZ9.TAblbXSlbkHA_Y0DCgUL3BaNb2b52IoENgleKVa14PE --userType msa --versionType release --width 1024 --height 768 --launchTarget fmlclient --fml.forgeVersion 36.2.35 --fml.mcVersion 1.16.5 --fml.forgeGroup net.minecraftforge --fml.mcpVersion 20210115.111550
java_class_path (initial): C:\Games\CurseForge\Minecraft\Install\libraries\net\minecraftforge\forge\1.16.5-36.2.35\forge-1.16.5-36.2.35.jar;C:\Games\CurseForge\Minecraft\Install\libraries\org\ow2\asm\asm\9.1\asm-9.1.jar;C:\Games\CurseForge\Minecraft\Install\libraries\org\ow2\asm\asm-commons\9.1\asm-commons-9.1.jar;C:\Games\CurseForge\Minecraft\Install\libraries\org\ow2\asm\asm-tree\9.1\asm-tree-9.1.jar;C:\Games\CurseForge\Minecraft\Install\libraries\org\ow2\asm\asm-util\9.1\asm-util-9.1.jar;C:\Games\CurseForge\Minecraft\Install\libraries\org\ow2\asm\asm-analysis\9.1\asm-analysis-9.1.jar;C:\Games\CurseForge\Minecraft\Install\libraries\cpw\mods\modlauncher\8.1.3\modlauncher-8.1.3.jar;C:\Games\CurseForge\Minecraft\Install\libraries\cpw\mods\grossjava9hacks\1.3.3\grossjava9hacks-1.3.3.jar;C:\Games\CurseForge\Minecraft\Install\libraries\net\minecraftforge\accesstransformers\3.0.1\accesstransformers-3.0.1.jar;C:\Games\CurseForge\Minecraft\Install\libraries\org\antlr\antlr4-runtime\4.9.1\antlr4-runtime-4.9.1.jar;C:\Games\CurseForge\Minecraft\Install\libraries\net\minecraftforge\eventbus\4.0.0\eventbus-4.0.0.jar;C:\Games\CurseForge\Minecraft\Install\libraries\net\minecraftforge\forgespi\3.2.0\forgespi-3.2.0.jar;C:\Games\CurseForge\Minecraft\Install\libraries\net\minecraftforge\coremods\4.0.6\coremods-4.0.6.jar;C:\Games\CurseForge\Minecraft\Install\libraries\net\minecraftforge\unsafe\0.2.0\unsafe-0.2.0.jar;C:\Games\CurseForge\Minecraft\Install\libraries\com\electronwill\night-config\core\3.6.3\core-3.6.3.jar;C:\Games\CurseForge\Minecraft\Install\libraries\com\electronwill\night-config\toml\3.6.3\toml-3.6.3.jar;C:\Games\CurseForge\Minecraft\Install\libraries\org\jline\jline\3.12.1\jline-3.12.1.jar;C:\Games\CurseForge\Minecraft\Install\libraries\org\apache\maven\maven-artifact\3.6.3\maven-artifact-3.6.3.jar;C:\Games\CurseForge\Minecraft\Install\libraries\net\jodah\typetools\0.8.3\typetools-0.8.3.jar;C:\Games\CurseForge\Minecraft\Install\libraries\org\apache\logging\log4j\log
Launcher Type: SUN_STANDARD

Environment Variables:
PATH=C:\VulkanSDK\1.3.236.0\Bin;C:\Program Files (x86)\Razer Chroma SDK\bin;C:\Program Files\Razer Chroma SDK\bin;C:\Program Files\Common Files\Oracle\Java\javapath;C:\Program Files (x86)\Common Files\Oracle\Java\javapath;C:\Program Files (x86)\Razer\ChromaBroadcast\bin;C:\Program Files\Razer\ChromaBroadcast\bin;C:\Windows\system32;C:\Windows;C:\Windows\System32\Wbem;C:\Windows\System32\WindowsPowerShell\v1.0\;C:\Windows\System32\OpenSSH\;C:\Program Files (x86)\NVIDIA Corporation\PhysX\Common;C:\Program Files\NVIDIA Corporation\NVIDIA NvDLISR;C:\Program Files\PuTTY\;C:\Windows\system32\config\systemprofile\AppData\Local\Microsoft\WindowsApps;C:\Program Files\dotnet\;C:\Program Files\Common Files\Autodesk Shared\;C:\Program Files\Microsoft SQL Server\120\Tools\Binn\;G:\Bethesda-Game-Modding-Tools\Ruby26-x64\bin;C:\Users\NukelordBrown\AppData\Local\Programs\Python\Python310\Scripts\;C:\Users\NukelordBrown\AppData\Local\Programs\Python\Python310\;C:\Users\NukelordBrown\AppData\Local\Microsoft\WindowsApps;C:\Users\NukelordBrown\AppData\Local\Programs\Microsoft VS Code\bin;C:\Users\NukelordBrown\.dotnet\tools;C:\Users\NukelordBrown\AppData\Local\GitHubDesktop\bin;C:\Program Files\Perforce\;C:\Program Files\Git\cmd;G:\Bethesda-Game-Modding-Tools\Ruby26-x64\bin;C:\Users\NukelordBrown\AppData\Local\Programs\Python\Python310\Scripts\;C:\Users\NukelordBrown\AppData\Local\Programs\Python\Python310\;C:\Users\NukelordBrown\AppData\Local\Microsoft\WindowsApps;C:\Users\NukelordBrown\AppData\Local\Programs\Microsoft VS Code\bin;C:\Users\NukelordBrown\.dotnet\tools;C:\Users\NukelordBrown\AppData\Local\GitHubDesktop\bin
USERNAME=NukelordBrown
OS=Windows_NT
PROCESSOR_IDENTIFIER=AMD64 Family 25 Model 80 Stepping 0, AuthenticAMD



---------------  S Y S T E M  ---------------

OS: Windows 10.0 , 64 bit Build 19041 (10.0.19041.1806)

CPU:total 16 (16 cores per cpu, 1 threads per core) family 25 model 80 stepping 0, cmov, cx8, fxsr, mmx, sse, sse2, sse3, ssse3, sse4.1, sse4.2, popcnt, avx, avx2, aes, clmul, erms, mmxext, 3dnowpref, lzcnt, sse4a, tsc, tscinvbit, tscinv, bmi1

Memory: 4k page, physical 33402940k(15360948k free), swap 40480828k(11279116k free)

vm_info: Java HotSpot(TM) 64-Bit Server VM (25.51-b03) for windows-amd64 JRE (1.8.0_51-b16), built on Jun  8 2015 18:03:07 by "java_re" with MS VC++ 10.0 (VS2010)

time: Thu Apr 20 11:53:38 2023
elapsed time: 3045 seconds (0d 0h 50m 45s)

