#
# A fatal error has been detected by the Java Runtime Environment:
#
#  EXCEPTION_ACCESS_VIOLATION (0xc0000005) at pc=0x00007ffe89ba3716, pid=19328, tid=6324
#
# JRE version: Java(TM) SE Runtime Environment (8.0_51-b16) (build 1.8.0_51-b16)
# Java VM: Java HotSpot(TM) 64-Bit Server VM (25.51-b03 mixed mode windows-amd64 compressed oops)
# Problematic frame:
# C  [PhysXJniBindings_64.dll+0x53716]
#
# Failed to write core dump. Minidumps are not enabled by default on client versions of Windows
#
# If you would like to submit a bug report, please visit:
#   http://bugreport.java.com/bugreport/crash.jsp
# The crash happened outside the Java Virtual Machine in native code.
# See problematic frame for where to report the bug.
#

---------------  T H R E A D  ---------------

Current thread (0x0000000002bf4000):  JavaThread "Render thread" [_thread_in_native, id=6324, stack(0x0000000002af0000,0x0000000002bf0000)]

siginfo: ExceptionCode=0xc0000005, reading address 0x0000000000000000

Registers:
RAX=0x0000000000000000, RBX=0x0000000000000018, RCX=0x0000000000000000, RDX=0x0000000000000000
RSP=0x0000000002bedf60, RBP=0x0000000002bee010, RSI=0x0000000000000003, RDI=0x0000000000000000
R8 =0x0000000000000003, R9 =0x00000000266ecf80, R10=0x0000000002d057c8, R11=0x0000000051fd7bb0
R12=0x0000000000000000, R13=0x0000000044d00a60, R14=0x0000000002bee030, R15=0x0000000002bf4000
RIP=0x00007ffe89ba3716, EFLAGS=0x0000000000010206

Top of Stack: (sp=0x0000000002bedf60)
0x0000000002bedf60:   00000000be5a2d26 0000000000000000
0x0000000002bedf70:   000000003efff99a 0000000000000000
0x0000000002bedf80:   00000000beda27b2 0000000000000000
0x0000000002bedf90:   0000000002cf7ced 0000000002d057f4
0x0000000002bedfa0:   0000000044d00a60 0000000654c80388
0x0000000002bedfb0:   0000000000000000 0000000002bee020
0x0000000002bedfc0:   000000009fd9f7f0 0000000000000000
0x0000000002bedfd0:   0000000002bedfd0 0000000000000000
0x0000000002bedfe0:   0000000002bee030 0000000044d01a30
0x0000000002bedff0:   0000000000000000 0000000044d00a60
0x0000000002bee000:   0000000000000000 0000000002bee030
0x0000000002bee010:   0000000002bee078 0000000002cf7800
0x0000000002bee020:   0000000654cd8f20 0000000002cff977
0x0000000002bee030:   0000000000000003 0000000002bee038
0x0000000002bee040:   0000000044d009b9 0000000002bee088
0x0000000002bee050:   0000000044d01a30 0000000000000000 

Instructions: (pc=0x00007ffe89ba3716)
0x00007ffe89ba36f6:   89 74 24 10 57 48 83 ec 30 48 8b fa 8b f1 ff 15
0x00007ffe89ba3706:   86 3c 19 00 48 8b d8 ff 15 35 3c 19 00 48 8b c8
0x00007ffe89ba3716:   4c 8b 00 41 ff 50 28 84 c0 75 09 48 8d 05 a0 5e
0x00007ffe89ba3726:   12 00 eb 13 48 8d 15 8f 3f 19 00 48 8d 0d 20 2d 


Register to memory mapping:

RAX=0x0000000000000000 is an unknown value
RBX=0x0000000000000018 is an unknown value
RCX=0x0000000000000000 is an unknown value
RDX=0x0000000000000000 is an unknown value
RSP=0x0000000002bedf60 is pointing into the stack for thread: 0x0000000002bf4000
RBP=0x0000000002bee010 is pointing into the stack for thread: 0x0000000002bf4000
RSI=0x0000000000000003 is an unknown value
RDI=0x0000000000000000 is an unknown value
R8 =0x0000000000000003 is an unknown value
R9 =0x00000000266ecf80 is an unknown value
R10=0x0000000002d057c8 is at code_begin+840 in an Interpreter codelet
method entry point (kind = native)  [0x0000000002d05480, 0x0000000002d05de0]  2400 bytes
R11=0x0000000051fd7bb0 is an unknown value
R12=0x0000000000000000 is an unknown value
R13={method} {0x0000000044d00a68} '_DefaultCpuDispatcherCreate' '(I)J' in 'physx/PxTopLevelFunctions'
R14=0x0000000002bee030 is pointing into the stack for thread: 0x0000000002bf4000
R15=0x0000000002bf4000 is a thread


Stack: [0x0000000002af0000,0x0000000002bf0000],  sp=0x0000000002bedf60,  free space=1015k
Native frames: (J=compiled Java code, j=interpreted, Vv=VM code, C=native code)
C  [PhysXJniBindings_64.dll+0x53716]
C  0x0000000002d057f4

Java frames: (J=compiled Java code, j=interpreted, Vv=VM code)
j  physx.PxTopLevelFunctions._DefaultCpuDispatcherCreate(I)J+0
j  physx.PxTopLevelFunctions.DefaultCpuDispatcherCreate(I)Lphysx/extensions/PxDefaultCpuDispatcher;+1
J 58321 C2 net.minecraft.client.renderer.WorldRenderer.handler$bjc000$renderChunkLayerSolid(Lnet/minecraft/client/renderer/RenderType;Lcom/mojang/blaze3d/matrix/MatrixStack;DDDLorg/spongepowered/asm/mixin/injection/callback/CallbackInfo;)V (721 bytes) @ 0x000000000c2d17e4 [0x000000000c2ce520+0x32c4]
J 56199 C2 net.minecraft.client.renderer.WorldRenderer.func_228441_a_(Lnet/minecraft/client/renderer/RenderType;Lcom/mojang/blaze3d/matrix/MatrixStack;DDD)V (186 bytes) @ 0x0000000009f6c24c [0x0000000009f6bf80+0x2cc]
J 57232 C2 net.minecraft.client.renderer.WorldRenderer.func_228426_a_(Lcom/mojang/blaze3d/matrix/MatrixStack;FJZLnet/minecraft/client/renderer/ActiveRenderInfo;Lnet/minecraft/client/renderer/GameRenderer;Lnet/minecraft/client/renderer/LightTexture;Lnet/minecraft/util/math/vector/Matrix4f;)V (4063 bytes) @ 0x000000000c17ba38 [0x000000000c179280+0x27b8]
J 57396 C2 net.minecraft.client.renderer.GameRenderer.func_228378_a_(FJLcom/mojang/blaze3d/matrix/MatrixStack;)V (707 bytes) @ 0x000000000ae8de8c [0x000000000ae8cbe0+0x12ac]
J 57397 C2 net.minecraft.client.renderer.GameRenderer.func_195458_a(FJZ)V (899 bytes) @ 0x000000000b21becc [0x000000000b21b500+0x9cc]
j  net.minecraft.client.Minecraft.func_195542_b(Z)V+385
j  net.minecraft.client.Minecraft.handler$cdg000$unloadWorldScreenshot(Lnet/minecraft/client/gui/screen/Screen;Lorg/spongepowered/asm/mixin/injection/callback/CallbackInfo;)V+21
j  net.minecraft.client.Minecraft.func_213231_b(Lnet/minecraft/client/gui/screen/Screen;)V+49
j  net.minecraft.client.Minecraft.func_213254_o()V+8
j  net.minecraft.client.network.play.ClientPlayNetHandler.func_147231_a(Lnet/minecraft/util/text/ITextComponent;)V+19
j  net.minecraft.network.NetworkManager.func_179293_l()V+60
J 57588 C2 net.minecraft.client.Minecraft.func_71407_l()V (981 bytes) @ 0x000000000c0cb690 [0x000000000c0c6b20+0x4b70]
j  net.minecraft.client.Minecraft.func_195542_b(Z)V+183
j  net.minecraft.client.Minecraft.handler$cdg000$unloadWorldScreenshot(Lnet/minecraft/client/gui/screen/Screen;Lorg/spongepowered/asm/mixin/injection/callback/CallbackInfo;)V+21
j  net.minecraft.client.Minecraft.func_213231_b(Lnet/minecraft/client/gui/screen/Screen;)V+49
j  net.minecraft.client.Minecraft.func_213254_o()V+8
j  net.minecraft.client.Minecraft.func_71405_e()V+66
j  net.minecraft.client.main.Main.main([Ljava/lang/String;)V+1445
v  ~StubRoutines::call_stub
j  sun.reflect.NativeMethodAccessorImpl.invoke0(Ljava/lang/reflect/Method;Ljava/lang/Object;[Ljava/lang/Object;)Ljava/lang/Object;+0
j  sun.reflect.NativeMethodAccessorImpl.invoke(Ljava/lang/Object;[Ljava/lang/Object;)Ljava/lang/Object;+100
J 2387 C1 sun.reflect.DelegatingMethodAccessorImpl.invoke(Ljava/lang/Object;[Ljava/lang/Object;)Ljava/lang/Object; (10 bytes) @ 0x000000000361e44c [0x000000000361e340+0x10c]
J 2386 C1 java.lang.reflect.Method.invoke(Ljava/lang/Object;[Ljava/lang/Object;)Ljava/lang/Object; (62 bytes) @ 0x000000000361ebec [0x000000000361e800+0x3ec]
j  net.minecraftforge.fml.loading.FMLClientLaunchProvider.lambda$launchService$0(Lcpw/mods/modlauncher/api/ITransformingClassLoader;[Ljava/lang/String;)Ljava/lang/Void;+50
j  net.minecraftforge.fml.loading.FMLClientLaunchProvider$$Lambda$502.call()Ljava/lang/Object;+12
j  cpw.mods.modlauncher.LaunchServiceHandlerDecorator.launch([Ljava/lang/String;Lcpw/mods/modlauncher/api/ITransformingClassLoader;)V+11
j  cpw.mods.modlauncher.LaunchServiceHandler.launch(Ljava/lang/String;[Ljava/lang/String;Lcpw/mods/modlauncher/TransformingClassLoader;Lcpw/mods/modlauncher/LaunchPluginHandler;)V+57
j  cpw.mods.modlauncher.LaunchServiceHandler.launch(Lcpw/mods/modlauncher/ArgumentHandler;Lcpw/mods/modlauncher/TransformingClassLoader;Lcpw/mods/modlauncher/LaunchPluginHandler;)V+19
j  cpw.mods.modlauncher.Launcher.run([Ljava/lang/String;)V+116
j  cpw.mods.modlauncher.Launcher.main([Ljava/lang/String;)V+37
v  ~StubRoutines::call_stub

---------------  P R O C E S S  ---------------

Java Threads: ( => current thread )
  0x00000000ba1ed000 JavaThread "ForkJoinPool.commonPool-worker-2" daemon [_thread_blocked, id=4228, stack(0x0000000056fd0000,0x00000000570d0000)]
  0x0000000038847000 JavaThread "ForkJoinPool.commonPool-worker-0" daemon [_thread_blocked, id=26532, stack(0x0000000052640000,0x0000000052740000)]
  0x00000000232d8800 JavaThread "ForkJoinPool.commonPool-worker-10" daemon [_thread_blocked, id=19088, stack(0x0000000034580000,0x0000000034680000)]
  0x0000000038844000 JavaThread "AWT-Windows" daemon [_thread_in_native, id=16708, stack(0x00000001538e0000,0x00000001539e0000)]
  0x0000000077338000 JavaThread "Chunk Render Task Executor #9" [_thread_blocked, id=22168, stack(0x0000000053f00000,0x0000000054000000)]
  0x0000000077339800 JavaThread "Chunk Render Task Executor #8" [_thread_blocked, id=3280, stack(0x0000000053e00000,0x0000000053f00000)]
  0x0000000077337000 JavaThread "Chunk Render Task Executor #7" [_thread_blocked, id=10664, stack(0x00000000536c0000,0x00000000537c0000)]
  0x0000000077332800 JavaThread "Chunk Render Task Executor #6" [_thread_blocked, id=24056, stack(0x00000000433a0000,0x00000000434a0000)]
  0x0000000077332000 JavaThread "Chunk Render Task Executor #5" [_thread_blocked, id=8328, stack(0x00000000432a0000,0x00000000433a0000)]
  0x0000000077338800 JavaThread "Chunk Render Task Executor #4" [_thread_blocked, id=22308, stack(0x0000000042ea0000,0x0000000042fa0000)]
  0x000000007732a800 JavaThread "Chunk Render Task Executor #3" [_thread_blocked, id=5172, stack(0x0000000042bd0000,0x0000000042cd0000)]
  0x000000007732c000 JavaThread "Chunk Render Task Executor #2" [_thread_blocked, id=30412, stack(0x00000000429a0000,0x0000000042aa0000)]
  0x0000000077330800 JavaThread "Chunk Render Task Executor #1" [_thread_blocked, id=7484, stack(0x00000000408a0000,0x00000000409a0000)]
  0x0000000077331000 JavaThread "Chunk Render Task Executor #0" [_thread_blocked, id=26520, stack(0x000000003ef70000,0x000000003f070000)]
  0x00000000232d5800 JavaThread "ForkJoinPool.commonPool-worker-9" daemon [_thread_blocked, id=9664, stack(0x0000000042da0000,0x0000000042ea0000)]
  0x000000007733c800 JavaThread "pool-12-thread-1" [_thread_blocked, id=3508, stack(0x000000014c8f0000,0x000000014c9f0000)]
  0x0000000077329800 JavaThread "Narrator" [_thread_blocked, id=19024, stack(0x0000000141880000,0x0000000141980000)]
  0x000000007732d800 JavaThread "ForkJoinPool.commonPool-worker-14" daemon [_thread_blocked, id=21608, stack(0x00000000b65a0000,0x00000000b66a0000)]
  0x000000007732e000 JavaThread "ForkJoinPool.commonPool-worker-7" daemon [_thread_blocked, id=29632, stack(0x00000000b64a0000,0x00000000b65a0000)]
  0x000000007732f800 JavaThread "ForkJoinPool.commonPool-worker-12" daemon [_thread_blocked, id=12240, stack(0x00000000b63a0000,0x00000000b64a0000)]
  0x0000000035a67800 JavaThread "ForkJoinPool.commonPool-worker-5" daemon [_thread_blocked, id=26216, stack(0x00000000b62a0000,0x00000000b63a0000)]
  0x0000000140a02000 JavaThread "ForkJoinPool.commonPool-worker-3" daemon [_thread_blocked, id=30284, stack(0x00000000b60a0000,0x00000000b61a0000)]
  0x0000000140a01000 JavaThread "ForkJoinPool.commonPool-worker-1" daemon [_thread_blocked, id=28824, stack(0x00000000b5fa0000,0x00000000b60a0000)]
  0x0000000140a02800 JavaThread "ForkJoinPool.commonPool-worker-8" daemon [_thread_blocked, id=26420, stack(0x00000000b5ea0000,0x00000000b5fa0000)]
  0x00000001409f9800 JavaThread "ForkJoinPool.commonPool-worker-15" daemon [_thread_blocked, id=26540, stack(0x00000000b5da0000,0x00000000b5ea0000)]
  0x0000000140a00800 JavaThread "ForkJoinPool.commonPool-worker-6" daemon [_thread_blocked, id=21036, stack(0x00000000b5ca0000,0x00000000b5da0000)]
  0x00000001409fe800 JavaThread "ForkJoinPool.commonPool-worker-13" daemon [_thread_blocked, id=10896, stack(0x00000000b5ba0000,0x00000000b5ca0000)]
  0x00000001409fe000 JavaThread "ForkJoinPool.commonPool-worker-4" daemon [_thread_blocked, id=4320, stack(0x00000000b5aa0000,0x00000000b5ba0000)]
  0x000000003552d800 JavaThread "Netty Client IO #4" daemon [_thread_in_native, id=23304, stack(0x000000013fd00000,0x000000013fe00000)]
  0x000000003552a000 JavaThread "Litematica Chunk Batcher 15" daemon [_thread_blocked, id=16544, stack(0x00000000b3a20000,0x00000000b3b20000)]
  0x000000003552a800 JavaThread "Litematica Chunk Batcher 14" daemon [_thread_blocked, id=17652, stack(0x00000000b3920000,0x00000000b3a20000)]
  0x0000000035529000 JavaThread "Litematica Chunk Batcher 13" daemon [_thread_blocked, id=16584, stack(0x00000000b3820000,0x00000000b3920000)]
  0x0000000035528800 JavaThread "Litematica Chunk Batcher 12" daemon [_thread_blocked, id=30296, stack(0x00000000b3720000,0x00000000b3820000)]
  0x0000000035522800 JavaThread "Litematica Chunk Batcher 11" daemon [_thread_blocked, id=12328, stack(0x00000000b3620000,0x00000000b3720000)]
  0x0000000035527800 JavaThread "Litematica Chunk Batcher 10" daemon [_thread_blocked, id=23240, stack(0x00000000b3520000,0x00000000b3620000)]
  0x0000000035521800 JavaThread "Litematica Chunk Batcher 9" daemon [_thread_blocked, id=5588, stack(0x00000000b3420000,0x00000000b3520000)]
  0x0000000035527000 JavaThread "Litematica Chunk Batcher 8" daemon [_thread_blocked, id=27792, stack(0x00000000b3320000,0x00000000b3420000)]
  0x0000000035526000 JavaThread "Litematica Chunk Batcher 7" daemon [_thread_blocked, id=10188, stack(0x00000000b3220000,0x00000000b3320000)]
  0x0000000035524800 JavaThread "Litematica Chunk Batcher 6" daemon [_thread_blocked, id=17876, stack(0x00000000b3120000,0x00000000b3220000)]
  0x0000000035523000 JavaThread "Litematica Chunk Batcher 5" daemon [_thread_blocked, id=13476, stack(0x00000000b3020000,0x00000000b3120000)]
  0x0000000035525800 JavaThread "Litematica Chunk Batcher 4" daemon [_thread_blocked, id=17088, stack(0x00000000b2f20000,0x00000000b3020000)]
  0x0000000035a68000 JavaThread "Litematica Chunk Batcher 3" daemon [_thread_blocked, id=12632, stack(0x00000000b2e20000,0x00000000b2f20000)]
  0x000000003afa9000 JavaThread "Litematica Chunk Batcher 2" daemon [_thread_blocked, id=1036, stack(0x00000000b2d20000,0x00000000b2e20000)]
  0x00000000232d6800 JavaThread "Litematica Chunk Batcher 1" daemon [_thread_blocked, id=13200, stack(0x00000000b2c20000,0x00000000b2d20000)]
  0x00000000232cf000 JavaThread "Litematica Chunk Batcher 0" daemon [_thread_blocked, id=26344, stack(0x00000000b2b20000,0x00000000b2c20000)]
  0x00000000375d4800 JavaThread "Sound engine" daemon [_thread_blocked, id=5772, stack(0x0000000000fb0000,0x00000000010b0000)]
  0x00000000375d2000 JavaThread "Netty Client IO #3" daemon [_thread_in_native, id=18864, stack(0x000000003eda0000,0x000000003eea0000)]
  0x00000000375d3800 JavaThread "Netty Client IO #2" daemon [_thread_in_native, id=19716, stack(0x0000000096c70000,0x0000000096d70000)]
  0x00000000375d3000 JavaThread "Netty Client IO #1" daemon [_thread_in_native, id=16720, stack(0x0000000096b70000,0x0000000096c70000)]
  0x00000000375cd000 JavaThread "Netty Client IO #0" daemon [_thread_in_native, id=24052, stack(0x0000000096900000,0x0000000096a00000)]
  0x00000000375d1800 JavaThread "ObjectCleanerThread" daemon [_thread_blocked, id=27360, stack(0x0000000096180000,0x0000000096280000)]
  0x000000003afb2000 JavaThread "Server Pinger #3" daemon [_thread_blocked, id=18224, stack(0x0000000094dd0000,0x0000000094ed0000)]
  0x000000003d03a800 JavaThread "Server Pinger #2" daemon [_thread_blocked, id=28704, stack(0x00000000660b0000,0x00000000661b0000)]
  0x000000002739f000 JavaThread "Server Pinger #1" daemon [_thread_blocked, id=25316, stack(0x0000000059700000,0x0000000059800000)]
  0x00000000273a1000 JavaThread "Thread-65" daemon [_thread_in_native, id=12524, stack(0x0000000059600000,0x0000000059700000)]
  0x000000002739e000 JavaThread "Server Pinger #0" daemon [_thread_blocked, id=9300, stack(0x0000000059500000,0x0000000059600000)]
  0x00000000273a2800 JavaThread "spark-worker-pool-1-thread-4" daemon [_thread_blocked, id=21156, stack(0x0000000065db0000,0x0000000065eb0000)]
  0x000000003d037800 JavaThread "spark-worker-pool-1-thread-3" daemon [_thread_blocked, id=19624, stack(0x0000000028cc0000,0x0000000028dc0000)]
  0x000000003d036000 JavaThread "Thread-62" daemon [_thread_blocked, id=26076, stack(0x0000000072b90000,0x0000000072c90000)]
  0x0000000027397000 JavaThread "Java2D Disposer" daemon [_thread_blocked, id=12604, stack(0x00000000715d0000,0x00000000716d0000)]
  0x000000003afb3000 JavaThread "Thread-60" daemon [_thread_blocked, id=12012, stack(0x0000000072940000,0x0000000072a40000)]
  0x000000003afb1800 JavaThread "spark-worker-pool-1-thread-2" daemon [_thread_blocked, id=23508, stack(0x0000000072d20000,0x0000000072e20000)]
  0x000000003afb0800 JavaThread "spark-worker-pool-1-thread-1" daemon [_thread_blocked, id=27428, stack(0x0000000072a90000,0x0000000072b90000)]
  0x0000000035a63000 JavaThread "spark-monitor" daemon [_thread_blocked, id=4456, stack(0x00000000712c0000,0x00000000713c0000)]
  0x000000003afaf000 JavaThread "pool-5-thread-1" [_thread_blocked, id=24092, stack(0x0000000070440000,0x0000000070540000)]
  0x000000003afb3800 JavaThread "Thread-56" daemon [_thread_in_native, id=29944, stack(0x000000006b8a0000,0x000000006b9a0000)]
  0x000000003afa7800 JavaThread "Thread-55" daemon [_thread_in_native, id=6020, stack(0x00000000635e0000,0x00000000636e0000)]
  0x000000003afa6000 JavaThread "Thread-54" daemon [_thread_in_native, id=11660, stack(0x000000005b080000,0x000000005b180000)]
  0x000000003afa8800 JavaThread "Thread-53" daemon [_thread_in_native, id=14688, stack(0x0000000056a00000,0x0000000056b00000)]
  0x000000003afa5800 JavaThread "Thread-52" daemon [_thread_in_native, id=26948, stack(0x00000000555d0000,0x00000000556d0000)]
  0x000000003afa4800 JavaThread "Thread-51" daemon [_thread_in_native, id=26168, stack(0x00000000554d0000,0x00000000555d0000)]
  0x000000003afaa800 JavaThread "Thread-50" daemon [_thread_in_native, id=10900, stack(0x0000000054400000,0x0000000054500000)]
  0x00000000273a3800 JavaThread "Narrator" [_thread_blocked, id=10952, stack(0x0000000052f70000,0x0000000053070000)]
  0x00000000273a0800 JavaThread "Config Lib config file watcher" daemon [_thread_blocked, id=23948, stack(0x0000000052c70000,0x0000000052d70000)]
  0x000000002739d800 JavaThread "Thread-47" daemon [_thread_in_native, id=12976, stack(0x0000000052b70000,0x0000000052c70000)]
  0x000000002739a800 JavaThread "pool-4-thread-16" [_thread_blocked, id=6904, stack(0x000000004c730000,0x000000004c830000)]
  0x000000002739c000 JavaThread "pool-4-thread-15" [_thread_blocked, id=23180, stack(0x0000000042fa0000,0x00000000430a0000)]
  0x0000000027399800 JavaThread "pool-4-thread-14" [_thread_blocked, id=14308, stack(0x000000004c230000,0x000000004c330000)]
  0x0000000027395000 JavaThread "pool-4-thread-13" [_thread_blocked, id=26792, stack(0x000000004bf30000,0x000000004c030000)]
  0x0000000027398000 JavaThread "pool-4-thread-12" [_thread_blocked, id=19620, stack(0x000000004bc30000,0x000000004bd30000)]
  0x00000000232d5000 JavaThread "pool-4-thread-11" [_thread_blocked, id=17208, stack(0x000000004b930000,0x000000004ba30000)]
  0x00000000370b0000 JavaThread "pool-4-thread-10" [_thread_blocked, id=28368, stack(0x000000004b830000,0x000000004b930000)]
  0x00000000370af800 JavaThread "Thread-45" daemon [_thread_in_native, id=24544, stack(0x000000004b730000,0x000000004b830000)]
  0x00000000370b1800 JavaThread "Thread-44" daemon [_thread_in_native, id=23784, stack(0x000000004b630000,0x000000004b730000)]
  0x00000000370b1000 JavaThread "Thread-43" daemon [_thread_in_native, id=29172, stack(0x000000004b530000,0x000000004b630000)]
  0x00000000370a8800 JavaThread "pool-4-thread-9" [_thread_blocked, id=15348, stack(0x000000004b230000,0x000000004b330000)]
  0x00000000370a7800 JavaThread "Thread-42" daemon [_thread_in_native, id=10648, stack(0x000000004b130000,0x000000004b230000)]
  0x00000000370a9800 JavaThread "Thread-41" daemon [_thread_in_native, id=16016, stack(0x000000004b030000,0x000000004b130000)]
  0x00000000370ad000 JavaThread "Thread-40" daemon [_thread_in_native, id=3676, stack(0x0000000049c30000,0x0000000049d30000)]
  0x00000000370a5800 JavaThread "Thread-39" daemon [_thread_in_native, id=4092, stack(0x000000004af30000,0x000000004b030000)]
  0x00000000370a7000 JavaThread "Thread-38" daemon [_thread_in_native, id=23328, stack(0x000000004ae30000,0x000000004af30000)]
  0x00000000370a6000 JavaThread "Thread-37" daemon [_thread_in_native, id=12592, stack(0x000000004ad30000,0x000000004ae30000)]
  0x00000000370ab000 JavaThread "pool-4-thread-8" [_thread_blocked, id=11296, stack(0x000000004aa30000,0x000000004ab30000)]
  0x00000000370aa000 JavaThread "Thread-36" daemon [_thread_in_native, id=11176, stack(0x000000004a480000,0x000000004a580000)]
  0x00000000370a4800 JavaThread "Thread-35" daemon [_thread_in_native, id=10996, stack(0x000000004a030000,0x000000004a130000)]
  0x00000000370ab800 JavaThread "pool-4-thread-6" [_thread_blocked, id=5756, stack(0x000000004a930000,0x000000004aa30000)]
  0x00000000370a3000 JavaThread "pool-4-thread-7" [_thread_blocked, id=16072, stack(0x000000004a830000,0x000000004a930000)]
  0x00000000370a4000 JavaThread "pool-4-thread-5" [_thread_blocked, id=16984, stack(0x000000004a730000,0x000000004a830000)]
  0x0000000035a6b000 JavaThread "Thread-34" daemon [_thread_in_native, id=2060, stack(0x000000004a180000,0x000000004a280000)]
  0x00000000232ce000 JavaThread "Thread-33" daemon [_thread_in_native, id=24836, stack(0x0000000049f30000,0x000000004a030000)]
  0x0000000038842800 JavaThread "pool-4-thread-4" [_thread_blocked, id=21732, stack(0x0000000049700000,0x0000000049800000)]
  0x0000000038846800 JavaThread "Thread-31" daemon [_thread_in_native, id=30404, stack(0x00000000475b0000,0x00000000476b0000)]
  0x0000000035a70800 JavaThread "pool-4-thread-3" [_thread_blocked, id=16068, stack(0x0000000049370000,0x0000000049470000)]
  0x0000000035a6f000 JavaThread "Thread-30" daemon [_thread_in_native, id=30256, stack(0x0000000049600000,0x0000000049700000)]
  0x0000000035a72000 JavaThread "pool-4-thread-2" [_thread_blocked, id=28372, stack(0x0000000049500000,0x0000000049600000)]
  0x0000000035a6e000 JavaThread "pool-4-thread-1" [_thread_blocked, id=20712, stack(0x0000000048ff0000,0x00000000490f0000)]
  0x0000000035a6d800 JavaThread "Thread-29" daemon [_thread_in_native, id=13764, stack(0x0000000048ac0000,0x0000000048bc0000)]
  0x0000000035a6c800 JavaThread "Thread-28" daemon [_thread_in_native, id=28772, stack(0x00000000487c0000,0x00000000488c0000)]
  0x0000000035a6c000 JavaThread "Thread-27" daemon [_thread_blocked, id=7788, stack(0x00000000486c0000,0x00000000487c0000)]
  0x0000000035a6a800 JavaThread "Java Sound Event Dispatcher" daemon [_thread_blocked, id=11936, stack(0x00000000453e0000,0x00000000454e0000)]
  0x0000000035a6f800 JavaThread "Thread-25" daemon [_thread_blocked, id=23376, stack(0x00000000450b0000,0x00000000451b0000)]
  0x0000000035a64800 JavaThread "lava-daemon-pool-info-loader-5-thread-1" daemon [_thread_blocked, id=19168, stack(0x0000000045550000,0x0000000045650000)]
  0x0000000035a69000 JavaThread "LavaPlayer Audio Thread" daemon [_thread_blocked, id=8556, stack(0x0000000044fb0000,0x00000000450b0000)]
  0x0000000035a69800 JavaThread "lava-daemon-pool-manager-6-thread-1" daemon [_thread_blocked, id=5912, stack(0x0000000044eb0000,0x0000000044fb0000)]
  0x0000000035a63800 JavaThread "LavaPlayer Audio Thread" daemon [_thread_blocked, id=18276, stack(0x00000000449b0000,0x0000000044ab0000)]
  0x0000000035a66800 JavaThread "Thread-24" daemon [_thread_in_native, id=4684, stack(0x0000000043aa0000,0x0000000043ba0000)]
  0x0000000035a66000 JavaThread "lava-daemon-pool-manager-3-thread-1" daemon [_thread_blocked, id=21024, stack(0x0000000043da0000,0x0000000043ea0000)]
  0x00000000232d3800 JavaThread "Snooper Timer" daemon [_thread_blocked, id=27632, stack(0x000000003c1f0000,0x000000003c2f0000)]
  0x00000000232cf800 JavaThread "Timer hack thread" daemon [_thread_blocked, id=22704, stack(0x0000000030b00000,0x0000000030c00000)]
  0x000000003883a800 JavaThread "Thread-20" daemon [_thread_in_native, id=27024, stack(0x000000003bc30000,0x000000003bd30000)]
  0x000000003883c800 JavaThread "Thread-19" daemon [_thread_in_native, id=13428, stack(0x000000003bb30000,0x000000003bc30000)]
  0x000000003883f800 JavaThread "Thread-18" daemon [_thread_in_native, id=28204, stack(0x000000003ba30000,0x000000003bb30000)]
  0x000000003883f000 JavaThread "Thread-17" daemon [_thread_in_native, id=7604, stack(0x000000003b930000,0x000000003ba30000)]
  0x0000000038841000 JavaThread "Thread-16" daemon [_thread_in_native, id=11124, stack(0x000000003b830000,0x000000003b930000)]
  0x000000003883e000 JavaThread "Thread-15" daemon [_thread_in_native, id=6648, stack(0x000000003b730000,0x000000003b830000)]
  0x000000003883b000 JavaThread "Thread-14" daemon [_thread_in_native, id=14956, stack(0x000000003b630000,0x000000003b730000)]
  0x0000000038839800 JavaThread "Thread-13" daemon [_thread_in_native, id=21472, stack(0x000000003b530000,0x000000003b630000)]
  0x0000000038840800 JavaThread "Thread-12" daemon [_thread_in_native, id=26444, stack(0x000000003b430000,0x000000003b530000)]
  0x000000003883d800 JavaThread "Thread-11" daemon [_thread_in_native, id=30072, stack(0x000000003a290000,0x000000003a390000)]
  0x00000000231fa800 JavaThread "Thread-10" daemon [_thread_in_native, id=20356, stack(0x000000003a190000,0x000000003a290000)]
  0x00000000231f9800 JavaThread "Thread-9" daemon [_thread_in_native, id=25128, stack(0x000000003a090000,0x000000003a190000)]
  0x0000000025cbc800 JavaThread "Thread-8" daemon [_thread_in_native, id=26840, stack(0x0000000039f90000,0x000000003a090000)]
  0x0000000025d8d000 JavaThread "Thread-7" daemon [_thread_in_native, id=25036, stack(0x0000000039e90000,0x0000000039f90000)]
  0x000000002653e800 JavaThread "Thread-6" daemon [_thread_in_native, id=18016, stack(0x0000000038ba0000,0x0000000038ca0000)]
  0x00000000265ff000 JavaThread "Thread-5" daemon [_thread_in_native, id=28328, stack(0x0000000038aa0000,0x0000000038ba0000)]
  0x000000003846b000 JavaThread "Thread-4" daemon [_thread_in_native, id=3748, stack(0x0000000030c10000,0x0000000030d10000)]
  0x0000000026742800 JavaThread "Thread-2" daemon [_thread_in_native, id=26976, stack(0x00000000290c0000,0x00000000291c0000)]
  0x0000000026742000 JavaThread "Thread-1" daemon [_thread_blocked, id=22440, stack(0x0000000028fc0000,0x00000000290c0000)]
  0x0000000023280800 JavaThread "Service Thread" daemon [_thread_blocked, id=19804, stack(0x00000000259e0000,0x0000000025ae0000)]
  0x00000000231fc000 JavaThread "C1 CompilerThread11" daemon [_thread_blocked, id=5072, stack(0x00000000258e0000,0x00000000259e0000)]
  0x00000000231fb000 JavaThread "C1 CompilerThread10" daemon [_thread_blocked, id=27384, stack(0x00000000257e0000,0x00000000258e0000)]
  0x00000000231f9000 JavaThread "C1 CompilerThread9" daemon [_thread_blocked, id=22056, stack(0x00000000256e0000,0x00000000257e0000)]
  0x00000000231f8000 JavaThread "C1 CompilerThread8" daemon [_thread_blocked, id=28096, stack(0x00000000254e0000,0x00000000255e0000)]
  0x00000000231c2800 JavaThread "C2 CompilerThread7" daemon [_thread_blocked, id=26048, stack(0x00000000253e0000,0x00000000254e0000)]
  0x00000000231b1800 JavaThread "C2 CompilerThread6" daemon [_thread_blocked, id=15016, stack(0x00000000252e0000,0x00000000253e0000)]
  0x00000000231a9000 JavaThread "C2 CompilerThread5" daemon [_thread_blocked, id=23852, stack(0x00000000251e0000,0x00000000252e0000)]
  0x00000000231a3800 JavaThread "C2 CompilerThread4" daemon [_thread_blocked, id=14756, stack(0x00000000250e0000,0x00000000251e0000)]
  0x000000002319a800 JavaThread "C2 CompilerThread3" daemon [_thread_blocked, id=20280, stack(0x0000000024fe0000,0x00000000250e0000)]
  0x0000000023194800 JavaThread "C2 CompilerThread2" daemon [_thread_blocked, id=14484, stack(0x0000000024ee0000,0x0000000024fe0000)]
  0x0000000023193800 JavaThread "C2 CompilerThread1" daemon [_thread_blocked, id=12028, stack(0x0000000024de0000,0x0000000024ee0000)]
  0x000000002318e000 JavaThread "C2 CompilerThread0" daemon [_thread_blocked, id=26096, stack(0x0000000024ce0000,0x0000000024de0000)]
  0x000000002318d800 JavaThread "Attach Listener" daemon [_thread_blocked, id=12824, stack(0x0000000024be0000,0x0000000024ce0000)]
  0x0000000023189800 JavaThread "Signal Dispatcher" daemon [_thread_blocked, id=26740, stack(0x0000000024ae0000,0x0000000024be0000)]
  0x0000000021713000 JavaThread "Finalizer" daemon [_thread_blocked, id=27176, stack(0x00000000249e0000,0x0000000024ae0000)]
  0x000000002170a000 JavaThread "Reference Handler" daemon [_thread_blocked, id=26020, stack(0x00000000248e0000,0x00000000249e0000)]
=>0x0000000002bf4000 JavaThread "Render thread" [_thread_in_native, id=6324, stack(0x0000000002af0000,0x0000000002bf0000)]

Other Threads:
  0x0000000023154000 VMThread [stack: 0x00000000247e0000,0x00000000248e0000] [id=2112]
  0x0000000023281800 WatcherThread [stack: 0x0000000025ae0000,0x0000000025be0000] [id=20756]

VM state:not at safepoint (normal execution)

VM Mutex/Monitor currently owned by a thread: None

Heap:
 PSYoungGen      total 1964544K, used 973476K [0x0000000740b00000, 0x00000007bfa00000, 0x00000007c0000000)
  eden space 1855488K, 52% used [0x0000000740b00000,0x000000077c1a9240,0x00000007b1f00000)
  from space 109056K, 0% used [0x00000007b8f80000,0x00000007b8f80000,0x00000007bfa00000)
  to   space 112128K, 0% used [0x00000007b1f00000,0x00000007b1f00000,0x00000007b8c80000)
 ParOldGen       total 4172800K, used 4172798K [0x0000000642000000, 0x0000000740b00000, 0x0000000740b00000)
  object space 4172800K, 99% used [0x0000000642000000,0x0000000740affbc0,0x0000000740b00000)
 Metaspace       used 259816K, capacity 294745K, committed 296408K, reserved 1292288K
  class space    used 44163K, capacity 53487K, committed 54028K, reserved 1048576K

Card table byte_map: [0x00000000120b0000,0x0000000012cb0000] byte_map_base: 0x000000000eea0000

Marking Bits: (ParMarkBitMap*) 0x00000000525b4040
 Begin Bits: [0x00000000141b0000, 0x000000001a130000)
 End Bits:   [0x000000001a130000, 0x00000000200b0000)

Polling page: 0x0000000001120000

CodeCache: size=245760Kb used=152639Kb max_used=153264Kb free=93120Kb
 bounds [0x0000000002cf0000, 0x000000000c3b0000, 0x0000000011cf0000]
 total_blobs=42607 nmethods=39908 adapters=2600
 compilation: enabled

Compilation events (10 events):
Event: 3213.204 Thread 0x000000002319a800 nmethod 58788 0x00000000086247d0 code [0x0000000008624920, 0x00000000086249f8]
Event: 3213.204 Thread 0x00000000231c2800 nmethod 58785 0x000000000c377b50 code [0x000000000c377ca0, 0x000000000c377da8]
Event: 3213.204 Thread 0x00000000231b1800 nmethod 58784 0x000000000b47fbd0 code [0x000000000b47fd20, 0x000000000b47fe38]
Event: 3213.204 Thread 0x00000000231a3800 nmethod 58783 0x000000000c38f710 code [0x000000000c38f8a0, 0x000000000c38fc48]
Event: 3213.205 Thread 0x00000000231fc000 58791       3       net.minecraft.client.renderer.WorldRenderer::func_228429_a_ (62 bytes)
Event: 3213.205 Thread 0x0000000023193800 58792       4       net.minecraft.client.renderer.WorldRenderer::constant$bpg000$redBlockHitOutlineWhenNoEntityTraceEnabled (15 bytes)
Event: 3213.205 Thread 0x00000000231f9000 58793       3       net.minecraft.client.renderer.WorldRenderer::constant$bpg000$redBlockHitOutlineWhenNoEntityTraceEnabledAlpha (24 bytes)
Event: 3213.206 Thread 0x00000000231f9000 nmethod 58793 0x000000000484cdd0 code [0x000000000484cfe0, 0x000000000484da78]
Event: 3213.207 Thread 0x00000000231fc000 nmethod 58791 0x000000000aec3310 code [0x000000000aec36a0, 0x000000000aec5aa8]
Event: 3213.208 Thread 0x0000000023193800 nmethod 58792 0x0000000009444ad0 code [0x0000000009444c80, 0x0000000009445088]

GC Heap History (10 events):
Event: 3174.682 GC heap before
{Heap before GC invocations=722 (full 12):
 PSYoungGen      total 1936384K, used 1936000K [0x0000000740b00000, 0x00000007c0000000, 0x00000007c0000000)
  eden space 1858560K, 100% used [0x0000000740b00000,0x00000007b2200000,0x00000007b2200000)
  from space 77824K, 99% used [0x00000007b2200000,0x00000007b6da0000,0x00000007b6e00000)
  to   space 114176K, 0% used [0x00000007b9080000,0x00000007b9080000,0x00000007c0000000)
 ParOldGen       total 4172800K, used 4147738K [0x0000000642000000, 0x0000000740b00000, 0x0000000740b00000)
  object space 4172800K, 99% used [0x0000000642000000,0x000000073f286868,0x0000000740b00000)
 Metaspace       used 259814K, capacity 294693K, committed 296408K, reserved 1292288K
  class space    used 44158K, capacity 53483K, committed 54028K, reserved 1048576K
Event: 3174.712 GC heap after
Heap after GC invocations=722 (full 12):
 PSYoungGen      total 1968640K, used 81056K [0x0000000740b00000, 0x00000007c0000000, 0x00000007c0000000)
  eden space 1854464K, 0% used [0x0000000740b00000,0x0000000740b00000,0x00000007b1e00000)
  from space 114176K, 70% used [0x00000007b9080000,0x00000007bdfa8000,0x00000007c0000000)
  to   space 115712K, 0% used [0x00000007b1e00000,0x00000007b1e00000,0x00000007b8f00000)
 ParOldGen       total 4172800K, used 4150098K [0x0000000642000000, 0x0000000740b00000, 0x0000000740b00000)
  object space 4172800K, 99% used [0x0000000642000000,0x000000073f4d4868,0x0000000740b00000)
 Metaspace       used 259814K, capacity 294693K, committed 296408K, reserved 1292288K
  class space    used 44158K, capacity 53483K, committed 54028K, reserved 1048576K
}
Event: 3180.146 GC heap before
{Heap before GC invocations=723 (full 12):
 PSYoungGen      total 1968640K, used 1935520K [0x0000000740b00000, 0x00000007c0000000, 0x00000007c0000000)
  eden space 1854464K, 100% used [0x0000000740b00000,0x00000007b1e00000,0x00000007b1e00000)
  from space 114176K, 70% used [0x00000007b9080000,0x00000007bdfa8000,0x00000007c0000000)
  to   space 115712K, 0% used [0x00000007b1e00000,0x00000007b1e00000,0x00000007b8f00000)
 ParOldGen       total 4172800K, used 4150098K [0x0000000642000000, 0x0000000740b00000, 0x0000000740b00000)
  object space 4172800K, 99% used [0x0000000642000000,0x000000073f4d4868,0x0000000740b00000)
 Metaspace       used 259815K, capacity 294693K, committed 296408K, reserved 1292288K
  class space    used 44158K, capacity 53483K, committed 54028K, reserved 1048576K
Event: 3180.176 GC heap after
Heap after GC invocations=723 (full 12):
 PSYoungGen      total 1970176K, used 75136K [0x0000000740b00000, 0x00000007bff80000, 0x00000007c0000000)
  eden space 1854464K, 0% used [0x0000000740b00000,0x0000000740b00000,0x00000007b1e00000)
  from space 115712K, 64% used [0x00000007b1e00000,0x00000007b6760000,0x00000007b8f00000)
  to   space 114688K, 0% used [0x00000007b8f80000,0x00000007b8f80000,0x00000007bff80000)
 ParOldGen       total 4172800K, used 4159554K [0x0000000642000000, 0x0000000740b00000, 0x0000000740b00000)
  object space 4172800K, 99% used [0x0000000642000000,0x000000073fe10868,0x0000000740b00000)
 Metaspace       used 259815K, capacity 294693K, committed 296408K, reserved 1292288K
  class space    used 44158K, capacity 53483K, committed 54028K, reserved 1048576K
}
Event: 3185.697 GC heap before
{Heap before GC invocations=724 (full 12):
 PSYoungGen      total 1970176K, used 1929600K [0x0000000740b00000, 0x00000007bff80000, 0x00000007c0000000)
  eden space 1854464K, 100% used [0x0000000740b00000,0x00000007b1e00000,0x00000007b1e00000)
  from space 115712K, 64% used [0x00000007b1e00000,0x00000007b6760000,0x00000007b8f00000)
  to   space 114688K, 0% used [0x00000007b8f80000,0x00000007b8f80000,0x00000007bff80000)
 ParOldGen       total 4172800K, used 4159554K [0x0000000642000000, 0x0000000740b00000, 0x0000000740b00000)
  object space 4172800K, 99% used [0x0000000642000000,0x000000073fe10868,0x0000000740b00000)
 Metaspace       used 259818K, capacity 294693K, committed 296408K, reserved 1292288K
  class space    used 44158K, capacity 53483K, committed 54028K, reserved 1048576K
Event: 3185.726 GC heap after
Heap after GC invocations=724 (full 12):
 PSYoungGen      total 1964544K, used 72256K [0x0000000740b00000, 0x00000007bfa00000, 0x00000007c0000000)
  eden space 1855488K, 0% used [0x0000000740b00000,0x0000000740b00000,0x00000007b1f00000)
  from space 109056K, 66% used [0x00000007b8f80000,0x00000007bd610000,0x00000007bfa00000)
  to   space 112128K, 0% used [0x00000007b1f00000,0x00000007b1f00000,0x00000007b8c80000)
 ParOldGen       total 4172800K, used 4168018K [0x0000000642000000, 0x0000000740b00000, 0x0000000740b00000)
  object space 4172800K, 99% used [0x0000000642000000,0x0000000740654868,0x0000000740b00000)
 Metaspace       used 259818K, capacity 294693K, committed 296408K, reserved 1292288K
  class space    used 44158K, capacity 53483K, committed 54028K, reserved 1048576K
}
Event: 3185.726 GC heap before
{Heap before GC invocations=725 (full 13):
 PSYoungGen      total 1964544K, used 72256K [0x0000000740b00000, 0x00000007bfa00000, 0x00000007c0000000)
  eden space 1855488K, 0% used [0x0000000740b00000,0x0000000740b00000,0x00000007b1f00000)
  from space 109056K, 66% used [0x00000007b8f80000,0x00000007bd610000,0x00000007bfa00000)
  to   space 112128K, 0% used [0x00000007b1f00000,0x00000007b1f00000,0x00000007b8c80000)
 ParOldGen       total 4172800K, used 4168018K [0x0000000642000000, 0x0000000740b00000, 0x0000000740b00000)
  object space 4172800K, 99% used [0x0000000642000000,0x0000000740654868,0x0000000740b00000)
 Metaspace       used 259818K, capacity 294693K, committed 296408K, reserved 1292288K
  class space    used 44158K, capacity 53483K, committed 54028K, reserved 1048576K
Event: 3195.917 GC heap after
Heap after GC invocations=725 (full 13):
 PSYoungGen      total 1964544K, used 58600K [0x0000000740b00000, 0x00000007bfa00000, 0x00000007c0000000)
  eden space 1855488K, 0% used [0x0000000740b00000,0x0000000740b00000,0x00000007b1f00000)
  from space 109056K, 53% used [0x00000007b8f80000,0x00000007bc8ba190,0x00000007bfa00000)
  to   space 112128K, 0% used [0x00000007b1f00000,0x00000007b1f00000,0x00000007b8c80000)
 ParOldGen       total 4172800K, used 4172738K [0x0000000642000000, 0x0000000740b00000, 0x0000000740b00000)
  object space 4172800K, 99% used [0x0000000642000000,0x0000000740af0888,0x0000000740b00000)
 Metaspace       used 259780K, capacity 294633K, committed 296408K, reserved 1292288K
  class space    used 44152K, capacity 53473K, committed 54028K, reserved 1048576K
}
Event: 3201.697 GC heap before
{Heap before GC invocations=726 (full 14):
 PSYoungGen      total 1964544K, used 1914088K [0x0000000740b00000, 0x00000007bfa00000, 0x00000007c0000000)
  eden space 1855488K, 100% used [0x0000000740b00000,0x00000007b1f00000,0x00000007b1f00000)
  from space 109056K, 53% used [0x00000007b8f80000,0x00000007bc8ba190,0x00000007bfa00000)
  to   space 112128K, 0% used [0x00000007b1f00000,0x00000007b1f00000,0x00000007b8c80000)
 ParOldGen       total 4172800K, used 4172738K [0x0000000642000000, 0x0000000740b00000, 0x0000000740b00000)
  object space 4172800K, 99% used [0x0000000642000000,0x0000000740af0888,0x0000000740b00000)
 Metaspace       used 259780K, capacity 294633K, committed 296408K, reserved 1292288K
  class space    used 44152K, capacity 53473K, committed 54028K, reserved 1048576K
Event: 3211.813 GC heap after
Heap after GC invocations=726 (full 14):
 PSYoungGen      total 1964544K, used 66991K [0x0000000740b00000, 0x00000007bfa00000, 0x00000007c0000000)
  eden space 1855488K, 3% used [0x0000000740b00000,0x0000000744c6bec0,0x00000007b1f00000)
  from space 109056K, 0% used [0x00000007b8f80000,0x00000007b8f80000,0x00000007bfa00000)
  to   space 112128K, 0% used [0x00000007b1f00000,0x00000007b1f00000,0x00000007b8c80000)
 ParOldGen       total 4172800K, used 4172798K [0x0000000642000000, 0x0000000740b00000, 0x0000000740b00000)
  object space 4172800K, 99% used [0x0000000642000000,0x0000000740affbc0,0x0000000740b00000)
 Metaspace       used 259780K, capacity 294633K, committed 296408K, reserved 1292288K
  class space    used 44152K, capacity 53473K, committed 54028K, reserved 1048576K
}

Deoptimization events (10 events):
Event: 3214.754 Thread 0x0000000002bf4000 Uncommon trap: reason=unstable_if action=reinterpret pc=0x0000000003128708 method=java.lang.ref.SoftReference.get()Ljava/lang/Object; @ 6
Event: 3214.773 Thread 0x0000000002bf4000 Uncommon trap: reason=unstable_if action=reinterpret pc=0x0000000003236be0 method=java.lang.ref.SoftReference.get()Ljava/lang/Object; @ 6
Event: 3214.774 Thread 0x0000000002bf4000 Uncommon trap: reason=unstable_if action=reinterpret pc=0x00000000030be9e4 method=java.lang.ref.SoftReference.get()Ljava/lang/Object; @ 6
Event: 3214.774 Thread 0x0000000002bf4000 Uncommon trap: reason=unstable_if action=reinterpret pc=0x0000000003468538 method=java.lang.ref.SoftReference.get()Ljava/lang/Object; @ 6
Event: 3214.774 Thread 0x0000000002bf4000 Uncommon trap: reason=unstable_if action=reinterpret pc=0x0000000005242440 method=java.lang.ref.SoftReference.get()Ljava/lang/Object; @ 6
Event: 3214.774 Thread 0x0000000002bf4000 Uncommon trap: reason=unstable_if action=reinterpret pc=0x0000000003995334 method=java.lang.ref.SoftReference.get()Ljava/lang/Object; @ 6
Event: 3214.775 Thread 0x0000000002bf4000 Uncommon trap: reason=unstable_if action=reinterpret pc=0x0000000006df94a8 method=net.minecraft.network.NetworkManager.func_150724_d()Z @ 16
Event: 3214.776 Thread 0x0000000002bf4000 Uncommon trap: reason=unstable_if action=reinterpret pc=0x00000000098d82dc method=net.minecraft.network.NetworkManager.func_150724_d()Z @ 16
Event: 3214.776 Thread 0x0000000002bf4000 Uncommon trap: reason=unstable_if action=reinterpret pc=0x0000000009d31cec method=org.lwjgl.glfw.GLFW.glfwWindowShouldClose(J)Z @ 20
Event: 3214.777 Thread 0x0000000002bf4000 Uncommon trap: reason=unstable_if action=reinterpret pc=0x0000000005c2034c method=org.lwjgl.glfw.GLFW.glfwWindowShouldClose(J)Z @ 20

Internal exceptions (10 events):
Event: 3214.749 Thread 0x0000000002bf4000 Implicit null exception at 0x000000000476d61c to 0x000000000476f1f1
Event: 3214.753 Thread 0x0000000002bf4000 Implicit null exception at 0x0000000004f11f9c to 0x0000000004f15fa1
Event: 3214.754 Thread 0x0000000002bf4000 Implicit null exception at 0x0000000003126119 to 0x00000000031286e9
Event: 3214.773 Thread 0x0000000002bf4000 Implicit null exception at 0x0000000003236741 to 0x0000000003236bc5
Event: 3214.773 Thread 0x0000000002bf4000 Exception <a 'java/lang/IllegalArgumentException': Wrong type at constant pool index> (0x000000077ba9d080) thrown at [C:\re\workspace\8-2-build-windows-amd64-cygwin\jdk8u51\3951\hotspot\src\share\vm\prims\jvm.cpp, line 2143]
Event: 3214.773 Thread 0x0000000002bf4000 Exception <a 'java/lang/IllegalArgumentException': Wrong type at constant pool index> (0x000000077ba9dfd0) thrown at [C:\re\workspace\8-2-build-windows-amd64-cygwin\jdk8u51\3951\hotspot\src\share\vm\prims\jvm.cpp, line 2143]
Event: 3214.774 Thread 0x0000000002bf4000 Exception <a 'java/lang/IllegalArgumentException': Wrong type at constant pool index> (0x000000077babb950) thrown at [C:\re\workspace\8-2-build-windows-amd64-cygwin\jdk8u51\3951\hotspot\src\share\vm\prims\jvm.cpp, line 2143]
Event: 3214.774 Thread 0x0000000002bf4000 Implicit null exception at 0x00000000030be444 to 0x00000000030be9c5
Event: 3214.774 Thread 0x0000000002bf4000 Implicit null exception at 0x000000000346751c to 0x0000000003468501
Event: 3214.774 Thread 0x0000000002bf4000 Implicit null exception at 0x0000000005241e5d to 0x0000000005242419

Events (10 events):
Event: 3214.775 Thread 0x0000000002bf4000 DEOPT UNPACKING pc=0x0000000002d3582a sp=0x0000000002bee300 mode 2
Event: 3214.776 Thread 0x0000000002bf4000 Uncommon trap: trap_request=0xffffff65 fr.pc=0x00000000098d82dc
Event: 3214.776 Thread 0x0000000002bf4000 DEOPT PACKING pc=0x00000000098d82dc sp=0x0000000002bee300
Event: 3214.776 Thread 0x0000000002bf4000 DEOPT UNPACKING pc=0x0000000002d3582a sp=0x0000000002bee2a8 mode 2
Event: 3214.776 Thread 0x0000000002bf4000 Uncommon trap: trap_request=0xffffff65 fr.pc=0x0000000009d31cec
Event: 3214.776 Thread 0x0000000002bf4000 DEOPT PACKING pc=0x0000000009d31cec sp=0x0000000002bee890
Event: 3214.776 Thread 0x0000000002bf4000 DEOPT UNPACKING pc=0x0000000002d3582a sp=0x0000000002bee770 mode 2
Event: 3214.777 Thread 0x0000000002bf4000 Uncommon trap: trap_request=0xffffff65 fr.pc=0x0000000005c2034c
Event: 3214.777 Thread 0x0000000002bf4000 DEOPT PACKING pc=0x0000000005c2034c sp=0x0000000002bee4d0
Event: 3214.777 Thread 0x0000000002bf4000 DEOPT UNPACKING pc=0x0000000002d3582a sp=0x0000000002bee408 mode 2


Dynamic libraries:
0x00007ff62b3b0000 - 0x00007ff62b3e7000 	C:\Games\CurseForge\Minecraft\Install\runtime\jre-legacy\windows-x64\jre-legacy\bin\javaw.exe
0x00007fff18230000 - 0x00007fff18428000 	C:\Windows\SYSTEM32\ntdll.dll
0x00007fff16b30000 - 0x00007fff16bed000 	C:\Windows\System32\KERNEL32.DLL
0x00007fff15da0000 - 0x00007fff1606e000 	C:\Windows\System32\KERNELBASE.dll
0x00007fff17ff0000 - 0x00007fff1809e000 	C:\Windows\System32\ADVAPI32.dll
0x00007fff180a0000 - 0x00007fff1813e000 	C:\Windows\System32\msvcrt.dll
0x00007fff170a0000 - 0x00007fff1713c000 	C:\Windows\System32\sechost.dll
0x00007fff16a00000 - 0x00007fff16b25000 	C:\Windows\System32\RPCRT4.dll
0x00007fff17150000 - 0x00007fff172f0000 	C:\Windows\System32\USER32.dll
0x00007fff15950000 - 0x00007fff15972000 	C:\Windows\System32\win32u.dll
0x00007fff16ca0000 - 0x00007fff16cca000 	C:\Windows\System32\GDI32.dll
0x00007fff15ae0000 - 0x00007fff15beb000 	C:\Windows\System32\gdi32full.dll
0x00007fff161f0000 - 0x00007fff1628d000 	C:\Windows\System32\msvcp_win.dll
0x00007fff15ca0000 - 0x00007fff15da0000 	C:\Windows\System32\ucrtbase.dll
0x00007fff00d10000 - 0x00007fff00faa000 	C:\Windows\WinSxS\amd64_microsoft.windows.common-controls_6595b64144ccf1df_6.0.19041.1110_none_60b5254171f9507e\COMCTL32.dll
0x00007fff16cd0000 - 0x00007fff16d00000 	C:\Windows\System32\IMM32.DLL
0x00000000535e0000 - 0x00000000536b2000 	C:\Games\CurseForge\Minecraft\Install\runtime\jre-legacy\windows-x64\jre-legacy\bin\msvcr100.dll
0x0000000051db0000 - 0x0000000052633000 	C:\Games\CurseForge\Minecraft\Install\runtime\jre-legacy\windows-x64\jre-legacy\bin\server\jvm.dll
0x00007fff16440000 - 0x00007fff16448000 	C:\Windows\System32\PSAPI.DLL
0x00007fff08f10000 - 0x00007fff08f1a000 	C:\Windows\SYSTEM32\VERSION.dll
0x00007fff0f430000 - 0x00007fff0f439000 	C:\Windows\SYSTEM32\WSOCK32.dll
0x00007fff080e0000 - 0x00007fff08107000 	C:\Windows\SYSTEM32\WINMM.dll
0x00007fff16e90000 - 0x00007fff16efb000 	C:\Windows\System32\WS2_32.dll
0x00000000535d0000 - 0x00000000535df000 	C:\Games\CurseForge\Minecraft\Install\runtime\jre-legacy\windows-x64\jre-legacy\bin\verify.dll
0x00000000535a0000 - 0x00000000535c9000 	C:\Games\CurseForge\Minecraft\Install\runtime\jre-legacy\windows-x64\jre-legacy\bin\java.dll
0x0000000053580000 - 0x0000000053596000 	C:\Games\CurseForge\Minecraft\Install\runtime\jre-legacy\windows-x64\jre-legacy\bin\zip.dll
0x00007fff17840000 - 0x00007fff17f84000 	C:\Windows\System32\SHELL32.dll
0x00007fff13a20000 - 0x00007fff141b4000 	C:\Windows\SYSTEM32\windows.storage.dll
0x00007fff16640000 - 0x00007fff16994000 	C:\Windows\System32\combase.dll
0x00007fff153b0000 - 0x00007fff153e0000 	C:\Windows\SYSTEM32\Wldp.dll
0x00007fff16bf0000 - 0x00007fff16c9d000 	C:\Windows\System32\SHCORE.dll
0x00007fff16d00000 - 0x00007fff16d55000 	C:\Windows\System32\shlwapi.dll
0x00007fff15890000 - 0x00007fff158af000 	C:\Windows\SYSTEM32\profapi.dll
0x0000000053570000 - 0x000000005357d000 	C:\Games\CurseForge\Minecraft\Install\runtime\jre-legacy\windows-x64\jre-legacy\bin\management.dll
0x0000000053550000 - 0x000000005356a000 	C:\Games\CurseForge\Minecraft\Install\runtime\jre-legacy\windows-x64\jre-legacy\bin\net.dll
0x00007fff15110000 - 0x00007fff1517a000 	C:\Windows\system32\mswsock.dll
0x00007ffed3dd0000 - 0x00007ffed3de7000 	C:\Windows\system32\napinsp.dll
0x00007ffed3db0000 - 0x00007ffed3dcb000 	C:\Windows\system32\pnrpnsp.dll
0x00007fff108d0000 - 0x00007fff108e5000 	C:\Windows\system32\wshbth.dll
0x00007fff10dc0000 - 0x00007fff10ddd000 	C:\Windows\system32\NLAapi.dll
0x00007fff14db0000 - 0x00007fff14deb000 	C:\Windows\SYSTEM32\IPHLPAPI.DLL
0x00007fff14df0000 - 0x00007fff14ebb000 	C:\Windows\SYSTEM32\DNSAPI.dll
0x00007fff16630000 - 0x00007fff16638000 	C:\Windows\System32\NSI.dll
0x00007ffed3d90000 - 0x00007ffed3da2000 	C:\Windows\System32\winrnr.dll
0x00007fff0efd0000 - 0x00007fff0efda000 	C:\Windows\System32\rasadhlp.dll
0x00007fff06bc0000 - 0x00007fff06c40000 	C:\Windows\System32\fwpuclnt.dll
0x00007fff161c0000 - 0x00007fff161e7000 	C:\Windows\System32\bcrypt.dll
0x0000000053530000 - 0x0000000053541000 	C:\Games\CurseForge\Minecraft\Install\runtime\jre-legacy\windows-x64\jre-legacy\bin\nio.dll
0x0000000053500000 - 0x0000000053524000 	C:\Games\CurseForge\Minecraft\Install\runtime\jre-legacy\windows-x64\jre-legacy\bin\sunec.dll
0x00007fff15300000 - 0x00007fff15318000 	C:\Windows\SYSTEM32\CRYPTSP.dll
0x00007fff14a20000 - 0x00007fff14a54000 	C:\Windows\system32\rsaenh.dll
0x00007fff15850000 - 0x00007fff1587e000 	C:\Windows\SYSTEM32\USERENV.dll
0x00007fff16130000 - 0x00007fff161b2000 	C:\Windows\System32\bcryptprimitives.dll
0x00007fff15320000 - 0x00007fff1532c000 	C:\Windows\SYSTEM32\CRYPTBASE.dll
0x00007fff0c010000 - 0x00007fff0c027000 	C:\Windows\SYSTEM32\dhcpcsvc6.DLL
0x00007fff0d2f0000 - 0x00007fff0d30d000 	C:\Windows\SYSTEM32\dhcpcsvc.DLL
0x00007fff0ad00000 - 0x00007fff0ad72000 	C:\Games\CurseForge\Minecraft\Install\bin\2cf85f2f4c1c7fac0dbfa319927859f161445c59\lwjgl.dll
0x00007ffe90b30000 - 0x00007ffe90d81000 	C:\Games\CurseForge\Minecraft\Install\bin\2cf85f2f4c1c7fac0dbfa319927859f161445c59\jemalloc.dll
0x00007fff07470000 - 0x00007fff074ce000 	C:\Games\CurseForge\Minecraft\Install\bin\2cf85f2f4c1c7fac0dbfa319927859f161445c59\glfw.dll
0x00007fff12290000 - 0x00007fff1232e000 	C:\Windows\system32\uxtheme.dll
0x00007ffeb3020000 - 0x00007ffeb3065000 	C:\Windows\SYSTEM32\dinput8.dll
0x00007ffeca540000 - 0x00007ffeca551000 	C:\Windows\SYSTEM32\xinput1_4.dll
0x00007fff160e0000 - 0x00007fff1612e000 	C:\Windows\System32\cfgmgr32.dll
0x00007fff15700000 - 0x00007fff1572c000 	C:\Windows\SYSTEM32\DEVOBJ.dll
0x00007fff12880000 - 0x00007fff128af000 	C:\Windows\SYSTEM32\dwmapi.dll
0x00007ffef72e0000 - 0x00007ffef7432000 	C:\Windows\SYSTEM32\inputhost.dll
0x00007fff16450000 - 0x00007fff1651d000 	C:\Windows\System32\OLEAUT32.dll
0x00007fff12070000 - 0x00007fff12162000 	C:\Windows\SYSTEM32\CoreMessaging.dll
0x00007fff11540000 - 0x00007fff11694000 	C:\Windows\SYSTEM32\wintypes.dll
0x00007fff10cb0000 - 0x00007fff10da6000 	C:\Windows\SYSTEM32\PROPSYS.dll
0x00007fff11c10000 - 0x00007fff11f6e000 	C:\Windows\SYSTEM32\CoreUIComponents.dll
0x00007fff14200000 - 0x00007fff14212000 	C:\Windows\SYSTEM32\kernel.appcore.dll
0x00007fff14640000 - 0x00007fff14673000 	C:\Windows\SYSTEM32\ntmarta.dll
0x00007ffeac7b0000 - 0x00007ffeac8e8000 	C:\ProgramData\A-Volute\A-Volute.Nahimic\Modules\Scheduled\x64\AudioDevProps2.dll
0x00007fff16d60000 - 0x00007fff16e8a000 	C:\Windows\System32\ole32.dll
0x00007ffeb90f0000 - 0x00007ffeb9243000 	C:\Program Files (x86)\Stardock\Fences\FencesMenu64.dll
0x00007fff103d0000 - 0x00007fff103e4000 	C:\Windows\SYSTEM32\WTSAPI32.dll
0x00007fff00fb0000 - 0x00007fff01155000 	C:\Windows\WinSxS\amd64_microsoft.windows.gdiplus_6595b64144ccf1df_1.1.19041.1706_none_919e8e54cc8d4ca1\gdiplus.dll
0x00007ffef3010000 - 0x00007ffef3128000 	C:\Program Files (x86)\Stardock\Groupy\groupy_64.dll
0x00007fff16f60000 - 0x00007fff17075000 	C:\Windows\System32\MSCTF.dll
0x00007fff141c0000 - 0x00007fff141cd000 	C:\Windows\SYSTEM32\HID.DLL
0x00007fff172f0000 - 0x00007fff1775f000 	C:\Windows\System32\SETUPAPI.DLL
0x00007fff16070000 - 0x00007fff160d7000 	C:\Windows\System32\WINTRUST.dll
0x00007fff15980000 - 0x00007fff15ad6000 	C:\Windows\System32\CRYPT32.dll
0x00007fff15540000 - 0x00007fff15552000 	C:\Windows\SYSTEM32\MSASN1.dll
0x00007ffeb8530000 - 0x00007ffeb8657000 	C:\Windows\SYSTEM32\opengl32.dll
0x00007ffeb84e0000 - 0x00007ffeb850c000 	C:\Windows\SYSTEM32\GLU32.dll
0x00007fff18140000 - 0x00007fff181e9000 	C:\Windows\System32\clbcatq.dll
0x00007ffe802b0000 - 0x00007ffe83469000 	C:\Windows\System32\DriverStore\FileRepository\nvlt.inf_amd64_e7d8c0512da64e7d\nvoglv64.dll
0x00007fff08ed0000 - 0x00007fff08f01000 	C:\Windows\SYSTEM32\cryptnet.dll
0x00007fff08d30000 - 0x00007fff08e78000 	C:\Windows\SYSTEM32\drvstore.dll
0x00007fff09db0000 - 0x00007fff09deb000 	C:\Windows\SYSTEM32\dxcore.dll
0x00007ffebfb50000 - 0x00007ffebfe21000 	C:\Windows\system32\nvspcap64.dll
0x00007fff14f20000 - 0x00007fff14f6b000 	C:\Windows\SYSTEM32\powrprof.dll
0x00007fff14d90000 - 0x00007fff14da2000 	C:\Windows\SYSTEM32\UMPDC.dll
0x00007fff146f0000 - 0x00007fff1474a000 	C:\Windows\SYSTEM32\WINSTA.dll
0x00007fff073f0000 - 0x00007fff0746f000 	C:\Games\CurseForge\Minecraft\Install\bin\2cf85f2f4c1c7fac0dbfa319927859f161445c59\lwjgl_stb.dll
0x00007fff0f8b0000 - 0x00007fff0f95e000 	C:\Windows\SYSTEM32\mscms.dll
0x00007fff0ef90000 - 0x00007fff0efa1000 	C:\Windows\SYSTEM32\ColorAdapterClient.dll
0x00007fff0a7c0000 - 0x00007fff0a803000 	C:\Windows\SYSTEM32\icm32.dll
0x00007ffef6b70000 - 0x00007ffef6c69000 	C:\Windows\SYSTEM32\textinputframework.dll
0x00007fff0f9e0000 - 0x00007fff0fa46000 	C:\Windows\system32\Oleacc.dll
0x00007ffeb8ce0000 - 0x00007ffeb8d38000 	C:\Games\CurseForge\Minecraft\Install\bin\2cf85f2f4c1c7fac0dbfa319927859f161445c59\lwjgl_opengl.dll
0x00007ffeb3250000 - 0x00007ffeb3292000 	C:\Users\NukelordBrown\AppData\Local\Temp\jna--1590639904\jna2843542243086823121.dll
0x00000000534f0000 - 0x00000000534fc000 	C:\Games\CurseForge\Minecraft\Install\runtime\jre-legacy\windows-x64\jre-legacy\bin\jsound.dll
0x0000000051da0000 - 0x0000000051dab000 	C:\Games\CurseForge\Minecraft\Install\runtime\jre-legacy\windows-x64\jre-legacy\bin\jsoundds.dll
0x00007ffefdd40000 - 0x00007ffefdddc000 	C:\Windows\SYSTEM32\DSOUND.dll
0x00007ffefdeb0000 - 0x00007ffefded6000 	C:\Windows\SYSTEM32\winmmbase.dll
0x00007fff0f3a0000 - 0x00007fff0f425000 	C:\Windows\SYSTEM32\MMDevAPI.DLL
0x00007ffeae9b0000 - 0x00007ffeae9f6000 	C:\Windows\SYSTEM32\wdmaud.drv
0x00007fff10f90000 - 0x00007fff10f99000 	C:\Windows\SYSTEM32\ksuser.dll
0x00007fff13a00000 - 0x00007fff13a0a000 	C:\Windows\SYSTEM32\AVRT.dll
0x00007fff0f520000 - 0x00007fff0f6a2000 	C:\Windows\SYSTEM32\AUDIOSES.DLL
0x00007fff0f050000 - 0x00007fff0f05d000 	C:\Windows\SYSTEM32\msacm32.drv
0x00007ffeac560000 - 0x00007ffeac57e000 	C:\Windows\SYSTEM32\MSACM32.dll
0x00007fff0dfe0000 - 0x00007fff0dfeb000 	C:\Windows\SYSTEM32\midimap.dll
0x00007ffe7c960000 - 0x00007ffe7cbc6000 	C:\Users\NukelordBrown\AppData\Local\Temp\de.fabmax.physx-jni\0.4.15\PhysX_64.dll
0x00007ffeac370000 - 0x00007ffeac547000 	C:\Users\NukelordBrown\AppData\Local\Temp\de.fabmax.physx-jni\0.4.15\PhysXCommon_64.dll
0x00007ffeaaaa0000 - 0x00007ffeaab4a000 	C:\Users\NukelordBrown\AppData\Local\Temp\de.fabmax.physx-jni\0.4.15\PhysXCooking_64.dll
0x00007ffe90760000 - 0x00007ffe907f1000 	C:\Users\NukelordBrown\AppData\Local\Temp\de.fabmax.physx-jni\0.4.15\PhysXFoundation_64.dll
0x00007ffe89b50000 - 0x00007ffe89d54000 	C:\Users\NukelordBrown\AppData\Local\Temp\de.fabmax.physx-jni\0.4.15\PhysXJniBindings_64.dll
0x00007ffe8b2a0000 - 0x00007ffe8b307000 	C:\ProgramData\A-Volute\A-Volute.Nahimic\Modules\Scheduled\x64\ProductInfo.dll
0x00007ffeaaff0000 - 0x00007ffeab033000 	C:\ProgramData\A-Volute\A-Volute.Nahimic\Modules\Scheduled\x64\ASM.Plugin.AudioDevProps2.dll
0x0000000051c00000 - 0x0000000051d98000 	C:\Games\CurseForge\Minecraft\Install\runtime\jre-legacy\windows-x64\jre-legacy\bin\awt.dll
0x00007fff121a0000 - 0x00007fff12230000 	C:\Windows\SYSTEM32\apphelp.dll
0x00007fff12660000 - 0x00007fff12674000 	C:\Windows\SYSTEM32\resourcepolicyclient.dll
0x00007ffe906c0000 - 0x00007ffe9075c000 	C:\Users\NUKELO~1\AppData\Local\Temp\jna--1590639904\jna8984070849512085547.dll
0x00007ffeedad0000 - 0x00007ffeedc11000 	C:\Windows\System32\Windows.UI.dll

VM Arguments:
jvm_args: -XX:HeapDumpPath=MojangTricksIntelDriversForPerformance_javaw.exe_minecraft.exe.heapdump -Dos.name=Windows 10 -Dos.version=10.0 -Xss1M -Djava.library.path=C:\Games\CurseForge\Minecraft\Install\bin\2cf85f2f4c1c7fac0dbfa319927859f161445c59 -Dminecraft.launcher.brand=minecraft-launcher -Dminecraft.launcher.version=2.4.36 -Xmx6112m -Xms256m -Dminecraft.applet.TargetDirectory=C:\Games\CurseForge\Minecraft\Instances\Blood-N-Wine-2 -Dfml.ignorePatchDiscrepancies=true -Dfml.ignoreInvalidMinecraftCertificates=true -Duser.language=en -Duser.country=US -Dlog4j.configurationFile=C:\Games\CurseForge\Minecraft\Install\assets\log_configs\client-1.12.xml 
java_command: cpw.mods.modlauncher.Launcher --username Nukelord420 --version forge-36.2.35 --gameDir C:\Games\CurseForge\Minecraft\Instances\Blood-N-Wine-2 --assetsDir C:\Games\CurseForge\Minecraft\Install\assets --assetIndex 1.16 --uuid 29e423c126c942d89e776772bd06df02 --accessToken eyJraWQiOiJhYzg0YSIsImFsZyI6IkhTMjU2In0.eyJ4dWlkIjoiMjUzNTQyODE5MjM2MjEyNiIsImFnZyI6IkFkdWx0Iiwic3ViIjoiZmNhNGVlNjItYzI4Zi00NzI0LWJkZTktNGU3ZDBiYWQ0ODBjIiwiYXV0aCI6IlhCT1giLCJucyI6ImRlZmF1bHQiLCJyb2xlcyI6W10sImlzcyI6ImF1dGhlbnRpY2F0aW9uIiwicGxhdGZvcm0iOiJQQ19MQVVOQ0hFUiIsInl1aWQiOiI3YTRkMzAxOTgyNzg0NmNjYjZjZDdjZjg4Njc0OWMwZSIsIm5iZiI6MTY4MTg0NzI1NSwiZXhwIjoxNjgxOTMzNjU1LCJpYXQiOjE2ODE4NDcyNTV9.n9CY_Pg8AqlvdbF0HkDboD9e-PTYDtlRRdvBtT4kfPo --userType msa --versionType release --width 1024 --height 768 --launchTarget fmlclient --fml.forgeVersion 36.2.35 --fml.mcVersion 1.16.5 --fml.forgeGroup net.minecraftforge --fml.mcpVersion 20210115.111550
java_class_path (initial): C:\Games\CurseForge\Minecraft\Install\libraries\net\minecraftforge\forge\1.16.5-36.2.35\forge-1.16.5-36.2.35.jar;C:\Games\CurseForge\Minecraft\Install\libraries\org\ow2\asm\asm\9.1\asm-9.1.jar;C:\Games\CurseForge\Minecraft\Install\libraries\org\ow2\asm\asm-commons\9.1\asm-commons-9.1.jar;C:\Games\CurseForge\Minecraft\Install\libraries\org\ow2\asm\asm-tree\9.1\asm-tree-9.1.jar;C:\Games\CurseForge\Minecraft\Install\libraries\org\ow2\asm\asm-util\9.1\asm-util-9.1.jar;C:\Games\CurseForge\Minecraft\Install\libraries\org\ow2\asm\asm-analysis\9.1\asm-analysis-9.1.jar;C:\Games\CurseForge\Minecraft\Install\libraries\cpw\mods\modlauncher\8.1.3\modlauncher-8.1.3.jar;C:\Games\CurseForge\Minecraft\Install\libraries\cpw\mods\grossjava9hacks\1.3.3\grossjava9hacks-1.3.3.jar;C:\Games\CurseForge\Minecraft\Install\libraries\net\minecraftforge\accesstransformers\3.0.1\accesstransformers-3.0.1.jar;C:\Games\CurseForge\Minecraft\Install\libraries\org\antlr\antlr4-runtime\4.9.1\antlr4-runtime-4.9.1.jar;C:\Games\CurseForge\Minecraft\Install\libraries\net\minecraftforge\eventbus\4.0.0\eventbus-4.0.0.jar;C:\Games\CurseForge\Minecraft\Install\libraries\net\minecraftforge\forgespi\3.2.0\forgespi-3.2.0.jar;C:\Games\CurseForge\Minecraft\Install\libraries\net\minecraftforge\coremods\4.0.6\coremods-4.0.6.jar;C:\Games\CurseForge\Minecraft\Install\libraries\net\minecraftforge\unsafe\0.2.0\unsafe-0.2.0.jar;C:\Games\CurseForge\Minecraft\Install\libraries\com\electronwill\night-config\core\3.6.3\core-3.6.3.jar;C:\Games\CurseForge\Minecraft\Install\libraries\com\electronwill\night-config\toml\3.6.3\toml-3.6.3.jar;C:\Games\CurseForge\Minecraft\Install\libraries\org\jline\jline\3.12.1\jline-3.12.1.jar;C:\Games\CurseForge\Minecraft\Install\libraries\org\apache\maven\maven-artifact\3.6.3\maven-artifact-3.6.3.jar;C:\Games\CurseForge\Minecraft\Install\libraries\net\jodah\typetools\0.8.3\typetools-0.8.3.jar;C:\Games\CurseForge\Minecraft\Install\libraries\org\apache\logging\log4j\log
Launcher Type: SUN_STANDARD

Environment Variables:
PATH=C:\VulkanSDK\1.3.236.0\Bin;C:\Program Files (x86)\Razer Chroma SDK\bin;C:\Program Files\Razer Chroma SDK\bin;C:\Program Files\Common Files\Oracle\Java\javapath;C:\Program Files (x86)\Common Files\Oracle\Java\javapath;C:\Program Files (x86)\Razer\ChromaBroadcast\bin;C:\Program Files\Razer\ChromaBroadcast\bin;C:\Windows\system32;C:\Windows;C:\Windows\System32\Wbem;C:\Windows\System32\WindowsPowerShell\v1.0\;C:\Windows\System32\OpenSSH\;C:\Program Files (x86)\NVIDIA Corporation\PhysX\Common;C:\Program Files\NVIDIA Corporation\NVIDIA NvDLISR;C:\Program Files\PuTTY\;C:\Windows\system32\config\systemprofile\AppData\Local\Microsoft\WindowsApps;C:\Program Files\dotnet\;C:\Program Files\Common Files\Autodesk Shared\;C:\Program Files\Microsoft SQL Server\120\Tools\Binn\;G:\Bethesda-Game-Modding-Tools\Ruby26-x64\bin;C:\Users\NukelordBrown\AppData\Local\Programs\Python\Python310\Scripts\;C:\Users\NukelordBrown\AppData\Local\Programs\Python\Python310\;C:\Users\NukelordBrown\AppData\Local\Microsoft\WindowsApps;C:\Users\NukelordBrown\AppData\Local\Programs\Microsoft VS Code\bin;C:\Users\NukelordBrown\.dotnet\tools;C:\Users\NukelordBrown\AppData\Local\GitHubDesktop\bin;C:\Program Files\Perforce\;C:\Program Files\Git\cmd;G:\Bethesda-Game-Modding-Tools\Ruby26-x64\bin;C:\Users\NukelordBrown\AppData\Local\Programs\Python\Python310\Scripts\;C:\Users\NukelordBrown\AppData\Local\Programs\Python\Python310\;C:\Users\NukelordBrown\AppData\Local\Microsoft\WindowsApps;C:\Users\NukelordBrown\AppData\Local\Programs\Microsoft VS Code\bin;C:\Users\NukelordBrown\.dotnet\tools;C:\Users\NukelordBrown\AppData\Local\GitHubDesktop\bin
USERNAME=NukelordBrown
OS=Windows_NT
PROCESSOR_IDENTIFIER=AMD64 Family 25 Model 80 Stepping 0, AuthenticAMD



---------------  S Y S T E M  ---------------

OS: Windows 10.0 , 64 bit Build 19041 (10.0.19041.1806)

CPU:total 16 (16 cores per cpu, 1 threads per core) family 25 model 80 stepping 0, cmov, cx8, fxsr, mmx, sse, sse2, sse3, ssse3, sse4.1, sse4.2, popcnt, avx, avx2, aes, clmul, erms, mmxext, 3dnowpref, lzcnt, sse4a, tsc, tscinvbit, tscinv, bmi1

Memory: 4k page, physical 33402940k(15390792k free), swap 41005116k(11132244k free)

vm_info: Java HotSpot(TM) 64-Bit Server VM (25.51-b03) for windows-amd64 JRE (1.8.0_51-b16), built on Jun  8 2015 18:03:07 by "java_re" with MS VC++ 10.0 (VS2010)

time: Tue Apr 18 14:00:46 2023
elapsed time: 3214 seconds (0d 0h 53m 34s)

