#
# A fatal error has been detected by the Java Runtime Environment:
#
#  EXCEPTION_ACCESS_VIOLATION (0xc0000005) at pc=0x00007ffd7b4a3716, pid=32972, tid=31844
#
# JRE version: Java(TM) SE Runtime Environment (8.0_51-b16) (build 1.8.0_51-b16)
# Java VM: Java HotSpot(TM) 64-Bit Server VM (25.51-b03 mixed mode windows-amd64 compressed oops)
# Problematic frame:
# C  [PhysXJniBindings_64.dll+0x53716]
#
# Failed to write core dump. Minidumps are not enabled by default on client versions of Windows
#
# If you would like to submit a bug report, please visit:
#   http://bugreport.java.com/bugreport/crash.jsp
# The crash happened outside the Java Virtual Machine in native code.
# See problematic frame for where to report the bug.
#

---------------  T H R E A D  ---------------

Current thread (0x0000000003464000):  JavaThread "Render thread" [_thread_in_native, id=31844, stack(0x0000000003360000,0x0000000003460000)]

siginfo: ExceptionCode=0xc0000005, reading address 0x0000000000000000

Registers:
RAX=0x0000000000000000, RBX=0x0000000000000018, RCX=0x0000000000000000, RDX=0x0000000000000000
RSP=0x000000000345dd30, RBP=0x000000000345dde0, RSI=0x0000000000000003, RDI=0x0000000000000000
R8 =0x0000000000000003, R9 =0x000000002453b330, R10=0x00000000035757c8, R11=0x00000000525e7bb0
R12=0x0000000000000000, R13=0x0000000042a68a78, R14=0x000000000345de00, R15=0x0000000003464000
RIP=0x00007ffd7b4a3716, EFLAGS=0x0000000000010206

Top of Stack: (sp=0x000000000345dd30)
0x000000000345dd30:   00000000c11cf5c3 0000000003575d20
0x000000000345dd40:   000000000345ddb8 0000000003567800
0x000000000345dd50:   0000001dd2f6c226 0000000003567800
0x000000000345dd60:   0000000003567ced 00000000035757f4
0x000000000345dd70:   0000000042a68a78 00000000f80bd96d
0x000000000345dd80:   00000000cbc53246 000000000345dd88
0x000000000345dd90:   0000000000000000 000000000345de00
0x000000000345dda0:   000000000345dda0 0000000000000000
0x000000000345ddb0:   000000000345de00 0000000042a6f740
0x000000000345ddc0:   0000000000000000 0000000042a68a78
0x000000000345ddd0:   0000000000000000 000000000345de00
0x000000000345dde0:   000000000345de48 0000000003567800
0x000000000345ddf0:   000000069791bc50 000000000356f977
0x000000000345de00:   0000000000000003 000000000345de08
0x000000000345de10:   0000000042a689d1 000000000345de58
0x000000000345de20:   0000000042a6f740 0000000000000000 

Instructions: (pc=0x00007ffd7b4a3716)
0x00007ffd7b4a36f6:   89 74 24 10 57 48 83 ec 30 48 8b fa 8b f1 ff 15
0x00007ffd7b4a3706:   86 3c 19 00 48 8b d8 ff 15 35 3c 19 00 48 8b c8
0x00007ffd7b4a3716:   4c 8b 00 41 ff 50 28 84 c0 75 09 48 8d 05 a0 5e
0x00007ffd7b4a3726:   12 00 eb 13 48 8d 15 8f 3f 19 00 48 8d 0d 20 2d 


Register to memory mapping:

RAX=0x0000000000000000 is an unknown value
RBX=0x0000000000000018 is an unknown value
RCX=0x0000000000000000 is an unknown value
RDX=0x0000000000000000 is an unknown value
RSP=0x000000000345dd30 is pointing into the stack for thread: 0x0000000003464000
RBP=0x000000000345dde0 is pointing into the stack for thread: 0x0000000003464000
RSI=0x0000000000000003 is an unknown value
RDI=0x0000000000000000 is an unknown value
R8 =0x0000000000000003 is an unknown value
R9 =0x000000002453b330 is an unknown value
R10=0x00000000035757c8 is at code_begin+840 in an Interpreter codelet
method entry point (kind = native)  [0x0000000003575480, 0x0000000003575de0]  2400 bytes
R11=0x00000000525e7bb0 is an unknown value
R12=0x0000000000000000 is an unknown value
R13={method} {0x0000000042a68a80} '_DefaultCpuDispatcherCreate' '(I)J' in 'physx/PxTopLevelFunctions'
R14=0x000000000345de00 is pointing into the stack for thread: 0x0000000003464000
R15=0x0000000003464000 is a thread


Stack: [0x0000000003360000,0x0000000003460000],  sp=0x000000000345dd30,  free space=1015k
Native frames: (J=compiled Java code, j=interpreted, Vv=VM code, C=native code)
C  [PhysXJniBindings_64.dll+0x53716]
C  0x00000000035757f4

Java frames: (J=compiled Java code, j=interpreted, Vv=VM code)
j  physx.PxTopLevelFunctions._DefaultCpuDispatcherCreate(I)J+0
j  physx.PxTopLevelFunctions.DefaultCpuDispatcherCreate(I)Lphysx/extensions/PxDefaultCpuDispatcher;+1
j  net.diebuddies.physics.DynamicsWorld.<init>(Lnet/minecraft/world/World;F)V+211
j  net.diebuddies.physics.PhysicsWorld.<init>(Lnet/minecraft/world/World;)V+83
j  net.diebuddies.physics.PhysicsMod.<init>(Lnet/minecraft/world/World;)V+180
j  net.diebuddies.physics.PhysicsMod.getInstance(Lnet/minecraft/world/World;)Lnet/diebuddies/physics/PhysicsMod;+22
j  net.minecraft.client.renderer.WorldRenderer.handler$bii000$renderChunkLayerSolid(Lnet/minecraft/client/renderer/RenderType;Lcom/mojang/blaze3d/matrix/MatrixStack;DDDLorg/spongepowered/asm/mixin/injection/callback/CallbackInfo;)V+226
J 61619 C2 net.minecraft.client.renderer.WorldRenderer.func_228441_a_(Lnet/minecraft/client/renderer/RenderType;Lcom/mojang/blaze3d/matrix/MatrixStack;DDD)V (186 bytes) @ 0x000000000df35dec [0x000000000df350a0+0xd4c]
J 69481 C2 net.minecraft.client.renderer.WorldRenderer.func_228426_a_(Lcom/mojang/blaze3d/matrix/MatrixStack;FJZLnet/minecraft/client/renderer/ActiveRenderInfo;Lnet/minecraft/client/renderer/GameRenderer;Lnet/minecraft/client/renderer/LightTexture;Lnet/minecraft/util/math/vector/Matrix4f;)V (4068 bytes) @ 0x000000000e7aceb8 [0x000000000e7ab320+0x1b98]
J 69560 C2 net.minecraft.client.renderer.GameRenderer.func_228378_a_(FJLcom/mojang/blaze3d/matrix/MatrixStack;)V (707 bytes) @ 0x000000000e8156e4 [0x000000000e814040+0x16a4]
j  net.minecraft.client.renderer.GameRenderer.func_195458_a(FJZ)V+250
J 69075 C2 net.minecraft.client.Minecraft.func_195542_b(Z)V (1013 bytes) @ 0x000000000bd2f5f8 [0x000000000bd2dda0+0x1858]
j  net.minecraft.client.Minecraft.handler$ccm000$unloadWorldScreenshot(Lnet/minecraft/client/gui/screen/Screen;Lorg/spongepowered/asm/mixin/injection/callback/CallbackInfo;)V+21
j  net.minecraft.client.Minecraft.func_213231_b(Lnet/minecraft/client/gui/screen/Screen;)V+49
j  net.minecraft.client.Minecraft.func_213254_o()V+8
j  net.minecraft.client.Minecraft.func_71405_e()V+66
j  net.minecraft.client.main.Main.main([Ljava/lang/String;)V+1445
v  ~StubRoutines::call_stub
j  sun.reflect.NativeMethodAccessorImpl.invoke0(Ljava/lang/reflect/Method;Ljava/lang/Object;[Ljava/lang/Object;)Ljava/lang/Object;+0
j  sun.reflect.NativeMethodAccessorImpl.invoke(Ljava/lang/Object;[Ljava/lang/Object;)Ljava/lang/Object;+100
J 2393 C1 sun.reflect.DelegatingMethodAccessorImpl.invoke(Ljava/lang/Object;[Ljava/lang/Object;)Ljava/lang/Object; (10 bytes) @ 0x0000000003e9974c [0x0000000003e99640+0x10c]
J 2392 C1 java.lang.reflect.Method.invoke(Ljava/lang/Object;[Ljava/lang/Object;)Ljava/lang/Object; (62 bytes) @ 0x0000000003e9916c [0x0000000003e98d80+0x3ec]
j  net.minecraftforge.fml.loading.FMLClientLaunchProvider.lambda$launchService$0(Lcpw/mods/modlauncher/api/ITransformingClassLoader;[Ljava/lang/String;)Ljava/lang/Void;+50
j  net.minecraftforge.fml.loading.FMLClientLaunchProvider$$Lambda$502.call()Ljava/lang/Object;+12
j  cpw.mods.modlauncher.LaunchServiceHandlerDecorator.launch([Ljava/lang/String;Lcpw/mods/modlauncher/api/ITransformingClassLoader;)V+11
j  cpw.mods.modlauncher.LaunchServiceHandler.launch(Ljava/lang/String;[Ljava/lang/String;Lcpw/mods/modlauncher/TransformingClassLoader;Lcpw/mods/modlauncher/LaunchPluginHandler;)V+57
j  cpw.mods.modlauncher.LaunchServiceHandler.launch(Lcpw/mods/modlauncher/ArgumentHandler;Lcpw/mods/modlauncher/TransformingClassLoader;Lcpw/mods/modlauncher/LaunchPluginHandler;)V+19
j  cpw.mods.modlauncher.Launcher.run([Ljava/lang/String;)V+116
j  cpw.mods.modlauncher.Launcher.main([Ljava/lang/String;)V+37
v  ~StubRoutines::call_stub

---------------  P R O C E S S  ---------------

Java Threads: ( => current thread )
  0x00000000c02b2800 JavaThread "Worker-Main-53" daemon [_thread_blocked, id=16772, stack(0x0000000067270000,0x0000000067370000)]
  0x00000000c029d800 JavaThread "Worker-Main-52" daemon [_thread_blocked, id=19424, stack(0x0000000040c30000,0x0000000040d30000)]
  0x00000000c029a800 JavaThread "IO-Worker-51" [_thread_blocked, id=2588, stack(0x0000000052e60000,0x0000000052f60000)]
  0x0000000076dbb000 JavaThread "Worker-Main-50" daemon [_thread_blocked, id=2548, stack(0x0000000067070000,0x0000000067170000)]
  0x0000000076dc1000 JavaThread "Worker-Main-49" daemon [_thread_blocked, id=32360, stack(0x00000000591c0000,0x00000000592c0000)]
  0x0000000076dba800 JavaThread "Worker-Main-48" daemon [_thread_blocked, id=15064, stack(0x0000000040620000,0x0000000040720000)]
  0x0000000076daa000 JavaThread "ForkJoinPool.commonPool-worker-1" daemon [_thread_blocked, id=32980, stack(0x0000000040a30000,0x0000000040b30000)]
  0x00000000c02a2800 JavaThread "ForkJoinPool.commonPool-worker-7" daemon [_thread_blocked, id=10936, stack(0x0000000058a40000,0x0000000058b40000)]
  0x0000000076db8000 JavaThread "IO-Worker-37" [_thread_blocked, id=4028, stack(0x0000000068000000,0x0000000068100000)]
  0x0000000076db7800 JavaThread "Chunk Render Task Executor #9" [_thread_blocked, id=28160, stack(0x000000003d990000,0x000000003da90000)]
  0x0000000076db6800 JavaThread "Chunk Render Task Executor #8" [_thread_blocked, id=27500, stack(0x000000003d890000,0x000000003d990000)]
  0x0000000076da9000 JavaThread "Chunk Render Task Executor #7" [_thread_blocked, id=4888, stack(0x000000003d790000,0x000000003d890000)]
  0x0000000076db0000 JavaThread "Chunk Render Task Executor #6" [_thread_blocked, id=26488, stack(0x000000003d690000,0x000000003d790000)]
  0x0000000076da5000 JavaThread "Chunk Render Task Executor #5" [_thread_blocked, id=14984, stack(0x000000003d590000,0x000000003d690000)]
  0x00000000319b1000 JavaThread "Chunk Render Task Executor #4" [_thread_blocked, id=9484, stack(0x000000003d490000,0x000000003d590000)]
  0x00000000319b5800 JavaThread "Chunk Render Task Executor #3" [_thread_blocked, id=14556, stack(0x000000003d390000,0x000000003d490000)]
  0x00000000319b7800 JavaThread "Chunk Render Task Executor #2" [_thread_blocked, id=7144, stack(0x000000003d290000,0x000000003d390000)]
  0x00000000319ab800 JavaThread "Chunk Render Task Executor #1" [_thread_blocked, id=23124, stack(0x000000003d190000,0x000000003d290000)]
  0x00000000319ac800 JavaThread "Chunk Render Task Executor #0" [_thread_blocked, id=5128, stack(0x000000003d090000,0x000000003d190000)]
  0x00000000c02a8800 JavaThread "ForkJoinPool.commonPool-worker-12" daemon [_thread_blocked, id=2492, stack(0x0000000056300000,0x0000000056400000)]
  0x00000000c02a3800 JavaThread "ForkJoinPool.commonPool-worker-3" daemon [_thread_blocked, id=30196, stack(0x0000000040330000,0x0000000040430000)]
  0x0000000076da3800 JavaThread "ForkJoinPool.commonPool-worker-9" daemon [_thread_blocked, id=18404, stack(0x0000000040b30000,0x0000000040c30000)]
  0x0000000074cf2800 JavaThread "Netty Server IO #2" daemon [_thread_in_native, id=17416, stack(0x00000000264c0000,0x00000000265c0000)]
  0x0000000076dbd800 JavaThread "IO-Worker-27" [_thread_blocked, id=20776, stack(0x000000002f020000,0x000000002f120000)]
  0x0000000074cff000 JavaThread "pool-14-thread-1" [_thread_blocked, id=18924, stack(0x00000000c6f30000,0x00000000c7030000)]
  0x00000000c02ab000 JavaThread "Worker-Main-26" daemon [_thread_blocked, id=19776, stack(0x00000001247c0000,0x00000001248c0000)]
  0x00000000c02a9800 JavaThread "ForkJoinPool.commonPool-worker-0" daemon [_thread_blocked, id=11632, stack(0x00000000cb940000,0x00000000cba40000)]
  0x00000000c02ae800 JavaThread "ForkJoinPool.commonPool-worker-5" daemon [_thread_blocked, id=20132, stack(0x00000000cb840000,0x00000000cb940000)]
  0x00000000c02a2000 JavaThread "ForkJoinPool.commonPool-worker-14" daemon [_thread_blocked, id=30988, stack(0x00000000cb740000,0x00000000cb840000)]
  0x00000000c02a6800 JavaThread "ForkJoinPool.commonPool-worker-10" daemon [_thread_blocked, id=33256, stack(0x0000000060f30000,0x0000000061030000)]
  0x00000000c02a8000 JavaThread "ForkJoinPool.commonPool-worker-8" daemon [_thread_blocked, id=18032, stack(0x0000000058e40000,0x0000000058f40000)]
  0x00000000c02a7000 JavaThread "ForkJoinPool.commonPool-worker-15" daemon [_thread_blocked, id=33192, stack(0x0000000058d40000,0x0000000058e40000)]
  0x00000000c02a0800 JavaThread "ForkJoinPool.commonPool-worker-6" daemon [_thread_blocked, id=31656, stack(0x0000000058c40000,0x0000000058d40000)]
  0x00000000c029f800 JavaThread "ForkJoinPool.commonPool-worker-13" daemon [_thread_blocked, id=27452, stack(0x0000000058b40000,0x0000000058c40000)]
  0x00000000c02a1000 JavaThread "ForkJoinPool.commonPool-worker-11" daemon [_thread_blocked, id=16032, stack(0x0000000058940000,0x0000000058a40000)]
  0x00000000c02a5000 JavaThread "ForkJoinPool.commonPool-worker-2" daemon [_thread_blocked, id=12436, stack(0x00000000585a0000,0x00000000586a0000)]
  0x0000000074d0d000 JavaThread "Litematica Chunk Batcher 15" daemon [_thread_blocked, id=31848, stack(0x00000000c8f00000,0x00000000c9000000)]
  0x0000000074d0c800 JavaThread "Litematica Chunk Batcher 14" daemon [_thread_blocked, id=7876, stack(0x00000000c8e00000,0x00000000c8f00000)]
  0x0000000074d0b800 JavaThread "Litematica Chunk Batcher 13" daemon [_thread_blocked, id=21148, stack(0x00000000c8d00000,0x00000000c8e00000)]
  0x0000000074d0b000 JavaThread "Litematica Chunk Batcher 12" daemon [_thread_blocked, id=22972, stack(0x00000000c8c00000,0x00000000c8d00000)]
  0x0000000074d07000 JavaThread "Litematica Chunk Batcher 11" daemon [_thread_blocked, id=3636, stack(0x00000000c8b00000,0x00000000c8c00000)]
  0x0000000074d03800 JavaThread "Litematica Chunk Batcher 10" daemon [_thread_blocked, id=18276, stack(0x00000000c8a00000,0x00000000c8b00000)]
  0x0000000074d08000 JavaThread "Litematica Chunk Batcher 9" daemon [_thread_blocked, id=32452, stack(0x00000000c8900000,0x00000000c8a00000)]
  0x0000000074d05800 JavaThread "Litematica Chunk Batcher 8" daemon [_thread_blocked, id=30540, stack(0x00000000c8800000,0x00000000c8900000)]
  0x0000000074d0a000 JavaThread "Litematica Chunk Batcher 7" daemon [_thread_blocked, id=21368, stack(0x00000000c8700000,0x00000000c8800000)]
  0x0000000074d02800 JavaThread "Litematica Chunk Batcher 6" daemon [_thread_blocked, id=26856, stack(0x00000000c8600000,0x00000000c8700000)]
  0x0000000074d04000 JavaThread "Litematica Chunk Batcher 5" daemon [_thread_blocked, id=1572, stack(0x00000000c8500000,0x00000000c8600000)]
  0x0000000074d09800 JavaThread "Litematica Chunk Batcher 4" daemon [_thread_blocked, id=28228, stack(0x00000000c8400000,0x00000000c8500000)]
  0x0000000074d05000 JavaThread "Litematica Chunk Batcher 3" daemon [_thread_blocked, id=19484, stack(0x00000000c8300000,0x00000000c8400000)]
  0x0000000074cfb000 JavaThread "Litematica Chunk Batcher 2" daemon [_thread_blocked, id=25920, stack(0x00000000c8200000,0x00000000c8300000)]
  0x0000000074d02000 JavaThread "Litematica Chunk Batcher 1" daemon [_thread_blocked, id=11120, stack(0x00000000c6d30000,0x00000000c6e30000)]
  0x0000000074d01000 JavaThread "Litematica Chunk Batcher 0" daemon [_thread_blocked, id=17932, stack(0x00000000c5a00000,0x00000000c5b00000)]
  0x0000000074cf7000 JavaThread "Sound engine" daemon [_thread_blocked, id=20724, stack(0x00000000959c0000,0x0000000095ac0000)]
  0x0000000046098800 JavaThread "Netty Server IO #1" daemon [_thread_in_native, id=24356, stack(0x0000000060e30000,0x0000000060f30000)]
  0x0000000036cba000 JavaThread "Netty Local Client IO #0" daemon [_thread_blocked, id=1380, stack(0x000000005bf00000,0x000000005c000000)]
  0x0000000036cb7800 JavaThread "Netty Server IO #0" daemon [_thread_in_native, id=14544, stack(0x00000000408f0000,0x00000000409f0000)]
  0x0000000036cbd800 JavaThread "ObjectCleanerThread" daemon [_thread_blocked, id=15972, stack(0x0000000026e50000,0x0000000026f50000)]
  0x0000000074c03000 JavaThread "Thread-68" daemon [_thread_in_native, id=20788, stack(0x0000000093910000,0x0000000093a10000)]
  0x0000000074c09800 JavaThread "Server thread" [_thread_in_Java, id=180, stack(0x00000000934a0000,0x00000000935a0000)]
  0x0000000074c07800 JavaThread "Snooper Timer" daemon [_thread_blocked, id=12328, stack(0x0000000044720000,0x0000000044820000)]
  0x0000000074c00000 JavaThread "TF-Scheduler" [_thread_blocked, id=31840, stack(0x0000000040230000,0x0000000040330000)]
  0x0000000035819000 JavaThread "spark-worker-pool-1-thread-4" daemon [_thread_blocked, id=30100, stack(0x0000000044620000,0x0000000044720000)]
  0x0000000035820000 JavaThread "lava-daemon-pool-playback-4-thread-1" daemon [_thread_blocked, id=22936, stack(0x0000000044520000,0x0000000044620000)]
  0x0000000036cbd000 JavaThread "spark-worker-pool-1-thread-3" daemon [_thread_blocked, id=13676, stack(0x00000000648d0000,0x00000000649d0000)]
  0x0000000036cb4000 JavaThread "Thread-62" daemon [_thread_blocked, id=23504, stack(0x00000000643f0000,0x00000000644f0000)]
  0x0000000036cb2800 JavaThread "Thread-61" daemon [_thread_blocked, id=20040, stack(0x00000000642f0000,0x00000000643f0000)]
  0x0000000036cb7000 JavaThread "spark-worker-pool-1-thread-2" daemon [_thread_blocked, id=4148, stack(0x00000000738b0000,0x00000000739b0000)]
  0x0000000036cb3000 JavaThread "spark-worker-pool-1-thread-1" daemon [_thread_blocked, id=4852, stack(0x00000000730b0000,0x00000000731b0000)]
  0x0000000036cb6000 JavaThread "spark-monitor" daemon [_thread_blocked, id=20816, stack(0x0000000025fc0000,0x00000000260c0000)]
  0x0000000036cb5800 JavaThread "pool-5-thread-1" [_thread_blocked, id=25312, stack(0x0000000072db0000,0x0000000072eb0000)]
  0x0000000036cb1800 JavaThread "Thread-57" daemon [_thread_in_native, id=32752, stack(0x0000000071f10000,0x0000000072010000)]
  0x000000004609d000 JavaThread "Thread-56" daemon [_thread_in_native, id=32872, stack(0x000000006e270000,0x000000006e370000)]
  0x00000000319ae800 JavaThread "Java2D Disposer" daemon [_thread_blocked, id=20268, stack(0x000000006e170000,0x000000006e270000)]
  0x00000000319b1800 JavaThread "Thread-54" daemon [_thread_in_native, id=8352, stack(0x000000006d000000,0x000000006d100000)]
  0x000000003581b800 JavaThread "Thread-53" daemon [_thread_in_native, id=20496, stack(0x000000006cd00000,0x000000006ce00000)]
  0x0000000046099800 JavaThread "Thread-52" daemon [_thread_in_native, id=14112, stack(0x000000005d0c0000,0x000000005d1c0000)]
  0x000000004609e000 JavaThread "Thread-51" daemon [_thread_in_native, id=25984, stack(0x0000000056c40000,0x0000000056d40000)]
  0x000000004609c800 JavaThread "Thread-50" daemon [_thread_in_native, id=10676, stack(0x0000000056a00000,0x0000000056b00000)]
  0x0000000046097000 JavaThread "Config Lib config file watcher" daemon [_thread_blocked, id=12908, stack(0x000000004f850000,0x000000004f950000)]
  0x0000000046095800 JavaThread "Thread-47" daemon [_thread_in_native, id=6012, stack(0x000000004f750000,0x000000004f850000)]
  0x0000000035810800 JavaThread "pool-4-thread-16" [_thread_blocked, id=10848, stack(0x000000004e850000,0x000000004e950000)]
  0x000000003580f000 JavaThread "pool-4-thread-15" [_thread_blocked, id=28264, stack(0x000000004e750000,0x000000004e850000)]
  0x0000000035813800 JavaThread "pool-4-thread-14" [_thread_blocked, id=9788, stack(0x000000004e2e0000,0x000000004e3e0000)]
  0x000000003580c800 JavaThread "pool-4-thread-13" [_thread_blocked, id=18124, stack(0x000000004e650000,0x000000004e750000)]
  0x0000000035809000 JavaThread "pool-4-thread-12" [_thread_blocked, id=29972, stack(0x000000004dde0000,0x000000004dee0000)]
  0x0000000035806000 JavaThread "Thread-45" daemon [_thread_in_native, id=21104, stack(0x000000004dae0000,0x000000004dbe0000)]
  0x000000003580a800 JavaThread "pool-4-thread-11" [_thread_blocked, id=14996, stack(0x000000004d9e0000,0x000000004dae0000)]
  0x0000000035808000 JavaThread "Thread-44" daemon [_thread_in_native, id=2368, stack(0x000000004d8e0000,0x000000004d9e0000)]
  0x000000003580b000 JavaThread "pool-4-thread-10" [_thread_blocked, id=16404, stack(0x000000004d7e0000,0x000000004d8e0000)]
  0x0000000035805000 JavaThread "Thread-43" daemon [_thread_in_native, id=18384, stack(0x000000004d6e0000,0x000000004d7e0000)]
  0x0000000035806800 JavaThread "Thread-42" daemon [_thread_in_native, id=28632, stack(0x000000004d5e0000,0x000000004d6e0000)]
  0x00000000319b9000 JavaThread "Thread-41" daemon [_thread_in_native, id=18892, stack(0x000000004d310000,0x000000004d410000)]
  0x00000000384ec800 JavaThread "Thread-40" daemon [_thread_in_native, id=2116, stack(0x0000000049170000,0x0000000049270000)]
  0x00000000384eb800 JavaThread "Thread-39" daemon [_thread_in_native, id=9904, stack(0x000000004d090000,0x000000004d190000)]
  0x00000000384f2800 JavaThread "pool-4-thread-9" [_thread_blocked, id=23488, stack(0x000000004d4e0000,0x000000004d5e0000)]
  0x00000000384eb000 JavaThread "Thread-38" daemon [_thread_in_native, id=8632, stack(0x000000004d210000,0x000000004d310000)]
  0x00000000384f1800 JavaThread "Thread-37" daemon [_thread_in_native, id=30144, stack(0x000000004cd90000,0x000000004ce90000)]
  0x00000000384f1000 JavaThread "Thread-36" daemon [_thread_in_native, id=30984, stack(0x000000004cc90000,0x000000004cd90000)]
  0x00000000384f0000 JavaThread "Thread-35" daemon [_thread_in_native, id=26180, stack(0x000000004cb90000,0x000000004cc90000)]
  0x00000000384ee000 JavaThread "pool-4-thread-8" [_thread_blocked, id=31052, stack(0x000000004c890000,0x000000004c990000)]
  0x00000000384ef800 JavaThread "Thread-34" daemon [_thread_in_native, id=31284, stack(0x000000004bab0000,0x000000004bbb0000)]
  0x00000000384ed000 JavaThread "Thread-33" daemon [_thread_in_native, id=7752, stack(0x000000004c790000,0x000000004c890000)]
  0x00000000384ee800 JavaThread "pool-4-thread-7" [_thread_blocked, id=11584, stack(0x000000004c690000,0x000000004c790000)]
  0x00000000384e4000 JavaThread "pool-4-thread-6" [_thread_blocked, id=18100, stack(0x000000004c590000,0x000000004c690000)]
  0x00000000384e6800 JavaThread "pool-4-thread-5" [_thread_blocked, id=18240, stack(0x000000004c490000,0x000000004c590000)]
  0x00000000384e8800 JavaThread "Thread-32" daemon [_thread_in_native, id=14328, stack(0x000000004b020000,0x000000004b120000)]
  0x00000000384e8000 JavaThread "pool-4-thread-4" [_thread_blocked, id=29816, stack(0x0000000044340000,0x0000000044440000)]
  0x00000000384e5800 JavaThread "Thread-30" daemon [_thread_in_native, id=8804, stack(0x0000000048dc0000,0x0000000048ec0000)]
  0x00000000384e5000 JavaThread "pool-4-thread-3" [_thread_blocked, id=10444, stack(0x000000004b5b0000,0x000000004b6b0000)]
  0x00000000384e7000 JavaThread "pool-4-thread-2" [_thread_blocked, id=30944, stack(0x000000004b170000,0x000000004b270000)]
  0x00000000384e9800 JavaThread "pool-4-thread-1" [_thread_blocked, id=2440, stack(0x000000004af20000,0x000000004b020000)]
  0x00000000319b7000 JavaThread "Thread-29" daemon [_thread_in_native, id=2108, stack(0x0000000048cc0000,0x0000000048dc0000)]
  0x0000000024943800 JavaThread "Thread-28" daemon [_thread_in_native, id=6568, stack(0x0000000049610000,0x0000000049710000)]
  0x0000000035828000 JavaThread "Thread-27" daemon [_thread_blocked, id=18808, stack(0x0000000049510000,0x0000000049610000)]
  0x0000000035827800 JavaThread "Java Sound Event Dispatcher" daemon [_thread_blocked, id=27308, stack(0x0000000049310000,0x0000000049410000)]
  0x0000000035825000 JavaThread "Thread-25" daemon [_thread_blocked, id=19172, stack(0x0000000044b20000,0x0000000044c20000)]
  0x000000003581d000 JavaThread "lava-daemon-pool-info-loader-5-thread-8" daemon [_thread_blocked, id=10396, stack(0x0000000044820000,0x0000000044920000)]
  0x000000003581d800 JavaThread "LavaPlayer Audio Thread" daemon [_thread_blocked, id=24260, stack(0x0000000042780000,0x0000000042880000)]
  0x000000003581a800 JavaThread "lava-daemon-pool-manager-6-thread-1" daemon [_thread_blocked, id=26476, stack(0x0000000041430000,0x0000000041530000)]
  0x000000003581f000 JavaThread "LavaPlayer Audio Thread" daemon [_thread_blocked, id=26536, stack(0x0000000042240000,0x0000000042340000)]
  0x0000000024944800 JavaThread "Thread-24" daemon [_thread_in_native, id=12988, stack(0x0000000041a30000,0x0000000041b30000)]
  0x00000000319b6000 JavaThread "lava-daemon-pool-manager-3-thread-1" daemon [_thread_blocked, id=1760, stack(0x0000000041730000,0x0000000041830000)]
  0x0000000024943000 JavaThread "Snooper Timer" daemon [_thread_blocked, id=8196, stack(0x000000002da60000,0x000000002db60000)]
  0x0000000024941800 JavaThread "Timer hack thread" daemon [_thread_blocked, id=16900, stack(0x000000002d6d0000,0x000000002d7d0000)]
  0x0000000024936000 JavaThread "Thread-20" daemon [_thread_in_native, id=20152, stack(0x000000003a100000,0x000000003a200000)]
  0x000000002493d000 JavaThread "Thread-19" daemon [_thread_in_native, id=25780, stack(0x000000003a000000,0x000000003a100000)]
  0x0000000024935000 JavaThread "Thread-18" daemon [_thread_in_native, id=16732, stack(0x0000000039f00000,0x000000003a000000)]
  0x000000002493c000 JavaThread "Thread-17" daemon [_thread_in_native, id=22988, stack(0x0000000039e00000,0x0000000039f00000)]
  0x0000000024939000 JavaThread "Thread-16" daemon [_thread_in_native, id=23384, stack(0x0000000039d00000,0x0000000039e00000)]
  0x000000002493a000 JavaThread "Thread-15" daemon [_thread_in_native, id=1228, stack(0x0000000039c00000,0x0000000039d00000)]
  0x000000002493b800 JavaThread "Thread-14" daemon [_thread_in_native, id=18712, stack(0x0000000039b00000,0x0000000039c00000)]
  0x0000000024938800 JavaThread "Thread-13" daemon [_thread_in_native, id=11360, stack(0x0000000039a00000,0x0000000039b00000)]
  0x000000002493a800 JavaThread "Thread-12" daemon [_thread_in_native, id=24492, stack(0x0000000039900000,0x0000000039a00000)]
  0x0000000024937800 JavaThread "Thread-11" daemon [_thread_in_native, id=31644, stack(0x0000000039800000,0x0000000039900000)]
  0x0000000024936800 JavaThread "Thread-10" daemon [_thread_in_native, id=15784, stack(0x0000000039700000,0x0000000039800000)]
  0x0000000021455800 JavaThread "Thread-9" daemon [_thread_in_native, id=20364, stack(0x0000000039600000,0x0000000039700000)]
  0x0000000037c4a800 JavaThread "Thread-8" daemon [_thread_in_native, id=4108, stack(0x0000000039500000,0x0000000039600000)]
  0x0000000024c2d800 JavaThread "Thread-7" daemon [_thread_in_native, id=1652, stack(0x0000000039400000,0x0000000039500000)]
  0x000000003520b800 JavaThread "Thread-6" daemon [_thread_in_native, id=30524, stack(0x0000000039300000,0x0000000039400000)]
  0x0000000037e0d800 JavaThread "Thread-5" daemon [_thread_in_native, id=32516, stack(0x0000000039200000,0x0000000039300000)]
  0x0000000032c9d800 JavaThread "Thread-4" daemon [_thread_in_native, id=31240, stack(0x000000002e230000,0x000000002e330000)]
  0x0000000024d07000 JavaThread "Thread-2" daemon [_thread_in_native, id=2416, stack(0x00000000263c0000,0x00000000264c0000)]
  0x0000000024d06800 JavaThread "Thread-1" daemon [_thread_blocked, id=30612, stack(0x00000000262c0000,0x00000000263c0000)]
  0x0000000021502000 JavaThread "Service Thread" daemon [_thread_blocked, id=15616, stack(0x0000000023cb0000,0x0000000023db0000)]
  0x0000000021458000 JavaThread "C1 CompilerThread11" daemon [_thread_blocked, id=30212, stack(0x0000000023bb0000,0x0000000023cb0000)]
  0x0000000021457000 JavaThread "C1 CompilerThread10" daemon [_thread_blocked, id=280, stack(0x0000000023ab0000,0x0000000023bb0000)]
  0x0000000021458800 JavaThread "C1 CompilerThread9" daemon [_thread_blocked, id=30012, stack(0x00000000239b0000,0x0000000023ab0000)]
  0x0000000021455000 JavaThread "C1 CompilerThread8" daemon [_thread_blocked, id=8572, stack(0x00000000237b0000,0x00000000238b0000)]
  0x0000000021456800 JavaThread "C2 CompilerThread7" daemon [_thread_blocked, id=4052, stack(0x00000000236b0000,0x00000000237b0000)]
  0x0000000021454000 JavaThread "C2 CompilerThread6" daemon [_thread_blocked, id=18496, stack(0x00000000235b0000,0x00000000236b0000)]
  0x0000000021452000 JavaThread "C2 CompilerThread5" daemon [_thread_blocked, id=33612, stack(0x00000000234b0000,0x00000000235b0000)]
  0x0000000021444800 JavaThread "C2 CompilerThread4" daemon [_thread_blocked, id=20220, stack(0x00000000233b0000,0x00000000234b0000)]
  0x000000002143c000 JavaThread "C2 CompilerThread3" daemon [_thread_blocked, id=22308, stack(0x00000000232b0000,0x00000000233b0000)]
  0x0000000021438800 JavaThread "C2 CompilerThread2" daemon [_thread_blocked, id=26924, stack(0x00000000231b0000,0x00000000232b0000)]
  0x0000000021434800 JavaThread "C2 CompilerThread1" daemon [_thread_blocked, id=10728, stack(0x00000000230b0000,0x00000000231b0000)]
  0x0000000021433000 JavaThread "C2 CompilerThread0" daemon [_thread_blocked, id=7588, stack(0x0000000022fb0000,0x00000000230b0000)]
  0x000000002142e800 JavaThread "Attach Listener" daemon [_thread_blocked, id=19744, stack(0x0000000022eb0000,0x0000000022fb0000)]
  0x000000002142a800 JavaThread "Signal Dispatcher" daemon [_thread_blocked, id=27780, stack(0x0000000022db0000,0x0000000022eb0000)]
  0x000000001f9a3800 JavaThread "Finalizer" daemon [_thread_blocked, id=23692, stack(0x0000000022cb0000,0x0000000022db0000)]
  0x000000001f99b000 JavaThread "Reference Handler" daemon [_thread_blocked, id=13356, stack(0x0000000022bb0000,0x0000000022cb0000)]
=>0x0000000003464000 JavaThread "Render thread" [_thread_in_native, id=31844, stack(0x0000000003360000,0x0000000003460000)]

Other Threads:
  0x00000000213f4000 VMThread [stack: 0x0000000022ab0000,0x0000000022bb0000] [id=2068]
  0x0000000021509000 WatcherThread [stack: 0x0000000023db0000,0x0000000023eb0000] [id=14216]

VM state:not at safepoint (normal execution)

VM Mutex/Monitor currently owned by a thread: None

Heap:
 PSYoungGen      total 1668608K, used 117414K [0x0000000756000000, 0x00000007bfc00000, 0x00000007c0000000)
  eden space 1605632K, 5% used [0x0000000756000000,0x000000075af60bc0,0x00000007b8000000)
  from space 62976K, 57% used [0x00000007b8000000,0x00000007ba348c48,0x00000007bbd80000)
  to   space 61440K, 0% used [0x00000007bc000000,0x00000007bc000000,0x00000007bfc00000)
 ParOldGen       total 3473408K, used 2767175K [0x0000000682000000, 0x0000000756000000, 0x0000000756000000)
  object space 3473408K, 79% used [0x0000000682000000,0x000000072ae51db8,0x0000000756000000)
 Metaspace       used 281949K, capacity 326864K, committed 327152K, reserved 1316864K
  class space    used 47713K, capacity 58861K, committed 58928K, reserved 1048576K

Card table byte_map: [0x0000000012920000,0x0000000013320000] byte_map_base: 0x000000000f510000

Marking Bits: (ParMarkBitMap*) 0x0000000052bc4040
 Begin Bits: [0x00000000146c0000, 0x0000000019640000)
 End Bits:   [0x0000000019640000, 0x000000001e5c0000)

Polling page: 0x0000000000fd0000

CodeCache: size=245760Kb used=182468Kb max_used=183269Kb free=63291Kb
 bounds [0x0000000003560000, 0x000000000e9a0000, 0x0000000012560000]
 total_blobs=49228 nmethods=46418 adapters=2706
 compilation: enabled

Compilation events (10 events):
Event: 1279.353 Thread 0x0000000021455000 71300       1       com.alc.moreminecarts.blocks.holographic_rails.ProjectorRail::func_176560_l (4 bytes)
Event: 1279.353 Thread 0x0000000021455000 nmethod 71300 0x0000000005d249d0 code [0x0000000005d24b20, 0x0000000005d24c30]
Event: 1279.358 Thread 0x0000000021457000 71301       1       wolforce.simpleshops.SimpleShopBlock::func_220053_a (4 bytes)
Event: 1279.358 Thread 0x0000000021457000 nmethod 71301 0x000000000866bb50 code [0x000000000866bca0, 0x000000000866bdb0]
Event: 1279.433 Thread 0x000000002143c000 71302       4       com.minecraftabnormals.abnormals_core.common.blocks.VerticalSlabBlock::func_220053_a (14 bytes)
Event: 1279.435 Thread 0x000000002143c000 nmethod 71302 0x000000000777a710 code [0x000000000777a860, 0x000000000777a928]
Event: 1279.598 Thread 0x0000000021458000 71303       3       java.util.regex.Pattern$LastMatch::match (21 bytes)
Event: 1279.598 Thread 0x0000000021458000 nmethod 71303 0x00000000094501d0 code [0x0000000009450340, 0x00000000094505a8]
Event: 1279.601 Thread 0x0000000021438800 71304       4       java.net.URI$Parser::checkChars (44 bytes)
Event: 1279.605 Thread 0x0000000021438800 nmethod 71304 0x000000000bee0b90 code [0x000000000bee0d00, 0x000000000bee1038]

GC Heap History (10 events):
Event: 1266.942 GC heap before
{Heap before GC invocations=545 (full 12):
 PSYoungGen      total 1665536K, used 1621454K [0x0000000756000000, 0x00000007bfe00000, 0x00000007c0000000)
  eden space 1596928K, 100% used [0x0000000756000000,0x00000007b7780000,0x00000007b7780000)
  from space 68608K, 35% used [0x00000007bba00000,0x00000007bd1f3a98,0x00000007bfd00000)
  to   space 68096K, 0% used [0x00000007b7780000,0x00000007b7780000,0x00000007bba00000)
 ParOldGen       total 3473408K, used 2761563K [0x0000000682000000, 0x0000000756000000, 0x0000000756000000)
  object space 3473408K, 79% used [0x0000000682000000,0x000000072a8d6cc8,0x0000000756000000)
 Metaspace       used 281659K, capacity 326392K, committed 326640K, reserved 1316864K
  class space    used 47657K, capacity 58759K, committed 58928K, reserved 1048576K
Event: 1266.957 GC heap after
Heap after GC invocations=545 (full 12):
 PSYoungGen      total 1665024K, used 23870K [0x0000000756000000, 0x00000007bfc80000, 0x00000007c0000000)
  eden space 1596928K, 0% used [0x0000000756000000,0x0000000756000000,0x00000007b7780000)
  from space 68096K, 35% used [0x00000007b7780000,0x00000007b8ecfab8,0x00000007bba00000)
  to   space 66560K, 0% used [0x00000007bbb80000,0x00000007bbb80000,0x00000007bfc80000)
 ParOldGen       total 3473408K, used 2762699K [0x0000000682000000, 0x0000000756000000, 0x0000000756000000)
  object space 3473408K, 79% used [0x0000000682000000,0x000000072a9f2d40,0x0000000756000000)
 Metaspace       used 281659K, capacity 326392K, committed 326640K, reserved 1316864K
  class space    used 47657K, capacity 58759K, committed 58928K, reserved 1048576K
}
Event: 1270.255 GC heap before
{Heap before GC invocations=546 (full 12):
 PSYoungGen      total 1665024K, used 1620798K [0x0000000756000000, 0x00000007bfc80000, 0x00000007c0000000)
  eden space 1596928K, 100% used [0x0000000756000000,0x00000007b7780000,0x00000007b7780000)
  from space 68096K, 35% used [0x00000007b7780000,0x00000007b8ecfab8,0x00000007bba00000)
  to   space 66560K, 0% used [0x00000007bbb80000,0x00000007bbb80000,0x00000007bfc80000)
 ParOldGen       total 3473408K, used 2762699K [0x0000000682000000, 0x0000000756000000, 0x0000000756000000)
  object space 3473408K, 79% used [0x0000000682000000,0x000000072a9f2d40,0x0000000756000000)
 Metaspace       used 281660K, capacity 326392K, committed 326640K, reserved 1316864K
  class space    used 47657K, capacity 58759K, committed 58928K, reserved 1048576K
Event: 1270.270 GC heap after
Heap after GC invocations=546 (full 12):
 PSYoungGen      total 1667584K, used 23358K [0x0000000756000000, 0x00000007bfc80000, 0x00000007c0000000)
  eden space 1601024K, 0% used [0x0000000756000000,0x0000000756000000,0x00000007b7b80000)
  from space 66560K, 35% used [0x00000007bbb80000,0x00000007bd24fae8,0x00000007bfc80000)
  to   space 65536K, 0% used [0x00000007b7b80000,0x00000007b7b80000,0x00000007bbb80000)
 ParOldGen       total 3473408K, used 2763675K [0x0000000682000000, 0x0000000756000000, 0x0000000756000000)
  object space 3473408K, 79% used [0x0000000682000000,0x000000072aae6d40,0x0000000756000000)
 Metaspace       used 281660K, capacity 326392K, committed 326640K, reserved 1316864K
  class space    used 47657K, capacity 58759K, committed 58928K, reserved 1048576K
}
Event: 1273.521 GC heap before
{Heap before GC invocations=547 (full 12):
 PSYoungGen      total 1667584K, used 1624382K [0x0000000756000000, 0x00000007bfc80000, 0x00000007c0000000)
  eden space 1601024K, 100% used [0x0000000756000000,0x00000007b7b80000,0x00000007b7b80000)
  from space 66560K, 35% used [0x00000007bbb80000,0x00000007bd24fae8,0x00000007bfc80000)
  to   space 65536K, 0% used [0x00000007b7b80000,0x00000007b7b80000,0x00000007bbb80000)
 ParOldGen       total 3473408K, used 2763675K [0x0000000682000000, 0x0000000756000000, 0x0000000756000000)
  object space 3473408K, 79% used [0x0000000682000000,0x000000072aae6d40,0x0000000756000000)
 Metaspace       used 281660K, capacity 326392K, committed 326640K, reserved 1316864K
  class space    used 47657K, capacity 58759K, committed 58928K, reserved 1048576K
Event: 1273.536 GC heap after
Heap after GC invocations=547 (full 12):
 PSYoungGen      total 1666560K, used 22350K [0x0000000756000000, 0x00000007bfc00000, 0x00000007c0000000)
  eden space 1601024K, 0% used [0x0000000756000000,0x0000000756000000,0x00000007b7b80000)
  from space 65536K, 34% used [0x00000007b7b80000,0x00000007b9153ad0,0x00000007bbb80000)
  to   space 64000K, 0% used [0x00000007bbd80000,0x00000007bbd80000,0x00000007bfc00000)
 ParOldGen       total 3473408K, used 2764875K [0x0000000682000000, 0x0000000756000000, 0x0000000756000000)
  object space 3473408K, 79% used [0x0000000682000000,0x000000072ac12d88,0x0000000756000000)
 Metaspace       used 281660K, capacity 326392K, committed 326640K, reserved 1316864K
  class space    used 47657K, capacity 58759K, committed 58928K, reserved 1048576K
}
Event: 1276.744 GC heap before
{Heap before GC invocations=548 (full 12):
 PSYoungGen      total 1666560K, used 1623374K [0x0000000756000000, 0x00000007bfc00000, 0x00000007c0000000)
  eden space 1601024K, 100% used [0x0000000756000000,0x00000007b7b80000,0x00000007b7b80000)
  from space 65536K, 34% used [0x00000007b7b80000,0x00000007b9153ad0,0x00000007bbb80000)
  to   space 64000K, 0% used [0x00000007bbd80000,0x00000007bbd80000,0x00000007bfc00000)
 ParOldGen       total 3473408K, used 2764875K [0x0000000682000000, 0x0000000756000000, 0x0000000756000000)
  object space 3473408K, 79% used [0x0000000682000000,0x000000072ac12d88,0x0000000756000000)
 Metaspace       used 281662K, capacity 326392K, committed 326640K, reserved 1316864K
  class space    used 47657K, capacity 58759K, committed 58928K, reserved 1048576K
Event: 1276.759 GC heap after
Heap after GC invocations=548 (full 12):
 PSYoungGen      total 1669632K, used 21182K [0x0000000756000000, 0x00000007bfc80000, 0x00000007c0000000)
  eden space 1605632K, 0% used [0x0000000756000000,0x0000000756000000,0x00000007b8000000)
  from space 64000K, 33% used [0x00000007bbd80000,0x00000007bd22fab8,0x00000007bfc00000)
  to   space 62976K, 0% used [0x00000007b8000000,0x00000007b8000000,0x00000007bbd80000)
 ParOldGen       total 3473408K, used 2766059K [0x0000000682000000, 0x0000000756000000, 0x0000000756000000)
  object space 3473408K, 79% used [0x0000000682000000,0x000000072ad3ad88,0x0000000756000000)
 Metaspace       used 281662K, capacity 326392K, committed 326640K, reserved 1316864K
  class space    used 47657K, capacity 58759K, committed 58928K, reserved 1048576K
}
Event: 1279.609 GC heap before
{Heap before GC invocations=549 (full 12):
 PSYoungGen      total 1669632K, used 1626814K [0x0000000756000000, 0x00000007bfc80000, 0x00000007c0000000)
  eden space 1605632K, 100% used [0x0000000756000000,0x00000007b8000000,0x00000007b8000000)
  from space 64000K, 33% used [0x00000007bbd80000,0x00000007bd22fab8,0x00000007bfc00000)
  to   space 62976K, 0% used [0x00000007b8000000,0x00000007b8000000,0x00000007bbd80000)
 ParOldGen       total 3473408K, used 2766059K [0x0000000682000000, 0x0000000756000000, 0x0000000756000000)
  object space 3473408K, 79% used [0x0000000682000000,0x000000072ad3ad88,0x0000000756000000)
 Metaspace       used 281948K, capacity 326864K, committed 327152K, reserved 1316864K
  class space    used 47713K, capacity 58861K, committed 58928K, reserved 1048576K
Event: 1279.643 GC heap after
Heap after GC invocations=549 (full 12):
 PSYoungGen      total 1668608K, used 36131K [0x0000000756000000, 0x00000007bfc00000, 0x00000007c0000000)
  eden space 1605632K, 0% used [0x0000000756000000,0x0000000756000000,0x00000007b8000000)
  from space 62976K, 57% used [0x00000007b8000000,0x00000007ba348c48,0x00000007bbd80000)
  to   space 61440K, 0% used [0x00000007bc000000,0x00000007bc000000,0x00000007bfc00000)
 ParOldGen       total 3473408K, used 2767175K [0x0000000682000000, 0x0000000756000000, 0x0000000756000000)
  object space 3473408K, 79% used [0x0000000682000000,0x000000072ae51db8,0x0000000756000000)
 Metaspace       used 281948K, capacity 326864K, committed 327152K, reserved 1316864K
  class space    used 47713K, capacity 58861K, committed 58928K, reserved 1048576K
}

Deoptimization events (10 events):
Event: 1278.731 Thread 0x0000000003464000 Uncommon trap: reason=uninitialized action=reinterpret pc=0x000000000afc7f74 method=net.minecraft.client.Minecraft.func_99999_d()V @ 220
Event: 1278.737 Thread 0x0000000003464000 Uncommon trap: reason=unstable_if action=reinterpret pc=0x000000000a003404 method=io.netty.channel.local.LocalChannel.isOpen()Z @ 7
Event: 1278.766 Thread 0x0000000003464000 Uncommon trap: reason=null_check action=make_not_entrant pc=0x0000000008c3921c method=net.diebuddies.physics.PhysicsMod.getInstance(Lnet/minecraft/world/World;)Lnet/diebuddies/physics/PhysicsMod; @ 9
Event: 1278.768 Thread 0x0000000003464000 Uncommon trap: reason=unstable_if action=reinterpret pc=0x000000000bad1ff8 method=org.joml.Matrix4f.determineProperties()Lorg/joml/Matrix4f; @ 152
Event: 1278.769 Thread 0x0000000003464000 Uncommon trap: reason=unstable_if action=reinterpret pc=0x000000000d7f2060 method=org.joml.Matrix4f.determineProperties()Lorg/joml/Matrix4f; @ 152
Event: 1278.790 Thread 0x0000000003464000 Uncommon trap: reason=unstable_if action=reinterpret pc=0x000000000a6bd6a0 method=net.minecraft.client.renderer.texture.NativeImage.func_195717_a(IZ)V @ 73
Event: 1279.519 Thread 0x0000000003464000 Uncommon trap: reason=unstable_if action=reinterpret pc=0x0000000007d32fb8 method=java.nio.Bits.copyFromArray(Ljava/lang/Object;JJJJ)V @ 18
Event: 1279.644 Thread 0x0000000003464000 Uncommon trap: reason=unstable_if action=reinterpret pc=0x000000000b242cbc method=org.apache.logging.log4j.core.impl.ExtendedStackTraceElement.render(Ljava/lang/StackTraceElement;Ljava/lang/StringBuilder;Lorg/apache/logging/log4j/core/pattern/TextRenderer;ì=ùÜì˛ì@
Event: 1279.644 Thread 0x0000000003464000 Uncommon trap: reason=unstable_if action=reinterpret pc=0x000000000ac672d4 method=org.apache.logging.log4j.core.impl.ExtendedStackTraceElement.render(Ljava/lang/StackTraceElement;Ljava/lang/StringBuilder;Lorg/apache/logging/log4j/core/pattern/TextRenderer;$Üxü˛ì@
Event: 1279.656 Thread 0x0000000036cb1000 Uncommon trap: reason=unstable_if action=reinterpret pc=0x000000000d0011cc method=dev.tr7zw.entityculling.CullTask.run()V @ 7

Internal exceptions (10 events):
Event: 1278.530 Thread 0x0000000074c09800 Exception <a 'java/lang/IncompatibleClassChangeError': Found class java.lang.Object, but interface was expected> (0x000000077feedc70) thrown at [C:\re\workspace\8-2-build-windows-amd64-cygwin\jdk8u51\3951\hotspot\src\share\vm\interpreter\linkResolver.cpp, ›íôÊ˙ì@
Event: 1278.725 Thread 0x0000000003464000 Exception <a 'java/lang/ClassNotFoundException': net.minecraft.client.gui.screen.IngameMenuScreen$$Lambda$23458/1333649016> (0x000000078a62d928) thrown at [C:\re\workspace\8-2-build-windows-amd64-cygwin\jdk8u51\3951\hotspot\src\share\vm\prims\jni.cpp, lineQ;≤®Ê˙ì@
Event: 1278.725 Thread 0x0000000003464000 Exception <a 'java/lang/ClassNotFoundException': net.minecraft.client.MouseHelper$$Lambda$17591/967591498> (0x000000078a62def8) thrown at [C:\re\workspace\8-2-build-windows-amd64-cygwin\jdk8u51\3951\hotspot\src\share\vm\prims\jni.cpp, line 735]
Event: 1278.725 Thread 0x0000000003464000 Exception <a 'java/lang/ClassNotFoundException': net.minecraft.client.MouseHelper$$Lambda$13763/1215055212> (0x000000078a62e490) thrown at [C:\re\workspace\8-2-build-windows-amd64-cygwin\jdk8u51\3951\hotspot\src\share\vm\prims\jni.cpp, line 735]
Event: 1278.725 Thread 0x0000000003464000 Exception <a 'java/lang/ClassNotFoundException': net.minecraft.client.MouseHelper$$Lambda$13468/9990000> (0x000000078a62ea20) thrown at [C:\re\workspace\8-2-build-windows-amd64-cygwin\jdk8u51\3951\hotspot\src\share\vm\prims\jni.cpp, line 735]
Event: 1278.726 Thread 0x0000000003464000 Exception <a 'java/lang/ClassNotFoundException': net.minecraftforge.fml.loading.FMLClientLaunchProvider$$Lambda$502/161237395> (0x000000078a633a48) thrown at [C:\re\workspace\8-2-build-windows-amd64-cygwin\jdk8u51\3951\hotspot\src\share\vm\prims\jni.cpp, l2ø‰êÓ˙ì@
Event: 1278.733 Thread 0x0000000003464000 Exception <a 'java/lang/NoSuchMethodError': java.lang.Object.func_210211_Z()Ljava/lang/String;> (0x000000078a6e69b8) thrown at [C:\re\workspace\8-2-build-windows-amd64-cygwin\jdk8u51\3951\hotspot\src\share\vm\interpreter\linkResolver.cpp, line 582]
Event: 1278.733 Thread 0x0000000003464000 Exception <a 'java/lang/NoSuchMethodError': java.lang.Object.func_210215_Y()Ljava/lang/String;> (0x000000078a6ed9b8) thrown at [C:\re\workspace\8-2-build-windows-amd64-cygwin\jdk8u51\3951\hotspot\src\share\vm\interpreter\linkResolver.cpp, line 582]
Event: 1278.766 Thread 0x0000000003464000 Implicit null exception at 0x0000000008c390be to 0x0000000008c3920d
Event: 1279.609 Thread 0x0000000003464000 Exception <a 'java/lang/ClassNotFoundException': net.minecraftforge.fml.loading.FMLClientLaunchProvider$$Lambda$502/161237395> (0x000000078de64698) thrown at [C:\re\workspace\8-2-build-windows-amd64-cygwin\jdk8u51\3951\hotspot\src\share\vm\prims\jni.cpp, l

Events (10 events):
Event: 1279.644 Thread 0x0000000003464000 DEOPT UNPACKING pc=0x00000000035a582a sp=0x000000000345e050 mode 2
Event: 1279.644 Thread 0x0000000003464000 Uncommon trap: trap_request=0xffffff65 fr.pc=0x000000000ac672d4
Event: 1279.644 Thread 0x0000000003464000 DEOPT PACKING pc=0x000000000ac672d4 sp=0x000000000345e030
Event: 1279.644 Thread 0x0000000003464000 DEOPT UNPACKING pc=0x00000000035a582a sp=0x000000000345e028 mode 2
Event: 1279.656 Thread 0x0000000036cb1000 Uncommon trap: trap_request=0xffffff65 fr.pc=0x000000000d0011cc
Event: 1279.656 Thread 0x0000000036cb1000 DEOPT PACKING pc=0x000000000d0011cc sp=0x0000000072daef60
Event: 1279.656 Thread 0x0000000036cb1000 DEOPT UNPACKING pc=0x00000000035a582a sp=0x0000000072daef48 mode 2
Event: 1279.656 Thread 0x0000000036cb1000 Thread exited: 0x0000000036cb1000
Event: 1279.667 loading class java/util/AbstractList$SubList
Event: 1279.667 loading class java/util/AbstractList$SubList done


Dynamic libraries:
0x00007ff746aa0000 - 0x00007ff746ad7000 	C:\Games\CurseForge\Minecraft\Install\runtime\jre-legacy\windows-x64\jre-legacy\bin\javaw.exe
0x00007ffe12870000 - 0x00007ffe12a68000 	C:\Windows\SYSTEM32\ntdll.dll
0x00007ffe117f0000 - 0x00007ffe118ad000 	C:\Windows\System32\KERNEL32.DLL
0x00007ffe103c0000 - 0x00007ffe1068e000 	C:\Windows\System32\KERNELBASE.dll
0x00007ffe121d0000 - 0x00007ffe1227e000 	C:\Windows\System32\ADVAPI32.dll
0x00007ffe12280000 - 0x00007ffe1231e000 	C:\Windows\System32\msvcrt.dll
0x00007ffe11c10000 - 0x00007ffe11cac000 	C:\Windows\System32\sechost.dll
0x00007ffe12700000 - 0x00007ffe12825000 	C:\Windows\System32\RPCRT4.dll
0x00007ffe119e0000 - 0x00007ffe11b80000 	C:\Windows\System32\USER32.dll
0x00007ffe102e0000 - 0x00007ffe10302000 	C:\Windows\System32\win32u.dll
0x00007ffe11be0000 - 0x00007ffe11c0a000 	C:\Windows\System32\GDI32.dll
0x00007ffe107c0000 - 0x00007ffe108cb000 	C:\Windows\System32\gdi32full.dll
0x00007ffe100e0000 - 0x00007ffe1017d000 	C:\Windows\System32\msvcp_win.dll
0x00007ffe0ff90000 - 0x00007ffe10090000 	C:\Windows\System32\ucrtbase.dll
0x00007ffdfe800000 - 0x00007ffdfea9a000 	C:\Windows\WinSxS\amd64_microsoft.windows.common-controls_6595b64144ccf1df_6.0.19041.1110_none_60b5254171f9507e\COMCTL32.dll
0x00007ffe119a0000 - 0x00007ffe119d0000 	C:\Windows\System32\IMM32.DLL
0x0000000053280000 - 0x0000000053352000 	C:\Games\CurseForge\Minecraft\Install\runtime\jre-legacy\windows-x64\jre-legacy\bin\msvcr100.dll
0x00000000523c0000 - 0x0000000052c43000 	C:\Games\CurseForge\Minecraft\Install\runtime\jre-legacy\windows-x64\jre-legacy\bin\server\jvm.dll
0x00007ffe11990000 - 0x00007ffe11998000 	C:\Windows\System32\PSAPI.DLL
0x00007ffe05220000 - 0x00007ffe0522a000 	C:\Windows\SYSTEM32\VERSION.dll
0x00007ffe00530000 - 0x00007ffe00557000 	C:\Windows\SYSTEM32\WINMM.dll
0x00007ffe0b370000 - 0x00007ffe0b379000 	C:\Windows\SYSTEM32\WSOCK32.dll
0x00007ffe10db0000 - 0x00007ffe10e1b000 	C:\Windows\System32\WS2_32.dll
0x0000000053270000 - 0x000000005327f000 	C:\Games\CurseForge\Minecraft\Install\runtime\jre-legacy\windows-x64\jre-legacy\bin\verify.dll
0x0000000053240000 - 0x0000000053269000 	C:\Games\CurseForge\Minecraft\Install\runtime\jre-legacy\windows-x64\jre-legacy\bin\java.dll
0x0000000053220000 - 0x0000000053236000 	C:\Games\CurseForge\Minecraft\Install\runtime\jre-legacy\windows-x64\jre-legacy\bin\zip.dll
0x00007ffe10e20000 - 0x00007ffe11564000 	C:\Windows\System32\SHELL32.dll
0x00007ffe0db20000 - 0x00007ffe0e2b4000 	C:\Windows\SYSTEM32\windows.storage.dll
0x00007ffe108d0000 - 0x00007ffe10c24000 	C:\Windows\System32\combase.dll
0x00007ffe0f9f0000 - 0x00007ffe0fa20000 	C:\Windows\SYSTEM32\Wldp.dll
0x00007ffe11cb0000 - 0x00007ffe11d5d000 	C:\Windows\System32\SHCORE.dll
0x00007ffe126a0000 - 0x00007ffe126f5000 	C:\Windows\System32\shlwapi.dll
0x00007ffe0fed0000 - 0x00007ffe0feef000 	C:\Windows\SYSTEM32\profapi.dll
0x0000000053210000 - 0x000000005321d000 	C:\Games\CurseForge\Minecraft\Install\runtime\jre-legacy\windows-x64\jre-legacy\bin\management.dll
0x00000000531f0000 - 0x000000005320a000 	C:\Games\CurseForge\Minecraft\Install\runtime\jre-legacy\windows-x64\jre-legacy\bin\net.dll
0x00007ffe0f750000 - 0x00007ffe0f7ba000 	C:\Windows\system32\mswsock.dll
0x00007ffdfd040000 - 0x00007ffdfd057000 	C:\Windows\system32\napinsp.dll
0x00007ffdfcd10000 - 0x00007ffdfcd2b000 	C:\Windows\system32\pnrpnsp.dll
0x00007ffe0b040000 - 0x00007ffe0b055000 	C:\Windows\system32\wshbth.dll
0x00007ffe0b110000 - 0x00007ffe0b12d000 	C:\Windows\system32\NLAapi.dll
0x00007ffe0f3f0000 - 0x00007ffe0f42b000 	C:\Windows\SYSTEM32\IPHLPAPI.DLL
0x00007ffe0f430000 - 0x00007ffe0f4fb000 	C:\Windows\SYSTEM32\DNSAPI.dll
0x00007ffe10c30000 - 0x00007ffe10c38000 	C:\Windows\System32\NSI.dll
0x00007ffdfc2e0000 - 0x00007ffdfc2f2000 	C:\Windows\System32\winrnr.dll
0x00007ffe09d20000 - 0x00007ffe09d2a000 	C:\Windows\System32\rasadhlp.dll
0x00007ffdffab0000 - 0x00007ffdffb30000 	C:\Windows\System32\fwpuclnt.dll
0x00007ffe10790000 - 0x00007ffe107b7000 	C:\Windows\System32\bcrypt.dll
0x00000000531d0000 - 0x00000000531e1000 	C:\Games\CurseForge\Minecraft\Install\runtime\jre-legacy\windows-x64\jre-legacy\bin\nio.dll
0x00000000531a0000 - 0x00000000531c4000 	C:\Games\CurseForge\Minecraft\Install\runtime\jre-legacy\windows-x64\jre-legacy\bin\sunec.dll
0x00007ffe0f940000 - 0x00007ffe0f958000 	C:\Windows\SYSTEM32\CRYPTSP.dll
0x00007ffe0f060000 - 0x00007ffe0f094000 	C:\Windows\system32\rsaenh.dll
0x00007ffe0fe90000 - 0x00007ffe0febe000 	C:\Windows\SYSTEM32\USERENV.dll
0x00007ffe10700000 - 0x00007ffe10782000 	C:\Windows\System32\bcryptprimitives.dll
0x00007ffe0f960000 - 0x00007ffe0f96c000 	C:\Windows\SYSTEM32\CRYPTBASE.dll
0x00007ffe051d0000 - 0x00007ffe051e7000 	C:\Windows\SYSTEM32\dhcpcsvc6.DLL
0x00007ffe05470000 - 0x00007ffe0548d000 	C:\Windows\SYSTEM32\dhcpcsvc.DLL
0x00007ffd98f10000 - 0x00007ffd98f82000 	C:\Games\CurseForge\Minecraft\Install\bin\400bfa34b81004aabb21f7dd792d5eb2eb8d7b12\lwjgl.dll
0x00007ffd98cb0000 - 0x00007ffd98f01000 	C:\Games\CurseForge\Minecraft\Install\bin\400bfa34b81004aabb21f7dd792d5eb2eb8d7b12\jemalloc.dll
0x00007ffd98c50000 - 0x00007ffd98cae000 	C:\Games\CurseForge\Minecraft\Install\bin\400bfa34b81004aabb21f7dd792d5eb2eb8d7b12\glfw.dll
0x00007ffe0c8d0000 - 0x00007ffe0c96e000 	C:\Windows\system32\uxtheme.dll
0x00007ffd7cc10000 - 0x00007ffd7cc55000 	C:\Windows\SYSTEM32\dinput8.dll
0x00007ffdd2c80000 - 0x00007ffdd2c91000 	C:\Windows\SYSTEM32\xinput1_4.dll
0x00007ffe10090000 - 0x00007ffe100de000 	C:\Windows\System32\cfgmgr32.dll
0x00007ffe0fd40000 - 0x00007ffe0fd6c000 	C:\Windows\SYSTEM32\DEVOBJ.dll
0x00007ffe0cec0000 - 0x00007ffe0ceef000 	C:\Windows\SYSTEM32\dwmapi.dll
0x00007ffdfa8b0000 - 0x00007ffdfaa02000 	C:\Windows\SYSTEM32\inputhost.dll
0x00007ffe125d0000 - 0x00007ffe1269d000 	C:\Windows\System32\OLEAUT32.dll
0x00007ffe0b130000 - 0x00007ffe0b226000 	C:\Windows\SYSTEM32\PROPSYS.dll
0x00007ffe0c350000 - 0x00007ffe0c442000 	C:\Windows\SYSTEM32\CoreMessaging.dll
0x00007ffe0bd70000 - 0x00007ffe0bec4000 	C:\Windows\SYSTEM32\wintypes.dll
0x00007ffe0c450000 - 0x00007ffe0c7ae000 	C:\Windows\SYSTEM32\CoreUIComponents.dll
0x00007ffe0ec80000 - 0x00007ffe0ecb3000 	C:\Windows\SYSTEM32\ntmarta.dll
0x00007ffe0e840000 - 0x00007ffe0e852000 	C:\Windows\SYSTEM32\kernel.appcore.dll
0x00007ffd9d850000 - 0x00007ffd9d989000 	C:\ProgramData\A-Volute\A-Volute.Nahimic\Modules\Scheduled\x64\AudioDevProps2.dll
0x00007ffe124a0000 - 0x00007ffe125ca000 	C:\Windows\System32\ole32.dll
0x00007ffdb4dc0000 - 0x00007ffdb4f13000 	C:\Program Files (x86)\Stardock\Fences\FencesMenu64.dll
0x00007ffe0aa10000 - 0x00007ffe0aa24000 	C:\Windows\SYSTEM32\WTSAPI32.dll
0x00007ffdfeaa0000 - 0x00007ffdfec45000 	C:\Windows\WinSxS\amd64_microsoft.windows.gdiplus_6595b64144ccf1df_1.1.19041.1706_none_919e8e54cc8d4ca1\gdiplus.dll
0x00007ffdff740000 - 0x00007ffdff858000 	C:\Program Files (x86)\Stardock\Groupy\groupy_64.dll
0x00007ffe12320000 - 0x00007ffe12435000 	C:\Windows\System32\MSCTF.dll
0x00007ffe0e380000 - 0x00007ffe0e38d000 	C:\Windows\SYSTEM32\HID.DLL
0x00007ffe11d60000 - 0x00007ffe121cf000 	C:\Windows\System32\SETUPAPI.DLL
0x0000000027200000 - 0x0000000027267000 	C:\Windows\System32\WINTRUST.dll
0x00007ffe10180000 - 0x00007ffe102d6000 	C:\Windows\System32\CRYPT32.dll
0x00007ffe0fb80000 - 0x00007ffe0fb92000 	C:\Windows\SYSTEM32\MSASN1.dll
0x00007ffd9d990000 - 0x00007ffd9dab7000 	C:\Windows\SYSTEM32\opengl32.dll
0x00007ffda9480000 - 0x00007ffda94ac000 	C:\Windows\SYSTEM32\GLU32.dll
0x00007ffe11570000 - 0x00007ffe11619000 	C:\Windows\System32\clbcatq.dll
0x00007ffd57000000 - 0x00007ffd5b28a000 	C:\Windows\System32\DriverStore\FileRepository\nvlti.inf_amd64_f313b6b92f428254\nvoglv64.dll
0x00007ffe03860000 - 0x00007ffe03891000 	C:\Windows\SYSTEM32\cryptnet.dll
0x00007ffe03710000 - 0x00007ffe03858000 	C:\Windows\SYSTEM32\drvstore.dll
0x00007ffe03f50000 - 0x00007ffe03f8b000 	C:\Windows\SYSTEM32\dxcore.dll
0x00007ffdca270000 - 0x00007ffdca541000 	C:\Windows\system32\nvspcap64.dll
0x00007ffe0f560000 - 0x00007ffe0f5ab000 	C:\Windows\SYSTEM32\powrprof.dll
0x00007ffe0f3d0000 - 0x00007ffe0f3e2000 	C:\Windows\SYSTEM32\UMPDC.dll
0x00007ffe0ed30000 - 0x00007ffe0ed8a000 	C:\Windows\SYSTEM32\WINSTA.dll
0x00007ffd98bd0000 - 0x00007ffd98c4f000 	C:\Games\CurseForge\Minecraft\Install\bin\400bfa34b81004aabb21f7dd792d5eb2eb8d7b12\lwjgl_stb.dll
0x00007ffe09c00000 - 0x00007ffe09cae000 	C:\Windows\SYSTEM32\mscms.dll
0x00007ffe09d60000 - 0x00007ffe09d71000 	C:\Windows\SYSTEM32\ColorAdapterClient.dll
0x00007ffe05130000 - 0x00007ffe05173000 	C:\Windows\SYSTEM32\icm32.dll
0x00007ffdfa7b0000 - 0x00007ffdfa8a9000 	C:\Windows\SYSTEM32\textinputframework.dll
0x00007ffe0b3a0000 - 0x00007ffe0b406000 	C:\Windows\system32\Oleacc.dll
0x00007ffd98b70000 - 0x00007ffd98bc8000 	C:\Games\CurseForge\Minecraft\Install\bin\400bfa34b81004aabb21f7dd792d5eb2eb8d7b12\lwjgl_opengl.dll
0x00007ffe08370000 - 0x00007ffe083b2000 	C:\Users\NukelordBrown\AppData\Local\Temp\jna--1590639904\jna8403340592813719884.dll
0x0000000053190000 - 0x000000005319c000 	C:\Games\CurseForge\Minecraft\Install\runtime\jre-legacy\windows-x64\jre-legacy\bin\jsound.dll
0x0000000053180000 - 0x000000005318b000 	C:\Games\CurseForge\Minecraft\Install\runtime\jre-legacy\windows-x64\jre-legacy\bin\jsoundds.dll
0x00007ffdf2bd0000 - 0x00007ffdf2c6c000 	C:\Windows\SYSTEM32\DSOUND.dll
0x00007ffdf2ba0000 - 0x00007ffdf2bc6000 	C:\Windows\SYSTEM32\winmmbase.dll
0x00007ffe09350000 - 0x00007ffe093d5000 	C:\Windows\SYSTEM32\MMDevAPI.DLL
0x00007ffdb7b30000 - 0x00007ffdb7b76000 	C:\Windows\SYSTEM32\wdmaud.drv
0x00007ffe0e7f0000 - 0x00007ffe0e7fa000 	C:\Windows\SYSTEM32\AVRT.dll
0x00007ffe09d50000 - 0x00007ffe09d59000 	C:\Windows\SYSTEM32\ksuser.dll
0x00007ffe09870000 - 0x00007ffe099f2000 	C:\Windows\SYSTEM32\AUDIOSES.DLL
0x00007ffde0340000 - 0x00007ffde034d000 	C:\Windows\SYSTEM32\msacm32.drv
0x00007ffdb7b10000 - 0x00007ffdb7b2e000 	C:\Windows\SYSTEM32\MSACM32.dll
0x00007ffddf320000 - 0x00007ffddf32b000 	C:\Windows\SYSTEM32\midimap.dll
0x00007ffd99590000 - 0x00007ffd997f6000 	C:\Users\NukelordBrown\AppData\Local\Temp\de.fabmax.physx-jni\0.4.15\PhysX_64.dll
0x00007ffd98990000 - 0x00007ffd98b67000 	C:\Users\NukelordBrown\AppData\Local\Temp\de.fabmax.physx-jni\0.4.15\PhysXCommon_64.dll
0x00007ffd988e0000 - 0x00007ffd9898a000 	C:\Users\NukelordBrown\AppData\Local\Temp\de.fabmax.physx-jni\0.4.15\PhysXCooking_64.dll
0x00007ffd98840000 - 0x00007ffd988d1000 	C:\Users\NukelordBrown\AppData\Local\Temp\de.fabmax.physx-jni\0.4.15\PhysXFoundation_64.dll
0x00007ffd7b450000 - 0x00007ffd7b654000 	C:\Users\NukelordBrown\AppData\Local\Temp\de.fabmax.physx-jni\0.4.15\PhysXJniBindings_64.dll
0x0000000052fe0000 - 0x0000000053178000 	C:\Games\CurseForge\Minecraft\Install\runtime\jre-legacy\windows-x64\jre-legacy\bin\awt.dll
0x00007ffe0c7e0000 - 0x00007ffe0c870000 	C:\Windows\SYSTEM32\apphelp.dll
0x00007ffdaa670000 - 0x00007ffdaa6d7000 	C:\ProgramData\A-Volute\A-Volute.Nahimic\Modules\Scheduled\x64\ProductInfo.dll
0x00007ffd8ff90000 - 0x00007ffd8ffd3000 	C:\ProgramData\A-Volute\A-Volute.Nahimic\Modules\Scheduled\x64\ASM.Plugin.AudioDevProps2.dll
0x00007ffe0cca0000 - 0x00007ffe0ccb4000 	C:\Windows\SYSTEM32\resourcepolicyclient.dll
0x00007ffd987a0000 - 0x00007ffd9883c000 	C:\Users\NUKELO~1\AppData\Local\Temp\jna--1590639904\jna933969848515134233.dll
0x00007ffdfaac0000 - 0x00007ffdfac01000 	C:\Windows\System32\Windows.UI.dll

VM Arguments:
jvm_args: -XX:HeapDumpPath=MojangTricksIntelDriversForPerformance_javaw.exe_minecraft.exe.heapdump -Dos.name=Windows 10 -Dos.version=10.0 -Xss1M -Djava.library.path=C:\Games\CurseForge\Minecraft\Install\bin\400bfa34b81004aabb21f7dd792d5eb2eb8d7b12 -Dminecraft.launcher.brand=minecraft-launcher -Dminecraft.launcher.version=2.5.9 -Xmx5088m -Xms256m -Dminecraft.applet.TargetDirectory=C:\Games\CurseForge\Minecraft\Instances\Blood-N-Wine-2 -Dfml.ignorePatchDiscrepancies=true -Dfml.ignoreInvalidMinecraftCertificates=true -Duser.language=en -Duser.country=US -Dlog4j.configurationFile=C:\Games\CurseForge\Minecraft\Install\assets\log_configs\client-1.12.xml 
java_command: cpw.mods.modlauncher.Launcher --username Nukelord420 --version forge-36.2.35 --gameDir C:\Games\CurseForge\Minecraft\Instances\Blood-N-Wine-2 --assetsDir C:\Games\CurseForge\Minecraft\Install\assets --assetIndex 1.16 --uuid 29e423c126c942d89e776772bd06df02 --accessToken eyJraWQiOiJhYzg0YSIsImFsZyI6IkhTMjU2In0.eyJ4dWlkIjoiMjUzNTQyODE5MjM2MjEyNiIsImFnZyI6IkFkdWx0Iiwic3ViIjoiZmNhNGVlNjItYzI4Zi00NzI0LWJkZTktNGU3ZDBiYWQ0ODBjIiwiYXV0aCI6IlhCT1giLCJucyI6ImRlZmF1bHQiLCJyb2xlcyI6W10sImlzcyI6ImF1dGhlbnRpY2F0aW9uIiwiZmxhZ3MiOlsidHdvZmFjdG9yYXV0aCIsIm9yZGVyc18yMDIyIl0sInBsYXRmb3JtIjoiUENfTEFVTkNIRVIiLCJ5dWlkIjoiN2E0ZDMwMTk4Mjc4NDZjY2I2Y2Q3Y2Y4ODY3NDljMGUiLCJuYmYiOjE2OTAwMDQ2NDMsImV4cCI6MTY5MDA5MTA0MywiaWF0IjoxNjkwMDA0NjQzfQ.52I7Z7QGBMwXzixDiLzfVSaPcpjrpO-LhnW2Cbd5hzw --userType msa --versionType release --width 1024 --height 768 --launchTarget fmlclient --fml.forgeVersion 36.2.35 --fml.mcVersion 1.16.5 --fml.forgeGroup net.minecraftforge --fml.mcpVersion 20210115.111550
java_class_path (initial): C:\Games\CurseForge\Minecraft\Install\libraries\net\minecraftforge\forge\1.16.5-36.2.35\forge-1.16.5-36.2.35.jar;C:\Games\CurseForge\Minecraft\Install\libraries\org\ow2\asm\asm\9.1\asm-9.1.jar;C:\Games\CurseForge\Minecraft\Install\libraries\org\ow2\asm\asm-commons\9.1\asm-commons-9.1.jar;C:\Games\CurseForge\Minecraft\Install\libraries\org\ow2\asm\asm-tree\9.1\asm-tree-9.1.jar;C:\Games\CurseForge\Minecraft\Install\libraries\org\ow2\asm\asm-util\9.1\asm-util-9.1.jar;C:\Games\CurseForge\Minecraft\Install\libraries\org\ow2\asm\asm-analysis\9.1\asm-analysis-9.1.jar;C:\Games\CurseForge\Minecraft\Install\libraries\cpw\mods\modlauncher\8.1.3\modlauncher-8.1.3.jar;C:\Games\CurseForge\Minecraft\Install\libraries\cpw\mods\grossjava9hacks\1.3.3\grossjava9hacks-1.3.3.jar;C:\Games\CurseForge\Minecraft\Install\libraries\net\minecraftforge\accesstransformers\3.0.1\accesstransformers-3.0.1.jar;C:\Games\CurseForge\Minecraft\Install\libraries\org\antlr\antlr4-runtime\4.9.1\antlr4-runtime-4.9.1.jar;C:\Games\CurseForge\Minecraft\Install\libraries\net\minecraftforge\eventbus\4.0.0\eventbus-4.0.0.jar;C:\Games\CurseForge\Minecraft\Install\libraries\net\minecraftforge\forgespi\3.2.0\forgespi-3.2.0.jar;C:\Games\CurseForge\Minecraft\Install\libraries\net\minecraftforge\coremods\4.0.6\coremods-4.0.6.jar;C:\Games\CurseForge\Minecraft\Install\libraries\net\minecraftforge\unsafe\0.2.0\unsafe-0.2.0.jar;C:\Games\CurseForge\Minecraft\Install\libraries\com\electronwill\night-config\core\3.6.3\core-3.6.3.jar;C:\Games\CurseForge\Minecraft\Install\libraries\com\electronwill\night-config\toml\3.6.3\toml-3.6.3.jar;C:\Games\CurseForge\Minecraft\Install\libraries\org\jline\jline\3.12.1\jline-3.12.1.jar;C:\Games\CurseForge\Minecraft\Install\libraries\org\apache\maven\maven-artifact\3.6.3\maven-artifact-3.6.3.jar;C:\Games\CurseForge\Minecraft\Install\libraries\net\jodah\typetools\0.8.3\typetools-0.8.3.jar;C:\Games\CurseForge\Minecraft\Install\libraries\org\apache\logging\log4j\log
Launcher Type: SUN_STANDARD

Environment Variables:
PATH=C:\VulkanSDK\1.3.236.0\Bin;C:\Program Files (x86)\Razer Chroma SDK\bin;C:\Program Files\Razer Chroma SDK\bin;C:\Program Files\Common Files\Oracle\Java\javapath;C:\Program Files (x86)\Common Files\Oracle\Java\javapath;C:\Program Files (x86)\Razer\ChromaBroadcast\bin;C:\Program Files\Razer\ChromaBroadcast\bin;C:\Windows\system32;C:\Windows;C:\Windows\System32\Wbem;C:\Windows\System32\WindowsPowerShell\v1.0\;C:\Windows\System32\OpenSSH\;C:\Program Files (x86)\NVIDIA Corporation\PhysX\Common;C:\Program Files\NVIDIA Corporation\NVIDIA NvDLISR;C:\Program Files\PuTTY\;C:\Windows\system32\config\systemprofile\AppData\Local\Microsoft\WindowsApps;C:\Program Files\dotnet\;C:\Program Files\Common Files\Autodesk Shared\;C:\Program Files\Microsoft SQL Server\120\Tools\Binn\;G:\Bethesda-Game-Modding-Tools\Ruby26-x64\bin;C:\Users\NukelordBrown\AppData\Local\Programs\Python\Python310\Scripts\;C:\Users\NukelordBrown\AppData\Local\Programs\Python\Python310\;C:\Users\NukelordBrown\AppData\Local\Microsoft\WindowsApps;C:\Users\NukelordBrown\AppData\Local\Programs\Microsoft VS Code\bin;C:\Users\NukelordBrown\.dotnet\tools;C:\Users\NukelordBrown\AppData\Local\GitHubDesktop\bin;C:\Program Files\Perforce\;C:\Program Files\Git\cmd;G:\Bethesda-Game-Modding-Tools\Ruby26-x64\bin;C:\Users\NukelordBrown\AppData\Local\Programs\Python\Python310\Scripts\;C:\Users\NukelordBrown\AppData\Local\Programs\Python\Python310\;C:\Users\NukelordBrown\AppData\Local\Microsoft\WindowsApps;C:\Users\NukelordBrown\AppData\Local\Programs\Microsoft VS Code\bin;C:\Users\NukelordBrown\.dotnet\tools;C:\Users\NukelordBrown\AppData\Local\GitHubDesktop\bin;C:\Program Files\JetBrains\IntelliJ IDEA Community Edition 2023.1.4\bin;
USERNAME=NukelordBrown
OS=Windows_NT
PROCESSOR_IDENTIFIER=AMD64 Family 25 Model 80 Stepping 0, AuthenticAMD



---------------  S Y S T E M  ---------------

OS: Windows 10.0 , 64 bit Build 19041 (10.0.19041.1806)

CPU:total 16 (16 cores per cpu, 1 threads per core) family 25 model 80 stepping 0, cmov, cx8, fxsr, mmx, sse, sse2, sse3, ssse3, sse4.1, sse4.2, popcnt, avx, avx2, aes, clmul, erms, mmxext, 3dnowpref, lzcnt, sse4a, tsc, tscinvbit, tscinv, bmi1

Memory: 4k page, physical 33402940k(13462600k free), swap 38383676k(9933744k free)

vm_info: Java HotSpot(TM) 64-Bit Server VM (25.51-b03) for windows-amd64 JRE (1.8.0_51-b16), built on Jun  8 2015 18:03:07 by "java_re" with MS VC++ 10.0 (VS2010)

time: Fri Jul 21 23:05:44 2023
elapsed time: 1279 seconds (0d 0h 21m 19s)

