#
# A fatal error has been detected by the Java Runtime Environment:
#
#  EXCEPTION_ACCESS_VIOLATION (0xc0000005) at pc=0x00007ffa04ac3716, pid=14276, tid=30992
#
# JRE version: Java(TM) SE Runtime Environment (8.0_51-b16) (build 1.8.0_51-b16)
# Java VM: Java HotSpot(TM) 64-Bit Server VM (25.51-b03 mixed mode windows-amd64 compressed oops)
# Problematic frame:
# C  [PhysXJniBindings_64.dll+0x53716]
#
# Failed to write core dump. Minidumps are not enabled by default on client versions of Windows
#
# If you would like to submit a bug report, please visit:
#   http://bugreport.java.com/bugreport/crash.jsp
# The crash happened outside the Java Virtual Machine in native code.
# See problematic frame for where to report the bug.
#

---------------  T H R E A D  ---------------

Current thread (0x0000000002d84000):  JavaThread "Render thread" [_thread_in_native, id=30992, stack(0x0000000002c80000,0x0000000002d80000)]

siginfo: ExceptionCode=0xc0000005, reading address 0x0000000000000000

Registers:
RAX=0x0000000000000000, RBX=0x0000000000000018, RCX=0x0000000000000000, RDX=0x0000000000000000
RSP=0x0000000002d7d7c0, RBP=0x0000000002d7d868, RSI=0x0000000000000003, RDI=0x0000000000000000
R8 =0x0000000000000003, R9 =0x0000000027c818c0, R10=0x0000000002e957c8, R11=0x0000000059b47bb0
R12=0x0000000000000000, R13=0x0000000040250d78, R14=0x0000000002d7d888, R15=0x0000000002d84000
RIP=0x00007ffa04ac3716, EFLAGS=0x0000000000010206

Top of Stack: (sp=0x0000000002d7d7c0)
0x0000000002d7d7c0:   00000000c11cf5c3 0000000002e95d20
0x0000000002d7d7d0:   000000065de346d0 0000000002e87800
0x0000000002d7d7e0:   000000000000000c 00000000094ed865
0x0000000002d7d7f0:   0000000002e87ced 0000000002e957f4
0x0000000002d7d800:   0000000040250d78 00000000f80bd9e1
0x0000000002d7d810:   0000000002d7d810 0000000000000000
0x0000000002d7d820:   0000000002d7d888 0000000002d7d828
0x0000000002d7d830:   0000000000000000 0000000002d7d888
0x0000000002d7d840:   0000000040259d58 0000000000000000
0x0000000002d7d850:   0000000040250d78 0000000000000000
0x0000000002d7d860:   0000000002d7d888 0000000002d7d8d0
0x0000000002d7d870:   0000000002e87800 000000065c673e48
0x0000000002d7d880:   0000000002e8f977 0000000000000003
0x0000000002d7d890:   0000000002d7d890 0000000040250cd1
0x0000000002d7d8a0:   0000000002d7d8e0 0000000040259d58
0x0000000002d7d8b0:   0000000000000000 0000000040250cf0 

Instructions: (pc=0x00007ffa04ac3716)
0x00007ffa04ac36f6:   89 74 24 10 57 48 83 ec 30 48 8b fa 8b f1 ff 15
0x00007ffa04ac3706:   86 3c 19 00 48 8b d8 ff 15 35 3c 19 00 48 8b c8
0x00007ffa04ac3716:   4c 8b 00 41 ff 50 28 84 c0 75 09 48 8d 05 a0 5e
0x00007ffa04ac3726:   12 00 eb 13 48 8d 15 8f 3f 19 00 48 8d 0d 20 2d 


Register to memory mapping:

RAX=0x0000000000000000 is an unknown value
RBX=0x0000000000000018 is an unknown value
RCX=0x0000000000000000 is an unknown value
RDX=0x0000000000000000 is an unknown value
RSP=0x0000000002d7d7c0 is pointing into the stack for thread: 0x0000000002d84000
RBP=0x0000000002d7d868 is pointing into the stack for thread: 0x0000000002d84000
RSI=0x0000000000000003 is an unknown value
RDI=0x0000000000000000 is an unknown value
R8 =0x0000000000000003 is an unknown value
R9 =0x0000000027c818c0 is an unknown value
R10=0x0000000002e957c8 is at code_begin+840 in an Interpreter codelet
method entry point (kind = native)  [0x0000000002e95480, 0x0000000002e95de0]  2400 bytes
R11=0x0000000059b47bb0 is an unknown value
R12=0x0000000000000000 is an unknown value
R13={method} {0x0000000040250d80} '_DefaultCpuDispatcherCreate' '(I)J' in 'physx/PxTopLevelFunctions'
R14=0x0000000002d7d888 is pointing into the stack for thread: 0x0000000002d84000
R15=0x0000000002d84000 is a thread


Stack: [0x0000000002c80000,0x0000000002d80000],  sp=0x0000000002d7d7c0,  free space=1013k
Native frames: (J=compiled Java code, j=interpreted, Vv=VM code, C=native code)
C  [PhysXJniBindings_64.dll+0x53716]
C  0x0000000002e957f4

Java frames: (J=compiled Java code, j=interpreted, Vv=VM code)
j  physx.PxTopLevelFunctions._DefaultCpuDispatcherCreate(I)J+0
j  physx.PxTopLevelFunctions.DefaultCpuDispatcherCreate(I)Lphysx/extensions/PxDefaultCpuDispatcher;+1
j  net.diebuddies.physics.DynamicsWorld.<init>(Lnet/minecraft/world/World;F)V+211
j  net.diebuddies.physics.PhysicsWorld.<init>(Lnet/minecraft/world/World;)V+83
j  net.diebuddies.physics.PhysicsMod.<init>(Lnet/minecraft/world/World;)V+180
j  net.diebuddies.physics.PhysicsMod.getInstance(Lnet/minecraft/world/World;)Lnet/diebuddies/physics/PhysicsMod;+22
j  net.minecraft.client.renderer.WorldRenderer.handler$bjc000$renderChunkLayerSolid(Lnet/minecraft/client/renderer/RenderType;Lcom/mojang/blaze3d/matrix/MatrixStack;DDDLorg/spongepowered/asm/mixin/injection/callback/CallbackInfo;)V+226
J 48564 C2 net.minecraft.client.renderer.WorldRenderer.func_228441_a_(Lnet/minecraft/client/renderer/RenderType;Lcom/mojang/blaze3d/matrix/MatrixStack;DDD)V (186 bytes) @ 0x000000000b1338f0 [0x000000000b130b40+0x2db0]
J 52725 C2 net.coderbot.iris.pipeline.ShadowRenderer.renderShadows(Lnet/coderbot/iris/mixin/LevelRendererAccessor;Lnet/minecraft/client/renderer/ActiveRenderInfo;)V (808 bytes) @ 0x000000000b212aac [0x000000000b211fe0+0xacc]
J 52865 C2 net.minecraft.client.renderer.WorldRenderer.func_228426_a_(Lcom/mojang/blaze3d/matrix/MatrixStack;FJZLnet/minecraft/client/renderer/ActiveRenderInfo;Lnet/minecraft/client/renderer/GameRenderer;Lnet/minecraft/client/renderer/LightTexture;Lnet/minecraft/util/math/vector/Matrix4f;)V (4063 bytes) @ 0x000000000baef3b4 [0x000000000baedfc0+0x13f4]
j  net.minecraft.client.renderer.GameRenderer.func_228378_a_(FJLcom/mojang/blaze3d/matrix/MatrixStack;)V+620
J 50982 C2 net.minecraft.client.renderer.GameRenderer.func_195458_a(FJZ)V (899 bytes) @ 0x000000000b70eee8 [0x000000000b70e7e0+0x708]
j  net.minecraft.client.Minecraft.func_195542_b(Z)V+385
j  net.minecraft.client.Minecraft.handler$cdg000$unloadWorldScreenshot(Lnet/minecraft/client/gui/screen/Screen;Lorg/spongepowered/asm/mixin/injection/callback/CallbackInfo;)V+21
j  net.minecraft.client.Minecraft.func_213231_b(Lnet/minecraft/client/gui/screen/Screen;)V+49
j  net.minecraft.client.Minecraft.func_213254_o()V+8
j  net.minecraft.client.network.play.ClientPlayNetHandler.func_147231_a(Lnet/minecraft/util/text/ITextComponent;)V+19
j  net.minecraft.network.NetworkManager.func_179293_l()V+60
J 48691 C1 net.minecraft.client.multiplayer.PlayerController.func_78765_e()V (41 bytes) @ 0x0000000005954c6c [0x00000000059548e0+0x38c]
J 29946 C1 net.minecraft.client.Minecraft.func_71407_l()V (981 bytes) @ 0x0000000007e40dac [0x0000000007e3ffe0+0xdcc]
j  net.minecraft.client.Minecraft.func_195542_b(Z)V+183
j  net.minecraft.client.Minecraft.handler$cdg000$unloadWorldScreenshot(Lnet/minecraft/client/gui/screen/Screen;Lorg/spongepowered/asm/mixin/injection/callback/CallbackInfo;)V+21
j  net.minecraft.client.Minecraft.func_213231_b(Lnet/minecraft/client/gui/screen/Screen;)V+49
j  net.minecraft.client.Minecraft.func_213254_o()V+8
j  net.minecraft.client.Minecraft.func_71405_e()V+66
j  net.minecraft.client.main.Main.main([Ljava/lang/String;)V+1445
v  ~StubRoutines::call_stub
j  sun.reflect.NativeMethodAccessorImpl.invoke0(Ljava/lang/reflect/Method;Ljava/lang/Object;[Ljava/lang/Object;)Ljava/lang/Object;+0
j  sun.reflect.NativeMethodAccessorImpl.invoke(Ljava/lang/Object;[Ljava/lang/Object;)Ljava/lang/Object;+100
J 2370 C1 sun.reflect.DelegatingMethodAccessorImpl.invoke(Ljava/lang/Object;[Ljava/lang/Object;)Ljava/lang/Object; (10 bytes) @ 0x00000000037bd00c [0x00000000037bcf00+0x10c]
J 2369 C1 java.lang.reflect.Method.invoke(Ljava/lang/Object;[Ljava/lang/Object;)Ljava/lang/Object; (62 bytes) @ 0x00000000037c086c [0x00000000037c0480+0x3ec]
j  net.minecraftforge.fml.loading.FMLClientLaunchProvider.lambda$launchService$0(Lcpw/mods/modlauncher/api/ITransformingClassLoader;[Ljava/lang/String;)Ljava/lang/Void;+50
j  net.minecraftforge.fml.loading.FMLClientLaunchProvider$$Lambda$502.call()Ljava/lang/Object;+12
j  cpw.mods.modlauncher.LaunchServiceHandlerDecorator.launch([Ljava/lang/String;Lcpw/mods/modlauncher/api/ITransformingClassLoader;)V+11
j  cpw.mods.modlauncher.LaunchServiceHandler.launch(Ljava/lang/String;[Ljava/lang/String;Lcpw/mods/modlauncher/TransformingClassLoader;Lcpw/mods/modlauncher/LaunchPluginHandler;)V+57
j  cpw.mods.modlauncher.LaunchServiceHandler.launch(Lcpw/mods/modlauncher/ArgumentHandler;Lcpw/mods/modlauncher/TransformingClassLoader;Lcpw/mods/modlauncher/LaunchPluginHandler;)V+19
j  cpw.mods.modlauncher.Launcher.run([Ljava/lang/String;)V+116
j  cpw.mods.modlauncher.Launcher.main([Ljava/lang/String;)V+37
v  ~StubRoutines::call_stub

---------------  P R O C E S S  ---------------

Java Threads: ( => current thread )
  0x000000003bbdc000 JavaThread "lava-daemon-pool-info-loader-11-thread-1" daemon [_thread_blocked, id=25352, stack(0x0000000091000000,0x0000000091100000)]
  0x000000003bbda000 JavaThread "LavaPlayer Audio Thread" [_thread_blocked, id=27308, stack(0x0000000053800000,0x0000000053900000)]
  0x000000003bbe0000 JavaThread "lava-daemon-pool-manager-12-thread-1" daemon [_thread_blocked, id=39428, stack(0x0000000045700000,0x0000000045800000)]
  0x000000003bbd8800 JavaThread "LavaPlayer Audio Thread" [_thread_blocked, id=29280, stack(0x0000000044e00000,0x0000000044f00000)]
  0x000000003bbdf000 JavaThread "lava-daemon-pool-manager-9-thread-1" daemon [_thread_blocked, id=40800, stack(0x00000000290f0000,0x00000000291f0000)]
  0x000000003bbc7000 JavaThread "ForkJoinPool.commonPool-worker-9" daemon [_thread_blocked, id=34428, stack(0x0000000158420000,0x0000000158520000)]
  0x000000003bbca800 JavaThread "Netty Client IO #8" daemon [_thread_in_native, id=6240, stack(0x0000000163190000,0x0000000163290000)]
  0x0000000039f1a800 JavaThread "pool-12-thread-1" [_thread_blocked, id=35448, stack(0x0000000163950000,0x0000000163a50000)]
  0x000000003bd71000 JavaThread "Chunk Render Task Executor #9" [_thread_blocked, id=38672, stack(0x00000000c3b20000,0x00000000c3c20000)]
  0x000000003bd72800 JavaThread "Chunk Render Task Executor #8" [_thread_blocked, id=41752, stack(0x00000000bd550000,0x00000000bd650000)]
  0x000000003bd73800 JavaThread "Chunk Render Task Executor #7" [_thread_blocked, id=32392, stack(0x00000000bd450000,0x00000000bd550000)]
  0x000000003bd70800 JavaThread "Chunk Render Task Executor #6" [_thread_blocked, id=26500, stack(0x00000000bd350000,0x00000000bd450000)]
  0x000000003bd77000 JavaThread "Chunk Render Task Executor #5" [_thread_blocked, id=23248, stack(0x00000000bd250000,0x00000000bd350000)]
  0x000000003bd6c800 JavaThread "Chunk Render Task Executor #4" [_thread_blocked, id=676, stack(0x00000000b6080000,0x00000000b6180000)]
  0x000000003bd6e000 JavaThread "Chunk Render Task Executor #3" [_thread_blocked, id=37872, stack(0x000000009ea30000,0x000000009eb30000)]
  0x000000003bd6f800 JavaThread "Chunk Render Task Executor #2" [_thread_blocked, id=8620, stack(0x000000009cae0000,0x000000009cbe0000)]
  0x000000003bd6f000 JavaThread "Chunk Render Task Executor #1" [_thread_blocked, id=23128, stack(0x0000000090670000,0x0000000090770000)]
  0x00000000366dc000 JavaThread "Chunk Render Task Executor #0" [_thread_blocked, id=37484, stack(0x0000000045500000,0x0000000045600000)]
  0x0000000032334800 JavaThread "ForkJoinPool.commonPool-worker-7" daemon [_thread_blocked, id=30768, stack(0x0000000158a20000,0x0000000158b20000)]
  0x000000003232c800 JavaThread "ForkJoinPool.commonPool-worker-0" daemon [_thread_blocked, id=29404, stack(0x0000000158920000,0x0000000158a20000)]
  0x000000003c027800 JavaThread "ForkJoinPool.commonPool-worker-14" daemon [_thread_blocked, id=29904, stack(0x0000000158820000,0x0000000158920000)]
  0x000000003c026800 JavaThread "ForkJoinPool.commonPool-worker-5" daemon [_thread_blocked, id=37976, stack(0x0000000158720000,0x0000000158820000)]
  0x000000003c029000 JavaThread "ForkJoinPool.commonPool-worker-10" daemon [_thread_blocked, id=39872, stack(0x0000000158620000,0x0000000158720000)]
  0x0000000037f4f800 JavaThread "ForkJoinPool.commonPool-worker-3" daemon [_thread_blocked, id=27032, stack(0x0000000158520000,0x0000000158620000)]
  0x0000000037f44000 JavaThread "ForkJoinPool.commonPool-worker-1" daemon [_thread_blocked, id=23208, stack(0x0000000158320000,0x0000000158420000)]
  0x000000003bd78800 JavaThread "ForkJoinPool.commonPool-worker-8" daemon [_thread_blocked, id=7052, stack(0x0000000158220000,0x0000000158320000)]
  0x000000003bd76800 JavaThread "ForkJoinPool.commonPool-worker-15" daemon [_thread_blocked, id=9852, stack(0x0000000158120000,0x0000000158220000)]
  0x000000003bd75800 JavaThread "ForkJoinPool.commonPool-worker-6" daemon [_thread_blocked, id=29652, stack(0x0000000158020000,0x0000000158120000)]
  0x000000003bd75000 JavaThread "ForkJoinPool.commonPool-worker-13" daemon [_thread_blocked, id=11912, stack(0x0000000152d10000,0x0000000152e10000)]
  0x000000003bd74000 JavaThread "ForkJoinPool.commonPool-worker-4" daemon [_thread_blocked, id=42260, stack(0x0000000151ba0000,0x0000000151ca0000)]
  0x000000003bd78000 JavaThread "ForkJoinPool.commonPool-worker-11" daemon [_thread_blocked, id=41332, stack(0x0000000151840000,0x0000000151940000)]
  0x000000003bd62000 JavaThread "ForkJoinPool.commonPool-worker-2" daemon [_thread_blocked, id=38136, stack(0x0000000092230000,0x0000000092330000)]
  0x000000003c02f800 JavaThread "Litematica Chunk Batcher 15" daemon [_thread_blocked, id=28160, stack(0x00000000c6d20000,0x00000000c6e20000)]
  0x000000003c032000 JavaThread "Litematica Chunk Batcher 14" daemon [_thread_blocked, id=35416, stack(0x00000000c6c20000,0x00000000c6d20000)]
  0x000000003c02f000 JavaThread "Litematica Chunk Batcher 13" daemon [_thread_blocked, id=27176, stack(0x00000000c6b20000,0x00000000c6c20000)]
  0x000000003c031000 JavaThread "Litematica Chunk Batcher 12" daemon [_thread_blocked, id=40936, stack(0x00000000c6a20000,0x00000000c6b20000)]
  0x000000003c033800 JavaThread "Litematica Chunk Batcher 11" daemon [_thread_blocked, id=40340, stack(0x00000000c6920000,0x00000000c6a20000)]
  0x000000003c02d800 JavaThread "Litematica Chunk Batcher 10" daemon [_thread_blocked, id=33780, stack(0x00000000c6820000,0x00000000c6920000)]
  0x000000003c02e000 JavaThread "Litematica Chunk Batcher 9" daemon [_thread_blocked, id=41360, stack(0x00000000c6720000,0x00000000c6820000)]
  0x000000003c026000 JavaThread "Litematica Chunk Batcher 8" daemon [_thread_blocked, id=40020, stack(0x00000000c6620000,0x00000000c6720000)]
  0x000000003c02c800 JavaThread "Litematica Chunk Batcher 7" daemon [_thread_blocked, id=30448, stack(0x00000000c6520000,0x00000000c6620000)]
  0x000000003c02c000 JavaThread "Litematica Chunk Batcher 6" daemon [_thread_blocked, id=37740, stack(0x00000000c6420000,0x00000000c6520000)]
  0x000000003c025000 JavaThread "Litematica Chunk Batcher 5" daemon [_thread_blocked, id=34892, stack(0x00000000c4320000,0x00000000c4420000)]
  0x000000003c02b000 JavaThread "Litematica Chunk Batcher 4" daemon [_thread_blocked, id=29988, stack(0x00000000c4220000,0x00000000c4320000)]
  0x000000003c02a800 JavaThread "Litematica Chunk Batcher 3" daemon [_thread_blocked, id=32936, stack(0x00000000c4120000,0x00000000c4220000)]
  0x000000003c029800 JavaThread "Litematica Chunk Batcher 2" daemon [_thread_blocked, id=39360, stack(0x00000000c4020000,0x00000000c4120000)]
  0x000000003c028000 JavaThread "Litematica Chunk Batcher 1" daemon [_thread_blocked, id=21868, stack(0x00000000c3f20000,0x00000000c4020000)]
  0x000000003c024800 JavaThread "Litematica Chunk Batcher 0" daemon [_thread_blocked, id=20392, stack(0x00000000c3e20000,0x00000000c3f20000)]
  0x0000000039f16000 JavaThread "Netty Client IO #7" daemon [_thread_in_native, id=39228, stack(0x000000005b330000,0x000000005b430000)]
  0x0000000039f1d000 JavaThread "Sound engine" daemon [_thread_blocked, id=23172, stack(0x00000000580f0000,0x00000000581f0000)]
  0x0000000039f19000 JavaThread "Netty Client IO #6" daemon [_thread_in_native, id=39844, stack(0x0000000045a00000,0x0000000045b00000)]
  0x0000000039f1a000 JavaThread "Netty Client IO #5" daemon [_thread_in_native, id=39244, stack(0x0000000053500000,0x0000000053600000)]
  0x0000000039f17800 JavaThread "Netty Client IO #4" daemon [_thread_in_native, id=7772, stack(0x000000009eb30000,0x000000009ec30000)]
  0x0000000039f0f000 JavaThread "Netty Client IO #3" daemon [_thread_in_native, id=10216, stack(0x000000009e930000,0x000000009ea30000)]
  0x0000000039f15000 JavaThread "Server Pinger #4" daemon [_thread_blocked, id=31640, stack(0x000000009df10000,0x000000009e010000)]
  0x0000000039f0d800 JavaThread "Netty Client IO #2" daemon [_thread_in_native, id=30048, stack(0x0000000090770000,0x0000000090870000)]
  0x0000000039f14800 JavaThread "Netty Client IO #1" daemon [_thread_in_native, id=34668, stack(0x0000000053700000,0x0000000053800000)]
  0x0000000039f13000 JavaThread "Netty Client IO #0" daemon [_thread_in_native, id=33972, stack(0x0000000000ee0000,0x0000000000fe0000)]
  0x0000000039f12000 JavaThread "ObjectCleanerThread" daemon [_thread_blocked, id=10024, stack(0x0000000000cd0000,0x0000000000dd0000)]
  0x00000000349fc000 JavaThread "Server Pinger #3" daemon [_thread_blocked, id=32500, stack(0x000000009bb60000,0x000000009bc60000)]
  0x000000003232f800 JavaThread "Server Pinger #2" daemon [_thread_blocked, id=42700, stack(0x000000009ba60000,0x000000009bb60000)]
  0x0000000036ad0000 JavaThread "Server Pinger #1" daemon [_thread_blocked, id=31112, stack(0x000000009ac90000,0x000000009ad90000)]
  0x0000000034a4a800 JavaThread "Thread-65" daemon [_thread_in_native, id=31712, stack(0x00000000917e0000,0x00000000918e0000)]
  0x0000000034a49800 JavaThread "Server Pinger #0" daemon [_thread_blocked, id=40884, stack(0x0000000045600000,0x0000000045700000)]
  0x0000000037f4b000 JavaThread "spark-worker-pool-1-thread-4" daemon [_thread_blocked, id=31772, stack(0x0000000091c80000,0x0000000091d80000)]
  0x0000000037f42000 JavaThread "spark-worker-pool-1-thread-3" daemon [_thread_blocked, id=14664, stack(0x0000000072970000,0x0000000072a70000)]
  0x0000000037f4a000 JavaThread "Thread-62" daemon [_thread_blocked, id=2180, stack(0x0000000070760000,0x0000000070860000)]
  0x0000000037f49800 JavaThread "Java2D Disposer" daemon [_thread_blocked, id=32408, stack(0x000000006aca0000,0x000000006ada0000)]
  0x0000000037f48800 JavaThread "Thread-60" daemon [_thread_blocked, id=692, stack(0x0000000069640000,0x0000000069740000)]
  0x0000000037f48000 JavaThread "spark-worker-pool-1-thread-2" daemon [_thread_blocked, id=38536, stack(0x000000006aa40000,0x000000006ab40000)]
  0x0000000037f40800 JavaThread "spark-worker-pool-1-thread-1" daemon [_thread_blocked, id=25648, stack(0x0000000069970000,0x0000000069a70000)]
  0x0000000037f45800 JavaThread "spark-monitor" daemon [_thread_blocked, id=42604, stack(0x0000000028b90000,0x0000000028c90000)]
  0x0000000037f43800 JavaThread "pool-5-thread-1" [_thread_blocked, id=19236, stack(0x0000000069130000,0x0000000069230000)]
  0x0000000034a4c800 JavaThread "Thread-56" daemon [_thread_in_native, id=16432, stack(0x0000000067940000,0x0000000067a40000)]
  0x0000000034a4b000 JavaThread "Thread-55" daemon [_thread_in_native, id=36756, stack(0x000000005d830000,0x000000005d930000)]
  0x0000000034a4e000 JavaThread "Thread-54" daemon [_thread_in_native, id=37092, stack(0x0000000056040000,0x0000000056140000)]
  0x0000000034a4d800 JavaThread "Thread-53" daemon [_thread_in_native, id=34840, stack(0x000000005c070000,0x000000005c170000)]
  0x0000000034a42000 JavaThread "Thread-52" daemon [_thread_in_native, id=3100, stack(0x0000000055020000,0x0000000055120000)]
  0x0000000034a41800 JavaThread "Thread-51" daemon [_thread_in_native, id=26196, stack(0x0000000053f00000,0x0000000054000000)]
  0x0000000034a48000 JavaThread "Thread-50" daemon [_thread_in_native, id=28896, stack(0x0000000053e00000,0x0000000053f00000)]
  0x0000000034a43800 JavaThread "Config Lib config file watcher" daemon [_thread_blocked, id=21708, stack(0x0000000052610000,0x0000000052710000)]
  0x0000000034a45000 JavaThread "Thread-47" daemon [_thread_in_native, id=21056, stack(0x00000000527b0000,0x00000000528b0000)]
  0x0000000036acb800 JavaThread "pool-4-thread-16" [_thread_blocked, id=33624, stack(0x000000004d0b0000,0x000000004d1b0000)]
  0x0000000036acc800 JavaThread "pool-4-thread-15" [_thread_blocked, id=8584, stack(0x000000004ce70000,0x000000004cf70000)]
  0x0000000036ad1000 JavaThread "pool-4-thread-14" [_thread_blocked, id=41732, stack(0x0000000045900000,0x0000000045a00000)]
  0x0000000036ac4000 JavaThread "pool-4-thread-13" [_thread_blocked, id=30572, stack(0x000000004c4b0000,0x000000004c5b0000)]
  0x0000000036acb000 JavaThread "pool-4-thread-12" [_thread_blocked, id=27720, stack(0x000000004c620000,0x000000004c720000)]
  0x0000000036ac3800 JavaThread "pool-4-thread-11" [_thread_blocked, id=30712, stack(0x000000004bce0000,0x000000004bde0000)]
  0x0000000036aca000 JavaThread "pool-4-thread-10" [_thread_blocked, id=23924, stack(0x000000004bec0000,0x000000004bfc0000)]
  0x0000000036ac9800 JavaThread "pool-4-thread-9" [_thread_blocked, id=33456, stack(0x000000004b9e0000,0x000000004bae0000)]
  0x0000000036ac2800 JavaThread "Thread-45" daemon [_thread_in_native, id=39256, stack(0x000000004b8e0000,0x000000004b9e0000)]
  0x0000000036ac8000 JavaThread "Thread-44" daemon [_thread_in_native, id=9940, stack(0x000000004b5e0000,0x000000004b6e0000)]
  0x0000000036ac6800 JavaThread "Thread-43" daemon [_thread_in_native, id=40268, stack(0x000000004b4e0000,0x000000004b5e0000)]
  0x0000000036ac8800 JavaThread "Thread-42" daemon [_thread_in_native, id=36488, stack(0x000000004b3e0000,0x000000004b4e0000)]
  0x0000000036ac5000 JavaThread "pool-4-thread-8" [_thread_blocked, id=39868, stack(0x000000004b2e0000,0x000000004b3e0000)]
  0x0000000036ac2000 JavaThread "Thread-41" daemon [_thread_in_native, id=27664, stack(0x000000004b1e0000,0x000000004b2e0000)]
  0x0000000034a01000 JavaThread "Thread-40" daemon [_thread_in_native, id=39148, stack(0x0000000049310000,0x0000000049410000)]
  0x0000000034a07000 JavaThread "Thread-39" daemon [_thread_in_native, id=6160, stack(0x000000004b0e0000,0x000000004b1e0000)]
  0x0000000034a06800 JavaThread "Thread-38" daemon [_thread_in_native, id=24720, stack(0x000000004ade0000,0x000000004aee0000)]
  0x0000000034a08000 JavaThread "Thread-37" daemon [_thread_in_native, id=22960, stack(0x000000004aa90000,0x000000004ab90000)]
  0x00000000349fe000 JavaThread "Thread-36" daemon [_thread_in_native, id=30300, stack(0x000000004a7e0000,0x000000004a8e0000)]
  0x0000000034a05000 JavaThread "Thread-35" daemon [_thread_in_native, id=3456, stack(0x000000004a6e0000,0x000000004a7e0000)]
  0x00000000349fd800 JavaThread "pool-4-thread-7" [_thread_blocked, id=23368, stack(0x000000004a990000,0x000000004aa90000)]
  0x0000000034a02000 JavaThread "Thread-34" daemon [_thread_in_native, id=10144, stack(0x000000004a330000,0x000000004a430000)]
  0x0000000034a04000 JavaThread "pool-4-thread-5" [_thread_blocked, id=5868, stack(0x000000004a230000,0x000000004a330000)]
  0x00000000349fc800 JavaThread "pool-4-thread-6" [_thread_blocked, id=33328, stack(0x000000004a130000,0x000000004a230000)]
  0x0000000034a03800 JavaThread "Thread-33" daemon [_thread_in_native, id=25928, stack(0x00000000497b0000,0x00000000498b0000)]
  0x0000000034a00800 JavaThread "pool-4-thread-4" [_thread_blocked, id=30676, stack(0x0000000047fd0000,0x00000000480d0000)]
  0x0000000034a02800 JavaThread "Thread-31" daemon [_thread_in_native, id=27504, stack(0x00000000421a0000,0x00000000422a0000)]
  0x00000000349ff800 JavaThread "Thread-30" daemon [_thread_in_native, id=34460, stack(0x0000000049930000,0x0000000049a30000)]
  0x00000000349f9800 JavaThread "pool-4-thread-3" [_thread_blocked, id=37016, stack(0x00000000496b0000,0x00000000497b0000)]
  0x00000000349fa800 JavaThread "pool-4-thread-2" [_thread_blocked, id=37304, stack(0x00000000488f0000,0x00000000489f0000)]
  0x00000000349f9000 JavaThread "pool-4-thread-1" [_thread_blocked, id=37788, stack(0x0000000049010000,0x0000000049110000)]
  0x00000000349fb000 JavaThread "Thread-29" daemon [_thread_in_native, id=3040, stack(0x0000000048c10000,0x0000000048d10000)]
  0x00000000349ff000 JavaThread "Thread-28" daemon [_thread_in_native, id=26412, stack(0x00000000487f0000,0x00000000488f0000)]
  0x00000000366cd800 JavaThread "Thread-27" daemon [_thread_blocked, id=6604, stack(0x00000000486f0000,0x00000000487f0000)]
  0x0000000032333000 JavaThread "Java Sound Event Dispatcher" daemon [_thread_blocked, id=36048, stack(0x0000000041b90000,0x0000000041c90000)]
  0x0000000032334000 JavaThread "Thread-25" daemon [_thread_blocked, id=39696, stack(0x0000000040430000,0x0000000040530000)]
  0x0000000032330000 JavaThread "lava-daemon-pool-info-loader-5-thread-1" daemon [_thread_blocked, id=29620, stack(0x0000000040130000,0x0000000040230000)]
  0x0000000032337000 JavaThread "LavaPlayer Audio Thread" daemon [_thread_blocked, id=41376, stack(0x0000000040030000,0x0000000040130000)]
  0x0000000032336000 JavaThread "lava-daemon-pool-manager-6-thread-1" daemon [_thread_blocked, id=29840, stack(0x000000003ff30000,0x0000000040030000)]
  0x0000000032331800 JavaThread "LavaPlayer Audio Thread" daemon [_thread_blocked, id=39224, stack(0x000000003f440000,0x000000003f540000)]
  0x0000000032335800 JavaThread "Thread-24" daemon [_thread_in_native, id=36868, stack(0x0000000046400000,0x0000000046500000)]
  0x0000000032337800 JavaThread "lava-daemon-pool-manager-3-thread-1" daemon [_thread_blocked, id=33984, stack(0x0000000046500000,0x0000000046600000)]
  0x000000003232a000 JavaThread "modloading-worker-5" daemon [_thread_blocked, id=42908, stack(0x0000000045800000,0x0000000045900000)]
  0x000000003232e800 JavaThread "modloading-worker-1" daemon [_thread_blocked, id=33264, stack(0x0000000045400000,0x0000000045500000)]
  0x000000003232b800 JavaThread "modloading-worker-15" daemon [_thread_blocked, id=21092, stack(0x0000000045200000,0x0000000045300000)]
  0x00000000366d5800 JavaThread "modloading-worker-2" daemon [_thread_blocked, id=40304, stack(0x0000000044d00000,0x0000000044e00000)]
  0x00000000366d8000 JavaThread "Snooper Timer" daemon [_thread_blocked, id=37076, stack(0x0000000037a00000,0x0000000037b00000)]
  0x00000000366ce000 JavaThread "Timer hack thread" daemon [_thread_blocked, id=38840, stack(0x00000000354d0000,0x00000000355d0000)]
  0x00000000366d0800 JavaThread "Thread-20" daemon [_thread_in_native, id=38972, stack(0x000000003b1b0000,0x000000003b2b0000)]
  0x00000000366d2800 JavaThread "Thread-19" daemon [_thread_in_native, id=40588, stack(0x000000003b0b0000,0x000000003b1b0000)]
  0x00000000366d4000 JavaThread "Thread-18" daemon [_thread_in_native, id=38012, stack(0x000000003afb0000,0x000000003b0b0000)]
  0x00000000366cf800 JavaThread "Thread-17" daemon [_thread_in_native, id=35764, stack(0x000000003aeb0000,0x000000003afb0000)]
  0x00000000366d3800 JavaThread "Thread-16" daemon [_thread_in_native, id=42128, stack(0x000000003adb0000,0x000000003aeb0000)]
  0x00000000366cc800 JavaThread "Thread-15" daemon [_thread_in_native, id=42080, stack(0x000000003acb0000,0x000000003adb0000)]
  0x00000000366d1000 JavaThread "Thread-14" daemon [_thread_in_native, id=33280, stack(0x000000003abb0000,0x000000003acb0000)]
  0x00000000366cf000 JavaThread "Thread-13" daemon [_thread_in_native, id=42312, stack(0x000000003aab0000,0x000000003abb0000)]
  0x00000000230bb000 JavaThread "Thread-12" daemon [_thread_in_native, id=27680, stack(0x000000003a9b0000,0x000000003aab0000)]
  0x00000000230ba000 JavaThread "Thread-11" daemon [_thread_in_native, id=10512, stack(0x000000003a8b0000,0x000000003a9b0000)]
  0x00000000230b7000 JavaThread "Thread-10" daemon [_thread_in_native, id=5316, stack(0x000000003a7b0000,0x000000003a8b0000)]
  0x00000000230b6800 JavaThread "Thread-9" daemon [_thread_in_native, id=19556, stack(0x000000003a6b0000,0x000000003a7b0000)]
  0x00000000230bb800 JavaThread "Thread-8" daemon [_thread_in_native, id=5228, stack(0x000000003a5b0000,0x000000003a6b0000)]
  0x00000000270fe800 JavaThread "Thread-7" daemon [_thread_in_native, id=15888, stack(0x0000000039410000,0x0000000039510000)]
  0x0000000030b6a000 JavaThread "Thread-6" daemon [_thread_in_native, id=41700, stack(0x0000000039310000,0x0000000039410000)]
  0x0000000025f27800 JavaThread "Thread-5" daemon [_thread_in_native, id=7796, stack(0x0000000037d80000,0x0000000037e80000)]
  0x000000003537a000 JavaThread "Thread-4" daemon [_thread_in_native, id=36528, stack(0x0000000037c80000,0x0000000037d80000)]
  0x000000002812d800 JavaThread "Thread-2" daemon [_thread_in_native, id=28664, stack(0x0000000028f90000,0x0000000029090000)]
  0x00000000267e9000 JavaThread "Thread-1" daemon [_thread_blocked, id=33672, stack(0x0000000028e90000,0x0000000028f90000)]
  0x0000000023142000 JavaThread "Service Thread" daemon [_thread_blocked, id=31304, stack(0x00000000258b0000,0x00000000259b0000)]
  0x00000000230b8000 JavaThread "C1 CompilerThread11" daemon [_thread_blocked, id=30512, stack(0x00000000257b0000,0x00000000258b0000)]
  0x00000000230bc800 JavaThread "C1 CompilerThread10" daemon [_thread_blocked, id=41236, stack(0x00000000256b0000,0x00000000257b0000)]
  0x00000000230b8800 JavaThread "C1 CompilerThread9" daemon [_thread_blocked, id=20304, stack(0x00000000255b0000,0x00000000256b0000)]
  0x00000000230b5800 JavaThread "C1 CompilerThread8" daemon [_thread_blocked, id=32272, stack(0x00000000253b0000,0x00000000254b0000)]
  0x00000000230a3000 JavaThread "C2 CompilerThread7" daemon [_thread_blocked, id=40908, stack(0x00000000252b0000,0x00000000253b0000)]
  0x0000000023072000 JavaThread "C2 CompilerThread6" daemon [_thread_blocked, id=4184, stack(0x00000000251b0000,0x00000000252b0000)]
  0x0000000023069800 JavaThread "C2 CompilerThread5" daemon [_thread_blocked, id=32916, stack(0x00000000250b0000,0x00000000251b0000)]
  0x0000000023064000 JavaThread "C2 CompilerThread4" daemon [_thread_blocked, id=31372, stack(0x0000000024fb0000,0x00000000250b0000)]
  0x000000002305b000 JavaThread "C2 CompilerThread3" daemon [_thread_blocked, id=26768, stack(0x0000000024eb0000,0x0000000024fb0000)]
  0x0000000023058000 JavaThread "C2 CompilerThread2" daemon [_thread_blocked, id=32632, stack(0x0000000024db0000,0x0000000024eb0000)]
  0x0000000023054000 JavaThread "C2 CompilerThread1" daemon [_thread_blocked, id=38628, stack(0x0000000024cb0000,0x0000000024db0000)]
  0x0000000023052800 JavaThread "C2 CompilerThread0" daemon [_thread_blocked, id=38616, stack(0x0000000024bb0000,0x0000000024cb0000)]
  0x0000000023051800 JavaThread "Attach Listener" daemon [_thread_blocked, id=36192, stack(0x0000000024ab0000,0x0000000024bb0000)]
  0x000000002304e000 JavaThread "Signal Dispatcher" daemon [_thread_blocked, id=10208, stack(0x00000000249b0000,0x0000000024ab0000)]
  0x00000000215c3800 JavaThread "Finalizer" daemon [_thread_blocked, id=42776, stack(0x00000000248b0000,0x00000000249b0000)]
  0x00000000215b9800 JavaThread "Reference Handler" daemon [_thread_blocked, id=25956, stack(0x00000000247b0000,0x00000000248b0000)]
=>0x0000000002d84000 JavaThread "Render thread" [_thread_in_native, id=30992, stack(0x0000000002c80000,0x0000000002d80000)]

Other Threads:
  0x0000000023014000 VMThread [stack: 0x00000000246b0000,0x00000000247b0000] [id=33292]
  0x000000002312e000 WatcherThread [stack: 0x00000000259b0000,0x0000000025ab0000] [id=42836]

VM state:not at safepoint (normal execution)

VM Mutex/Monitor currently owned by a thread: None

Heap:
 PSYoungGen      total 1566720K, used 1235691K [0x0000000742000000, 0x00000007ba400000, 0x00000007c0000000)
  eden space 1188864K, 98% used [0x0000000742000000,0x00000007896c51a8,0x000000078a900000)
  from space 377856K, 17% used [0x00000007a3300000,0x00000007a72f5c08,0x00000007ba400000)
  to   space 390656K, 0% used [0x000000078a900000,0x000000078a900000,0x00000007a2680000)
 ParOldGen       total 2059264K, used 1601622K [0x0000000646000000, 0x00000006c3b00000, 0x0000000742000000)
  object space 2059264K, 77% used [0x0000000646000000,0x00000006a7c15af8,0x00000006c3b00000)
 Metaspace       used 262440K, capacity 298368K, committed 298496K, reserved 1292288K
  class space    used 44991K, capacity 54667K, committed 54784K, reserved 1048576K

Card table byte_map: [0x0000000012240000,0x0000000012e20000] byte_map_base: 0x000000000f010000

Marking Bits: (ParMarkBitMap*) 0x000000005a124040
 Begin Bits: [0x0000000014300000, 0x000000001a180000)
 End Bits:   [0x000000001a180000, 0x0000000020000000)

Polling page: 0x0000000001160000

CodeCache: size=245760Kb used=141539Kb max_used=143186Kb free=104220Kb
 bounds [0x0000000002e80000, 0x000000000bb90000, 0x0000000011e80000]
 total_blobs=40305 nmethods=37651 adapters=2556
 compilation: enabled

Compilation events (10 events):
Event: 199.228 Thread 0x00000000230b8800 nmethod 53248 0x000000000a7a60d0 code [0x000000000a7a6220, 0x000000000a7a6330]
Event: 199.233 Thread 0x00000000230a3000 nmethod 53249 0x0000000008050190 code [0x0000000008050340, 0x0000000008050a08]
Event: 199.235 Thread 0x0000000023072000 53250       4       net.coderbot.iris.rendertarget.RenderTarget::requireValid (18 bytes)
Event: 199.235 Thread 0x0000000023072000 nmethod 53250 0x0000000009489410 code [0x0000000009489540, 0x00000000094895b8]
Event: 199.244 Thread 0x00000000230b8000 53251       1       net.coderbot.iris.pipeline.ClearPassInformation::getColor (5 bytes)
Event: 199.244 Thread 0x00000000230b8000 nmethod 53251 0x000000000804fe90 code [0x000000000804ffe0, 0x00000000080500f0]
Event: 199.261 Thread 0x00000000230b5800 53252       3       net.coderbot.iris.gl.IrisRenderSystem$DSAARB::readBuffer (6 bytes)
Event: 199.261 Thread 0x00000000230bc800 53253       3       org.lwjgl.opengl.ARBDirectStateAccess::glNamedFramebufferReadBuffer (6 bytes)
Event: 199.262 Thread 0x00000000230b5800 nmethod 53252 0x000000000ac6a410 code [0x000000000ac6a580, 0x000000000ac6a768]
Event: 199.262 Thread 0x00000000230bc800 nmethod 53253 0x000000000ae04250 code [0x000000000ae043c0, 0x000000000ae04528]

GC Heap History (10 events):
Event: 165.582 GC heap before
{Heap before GC invocations=87 (full 7):
 PSYoungGen      total 1583104K, used 1249478K [0x0000000742000000, 0x00000007bdd00000, 0x00000007c0000000)
  eden space 1137152K, 100% used [0x0000000742000000,0x0000000787680000,0x0000000787680000)
  from space 445952K, 25% used [0x0000000787680000,0x000000078e431928,0x00000007a2a00000)
  to   space 435200K, 0% used [0x00000007a3400000,0x00000007a3400000,0x00000007bdd00000)
 ParOldGen       total 2059264K, used 1536014K [0x0000000646000000, 0x00000006c3b00000, 0x0000000742000000)
  object space 2059264K, 74% used [0x0000000646000000,0x00000006a3c039f8,0x00000006c3b00000)
 Metaspace       used 262203K, capacity 298078K, committed 298112K, reserved 1292288K
  class space    used 44976K, capacity 54646K, committed 54656K, reserved 1048576K
Event: 165.618 GC heap after
Heap after GC invocations=87 (full 7):
 PSYoungGen      total 1567744K, used 110801K [0x0000000742000000, 0x00000007bc500000, 0x00000007c0000000)
  eden space 1157120K, 0% used [0x0000000742000000,0x0000000742000000,0x0000000788a00000)
  from space 410624K, 26% used [0x00000007a3400000,0x00000007aa034500,0x00000007bc500000)
  to   space 423424K, 0% used [0x0000000788a00000,0x0000000788a00000,0x00000007a2780000)
 ParOldGen       total 2059264K, used 1541894K [0x0000000646000000, 0x00000006c3b00000, 0x0000000742000000)
  object space 2059264K, 74% used [0x0000000646000000,0x00000006a41c19f8,0x00000006c3b00000)
 Metaspace       used 262203K, capacity 298078K, committed 298112K, reserved 1292288K
  class space    used 44976K, capacity 54646K, committed 54656K, reserved 1048576K
}
Event: 170.719 GC heap before
{Heap before GC invocations=88 (full 7):
 PSYoungGen      total 1567744K, used 1267921K [0x0000000742000000, 0x00000007bc500000, 0x00000007c0000000)
  eden space 1157120K, 100% used [0x0000000742000000,0x0000000788a00000,0x0000000788a00000)
  from space 410624K, 26% used [0x00000007a3400000,0x00000007aa034500,0x00000007bc500000)
  to   space 423424K, 0% used [0x0000000788a00000,0x0000000788a00000,0x00000007a2780000)
 ParOldGen       total 2059264K, used 1541894K [0x0000000646000000, 0x00000006c3b00000, 0x0000000742000000)
  object space 2059264K, 74% used [0x0000000646000000,0x00000006a41c19f8,0x00000006c3b00000)
 Metaspace       used 262251K, capacity 298178K, committed 298368K, reserved 1292288K
  class space    used 44976K, capacity 54646K, committed 54656K, reserved 1048576K
Event: 170.755 GC heap after
Heap after GC invocations=88 (full 7):
 PSYoungGen      total 1580544K, used 75431K [0x0000000742000000, 0x00000007bcc00000, 0x00000007c0000000)
  eden space 1157120K, 0% used [0x0000000742000000,0x0000000742000000,0x0000000788a00000)
  from space 423424K, 17% used [0x0000000788a00000,0x000000078d3a9c58,0x00000007a2780000)
  to   space 417280K, 0% used [0x00000007a3480000,0x00000007a3480000,0x00000007bcc00000)
 ParOldGen       total 2059264K, used 1580480K [0x0000000646000000, 0x00000006c3b00000, 0x0000000742000000)
  object space 2059264K, 76% used [0x0000000646000000,0x00000006a6770318,0x00000006c3b00000)
 Metaspace       used 262251K, capacity 298178K, committed 298368K, reserved 1292288K
  class space    used 44976K, capacity 54646K, committed 54656K, reserved 1048576K
}
Event: 176.919 GC heap before
{Heap before GC invocations=89 (full 7):
 PSYoungGen      total 1580544K, used 1232551K [0x0000000742000000, 0x00000007bcc00000, 0x00000007c0000000)
  eden space 1157120K, 100% used [0x0000000742000000,0x0000000788a00000,0x0000000788a00000)
  from space 423424K, 17% used [0x0000000788a00000,0x000000078d3a9c58,0x00000007a2780000)
  to   space 417280K, 0% used [0x00000007a3480000,0x00000007a3480000,0x00000007bcc00000)
 ParOldGen       total 2059264K, used 1580480K [0x0000000646000000, 0x00000006c3b00000, 0x0000000742000000)
  object space 2059264K, 76% used [0x0000000646000000,0x00000006a6770318,0x00000006c3b00000)
 Metaspace       used 262278K, capacity 298186K, committed 298368K, reserved 1292288K
  class space    used 44976K, capacity 54646K, committed 54656K, reserved 1048576K
Event: 176.947 GC heap after
Heap after GC invocations=89 (full 7):
 PSYoungGen      total 1576448K, used 62647K [0x0000000742000000, 0x00000007bbd00000, 0x00000007c0000000)
  eden space 1174528K, 0% used [0x0000000742000000,0x0000000742000000,0x0000000789b00000)
  from space 401920K, 15% used [0x00000007a3480000,0x00000007a71adc08,0x00000007bbd00000)
  to   space 410624K, 0% used [0x0000000789b00000,0x0000000789b00000,0x00000007a2c00000)
 ParOldGen       total 2059264K, used 1596022K [0x0000000646000000, 0x00000006c3b00000, 0x0000000742000000)
  object space 2059264K, 77% used [0x0000000646000000,0x00000006a769daf8,0x00000006c3b00000)
 Metaspace       used 262278K, capacity 298186K, committed 298368K, reserved 1292288K
  class space    used 44976K, capacity 54646K, committed 54656K, reserved 1048576K
}
Event: 183.838 GC heap before
{Heap before GC invocations=90 (full 7):
 PSYoungGen      total 1576448K, used 1237175K [0x0000000742000000, 0x00000007bbd00000, 0x00000007c0000000)
  eden space 1174528K, 100% used [0x0000000742000000,0x0000000789b00000,0x0000000789b00000)
  from space 401920K, 15% used [0x00000007a3480000,0x00000007a71adc08,0x00000007bbd00000)
  to   space 410624K, 0% used [0x0000000789b00000,0x0000000789b00000,0x00000007a2c00000)
 ParOldGen       total 2059264K, used 1596022K [0x0000000646000000, 0x00000006c3b00000, 0x0000000742000000)
  object space 2059264K, 77% used [0x0000000646000000,0x00000006a769daf8,0x00000006c3b00000)
 Metaspace       used 262295K, capacity 298186K, committed 298368K, reserved 1292288K
  class space    used 44976K, capacity 54646K, committed 54656K, reserved 1048576K
Event: 183.867 GC heap after
Heap after GC invocations=90 (full 7):
 PSYoungGen      total 1585152K, used 63671K [0x0000000742000000, 0x00000007bbb80000, 0x00000007c0000000)
  eden space 1174528K, 0% used [0x0000000742000000,0x0000000742000000,0x0000000789b00000)
  from space 410624K, 15% used [0x0000000789b00000,0x000000078d92dc08,0x00000007a2c00000)
  to   space 401920K, 0% used [0x00000007a3300000,0x00000007a3300000,0x00000007bbb80000)
 ParOldGen       total 2059264K, used 1598134K [0x0000000646000000, 0x00000006c3b00000, 0x0000000742000000)
  object space 2059264K, 77% used [0x0000000646000000,0x00000006a78adaf8,0x00000006c3b00000)
 Metaspace       used 262295K, capacity 298186K, committed 298368K, reserved 1292288K
  class space    used 44976K, capacity 54646K, committed 54656K, reserved 1048576K
}
Event: 192.715 GC heap before
{Heap before GC invocations=91 (full 7):
 PSYoungGen      total 1585152K, used 1238199K [0x0000000742000000, 0x00000007bbb80000, 0x00000007c0000000)
  eden space 1174528K, 100% used [0x0000000742000000,0x0000000789b00000,0x0000000789b00000)
  from space 410624K, 15% used [0x0000000789b00000,0x000000078d92dc08,0x00000007a2c00000)
  to   space 401920K, 0% used [0x00000007a3300000,0x00000007a3300000,0x00000007bbb80000)
 ParOldGen       total 2059264K, used 1598134K [0x0000000646000000, 0x00000006c3b00000, 0x0000000742000000)
  object space 2059264K, 77% used [0x0000000646000000,0x00000006a78adaf8,0x00000006c3b00000)
 Metaspace       used 262356K, capacity 298266K, committed 298368K, reserved 1292288K
  class space    used 44976K, capacity 54646K, committed 54656K, reserved 1048576K
Event: 192.743 GC heap after
Heap after GC invocations=91 (full 7):
 PSYoungGen      total 1566720K, used 65495K [0x0000000742000000, 0x00000007ba400000, 0x00000007c0000000)
  eden space 1188864K, 0% used [0x0000000742000000,0x0000000742000000,0x000000078a900000)
  from space 377856K, 17% used [0x00000007a3300000,0x00000007a72f5c08,0x00000007ba400000)
  to   space 390656K, 0% used [0x000000078a900000,0x000000078a900000,0x00000007a2680000)
 ParOldGen       total 2059264K, used 1601622K [0x0000000646000000, 0x00000006c3b00000, 0x0000000742000000)
  object space 2059264K, 77% used [0x0000000646000000,0x00000006a7c15af8,0x00000006c3b00000)
 Metaspace       used 262356K, capacity 298266K, committed 298368K, reserved 1292288K
  class space    used 44976K, capacity 54646K, committed 54656K, reserved 1048576K
}

Deoptimization events (10 events):
Event: 189.445 Thread 0x0000000002d84000 Uncommon trap: reason=unstable_if action=reinterpret pc=0x000000000af0c318 method=org.joml.Matrix4d.scaleGeneric(DDDLorg/joml/Matrix4d;)Lorg/joml/Matrix4d; @ 19
Event: 189.446 Thread 0x0000000002d84000 Uncommon trap: reason=unstable_if action=reinterpret pc=0x000000000ab32e8c method=org.joml.Matrix4d.scaleGeneric(DDDLorg/joml/Matrix4d;)Lorg/joml/Matrix4d; @ 19
Event: 195.397 Thread 0x0000000002d84000 Uncommon trap: reason=unstable_if action=reinterpret pc=0x000000000a66baa0 method=net.minecraft.block.AbstractBlock$AbstractBlockState.func_242698_a(Lnet/minecraft/world/IBlockReader;Lnet/minecraft/util/math/BlockPos;Lnet/minecraft/util/Direction;Lnet/mineRQ«žBåh@
Event: 199.164 Thread 0x0000000002d84000 Uncommon trap: reason=unstable_if action=reinterpret pc=0x000000000b722470 method=org.lwjgl.glfw.GLFW.glfwWindowShouldClose(J)Z @ 20
Event: 199.171 Thread 0x0000000036acd000 Uncommon trap: reason=unstable_if action=reinterpret pc=0x000000000b227a08 method=dev.tr7zw.entityculling.CullTask.run()V @ 7
Event: 199.198 Thread 0x0000000002d84000 Uncommon trap: reason=unstable_if action=reinterpret pc=0x000000000a45241c method=it.unimi.dsi.fastutil.ints.Int2ObjectOpenHashMap.values()Lit/unimi/dsi/fastutil/objects/ObjectCollection; @ 4
Event: 199.225 Thread 0x0000000002d84000 Uncommon trap: reason=unstable_if action=reinterpret pc=0x0000000008ce6eb0 method=net.minecraft.network.NetworkManager.func_150724_d()Z @ 16
Event: 199.227 Thread 0x0000000002d84000 Uncommon trap: reason=unstable_if action=reinterpret pc=0x000000000b5dd55c method=net.minecraft.client.renderer.GameRenderer.func_175070_n()Z @ 34
Event: 199.228 Thread 0x0000000002d84000 Uncommon trap: reason=unstable_if action=reinterpret pc=0x000000000b63d280 method=net.coderbot.iris.rendertarget.RenderTargets.resizeIfNeeded(IIIILnet/coderbot/iris/gl/texture/DepthBufferFormat;Lnet/coderbot/iris/shaderpack/PackDirectives;)Z @ 8
Event: 199.269 Thread 0x0000000002d84000 Uncommon trap: reason=null_check action=make_not_entrant pc=0x000000000a8ca90c method=net.diebuddies.physics.PhysicsMod.getInstance(Lnet/minecraft/world/World;)Lnet/diebuddies/physics/PhysicsMod; @ 9

Internal exceptions (10 events):
Event: 199.007 Thread 0x0000000002d84000 Exception <a 'java/lang/ArrayIndexOutOfBoundsException'> (0x0000000786ca2330) thrown at [C:\re\workspace\8-2-build-windows-amd64-cygwin\jdk8u51\3951\hotspot\src\share\vm\runtime\sharedRuntime.cpp, line 605]
Event: 199.007 Thread 0x0000000002d84000 Exception <a 'java/lang/ArrayIndexOutOfBoundsException'> (0x0000000786cac640) thrown at [C:\re\workspace\8-2-build-windows-amd64-cygwin\jdk8u51\3951\hotspot\src\share\vm\runtime\sharedRuntime.cpp, line 605]
Event: 199.007 Thread 0x0000000002d84000 Exception <a 'java/lang/ArrayIndexOutOfBoundsException'> (0x0000000786cb6830) thrown at [C:\re\workspace\8-2-build-windows-amd64-cygwin\jdk8u51\3951\hotspot\src\share\vm\runtime\sharedRuntime.cpp, line 605]
Event: 199.007 Thread 0x0000000002d84000 Exception <a 'java/lang/ArrayIndexOutOfBoundsException'> (0x0000000786cc0b20) thrown at [C:\re\workspace\8-2-build-windows-amd64-cygwin\jdk8u51\3951\hotspot\src\share\vm\runtime\sharedRuntime.cpp, line 605]
Event: 199.007 Thread 0x0000000002d84000 Exception <a 'java/lang/ArrayIndexOutOfBoundsException'> (0x0000000786ccae88) thrown at [C:\re\workspace\8-2-build-windows-amd64-cygwin\jdk8u51\3951\hotspot\src\share\vm\runtime\sharedRuntime.cpp, line 605]
Event: 199.007 Thread 0x0000000002d84000 Exception <a 'java/lang/ArrayIndexOutOfBoundsException'> (0x0000000786cd51d8) thrown at [C:\re\workspace\8-2-build-windows-amd64-cygwin\jdk8u51\3951\hotspot\src\share\vm\runtime\sharedRuntime.cpp, line 605]
Event: 199.221 Thread 0x0000000002d84000 Exception <a 'java/lang/IllegalArgumentException': Wrong type at constant pool index> (0x0000000787c2be88) thrown at [C:\re\workspace\8-2-build-windows-amd64-cygwin\jdk8u51\3951\hotspot\src\share\vm\prims\jvm.cpp, line 2143]
Event: 199.221 Thread 0x0000000002d84000 Exception <a 'java/lang/IllegalArgumentException': Wrong type at constant pool index> (0x0000000787c2cdd8) thrown at [C:\re\workspace\8-2-build-windows-amd64-cygwin\jdk8u51\3951\hotspot\src\share\vm\prims\jvm.cpp, line 2143]
Event: 199.221 Thread 0x0000000002d84000 Exception <a 'java/lang/IllegalArgumentException': Wrong type at constant pool index> (0x0000000787c4a758) thrown at [C:\re\workspace\8-2-build-windows-amd64-cygwin\jdk8u51\3951\hotspot\src\share\vm\prims\jvm.cpp, line 2143]
Event: 199.269 Thread 0x0000000002d84000 Implicit null exception at 0x000000000a8c6031 to 0x000000000a8ca8e5

Events (10 events):
Event: 199.228 Thread 0x0000000002d84000 Uncommon trap: trap_request=0xffffff65 fr.pc=0x000000000b63d280
Event: 199.228 Thread 0x0000000002d84000 DEOPT PACKING pc=0x000000000b63d280 sp=0x0000000002d7dc90
Event: 199.228 Thread 0x0000000002d84000 DEOPT UNPACKING pc=0x0000000002ec582a sp=0x0000000002d7db58 mode 2
Event: 199.269 Thread 0x0000000002d84000 Uncommon trap: trap_request=0xfffffff4 fr.pc=0x000000000a8ca90c
Event: 199.269 Thread 0x0000000002d84000 DEOPT PACKING pc=0x000000000a8ca90c sp=0x0000000002d7dae0
Event: 199.269 Thread 0x0000000002d84000 DEOPT UNPACKING pc=0x0000000002ec582a sp=0x0000000002d7da40 mode 2
Event: 199.271 Thread 0x0000000034a46000 Thread exited: 0x0000000034a46000
Event: 199.271 Executing VM operation: RevokeBias
Event: 199.271 Executing VM operation: RevokeBias done
Event: 199.271 Thread 0x000000003bbcd000 Thread exited: 0x000000003bbcd000


Dynamic libraries:
0x00007ff75c710000 - 0x00007ff75c747000 	C:\Games\CurseForge\Minecraft\Install\runtime\jre-legacy\windows-x64\jre-legacy\bin\javaw.exe
0x00007ffa4ced0000 - 0x00007ffa4d0c8000 	C:\Windows\SYSTEM32\ntdll.dll
0x00007ffa4bde0000 - 0x00007ffa4be9d000 	C:\Windows\System32\KERNEL32.DLL
0x00007ffa4a640000 - 0x00007ffa4a90e000 	C:\Windows\System32\KERNELBASE.dll
0x00007ffa4c090000 - 0x00007ffa4c13e000 	C:\Windows\System32\ADVAPI32.dll
0x00007ffa4b720000 - 0x00007ffa4b7be000 	C:\Windows\System32\msvcrt.dll
0x00007ffa4af30000 - 0x00007ffa4afcc000 	C:\Windows\System32\sechost.dll
0x00007ffa4b7c0000 - 0x00007ffa4b8e5000 	C:\Windows\System32\RPCRT4.dll
0x00007ffa4c790000 - 0x00007ffa4c930000 	C:\Windows\System32\USER32.dll
0x00007ffa4ac20000 - 0x00007ffa4ac42000 	C:\Windows\System32\win32u.dll
0x00007ffa4bac0000 - 0x00007ffa4baea000 	C:\Windows\System32\GDI32.dll
0x00007ffa4a910000 - 0x00007ffa4aa1b000 	C:\Windows\System32\gdi32full.dll
0x00007ffa4aa20000 - 0x00007ffa4aabd000 	C:\Windows\System32\msvcp_win.dll
0x00007ffa4ada0000 - 0x00007ffa4aea0000 	C:\Windows\System32\ucrtbase.dll
0x00007ffa38620000 - 0x00007ffa388ba000 	C:\Windows\WinSxS\amd64_microsoft.windows.common-controls_6595b64144ccf1df_6.0.19041.1110_none_60b5254171f9507e\COMCTL32.dll
0x00007ffa4b8f0000 - 0x00007ffa4b920000 	C:\Windows\System32\IMM32.DLL
0x000000005a720000 - 0x000000005a7f2000 	C:\Games\CurseForge\Minecraft\Install\runtime\jre-legacy\windows-x64\jre-legacy\bin\msvcr100.dll
0x0000000059920000 - 0x000000005a1a3000 	C:\Games\CurseForge\Minecraft\Install\runtime\jre-legacy\windows-x64\jre-legacy\bin\server\jvm.dll
0x00007ffa4bdd0000 - 0x00007ffa4bdd8000 	C:\Windows\System32\PSAPI.DLL
0x00007ffa3dc30000 - 0x00007ffa3dc3a000 	C:\Windows\SYSTEM32\VERSION.dll
0x00007ffa14170000 - 0x00007ffa14179000 	C:\Windows\SYSTEM32\WSOCK32.dll
0x00007ffa3bef0000 - 0x00007ffa3bf17000 	C:\Windows\SYSTEM32\WINMM.dll
0x00007ffa4bf00000 - 0x00007ffa4bf6b000 	C:\Windows\System32\WS2_32.dll
0x000000005a710000 - 0x000000005a71f000 	C:\Games\CurseForge\Minecraft\Install\runtime\jre-legacy\windows-x64\jre-legacy\bin\verify.dll
0x000000005a6e0000 - 0x000000005a709000 	C:\Games\CurseForge\Minecraft\Install\runtime\jre-legacy\windows-x64\jre-legacy\bin\java.dll
0x000000005a6c0000 - 0x000000005a6d6000 	C:\Games\CurseForge\Minecraft\Install\runtime\jre-legacy\windows-x64\jre-legacy\bin\zip.dll
0x00007ffa4afd0000 - 0x00007ffa4b714000 	C:\Windows\System32\SHELL32.dll
0x00007ffa48180000 - 0x00007ffa48914000 	C:\Windows\SYSTEM32\windows.storage.dll
0x00007ffa4c430000 - 0x00007ffa4c784000 	C:\Windows\System32\combase.dll
0x00007ffa4a050000 - 0x00007ffa4a080000 	C:\Windows\SYSTEM32\Wldp.dll
0x00007ffa4ba10000 - 0x00007ffa4babd000 	C:\Windows\System32\SHCORE.dll
0x00007ffa4b9b0000 - 0x00007ffa4ba05000 	C:\Windows\System32\shlwapi.dll
0x00007ffa4a530000 - 0x00007ffa4a54f000 	C:\Windows\SYSTEM32\profapi.dll
0x000000005a6b0000 - 0x000000005a6bd000 	C:\Games\CurseForge\Minecraft\Install\runtime\jre-legacy\windows-x64\jre-legacy\bin\management.dll
0x000000005a690000 - 0x000000005a6aa000 	C:\Games\CurseForge\Minecraft\Install\runtime\jre-legacy\windows-x64\jre-legacy\bin\net.dll
0x00007ffa49db0000 - 0x00007ffa49e1a000 	C:\Windows\system32\mswsock.dll
0x00007ffa05e60000 - 0x00007ffa05e77000 	C:\Windows\system32\napinsp.dll
0x00007ffa05e40000 - 0x00007ffa05e5b000 	C:\Windows\system32\pnrpnsp.dll
0x00007ffa45430000 - 0x00007ffa45445000 	C:\Windows\system32\wshbth.dll
0x00007ffa459f0000 - 0x00007ffa45a0d000 	C:\Windows\system32\NLAapi.dll
0x00007ffa49a50000 - 0x00007ffa49a8b000 	C:\Windows\SYSTEM32\IPHLPAPI.DLL
0x00007ffa49a90000 - 0x00007ffa49b5b000 	C:\Windows\SYSTEM32\DNSAPI.dll
0x00007ffa4bdc0000 - 0x00007ffa4bdc8000 	C:\Windows\System32\NSI.dll
0x00007ffa05e20000 - 0x00007ffa05e32000 	C:\Windows\System32\winrnr.dll
0x00007ffa43080000 - 0x00007ffa4308a000 	C:\Windows\System32\rasadhlp.dll
0x00007ffa3b240000 - 0x00007ffa3b2c0000 	C:\Windows\System32\fwpuclnt.dll
0x00007ffa4ad00000 - 0x00007ffa4ad27000 	C:\Windows\System32\bcrypt.dll
0x000000005a670000 - 0x000000005a681000 	C:\Games\CurseForge\Minecraft\Install\runtime\jre-legacy\windows-x64\jre-legacy\bin\nio.dll
0x000000005a640000 - 0x000000005a664000 	C:\Games\CurseForge\Minecraft\Install\runtime\jre-legacy\windows-x64\jre-legacy\bin\sunec.dll
0x00007ffa49fa0000 - 0x00007ffa49fb8000 	C:\Windows\SYSTEM32\CRYPTSP.dll
0x00007ffa496c0000 - 0x00007ffa496f4000 	C:\Windows\system32\rsaenh.dll
0x00007ffa4a4f0000 - 0x00007ffa4a51e000 	C:\Windows\SYSTEM32\USERENV.dll
0x00007ffa4aea0000 - 0x00007ffa4af22000 	C:\Windows\System32\bcryptprimitives.dll
0x00007ffa49fc0000 - 0x00007ffa49fcc000 	C:\Windows\SYSTEM32\CRYPTBASE.dll
0x00007ffa3f6d0000 - 0x00007ffa3f6e7000 	C:\Windows\SYSTEM32\dhcpcsvc6.DLL
0x00007ffa41400000 - 0x00007ffa4141d000 	C:\Windows\SYSTEM32\dhcpcsvc.DLL
0x00007ffa26cc0000 - 0x00007ffa26d32000 	C:\Games\CurseForge\Minecraft\Install\bin\a9df0ea5baea7f084f05425a59f37203022f1291\lwjgl.dll
0x00007ffa1b250000 - 0x00007ffa1b4a1000 	C:\Games\CurseForge\Minecraft\Install\bin\a9df0ea5baea7f084f05425a59f37203022f1291\jemalloc.dll
0x00007ffa26c60000 - 0x00007ffa26cbe000 	C:\Games\CurseForge\Minecraft\Install\bin\a9df0ea5baea7f084f05425a59f37203022f1291\glfw.dll
0x00007ffa46f30000 - 0x00007ffa46fce000 	C:\Windows\system32\uxtheme.dll
0x00007ff9c6e40000 - 0x00007ff9c6e85000 	C:\Windows\SYSTEM32\dinput8.dll
0x00007ff9d5b10000 - 0x00007ff9d5b21000 	C:\Windows\SYSTEM32\xinput1_4.dll
0x00007ffa4a5f0000 - 0x00007ffa4a63e000 	C:\Windows\System32\cfgmgr32.dll
0x00007ffa4a3a0000 - 0x00007ffa4a3cc000 	C:\Windows\SYSTEM32\DEVOBJ.dll
0x00007ffa47520000 - 0x00007ffa4754f000 	C:\Windows\SYSTEM32\dwmapi.dll
0x00007ffa2c650000 - 0x00007ffa2c7a2000 	C:\Windows\SYSTEM32\inputhost.dll
0x00007ffa4cda0000 - 0x00007ffa4ce6d000 	C:\Windows\System32\OLEAUT32.dll
0x00007ffa46100000 - 0x00007ffa46254000 	C:\Windows\SYSTEM32\wintypes.dll
0x00007ffa45870000 - 0x00007ffa45966000 	C:\Windows\SYSTEM32\PROPSYS.dll
0x00007ffa46d10000 - 0x00007ffa46e02000 	C:\Windows\SYSTEM32\CoreMessaging.dll
0x00007ffa468b0000 - 0x00007ffa46c0e000 	C:\Windows\SYSTEM32\CoreUIComponents.dll
0x00007ffa492e0000 - 0x00007ffa49313000 	C:\Windows\SYSTEM32\ntmarta.dll
0x00007ffa48ea0000 - 0x00007ffa48eb2000 	C:\Windows\SYSTEM32\kernel.appcore.dll
0x00007ff9c7840000 - 0x00007ff9c7978000 	C:\ProgramData\A-Volute\A-Volute.Nahimic\Modules\Scheduled\x64\AudioDevProps2.dll
0x00007ffa4bc90000 - 0x00007ffa4bdba000 	C:\Windows\System32\ole32.dll
0x00007ff9d4d20000 - 0x00007ff9d4e73000 	C:\Program Files (x86)\Stardock\Fences\FencesMenu64.dll
0x00007ffa45410000 - 0x00007ffa45424000 	C:\Windows\SYSTEM32\WTSAPI32.dll
0x00007ffa39ad0000 - 0x00007ffa39c75000 	C:\Windows\WinSxS\amd64_microsoft.windows.gdiplus_6595b64144ccf1df_1.1.19041.1706_none_919e8e54cc8d4ca1\gdiplus.dll
0x00007ffa13b70000 - 0x00007ffa13c88000 	C:\Program Files (x86)\Stardock\Groupy\groupy_64.dll
0x00007ffa4baf0000 - 0x00007ffa4bc05000 	C:\Windows\System32\MSCTF.dll
0x00007ffa489e0000 - 0x00007ffa489ed000 	C:\Windows\SYSTEM32\HID.DLL
0x00007ffa4c930000 - 0x00007ffa4cd9f000 	C:\Windows\System32\SETUPAPI.DLL
0x00007ffa4ad30000 - 0x00007ffa4ad97000 	C:\Windows\System32\WINTRUST.dll
0x00007ffa4aac0000 - 0x00007ffa4ac16000 	C:\Windows\System32\CRYPT32.dll
0x00007ffa4a1e0000 - 0x00007ffa4a1f2000 	C:\Windows\SYSTEM32\MSASN1.dll
0x00007ff9d3e30000 - 0x00007ff9d3f57000 	C:\Windows\SYSTEM32\opengl32.dll
0x00007ff9d5ac0000 - 0x00007ff9d5aec000 	C:\Windows\SYSTEM32\GLU32.dll
0x00007ffa4bf70000 - 0x00007ffa4c019000 	C:\Windows\System32\clbcatq.dll
0x00007ff9b3b60000 - 0x00007ff9b6d19000 	C:\Windows\System32\DriverStore\FileRepository\nvlt.inf_amd64_e7d8c0512da64e7d\nvoglv64.dll
0x00007ffa3dbd0000 - 0x00007ffa3dc01000 	C:\Windows\SYSTEM32\cryptnet.dll
0x00007ffa3da30000 - 0x00007ffa3db78000 	C:\Windows\SYSTEM32\drvstore.dll
0x00007ffa3db80000 - 0x00007ffa3dbbb000 	C:\Windows\SYSTEM32\dxcore.dll
0x00007ffa156f0000 - 0x00007ffa159c1000 	C:\Windows\system32\nvspcap64.dll
0x00007ffa49bc0000 - 0x00007ffa49c0b000 	C:\Windows\SYSTEM32\powrprof.dll
0x00007ffa49a30000 - 0x00007ffa49a42000 	C:\Windows\SYSTEM32\UMPDC.dll
0x00007ffa49390000 - 0x00007ffa493ea000 	C:\Windows\SYSTEM32\WINSTA.dll
0x00007ffa26be0000 - 0x00007ffa26c5f000 	C:\Games\CurseForge\Minecraft\Install\bin\a9df0ea5baea7f084f05425a59f37203022f1291\lwjgl_stb.dll
0x00007ffa44530000 - 0x00007ffa445de000 	C:\Windows\SYSTEM32\mscms.dll
0x00007ffa44510000 - 0x00007ffa44521000 	C:\Windows\SYSTEM32\ColorAdapterClient.dll
0x00007ffa3ec60000 - 0x00007ffa3eca3000 	C:\Windows\SYSTEM32\icm32.dll
0x00007ffa2bc00000 - 0x00007ffa2bcf9000 	C:\Windows\SYSTEM32\textinputframework.dll
0x00007ffa3b0e0000 - 0x00007ffa3b146000 	C:\Windows\system32\Oleacc.dll
0x00007ffa20a20000 - 0x00007ffa20a78000 	C:\Games\CurseForge\Minecraft\Install\bin\a9df0ea5baea7f084f05425a59f37203022f1291\lwjgl_opengl.dll
0x00007ffa1f890000 - 0x00007ffa1f8d2000 	C:\Users\NukelordBrown\AppData\Local\Temp\jna--1590639904\jna4535549095082547531.dll
0x000000005a630000 - 0x000000005a63c000 	C:\Games\CurseForge\Minecraft\Install\runtime\jre-legacy\windows-x64\jre-legacy\bin\jsound.dll
0x000000005a620000 - 0x000000005a62b000 	C:\Games\CurseForge\Minecraft\Install\runtime\jre-legacy\windows-x64\jre-legacy\bin\jsoundds.dll
0x00007ffa32860000 - 0x00007ffa328fc000 	C:\Windows\SYSTEM32\DSOUND.dll
0x00007ffa32ab0000 - 0x00007ffa32ad6000 	C:\Windows\SYSTEM32\winmmbase.dll
0x00007ffa43b00000 - 0x00007ffa43b85000 	C:\Windows\SYSTEM32\MMDevAPI.DLL
0x00007ff9c7a50000 - 0x00007ff9c7a96000 	C:\Windows\SYSTEM32\wdmaud.drv
0x00007ffa43650000 - 0x00007ffa43659000 	C:\Windows\SYSTEM32\ksuser.dll
0x00007ffa48e50000 - 0x00007ffa48e5a000 	C:\Windows\SYSTEM32\AVRT.dll
0x00007ffa44020000 - 0x00007ffa441a2000 	C:\Windows\SYSTEM32\AUDIOSES.DLL
0x00007ff9d3920000 - 0x00007ff9d392d000 	C:\Windows\SYSTEM32\msacm32.drv
0x00007ff9d9570000 - 0x00007ff9d958e000 	C:\Windows\SYSTEM32\MSACM32.dll
0x00007ff9d3910000 - 0x00007ff9d391b000 	C:\Windows\SYSTEM32\midimap.dll
0x00007ffa15200000 - 0x00007ffa15466000 	C:\Users\NukelordBrown\AppData\Local\Temp\de.fabmax.physx-jni\0.4.15\PhysX_64.dll
0x00007ffa1c1d0000 - 0x00007ffa1c3a7000 	C:\Users\NukelordBrown\AppData\Local\Temp\de.fabmax.physx-jni\0.4.15\PhysXCommon_64.dll
0x00007ffa197c0000 - 0x00007ffa1986a000 	C:\Users\NukelordBrown\AppData\Local\Temp\de.fabmax.physx-jni\0.4.15\PhysXCooking_64.dll
0x00007ffa19720000 - 0x00007ffa197b1000 	C:\Users\NukelordBrown\AppData\Local\Temp\de.fabmax.physx-jni\0.4.15\PhysXFoundation_64.dll
0x00007ffa04a70000 - 0x00007ffa04c74000 	C:\Users\NukelordBrown\AppData\Local\Temp\de.fabmax.physx-jni\0.4.15\PhysXJniBindings_64.dll
0x00007ff9c97a0000 - 0x00007ff9c9807000 	C:\ProgramData\A-Volute\A-Volute.Nahimic\Modules\Scheduled\x64\ProductInfo.dll
0x00007ff9b7480000 - 0x00007ff9b74c3000 	C:\ProgramData\A-Volute\A-Volute.Nahimic\Modules\Scheduled\x64\ASM.Plugin.AudioDevProps2.dll
0x000000005a480000 - 0x000000005a618000 	C:\Games\CurseForge\Minecraft\Install\runtime\jre-legacy\windows-x64\jre-legacy\bin\awt.dll
0x00007ffa46e40000 - 0x00007ffa46ed0000 	C:\Windows\SYSTEM32\apphelp.dll
0x00007ffa47280000 - 0x00007ffa47294000 	C:\Windows\SYSTEM32\resourcepolicyclient.dll
0x00007ffa19680000 - 0x00007ffa1971c000 	C:\Users\NUKELO~1\AppData\Local\Temp\jna--1590639904\jna1470238511153631923.dll
0x00007ffa21ff0000 - 0x00007ffa22131000 	C:\Windows\System32\Windows.UI.dll

VM Arguments:
jvm_args: -XX:HeapDumpPath=MojangTricksIntelDriversForPerformance_javaw.exe_minecraft.exe.heapdump -Dos.name=Windows 10 -Dos.version=10.0 -Xss1M -Djava.library.path=C:\Games\CurseForge\Minecraft\Install\bin\a9df0ea5baea7f084f05425a59f37203022f1291 -Dminecraft.launcher.brand=minecraft-launcher -Dminecraft.launcher.version=2.4.39 -Xmx6048m -Xms256m -Dminecraft.applet.TargetDirectory=C:\Games\CurseForge\Minecraft\Instances\Blood-N-Wine-2 -Dfml.ignorePatchDiscrepancies=true -Dfml.ignoreInvalidMinecraftCertificates=true -Duser.language=en -Duser.country=US -Dlog4j.configurationFile=C:\Games\CurseForge\Minecraft\Install\assets\log_configs\client-1.12.xml 
java_command: cpw.mods.modlauncher.Launcher --username Nukelord420 --version forge-36.2.35 --gameDir C:\Games\CurseForge\Minecraft\Instances\Blood-N-Wine-2 --assetsDir C:\Games\CurseForge\Minecraft\Install\assets --assetIndex 1.16 --uuid 29e423c126c942d89e776772bd06df02 --accessToken eyJraWQiOiJhYzg0YSIsImFsZyI6IkhTMjU2In0.eyJ4dWlkIjoiMjUzNTQyODE5MjM2MjEyNiIsImFnZyI6IkFkdWx0Iiwic3ViIjoiZmNhNGVlNjItYzI4Zi00NzI0LWJkZTktNGU3ZDBiYWQ0ODBjIiwiYXV0aCI6IlhCT1giLCJucyI6ImRlZmF1bHQiLCJyb2xlcyI6W10sImlzcyI6ImF1dGhlbnRpY2F0aW9uIiwicGxhdGZvcm0iOiJQQ19MQVVOQ0hFUiIsInl1aWQiOiI3YTRkMzAxOTgyNzg0NmNjYjZjZDdjZjg4Njc0OWMwZSIsIm5iZiI6MTY4MjY1NzA2NCwiZXhwIjoxNjgyNzQzNDY0LCJpYXQiOjE2ODI2NTcwNjR9.KpcYptrRIObg14h7Kd-lVRer5u23iM-dOJ7k5nsoOGk --userType msa --versionType release --width 1024 --height 768 --launchTarget fmlclient --fml.forgeVersion 36.2.35 --fml.mcVersion 1.16.5 --fml.forgeGroup net.minecraftforge --fml.mcpVersion 20210115.111550
java_class_path (initial): C:\Games\CurseForge\Minecraft\Install\libraries\net\minecraftforge\forge\1.16.5-36.2.35\forge-1.16.5-36.2.35.jar;C:\Games\CurseForge\Minecraft\Install\libraries\org\ow2\asm\asm\9.1\asm-9.1.jar;C:\Games\CurseForge\Minecraft\Install\libraries\org\ow2\asm\asm-commons\9.1\asm-commons-9.1.jar;C:\Games\CurseForge\Minecraft\Install\libraries\org\ow2\asm\asm-tree\9.1\asm-tree-9.1.jar;C:\Games\CurseForge\Minecraft\Install\libraries\org\ow2\asm\asm-util\9.1\asm-util-9.1.jar;C:\Games\CurseForge\Minecraft\Install\libraries\org\ow2\asm\asm-analysis\9.1\asm-analysis-9.1.jar;C:\Games\CurseForge\Minecraft\Install\libraries\cpw\mods\modlauncher\8.1.3\modlauncher-8.1.3.jar;C:\Games\CurseForge\Minecraft\Install\libraries\cpw\mods\grossjava9hacks\1.3.3\grossjava9hacks-1.3.3.jar;C:\Games\CurseForge\Minecraft\Install\libraries\net\minecraftforge\accesstransformers\3.0.1\accesstransformers-3.0.1.jar;C:\Games\CurseForge\Minecraft\Install\libraries\org\antlr\antlr4-runtime\4.9.1\antlr4-runtime-4.9.1.jar;C:\Games\CurseForge\Minecraft\Install\libraries\net\minecraftforge\eventbus\4.0.0\eventbus-4.0.0.jar;C:\Games\CurseForge\Minecraft\Install\libraries\net\minecraftforge\forgespi\3.2.0\forgespi-3.2.0.jar;C:\Games\CurseForge\Minecraft\Install\libraries\net\minecraftforge\coremods\4.0.6\coremods-4.0.6.jar;C:\Games\CurseForge\Minecraft\Install\libraries\net\minecraftforge\unsafe\0.2.0\unsafe-0.2.0.jar;C:\Games\CurseForge\Minecraft\Install\libraries\com\electronwill\night-config\core\3.6.3\core-3.6.3.jar;C:\Games\CurseForge\Minecraft\Install\libraries\com\electronwill\night-config\toml\3.6.3\toml-3.6.3.jar;C:\Games\CurseForge\Minecraft\Install\libraries\org\jline\jline\3.12.1\jline-3.12.1.jar;C:\Games\CurseForge\Minecraft\Install\libraries\org\apache\maven\maven-artifact\3.6.3\maven-artifact-3.6.3.jar;C:\Games\CurseForge\Minecraft\Install\libraries\net\jodah\typetools\0.8.3\typetools-0.8.3.jar;C:\Games\CurseForge\Minecraft\Install\libraries\org\apache\logging\log4j\log
Launcher Type: SUN_STANDARD

Environment Variables:
PATH=C:\VulkanSDK\1.3.236.0\Bin;C:\Program Files (x86)\Razer Chroma SDK\bin;C:\Program Files\Razer Chroma SDK\bin;C:\Program Files\Common Files\Oracle\Java\javapath;C:\Program Files (x86)\Common Files\Oracle\Java\javapath;C:\Program Files (x86)\Razer\ChromaBroadcast\bin;C:\Program Files\Razer\ChromaBroadcast\bin;C:\Windows\system32;C:\Windows;C:\Windows\System32\Wbem;C:\Windows\System32\WindowsPowerShell\v1.0\;C:\Windows\System32\OpenSSH\;C:\Program Files (x86)\NVIDIA Corporation\PhysX\Common;C:\Program Files\NVIDIA Corporation\NVIDIA NvDLISR;C:\Program Files\PuTTY\;C:\Windows\system32\config\systemprofile\AppData\Local\Microsoft\WindowsApps;C:\Program Files\dotnet\;C:\Program Files\Common Files\Autodesk Shared\;C:\Program Files\Microsoft SQL Server\120\Tools\Binn\;G:\Bethesda-Game-Modding-Tools\Ruby26-x64\bin;C:\Users\NukelordBrown\AppData\Local\Programs\Python\Python310\Scripts\;C:\Users\NukelordBrown\AppData\Local\Programs\Python\Python310\;C:\Users\NukelordBrown\AppData\Local\Microsoft\WindowsApps;C:\Users\NukelordBrown\AppData\Local\Programs\Microsoft VS Code\bin;C:\Users\NukelordBrown\.dotnet\tools;C:\Users\NukelordBrown\AppData\Local\GitHubDesktop\bin;C:\Program Files\Perforce\;C:\Program Files\Git\cmd;G:\Bethesda-Game-Modding-Tools\Ruby26-x64\bin;C:\Users\NukelordBrown\AppData\Local\Programs\Python\Python310\Scripts\;C:\Users\NukelordBrown\AppData\Local\Programs\Python\Python310\;C:\Users\NukelordBrown\AppData\Local\Microsoft\WindowsApps;C:\Users\NukelordBrown\AppData\Local\Programs\Microsoft VS Code\bin;C:\Users\NukelordBrown\.dotnet\tools;C:\Users\NukelordBrown\AppData\Local\GitHubDesktop\bin
USERNAME=NukelordBrown
OS=Windows_NT
PROCESSOR_IDENTIFIER=AMD64 Family 25 Model 80 Stepping 0, AuthenticAMD



---------------  S Y S T E M  ---------------

OS: Windows 10.0 , 64 bit Build 19041 (10.0.19041.1806)

CPU:total 16 (16 cores per cpu, 1 threads per core) family 25 model 80 stepping 0, cmov, cx8, fxsr, mmx, sse, sse2, sse3, ssse3, sse4.1, sse4.2, popcnt, avx, avx2, aes, clmul, erms, mmxext, 3dnowpref, lzcnt, sse4a, tsc, tscinvbit, tscinv, bmi1

Memory: 4k page, physical 33402940k(13997672k free), swap 43364412k(14269240k free)

vm_info: Java HotSpot(TM) 64-Bit Server VM (25.51-b03) for windows-amd64 JRE (1.8.0_51-b16), built on Jun  8 2015 18:03:07 by "java_re" with MS VC++ 10.0 (VS2010)

time: Thu Apr 27 21:47:49 2023
elapsed time: 199 seconds (0d 0h 3m 19s)

