[2022-11-06 19:29:36] [modloading-worker-0/INFO] [aT] 
[2022-11-06 19:29:36] [modloading-worker-0/INFO] [aT] ******************************************************************************************
[2022-11-06 19:29:36] [modloading-worker-0/INFO] [aT] 
[2022-11-06 19:29:36] [modloading-worker-0/INFO] [aT] WorldEdit CUI Forge Edition 3 version 3.0.9 for Minecraft 1.16.5
[2022-11-06 19:29:36] [modloading-worker-0/INFO] [aT] Built with forge 36.0.13
[2022-11-06 19:29:36] [modloading-worker-0/INFO] [aT] 
[2022-11-06 19:29:36] [modloading-worker-0/INFO] [aT] Environment :
[2022-11-06 19:29:36] [modloading-worker-0/INFO] [aT] 		 OS :Windows 10 (amd64) 
[2022-11-06 19:29:36] [modloading-worker-0/INFO] [aT] 		 Java: 1.8.0_51
[2022-11-06 19:29:36] [modloading-worker-0/INFO] [aT] 		 Language :US_en
[2022-11-06 19:29:36] [modloading-worker-0/INFO] [aT] 
[2022-11-06 19:29:36] [modloading-worker-0/INFO] [aT] ******************************************************************************************
[2022-11-06 19:29:36] [modloading-worker-0/INFO] [aT] 
[2022-11-06 19:29:36] [modloading-worker-0/INFO] [a] WorldEdit CUI Forge Edition 3 is loading ...
[2022-11-06 19:31:11] [modloading-worker-1/INFO] [aT] 
[2022-11-06 19:31:11] [modloading-worker-1/INFO] [aT] ******************************************************************************************
[2022-11-06 19:31:11] [modloading-worker-1/INFO] [aT] 
[2022-11-06 19:31:11] [modloading-worker-1/INFO] [aT] WorldEdit CUI Forge Edition 3 version 3.0.9 for Minecraft 1.16.5
[2022-11-06 19:31:11] [modloading-worker-1/INFO] [aT] Built with forge 36.0.13
[2022-11-06 19:31:11] [modloading-worker-1/INFO] [aT] 
[2022-11-06 19:31:11] [modloading-worker-1/INFO] [aT] Environment :
[2022-11-06 19:31:11] [modloading-worker-1/INFO] [aT] 		 OS :Windows 10 (amd64) 
[2022-11-06 19:31:11] [modloading-worker-1/INFO] [aT] 		 Java: 1.8.0_51
[2022-11-06 19:31:11] [modloading-worker-1/INFO] [aT] 		 Language :US_en
[2022-11-06 19:31:11] [modloading-worker-1/INFO] [aT] 
[2022-11-06 19:31:11] [modloading-worker-1/INFO] [aT] ******************************************************************************************
[2022-11-06 19:31:11] [modloading-worker-1/INFO] [aT] 
[2022-11-06 19:31:11] [modloading-worker-1/INFO] [a] WorldEdit CUI Forge Edition 3 is loading ...
[2022-11-06 19:32:06] [modloading-worker-1/INFO] [aT] 
[2022-11-06 19:32:06] [modloading-worker-1/INFO] [aT] ******************************************************************************************
[2022-11-06 19:32:06] [modloading-worker-1/INFO] [aT] 
[2022-11-06 19:32:06] [modloading-worker-1/INFO] [aT] WorldEdit CUI Forge Edition 3 version 3.0.9 for Minecraft 1.16.5
[2022-11-06 19:32:06] [modloading-worker-1/INFO] [aT] Built with forge 36.0.13
[2022-11-06 19:32:06] [modloading-worker-1/INFO] [aT] 
[2022-11-06 19:32:06] [modloading-worker-1/INFO] [aT] Environment :
[2022-11-06 19:32:06] [modloading-worker-1/INFO] [aT] 		 OS :Windows 10 (amd64) 
[2022-11-06 19:32:06] [modloading-worker-1/INFO] [aT] 		 Java: 1.8.0_51
[2022-11-06 19:32:06] [modloading-worker-1/INFO] [aT] 		 Language :US_en
[2022-11-06 19:32:06] [modloading-worker-1/INFO] [aT] 
[2022-11-06 19:32:06] [modloading-worker-1/INFO] [aT] ******************************************************************************************
[2022-11-06 19:32:06] [modloading-worker-1/INFO] [aT] 
[2022-11-06 19:32:06] [modloading-worker-1/INFO] [a] WorldEdit CUI Forge Edition 3 is loading ...
[2022-11-06 19:37:28] [modloading-worker-2/INFO] [aT] 
[2022-11-06 19:37:28] [modloading-worker-2/INFO] [aT] ******************************************************************************************
[2022-11-06 19:37:28] [modloading-worker-2/INFO] [aT] 
[2022-11-06 19:37:28] [modloading-worker-2/INFO] [aT] WorldEdit CUI Forge Edition 3 version 3.0.9 for Minecraft 1.16.5
[2022-11-06 19:37:28] [modloading-worker-2/INFO] [aT] Built with forge 36.0.13
[2022-11-06 19:37:28] [modloading-worker-2/INFO] [aT] 
[2022-11-06 19:37:28] [modloading-worker-2/INFO] [aT] Environment :
[2022-11-06 19:37:28] [modloading-worker-2/INFO] [aT] 		 OS :Windows 10 (amd64) 
[2022-11-06 19:37:28] [modloading-worker-2/INFO] [aT] 		 Java: 1.8.0_51
[2022-11-06 19:37:28] [modloading-worker-2/INFO] [aT] 		 Language :US_en
[2022-11-06 19:37:28] [modloading-worker-2/INFO] [aT] 
[2022-11-06 19:37:28] [modloading-worker-2/INFO] [aT] ******************************************************************************************
[2022-11-06 19:37:28] [modloading-worker-2/INFO] [aT] 
[2022-11-06 19:37:28] [modloading-worker-2/INFO] [a] WorldEdit CUI Forge Edition 3 is loading ...
[2022-11-06 20:00:10] [modloading-worker-13/INFO] [aT] 
[2022-11-06 20:00:10] [modloading-worker-13/INFO] [aT] ******************************************************************************************
[2022-11-06 20:00:10] [modloading-worker-13/INFO] [aT] 
[2022-11-06 20:00:10] [modloading-worker-13/INFO] [aT] WorldEdit CUI Forge Edition 3 version 3.0.9 for Minecraft 1.16.5
[2022-11-06 20:00:10] [modloading-worker-13/INFO] [aT] Built with forge 36.0.13
[2022-11-06 20:00:10] [modloading-worker-13/INFO] [aT] 
[2022-11-06 20:00:10] [modloading-worker-13/INFO] [aT] Environment :
[2022-11-06 20:00:10] [modloading-worker-13/INFO] [aT] 		 OS :Windows 10 (amd64) 
[2022-11-06 20:00:10] [modloading-worker-13/INFO] [aT] 		 Java: 1.8.0_51
[2022-11-06 20:00:10] [modloading-worker-13/INFO] [aT] 		 Language :US_en
[2022-11-06 20:00:10] [modloading-worker-13/INFO] [aT] 
[2022-11-06 20:00:10] [modloading-worker-13/INFO] [aT] ******************************************************************************************
[2022-11-06 20:00:10] [modloading-worker-13/INFO] [aT] 
[2022-11-06 20:00:10] [modloading-worker-13/INFO] [a] WorldEdit CUI Forge Edition 3 is loading ...
[2022-11-06 21:39:28] [modloading-worker-10/INFO] [aT] 
[2022-11-06 21:39:28] [modloading-worker-10/INFO] [aT] ******************************************************************************************
[2022-11-06 21:39:28] [modloading-worker-10/INFO] [aT] 
[2022-11-06 21:39:28] [modloading-worker-10/INFO] [aT] WorldEdit CUI Forge Edition 3 version 3.0.9 for Minecraft 1.16.5
[2022-11-06 21:39:28] [modloading-worker-10/INFO] [aT] Built with forge 36.0.13
[2022-11-06 21:39:28] [modloading-worker-10/INFO] [aT] 
[2022-11-06 21:39:28] [modloading-worker-10/INFO] [aT] Environment :
[2022-11-06 21:39:28] [modloading-worker-10/INFO] [aT] 		 OS :Windows 10 (amd64) 
[2022-11-06 21:39:28] [modloading-worker-10/INFO] [aT] 		 Java: 1.8.0_51
[2022-11-06 21:39:28] [modloading-worker-10/INFO] [aT] 		 Language :US_en
[2022-11-06 21:39:28] [modloading-worker-10/INFO] [aT] 
[2022-11-06 21:39:28] [modloading-worker-10/INFO] [aT] ******************************************************************************************
[2022-11-06 21:39:28] [modloading-worker-10/INFO] [aT] 
[2022-11-06 21:39:28] [modloading-worker-10/INFO] [a] WorldEdit CUI Forge Edition 3 is loading ...
